Using device #0: CUDA Device 'Tesla P100-SXM2-16GB'
  Sample 0...
Starting computation...
    Writing took     11.906751 ms
    Computation took 418.694820 ms
    Reading took     472.324000 us
  Sample 1...
Starting computation...
    Writing took     11.932643 ms
    Computation took 418.665174 ms
    Reading took     453.875000 us
  Sample 2...
Starting computation...
    Writing took     12.021151 ms
    Computation took 418.744019 ms
    Reading took     448.691000 us
  Sample 3...
Starting computation...
    Writing took     11.939689 ms
    Computation took 418.761444 ms
    Reading took     443.133000 us
  Sample 4...
Starting computation...
    Writing took     11.967840 ms
    Computation took 418.770475 ms
    Reading took     441.235000 us
  Sample 5...
Starting computation...
    Writing took     11.960418 ms
    Computation took 418.895090 ms
    Reading took     468.364000 us
  Sample 6...
Starting computation...
    Writing took     11.877846 ms
    Computation took 419.053738 ms
    Reading took     447.608000 us
  Sample 7...
Starting computation...
    Writing took     11.903839 ms
    Computation took 418.705192 ms
    Reading took     455.559000 us
  Sample 8...
Starting computation...
    Writing took     11.855520 ms
    Computation took 418.719538 ms
    Reading took     442.698000 us
  Sample 9...
Starting computation...
    Writing took     11.830361 ms
    Computation took 418.726825 ms
    Reading took     443.844000 us
  Sample 10...
Starting computation...
    Writing took     11.915901 ms
    Computation took 418.611189 ms
    Reading took     443.418000 us
  Sample 11...
Starting computation...
    Writing took     11.948116 ms
    Computation took 418.706506 ms
    Reading took     441.797000 us
  Sample 12...
Starting computation...
    Writing took     11.928852 ms
    Computation took 418.650721 ms
    Reading took     442.859000 us
  Sample 13...
Starting computation...
    Writing took     11.918545 ms
    Computation took 418.614707 ms
    Reading took     442.617000 us
  Sample 14...
Starting computation...
    Writing took     11.947741 ms
    Computation took 418.552032 ms
    Reading took     458.483000 us
  Sample 15...
Starting computation...
    Writing took     11.896976 ms
    Computation took 418.649620 ms
    Reading took     452.251000 us
  Sample 16...
Starting computation...
    Writing took     11.881402 ms
    Computation took 418.785903 ms
    Reading took     455.150000 us
  Sample 17...
Starting computation...
    Writing took     11.937526 ms
    Computation took 418.505640 ms
    Reading took     453.690000 us
  Sample 18...
Starting computation...
    Writing took     11.980723 ms
    Computation took 418.523177 ms
    Reading took     469.471000 us
  Sample 19...
Starting computation...
    Writing took     11.979086 ms
    Computation took 418.654336 ms
    Reading took     454.839000 us
  Sample 20...
Starting computation...
    Writing took     12.001679 ms
    Computation took 418.606733 ms
    Reading took     454.790000 us
  Sample 21...
Starting computation...
    Writing took     11.830283 ms
    Computation took 418.576506 ms
    Reading took     455.863000 us
  Sample 22...
Starting computation...
    Writing took     11.864951 ms
    Computation took 418.593773 ms
    Reading took     469.861000 us
  Sample 23...
Starting computation...
    Writing took     11.860710 ms
    Computation took 418.654122 ms
    Reading took     454.548000 us
  Sample 24...
Starting computation...
    Writing took     11.898548 ms
    Computation took 418.666200 ms
    Reading took     455.826000 us
  Sample 25...
Starting computation...
    Writing took     11.929968 ms
    Computation took 418.575451 ms
    Reading took     481.788000 us
  Sample 26...
Starting computation...
    Writing took     11.954490 ms
    Computation took 418.728139 ms
    Reading took     450.811000 us
  Sample 27...
Starting computation...
    Writing took     11.854772 ms
    Computation took 418.738241 ms
    Reading took     442.941000 us
  Sample 28...
Starting computation...
    Writing took     11.972082 ms
    Computation took 418.712846 ms
    Reading took     442.744000 us
  Sample 29...
Starting computation...
    Writing took     11.858695 ms
    Computation took 418.825555 ms
    Reading took     439.391000 us
  Sample 30...
Starting computation...
    Writing took     11.853360 ms
    Computation took 418.502670 ms
    Reading took     442.556000 us
  Sample 31...
Starting computation...
    Writing took     11.980914 ms
    Computation took 418.571341 ms
    Reading took     455.437000 us
  Sample 32...
Starting computation...
    Writing took     11.903944 ms
    Computation took 418.564598 ms
    Reading took     443.509000 us
  Sample 33...
Starting computation...
    Writing took     11.860352 ms
    Computation took 418.572798 ms
    Reading took     441.627000 us
  Sample 34...
Starting computation...
    Writing took     11.936646 ms
    Computation took 418.625155 ms
    Reading took     454.928000 us
  Sample 35...
Starting computation...
    Writing took     11.892642 ms
    Computation took 418.744441 ms
    Reading took     465.361000 us
  Sample 36...
Starting computation...
    Writing took     11.922582 ms
    Computation took 418.743080 ms
    Reading took     442.527000 us
  Sample 37...
Starting computation...
    Writing took     11.911825 ms
    Computation took 418.618085 ms
    Reading took     441.261000 us
  Sample 38...
Starting computation...
    Writing took     11.909358 ms
    Computation took 418.679205 ms
    Reading took     441.643000 us
  Sample 39...
Starting computation...
    Writing took     11.852544 ms
    Computation took 418.666492 ms
    Reading took     454.359000 us
  Sample 40...
Starting computation...
    Writing took     11.880681 ms
    Computation took 418.598861 ms
    Reading took     429.208000 us
  Sample 41...
Starting computation...
    Writing took     11.876536 ms
    Computation took 418.478298 ms
    Reading took     442.117000 us
  Sample 42...
Starting computation...
    Writing took     11.823246 ms
    Computation took 418.739892 ms
    Reading took     440.945000 us
  Sample 43...
Starting computation...
    Writing took     11.883433 ms
    Computation took 418.567546 ms
    Reading took     450.563000 us
  Sample 44...
Starting computation...
    Writing took     11.823336 ms
    Computation took 418.668425 ms
    Reading took     442.319000 us
  Sample 45...
Starting computation...
    Writing took     11.903327 ms
    Computation took 418.632798 ms
    Reading took     439.688000 us
  Sample 46...
Starting computation...
    Writing took     11.908936 ms
    Computation took 418.669614 ms
    Reading took     445.027000 us
  Sample 47...
Starting computation...
    Writing took     11.796064 ms
    Computation took 418.461208 ms
    Reading took     449.974000 us
  Sample 48...
Starting computation...
    Writing took     11.910513 ms
    Computation took 418.543662 ms
    Reading took     487.131000 us
  Sample 49...
Starting computation...
    Writing took     11.817281 ms
    Computation took 418.591916 ms
    Reading took     457.527000 us
  Sample 50...
Starting computation...
    Writing took     12.071895 ms
    Computation took 418.569065 ms
    Reading took     452.054000 us
  Sample 51...
Starting computation...
    Writing took     12.080023 ms
    Computation took 418.568703 ms
    Reading took     439.975000 us
  Sample 52...
Starting computation...
    Writing took     11.888948 ms
    Computation took 418.585245 ms
    Reading took     454.633000 us
  Sample 53...
Starting computation...
    Writing took     11.897342 ms
    Computation took 418.500628 ms
    Reading took     450.595000 us
  Sample 54...
Starting computation...
    Writing took     11.796703 ms
    Computation took 418.578192 ms
    Reading took     466.958000 us
  Sample 55...
Starting computation...
    Writing took     11.905431 ms
    Computation took 418.558911 ms
    Reading took     460.605000 us
  Sample 56...
Starting computation...
    Writing took     11.887958 ms
    Computation took 418.607909 ms
    Reading took     456.563000 us
  Sample 57...
Starting computation...
    Writing took     11.912164 ms
    Computation took 418.540692 ms
    Reading took     455.756000 us
  Sample 58...
Starting computation...
    Writing took     11.874060 ms
    Computation took 418.605283 ms
    Reading took     467.574000 us
  Sample 59...
Starting computation...
    Writing took     11.861447 ms
    Computation took 418.643686 ms
    Reading took     453.641000 us
  Sample 60...
Starting computation...
    Writing took     11.873659 ms
    Computation took 418.544062 ms
    Reading took     450.683000 us
  Sample 61...
Starting computation...
    Writing took     11.969399 ms
    Computation took 418.592189 ms
    Reading took     452.962000 us
  Sample 62...
Starting computation...
    Writing took     11.929603 ms
    Computation took 418.475424 ms
    Reading took     461.256000 us
  Sample 63...
Starting computation...
    Writing took     11.838916 ms
    Computation took 418.585935 ms
    Reading took     444.424000 us
  Sample 64...
Starting computation...
    Writing took     11.970013 ms
    Computation took 418.522699 ms
    Reading took     439.454000 us
  Sample 65...
Starting computation...
    Writing took     11.822763 ms
    Computation took 418.736746 ms
    Reading took     443.721000 us
  Sample 66...
Starting computation...
    Writing took     11.844316 ms
    Computation took 418.694870 ms
    Reading took     454.591000 us
  Sample 67...
Starting computation...
    Writing took     11.832620 ms
    Computation took 418.725151 ms
    Reading took     443.224000 us
  Sample 68...
Starting computation...
    Writing took     11.927457 ms
    Computation took 418.691144 ms
    Reading took     451.365000 us
  Sample 69...
Starting computation...
    Writing took     12.072460 ms
    Computation took 418.608902 ms
    Reading took     453.338000 us
  Sample 70...
Starting computation...
    Writing took     11.910827 ms
    Computation took 418.586982 ms
    Reading took     468.328000 us
  Sample 71...
Starting computation...
    Writing took     11.873703 ms
    Computation took 418.686043 ms
    Reading took     451.479000 us
  Sample 72...
Starting computation...
    Writing took     11.889157 ms
    Computation took 419.213579 ms
    Reading took     443.053000 us
  Sample 73...
Starting computation...
    Writing took     11.900500 ms
    Computation took 418.913559 ms
    Reading took     465.751000 us
  Sample 74...
Starting computation...
    Writing took     11.925347 ms
    Computation took 418.576633 ms
    Reading took     457.420000 us
  Sample 75...
Starting computation...
    Writing took     11.837644 ms
    Computation took 418.704888 ms
    Reading took     478.397000 us
  Sample 76...
Starting computation...
    Writing took     11.905712 ms
    Computation took 418.575025 ms
    Reading took     461.221000 us
  Sample 77...
Starting computation...
    Writing took     11.792178 ms
    Computation took 418.564608 ms
    Reading took     442.239000 us
  Sample 78...
Starting computation...
    Writing took     11.838763 ms
    Computation took 418.627571 ms
    Reading took     440.083000 us
  Sample 79...
Starting computation...
    Writing took     11.847721 ms
    Computation took 418.641785 ms
    Reading took     440.922000 us
  Sample 80...
Starting computation...
    Writing took     11.917228 ms
    Computation took 418.648070 ms
    Reading took     442.140000 us
  Sample 81...
Starting computation...
    Writing took     11.675165 ms
    Computation took 418.452089 ms
    Reading took     441.182000 us
  Sample 82...
Starting computation...
    Writing took     11.902222 ms
    Computation took 418.671484 ms
    Reading took     441.908000 us
  Sample 83...
Starting computation...
    Writing took     11.933455 ms
    Computation took 418.560855 ms
    Reading took     440.588000 us
  Sample 84...
Starting computation...
    Writing took     11.892382 ms
    Computation took 418.512787 ms
    Reading took     463.276000 us
  Sample 85...
Starting computation...
    Writing took     11.796693 ms
    Computation took 418.558314 ms
    Reading took     453.635000 us
  Sample 86...
Starting computation...
    Writing took     11.888587 ms
    Computation took 418.690155 ms
    Reading took     503.090000 us
  Sample 87...
Starting computation...
    Writing took     11.769568 ms
    Computation took 418.575724 ms
    Reading took     463.027000 us
  Sample 88...
Starting computation...
    Writing took     11.739270 ms
    Computation took 418.600506 ms
    Reading took     449.640000 us
  Sample 89...
Starting computation...
    Writing took     11.839323 ms
    Computation took 418.600296 ms
    Reading took     424.819000 us
  Sample 90...
Starting computation...
    Writing took     12.037735 ms
    Computation took 418.578019 ms
    Reading took     471.912000 us
  Sample 91...
Starting computation...
    Writing took     11.770820 ms
    Computation took 418.713398 ms
    Reading took     442.430000 us
  Sample 92...
Starting computation...
    Writing took     11.886435 ms
    Computation took 418.625957 ms
    Reading took     441.495000 us
  Sample 93...
Starting computation...
    Writing took     11.797372 ms
    Computation took 418.539810 ms
    Reading took     476.641000 us
  Sample 94...
Starting computation...
    Writing took     11.933973 ms
    Computation took 418.607815 ms
    Reading took     427.313000 us
  Sample 95...
Starting computation...
    Writing took     11.775432 ms
    Computation took 418.699617 ms
    Reading took     442.326000 us
  Sample 96...
Starting computation...
    Writing took     11.846263 ms
    Computation took 418.717798 ms
    Reading took     441.031000 us
  Sample 97...
Starting computation...
    Writing took     11.915858 ms
    Computation took 418.605321 ms
    Reading took     442.267000 us
  Sample 98...
Starting computation...
    Writing took     11.817920 ms
    Computation took 418.472215 ms
    Reading took     443.175000 us
  Sample 99...
Starting computation...
    Writing took     11.848364 ms
    Computation took 418.614395 ms
    Reading took     442.880000 us
Mean computation time: 418.639785 ms
Mean deviation: 81.221000 us (0.0194012%)
Mean computation time (per hash): 2.433951 ms
Mean deviation (per hash): 472 ns
