Using device #0: CUDA Device 'Tesla P100-SXM2-16GB'
  Sample 0...
Starting computation...
    Writing took     11.971637 ms
    Computation took 494.065594 ms
    Reading took     474.918000 us
  Sample 1...
Starting computation...
    Writing took     12.217941 ms
    Computation took 490.905481 ms
    Reading took     415.064000 us
  Sample 2...
Starting computation...
    Writing took     11.905383 ms
    Computation took 493.850514 ms
    Reading took     448.785000 us
  Sample 3...
Starting computation...
    Writing took     11.950541 ms
    Computation took 493.344136 ms
    Reading took     426.599000 us
  Sample 4...
Starting computation...
    Writing took     12.240393 ms
    Computation took 493.268207 ms
    Reading took     428.714000 us
  Sample 5...
Starting computation...
    Writing took     12.247960 ms
    Computation took 492.176138 ms
    Reading took     415.102000 us
  Sample 6...
Starting computation...
    Writing took     11.819921 ms
    Computation took 493.222215 ms
    Reading took     454.975000 us
  Sample 7...
Starting computation...
    Writing took     11.775664 ms
    Computation took 493.632468 ms
    Reading took     454.197000 us
  Sample 8...
Starting computation...
    Writing took     11.957694 ms
    Computation took 493.094957 ms
    Reading took     437.168000 us
  Sample 9...
Starting computation...
    Writing took     11.790426 ms
    Computation took 492.579454 ms
    Reading took     443.917000 us
  Sample 10...
Starting computation...
    Writing took     11.787164 ms
    Computation took 493.290566 ms
    Reading took     466.516000 us
  Sample 11...
Starting computation...
    Writing took     12.047144 ms
    Computation took 493.650293 ms
    Reading took     424.939000 us
  Sample 12...
Starting computation...
    Writing took     11.864807 ms
    Computation took 493.798247 ms
    Reading took     465.677000 us
  Sample 13...
Starting computation...
    Writing took     11.935106 ms
    Computation took 491.288102 ms
    Reading took     424.936000 us
  Sample 14...
Starting computation...
    Writing took     11.813983 ms
    Computation took 490.551109 ms
    Reading took     449.157000 us
  Sample 15...
Starting computation...
    Writing took     12.106355 ms
    Computation took 491.221799 ms
    Reading took     413.409000 us
  Sample 16...
Starting computation...
    Writing took     11.748609 ms
    Computation took 491.197862 ms
    Reading took     449.512000 us
  Sample 17...
Starting computation...
    Writing took     11.552047 ms
    Computation took 493.487341 ms
    Reading took     416.359000 us
  Sample 18...
Starting computation...
    Writing took     11.822480 ms
    Computation took 491.512093 ms
    Reading took     451.463000 us
  Sample 19...
Starting computation...
    Writing took     12.187503 ms
    Computation took 493.300149 ms
    Reading took     470.054000 us
  Sample 20...
Starting computation...
    Writing took     11.883701 ms
    Computation took 493.807284 ms
    Reading took     435.794000 us
  Sample 21...
Starting computation...
    Writing took     11.764499 ms
    Computation took 493.926900 ms
    Reading took     443.360000 us
  Sample 22...
Starting computation...
    Writing took     11.556600 ms
    Computation took 493.416994 ms
    Reading took     453.829000 us
  Sample 23...
Starting computation...
    Writing took     12.005169 ms
    Computation took 490.563807 ms
    Reading took     445.164000 us
  Sample 24...
Starting computation...
    Writing took     12.040692 ms
    Computation took 491.729192 ms
    Reading took     439.868000 us
  Sample 25...
Starting computation...
    Writing took     11.857198 ms
    Computation took 492.268225 ms
    Reading took     452.497000 us
  Sample 26...
Starting computation...
    Writing took     12.003516 ms
    Computation took 493.554758 ms
    Reading took     464.084000 us
  Sample 27...
Starting computation...
    Writing took     11.816489 ms
    Computation took 493.421302 ms
    Reading took     476.264000 us
  Sample 28...
Starting computation...
    Writing took     11.573460 ms
    Computation took 493.943724 ms
    Reading took     441.397000 us
  Sample 29...
Starting computation...
    Writing took     11.721338 ms
    Computation took 489.513671 ms
    Reading took     441.887000 us
  Sample 30...
Starting computation...
    Writing took     11.559400 ms
    Computation took 493.725149 ms
    Reading took     464.312000 us
  Sample 31...
Starting computation...
    Writing took     12.151261 ms
    Computation took 491.622141 ms
    Reading took     443.885000 us
  Sample 32...
Starting computation...
    Writing took     11.879172 ms
    Computation took 493.452843 ms
    Reading took     423.378000 us
  Sample 33...
Starting computation...
    Writing took     11.703783 ms
    Computation took 490.630167 ms
    Reading took     468.363000 us
  Sample 34...
Starting computation...
    Writing took     11.800807 ms
    Computation took 492.790316 ms
    Reading took     422.776000 us
  Sample 35...
Starting computation...
    Writing took     12.327881 ms
    Computation took 493.386958 ms
    Reading took     450.751000 us
  Sample 36...
Starting computation...
    Writing took     11.759316 ms
    Computation took 492.997468 ms
    Reading took     451.153000 us
  Sample 37...
Starting computation...
    Writing took     11.512048 ms
    Computation took 493.706082 ms
    Reading took     461.735000 us
  Sample 38...
Starting computation...
    Writing took     11.707572 ms
    Computation took 490.810925 ms
    Reading took     495.529000 us
  Sample 39...
Starting computation...
    Writing took     11.736759 ms
    Computation took 493.496018 ms
    Reading took     454.188000 us
  Sample 40...
Starting computation...
    Writing took     11.550835 ms
    Computation took 493.635609 ms
    Reading took     469.140000 us
  Sample 41...
Starting computation...
    Writing took     12.164773 ms
    Computation took 490.268300 ms
    Reading took     431.210000 us
  Sample 42...
Starting computation...
    Writing took     12.009148 ms
    Computation took 492.446198 ms
    Reading took     451.261000 us
  Sample 43...
Starting computation...
    Writing took     11.763029 ms
    Computation took 490.632586 ms
    Reading took     439.204000 us
  Sample 44...
Starting computation...
    Writing took     12.348811 ms
    Computation took 492.955536 ms
    Reading took     466.923000 us
  Sample 45...
Starting computation...
    Writing took     12.138253 ms
    Computation took 493.705744 ms
    Reading took     436.282000 us
  Sample 46...
Starting computation...
    Writing took     11.578445 ms
    Computation took 493.246901 ms
    Reading took     443.793000 us
  Sample 47...
Starting computation...
    Writing took     12.136551 ms
    Computation took 493.484148 ms
    Reading took     415.360000 us
  Sample 48...
Starting computation...
    Writing took     11.890039 ms
    Computation took 490.665335 ms
    Reading took     442.576000 us
  Sample 49...
Starting computation...
    Writing took     12.164579 ms
    Computation took 490.336142 ms
    Reading took     414.478000 us
  Sample 50...
Starting computation...
    Writing took     11.765815 ms
    Computation took 492.987334 ms
    Reading took     425.271000 us
  Sample 51...
Starting computation...
    Writing took     11.676855 ms
    Computation took 493.935105 ms
    Reading took     488.675000 us
  Sample 52...
Starting computation...
    Writing took     11.683646 ms
    Computation took 492.335394 ms
    Reading took     416.857000 us
  Sample 53...
Starting computation...
    Writing took     12.057364 ms
    Computation took 492.681211 ms
    Reading took     416.159000 us
  Sample 54...
Starting computation...
    Writing took     11.732634 ms
    Computation took 491.715232 ms
    Reading took     432.607000 us
  Sample 55...
Starting computation...
    Writing took     12.102105 ms
    Computation took 493.797629 ms
    Reading took     494.278000 us
  Sample 56...
Starting computation...
    Writing took     11.718962 ms
    Computation took 491.990511 ms
    Reading took     451.695000 us
  Sample 57...
Starting computation...
    Writing took     11.621820 ms
    Computation took 492.398323 ms
    Reading took     440.877000 us
  Sample 58...
Starting computation...
    Writing took     11.719322 ms
    Computation took 493.529822 ms
    Reading took     429.190000 us
  Sample 59...
Starting computation...
    Writing took     11.839562 ms
    Computation took 493.003465 ms
    Reading took     510.332000 us
  Sample 60...
Starting computation...
    Writing took     11.661625 ms
    Computation took 493.357354 ms
    Reading took     433.867000 us
  Sample 61...
Starting computation...
    Writing took     11.710389 ms
    Computation took 492.185280 ms
    Reading took     411.882000 us
  Sample 62...
Starting computation...
    Writing took     11.984517 ms
    Computation took 490.494524 ms
    Reading took     442.458000 us
  Sample 63...
Starting computation...
    Writing took     11.709028 ms
    Computation took 492.259079 ms
    Reading took     465.334000 us
  Sample 64...
Starting computation...
    Writing took     12.084476 ms
    Computation took 490.379217 ms
    Reading took     464.470000 us
  Sample 65...
Starting computation...
    Writing took     11.668055 ms
    Computation took 493.243867 ms
    Reading took     431.964000 us
  Sample 66...
Starting computation...
    Writing took     11.465465 ms
    Computation took 491.765423 ms
    Reading took     457.304000 us
  Sample 67...
Starting computation...
    Writing took     11.716370 ms
    Computation took 493.595943 ms
    Reading took     455.016000 us
  Sample 68...
Starting computation...
    Writing took     11.718224 ms
    Computation took 492.263045 ms
    Reading took     441.809000 us
  Sample 69...
Starting computation...
    Writing took     11.740337 ms
    Computation took 492.323827 ms
    Reading took     460.350000 us
  Sample 70...
Starting computation...
    Writing took     11.678785 ms
    Computation took 493.359752 ms
    Reading took     453.050000 us
  Sample 71...
Starting computation...
    Writing took     12.049371 ms
    Computation took 493.288607 ms
    Reading took     463.710000 us
  Sample 72...
Starting computation...
    Writing took     11.767873 ms
    Computation took 493.933939 ms
    Reading took     415.125000 us
  Sample 73...
Starting computation...
    Writing took     11.698918 ms
    Computation took 492.963406 ms
    Reading took     441.082000 us
  Sample 74...
Starting computation...
    Writing took     11.482905 ms
    Computation took 493.376450 ms
    Reading took     488.672000 us
  Sample 75...
Starting computation...
    Writing took     12.081995 ms
    Computation took 490.890344 ms
    Reading took     436.188000 us
  Sample 76...
Starting computation...
    Writing took     11.863381 ms
    Computation took 493.650714 ms
    Reading took     432.688000 us
  Sample 77...
Starting computation...
    Writing took     11.677266 ms
    Computation took 493.894547 ms
    Reading took     432.439000 us
  Sample 78...
Starting computation...
    Writing took     11.684425 ms
    Computation took 493.886893 ms
    Reading took     452.370000 us
  Sample 79...
Starting computation...
    Writing took     11.815298 ms
    Computation took 493.554399 ms
    Reading took     458.104000 us
  Sample 80...
Starting computation...
    Writing took     11.892284 ms
    Computation took 491.733001 ms
    Reading took     435.189000 us
  Sample 81...
Starting computation...
    Writing took     11.893296 ms
    Computation took 492.256491 ms
    Reading took     486.352000 us
  Sample 82...
Starting computation...
    Writing took     11.986075 ms
    Computation took 493.565600 ms
    Reading took     452.145000 us
  Sample 83...
Starting computation...
    Writing took     11.889645 ms
    Computation took 493.601928 ms
    Reading took     474.280000 us
  Sample 84...
Starting computation...
    Writing took     12.340097 ms
    Computation took 491.072443 ms
    Reading took     503.660000 us
  Sample 85...
Starting computation...
    Writing took     12.114458 ms
    Computation took 492.557835 ms
    Reading took     466.540000 us
  Sample 86...
Starting computation...
    Writing took     11.632826 ms
    Computation took 493.673808 ms
    Reading took     455.091000 us
  Sample 87...
Starting computation...
    Writing took     11.756045 ms
    Computation took 493.470244 ms
    Reading took     422.202000 us
  Sample 88...
Starting computation...
    Writing took     11.752195 ms
    Computation took 493.352918 ms
    Reading took     423.410000 us
  Sample 89...
Starting computation...
    Writing took     11.797685 ms
    Computation took 493.338078 ms
    Reading took     462.506000 us
  Sample 90...
Starting computation...
    Writing took     11.638911 ms
    Computation took 491.589823 ms
    Reading took     435.457000 us
  Sample 91...
Starting computation...
    Writing took     11.896119 ms
    Computation took 491.145582 ms
    Reading took     442.594000 us
  Sample 92...
Starting computation...
    Writing took     11.631427 ms
    Computation took 489.656377 ms
    Reading took     424.805000 us
  Sample 93...
Starting computation...
    Writing took     11.805389 ms
    Computation took 491.841559 ms
    Reading took     422.617000 us
  Sample 94...
Starting computation...
    Writing took     11.730365 ms
    Computation took 491.737770 ms
    Reading took     429.867000 us
  Sample 95...
Starting computation...
    Writing took     11.670311 ms
    Computation took 493.437415 ms
    Reading took     443.098000 us
  Sample 96...
Starting computation...
    Writing took     11.902388 ms
    Computation took 494.295455 ms
    Reading took     454.293000 us
  Sample 97...
Starting computation...
    Writing took     11.917879 ms
    Computation took 491.939982 ms
    Reading took     437.027000 us
  Sample 98...
Starting computation...
    Writing took     11.812336 ms
    Computation took 494.129764 ms
    Reading took     426.700000 us
  Sample 99...
Starting computation...
    Writing took     11.668496 ms
    Computation took 492.919803 ms
    Reading took     427.446000 us
Mean computation time: 492.619336 ms
Mean deviation: 1.011247 ms (0.20528%)
Mean computation time (per hash): 2.864065 ms
Mean deviation (per hash): 5.879000 us
