[libargon2] Selecting best fill_segment implementation...
[libargon2] x86_64: Checking availability... OK!
[libargon2] x86_64: Benchmarking...
[libargon2] x86_64: Benchmark result: 57415
[libargon2] SSE2: Checking availability... OK!
[libargon2] SSE2: Benchmarking...
[libargon2] SSE2: Benchmark result: 36220
[libargon2] SSSE3: Checking availability... OK!
[libargon2] SSSE3: Benchmarking...
[libargon2] SSSE3: Benchmark result: 32091
[libargon2] XOP: Checking availability... FAILED!
[libargon2] AVX2: Checking availability... OK!
[libargon2] AVX2: Benchmarking...
[libargon2] AVX2: Benchmark result: 18281
[libargon2] AVX-512F: Checking availability... OK!
[libargon2] AVX-512F: Benchmarking...
[libargon2] AVX-512F: Benchmark result: 11516
[libargon2] Best implementation: 'AVX-512F' (bench 11516)
  Sample 0...
Starting computation...
    Computation took 3.655360 min
  Sample 1...
Starting computation...
    Computation took 3.682816 min
  Sample 2...
Starting computation...
    Computation took 3.646193 min
  Sample 3...
Starting computation...
    Computation took 3.663659 min
  Sample 4...
Starting computation...
    Computation took 3.701014 min
  Sample 5...
Starting computation...
    Computation took 3.635979 min
  Sample 6...
Starting computation...
    Computation took 3.661904 min
  Sample 7...
Starting computation...
    Computation took 3.671510 min
  Sample 8...
Starting computation...
    Computation took 3.654570 min
  Sample 9...
Starting computation...
    Computation took 3.690291 min
  Sample 10...
Starting computation...
    Computation took 3.644954 min
  Sample 11...
Starting computation...
    Computation took 3.718354 min
  Sample 12...
Starting computation...
    Computation took 3.714374 min
  Sample 13...
Starting computation...
    Computation took 3.685385 min
  Sample 14...
Starting computation...
    Computation took 3.673586 min
  Sample 15...
Starting computation...
    Computation took 3.674123 min
  Sample 16...
Starting computation...
    Computation took 3.681010 min
  Sample 17...
Starting computation...
    Computation took 3.650460 min
  Sample 18...
Starting computation...
    Computation took 3.678505 min
  Sample 19...
Starting computation...
    Computation took 3.631683 min
  Sample 20...
Starting computation...
    Computation took 3.669274 min
  Sample 21...
Starting computation...
    Computation took 3.673498 min
  Sample 22...
Starting computation...
    Computation took 3.656027 min
  Sample 23...
Starting computation...
    Computation took 3.676804 min
  Sample 24...
Starting computation...
    Computation took 3.702788 min
  Sample 25...
Starting computation...
    Computation took 3.669220 min
  Sample 26...
Starting computation...
    Computation took 3.716453 min
  Sample 27...
Starting computation...
    Computation took 3.632450 min
  Sample 28...
Starting computation...
    Computation took 3.673431 min
  Sample 29...
Starting computation...
    Computation took 3.681603 min
  Sample 30...
Starting computation...
    Computation took 3.657479 min
  Sample 31...
Starting computation...
    Computation took 3.668881 min
  Sample 32...
Starting computation...
    Computation took 3.691348 min
  Sample 33...
Starting computation...
    Computation took 3.695887 min
  Sample 34...
Starting computation...
    Computation took 3.682643 min
  Sample 35...
Starting computation...
    Computation took 3.654137 min
  Sample 36...
Starting computation...
    Computation took 3.659597 min
  Sample 37...
Starting computation...
    Computation took 3.677655 min
  Sample 38...
Starting computation...
    Computation took 3.696540 min
  Sample 39...
Starting computation...
    Computation took 3.664573 min
  Sample 40...
Starting computation...
    Computation took 3.662831 min
  Sample 41...
Starting computation...
    Computation took 3.661882 min
  Sample 42...
Starting computation...
    Computation took 3.683806 min
  Sample 43...
Starting computation...
    Computation took 3.647459 min
  Sample 44...
Starting computation...
    Computation took 3.669390 min
  Sample 45...
Starting computation...
    Computation took 3.694538 min
  Sample 46...
Starting computation...
    Computation took 3.701384 min
  Sample 47...
Starting computation...
    Computation took 3.656511 min
  Sample 48...
Starting computation...
    Computation took 3.671587 min
  Sample 49...
Starting computation...
    Computation took 3.694276 min
  Sample 50...
Starting computation...
    Computation took 3.667081 min
  Sample 51...
Starting computation...
    Computation took 3.608595 min
  Sample 52...
Starting computation...
    Computation took 3.662279 min
  Sample 53...
Starting computation...
    Computation took 3.653642 min
  Sample 54...
Starting computation...
    Computation took 3.693273 min
  Sample 55...
Starting computation...
    Computation took 3.660180 min
  Sample 56...
Starting computation...
    Computation took 3.667027 min
  Sample 57...
Starting computation...
    Computation took 3.657596 min
  Sample 58...
Starting computation...
    Computation took 3.672898 min
  Sample 59...
Starting computation...
    Computation took 3.709673 min
  Sample 60...
Starting computation...
    Computation took 3.682278 min
  Sample 61...
Starting computation...
    Computation took 3.665417 min
  Sample 62...
Starting computation...
    Computation took 3.662112 min
  Sample 63...
Starting computation...
    Computation took 3.667517 min
  Sample 64...
Starting computation...
    Computation took 3.687048 min
  Sample 65...
Starting computation...
    Computation took 3.688071 min
  Sample 66...
Starting computation...
    Computation took 3.686062 min
  Sample 67...
Starting computation...
    Computation took 3.667253 min
  Sample 68...
Starting computation...
    Computation took 3.758185 min
  Sample 69...
Starting computation...
    Computation took 3.658474 min
  Sample 70...
Starting computation...
    Computation took 3.650563 min
  Sample 71...
Starting computation...
    Computation took 3.673960 min
  Sample 72...
Starting computation...
    Computation took 3.661526 min
  Sample 73...
Starting computation...
    Computation took 3.686956 min
  Sample 74...
Starting computation...
    Computation took 3.673355 min
  Sample 75...
Starting computation...
    Computation took 3.709708 min
  Sample 76...
Starting computation...
    Computation took 3.634057 min
  Sample 77...
Starting computation...
    Computation took 3.641869 min
  Sample 78...
Starting computation...
    Computation took 3.713265 min
  Sample 79...
Starting computation...
    Computation took 3.704762 min
  Sample 80...
Starting computation...
    Computation took 3.678839 min
  Sample 81...
Starting computation...
    Computation took 3.672874 min
  Sample 82...
Starting computation...
    Computation took 3.674178 min
  Sample 83...
Starting computation...
    Computation took 3.678640 min
  Sample 84...
Starting computation...
    Computation took 3.656020 min
  Sample 85...
Starting computation...
    Computation took 3.657800 min
  Sample 86...
Starting computation...
    Computation took 3.688912 min
  Sample 87...
Starting computation...
    Computation took 3.738775 min
  Sample 88...
Starting computation...
    Computation took 3.697918 min
  Sample 89...
Starting computation...
    Computation took 3.677077 min
  Sample 90...
Starting computation...
    Computation took 3.677425 min
  Sample 91...
Starting computation...
    Computation took 3.648986 min
  Sample 92...
Starting computation...
    Computation took 3.655507 min
  Sample 93...
Starting computation...
    Computation took 3.658937 min
  Sample 94...
Starting computation...
    Computation took 3.784127 min
  Sample 95...
Starting computation...
    Computation took 3.697751 min
  Sample 96...
Starting computation...
    Computation took 3.655219 min
  Sample 97...
Starting computation...
    Computation took 3.672312 min
  Sample 98...
Starting computation...
    Computation took 3.668446 min
  Sample 99...
Starting computation...
    Computation took 3.677053 min
Mean computation time: 3.675012 min
Mean deviation: 1.095342 s (0.496752%)
Mean computation time (per hash): 215.332709 ms
Mean deviation (per hash): 1.069669 ms
