[libargon2] Selecting best fill_segment implementation...
[libargon2] x86_64: Checking availability... OK!
[libargon2] x86_64: Benchmarking...
[libargon2] x86_64: Benchmark result: 44276
[libargon2] SSE2: Checking availability... OK!
[libargon2] SSE2: Benchmarking...
[libargon2] SSE2: Benchmark result: 36290
[libargon2] SSSE3: Checking availability... OK!
[libargon2] SSSE3: Benchmarking...
[libargon2] SSSE3: Benchmark result: 32250
[libargon2] XOP: Checking availability... FAILED!
[libargon2] AVX2: Checking availability... OK!
[libargon2] AVX2: Benchmarking...
[libargon2] AVX2: Benchmark result: 18214
[libargon2] AVX-512F: Checking availability... OK!
[libargon2] AVX-512F: Benchmarking...
[libargon2] AVX-512F: Benchmark result: 11372
[libargon2] Best implementation: 'AVX-512F' (bench 11372)
  Sample 0...
Starting computation...
    Computation took 56.652309 s
  Sample 1...
Starting computation...
    Computation took 56.350125 s
  Sample 2...
Starting computation...
    Computation took 56.308981 s
  Sample 3...
Starting computation...
    Computation took 55.996626 s
  Sample 4...
Starting computation...
    Computation took 57.573313 s
  Sample 5...
Starting computation...
    Computation took 55.954890 s
  Sample 6...
Starting computation...
    Computation took 55.583683 s
  Sample 7...
Starting computation...
    Computation took 56.118983 s
  Sample 8...
Starting computation...
    Computation took 56.199188 s
  Sample 9...
Starting computation...
    Computation took 56.577711 s
  Sample 10...
Starting computation...
    Computation took 56.496499 s
  Sample 11...
Starting computation...
    Computation took 56.366831 s
  Sample 12...
Starting computation...
    Computation took 56.598650 s
  Sample 13...
Starting computation...
    Computation took 55.811319 s
  Sample 14...
Starting computation...
    Computation took 55.959812 s
  Sample 15...
Starting computation...
    Computation took 56.893921 s
  Sample 16...
Starting computation...
    Computation took 55.904324 s
  Sample 17...
Starting computation...
    Computation took 55.900542 s
  Sample 18...
Starting computation...
    Computation took 56.769315 s
  Sample 19...
Starting computation...
    Computation took 58.025620 s
  Sample 20...
Starting computation...
    Computation took 54.279876 s
  Sample 21...
Starting computation...
    Computation took 56.491168 s
  Sample 22...
Starting computation...
    Computation took 56.622076 s
  Sample 23...
Starting computation...
    Computation took 56.160540 s
  Sample 24...
Starting computation...
    Computation took 56.413973 s
  Sample 25...
Starting computation...
    Computation took 56.592246 s
  Sample 26...
Starting computation...
    Computation took 56.329850 s
  Sample 27...
Starting computation...
    Computation took 55.963141 s
  Sample 28...
Starting computation...
    Computation took 54.833794 s
  Sample 29...
Starting computation...
    Computation took 56.215240 s
  Sample 30...
Starting computation...
    Computation took 56.310775 s
  Sample 31...
Starting computation...
    Computation took 56.849403 s
  Sample 32...
Starting computation...
    Computation took 56.681291 s
  Sample 33...
Starting computation...
    Computation took 56.361993 s
  Sample 34...
Starting computation...
    Computation took 56.283871 s
  Sample 35...
Starting computation...
    Computation took 56.002559 s
  Sample 36...
Starting computation...
    Computation took 56.499529 s
  Sample 37...
Starting computation...
    Computation took 56.632070 s
  Sample 38...
Starting computation...
    Computation took 55.541628 s
  Sample 39...
Starting computation...
    Computation took 56.528401 s
  Sample 40...
Starting computation...
    Computation took 55.977938 s
  Sample 41...
Starting computation...
    Computation took 56.477921 s
  Sample 42...
Starting computation...
    Computation took 56.295749 s
  Sample 43...
Starting computation...
    Computation took 56.496451 s
  Sample 44...
Starting computation...
    Computation took 56.146049 s
  Sample 45...
Starting computation...
    Computation took 56.572453 s
  Sample 46...
Starting computation...
    Computation took 57.350637 s
  Sample 47...
Starting computation...
    Computation took 56.533105 s
  Sample 48...
Starting computation...
    Computation took 56.102015 s
  Sample 49...
Starting computation...
    Computation took 55.650926 s
  Sample 50...
Starting computation...
    Computation took 56.915376 s
  Sample 51...
Starting computation...
    Computation took 56.468051 s
  Sample 52...
Starting computation...
    Computation took 54.956052 s
  Sample 53...
Starting computation...
    Computation took 57.048742 s
  Sample 54...
Starting computation...
    Computation took 56.995288 s
  Sample 55...
Starting computation...
    Computation took 56.455530 s
  Sample 56...
Starting computation...
    Computation took 57.163205 s
  Sample 57...
Starting computation...
    Computation took 56.053394 s
  Sample 58...
Starting computation...
    Computation took 56.281823 s
  Sample 59...
Starting computation...
    Computation took 55.583288 s
  Sample 60...
Starting computation...
    Computation took 55.543980 s
  Sample 61...
Starting computation...
    Computation took 56.793195 s
  Sample 62...
Starting computation...
    Computation took 56.063221 s
  Sample 63...
Starting computation...
    Computation took 55.747644 s
  Sample 64...
Starting computation...
    Computation took 55.835357 s
  Sample 65...
Starting computation...
    Computation took 55.683098 s
  Sample 66...
Starting computation...
    Computation took 56.016749 s
  Sample 67...
Starting computation...
    Computation took 55.467274 s
  Sample 68...
Starting computation...
    Computation took 56.076634 s
  Sample 69...
Starting computation...
    Computation took 55.973276 s
  Sample 70...
Starting computation...
    Computation took 56.150514 s
  Sample 71...
Starting computation...
    Computation took 56.384038 s
  Sample 72...
Starting computation...
    Computation took 55.441839 s
  Sample 73...
Starting computation...
    Computation took 55.872012 s
  Sample 74...
Starting computation...
    Computation took 56.274041 s
  Sample 75...
Starting computation...
    Computation took 56.616394 s
  Sample 76...
Starting computation...
    Computation took 55.998417 s
  Sample 77...
Starting computation...
    Computation took 55.946983 s
  Sample 78...
Starting computation...
    Computation took 56.137205 s
  Sample 79...
Starting computation...
    Computation took 56.707064 s
  Sample 80...
Starting computation...
    Computation took 56.338038 s
  Sample 81...
Starting computation...
    Computation took 55.468315 s
  Sample 82...
Starting computation...
    Computation took 56.163453 s
  Sample 83...
Starting computation...
    Computation took 56.151448 s
  Sample 84...
Starting computation...
    Computation took 55.265619 s
  Sample 85...
Starting computation...
    Computation took 56.043455 s
  Sample 86...
Starting computation...
    Computation took 56.533883 s
  Sample 87...
Starting computation...
    Computation took 56.188049 s
  Sample 88...
Starting computation...
    Computation took 58.825533 s
  Sample 89...
Starting computation...
    Computation took 56.802441 s
  Sample 90...
Starting computation...
    Computation took 58.508886 s
  Sample 91...
Starting computation...
    Computation took 56.156436 s
  Sample 92...
Starting computation...
    Computation took 56.436892 s
  Sample 93...
Starting computation...
    Computation took 56.019697 s
  Sample 94...
Starting computation...
    Computation took 56.215177 s
  Sample 95...
Starting computation...
    Computation took 56.301129 s
  Sample 96...
Starting computation...
    Computation took 56.567747 s
  Sample 97...
Starting computation...
    Computation took 56.599686 s
  Sample 98...
Starting computation...
    Computation took 55.853927 s
  Sample 99...
Starting computation...
    Computation took 56.822549 s
Mean computation time: 56.291514 s
Mean deviation: 433.037402 ms (0.769277%)
Mean computation time (per hash): 219.888724 ms
Mean deviation (per hash): 1.691552 ms
