[libargon2] Selecting best fill_segment implementation...
[libargon2] x86_64: Checking availability... OK!
[libargon2] x86_64: Benchmarking...
[libargon2] x86_64: Benchmark result: 91445
[libargon2] SSE2: Checking availability... OK!
[libargon2] SSE2: Benchmarking...
[libargon2] SSE2: Benchmark result: 58587
[libargon2] SSSE3: Checking availability... OK!
[libargon2] SSSE3: Benchmarking...
[libargon2] SSSE3: Benchmark result: 44791
[libargon2] XOP: Checking availability... FAILED!
[libargon2] AVX2: Checking availability... FAILED!
[libargon2] AVX-512F: Checking availability... FAILED!
[libargon2] Best implementation: 'SSSE3' (bench 44791)
  Sample 0...
Starting computation...
    Computation took 19.129896 s
  Sample 1...
Starting computation...
    Computation took 19.614866 s
  Sample 2...
Starting computation...
    Computation took 19.393845 s
  Sample 3...
Starting computation...
    Computation took 19.467168 s
  Sample 4...
Starting computation...
    Computation took 19.063343 s
  Sample 5...
Starting computation...
    Computation took 20.552209 s
  Sample 6...
Starting computation...
    Computation took 19.415232 s
  Sample 7...
Starting computation...
    Computation took 19.780033 s
  Sample 8...
Starting computation...
    Computation took 18.905891 s
  Sample 9...
Starting computation...
    Computation took 19.146563 s
  Sample 10...
Starting computation...
    Computation took 19.692077 s
  Sample 11...
Starting computation...
    Computation took 19.506975 s
  Sample 12...
Starting computation...
    Computation took 19.053230 s
  Sample 13...
Starting computation...
    Computation took 19.416159 s
  Sample 14...
Starting computation...
    Computation took 19.114780 s
  Sample 15...
Starting computation...
    Computation took 20.167782 s
  Sample 16...
Starting computation...
    Computation took 20.884812 s
  Sample 17...
Starting computation...
    Computation took 19.382458 s
  Sample 18...
Starting computation...
    Computation took 19.238628 s
  Sample 19...
Starting computation...
    Computation took 19.534984 s
  Sample 20...
Starting computation...
    Computation took 19.023707 s
  Sample 21...
Starting computation...
    Computation took 19.560999 s
  Sample 22...
Starting computation...
    Computation took 19.383677 s
  Sample 23...
Starting computation...
    Computation took 20.044518 s
  Sample 24...
Starting computation...
    Computation took 20.542614 s
  Sample 25...
Starting computation...
    Computation took 19.823254 s
  Sample 26...
Starting computation...
    Computation took 19.855268 s
  Sample 27...
Starting computation...
    Computation took 19.948217 s
  Sample 28...
Starting computation...
    Computation took 19.538070 s
  Sample 29...
Starting computation...
    Computation took 19.139698 s
  Sample 30...
Starting computation...
    Computation took 19.722604 s
  Sample 31...
Starting computation...
    Computation took 20.163215 s
  Sample 32...
Starting computation...
    Computation took 19.561613 s
  Sample 33...
Starting computation...
    Computation took 19.238346 s
  Sample 34...
Starting computation...
    Computation took 19.783192 s
  Sample 35...
Starting computation...
    Computation took 18.999038 s
  Sample 36...
Starting computation...
    Computation took 19.881452 s
  Sample 37...
Starting computation...
    Computation took 19.123729 s
  Sample 38...
Starting computation...
    Computation took 19.207616 s
  Sample 39...
Starting computation...
    Computation took 20.633955 s
  Sample 40...
Starting computation...
    Computation took 18.771893 s
  Sample 41...
Starting computation...
    Computation took 19.075353 s
  Sample 42...
Starting computation...
    Computation took 19.136316 s
  Sample 43...
Starting computation...
    Computation took 19.372906 s
  Sample 44...
Starting computation...
    Computation took 19.969772 s
  Sample 45...
Starting computation...
    Computation took 19.508898 s
  Sample 46...
Starting computation...
    Computation took 19.694180 s
  Sample 47...
Starting computation...
    Computation took 18.991132 s
  Sample 48...
Starting computation...
    Computation took 19.120692 s
  Sample 49...
Starting computation...
    Computation took 19.122779 s
  Sample 50...
Starting computation...
    Computation took 19.377476 s
  Sample 51...
Starting computation...
    Computation took 19.486351 s
  Sample 52...
Starting computation...
    Computation took 19.519430 s
  Sample 53...
Starting computation...
    Computation took 19.437253 s
  Sample 54...
Starting computation...
    Computation took 19.137573 s
  Sample 55...
Starting computation...
    Computation took 19.654946 s
  Sample 56...
Starting computation...
    Computation took 19.258594 s
  Sample 57...
Starting computation...
    Computation took 19.329903 s
  Sample 58...
Starting computation...
    Computation took 18.988847 s
  Sample 59...
Starting computation...
    Computation took 19.672576 s
  Sample 60...
Starting computation...
    Computation took 19.560715 s
  Sample 61...
Starting computation...
    Computation took 18.807788 s
  Sample 62...
Starting computation...
    Computation took 19.436269 s
  Sample 63...
Starting computation...
    Computation took 19.471735 s
  Sample 64...
Starting computation...
    Computation took 18.922960 s
  Sample 65...
Starting computation...
    Computation took 19.125947 s
  Sample 66...
Starting computation...
    Computation took 18.797016 s
  Sample 67...
Starting computation...
    Computation took 18.942645 s
  Sample 68...
Starting computation...
    Computation took 19.753989 s
  Sample 69...
Starting computation...
    Computation took 19.230379 s
  Sample 70...
Starting computation...
    Computation took 19.690007 s
  Sample 71...
Starting computation...
    Computation took 19.140484 s
  Sample 72...
Starting computation...
    Computation took 19.287106 s
  Sample 73...
Starting computation...
    Computation took 18.525240 s
  Sample 74...
Starting computation...
    Computation took 19.688587 s
  Sample 75...
Starting computation...
    Computation took 19.333631 s
  Sample 76...
Starting computation...
    Computation took 19.361126 s
  Sample 77...
Starting computation...
    Computation took 18.828744 s
  Sample 78...
Starting computation...
    Computation took 19.025932 s
  Sample 79...
Starting computation...
    Computation took 19.308121 s
  Sample 80...
Starting computation...
    Computation took 19.023998 s
  Sample 81...
Starting computation...
    Computation took 19.350642 s
  Sample 82...
Starting computation...
    Computation took 19.522909 s
  Sample 83...
Starting computation...
    Computation took 18.699293 s
  Sample 84...
Starting computation...
    Computation took 19.455502 s
  Sample 85...
Starting computation...
    Computation took 19.452887 s
  Sample 86...
Starting computation...
    Computation took 19.340272 s
  Sample 87...
Starting computation...
    Computation took 19.231046 s
  Sample 88...
Starting computation...
    Computation took 19.584273 s
  Sample 89...
Starting computation...
    Computation took 18.999372 s
  Sample 90...
Starting computation...
    Computation took 18.996570 s
  Sample 91...
Starting computation...
    Computation took 19.255459 s
  Sample 92...
Starting computation...
    Computation took 18.824113 s
  Sample 93...
Starting computation...
    Computation took 19.241470 s
  Sample 94...
Starting computation...
    Computation took 19.302942 s
  Sample 95...
Starting computation...
    Computation took 20.214810 s
  Sample 96...
Starting computation...
    Computation took 19.460676 s
  Sample 97...
Starting computation...
    Computation took 19.212196 s
  Sample 98...
Starting computation...
    Computation took 19.709671 s
  Sample 99...
Starting computation...
    Computation took 19.128719 s
Mean computation time: 19.405078 s
Mean deviation: 316.163620 ms (1.62928%)
Mean computation time (per hash): 606.408693 ms
Mean deviation (per hash): 9.880113 ms
