Using device #0: CUDA Device 'Tesla K20Xm'
  Sample 0...
Starting computation...
    Writing took     3.809855 ms
    Computation took 1.055218 s
    Reading took     174.540000 us
  Sample 1...
Starting computation...
    Writing took     4.037685 ms
    Computation took 1.054775 s
    Reading took     140.245000 us
  Sample 2...
Starting computation...
    Writing took     3.753514 ms
    Computation took 1.055259 s
    Reading took     156.938000 us
  Sample 3...
Starting computation...
    Writing took     4.160395 ms
    Computation took 1.056177 s
    Reading took     147.007000 us
  Sample 4...
Starting computation...
    Writing took     3.876374 ms
    Computation took 1.056578 s
    Reading took     149.858000 us
  Sample 5...
Starting computation...
    Writing took     3.845457 ms
    Computation took 1.069682 s
    Reading took     173.957000 us
  Sample 6...
Starting computation...
    Writing took     4.501995 ms
    Computation took 1.069301 s
    Reading took     150.839000 us
  Sample 7...
Starting computation...
    Writing took     3.880287 ms
    Computation took 1.060063 s
    Reading took     141.458000 us
  Sample 8...
Starting computation...
    Writing took     3.762184 ms
    Computation took 1.060487 s
    Reading took     166.086000 us
  Sample 9...
Starting computation...
    Writing took     4.449518 ms
    Computation took 1.061210 s
    Reading took     143.936000 us
  Sample 10...
Starting computation...
    Writing took     3.772150 ms
    Computation took 1.062470 s
    Reading took     380.064000 us
  Sample 11...
Starting computation...
    Writing took     4.347349 ms
    Computation took 1.065669 s
    Reading took     268.522000 us
  Sample 12...
Starting computation...
    Writing took     7.635553 ms
    Computation took 1.064298 s
    Reading took     146.009000 us
  Sample 13...
Starting computation...
    Writing took     3.864682 ms
    Computation took 1.064735 s
    Reading took     142.084000 us
  Sample 14...
Starting computation...
    Writing took     3.923233 ms
    Computation took 1.061901 s
    Reading took     144.866000 us
  Sample 15...
Starting computation...
    Writing took     3.878652 ms
    Computation took 1.060359 s
    Reading took     149.619000 us
  Sample 16...
Starting computation...
    Writing took     4.031351 ms
    Computation took 1.058653 s
    Reading took     151.961000 us
  Sample 17...
Starting computation...
    Writing took     4.028897 ms
    Computation took 1.057837 s
    Reading took     163.059000 us
  Sample 18...
Starting computation...
    Writing took     4.216979 ms
    Computation took 1.057230 s
    Reading took     156.953000 us
  Sample 19...
Starting computation...
    Writing took     4.149278 ms
    Computation took 1.058441 s
    Reading took     145.589000 us
  Sample 20...
Starting computation...
    Writing took     3.932286 ms
    Computation took 1.056774 s
    Reading took     182.253000 us
  Sample 21...
Starting computation...
    Writing took     4.443326 ms
    Computation took 1.056588 s
    Reading took     148.739000 us
  Sample 22...
Starting computation...
    Writing took     3.901736 ms
    Computation took 1.073301 s
    Reading took     140.337000 us
  Sample 23...
Starting computation...
    Writing took     3.734286 ms
    Computation took 1.073264 s
    Reading took     145.329000 us
  Sample 24...
Starting computation...
    Writing took     3.728447 ms
    Computation took 1.061051 s
    Reading took     145.038000 us
  Sample 25...
Starting computation...
    Writing took     3.701908 ms
    Computation took 1.056599 s
    Reading took     141.329000 us
  Sample 26...
Starting computation...
    Writing took     3.762687 ms
    Computation took 1.059506 s
    Reading took     141.257000 us
  Sample 27...
Starting computation...
    Writing took     3.756353 ms
    Computation took 1.058331 s
    Reading took     144.628000 us
  Sample 28...
Starting computation...
    Writing took     3.726118 ms
    Computation took 1.059289 s
    Reading took     141.993000 us
  Sample 29...
Starting computation...
    Writing took     3.749447 ms
    Computation took 1.073103 s
    Reading took     306.431000 us
  Sample 30...
Starting computation...
    Writing took     4.320576 ms
    Computation took 1.068773 s
    Reading took     311.125000 us
  Sample 31...
Starting computation...
    Writing took     4.411148 ms
    Computation took 1.067398 s
    Reading took     303.759000 us
  Sample 32...
Starting computation...
    Writing took     4.356994 ms
    Computation took 1.062535 s
    Reading took     364.171000 us
  Sample 33...
Starting computation...
    Writing took     4.289778 ms
    Computation took 1.064652 s
    Reading took     356.935000 us
  Sample 34...
Starting computation...
    Writing took     4.349525 ms
    Computation took 1.081864 s
    Reading took     320.151000 us
  Sample 35...
Starting computation...
    Writing took     4.366247 ms
    Computation took 1.069990 s
    Reading took     388.259000 us
  Sample 36...
Starting computation...
    Writing took     4.389326 ms
    Computation took 1.069159 s
    Reading took     372.299000 us
  Sample 37...
Starting computation...
    Writing took     4.371379 ms
    Computation took 1.067203 s
    Reading took     135.273000 us
  Sample 38...
Starting computation...
    Writing took     3.607910 ms
    Computation took 1.070595 s
    Reading took     146.125000 us
  Sample 39...
Starting computation...
    Writing took     3.791543 ms
    Computation took 1.070316 s
    Reading took     147.322000 us
  Sample 40...
Starting computation...
    Writing took     3.762595 ms
    Computation took 1.063979 s
    Reading took     142.094000 us
  Sample 41...
Starting computation...
    Writing took     3.768002 ms
    Computation took 1.065991 s
    Reading took     145.864000 us
  Sample 42...
Starting computation...
    Writing took     3.820078 ms
    Computation took 1.086409 s
    Reading took     145.374000 us
  Sample 43...
Starting computation...
    Writing took     3.842063 ms
    Computation took 1.068610 s
    Reading took     144.398000 us
  Sample 44...
Starting computation...
    Writing took     3.909293 ms
    Computation took 1.063951 s
    Reading took     149.963000 us
  Sample 45...
Starting computation...
    Writing took     4.028068 ms
    Computation took 1.068523 s
    Reading took     140.771000 us
  Sample 46...
Starting computation...
    Writing took     3.722686 ms
    Computation took 1.058853 s
    Reading took     144.508000 us
  Sample 47...
Starting computation...
    Writing took     3.837513 ms
    Computation took 1.068773 s
    Reading took     145.372000 us
  Sample 48...
Starting computation...
    Writing took     3.831106 ms
    Computation took 1.060327 s
    Reading took     145.773000 us
  Sample 49...
Starting computation...
    Writing took     3.694818 ms
    Computation took 1.058650 s
    Reading took     139.056000 us
  Sample 50...
Starting computation...
    Writing took     3.796478 ms
    Computation took 1.059823 s
    Reading took     164.453000 us
  Sample 51...
Starting computation...
    Writing took     4.476181 ms
    Computation took 1.058987 s
    Reading took     365.311000 us
  Sample 52...
Starting computation...
    Writing took     4.279799 ms
    Computation took 1.059271 s
    Reading took     300.594000 us
  Sample 53...
Starting computation...
    Writing took     4.416773 ms
    Computation took 1.060831 s
    Reading took     379.225000 us
  Sample 54...
Starting computation...
    Writing took     4.433868 ms
    Computation took 1.059513 s
    Reading took     401.107000 us
  Sample 55...
Starting computation...
    Writing took     4.373341 ms
    Computation took 1.065833 s
    Reading took     355.787000 us
  Sample 56...
Starting computation...
    Writing took     4.381940 ms
    Computation took 1.069508 s
    Reading took     408.446000 us
  Sample 57...
Starting computation...
    Writing took     4.340683 ms
    Computation took 1.067543 s
    Reading took     333.531000 us
  Sample 58...
Starting computation...
    Writing took     4.337593 ms
    Computation took 1.066376 s
    Reading took     243.846000 us
  Sample 59...
Starting computation...
    Writing took     4.237613 ms
    Computation took 1.063250 s
    Reading took     290.553000 us
  Sample 60...
Starting computation...
    Writing took     4.311595 ms
    Computation took 1.063417 s
    Reading took     310.829000 us
  Sample 61...
Starting computation...
    Writing took     4.322225 ms
    Computation took 1.064439 s
    Reading took     297.089000 us
  Sample 62...
Starting computation...
    Writing took     4.327937 ms
    Computation took 1.072923 s
    Reading took     323.808000 us
  Sample 63...
Starting computation...
    Writing took     4.486519 ms
    Computation took 1.066736 s
    Reading took     304.903000 us
  Sample 64...
Starting computation...
    Writing took     4.375384 ms
    Computation took 1.070080 s
    Reading took     342.500000 us
  Sample 65...
Starting computation...
    Writing took     4.364225 ms
    Computation took 1.070226 s
    Reading took     362.549000 us
  Sample 66...
Starting computation...
    Writing took     4.281141 ms
    Computation took 1.059814 s
    Reading took     343.104000 us
  Sample 67...
Starting computation...
    Writing took     4.400369 ms
    Computation took 1.070055 s
    Reading took     317.692000 us
  Sample 68...
Starting computation...
    Writing took     4.361001 ms
    Computation took 1.070276 s
    Reading took     324.995000 us
  Sample 69...
Starting computation...
    Writing took     4.334699 ms
    Computation took 1.059310 s
    Reading took     352.706000 us
  Sample 70...
Starting computation...
    Writing took     4.440916 ms
    Computation took 1.059659 s
    Reading took     304.984000 us
  Sample 71...
Starting computation...
    Writing took     4.374852 ms
    Computation took 1.069542 s
    Reading took     165.063000 us
  Sample 72...
Starting computation...
    Writing took     4.484620 ms
    Computation took 1.058516 s
    Reading took     318.910000 us
  Sample 73...
Starting computation...
    Writing took     4.309222 ms
    Computation took 1.073232 s
    Reading took     313.891000 us
  Sample 74...
Starting computation...
    Writing took     4.467852 ms
    Computation took 1.070200 s
    Reading took     329.049000 us
  Sample 75...
Starting computation...
    Writing took     4.377719 ms
    Computation took 1.069889 s
    Reading took     373.581000 us
  Sample 76...
Starting computation...
    Writing took     4.375883 ms
    Computation took 1.058680 s
    Reading took     154.664000 us
  Sample 77...
Starting computation...
    Writing took     4.104305 ms
    Computation took 1.058740 s
    Reading took     140.694000 us
  Sample 78...
Starting computation...
    Writing took     3.777280 ms
    Computation took 1.058795 s
    Reading took     215.964000 us
  Sample 79...
Starting computation...
    Writing took     6.725580 ms
    Computation took 1.058731 s
    Reading took     154.795000 us
  Sample 80...
Starting computation...
    Writing took     4.144634 ms
    Computation took 1.068527 s
    Reading took     162.019000 us
  Sample 81...
Starting computation...
    Writing took     4.146738 ms
    Computation took 1.068645 s
    Reading took     155.178000 us
  Sample 82...
Starting computation...
    Writing took     4.158990 ms
    Computation took 1.059906 s
    Reading took     154.742000 us
  Sample 83...
Starting computation...
    Writing took     4.215520 ms
    Computation took 1.071902 s
    Reading took     154.284000 us
  Sample 84...
Starting computation...
    Writing took     4.242959 ms
    Computation took 1.072364 s
    Reading took     155.761000 us
  Sample 85...
Starting computation...
    Writing took     4.198679 ms
    Computation took 1.068351 s
    Reading took     164.948000 us
  Sample 86...
Starting computation...
    Writing took     4.193062 ms
    Computation took 1.065190 s
    Reading took     153.882000 us
  Sample 87...
Starting computation...
    Writing took     4.129899 ms
    Computation took 1.063727 s
    Reading took     154.734000 us
  Sample 88...
Starting computation...
    Writing took     4.224896 ms
    Computation took 1.072650 s
    Reading took     155.106000 us
  Sample 89...
Starting computation...
    Writing took     4.179197 ms
    Computation took 1.065871 s
    Reading took     153.973000 us
  Sample 90...
Starting computation...
    Writing took     4.253356 ms
    Computation took 1.068432 s
    Reading took     154.746000 us
  Sample 91...
Starting computation...
    Writing took     4.150106 ms
    Computation took 1.068563 s
    Reading took     154.830000 us
  Sample 92...
Starting computation...
    Writing took     4.148759 ms
    Computation took 1.068452 s
    Reading took     155.201000 us
  Sample 93...
Starting computation...
    Writing took     4.155571 ms
    Computation took 1.077248 s
    Reading took     204.422000 us
  Sample 94...
Starting computation...
    Writing took     4.188558 ms
    Computation took 1.058769 s
    Reading took     154.817000 us
  Sample 95...
Starting computation...
    Writing took     4.193174 ms
    Computation took 1.068711 s
    Reading took     160.224000 us
  Sample 96...
Starting computation...
    Writing took     4.199787 ms
    Computation took 1.068378 s
    Reading took     155.923000 us
  Sample 97...
Starting computation...
    Writing took     4.223952 ms
    Computation took 1.068432 s
    Reading took     153.949000 us
  Sample 98...
Starting computation...
    Writing took     4.224608 ms
    Computation took 1.069918 s
    Reading took     255.877000 us
  Sample 99...
Starting computation...
    Writing took     7.180204 ms
    Computation took 1.068711 s
    Reading took     157.059000 us
Mean computation time: 1.064916 s
Mean deviation: 5.097325 ms (0.47866%)
Mean computation time (per hash): 17.748607 ms
Mean deviation (per hash): 84.955000 us
