Using device #0: CUDA Device 'Tesla K20Xm'
  Sample 0...
Starting computation...
    Writing took     4.762422 ms
    Computation took 1.059157 s
    Reading took     158.353000 us
  Sample 1...
Starting computation...
    Writing took     4.073142 ms
    Computation took 1.058712 s
    Reading took     155.465000 us
  Sample 2...
Starting computation...
    Writing took     4.102577 ms
    Computation took 1.057734 s
    Reading took     151.169000 us
  Sample 3...
Starting computation...
    Writing took     4.005293 ms
    Computation took 1.059533 s
    Reading took     186.862000 us
  Sample 4...
Starting computation...
    Writing took     6.551278 ms
    Computation took 1.057716 s
    Reading took     145.606000 us
  Sample 5...
Starting computation...
    Writing took     3.854779 ms
    Computation took 1.058124 s
    Reading took     151.822000 us
  Sample 6...
Starting computation...
    Writing took     4.065990 ms
    Computation took 1.057698 s
    Reading took     173.798000 us
  Sample 7...
Starting computation...
    Writing took     4.504491 ms
    Computation took 1.059276 s
    Reading took     162.672000 us
  Sample 8...
Starting computation...
    Writing took     4.040005 ms
    Computation took 1.058628 s
    Reading took     148.494000 us
  Sample 9...
Starting computation...
    Writing took     4.030522 ms
    Computation took 1.059116 s
    Reading took     168.493000 us
  Sample 10...
Starting computation...
    Writing took     4.548250 ms
    Computation took 1.056000 s
    Reading took     156.510000 us
  Sample 11...
Starting computation...
    Writing took     4.067822 ms
    Computation took 1.056877 s
    Reading took     167.814000 us
  Sample 12...
Starting computation...
    Writing took     3.857748 ms
    Computation took 1.057527 s
    Reading took     165.079000 us
  Sample 13...
Starting computation...
    Writing took     4.018670 ms
    Computation took 1.056989 s
    Reading took     161.769000 us
  Sample 14...
Starting computation...
    Writing took     4.003617 ms
    Computation took 1.056639 s
    Reading took     172.682000 us
  Sample 15...
Starting computation...
    Writing took     4.120361 ms
    Computation took 1.058468 s
    Reading took     157.555000 us
  Sample 16...
Starting computation...
    Writing took     4.092282 ms
    Computation took 1.059811 s
    Reading took     153.832000 us
  Sample 17...
Starting computation...
    Writing took     4.088283 ms
    Computation took 1.060452 s
    Reading took     155.653000 us
  Sample 18...
Starting computation...
    Writing took     4.056296 ms
    Computation took 1.062740 s
    Reading took     158.643000 us
  Sample 19...
Starting computation...
    Writing took     4.304287 ms
    Computation took 1.058770 s
    Reading took     157.319000 us
  Sample 20...
Starting computation...
    Writing took     4.095250 ms
    Computation took 1.059442 s
    Reading took     146.563000 us
  Sample 21...
Starting computation...
    Writing took     3.999309 ms
    Computation took 1.060566 s
    Reading took     150.652000 us
  Sample 22...
Starting computation...
    Writing took     4.103788 ms
    Computation took 1.059422 s
    Reading took     156.202000 us
  Sample 23...
Starting computation...
    Writing took     4.073316 ms
    Computation took 1.060612 s
    Reading took     155.674000 us
  Sample 24...
Starting computation...
    Writing took     4.059149 ms
    Computation took 1.059408 s
    Reading took     162.169000 us
  Sample 25...
Starting computation...
    Writing took     4.276735 ms
    Computation took 1.061153 s
    Reading took     153.849000 us
  Sample 26...
Starting computation...
    Writing took     3.552191 ms
    Computation took 1.058755 s
    Reading took     159.195000 us
  Sample 27...
Starting computation...
    Writing took     4.353653 ms
    Computation took 1.058327 s
    Reading took     156.450000 us
  Sample 28...
Starting computation...
    Writing took     4.243194 ms
    Computation took 1.060259 s
    Reading took     157.947000 us
  Sample 29...
Starting computation...
    Writing took     4.183115 ms
    Computation took 1.059631 s
    Reading took     183.482000 us
  Sample 30...
Starting computation...
    Writing took     4.640146 ms
    Computation took 1.057911 s
    Reading took     152.192000 us
  Sample 31...
Starting computation...
    Writing took     4.066218 ms
    Computation took 1.059683 s
    Reading took     149.149000 us
  Sample 32...
Starting computation...
    Writing took     3.963662 ms
    Computation took 1.062486 s
    Reading took     168.562000 us
  Sample 33...
Starting computation...
    Writing took     4.554505 ms
    Computation took 1.059755 s
    Reading took     170.676000 us
  Sample 34...
Starting computation...
    Writing took     4.005697 ms
    Computation took 1.057797 s
    Reading took     156.340000 us
  Sample 35...
Starting computation...
    Writing took     3.908202 ms
    Computation took 1.059470 s
    Reading took     162.368000 us
  Sample 36...
Starting computation...
    Writing took     4.012668 ms
    Computation took 1.058654 s
    Reading took     166.182000 us
  Sample 37...
Starting computation...
    Writing took     4.041724 ms
    Computation took 1.061874 s
    Reading took     162.463000 us
  Sample 38...
Starting computation...
    Writing took     4.009071 ms
    Computation took 1.061895 s
    Reading took     161.704000 us
  Sample 39...
Starting computation...
    Writing took     4.023713 ms
    Computation took 1.060344 s
    Reading took     162.066000 us
  Sample 40...
Starting computation...
    Writing took     4.008191 ms
    Computation took 1.060332 s
    Reading took     168.787000 us
  Sample 41...
Starting computation...
    Writing took     4.147157 ms
    Computation took 1.060044 s
    Reading took     169.903000 us
  Sample 42...
Starting computation...
    Writing took     4.152056 ms
    Computation took 1.061824 s
    Reading took     170.203000 us
  Sample 43...
Starting computation...
    Writing took     4.606678 ms
    Computation took 1.063525 s
    Reading took     148.859000 us
  Sample 44...
Starting computation...
    Writing took     4.061004 ms
    Computation took 1.063683 s
    Reading took     158.826000 us
  Sample 45...
Starting computation...
    Writing took     4.230470 ms
    Computation took 1.062059 s
    Reading took     166.669000 us
  Sample 46...
Starting computation...
    Writing took     4.512914 ms
    Computation took 1.062079 s
    Reading took     151.153000 us
  Sample 47...
Starting computation...
    Writing took     4.078396 ms
    Computation took 1.061655 s
    Reading took     155.331000 us
  Sample 48...
Starting computation...
    Writing took     3.995161 ms
    Computation took 1.064407 s
    Reading took     163.374000 us
  Sample 49...
Starting computation...
    Writing took     4.580824 ms
    Computation took 1.062799 s
    Reading took     159.038000 us
  Sample 50...
Starting computation...
    Writing took     4.251753 ms
    Computation took 1.061258 s
    Reading took     208.796000 us
  Sample 51...
Starting computation...
    Writing took     7.002089 ms
    Computation took 1.063852 s
    Reading took     181.327000 us
  Sample 52...
Starting computation...
    Writing took     4.474358 ms
    Computation took 1.061631 s
    Reading took     153.808000 us
  Sample 53...
Starting computation...
    Writing took     3.762109 ms
    Computation took 1.062269 s
    Reading took     182.708000 us
  Sample 54...
Starting computation...
    Writing took     4.466066 ms
    Computation took 1.061859 s
    Reading took     182.765000 us
  Sample 55...
Starting computation...
    Writing took     3.986019 ms
    Computation took 1.061799 s
    Reading took     162.437000 us
  Sample 56...
Starting computation...
    Writing took     3.970465 ms
    Computation took 1.061550 s
    Reading took     173.781000 us
  Sample 57...
Starting computation...
    Writing took     3.950143 ms
    Computation took 1.062070 s
    Reading took     158.922000 us
  Sample 58...
Starting computation...
    Writing took     3.976141 ms
    Computation took 1.062592 s
    Reading took     168.159000 us
  Sample 59...
Starting computation...
    Writing took     4.003682 ms
    Computation took 1.061372 s
    Reading took     161.316000 us
  Sample 60...
Starting computation...
    Writing took     4.016715 ms
    Computation took 1.060945 s
    Reading took     200.282000 us
  Sample 61...
Starting computation...
    Writing took     6.119210 ms
    Computation took 1.061134 s
    Reading took     161.387000 us
  Sample 62...
Starting computation...
    Writing took     3.967045 ms
    Computation took 1.061145 s
    Reading took     161.526000 us
  Sample 63...
Starting computation...
    Writing took     3.989172 ms
    Computation took 1.061240 s
    Reading took     161.648000 us
  Sample 64...
Starting computation...
    Writing took     4.021492 ms
    Computation took 1.061297 s
    Reading took     167.638000 us
  Sample 65...
Starting computation...
    Writing took     4.018561 ms
    Computation took 1.062326 s
    Reading took     151.253000 us
  Sample 66...
Starting computation...
    Writing took     4.060007 ms
    Computation took 1.062327 s
    Reading took     144.810000 us
  Sample 67...
Starting computation...
    Writing took     3.762917 ms
    Computation took 1.064317 s
    Reading took     134.903000 us
  Sample 68...
Starting computation...
    Writing took     3.372650 ms
    Computation took 1.062698 s
    Reading took     152.260000 us
  Sample 69...
Starting computation...
    Writing took     4.097322 ms
    Computation took 1.061413 s
    Reading took     168.292000 us
  Sample 70...
Starting computation...
    Writing took     4.531711 ms
    Computation took 1.064518 s
    Reading took     157.307000 us
  Sample 71...
Starting computation...
    Writing took     4.081548 ms
    Computation took 1.062960 s
    Reading took     154.605000 us
  Sample 72...
Starting computation...
    Writing took     4.074230 ms
    Computation took 1.063791 s
    Reading took     153.398000 us
  Sample 73...
Starting computation...
    Writing took     4.083232 ms
    Computation took 1.063689 s
    Reading took     154.599000 us
  Sample 74...
Starting computation...
    Writing took     4.073523 ms
    Computation took 1.062300 s
    Reading took     161.814000 us
  Sample 75...
Starting computation...
    Writing took     3.859179 ms
    Computation took 1.063640 s
    Reading took     156.364000 us
  Sample 76...
Starting computation...
    Writing took     3.993119 ms
    Computation took 1.062960 s
    Reading took     168.198000 us
  Sample 77...
Starting computation...
    Writing took     4.546070 ms
    Computation took 1.063621 s
    Reading took     154.959000 us
  Sample 78...
Starting computation...
    Writing took     4.022532 ms
    Computation took 1.062434 s
    Reading took     152.234000 us
  Sample 79...
Starting computation...
    Writing took     4.089421 ms
    Computation took 1.062500 s
    Reading took     176.900000 us
  Sample 80...
Starting computation...
    Writing took     4.581039 ms
    Computation took 1.063386 s
    Reading took     151.867000 us
  Sample 81...
Starting computation...
    Writing took     4.070473 ms
    Computation took 1.064504 s
    Reading took     168.852000 us
  Sample 82...
Starting computation...
    Writing took     4.592084 ms
    Computation took 1.062012 s
    Reading took     151.969000 us
  Sample 83...
Starting computation...
    Writing took     4.042869 ms
    Computation took 1.061869 s
    Reading took     155.085000 us
  Sample 84...
Starting computation...
    Writing took     4.088325 ms
    Computation took 1.063655 s
    Reading took     150.368000 us
  Sample 85...
Starting computation...
    Writing took     4.086559 ms
    Computation took 1.063635 s
    Reading took     149.792000 us
  Sample 86...
Starting computation...
    Writing took     4.049575 ms
    Computation took 1.064618 s
    Reading took     154.174000 us
  Sample 87...
Starting computation...
    Writing took     4.020289 ms
    Computation took 1.064786 s
    Reading took     154.749000 us
  Sample 88...
Starting computation...
    Writing took     4.088582 ms
    Computation took 1.064848 s
    Reading took     156.890000 us
  Sample 89...
Starting computation...
    Writing took     4.146645 ms
    Computation took 1.062899 s
    Reading took     149.300000 us
  Sample 90...
Starting computation...
    Writing took     4.056513 ms
    Computation took 1.063342 s
    Reading took     192.113000 us
  Sample 91...
Starting computation...
    Writing took     4.949246 ms
    Computation took 1.061571 s
    Reading took     152.362000 us
  Sample 92...
Starting computation...
    Writing took     4.065293 ms
    Computation took 1.064147 s
    Reading took     169.425000 us
  Sample 93...
Starting computation...
    Writing took     4.527366 ms
    Computation took 1.062686 s
    Reading took     153.704000 us
  Sample 94...
Starting computation...
    Writing took     4.058631 ms
    Computation took 1.060080 s
    Reading took     148.799000 us
  Sample 95...
Starting computation...
    Writing took     4.025972 ms
    Computation took 1.060612 s
    Reading took     171.504000 us
  Sample 96...
Starting computation...
    Writing took     4.575959 ms
    Computation took 1.061869 s
    Reading took     161.808000 us
  Sample 97...
Starting computation...
    Writing took     4.061991 ms
    Computation took 1.061273 s
    Reading took     149.948000 us
  Sample 98...
Starting computation...
    Writing took     4.011192 ms
    Computation took 1.062191 s
    Reading took     174.460000 us
  Sample 99...
Starting computation...
    Writing took     4.554593 ms
    Computation took 1.062671 s
    Reading took     149.661000 us
Mean computation time: 1.061180 s
Mean deviation: 1.760478 ms (0.165898%)
Mean computation time (per hash): 17.686329 ms
Mean deviation (per hash): 29.341000 us
