Using device #0: CUDA Device 'Tesla K20Xm'
  Sample 0...
Starting computation...
    Writing took     4.248372 ms
    Computation took 978.616015 ms
    Reading took     160.157000 us
  Sample 1...
Starting computation...
    Writing took     4.205294 ms
    Computation took 978.788238 ms
    Reading took     159.814000 us
  Sample 2...
Starting computation...
    Writing took     4.221408 ms
    Computation took 980.443033 ms
    Reading took     154.434000 us
  Sample 3...
Starting computation...
    Writing took     4.209350 ms
    Computation took 982.704811 ms
    Reading took     159.431000 us
  Sample 4...
Starting computation...
    Writing took     4.215725 ms
    Computation took 983.140898 ms
    Reading took     155.828000 us
  Sample 5...
Starting computation...
    Writing took     4.237620 ms
    Computation took 995.348150 ms
    Reading took     160.024000 us
  Sample 6...
Starting computation...
    Writing took     4.158152 ms
    Computation took 993.190330 ms
    Reading took     194.199000 us
  Sample 7...
Starting computation...
    Writing took     3.702888 ms
    Computation took 994.135961 ms
    Reading took     289.760000 us
  Sample 8...
Starting computation...
    Writing took     4.397743 ms
    Computation took 987.713183 ms
    Reading took     267.174000 us
  Sample 9...
Starting computation...
    Writing took     4.251654 ms
    Computation took 989.589166 ms
    Reading took     259.922000 us
  Sample 10...
Starting computation...
    Writing took     4.279369 ms
    Computation took 989.239066 ms
    Reading took     295.940000 us
  Sample 11...
Starting computation...
    Writing took     4.291808 ms
    Computation took 991.834424 ms
    Reading took     245.603000 us
  Sample 12...
Starting computation...
    Writing took     4.177814 ms
    Computation took 985.255216 ms
    Reading took     193.536000 us
  Sample 13...
Starting computation...
    Writing took     4.050874 ms
    Computation took 983.050595 ms
    Reading took     184.472000 us
  Sample 14...
Starting computation...
    Writing took     3.723367 ms
    Computation took 983.199852 ms
    Reading took     180.697000 us
  Sample 15...
Starting computation...
    Writing took     3.735621 ms
    Computation took 983.920384 ms
    Reading took     182.676000 us
  Sample 16...
Starting computation...
    Writing took     3.721209 ms
    Computation took 998.141277 ms
    Reading took     248.537000 us
  Sample 17...
Starting computation...
    Writing took     3.894927 ms
    Computation took 984.277906 ms
    Reading took     154.777000 us
  Sample 18...
Starting computation...
    Writing took     4.158640 ms
    Computation took 985.240026 ms
    Reading took     154.629000 us
  Sample 19...
Starting computation...
    Writing took     4.129836 ms
    Computation took 986.300396 ms
    Reading took     223.285000 us
  Sample 20...
Starting computation...
    Writing took     4.571987 ms
    Computation took 987.519511 ms
    Reading took     183.080000 us
  Sample 21...
Starting computation...
    Writing took     3.785053 ms
    Computation took 988.819392 ms
    Reading took     187.790000 us
  Sample 22...
Starting computation...
    Writing took     3.732507 ms
    Computation took 990.486025 ms
    Reading took     177.351000 us
  Sample 23...
Starting computation...
    Writing took     3.761357 ms
    Computation took 990.460774 ms
    Reading took     192.931000 us
  Sample 24...
Starting computation...
    Writing took     3.863298 ms
    Computation took 994.013052 ms
    Reading took     176.458000 us
  Sample 25...
Starting computation...
    Writing took     3.808749 ms
    Computation took 984.322788 ms
    Reading took     195.372000 us
  Sample 26...
Starting computation...
    Writing took     3.885320 ms
    Computation took 984.941035 ms
    Reading took     194.860000 us
  Sample 27...
Starting computation...
    Writing took     3.854809 ms
    Computation took 981.065727 ms
    Reading took     226.535000 us
  Sample 28...
Starting computation...
    Writing took     4.550837 ms
    Computation took 980.271342 ms
    Reading took     208.930000 us
  Sample 29...
Starting computation...
    Writing took     4.088271 ms
    Computation took 997.392281 ms
    Reading took     187.196000 us
  Sample 30...
Starting computation...
    Writing took     3.841564 ms
    Computation took 981.720068 ms
    Reading took     175.686000 us
  Sample 31...
Starting computation...
    Writing took     3.775149 ms
    Computation took 997.123649 ms
    Reading took     224.024000 us
  Sample 32...
Starting computation...
    Writing took     4.521626 ms
    Computation took 997.042126 ms
    Reading took     175.478000 us
  Sample 33...
Starting computation...
    Writing took     3.703664 ms
    Computation took 985.253764 ms
    Reading took     155.891000 us
  Sample 34...
Starting computation...
    Writing took     4.146247 ms
    Computation took 996.656255 ms
    Reading took     156.437000 us
  Sample 35...
Starting computation...
    Writing took     4.169014 ms
    Computation took 992.505998 ms
    Reading took     154.459000 us
  Sample 36...
Starting computation...
    Writing took     4.115611 ms
    Computation took 994.990365 ms
    Reading took     154.734000 us
  Sample 37...
Starting computation...
    Writing took     4.169022 ms
    Computation took 988.887455 ms
    Reading took     162.958000 us
  Sample 38...
Starting computation...
    Writing took     4.119864 ms
    Computation took 989.945320 ms
    Reading took     159.678000 us
  Sample 39...
Starting computation...
    Writing took     4.182979 ms
    Computation took 994.597531 ms
    Reading took     156.650000 us
  Sample 40...
Starting computation...
    Writing took     4.195405 ms
    Computation took 994.576227 ms
    Reading took     162.090000 us
  Sample 41...
Starting computation...
    Writing took     4.157680 ms
    Computation took 985.571094 ms
    Reading took     149.969000 us
  Sample 42...
Starting computation...
    Writing took     4.005885 ms
    Computation took 995.787530 ms
    Reading took     153.550000 us
  Sample 43...
Starting computation...
    Writing took     4.164407 ms
    Computation took 982.187003 ms
    Reading took     156.923000 us
  Sample 44...
Starting computation...
    Writing took     4.138811 ms
    Computation took 993.865967 ms
    Reading took     157.032000 us
  Sample 45...
Starting computation...
    Writing took     4.215472 ms
    Computation took 982.104360 ms
    Reading took     156.123000 us
  Sample 46...
Starting computation...
    Writing took     4.157771 ms
    Computation took 982.214611 ms
    Reading took     203.844000 us
  Sample 47...
Starting computation...
    Writing took     4.179484 ms
    Computation took 996.015474 ms
    Reading took     157.082000 us
  Sample 48...
Starting computation...
    Writing took     4.199213 ms
    Computation took 996.631786 ms
    Reading took     154.212000 us
  Sample 49...
Starting computation...
    Writing took     4.037309 ms
    Computation took 983.533933 ms
    Reading took     156.102000 us
  Sample 50...
Starting computation...
    Writing took     4.234053 ms
    Computation took 996.538556 ms
    Reading took     154.170000 us
  Sample 51...
Starting computation...
    Writing took     4.135394 ms
    Computation took 987.055762 ms
    Reading took     154.473000 us
  Sample 52...
Starting computation...
    Writing took     4.127792 ms
    Computation took 990.850012 ms
    Reading took     156.531000 us
  Sample 53...
Starting computation...
    Writing took     4.133532 ms
    Computation took 989.002689 ms
    Reading took     153.365000 us
  Sample 54...
Starting computation...
    Writing took     4.156524 ms
    Computation took 995.421146 ms
    Reading took     152.639000 us
  Sample 55...
Starting computation...
    Writing took     4.125591 ms
    Computation took 988.890914 ms
    Reading took     154.480000 us
  Sample 56...
Starting computation...
    Writing took     4.139078 ms
    Computation took 986.512512 ms
    Reading took     154.936000 us
  Sample 57...
Starting computation...
    Writing took     4.142400 ms
    Computation took 994.604352 ms
    Reading took     144.515000 us
  Sample 58...
Starting computation...
    Writing took     3.866287 ms
    Computation took 984.287494 ms
    Reading took     146.259000 us
  Sample 59...
Starting computation...
    Writing took     3.883492 ms
    Computation took 992.033189 ms
    Reading took     143.240000 us
  Sample 60...
Starting computation...
    Writing took     3.875481 ms
    Computation took 984.505154 ms
    Reading took     150.340000 us
  Sample 61...
Starting computation...
    Writing took     3.871114 ms
    Computation took 984.378528 ms
    Reading took     154.239000 us
  Sample 62...
Starting computation...
    Writing took     4.194217 ms
    Computation took 984.268155 ms
    Reading took     160.980000 us
  Sample 63...
Starting computation...
    Writing took     4.133255 ms
    Computation took 991.969529 ms
    Reading took     155.504000 us
  Sample 64...
Starting computation...
    Writing took     4.135474 ms
    Computation took 984.213154 ms
    Reading took     153.799000 us
  Sample 65...
Starting computation...
    Writing took     4.118156 ms
    Computation took 994.055429 ms
    Reading took     159.677000 us
  Sample 66...
Starting computation...
    Writing took     4.164352 ms
    Computation took 992.229946 ms
    Reading took     237.287000 us
  Sample 67...
Starting computation...
    Writing took     6.430699 ms
    Computation took 987.402939 ms
    Reading took     155.954000 us
  Sample 68...
Starting computation...
    Writing took     4.144985 ms
    Computation took 990.884611 ms
    Reading took     219.456000 us
  Sample 69...
Starting computation...
    Writing took     4.169193 ms
    Computation took 988.136555 ms
    Reading took     236.759000 us
  Sample 70...
Starting computation...
    Writing took     3.889504 ms
    Computation took 986.600356 ms
    Reading took     180.803000 us
  Sample 71...
Starting computation...
    Writing took     3.730583 ms
    Computation took 984.316072 ms
    Reading took     225.379000 us
  Sample 72...
Starting computation...
    Writing took     3.927740 ms
    Computation took 992.679925 ms
    Reading took     168.138000 us
  Sample 73...
Starting computation...
    Writing took     3.725331 ms
    Computation took 985.001395 ms
    Reading took     187.614000 us
  Sample 74...
Starting computation...
    Writing took     3.898398 ms
    Computation took 994.330107 ms
    Reading took     172.923000 us
  Sample 75...
Starting computation...
    Writing took     3.694910 ms
    Computation took 983.835263 ms
    Reading took     155.057000 us
  Sample 76...
Starting computation...
    Writing took     4.203846 ms
    Computation took 994.426951 ms
    Reading took     160.601000 us
  Sample 77...
Starting computation...
    Writing took     4.317076 ms
    Computation took 983.619906 ms
    Reading took     154.849000 us
  Sample 78...
Starting computation...
    Writing took     4.168104 ms
    Computation took 984.358485 ms
    Reading took     159.904000 us
  Sample 79...
Starting computation...
    Writing took     4.141183 ms
    Computation took 984.413857 ms
    Reading took     166.960000 us
  Sample 80...
Starting computation...
    Writing took     4.270283 ms
    Computation took 988.072347 ms
    Reading took     357.423000 us
  Sample 81...
Starting computation...
    Writing took     8.835270 ms
    Computation took 990.178112 ms
    Reading took     188.359000 us
  Sample 82...
Starting computation...
    Writing took     3.809065 ms
    Computation took 992.610567 ms
    Reading took     171.190000 us
  Sample 83...
Starting computation...
    Writing took     3.587149 ms
    Computation took 1.010479 s
    Reading took     165.664000 us
  Sample 84...
Starting computation...
    Writing took     3.731534 ms
    Computation took 992.400240 ms
    Reading took     169.787000 us
  Sample 85...
Starting computation...
    Writing took     3.719740 ms
    Computation took 986.852232 ms
    Reading took     171.932000 us
  Sample 86...
Starting computation...
    Writing took     3.865748 ms
    Computation took 994.757111 ms
    Reading took     178.068000 us
  Sample 87...
Starting computation...
    Writing took     3.740784 ms
    Computation took 981.937962 ms
    Reading took     253.144000 us
  Sample 88...
Starting computation...
    Writing took     6.965270 ms
    Computation took 981.916203 ms
    Reading took     201.001000 us
  Sample 89...
Starting computation...
    Writing took     3.849698 ms
    Computation took 981.588857 ms
    Reading took     154.539000 us
  Sample 90...
Starting computation...
    Writing took     4.146629 ms
    Computation took 981.719513 ms
    Reading took     153.879000 us
  Sample 91...
Starting computation...
    Writing took     4.108768 ms
    Computation took 994.613731 ms
    Reading took     160.093000 us
  Sample 92...
Starting computation...
    Writing took     4.164289 ms
    Computation took 984.780706 ms
    Reading took     155.018000 us
  Sample 93...
Starting computation...
    Writing took     4.144373 ms
    Computation took 987.634603 ms
    Reading took     155.960000 us
  Sample 94...
Starting computation...
    Writing took     4.231726 ms
    Computation took 990.175976 ms
    Reading took     278.835000 us
  Sample 95...
Starting computation...
    Writing took     6.745054 ms
    Computation took 996.174946 ms
    Reading took     184.777000 us
  Sample 96...
Starting computation...
    Writing took     4.494676 ms
    Computation took 991.513416 ms
    Reading took     182.619000 us
  Sample 97...
Starting computation...
    Writing took     3.873214 ms
    Computation took 985.633119 ms
    Reading took     173.308000 us
  Sample 98...
Starting computation...
    Writing took     3.718309 ms
    Computation took 996.125449 ms
    Reading took     212.196000 us
  Sample 99...
Starting computation...
    Writing took     4.478727 ms
    Computation took 981.235172 ms
    Reading took     176.370000 us
Mean computation time: 988.758532 ms
Mean deviation: 4.781061 ms (0.483542%)
Mean computation time (per hash): 16.479308 ms
Mean deviation (per hash): 79.684000 us
