Using device #0: CUDA Device 'Tesla K20Xm'
  Sample 0...
Starting computation...
    Writing took     3.982380 ms
    Computation took 949.559061 ms
    Reading took     151.629000 us
  Sample 1...
Starting computation...
    Writing took     4.005190 ms
    Computation took 949.002721 ms
    Reading took     154.098000 us
  Sample 2...
Starting computation...
    Writing took     3.986421 ms
    Computation took 951.752341 ms
    Reading took     148.715000 us
  Sample 3...
Starting computation...
    Writing took     3.975242 ms
    Computation took 952.823971 ms
    Reading took     169.668000 us
  Sample 4...
Starting computation...
    Writing took     4.388547 ms
    Computation took 949.770993 ms
    Reading took     158.861000 us
  Sample 5...
Starting computation...
    Writing took     4.115280 ms
    Computation took 949.700157 ms
    Reading took     159.488000 us
  Sample 6...
Starting computation...
    Writing took     4.029524 ms
    Computation took 949.439887 ms
    Reading took     154.234000 us
  Sample 7...
Starting computation...
    Writing took     4.018096 ms
    Computation took 951.171404 ms
    Reading took     150.280000 us
  Sample 8...
Starting computation...
    Writing took     4.046502 ms
    Computation took 951.773329 ms
    Reading took     148.221000 us
  Sample 9...
Starting computation...
    Writing took     4.035800 ms
    Computation took 952.235617 ms
    Reading took     153.565000 us
  Sample 10...
Starting computation...
    Writing took     4.206104 ms
    Computation took 952.303037 ms
    Reading took     149.623000 us
  Sample 11...
Starting computation...
    Writing took     4.005961 ms
    Computation took 951.123141 ms
    Reading took     149.857000 us
  Sample 12...
Starting computation...
    Writing took     4.028513 ms
    Computation took 949.761276 ms
    Reading took     150.881000 us
  Sample 13...
Starting computation...
    Writing took     4.039391 ms
    Computation took 950.665537 ms
    Reading took     155.254000 us
  Sample 14...
Starting computation...
    Writing took     4.043166 ms
    Computation took 950.887552 ms
    Reading took     353.349000 us
  Sample 15...
Starting computation...
    Writing took     7.858460 ms
    Computation took 950.015716 ms
    Reading took     190.222000 us
  Sample 16...
Starting computation...
    Writing took     3.920989 ms
    Computation took 949.996353 ms
    Reading took     144.943000 us
  Sample 17...
Starting computation...
    Writing took     3.401134 ms
    Computation took 951.977260 ms
    Reading took     200.946000 us
  Sample 18...
Starting computation...
    Writing took     4.073991 ms
    Computation took 951.084082 ms
    Reading took     239.690000 us
  Sample 19...
Starting computation...
    Writing took     4.257009 ms
    Computation took 950.299446 ms
    Reading took     256.184000 us
  Sample 20...
Starting computation...
    Writing took     4.358892 ms
    Computation took 952.972498 ms
    Reading took     217.383000 us
  Sample 21...
Starting computation...
    Writing took     4.100361 ms
    Computation took 952.331967 ms
    Reading took     225.358000 us
  Sample 22...
Starting computation...
    Writing took     4.098350 ms
    Computation took 950.215279 ms
    Reading took     282.532000 us
  Sample 23...
Starting computation...
    Writing took     6.550938 ms
    Computation took 951.474257 ms
    Reading took     222.959000 us
  Sample 24...
Starting computation...
    Writing took     3.991058 ms
    Computation took 951.459682 ms
    Reading took     203.141000 us
  Sample 25...
Starting computation...
    Writing took     4.022840 ms
    Computation took 953.412212 ms
    Reading took     260.343000 us
  Sample 26...
Starting computation...
    Writing took     4.825316 ms
    Computation took 951.336647 ms
    Reading took     214.680000 us
  Sample 27...
Starting computation...
    Writing took     4.073553 ms
    Computation took 949.226795 ms
    Reading took     212.369000 us
  Sample 28...
Starting computation...
    Writing took     4.013389 ms
    Computation took 950.865817 ms
    Reading took     199.567000 us
  Sample 29...
Starting computation...
    Writing took     4.042950 ms
    Computation took 951.006033 ms
    Reading took     208.804000 us
  Sample 30...
Starting computation...
    Writing took     4.066925 ms
    Computation took 952.306745 ms
    Reading took     238.132000 us
  Sample 31...
Starting computation...
    Writing took     4.550040 ms
    Computation took 951.416246 ms
    Reading took     200.656000 us
  Sample 32...
Starting computation...
    Writing took     4.177057 ms
    Computation took 952.591959 ms
    Reading took     185.966000 us
  Sample 33...
Starting computation...
    Writing took     3.695448 ms
    Computation took 949.704792 ms
    Reading took     198.845000 us
  Sample 34...
Starting computation...
    Writing took     4.529830 ms
    Computation took 951.941840 ms
    Reading took     166.022000 us
  Sample 35...
Starting computation...
    Writing took     3.755571 ms
    Computation took 950.595110 ms
    Reading took     147.561000 us
  Sample 36...
Starting computation...
    Writing took     11.696444 ms
    Computation took 951.847440 ms
    Reading took     198.112000 us
  Sample 37...
Starting computation...
    Writing took     3.899591 ms
    Computation took 951.651703 ms
    Reading took     236.283000 us
  Sample 38...
Starting computation...
    Writing took     4.011283 ms
    Computation took 951.360418 ms
    Reading took     145.363000 us
  Sample 39...
Starting computation...
    Writing took     3.843067 ms
    Computation took 948.711547 ms
    Reading took     153.914000 us
  Sample 40...
Starting computation...
    Writing took     3.996345 ms
    Computation took 948.976758 ms
    Reading took     150.623000 us
  Sample 41...
Starting computation...
    Writing took     4.005811 ms
    Computation took 950.592666 ms
    Reading took     163.218000 us
  Sample 42...
Starting computation...
    Writing took     4.014572 ms
    Computation took 948.823271 ms
    Reading took     153.990000 us
  Sample 43...
Starting computation...
    Writing took     4.115464 ms
    Computation took 952.266908 ms
    Reading took     156.163000 us
  Sample 44...
Starting computation...
    Writing took     4.030597 ms
    Computation took 951.520537 ms
    Reading took     149.372000 us
  Sample 45...
Starting computation...
    Writing took     4.023463 ms
    Computation took 949.884218 ms
    Reading took     162.482000 us
  Sample 46...
Starting computation...
    Writing took     4.314548 ms
    Computation took 951.835919 ms
    Reading took     155.354000 us
  Sample 47...
Starting computation...
    Writing took     4.019906 ms
    Computation took 951.109820 ms
    Reading took     151.563000 us
  Sample 48...
Starting computation...
    Writing took     4.048380 ms
    Computation took 950.578944 ms
    Reading took     147.886000 us
  Sample 49...
Starting computation...
    Writing took     4.072329 ms
    Computation took 949.550878 ms
    Reading took     154.618000 us
  Sample 50...
Starting computation...
    Writing took     4.048379 ms
    Computation took 948.749555 ms
    Reading took     156.384000 us
  Sample 51...
Starting computation...
    Writing took     4.048503 ms
    Computation took 952.679458 ms
    Reading took     153.819000 us
  Sample 52...
Starting computation...
    Writing took     4.124095 ms
    Computation took 952.521690 ms
    Reading took     155.458000 us
  Sample 53...
Starting computation...
    Writing took     4.145464 ms
    Computation took 950.136755 ms
    Reading took     153.096000 us
  Sample 54...
Starting computation...
    Writing took     5.026938 ms
    Computation took 951.957463 ms
    Reading took     172.262000 us
  Sample 55...
Starting computation...
    Writing took     3.679040 ms
    Computation took 952.032876 ms
    Reading took     201.992000 us
  Sample 56...
Starting computation...
    Writing took     3.957699 ms
    Computation took 952.456106 ms
    Reading took     288.230000 us
  Sample 57...
Starting computation...
    Writing took     4.611806 ms
    Computation took 950.151939 ms
    Reading took     368.326000 us
  Sample 58...
Starting computation...
    Writing took     4.552710 ms
    Computation took 950.875311 ms
    Reading took     238.865000 us
  Sample 59...
Starting computation...
    Writing took     4.245265 ms
    Computation took 951.865042 ms
    Reading took     269.218000 us
  Sample 60...
Starting computation...
    Writing took     4.648142 ms
    Computation took 951.763029 ms
    Reading took     229.904000 us
  Sample 61...
Starting computation...
    Writing took     4.013780 ms
    Computation took 950.683726 ms
    Reading took     237.594000 us
  Sample 62...
Starting computation...
    Writing took     4.191700 ms
    Computation took 951.490170 ms
    Reading took     216.973000 us
  Sample 63...
Starting computation...
    Writing took     4.092988 ms
    Computation took 951.484155 ms
    Reading took     244.505000 us
  Sample 64...
Starting computation...
    Writing took     4.268879 ms
    Computation took 952.334955 ms
    Reading took     222.657000 us
  Sample 65...
Starting computation...
    Writing took     4.088348 ms
    Computation took 951.801412 ms
    Reading took     237.172000 us
  Sample 66...
Starting computation...
    Writing took     4.226239 ms
    Computation took 951.164521 ms
    Reading took     223.209000 us
  Sample 67...
Starting computation...
    Writing took     4.195205 ms
    Computation took 952.090970 ms
    Reading took     257.456000 us
  Sample 68...
Starting computation...
    Writing took     4.220761 ms
    Computation took 951.740707 ms
    Reading took     235.096000 us
  Sample 69...
Starting computation...
    Writing took     4.216108 ms
    Computation took 951.083085 ms
    Reading took     214.034000 us
  Sample 70...
Starting computation...
    Writing took     4.202247 ms
    Computation took 951.260253 ms
    Reading took     221.625000 us
  Sample 71...
Starting computation...
    Writing took     4.234859 ms
    Computation took 951.871609 ms
    Reading took     212.042000 us
  Sample 72...
Starting computation...
    Writing took     3.999904 ms
    Computation took 949.128311 ms
    Reading took     214.387000 us
  Sample 73...
Starting computation...
    Writing took     4.189436 ms
    Computation took 949.705281 ms
    Reading took     213.580000 us
  Sample 74...
Starting computation...
    Writing took     4.030155 ms
    Computation took 952.269199 ms
    Reading took     224.168000 us
  Sample 75...
Starting computation...
    Writing took     4.015540 ms
    Computation took 952.650292 ms
    Reading took     246.167000 us
  Sample 76...
Starting computation...
    Writing took     4.158578 ms
    Computation took 950.836654 ms
    Reading took     257.310000 us
  Sample 77...
Starting computation...
    Writing took     4.055136 ms
    Computation took 952.559639 ms
    Reading took     262.065000 us
  Sample 78...
Starting computation...
    Writing took     4.589427 ms
    Computation took 950.512227 ms
    Reading took     283.050000 us
  Sample 79...
Starting computation...
    Writing took     4.209009 ms
    Computation took 951.568319 ms
    Reading took     304.629000 us
  Sample 80...
Starting computation...
    Writing took     4.237548 ms
    Computation took 950.882835 ms
    Reading took     274.211000 us
  Sample 81...
Starting computation...
    Writing took     4.208075 ms
    Computation took 950.190833 ms
    Reading took     306.602000 us
  Sample 82...
Starting computation...
    Writing took     4.276598 ms
    Computation took 952.804329 ms
    Reading took     333.007000 us
  Sample 83...
Starting computation...
    Writing took     4.258686 ms
    Computation took 952.072719 ms
    Reading took     284.629000 us
  Sample 84...
Starting computation...
    Writing took     4.405721 ms
    Computation took 950.457227 ms
    Reading took     272.110000 us
  Sample 85...
Starting computation...
    Writing took     4.244725 ms
    Computation took 951.424983 ms
    Reading took     154.317000 us
  Sample 86...
Starting computation...
    Writing took     4.273578 ms
    Computation took 951.671777 ms
    Reading took     154.358000 us
  Sample 87...
Starting computation...
    Writing took     4.213913 ms
    Computation took 952.689631 ms
    Reading took     155.307000 us
  Sample 88...
Starting computation...
    Writing took     4.213937 ms
    Computation took 949.984578 ms
    Reading took     161.258000 us
  Sample 89...
Starting computation...
    Writing took     4.118061 ms
    Computation took 949.307564 ms
    Reading took     161.634000 us
  Sample 90...
Starting computation...
    Writing took     4.145465 ms
    Computation took 950.137119 ms
    Reading took     158.779000 us
  Sample 91...
Starting computation...
    Writing took     4.134034 ms
    Computation took 953.438603 ms
    Reading took     154.481000 us
  Sample 92...
Starting computation...
    Writing took     4.161322 ms
    Computation took 950.329507 ms
    Reading took     164.771000 us
  Sample 93...
Starting computation...
    Writing took     4.119417 ms
    Computation took 949.735492 ms
    Reading took     153.729000 us
  Sample 94...
Starting computation...
    Writing took     4.137178 ms
    Computation took 950.624625 ms
    Reading took     149.220000 us
  Sample 95...
Starting computation...
    Writing took     3.874518 ms
    Computation took 947.226251 ms
    Reading took     148.957000 us
  Sample 96...
Starting computation...
    Writing took     4.042085 ms
    Computation took 947.933539 ms
    Reading took     155.062000 us
  Sample 97...
Starting computation...
    Writing took     4.130833 ms
    Computation took 950.040064 ms
    Reading took     185.203000 us
  Sample 98...
Starting computation...
    Writing took     5.089408 ms
    Computation took 947.174046 ms
    Reading took     149.649000 us
  Sample 99...
Starting computation...
    Writing took     4.000170 ms
    Computation took 947.979937 ms
    Reading took     152.529000 us
Mean computation time: 950.944421 ms
Mean deviation: 1.076704 ms (0.113225%)
Mean computation time (per hash): 15.849073 ms
Mean deviation (per hash): 17.945000 us
