Using device #0: CUDA Device 'GeForce GTX 1080 Ti'
  Sample 0...
Starting computation...
    Writing took     5.942838 ms
    Computation took 206.732171 ms
    Reading took     135.766000 us
  Sample 1...
Starting computation...
    Writing took     3.591752 ms
    Computation took 206.488372 ms
    Reading took     140.095000 us
  Sample 2...
Starting computation...
    Writing took     3.550356 ms
    Computation took 206.488243 ms
    Reading took     109.084000 us
  Sample 3...
Starting computation...
    Writing took     2.972126 ms
    Computation took 206.502405 ms
    Reading took     205.148000 us
  Sample 4...
Starting computation...
    Writing took     4.631284 ms
    Computation took 206.466044 ms
    Reading took     132.185000 us
  Sample 5...
Starting computation...
    Writing took     3.287294 ms
    Computation took 206.472238 ms
    Reading took     133.724000 us
  Sample 6...
Starting computation...
    Writing took     3.324232 ms
    Computation took 206.451015 ms
    Reading took     132.832000 us
  Sample 7...
Starting computation...
    Writing took     3.315409 ms
    Computation took 206.506938 ms
    Reading took     201.465000 us
  Sample 8...
Starting computation...
    Writing took     4.311797 ms
    Computation took 206.534824 ms
    Reading took     130.874000 us
  Sample 9...
Starting computation...
    Writing took     3.278272 ms
    Computation took 206.531347 ms
    Reading took     131.394000 us
  Sample 10...
Starting computation...
    Writing took     3.333211 ms
    Computation took 206.523605 ms
    Reading took     133.467000 us
  Sample 11...
Starting computation...
    Writing took     3.262136 ms
    Computation took 206.492443 ms
    Reading took     133.093000 us
  Sample 12...
Starting computation...
    Writing took     3.317608 ms
    Computation took 210.249930 ms
    Reading took     164.134000 us
  Sample 13...
Starting computation...
    Writing took     5.131369 ms
    Computation took 206.609994 ms
    Reading took     130.579000 us
  Sample 14...
Starting computation...
    Writing took     3.268226 ms
    Computation took 206.459105 ms
    Reading took     131.617000 us
  Sample 15...
Starting computation...
    Writing took     3.350578 ms
    Computation took 206.495477 ms
    Reading took     114.893000 us
  Sample 16...
Starting computation...
    Writing took     2.700072 ms
    Computation took 206.511033 ms
    Reading took     106.938000 us
  Sample 17...
Starting computation...
    Writing took     2.634732 ms
    Computation took 206.519090 ms
    Reading took     114.186000 us
  Sample 18...
Starting computation...
    Writing took     2.694324 ms
    Computation took 206.558521 ms
    Reading took     276.482000 us
  Sample 19...
Starting computation...
    Writing took     6.047264 ms
    Computation took 206.579558 ms
    Reading took     130.516000 us
  Sample 20...
Starting computation...
    Writing took     3.327930 ms
    Computation took 206.511376 ms
    Reading took     132.759000 us
  Sample 21...
Starting computation...
    Writing took     3.324396 ms
    Computation took 206.593539 ms
    Reading took     130.391000 us
  Sample 22...
Starting computation...
    Writing took     3.337403 ms
    Computation took 206.545715 ms
    Reading took     131.586000 us
  Sample 23...
Starting computation...
    Writing took     3.316197 ms
    Computation took 206.506503 ms
    Reading took     130.784000 us
  Sample 24...
Starting computation...
    Writing took     3.293570 ms
    Computation took 206.455756 ms
    Reading took     131.199000 us
  Sample 25...
Starting computation...
    Writing took     3.337702 ms
    Computation took 206.513026 ms
    Reading took     133.270000 us
  Sample 26...
Starting computation...
    Writing took     3.326500 ms
    Computation took 206.462681 ms
    Reading took     130.113000 us
  Sample 27...
Starting computation...
    Writing took     3.294125 ms
    Computation took 206.496525 ms
    Reading took     130.630000 us
  Sample 28...
Starting computation...
    Writing took     3.299045 ms
    Computation took 206.522820 ms
    Reading took     132.491000 us
  Sample 29...
Starting computation...
    Writing took     3.312835 ms
    Computation took 206.487593 ms
    Reading took     141.999000 us
  Sample 30...
Starting computation...
    Writing took     3.850176 ms
    Computation took 206.562571 ms
    Reading took     131.191000 us
  Sample 31...
Starting computation...
    Writing took     3.285530 ms
    Computation took 206.478460 ms
    Reading took     130.806000 us
  Sample 32...
Starting computation...
    Writing took     3.714302 ms
    Computation took 206.498534 ms
    Reading took     138.139000 us
  Sample 33...
Starting computation...
    Writing took     3.287119 ms
    Computation took 206.525877 ms
    Reading took     196.780000 us
  Sample 34...
Starting computation...
    Writing took     5.442242 ms
    Computation took 206.609050 ms
    Reading took     132.874000 us
  Sample 35...
Starting computation...
    Writing took     3.346150 ms
    Computation took 206.540020 ms
    Reading took     133.445000 us
  Sample 36...
Starting computation...
    Writing took     3.986416 ms
    Computation took 206.531485 ms
    Reading took     131.240000 us
  Sample 37...
Starting computation...
    Writing took     3.335388 ms
    Computation took 206.542640 ms
    Reading took     129.839000 us
  Sample 38...
Starting computation...
    Writing took     3.724777 ms
    Computation took 206.512821 ms
    Reading took     131.343000 us
  Sample 39...
Starting computation...
    Writing took     3.307279 ms
    Computation took 206.531289 ms
    Reading took     133.560000 us
  Sample 40...
Starting computation...
    Writing took     3.314238 ms
    Computation took 206.519968 ms
    Reading took     115.048000 us
  Sample 41...
Starting computation...
    Writing took     4.850850 ms
    Computation took 206.553049 ms
    Reading took     205.539000 us
  Sample 42...
Starting computation...
    Writing took     5.583395 ms
    Computation took 206.552864 ms
    Reading took     133.604000 us
  Sample 43...
Starting computation...
    Writing took     3.313825 ms
    Computation took 206.446689 ms
    Reading took     111.392000 us
  Sample 44...
Starting computation...
    Writing took     2.548723 ms
    Computation took 206.476407 ms
    Reading took     116.180000 us
  Sample 45...
Starting computation...
    Writing took     2.784472 ms
    Computation took 206.504347 ms
    Reading took     114.903000 us
  Sample 46...
Starting computation...
    Writing took     2.820297 ms
    Computation took 206.504772 ms
    Reading took     119.963000 us
  Sample 47...
Starting computation...
    Writing took     2.796034 ms
    Computation took 206.537431 ms
    Reading took     116.467000 us
  Sample 48...
Starting computation...
    Writing took     2.880438 ms
    Computation took 206.471910 ms
    Reading took     107.698000 us
  Sample 49...
Starting computation...
    Writing took     2.549231 ms
    Computation took 206.447161 ms
    Reading took     109.563000 us
  Sample 50...
Starting computation...
    Writing took     2.660311 ms
    Computation took 206.520136 ms
    Reading took     160.921000 us
  Sample 51...
Starting computation...
    Writing took     2.997464 ms
    Computation took 206.547296 ms
    Reading took     116.318000 us
  Sample 52...
Starting computation...
    Writing took     2.805181 ms
    Computation took 206.580128 ms
    Reading took     113.855000 us
  Sample 53...
Starting computation...
    Writing took     3.181278 ms
    Computation took 206.485458 ms
    Reading took     119.916000 us
  Sample 54...
Starting computation...
    Writing took     2.983178 ms
    Computation took 206.497052 ms
    Reading took     116.882000 us
  Sample 55...
Starting computation...
    Writing took     2.833671 ms
    Computation took 206.567394 ms
    Reading took     110.267000 us
  Sample 56...
Starting computation...
    Writing took     2.660722 ms
    Computation took 206.503301 ms
    Reading took     174.175000 us
  Sample 57...
Starting computation...
    Writing took     4.333404 ms
    Computation took 206.516895 ms
    Reading took     112.908000 us
  Sample 58...
Starting computation...
    Writing took     2.785043 ms
    Computation took 206.574525 ms
    Reading took     114.309000 us
  Sample 59...
Starting computation...
    Writing took     2.891163 ms
    Computation took 206.573807 ms
    Reading took     118.554000 us
  Sample 60...
Starting computation...
    Writing took     3.351138 ms
    Computation took 206.453740 ms
    Reading took     113.371000 us
  Sample 61...
Starting computation...
    Writing took     2.712791 ms
    Computation took 206.511042 ms
    Reading took     210.983000 us
  Sample 62...
Starting computation...
    Writing took     5.648069 ms
    Computation took 206.546187 ms
    Reading took     132.717000 us
  Sample 63...
Starting computation...
    Writing took     3.359394 ms
    Computation took 206.620027 ms
    Reading took     133.463000 us
  Sample 64...
Starting computation...
    Writing took     3.289913 ms
    Computation took 206.534866 ms
    Reading took     132.316000 us
  Sample 65...
Starting computation...
    Writing took     3.349739 ms
    Computation took 206.573003 ms
    Reading took     132.383000 us
  Sample 66...
Starting computation...
    Writing took     3.293561 ms
    Computation took 206.628778 ms
    Reading took     132.624000 us
  Sample 67...
Starting computation...
    Writing took     3.317965 ms
    Computation took 206.546490 ms
    Reading took     132.843000 us
  Sample 68...
Starting computation...
    Writing took     3.311670 ms
    Computation took 206.527560 ms
    Reading took     132.043000 us
  Sample 69...
Starting computation...
    Writing took     3.349396 ms
    Computation took 206.523191 ms
    Reading took     132.962000 us
  Sample 70...
Starting computation...
    Writing took     4.046563 ms
    Computation took 206.517253 ms
    Reading took     171.251000 us
  Sample 71...
Starting computation...
    Writing took     4.666585 ms
    Computation took 206.441621 ms
    Reading took     113.360000 us
  Sample 72...
Starting computation...
    Writing took     2.744141 ms
    Computation took 206.474960 ms
    Reading took     116.022000 us
  Sample 73...
Starting computation...
    Writing took     2.564729 ms
    Computation took 206.514284 ms
    Reading took     162.051000 us
  Sample 74...
Starting computation...
    Writing took     4.511574 ms
    Computation took 206.503095 ms
    Reading took     111.365000 us
  Sample 75...
Starting computation...
    Writing took     2.723938 ms
    Computation took 206.546418 ms
    Reading took     186.297000 us
  Sample 76...
Starting computation...
    Writing took     4.932949 ms
    Computation took 206.598229 ms
    Reading took     118.420000 us
  Sample 77...
Starting computation...
    Writing took     3.020781 ms
    Computation took 206.464542 ms
    Reading took     116.539000 us
  Sample 78...
Starting computation...
    Writing took     2.805919 ms
    Computation took 206.482280 ms
    Reading took     108.513000 us
  Sample 79...
Starting computation...
    Writing took     2.478446 ms
    Computation took 206.512287 ms
    Reading took     114.533000 us
  Sample 80...
Starting computation...
    Writing took     2.865161 ms
    Computation took 206.435654 ms
    Reading took     117.793000 us
  Sample 81...
Starting computation...
    Writing took     2.885323 ms
    Computation took 206.537893 ms
    Reading took     112.611000 us
  Sample 82...
Starting computation...
    Writing took     2.691144 ms
    Computation took 206.529236 ms
    Reading took     120.646000 us
  Sample 83...
Starting computation...
    Writing took     3.316884 ms
    Computation took 206.538912 ms
    Reading took     124.606000 us
  Sample 84...
Starting computation...
    Writing took     3.262088 ms
    Computation took 206.516373 ms
    Reading took     194.563000 us
  Sample 85...
Starting computation...
    Writing took     5.584768 ms
    Computation took 206.651683 ms
    Reading took     123.917000 us
  Sample 86...
Starting computation...
    Writing took     3.415612 ms
    Computation took 206.564693 ms
    Reading took     122.493000 us
  Sample 87...
Starting computation...
    Writing took     3.291375 ms
    Computation took 206.564132 ms
    Reading took     125.462000 us
  Sample 88...
Starting computation...
    Writing took     3.292283 ms
    Computation took 206.528591 ms
    Reading took     122.305000 us
  Sample 89...
Starting computation...
    Writing took     3.317439 ms
    Computation took 206.489153 ms
    Reading took     123.460000 us
  Sample 90...
Starting computation...
    Writing took     3.310118 ms
    Computation took 206.481837 ms
    Reading took     122.457000 us
  Sample 91...
Starting computation...
    Writing took     3.277842 ms
    Computation took 206.519263 ms
    Reading took     122.591000 us
  Sample 92...
Starting computation...
    Writing took     3.316583 ms
    Computation took 206.491617 ms
    Reading took     122.523000 us
  Sample 93...
Starting computation...
    Writing took     3.266914 ms
    Computation took 206.527820 ms
    Reading took     122.593000 us
  Sample 94...
Starting computation...
    Writing took     3.306103 ms
    Computation took 206.477260 ms
    Reading took     122.849000 us
  Sample 95...
Starting computation...
    Writing took     3.265895 ms
    Computation took 206.495649 ms
    Reading took     124.216000 us
  Sample 96...
Starting computation...
    Writing took     3.299330 ms
    Computation took 206.489957 ms
    Reading took     121.391000 us
  Sample 97...
Starting computation...
    Writing took     3.281876 ms
    Computation took 206.565401 ms
    Reading took     125.133000 us
  Sample 98...
Starting computation...
    Writing took     3.303384 ms
    Computation took 206.498052 ms
    Reading took     123.901000 us
  Sample 99...
Starting computation...
    Writing took     3.262847 ms
    Computation took 206.515214 ms
    Reading took     200.688000 us
Mean computation time: 206.559194 ms
Mean deviation: 87.477000 us (0.0423496%)
Mean computation time (per hash): 4.694526 ms
Mean deviation (per hash): 1.987000 us
