Using device #0: CUDA Device 'GeForce GTX 1080 Ti'
  Sample 0...
Starting computation...
    Writing took     10.008224 ms
    Computation took 301.694480 ms
    Reading took     258.611000 us
  Sample 1...
Starting computation...
    Writing took     7.037933 ms
    Computation took 301.904244 ms
    Reading took     255.729000 us
  Sample 2...
Starting computation...
    Writing took     7.029841 ms
    Computation took 302.196655 ms
    Reading took     245.110000 us
  Sample 3...
Starting computation...
    Writing took     6.835652 ms
    Computation took 302.363586 ms
    Reading took     253.969000 us
  Sample 4...
Starting computation...
    Writing took     7.062733 ms
    Computation took 302.517604 ms
    Reading took     264.059000 us
  Sample 5...
Starting computation...
    Writing took     7.031653 ms
    Computation took 302.430890 ms
    Reading took     253.836000 us
  Sample 6...
Starting computation...
    Writing took     7.039532 ms
    Computation took 302.399438 ms
    Reading took     254.543000 us
  Sample 7...
Starting computation...
    Writing took     7.021581 ms
    Computation took 302.161551 ms
    Reading took     259.483000 us
  Sample 8...
Starting computation...
    Writing took     7.032178 ms
    Computation took 302.074196 ms
    Reading took     256.035000 us
  Sample 9...
Starting computation...
    Writing took     7.068769 ms
    Computation took 302.991796 ms
    Reading took     254.855000 us
  Sample 10...
Starting computation...
    Writing took     6.996896 ms
    Computation took 303.300351 ms
    Reading took     254.689000 us
  Sample 11...
Starting computation...
    Writing took     7.004836 ms
    Computation took 302.403752 ms
    Reading took     256.856000 us
  Sample 12...
Starting computation...
    Writing took     6.895878 ms
    Computation took 302.119948 ms
    Reading took     384.727000 us
  Sample 13...
Starting computation...
    Writing took     12.377183 ms
    Computation took 302.168594 ms
    Reading took     255.234000 us
  Sample 14...
Starting computation...
    Writing took     7.018369 ms
    Computation took 302.115955 ms
    Reading took     254.354000 us
  Sample 15...
Starting computation...
    Writing took     7.028926 ms
    Computation took 302.288308 ms
    Reading took     266.721000 us
  Sample 16...
Starting computation...
    Writing took     7.165291 ms
    Computation took 302.329926 ms
    Reading took     274.462000 us
  Sample 17...
Starting computation...
    Writing took     7.559101 ms
    Computation took 302.445872 ms
    Reading took     253.999000 us
  Sample 18...
Starting computation...
    Writing took     6.994173 ms
    Computation took 302.227995 ms
    Reading took     405.501000 us
  Sample 19...
Starting computation...
    Writing took     8.912487 ms
    Computation took 301.935527 ms
    Reading took     246.314000 us
  Sample 20...
Starting computation...
    Writing took     6.744803 ms
    Computation took 301.982353 ms
    Reading took     396.362000 us
  Sample 21...
Starting computation...
    Writing took     9.606930 ms
    Computation took 302.787739 ms
    Reading took     254.039000 us
  Sample 22...
Starting computation...
    Writing took     7.011265 ms
    Computation took 303.546238 ms
    Reading took     254.115000 us
  Sample 23...
Starting computation...
    Writing took     7.834350 ms
    Computation took 303.415020 ms
    Reading took     256.169000 us
  Sample 24...
Starting computation...
    Writing took     7.573911 ms
    Computation took 304.014051 ms
    Reading took     255.796000 us
  Sample 25...
Starting computation...
    Writing took     7.014240 ms
    Computation took 304.940847 ms
    Reading took     256.302000 us
  Sample 26...
Starting computation...
    Writing took     7.027839 ms
    Computation took 306.853003 ms
    Reading took     256.490000 us
  Sample 27...
Starting computation...
    Writing took     7.000307 ms
    Computation took 306.984677 ms
    Reading took     254.695000 us
  Sample 28...
Starting computation...
    Writing took     6.775229 ms
    Computation took 307.743836 ms
    Reading took     254.930000 us
  Sample 29...
Starting computation...
    Writing took     7.005966 ms
    Computation took 306.802676 ms
    Reading took     255.424000 us
  Sample 30...
Starting computation...
    Writing took     7.020878 ms
    Computation took 306.557758 ms
    Reading took     257.222000 us
  Sample 31...
Starting computation...
    Writing took     6.989575 ms
    Computation took 306.041461 ms
    Reading took     254.221000 us
  Sample 32...
Starting computation...
    Writing took     7.922822 ms
    Computation took 305.357818 ms
    Reading took     254.445000 us
  Sample 33...
Starting computation...
    Writing took     7.004717 ms
    Computation took 304.692757 ms
    Reading took     255.424000 us
  Sample 34...
Starting computation...
    Writing took     7.005573 ms
    Computation took 303.781697 ms
    Reading took     364.849000 us
  Sample 35...
Starting computation...
    Writing took     11.807850 ms
    Computation took 302.331523 ms
    Reading took     256.727000 us
  Sample 36...
Starting computation...
    Writing took     7.026357 ms
    Computation took 303.023378 ms
    Reading took     256.237000 us
  Sample 37...
Starting computation...
    Writing took     7.013364 ms
    Computation took 302.500612 ms
    Reading took     254.317000 us
  Sample 38...
Starting computation...
    Writing took     7.019383 ms
    Computation took 302.463442 ms
    Reading took     365.613000 us
  Sample 39...
Starting computation...
    Writing took     8.529025 ms
    Computation took 302.105084 ms
    Reading took     255.204000 us
  Sample 40...
Starting computation...
    Writing took     7.049439 ms
    Computation took 302.330891 ms
    Reading took     265.017000 us
  Sample 41...
Starting computation...
    Writing took     6.977004 ms
    Computation took 302.263272 ms
    Reading took     253.329000 us
  Sample 42...
Starting computation...
    Writing took     7.025355 ms
    Computation took 302.555807 ms
    Reading took     254.505000 us
  Sample 43...
Starting computation...
    Writing took     7.019701 ms
    Computation took 302.531035 ms
    Reading took     254.339000 us
  Sample 44...
Starting computation...
    Writing took     6.996633 ms
    Computation took 302.863504 ms
    Reading took     393.078000 us
  Sample 45...
Starting computation...
    Writing took     8.889519 ms
    Computation took 303.820492 ms
    Reading took     259.519000 us
  Sample 46...
Starting computation...
    Writing took     6.999806 ms
    Computation took 304.088432 ms
    Reading took     255.646000 us
  Sample 47...
Starting computation...
    Writing took     7.014437 ms
    Computation took 304.734081 ms
    Reading took     272.490000 us
  Sample 48...
Starting computation...
    Writing took     6.780533 ms
    Computation took 305.494022 ms
    Reading took     378.052000 us
  Sample 49...
Starting computation...
    Writing took     13.353885 ms
    Computation took 305.292817 ms
    Reading took     255.099000 us
  Sample 50...
Starting computation...
    Writing took     7.001355 ms
    Computation took 304.857742 ms
    Reading took     253.420000 us
  Sample 51...
Starting computation...
    Writing took     6.998644 ms
    Computation took 304.573575 ms
    Reading took     256.008000 us
  Sample 52...
Starting computation...
    Writing took     7.016260 ms
    Computation took 303.953438 ms
    Reading took     254.391000 us
  Sample 53...
Starting computation...
    Writing took     7.038201 ms
    Computation took 303.886714 ms
    Reading took     253.920000 us
  Sample 54...
Starting computation...
    Writing took     7.031839 ms
    Computation took 303.880718 ms
    Reading took     260.525000 us
  Sample 55...
Starting computation...
    Writing took     7.921686 ms
    Computation took 302.769153 ms
    Reading took     255.261000 us
  Sample 56...
Starting computation...
    Writing took     7.002094 ms
    Computation took 302.183329 ms
    Reading took     327.428000 us
  Sample 57...
Starting computation...
    Writing took     7.163453 ms
    Computation took 302.203439 ms
    Reading took     364.973000 us
  Sample 58...
Starting computation...
    Writing took     7.659559 ms
    Computation took 301.948702 ms
    Reading took     255.194000 us
  Sample 59...
Starting computation...
    Writing took     7.035893 ms
    Computation took 302.331028 ms
    Reading took     253.216000 us
  Sample 60...
Starting computation...
    Writing took     7.027775 ms
    Computation took 301.988254 ms
    Reading took     254.461000 us
  Sample 61...
Starting computation...
    Writing took     7.023155 ms
    Computation took 302.231760 ms
    Reading took     274.704000 us
  Sample 62...
Starting computation...
    Writing took     7.056766 ms
    Computation took 301.909733 ms
    Reading took     253.278000 us
  Sample 63...
Starting computation...
    Writing took     7.028584 ms
    Computation took 302.583814 ms
    Reading took     254.841000 us
  Sample 64...
Starting computation...
    Writing took     7.021732 ms
    Computation took 302.312849 ms
    Reading took     252.449000 us
  Sample 65...
Starting computation...
    Writing took     7.039512 ms
    Computation took 302.397512 ms
    Reading took     263.707000 us
  Sample 66...
Starting computation...
    Writing took     6.999762 ms
    Computation took 302.329556 ms
    Reading took     254.684000 us
  Sample 67...
Starting computation...
    Writing took     7.088788 ms
    Computation took 303.319718 ms
    Reading took     255.980000 us
  Sample 68...
Starting computation...
    Writing took     6.998112 ms
    Computation took 302.628998 ms
    Reading took     407.877000 us
  Sample 69...
Starting computation...
    Writing took     11.699190 ms
    Computation took 302.888383 ms
    Reading took     256.118000 us
  Sample 70...
Starting computation...
    Writing took     9.365377 ms
    Computation took 302.626792 ms
    Reading took     253.892000 us
  Sample 71...
Starting computation...
    Writing took     7.055597 ms
    Computation took 304.079520 ms
    Reading took     257.003000 us
  Sample 72...
Starting computation...
    Writing took     7.003100 ms
    Computation took 306.912897 ms
    Reading took     258.404000 us
  Sample 73...
Starting computation...
    Writing took     7.015711 ms
    Computation took 310.136303 ms
    Reading took     244.647000 us
  Sample 74...
Starting computation...
    Writing took     6.810356 ms
    Computation took 315.548520 ms
    Reading took     262.228000 us
  Sample 75...
Starting computation...
    Writing took     6.992785 ms
    Computation took 316.241570 ms
    Reading took     254.110000 us
  Sample 76...
Starting computation...
    Writing took     6.901584 ms
    Computation took 315.243907 ms
    Reading took     246.308000 us
  Sample 77...
Starting computation...
    Writing took     6.817029 ms
    Computation took 309.173914 ms
    Reading took     287.637000 us
  Sample 78...
Starting computation...
    Writing took     7.500146 ms
    Computation took 308.245245 ms
    Reading took     240.097000 us
  Sample 79...
Starting computation...
    Writing took     6.604697 ms
    Computation took 307.545441 ms
    Reading took     258.367000 us
  Sample 80...
Starting computation...
    Writing took     6.831724 ms
    Computation took 307.226898 ms
    Reading took     254.418000 us
  Sample 81...
Starting computation...
    Writing took     7.034234 ms
    Computation took 306.924512 ms
    Reading took     246.887000 us
  Sample 82...
Starting computation...
    Writing took     6.715648 ms
    Computation took 307.086460 ms
    Reading took     253.854000 us
  Sample 83...
Starting computation...
    Writing took     7.011095 ms
    Computation took 306.909107 ms
    Reading took     256.271000 us
  Sample 84...
Starting computation...
    Writing took     7.021159 ms
    Computation took 307.822228 ms
    Reading took     254.309000 us
  Sample 85...
Starting computation...
    Writing took     6.990440 ms
    Computation took 307.215366 ms
    Reading took     256.424000 us
  Sample 86...
Starting computation...
    Writing took     7.028596 ms
    Computation took 307.335740 ms
    Reading took     254.933000 us
  Sample 87...
Starting computation...
    Writing took     7.035887 ms
    Computation took 308.846285 ms
    Reading took     253.959000 us
  Sample 88...
Starting computation...
    Writing took     7.027715 ms
    Computation took 308.565555 ms
    Reading took     253.209000 us
  Sample 89...
Starting computation...
    Writing took     7.026037 ms
    Computation took 307.144769 ms
    Reading took     254.631000 us
  Sample 90...
Starting computation...
    Writing took     6.986933 ms
    Computation took 306.486105 ms
    Reading took     254.756000 us
  Sample 91...
Starting computation...
    Writing took     7.036907 ms
    Computation took 306.411279 ms
    Reading took     253.730000 us
  Sample 92...
Starting computation...
    Writing took     7.057713 ms
    Computation took 304.775943 ms
    Reading took     261.670000 us
  Sample 93...
Starting computation...
    Writing took     7.009171 ms
    Computation took 303.616085 ms
    Reading took     254.243000 us
  Sample 94...
Starting computation...
    Writing took     7.079762 ms
    Computation took 303.147440 ms
    Reading took     254.423000 us
  Sample 95...
Starting computation...
    Writing took     7.016874 ms
    Computation took 303.644245 ms
    Reading took     253.817000 us
  Sample 96...
Starting computation...
    Writing took     7.006695 ms
    Computation took 303.171363 ms
    Reading took     254.388000 us
  Sample 97...
Starting computation...
    Writing took     7.076158 ms
    Computation took 303.813379 ms
    Reading took     253.751000 us
  Sample 98...
Starting computation...
    Writing took     7.053838 ms
    Computation took 303.146970 ms
    Reading took     265.354000 us
  Sample 99...
Starting computation...
    Writing took     6.995999 ms
    Computation took 304.240264 ms
    Reading took     4.391191 ms
Mean computation time: 304.404335 ms
Mean deviation: 2.171467 ms (0.71335%)
Mean computation time (per hash): 3.204255 ms
Mean deviation (per hash): 22.857000 us
