Using device #0: CUDA Device 'GeForce GTX 1080 Ti'
  Sample 0...
Starting computation...
    Writing took     8.654336 ms
    Computation took 240.223024 ms
    Reading took     261.189000 us
  Sample 1...
Starting computation...
    Writing took     7.018242 ms
    Computation took 239.222447 ms
    Reading took     202.035000 us
  Sample 2...
Starting computation...
    Writing took     5.439947 ms
    Computation took 239.250263 ms
    Reading took     331.119000 us
  Sample 3...
Starting computation...
    Writing took     9.346217 ms
    Computation took 241.772590 ms
    Reading took     184.928000 us
  Sample 4...
Starting computation...
    Writing took     5.055541 ms
    Computation took 245.942451 ms
    Reading took     162.924000 us
  Sample 5...
Starting computation...
    Writing took     4.312679 ms
    Computation took 243.153478 ms
    Reading took     168.396000 us
  Sample 6...
Starting computation...
    Writing took     4.513527 ms
    Computation took 242.865884 ms
    Reading took     162.437000 us
  Sample 7...
Starting computation...
    Writing took     4.354453 ms
    Computation took 242.169445 ms
    Reading took     230.353000 us
  Sample 8...
Starting computation...
    Writing took     7.393508 ms
    Computation took 241.907950 ms
    Reading took     171.703000 us
  Sample 9...
Starting computation...
    Writing took     4.695498 ms
    Computation took 240.122202 ms
    Reading took     183.060000 us
  Sample 10...
Starting computation...
    Writing took     5.038755 ms
    Computation took 239.591009 ms
    Reading took     174.613000 us
  Sample 11...
Starting computation...
    Writing took     4.733514 ms
    Computation took 239.619729 ms
    Reading took     177.673000 us
  Sample 12...
Starting computation...
    Writing took     8.227438 ms
    Computation took 239.690735 ms
    Reading took     185.639000 us
  Sample 13...
Starting computation...
    Writing took     5.069377 ms
    Computation took 239.543958 ms
    Reading took     187.023000 us
  Sample 14...
Starting computation...
    Writing took     5.070975 ms
    Computation took 239.542264 ms
    Reading took     307.150000 us
  Sample 15...
Starting computation...
    Writing took     7.778843 ms
    Computation took 239.555608 ms
    Reading took     184.937000 us
  Sample 16...
Starting computation...
    Writing took     5.074758 ms
    Computation took 239.489497 ms
    Reading took     302.580000 us
  Sample 17...
Starting computation...
    Writing took     8.625434 ms
    Computation took 239.727574 ms
    Reading took     184.826000 us
  Sample 18...
Starting computation...
    Writing took     5.043690 ms
    Computation took 239.458326 ms
    Reading took     184.049000 us
  Sample 19...
Starting computation...
    Writing took     5.063236 ms
    Computation took 239.879348 ms
    Reading took     191.171000 us
  Sample 20...
Starting computation...
    Writing took     5.051584 ms
    Computation took 239.548954 ms
    Reading took     150.491000 us
  Sample 21...
Starting computation...
    Writing took     3.914261 ms
    Computation took 239.658984 ms
    Reading took     155.956000 us
  Sample 22...
Starting computation...
    Writing took     4.037380 ms
    Computation took 239.525367 ms
    Reading took     185.803000 us
  Sample 23...
Starting computation...
    Writing took     5.033959 ms
    Computation took 239.694335 ms
    Reading took     297.008000 us
  Sample 24...
Starting computation...
    Writing took     8.686814 ms
    Computation took 239.192702 ms
    Reading took     186.073000 us
  Sample 25...
Starting computation...
    Writing took     5.062036 ms
    Computation took 239.659496 ms
    Reading took     186.208000 us
  Sample 26...
Starting computation...
    Writing took     5.057261 ms
    Computation took 239.561987 ms
    Reading took     184.774000 us
  Sample 27...
Starting computation...
    Writing took     5.043720 ms
    Computation took 239.751737 ms
    Reading took     188.205000 us
  Sample 28...
Starting computation...
    Writing took     5.082410 ms
    Computation took 241.010301 ms
    Reading took     150.783000 us
  Sample 29...
Starting computation...
    Writing took     3.977880 ms
    Computation took 242.989636 ms
    Reading took     148.479000 us
  Sample 30...
Starting computation...
    Writing took     3.898042 ms
    Computation took 242.445762 ms
    Reading took     156.408000 us
  Sample 31...
Starting computation...
    Writing took     4.140679 ms
    Computation took 239.628876 ms
    Reading took     156.422000 us
  Sample 32...
Starting computation...
    Writing took     4.181808 ms
    Computation took 239.266903 ms
    Reading took     195.967000 us
  Sample 33...
Starting computation...
    Writing took     4.697760 ms
    Computation took 239.991317 ms
    Reading took     149.320000 us
  Sample 34...
Starting computation...
    Writing took     4.051249 ms
    Computation took 241.428610 ms
    Reading took     164.165000 us
  Sample 35...
Starting computation...
    Writing took     4.308377 ms
    Computation took 240.699574 ms
    Reading took     318.961000 us
  Sample 36...
Starting computation...
    Writing took     8.504083 ms
    Computation took 240.893848 ms
    Reading took     203.562000 us
  Sample 37...
Starting computation...
    Writing took     5.530430 ms
    Computation took 240.364173 ms
    Reading took     212.166000 us
  Sample 38...
Starting computation...
    Writing took     5.423489 ms
    Computation took 241.274698 ms
    Reading took     195.534000 us
  Sample 39...
Starting computation...
    Writing took     5.029244 ms
    Computation took 241.466468 ms
    Reading took     186.105000 us
  Sample 40...
Starting computation...
    Writing took     5.047755 ms
    Computation took 241.201869 ms
    Reading took     197.039000 us
  Sample 41...
Starting computation...
    Writing took     5.038773 ms
    Computation took 241.398448 ms
    Reading took     178.138000 us
  Sample 42...
Starting computation...
    Writing took     4.723134 ms
    Computation took 241.344171 ms
    Reading took     178.750000 us
  Sample 43...
Starting computation...
    Writing took     4.824319 ms
    Computation took 240.815616 ms
    Reading took     175.647000 us
  Sample 44...
Starting computation...
    Writing took     4.639642 ms
    Computation took 240.403649 ms
    Reading took     161.867000 us
  Sample 45...
Starting computation...
    Writing took     4.230088 ms
    Computation took 239.846564 ms
    Reading took     195.748000 us
  Sample 46...
Starting computation...
    Writing took     4.391440 ms
    Computation took 240.049634 ms
    Reading took     161.905000 us
  Sample 47...
Starting computation...
    Writing took     4.305706 ms
    Computation took 240.438159 ms
    Reading took     162.654000 us
  Sample 48...
Starting computation...
    Writing took     4.365044 ms
    Computation took 239.976451 ms
    Reading took     158.054000 us
  Sample 49...
Starting computation...
    Writing took     4.307155 ms
    Computation took 240.288430 ms
    Reading took     183.897000 us
  Sample 50...
Starting computation...
    Writing took     5.095932 ms
    Computation took 239.515554 ms
    Reading took     296.610000 us
  Sample 51...
Starting computation...
    Writing took     8.654524 ms
    Computation took 239.644998 ms
    Reading took     185.203000 us
  Sample 52...
Starting computation...
    Writing took     5.126202 ms
    Computation took 239.755652 ms
    Reading took     237.105000 us
  Sample 53...
Starting computation...
    Writing took     6.074390 ms
    Computation took 239.748321 ms
    Reading took     184.242000 us
  Sample 54...
Starting computation...
    Writing took     4.176680 ms
    Computation took 239.559295 ms
    Reading took     200.917000 us
  Sample 55...
Starting computation...
    Writing took     4.359639 ms
    Computation took 239.663521 ms
    Reading took     182.933000 us
  Sample 56...
Starting computation...
    Writing took     4.094911 ms
    Computation took 239.668914 ms
    Reading took     284.878000 us
  Sample 57...
Starting computation...
    Writing took     8.714433 ms
    Computation took 239.470350 ms
    Reading took     183.702000 us
  Sample 58...
Starting computation...
    Writing took     5.134363 ms
    Computation took 239.730222 ms
    Reading took     184.870000 us
  Sample 59...
Starting computation...
    Writing took     5.099076 ms
    Computation took 239.387180 ms
    Reading took     184.305000 us
  Sample 60...
Starting computation...
    Writing took     5.060793 ms
    Computation took 239.604613 ms
    Reading took     184.253000 us
  Sample 61...
Starting computation...
    Writing took     5.179053 ms
    Computation took 239.269401 ms
    Reading took     189.621000 us
  Sample 62...
Starting computation...
    Writing took     4.007822 ms
    Computation took 239.883012 ms
    Reading took     270.904000 us
  Sample 63...
Starting computation...
    Writing took     6.712162 ms
    Computation took 240.155883 ms
    Reading took     156.328000 us
  Sample 64...
Starting computation...
    Writing took     4.119234 ms
    Computation took 240.226027 ms
    Reading took     161.736000 us
  Sample 65...
Starting computation...
    Writing took     8.414687 ms
    Computation took 239.607804 ms
    Reading took     182.533000 us
  Sample 66...
Starting computation...
    Writing took     4.292074 ms
    Computation took 239.808987 ms
    Reading took     197.332000 us
  Sample 67...
Starting computation...
    Writing took     5.116350 ms
    Computation took 239.622287 ms
    Reading took     237.606000 us
  Sample 68...
Starting computation...
    Writing took     5.129269 ms
    Computation took 241.902553 ms
    Reading took     199.610000 us
  Sample 69...
Starting computation...
    Writing took     5.085326 ms
    Computation took 245.406047 ms
    Reading took     200.951000 us
  Sample 70...
Starting computation...
    Writing took     5.071989 ms
    Computation took 245.072048 ms
    Reading took     286.240000 us
  Sample 71...
Starting computation...
    Writing took     5.581962 ms
    Computation took 244.800278 ms
    Reading took     198.747000 us
  Sample 72...
Starting computation...
    Writing took     5.090595 ms
    Computation took 245.377933 ms
    Reading took     197.035000 us
  Sample 73...
Starting computation...
    Writing took     5.123314 ms
    Computation took 245.170790 ms
    Reading took     211.144000 us
  Sample 74...
Starting computation...
    Writing took     5.081799 ms
    Computation took 244.790771 ms
    Reading took     198.729000 us
  Sample 75...
Starting computation...
    Writing took     5.105349 ms
    Computation took 243.571902 ms
    Reading took     199.231000 us
  Sample 76...
Starting computation...
    Writing took     5.120048 ms
    Computation took 243.931732 ms
    Reading took     197.893000 us
  Sample 77...
Starting computation...
    Writing took     5.105376 ms
    Computation took 246.548637 ms
    Reading took     201.522000 us
  Sample 78...
Starting computation...
    Writing took     5.127303 ms
    Computation took 250.854429 ms
    Reading took     198.737000 us
  Sample 79...
Starting computation...
    Writing took     5.116620 ms
    Computation took 250.306423 ms
    Reading took     201.513000 us
  Sample 80...
Starting computation...
    Writing took     5.113696 ms
    Computation took 250.552984 ms
    Reading took     200.232000 us
  Sample 81...
Starting computation...
    Writing took     5.103539 ms
    Computation took 251.752274 ms
    Reading took     164.078000 us
  Sample 82...
Starting computation...
    Writing took     3.964040 ms
    Computation took 253.970951 ms
    Reading took     173.767000 us
  Sample 83...
Starting computation...
    Writing took     4.440814 ms
    Computation took 250.364523 ms
    Reading took     199.793000 us
  Sample 84...
Starting computation...
    Writing took     4.308372 ms
    Computation took 248.596697 ms
    Reading took     178.069000 us
  Sample 85...
Starting computation...
    Writing took     4.558661 ms
    Computation took 250.839051 ms
    Reading took     200.570000 us
  Sample 86...
Starting computation...
    Writing took     5.126849 ms
    Computation took 253.742746 ms
    Reading took     310.804000 us
  Sample 87...
Starting computation...
    Writing took     8.758084 ms
    Computation took 248.833882 ms
    Reading took     196.680000 us
  Sample 88...
Starting computation...
    Writing took     5.127602 ms
    Computation took 247.502872 ms
    Reading took     195.506000 us
  Sample 89...
Starting computation...
    Writing took     5.103580 ms
    Computation took 249.452033 ms
    Reading took     164.206000 us
  Sample 90...
Starting computation...
    Writing took     3.937609 ms
    Computation took 252.927549 ms
    Reading took     158.608000 us
  Sample 91...
Starting computation...
    Writing took     3.830871 ms
    Computation took 252.666104 ms
    Reading took     168.392000 us
  Sample 92...
Starting computation...
    Writing took     4.198300 ms
    Computation took 252.294084 ms
    Reading took     220.062000 us
  Sample 93...
Starting computation...
    Writing took     4.222782 ms
    Computation took 254.663468 ms
    Reading took     202.116000 us
  Sample 94...
Starting computation...
    Writing took     5.156870 ms
    Computation took 259.190942 ms
    Reading took     198.494000 us
  Sample 95...
Starting computation...
    Writing took     5.111738 ms
    Computation took 256.567298 ms
    Reading took     317.103000 us
  Sample 96...
Starting computation...
    Writing took     8.442110 ms
    Computation took 253.117116 ms
    Reading took     196.570000 us
  Sample 97...
Starting computation...
    Writing took     5.095518 ms
    Computation took 252.300319 ms
    Reading took     199.203000 us
  Sample 98...
Starting computation...
    Writing took     5.079962 ms
    Computation took 249.654153 ms
    Reading took     236.055000 us
  Sample 99...
Starting computation...
    Writing took     6.605963 ms
    Computation took 248.470208 ms
    Reading took     243.094000 us
Mean computation time: 243.260593 ms
Mean deviation: 4.097874 ms (1.68456%)
Mean computation time (per hash): 3.577361 ms
Mean deviation (per hash): 60.262000 us
