Using device #0: CUDA Device 'GeForce GTX 1080 Ti'
  Sample 0...
Starting computation...
    Writing took     2.375308 ms
    Computation took 188.272074 ms
    Reading took     82.651000 us
  Sample 1...
Starting computation...
    Writing took     1.876681 ms
    Computation took 187.925067 ms
    Reading took     68.320000 us
  Sample 2...
Starting computation...
    Writing took     1.836497 ms
    Computation took 187.967010 ms
    Reading took     58.615000 us
  Sample 3...
Starting computation...
    Writing took     1.461960 ms
    Computation took 187.932692 ms
    Reading took     54.282000 us
  Sample 4...
Starting computation...
    Writing took     1.387604 ms
    Computation took 187.908327 ms
    Reading took     53.293000 us
  Sample 5...
Starting computation...
    Writing took     1.395486 ms
    Computation took 187.897349 ms
    Reading took     55.575000 us
  Sample 6...
Starting computation...
    Writing took     1.387848 ms
    Computation took 187.957359 ms
    Reading took     57.316000 us
  Sample 7...
Starting computation...
    Writing took     1.484679 ms
    Computation took 187.912902 ms
    Reading took     75.277000 us
  Sample 8...
Starting computation...
    Writing took     1.948467 ms
    Computation took 187.889448 ms
    Reading took     54.101000 us
  Sample 9...
Starting computation...
    Writing took     1.357098 ms
    Computation took 187.927145 ms
    Reading took     56.010000 us
  Sample 10...
Starting computation...
    Writing took     1.516053 ms
    Computation took 187.909648 ms
    Reading took     65.056000 us
  Sample 11...
Starting computation...
    Writing took     1.576515 ms
    Computation took 187.950671 ms
    Reading took     57.591000 us
  Sample 12...
Starting computation...
    Writing took     1.491996 ms
    Computation took 187.899705 ms
    Reading took     121.104000 us
  Sample 13...
Starting computation...
    Writing took     3.438468 ms
    Computation took 187.962349 ms
    Reading took     68.759000 us
  Sample 14...
Starting computation...
    Writing took     1.843754 ms
    Computation took 187.913591 ms
    Reading took     69.605000 us
  Sample 15...
Starting computation...
    Writing took     1.832519 ms
    Computation took 187.929693 ms
    Reading took     70.490000 us
  Sample 16...
Starting computation...
    Writing took     1.839315 ms
    Computation took 187.917927 ms
    Reading took     60.800000 us
  Sample 17...
Starting computation...
    Writing took     1.548239 ms
    Computation took 187.875627 ms
    Reading took     59.580000 us
  Sample 18...
Starting computation...
    Writing took     1.549313 ms
    Computation took 187.935618 ms
    Reading took     65.706000 us
  Sample 19...
Starting computation...
    Writing took     1.739997 ms
    Computation took 187.903474 ms
    Reading took     58.342000 us
  Sample 20...
Starting computation...
    Writing took     1.400907 ms
    Computation took 187.868048 ms
    Reading took     52.689000 us
  Sample 21...
Starting computation...
    Writing took     1.344045 ms
    Computation took 187.935354 ms
    Reading took     58.267000 us
  Sample 22...
Starting computation...
    Writing took     1.564065 ms
    Computation took 187.933246 ms
    Reading took     56.410000 us
  Sample 23...
Starting computation...
    Writing took     1.448609 ms
    Computation took 187.864075 ms
    Reading took     55.069000 us
  Sample 24...
Starting computation...
    Writing took     1.438637 ms
    Computation took 187.912833 ms
    Reading took     57.805000 us
  Sample 25...
Starting computation...
    Writing took     1.470188 ms
    Computation took 187.895605 ms
    Reading took     59.065000 us
  Sample 26...
Starting computation...
    Writing took     1.393928 ms
    Computation took 187.899990 ms
    Reading took     52.458000 us
  Sample 27...
Starting computation...
    Writing took     1.372384 ms
    Computation took 187.907643 ms
    Reading took     55.470000 us
  Sample 28...
Starting computation...
    Writing took     1.438032 ms
    Computation took 187.881414 ms
    Reading took     55.047000 us
  Sample 29...
Starting computation...
    Writing took     1.420119 ms
    Computation took 187.888876 ms
    Reading took     64.004000 us
  Sample 30...
Starting computation...
    Writing took     1.503121 ms
    Computation took 187.930640 ms
    Reading took     56.627000 us
  Sample 31...
Starting computation...
    Writing took     1.425997 ms
    Computation took 187.892359 ms
    Reading took     57.781000 us
  Sample 32...
Starting computation...
    Writing took     1.475209 ms
    Computation took 187.945019 ms
    Reading took     84.901000 us
  Sample 33...
Starting computation...
    Writing took     2.268692 ms
    Computation took 187.908883 ms
    Reading took     70.271000 us
  Sample 34...
Starting computation...
    Writing took     1.840241 ms
    Computation took 187.934453 ms
    Reading took     71.416000 us
  Sample 35...
Starting computation...
    Writing took     1.889170 ms
    Computation took 187.909425 ms
    Reading took     72.806000 us
  Sample 36...
Starting computation...
    Writing took     1.850630 ms
    Computation took 187.924643 ms
    Reading took     51.142000 us
  Sample 37...
Starting computation...
    Writing took     1.304265 ms
    Computation took 187.893837 ms
    Reading took     52.598000 us
  Sample 38...
Starting computation...
    Writing took     1.314233 ms
    Computation took 187.921362 ms
    Reading took     52.385000 us
  Sample 39...
Starting computation...
    Writing took     1.313816 ms
    Computation took 187.890484 ms
    Reading took     81.167000 us
  Sample 40...
Starting computation...
    Writing took     2.136053 ms
    Computation took 187.907164 ms
    Reading took     71.611000 us
  Sample 41...
Starting computation...
    Writing took     1.869541 ms
    Computation took 187.895725 ms
    Reading took     69.059000 us
  Sample 42...
Starting computation...
    Writing took     1.834706 ms
    Computation took 187.931435 ms
    Reading took     71.720000 us
  Sample 43...
Starting computation...
    Writing took     1.876381 ms
    Computation took 187.933896 ms
    Reading took     50.400000 us
  Sample 44...
Starting computation...
    Writing took     1.305390 ms
    Computation took 187.968147 ms
    Reading took     52.218000 us
  Sample 45...
Starting computation...
    Writing took     1.318744 ms
    Computation took 187.908151 ms
    Reading took     62.366000 us
  Sample 46...
Starting computation...
    Writing took     1.576920 ms
    Computation took 187.932406 ms
    Reading took     56.574000 us
  Sample 47...
Starting computation...
    Writing took     1.446163 ms
    Computation took 187.891167 ms
    Reading took     54.825000 us
  Sample 48...
Starting computation...
    Writing took     1.390177 ms
    Computation took 187.971604 ms
    Reading took     54.286000 us
  Sample 49...
Starting computation...
    Writing took     1.388158 ms
    Computation took 187.967115 ms
    Reading took     104.099000 us
  Sample 50...
Starting computation...
    Writing took     2.852414 ms
    Computation took 187.954414 ms
    Reading took     65.548000 us
  Sample 51...
Starting computation...
    Writing took     1.745994 ms
    Computation took 187.930015 ms
    Reading took     65.716000 us
  Sample 52...
Starting computation...
    Writing took     1.725519 ms
    Computation took 187.964076 ms
    Reading took     65.601000 us
  Sample 53...
Starting computation...
    Writing took     1.726240 ms
    Computation took 187.959479 ms
    Reading took     65.676000 us
  Sample 54...
Starting computation...
    Writing took     1.737323 ms
    Computation took 187.969064 ms
    Reading took     67.842000 us
  Sample 55...
Starting computation...
    Writing took     1.716264 ms
    Computation took 187.922838 ms
    Reading took     65.541000 us
  Sample 56...
Starting computation...
    Writing took     1.741693 ms
    Computation took 187.925544 ms
    Reading took     64.545000 us
  Sample 57...
Starting computation...
    Writing took     1.709712 ms
    Computation took 187.940357 ms
    Reading took     64.192000 us
  Sample 58...
Starting computation...
    Writing took     1.716747 ms
    Computation took 187.966144 ms
    Reading took     65.530000 us
  Sample 59...
Starting computation...
    Writing took     2.386259 ms
    Computation took 187.951362 ms
    Reading took     65.996000 us
  Sample 60...
Starting computation...
    Writing took     1.741807 ms
    Computation took 187.924871 ms
    Reading took     66.640000 us
  Sample 61...
Starting computation...
    Writing took     1.724021 ms
    Computation took 187.930017 ms
    Reading took     67.046000 us
  Sample 62...
Starting computation...
    Writing took     1.735986 ms
    Computation took 187.933134 ms
    Reading took     76.518000 us
  Sample 63...
Starting computation...
    Writing took     1.723835 ms
    Computation took 187.921649 ms
    Reading took     64.852000 us
  Sample 64...
Starting computation...
    Writing took     1.724308 ms
    Computation took 187.954726 ms
    Reading took     66.439000 us
  Sample 65...
Starting computation...
    Writing took     1.735022 ms
    Computation took 187.912912 ms
    Reading took     65.760000 us
  Sample 66...
Starting computation...
    Writing took     1.717090 ms
    Computation took 187.946358 ms
    Reading took     64.406000 us
  Sample 67...
Starting computation...
    Writing took     1.730803 ms
    Computation took 187.907450 ms
    Reading took     65.593000 us
  Sample 68...
Starting computation...
    Writing took     1.714517 ms
    Computation took 187.926914 ms
    Reading took     66.517000 us
  Sample 69...
Starting computation...
    Writing took     1.749594 ms
    Computation took 187.845250 ms
    Reading took     65.613000 us
  Sample 70...
Starting computation...
    Writing took     1.730044 ms
    Computation took 187.920907 ms
    Reading took     65.056000 us
  Sample 71...
Starting computation...
    Writing took     1.466651 ms
    Computation took 187.896711 ms
    Reading took     65.480000 us
  Sample 72...
Starting computation...
    Writing took     1.742522 ms
    Computation took 187.939625 ms
    Reading took     65.548000 us
  Sample 73...
Starting computation...
    Writing took     1.726408 ms
    Computation took 187.926134 ms
    Reading took     66.350000 us
  Sample 74...
Starting computation...
    Writing took     1.743061 ms
    Computation took 187.944608 ms
    Reading took     65.273000 us
  Sample 75...
Starting computation...
    Writing took     1.727406 ms
    Computation took 187.924500 ms
    Reading took     64.692000 us
  Sample 76...
Starting computation...
    Writing took     1.722590 ms
    Computation took 187.921226 ms
    Reading took     66.864000 us
  Sample 77...
Starting computation...
    Writing took     1.726630 ms
    Computation took 187.905857 ms
    Reading took     65.648000 us
  Sample 78...
Starting computation...
    Writing took     1.753200 ms
    Computation took 187.935426 ms
    Reading took     72.079000 us
  Sample 79...
Starting computation...
    Writing took     1.714877 ms
    Computation took 187.909187 ms
    Reading took     66.411000 us
  Sample 80...
Starting computation...
    Writing took     1.720331 ms
    Computation took 187.943707 ms
    Reading took     67.011000 us
  Sample 81...
Starting computation...
    Writing took     1.736002 ms
    Computation took 187.924094 ms
    Reading took     65.206000 us
  Sample 82...
Starting computation...
    Writing took     1.729533 ms
    Computation took 187.930377 ms
    Reading took     52.818000 us
  Sample 83...
Starting computation...
    Writing took     1.352780 ms
    Computation took 187.931410 ms
    Reading took     54.385000 us
  Sample 84...
Starting computation...
    Writing took     1.389456 ms
    Computation took 187.938714 ms
    Reading took     56.424000 us
  Sample 85...
Starting computation...
    Writing took     1.427570 ms
    Computation took 187.957762 ms
    Reading took     82.705000 us
  Sample 86...
Starting computation...
    Writing took     2.246040 ms
    Computation took 187.953583 ms
    Reading took     60.682000 us
  Sample 87...
Starting computation...
    Writing took     1.487398 ms
    Computation took 187.934967 ms
    Reading took     65.579000 us
  Sample 88...
Starting computation...
    Writing took     1.596337 ms
    Computation took 187.869484 ms
    Reading took     58.051000 us
  Sample 89...
Starting computation...
    Writing took     1.483656 ms
    Computation took 187.904262 ms
    Reading took     57.791000 us
  Sample 90...
Starting computation...
    Writing took     1.486824 ms
    Computation took 187.909124 ms
    Reading took     59.500000 us
  Sample 91...
Starting computation...
    Writing took     1.564783 ms
    Computation took 187.909493 ms
    Reading took     57.891000 us
  Sample 92...
Starting computation...
    Writing took     1.469842 ms
    Computation took 187.946654 ms
    Reading took     58.110000 us
  Sample 93...
Starting computation...
    Writing took     1.492841 ms
    Computation took 187.921009 ms
    Reading took     58.423000 us
  Sample 94...
Starting computation...
    Writing took     1.496788 ms
    Computation took 187.936856 ms
    Reading took     57.010000 us
  Sample 95...
Starting computation...
    Writing took     1.517849 ms
    Computation took 187.884438 ms
    Reading took     55.228000 us
  Sample 96...
Starting computation...
    Writing took     1.444200 ms
    Computation took 187.922611 ms
    Reading took     59.342000 us
  Sample 97...
Starting computation...
    Writing took     1.394470 ms
    Computation took 187.923020 ms
    Reading took     56.108000 us
  Sample 98...
Starting computation...
    Writing took     1.408923 ms
    Computation took 187.895263 ms
    Reading took     53.484000 us
  Sample 99...
Starting computation...
    Writing took     1.393756 ms
    Computation took 187.886659 ms
    Reading took     54.563000 us
Mean computation time: 187.925669 ms
Mean deviation: 23.660000 us (0.0125901%)
Mean computation time (per hash): 8.170680 ms
Mean deviation (per hash): 1.028000 us
