Using device #0: CUDA Device 'GeForce GTX 1080 Ti'
  Sample 0...
Starting computation...
    Writing took     3.378957 ms
    Computation took 181.960667 ms
    Reading took     101.232000 us
  Sample 1...
Starting computation...
    Writing took     2.378738 ms
    Computation took 181.965222 ms
    Reading took     99.417000 us
  Sample 2...
Starting computation...
    Writing took     2.381071 ms
    Computation took 181.981111 ms
    Reading took     105.222000 us
  Sample 3...
Starting computation...
    Writing took     2.343681 ms
    Computation took 181.882180 ms
    Reading took     103.851000 us
  Sample 4...
Starting computation...
    Writing took     2.327280 ms
    Computation took 181.895711 ms
    Reading took     95.155000 us
  Sample 5...
Starting computation...
    Writing took     2.327937 ms
    Computation took 181.912079 ms
    Reading took     150.009000 us
  Sample 6...
Starting computation...
    Writing took     3.553559 ms
    Computation took 181.898246 ms
    Reading took     95.480000 us
  Sample 7...
Starting computation...
    Writing took     2.390897 ms
    Computation took 181.820170 ms
    Reading took     95.210000 us
  Sample 8...
Starting computation...
    Writing took     2.379303 ms
    Computation took 181.822981 ms
    Reading took     108.492000 us
  Sample 9...
Starting computation...
    Writing took     2.331752 ms
    Computation took 181.822166 ms
    Reading took     93.778000 us
  Sample 10...
Starting computation...
    Writing took     2.357049 ms
    Computation took 181.887152 ms
    Reading took     151.679000 us
  Sample 11...
Starting computation...
    Writing took     3.961135 ms
    Computation took 181.926553 ms
    Reading took     97.928000 us
  Sample 12...
Starting computation...
    Writing took     2.370084 ms
    Computation took 181.885467 ms
    Reading took     101.160000 us
  Sample 13...
Starting computation...
    Writing took     2.376660 ms
    Computation took 181.867810 ms
    Reading took     96.081000 us
  Sample 14...
Starting computation...
    Writing took     2.374362 ms
    Computation took 181.848056 ms
    Reading took     101.942000 us
  Sample 15...
Starting computation...
    Writing took     2.388558 ms
    Computation took 181.869341 ms
    Reading took     95.116000 us
  Sample 16...
Starting computation...
    Writing took     2.352551 ms
    Computation took 181.859214 ms
    Reading took     96.511000 us
  Sample 17...
Starting computation...
    Writing took     2.339483 ms
    Computation took 181.834880 ms
    Reading took     95.760000 us
  Sample 18...
Starting computation...
    Writing took     2.335145 ms
    Computation took 181.855409 ms
    Reading took     96.984000 us
  Sample 19...
Starting computation...
    Writing took     2.343688 ms
    Computation took 181.834881 ms
    Reading took     95.094000 us
  Sample 20...
Starting computation...
    Writing took     2.312433 ms
    Computation took 181.857793 ms
    Reading took     79.408000 us
  Sample 21...
Starting computation...
    Writing took     1.813495 ms
    Computation took 181.876596 ms
    Reading took     94.348000 us
  Sample 22...
Starting computation...
    Writing took     2.344091 ms
    Computation took 181.814079 ms
    Reading took     91.642000 us
  Sample 23...
Starting computation...
    Writing took     2.270093 ms
    Computation took 181.832846 ms
    Reading took     91.766000 us
  Sample 24...
Starting computation...
    Writing took     2.268326 ms
    Computation took 181.833378 ms
    Reading took     92.240000 us
  Sample 25...
Starting computation...
    Writing took     2.281269 ms
    Computation took 181.832947 ms
    Reading took     93.938000 us
  Sample 26...
Starting computation...
    Writing took     2.297247 ms
    Computation took 181.809284 ms
    Reading took     96.014000 us
  Sample 27...
Starting computation...
    Writing took     2.334110 ms
    Computation took 181.814740 ms
    Reading took     95.469000 us
  Sample 28...
Starting computation...
    Writing took     2.380924 ms
    Computation took 181.853601 ms
    Reading took     96.359000 us
  Sample 29...
Starting computation...
    Writing took     2.382564 ms
    Computation took 181.891420 ms
    Reading took     94.241000 us
  Sample 30...
Starting computation...
    Writing took     2.369425 ms
    Computation took 181.838350 ms
    Reading took     95.781000 us
  Sample 31...
Starting computation...
    Writing took     2.364482 ms
    Computation took 181.857252 ms
    Reading took     107.012000 us
  Sample 32...
Starting computation...
    Writing took     2.333688 ms
    Computation took 181.872259 ms
    Reading took     149.842000 us
  Sample 33...
Starting computation...
    Writing took     3.970031 ms
    Computation took 182.401417 ms
    Reading took     97.040000 us
  Sample 34...
Starting computation...
    Writing took     2.377672 ms
    Computation took 182.406870 ms
    Reading took     100.896000 us
  Sample 35...
Starting computation...
    Writing took     2.334143 ms
    Computation took 182.396587 ms
    Reading took     94.066000 us
  Sample 36...
Starting computation...
    Writing took     2.327163 ms
    Computation took 182.406563 ms
    Reading took     95.588000 us
  Sample 37...
Starting computation...
    Writing took     2.353839 ms
    Computation took 182.402163 ms
    Reading took     95.121000 us
  Sample 38...
Starting computation...
    Writing took     2.404344 ms
    Computation took 182.415050 ms
    Reading took     95.533000 us
  Sample 39...
Starting computation...
    Writing took     2.375040 ms
    Computation took 182.415834 ms
    Reading took     94.590000 us
  Sample 40...
Starting computation...
    Writing took     2.329770 ms
    Computation took 182.381674 ms
    Reading took     94.080000 us
  Sample 41...
Starting computation...
    Writing took     2.329555 ms
    Computation took 182.429159 ms
    Reading took     93.445000 us
  Sample 42...
Starting computation...
    Writing took     2.375925 ms
    Computation took 182.418924 ms
    Reading took     94.574000 us
  Sample 43...
Starting computation...
    Writing took     2.388611 ms
    Computation took 182.444274 ms
    Reading took     100.819000 us
  Sample 44...
Starting computation...
    Writing took     2.343503 ms
    Computation took 182.438731 ms
    Reading took     95.823000 us
  Sample 45...
Starting computation...
    Writing took     2.338618 ms
    Computation took 182.433085 ms
    Reading took     158.731000 us
  Sample 46...
Starting computation...
    Writing took     4.161334 ms
    Computation took 182.418263 ms
    Reading took     81.633000 us
  Sample 47...
Starting computation...
    Writing took     1.880947 ms
    Computation took 182.373284 ms
    Reading took     82.859000 us
  Sample 48...
Starting computation...
    Writing took     1.945917 ms
    Computation took 182.419345 ms
    Reading took     86.046000 us
  Sample 49...
Starting computation...
    Writing took     2.003707 ms
    Computation took 182.391686 ms
    Reading took     82.562000 us
  Sample 50...
Starting computation...
    Writing took     2.011847 ms
    Computation took 182.432649 ms
    Reading took     87.319000 us
  Sample 51...
Starting computation...
    Writing took     2.113861 ms
    Computation took 182.403160 ms
    Reading took     82.669000 us
  Sample 52...
Starting computation...
    Writing took     1.993523 ms
    Computation took 182.397589 ms
    Reading took     97.276000 us
  Sample 53...
Starting computation...
    Writing took     2.366300 ms
    Computation took 182.391471 ms
    Reading took     95.692000 us
  Sample 54...
Starting computation...
    Writing took     2.345468 ms
    Computation took 182.369670 ms
    Reading took     94.746000 us
  Sample 55...
Starting computation...
    Writing took     2.201627 ms
    Computation took 182.359332 ms
    Reading took     78.409000 us
  Sample 56...
Starting computation...
    Writing took     1.758655 ms
    Computation took 182.355420 ms
    Reading took     74.923000 us
  Sample 57...
Starting computation...
    Writing took     1.765677 ms
    Computation took 182.375291 ms
    Reading took     145.213000 us
  Sample 58...
Starting computation...
    Writing took     3.847381 ms
    Computation took 182.439868 ms
    Reading took     95.870000 us
  Sample 59...
Starting computation...
    Writing took     2.327011 ms
    Computation took 182.433260 ms
    Reading took     95.126000 us
  Sample 60...
Starting computation...
    Writing took     2.375054 ms
    Computation took 182.403831 ms
    Reading took     95.592000 us
  Sample 61...
Starting computation...
    Writing took     2.392729 ms
    Computation took 182.461011 ms
    Reading took     102.160000 us
  Sample 62...
Starting computation...
    Writing took     2.347322 ms
    Computation took 182.392295 ms
    Reading took     94.581000 us
  Sample 63...
Starting computation...
    Writing took     2.336621 ms
    Computation took 182.420882 ms
    Reading took     96.684000 us
  Sample 64...
Starting computation...
    Writing took     2.900859 ms
    Computation took 182.386545 ms
    Reading took     77.360000 us
  Sample 65...
Starting computation...
    Writing took     1.769122 ms
    Computation took 182.374321 ms
    Reading took     96.580000 us
  Sample 66...
Starting computation...
    Writing took     2.373379 ms
    Computation took 182.400334 ms
    Reading took     95.560000 us
  Sample 67...
Starting computation...
    Writing took     2.336508 ms
    Computation took 182.424838 ms
    Reading took     76.758000 us
  Sample 68...
Starting computation...
    Writing took     1.810880 ms
    Computation took 182.393829 ms
    Reading took     75.257000 us
  Sample 69...
Starting computation...
    Writing took     1.764439 ms
    Computation took 182.365354 ms
    Reading took     75.361000 us
  Sample 70...
Starting computation...
    Writing took     1.762631 ms
    Computation took 182.385162 ms
    Reading took     82.184000 us
  Sample 71...
Starting computation...
    Writing took     1.954793 ms
    Computation took 182.386418 ms
    Reading took     78.403000 us
  Sample 72...
Starting computation...
    Writing took     1.865482 ms
    Computation took 182.402019 ms
    Reading took     76.532000 us
  Sample 73...
Starting computation...
    Writing took     1.764795 ms
    Computation took 182.362478 ms
    Reading took     83.876000 us
  Sample 74...
Starting computation...
    Writing took     2.046707 ms
    Computation took 182.416005 ms
    Reading took     82.450000 us
  Sample 75...
Starting computation...
    Writing took     1.968698 ms
    Computation took 182.387696 ms
    Reading took     81.887000 us
  Sample 76...
Starting computation...
    Writing took     1.885648 ms
    Computation took 182.373466 ms
    Reading took     95.409000 us
  Sample 77...
Starting computation...
    Writing took     2.363617 ms
    Computation took 182.391705 ms
    Reading took     96.357000 us
  Sample 78...
Starting computation...
    Writing took     2.339283 ms
    Computation took 182.385680 ms
    Reading took     94.346000 us
  Sample 79...
Starting computation...
    Writing took     2.366034 ms
    Computation took 182.379668 ms
    Reading took     95.979000 us
  Sample 80...
Starting computation...
    Writing took     2.396026 ms
    Computation took 182.411974 ms
    Reading took     96.229000 us
  Sample 81...
Starting computation...
    Writing took     2.371679 ms
    Computation took 182.398838 ms
    Reading took     94.613000 us
  Sample 82...
Starting computation...
    Writing took     2.321058 ms
    Computation took 182.370426 ms
    Reading took     96.135000 us
  Sample 83...
Starting computation...
    Writing took     2.346533 ms
    Computation took 182.430593 ms
    Reading took     96.247000 us
  Sample 84...
Starting computation...
    Writing took     2.400543 ms
    Computation took 182.440054 ms
    Reading took     97.440000 us
  Sample 85...
Starting computation...
    Writing took     2.368079 ms
    Computation took 182.402918 ms
    Reading took     97.101000 us
  Sample 86...
Starting computation...
    Writing took     2.345517 ms
    Computation took 182.385084 ms
    Reading took     96.664000 us
  Sample 87...
Starting computation...
    Writing took     2.329198 ms
    Computation took 182.421644 ms
    Reading took     95.617000 us
  Sample 88...
Starting computation...
    Writing took     2.919058 ms
    Computation took 182.387252 ms
    Reading took     76.253000 us
  Sample 89...
Starting computation...
    Writing took     1.839902 ms
    Computation took 182.367225 ms
    Reading took     75.298000 us
  Sample 90...
Starting computation...
    Writing took     1.761964 ms
    Computation took 182.437639 ms
    Reading took     149.265000 us
  Sample 91...
Starting computation...
    Writing took     3.275193 ms
    Computation took 182.421300 ms
    Reading took     84.677000 us
  Sample 92...
Starting computation...
    Writing took     2.033326 ms
    Computation took 182.368155 ms
    Reading took     85.936000 us
  Sample 93...
Starting computation...
    Writing took     2.004024 ms
    Computation took 182.382197 ms
    Reading took     87.916000 us
  Sample 94...
Starting computation...
    Writing took     2.165222 ms
    Computation took 182.358170 ms
    Reading took     84.736000 us
  Sample 95...
Starting computation...
    Writing took     2.066335 ms
    Computation took 182.381267 ms
    Reading took     82.346000 us
  Sample 96...
Starting computation...
    Writing took     1.950315 ms
    Computation took 182.373793 ms
    Reading took     87.310000 us
  Sample 97...
Starting computation...
    Writing took     2.066456 ms
    Computation took 182.346785 ms
    Reading took     142.737000 us
  Sample 98...
Starting computation...
    Writing took     3.934021 ms
    Computation took 182.424511 ms
    Reading took     116.649000 us
  Sample 99...
Starting computation...
    Writing took     2.517486 ms
    Computation took 182.389417 ms
    Reading took     76.781000 us
Mean computation time: 182.223572 ms
Mean deviation: 235.281000 us (0.129117%)
Mean computation time (per hash): 5.878179 ms
Mean deviation (per hash): 7.589000 us
