Using device #0: CUDA Device 'GeForce GTX 1080 Ti'
  Sample 0...
Starting computation...
    Writing took     1.742414 ms
    Computation took 186.084701 ms
    Reading took     79.101000 us
  Sample 1...
Starting computation...
    Writing took     1.721822 ms
    Computation took 186.138418 ms
    Reading took     84.336000 us
  Sample 2...
Starting computation...
    Writing took     2.087179 ms
    Computation took 186.146658 ms
    Reading took     83.146000 us
  Sample 3...
Starting computation...
    Writing took     2.050435 ms
    Computation took 186.108379 ms
    Reading took     68.018000 us
  Sample 4...
Starting computation...
    Writing took     1.577530 ms
    Computation took 186.077979 ms
    Reading took     65.129000 us
  Sample 5...
Starting computation...
    Writing took     1.521336 ms
    Computation took 186.047561 ms
    Reading took     66.647000 us
  Sample 6...
Starting computation...
    Writing took     1.527559 ms
    Computation took 186.083595 ms
    Reading took     67.554000 us
  Sample 7...
Starting computation...
    Writing took     1.594996 ms
    Computation took 186.075168 ms
    Reading took     72.742000 us
  Sample 8...
Starting computation...
    Writing took     1.719601 ms
    Computation took 186.078330 ms
    Reading took     64.950000 us
  Sample 9...
Starting computation...
    Writing took     1.526566 ms
    Computation took 186.086151 ms
    Reading took     68.913000 us
  Sample 10...
Starting computation...
    Writing took     1.631521 ms
    Computation took 186.088347 ms
    Reading took     72.157000 us
  Sample 11...
Starting computation...
    Writing took     1.793930 ms
    Computation took 186.114207 ms
    Reading took     69.157000 us
  Sample 12...
Starting computation...
    Writing took     1.598800 ms
    Computation took 186.090706 ms
    Reading took     68.480000 us
  Sample 13...
Starting computation...
    Writing took     1.520130 ms
    Computation took 186.074797 ms
    Reading took     84.488000 us
  Sample 14...
Starting computation...
    Writing took     2.042517 ms
    Computation took 186.111251 ms
    Reading took     81.788000 us
  Sample 15...
Starting computation...
    Writing took     2.066755 ms
    Computation took 186.110731 ms
    Reading took     84.079000 us
  Sample 16...
Starting computation...
    Writing took     2.078471 ms
    Computation took 186.154433 ms
    Reading took     82.171000 us
  Sample 17...
Starting computation...
    Writing took     2.062818 ms
    Computation took 186.101789 ms
    Reading took     82.290000 us
  Sample 18...
Starting computation...
    Writing took     2.055092 ms
    Computation took 186.140185 ms
    Reading took     82.690000 us
  Sample 19...
Starting computation...
    Writing took     2.057654 ms
    Computation took 186.109188 ms
    Reading took     65.707000 us
  Sample 20...
Starting computation...
    Writing took     1.535812 ms
    Computation took 186.056704 ms
    Reading took     69.173000 us
  Sample 21...
Starting computation...
    Writing took     1.650022 ms
    Computation took 186.039331 ms
    Reading took     68.597000 us
  Sample 22...
Starting computation...
    Writing took     1.677327 ms
    Computation took 186.076927 ms
    Reading took     72.660000 us
  Sample 23...
Starting computation...
    Writing took     1.824800 ms
    Computation took 186.100769 ms
    Reading took     77.672000 us
  Sample 24...
Starting computation...
    Writing took     1.916076 ms
    Computation took 186.137422 ms
    Reading took     72.344000 us
  Sample 25...
Starting computation...
    Writing took     1.760208 ms
    Computation took 186.062545 ms
    Reading took     76.665000 us
  Sample 26...
Starting computation...
    Writing took     1.732993 ms
    Computation took 186.108448 ms
    Reading took     73.405000 us
  Sample 27...
Starting computation...
    Writing took     1.839860 ms
    Computation took 186.120026 ms
    Reading took     75.891000 us
  Sample 28...
Starting computation...
    Writing took     1.820165 ms
    Computation took 186.078666 ms
    Reading took     76.414000 us
  Sample 29...
Starting computation...
    Writing took     1.905253 ms
    Computation took 186.060511 ms
    Reading took     65.302000 us
  Sample 30...
Starting computation...
    Writing took     1.575118 ms
    Computation took 186.076597 ms
    Reading took     64.881000 us
  Sample 31...
Starting computation...
    Writing took     1.576555 ms
    Computation took 186.077296 ms
    Reading took     64.472000 us
  Sample 32...
Starting computation...
    Writing took     1.526589 ms
    Computation took 186.147629 ms
    Reading took     121.063000 us
  Sample 33...
Starting computation...
    Writing took     3.460690 ms
    Computation took 186.135545 ms
    Reading took     77.475000 us
  Sample 34...
Starting computation...
    Writing took     2.019150 ms
    Computation took 186.131893 ms
    Reading took     62.890000 us
  Sample 35...
Starting computation...
    Writing took     1.557891 ms
    Computation took 186.091217 ms
    Reading took     63.246000 us
  Sample 36...
Starting computation...
    Writing took     1.539516 ms
    Computation took 186.115075 ms
    Reading took     84.866000 us
  Sample 37...
Starting computation...
    Writing took     1.586263 ms
    Computation took 186.130998 ms
    Reading took     60.287000 us
  Sample 38...
Starting computation...
    Writing took     1.525523 ms
    Computation took 186.128651 ms
    Reading took     65.641000 us
  Sample 39...
Starting computation...
    Writing took     1.788950 ms
    Computation took 186.148921 ms
    Reading took     142.437000 us
  Sample 40...
Starting computation...
    Writing took     3.759992 ms
    Computation took 186.086177 ms
    Reading took     76.413000 us
  Sample 41...
Starting computation...
    Writing took     2.011165 ms
    Computation took 186.095050 ms
    Reading took     123.011000 us
  Sample 42...
Starting computation...
    Writing took     3.236824 ms
    Computation took 186.114540 ms
    Reading took     68.387000 us
  Sample 43...
Starting computation...
    Writing took     1.577494 ms
    Computation took 186.117610 ms
    Reading took     73.167000 us
  Sample 44...
Starting computation...
    Writing took     1.698519 ms
    Computation took 186.109437 ms
    Reading took     75.174000 us
  Sample 45...
Starting computation...
    Writing took     1.829959 ms
    Computation took 186.101990 ms
    Reading took     73.256000 us
  Sample 46...
Starting computation...
    Writing took     1.780433 ms
    Computation took 186.137569 ms
    Reading took     75.589000 us
  Sample 47...
Starting computation...
    Writing took     1.841290 ms
    Computation took 186.085947 ms
    Reading took     72.541000 us
  Sample 48...
Starting computation...
    Writing took     1.749965 ms
    Computation took 186.096665 ms
    Reading took     67.419000 us
  Sample 49...
Starting computation...
    Writing took     1.673153 ms
    Computation took 186.048553 ms
    Reading took     72.486000 us
  Sample 50...
Starting computation...
    Writing took     1.762732 ms
    Computation took 186.079528 ms
    Reading took     81.516000 us
  Sample 51...
Starting computation...
    Writing took     1.606319 ms
    Computation took 186.064522 ms
    Reading took     72.360000 us
  Sample 52...
Starting computation...
    Writing took     1.755085 ms
    Computation took 186.060015 ms
    Reading took     78.353000 us
  Sample 53...
Starting computation...
    Writing took     1.908420 ms
    Computation took 186.082340 ms
    Reading took     76.927000 us
  Sample 54...
Starting computation...
    Writing took     1.910827 ms
    Computation took 186.109478 ms
    Reading took     66.369000 us
  Sample 55...
Starting computation...
    Writing took     1.527321 ms
    Computation took 186.065530 ms
    Reading took     110.636000 us
  Sample 56...
Starting computation...
    Writing took     2.866211 ms
    Computation took 186.083964 ms
    Reading took     71.734000 us
  Sample 57...
Starting computation...
    Writing took     1.706478 ms
    Computation took 186.082361 ms
    Reading took     72.869000 us
  Sample 58...
Starting computation...
    Writing took     1.741155 ms
    Computation took 186.140284 ms
    Reading took     69.282000 us
  Sample 59...
Starting computation...
    Writing took     1.673863 ms
    Computation took 186.110484 ms
    Reading took     73.103000 us
  Sample 60...
Starting computation...
    Writing took     1.788357 ms
    Computation took 186.084383 ms
    Reading took     70.720000 us
  Sample 61...
Starting computation...
    Writing took     1.634501 ms
    Computation took 186.114540 ms
    Reading took     76.616000 us
  Sample 62...
Starting computation...
    Writing took     1.887482 ms
    Computation took 186.107617 ms
    Reading took     77.239000 us
  Sample 63...
Starting computation...
    Writing took     1.891934 ms
    Computation took 186.068601 ms
    Reading took     71.414000 us
  Sample 64...
Starting computation...
    Writing took     1.692580 ms
    Computation took 186.049495 ms
    Reading took     70.316000 us
  Sample 65...
Starting computation...
    Writing took     1.697494 ms
    Computation took 186.057757 ms
    Reading took     68.150000 us
  Sample 66...
Starting computation...
    Writing took     1.643384 ms
    Computation took 186.075232 ms
    Reading took     91.322000 us
  Sample 67...
Starting computation...
    Writing took     2.277603 ms
    Computation took 186.096598 ms
    Reading took     86.067000 us
  Sample 68...
Starting computation...
    Writing took     2.149982 ms
    Computation took 186.105308 ms
    Reading took     89.265000 us
  Sample 69...
Starting computation...
    Writing took     2.219296 ms
    Computation took 186.115796 ms
    Reading took     93.472000 us
  Sample 70...
Starting computation...
    Writing took     1.707424 ms
    Computation took 186.082170 ms
    Reading took     70.288000 us
  Sample 71...
Starting computation...
    Writing took     1.634417 ms
    Computation took 186.123840 ms
    Reading took     73.850000 us
  Sample 72...
Starting computation...
    Writing took     1.795725 ms
    Computation took 186.100134 ms
    Reading took     71.337000 us
  Sample 73...
Starting computation...
    Writing took     1.780934 ms
    Computation took 186.126413 ms
    Reading took     71.358000 us
  Sample 74...
Starting computation...
    Writing took     1.689751 ms
    Computation took 186.083588 ms
    Reading took     78.379000 us
  Sample 75...
Starting computation...
    Writing took     1.786055 ms
    Computation took 186.055903 ms
    Reading took     80.690000 us
  Sample 76...
Starting computation...
    Writing took     1.998884 ms
    Computation took 186.154630 ms
    Reading took     62.625000 us
  Sample 77...
Starting computation...
    Writing took     2.033037 ms
    Computation took 186.129443 ms
    Reading took     76.212000 us
  Sample 78...
Starting computation...
    Writing took     2.006774 ms
    Computation took 186.140670 ms
    Reading took     80.953000 us
  Sample 79...
Starting computation...
    Writing took     2.004102 ms
    Computation took 186.145251 ms
    Reading took     76.674000 us
  Sample 80...
Starting computation...
    Writing took     2.015807 ms
    Computation took 186.176305 ms
    Reading took     76.931000 us
  Sample 81...
Starting computation...
    Writing took     2.002304 ms
    Computation took 186.102258 ms
    Reading took     89.118000 us
  Sample 82...
Starting computation...
    Writing took     2.219277 ms
    Computation took 186.107944 ms
    Reading took     80.628000 us
  Sample 83...
Starting computation...
    Writing took     1.945431 ms
    Computation took 186.061322 ms
    Reading took     77.520000 us
  Sample 84...
Starting computation...
    Writing took     1.893258 ms
    Computation took 186.090798 ms
    Reading took     76.929000 us
  Sample 85...
Starting computation...
    Writing took     1.889862 ms
    Computation took 186.117042 ms
    Reading took     78.478000 us
  Sample 86...
Starting computation...
    Writing took     1.888631 ms
    Computation took 186.104628 ms
    Reading took     74.740000 us
  Sample 87...
Starting computation...
    Writing took     1.817476 ms
    Computation took 186.082818 ms
    Reading took     79.231000 us
  Sample 88...
Starting computation...
    Writing took     1.963237 ms
    Computation took 186.121276 ms
    Reading took     82.312000 us
  Sample 89...
Starting computation...
    Writing took     2.062961 ms
    Computation took 186.056481 ms
    Reading took     79.979000 us
  Sample 90...
Starting computation...
    Writing took     2.021835 ms
    Computation took 186.111823 ms
    Reading took     67.118000 us
  Sample 91...
Starting computation...
    Writing took     1.557257 ms
    Computation took 186.160263 ms
    Reading took     65.428000 us
  Sample 92...
Starting computation...
    Writing took     1.519962 ms
    Computation took 186.180862 ms
    Reading took     121.107000 us
  Sample 93...
Starting computation...
    Writing took     3.206613 ms
    Computation took 186.185491 ms
    Reading took     64.407000 us
  Sample 94...
Starting computation...
    Writing took     1.724575 ms
    Computation took 186.105914 ms
    Reading took     66.629000 us
  Sample 95...
Starting computation...
    Writing took     1.747842 ms
    Computation took 186.073955 ms
    Reading took     66.025000 us
  Sample 96...
Starting computation...
    Writing took     1.687418 ms
    Computation took 186.123954 ms
    Reading took     65.992000 us
  Sample 97...
Starting computation...
    Writing took     1.695994 ms
    Computation took 186.117225 ms
    Reading took     67.410000 us
  Sample 98...
Starting computation...
    Writing took     1.744283 ms
    Computation took 186.163540 ms
    Reading took     64.250000 us
  Sample 99...
Starting computation...
    Writing took     1.729760 ms
    Computation took 186.104339 ms
    Reading took     63.965000 us
Mean computation time: 186.102853 ms
Mean deviation: 25.577000 us (0.0137435%)
Mean computation time (per hash): 6.892697 ms
Mean deviation (per hash): 947 ns
