Using device #0: CUDA Device 'GeForce GTX 1080 Ti'
  Sample 0...
Starting computation...
    Writing took     5.686850 ms
    Computation took 256.582471 ms
    Reading took     228.589000 us
  Sample 1...
Starting computation...
    Writing took     6.231419 ms
    Computation took 256.381715 ms
    Reading took     226.105000 us
  Sample 2...
Starting computation...
    Writing took     6.226908 ms
    Computation took 256.351617 ms
    Reading took     196.385000 us
  Sample 3...
Starting computation...
    Writing took     5.699883 ms
    Computation took 256.348373 ms
    Reading took     167.665000 us
  Sample 4...
Starting computation...
    Writing took     4.496048 ms
    Computation took 256.624853 ms
    Reading took     260.974000 us
  Sample 5...
Starting computation...
    Writing took     6.534397 ms
    Computation took 257.219917 ms
    Reading took     246.798000 us
  Sample 6...
Starting computation...
    Writing took     6.470624 ms
    Computation took 258.192498 ms
    Reading took     223.571000 us
  Sample 7...
Starting computation...
    Writing took     6.200330 ms
    Computation took 260.419281 ms
    Reading took     223.929000 us
  Sample 8...
Starting computation...
    Writing took     6.211513 ms
    Computation took 259.792280 ms
    Reading took     249.840000 us
  Sample 9...
Starting computation...
    Writing took     6.355407 ms
    Computation took 258.650809 ms
    Reading took     178.415000 us
  Sample 10...
Starting computation...
    Writing took     4.624951 ms
    Computation took 258.497935 ms
    Reading took     189.193000 us
  Sample 11...
Starting computation...
    Writing took     4.548381 ms
    Computation took 258.605341 ms
    Reading took     229.864000 us
  Sample 12...
Starting computation...
    Writing took     6.885437 ms
    Computation took 258.289834 ms
    Reading took     207.777000 us
  Sample 13...
Starting computation...
    Writing took     5.690578 ms
    Computation took 258.507221 ms
    Reading took     225.879000 us
  Sample 14...
Starting computation...
    Writing took     6.185406 ms
    Computation took 258.505826 ms
    Reading took     225.151000 us
  Sample 15...
Starting computation...
    Writing took     6.474330 ms
    Computation took 258.325865 ms
    Reading took     221.595000 us
  Sample 16...
Starting computation...
    Writing took     7.552619 ms
    Computation took 259.340754 ms
    Reading took     184.041000 us
  Sample 17...
Starting computation...
    Writing took     4.993209 ms
    Computation took 261.184764 ms
    Reading took     217.986000 us
  Sample 18...
Starting computation...
    Writing took     5.763108 ms
    Computation took 261.262266 ms
    Reading took     208.410000 us
  Sample 19...
Starting computation...
    Writing took     5.729588 ms
    Computation took 260.337073 ms
    Reading took     201.267000 us
  Sample 20...
Starting computation...
    Writing took     5.584992 ms
    Computation took 259.609570 ms
    Reading took     250.181000 us
  Sample 21...
Starting computation...
    Writing took     6.835585 ms
    Computation took 258.227102 ms
    Reading took     225.696000 us
  Sample 22...
Starting computation...
    Writing took     6.200263 ms
    Computation took 256.732410 ms
    Reading took     224.500000 us
  Sample 23...
Starting computation...
    Writing took     6.237583 ms
    Computation took 256.691078 ms
    Reading took     189.903000 us
  Sample 24...
Starting computation...
    Writing took     5.053896 ms
    Computation took 258.363103 ms
    Reading took     199.873000 us
  Sample 25...
Starting computation...
    Writing took     5.601655 ms
    Computation took 258.856021 ms
    Reading took     194.458000 us
  Sample 26...
Starting computation...
    Writing took     5.402660 ms
    Computation took 259.315637 ms
    Reading took     200.061000 us
  Sample 27...
Starting computation...
    Writing took     4.429275 ms
    Computation took 258.951106 ms
    Reading took     208.930000 us
  Sample 28...
Starting computation...
    Writing took     5.717731 ms
    Computation took 258.407822 ms
    Reading took     284.794000 us
  Sample 29...
Starting computation...
    Writing took     7.367349 ms
    Computation took 257.319436 ms
    Reading took     379.360000 us
  Sample 30...
Starting computation...
    Writing took     8.986055 ms
    Computation took 257.202847 ms
    Reading took     226.213000 us
  Sample 31...
Starting computation...
    Writing took     6.212555 ms
    Computation took 259.197460 ms
    Reading took     246.997000 us
  Sample 32...
Starting computation...
    Writing took     7.380551 ms
    Computation took 259.867735 ms
    Reading took     224.678000 us
  Sample 33...
Starting computation...
    Writing took     7.448245 ms
    Computation took 259.128379 ms
    Reading took     359.509000 us
  Sample 34...
Starting computation...
    Writing took     6.199361 ms
    Computation took 258.426161 ms
    Reading took     207.973000 us
  Sample 35...
Starting computation...
    Writing took     6.749729 ms
    Computation took 258.563803 ms
    Reading took     212.110000 us
  Sample 36...
Starting computation...
    Writing took     5.697820 ms
    Computation took 259.244121 ms
    Reading took     215.580000 us
  Sample 37...
Starting computation...
    Writing took     6.087967 ms
    Computation took 259.045835 ms
    Reading took     207.603000 us
  Sample 38...
Starting computation...
    Writing took     6.096648 ms
    Computation took 259.176566 ms
    Reading took     224.686000 us
  Sample 39...
Starting computation...
    Writing took     6.221179 ms
    Computation took 258.385017 ms
    Reading took     225.542000 us
  Sample 40...
Starting computation...
    Writing took     6.242943 ms
    Computation took 258.636621 ms
    Reading took     224.009000 us
  Sample 41...
Starting computation...
    Writing took     6.191021 ms
    Computation took 259.076735 ms
    Reading took     224.113000 us
  Sample 42...
Starting computation...
    Writing took     6.502801 ms
    Computation took 259.100444 ms
    Reading took     167.861000 us
  Sample 43...
Starting computation...
    Writing took     4.510191 ms
    Computation took 257.322692 ms
    Reading took     184.900000 us
  Sample 44...
Starting computation...
    Writing took     5.146858 ms
    Computation took 257.555547 ms
    Reading took     340.783000 us
  Sample 45...
Starting computation...
    Writing took     9.720167 ms
    Computation took 257.475983 ms
    Reading took     226.291000 us
  Sample 46...
Starting computation...
    Writing took     6.198057 ms
    Computation took 257.306514 ms
    Reading took     281.916000 us
  Sample 47...
Starting computation...
    Writing took     6.194932 ms
    Computation took 257.511228 ms
    Reading took     215.037000 us
  Sample 48...
Starting computation...
    Writing took     5.683305 ms
    Computation took 257.479368 ms
    Reading took     296.653000 us
  Sample 49...
Starting computation...
    Writing took     6.549141 ms
    Computation took 257.993279 ms
    Reading took     232.058000 us
  Sample 50...
Starting computation...
    Writing took     5.230498 ms
    Computation took 257.283205 ms
    Reading took     179.152000 us
  Sample 51...
Starting computation...
    Writing took     4.550581 ms
    Computation took 257.421795 ms
    Reading took     180.328000 us
  Sample 52...
Starting computation...
    Writing took     4.492504 ms
    Computation took 257.627970 ms
    Reading took     223.251000 us
  Sample 53...
Starting computation...
    Writing took     5.926921 ms
    Computation took 258.452094 ms
    Reading took     218.268000 us
  Sample 54...
Starting computation...
    Writing took     5.152611 ms
    Computation took 258.702684 ms
    Reading took     221.515000 us
  Sample 55...
Starting computation...
    Writing took     5.777455 ms
    Computation took 259.311726 ms
    Reading took     247.260000 us
  Sample 56...
Starting computation...
    Writing took     6.389477 ms
    Computation took 260.135301 ms
    Reading took     179.798000 us
  Sample 57...
Starting computation...
    Writing took     4.542906 ms
    Computation took 259.491842 ms
    Reading took     221.849000 us
  Sample 58...
Starting computation...
    Writing took     5.713652 ms
    Computation took 260.771030 ms
    Reading took     194.780000 us
  Sample 59...
Starting computation...
    Writing took     5.001683 ms
    Computation took 260.424043 ms
    Reading took     179.292000 us
  Sample 60...
Starting computation...
    Writing took     4.650068 ms
    Computation took 259.267634 ms
    Reading took     217.588000 us
  Sample 61...
Starting computation...
    Writing took     5.694672 ms
    Computation took 259.290537 ms
    Reading took     195.905000 us
  Sample 62...
Starting computation...
    Writing took     4.791315 ms
    Computation took 259.288766 ms
    Reading took     287.659000 us
  Sample 63...
Starting computation...
    Writing took     10.424219 ms
    Computation took 259.045978 ms
    Reading took     225.474000 us
  Sample 64...
Starting computation...
    Writing took     6.205251 ms
    Computation took 258.449320 ms
    Reading took     225.385000 us
  Sample 65...
Starting computation...
    Writing took     6.195026 ms
    Computation took 258.698235 ms
    Reading took     179.363000 us
  Sample 66...
Starting computation...
    Writing took     4.475291 ms
    Computation took 259.209605 ms
    Reading took     208.579000 us
  Sample 67...
Starting computation...
    Writing took     6.859014 ms
    Computation took 258.588320 ms
    Reading took     167.247000 us
  Sample 68...
Starting computation...
    Writing took     4.408097 ms
    Computation took 258.658300 ms
    Reading took     168.850000 us
  Sample 69...
Starting computation...
    Writing took     4.829685 ms
    Computation took 259.168714 ms
    Reading took     196.563000 us
  Sample 70...
Starting computation...
    Writing took     5.245210 ms
    Computation took 259.152874 ms
    Reading took     201.712000 us
  Sample 71...
Starting computation...
    Writing took     5.836923 ms
    Computation took 259.170292 ms
    Reading took     213.193000 us
  Sample 72...
Starting computation...
    Writing took     5.869864 ms
    Computation took 257.923000 ms
    Reading took     245.741000 us
  Sample 73...
Starting computation...
    Writing took     6.780921 ms
    Computation took 257.422436 ms
    Reading took     183.076000 us
  Sample 74...
Starting computation...
    Writing took     4.942521 ms
    Computation took 257.887393 ms
    Reading took     223.964000 us
  Sample 75...
Starting computation...
    Writing took     5.683224 ms
    Computation took 258.711028 ms
    Reading took     200.883000 us
  Sample 76...
Starting computation...
    Writing took     5.532449 ms
    Computation took 259.341097 ms
    Reading took     168.324000 us
  Sample 77...
Starting computation...
    Writing took     4.713768 ms
    Computation took 259.122459 ms
    Reading took     196.122000 us
  Sample 78...
Starting computation...
    Writing took     5.285016 ms
    Computation took 259.101939 ms
    Reading took     214.829000 us
  Sample 79...
Starting computation...
    Writing took     5.678004 ms
    Computation took 258.692479 ms
    Reading took     218.674000 us
  Sample 80...
Starting computation...
    Writing took     5.712228 ms
    Computation took 259.562878 ms
    Reading took     256.739000 us
  Sample 81...
Starting computation...
    Writing took     5.606764 ms
    Computation took 259.564775 ms
    Reading took     199.600000 us
  Sample 82...
Starting computation...
    Writing took     5.465277 ms
    Computation took 259.966868 ms
    Reading took     208.133000 us
  Sample 83...
Starting computation...
    Writing took     5.685633 ms
    Computation took 260.030898 ms
    Reading took     176.853000 us
  Sample 84...
Starting computation...
    Writing took     4.714282 ms
    Computation took 259.290233 ms
    Reading took     186.391000 us
  Sample 85...
Starting computation...
    Writing took     4.875026 ms
    Computation took 259.130898 ms
    Reading took     188.289000 us
  Sample 86...
Starting computation...
    Writing took     5.171021 ms
    Computation took 258.786376 ms
    Reading took     206.157000 us
  Sample 87...
Starting computation...
    Writing took     5.694515 ms
    Computation took 259.057429 ms
    Reading took     188.648000 us
  Sample 88...
Starting computation...
    Writing took     5.126284 ms
    Computation took 257.930385 ms
    Reading took     226.175000 us
  Sample 89...
Starting computation...
    Writing took     5.713377 ms
    Computation took 258.189215 ms
    Reading took     398.660000 us
  Sample 90...
Starting computation...
    Writing took     6.888995 ms
    Computation took 258.226887 ms
    Reading took     225.488000 us
  Sample 91...
Starting computation...
    Writing took     6.204061 ms
    Computation took 258.989178 ms
    Reading took     199.785000 us
  Sample 92...
Starting computation...
    Writing took     5.586613 ms
    Computation took 260.780869 ms
    Reading took     199.484000 us
  Sample 93...
Starting computation...
    Writing took     5.277645 ms
    Computation took 260.528284 ms
    Reading took     208.294000 us
  Sample 94...
Starting computation...
    Writing took     5.774536 ms
    Computation took 260.127398 ms
    Reading took     167.257000 us
  Sample 95...
Starting computation...
    Writing took     4.430304 ms
    Computation took 258.865109 ms
    Reading took     176.781000 us
  Sample 96...
Starting computation...
    Writing took     4.766555 ms
    Computation took 259.809328 ms
    Reading took     245.514000 us
  Sample 97...
Starting computation...
    Writing took     6.253866 ms
    Computation took 260.651195 ms
    Reading took     223.952000 us
  Sample 98...
Starting computation...
    Writing took     6.184399 ms
    Computation took 259.151973 ms
    Reading took     207.828000 us
  Sample 99...
Starting computation...
    Writing took     5.706562 ms
    Computation took 258.012902 ms
    Reading took     207.665000 us
Mean computation time: 258.720554 ms
Mean deviation: 849.316000 us (0.328275%)
Mean computation time (per hash): 3.360006 ms
Mean deviation (per hash): 11.030000 us
