Using device #0: CUDA Device 'GeForce GTX 1080 Ti'
  Sample 0...
Starting computation...
    Writing took     6.732858 ms
    Computation took 208.838983 ms
    Reading took     117.842000 us
  Sample 1...
Starting computation...
    Writing took     2.764815 ms
    Computation took 208.673443 ms
    Reading took     126.145000 us
  Sample 2...
Starting computation...
    Writing took     3.132741 ms
    Computation took 208.624361 ms
    Reading took     122.194000 us
  Sample 3...
Starting computation...
    Writing took     2.950972 ms
    Computation took 208.652508 ms
    Reading took     126.332000 us
  Sample 4...
Starting computation...
    Writing took     3.157576 ms
    Computation took 208.735804 ms
    Reading took     124.409000 us
  Sample 5...
Starting computation...
    Writing took     3.106070 ms
    Computation took 208.618487 ms
    Reading took     126.574000 us
  Sample 6...
Starting computation...
    Writing took     3.247646 ms
    Computation took 208.714251 ms
    Reading took     124.447000 us
  Sample 7...
Starting computation...
    Writing took     3.072481 ms
    Computation took 208.682101 ms
    Reading took     126.646000 us
  Sample 8...
Starting computation...
    Writing took     3.215263 ms
    Computation took 208.577321 ms
    Reading took     139.474000 us
  Sample 9...
Starting computation...
    Writing took     3.559105 ms
    Computation took 208.631858 ms
    Reading took     139.566000 us
  Sample 10...
Starting computation...
    Writing took     3.520045 ms
    Computation took 208.641388 ms
    Reading took     141.426000 us
  Sample 11...
Starting computation...
    Writing took     3.541061 ms
    Computation took 208.696505 ms
    Reading took     136.706000 us
  Sample 12...
Starting computation...
    Writing took     3.383370 ms
    Computation took 208.602737 ms
    Reading took     141.363000 us
  Sample 13...
Starting computation...
    Writing took     3.214570 ms
    Computation took 208.631698 ms
    Reading took     131.877000 us
  Sample 14...
Starting computation...
    Writing took     3.228643 ms
    Computation took 208.629685 ms
    Reading took     129.496000 us
  Sample 15...
Starting computation...
    Writing took     3.154157 ms
    Computation took 208.659423 ms
    Reading took     125.059000 us
  Sample 16...
Starting computation...
    Writing took     3.078496 ms
    Computation took 208.654743 ms
    Reading took     126.671000 us
  Sample 17...
Starting computation...
    Writing took     3.068155 ms
    Computation took 208.663430 ms
    Reading took     114.253000 us
  Sample 18...
Starting computation...
    Writing took     2.847918 ms
    Computation took 208.670937 ms
    Reading took     112.629000 us
  Sample 19...
Starting computation...
    Writing took     2.649437 ms
    Computation took 208.600589 ms
    Reading took     120.451000 us
  Sample 20...
Starting computation...
    Writing took     2.872599 ms
    Computation took 208.641947 ms
    Reading took     114.040000 us
  Sample 21...
Starting computation...
    Writing took     2.730317 ms
    Computation took 208.655276 ms
    Reading took     152.022000 us
  Sample 22...
Starting computation...
    Writing took     3.852730 ms
    Computation took 208.633675 ms
    Reading took     150.351000 us
  Sample 23...
Starting computation...
    Writing took     3.734900 ms
    Computation took 208.679359 ms
    Reading took     145.624000 us
  Sample 24...
Starting computation...
    Writing took     3.748742 ms
    Computation took 208.881938 ms
    Reading took     119.112000 us
  Sample 25...
Starting computation...
    Writing took     2.859561 ms
    Computation took 208.968477 ms
    Reading took     124.614000 us
  Sample 26...
Starting computation...
    Writing took     3.028720 ms
    Computation took 208.601468 ms
    Reading took     125.489000 us
  Sample 27...
Starting computation...
    Writing took     3.189861 ms
    Computation took 208.709942 ms
    Reading took     123.443000 us
  Sample 28...
Starting computation...
    Writing took     2.940315 ms
    Computation took 208.670462 ms
    Reading took     130.015000 us
  Sample 29...
Starting computation...
    Writing took     3.243545 ms
    Computation took 208.862458 ms
    Reading took     194.550000 us
  Sample 30...
Starting computation...
    Writing took     5.164851 ms
    Computation took 208.836256 ms
    Reading took     149.866000 us
  Sample 31...
Starting computation...
    Writing took     3.856835 ms
    Computation took 208.740736 ms
    Reading took     149.724000 us
  Sample 32...
Starting computation...
    Writing took     3.845372 ms
    Computation took 208.704342 ms
    Reading took     212.689000 us
  Sample 33...
Starting computation...
    Writing took     6.031602 ms
    Computation took 208.734589 ms
    Reading took     140.622000 us
  Sample 34...
Starting computation...
    Writing took     4.630229 ms
    Computation took 208.987597 ms
    Reading took     182.237000 us
  Sample 35...
Starting computation...
    Writing took     3.515581 ms
    Computation took 210.060663 ms
    Reading took     143.188000 us
  Sample 36...
Starting computation...
    Writing took     3.579664 ms
    Computation took 210.108647 ms
    Reading took     139.890000 us
  Sample 37...
Starting computation...
    Writing took     3.543084 ms
    Computation took 210.267418 ms
    Reading took     140.441000 us
  Sample 38...
Starting computation...
    Writing took     3.552501 ms
    Computation took 211.511143 ms
    Reading took     142.706000 us
  Sample 39...
Starting computation...
    Writing took     3.537112 ms
    Computation took 210.549942 ms
    Reading took     142.334000 us
  Sample 40...
Starting computation...
    Writing took     3.539322 ms
    Computation took 209.951667 ms
    Reading took     114.936000 us
  Sample 41...
Starting computation...
    Writing took     2.714772 ms
    Computation took 209.258296 ms
    Reading took     115.072000 us
  Sample 42...
Starting computation...
    Writing took     2.777790 ms
    Computation took 209.471147 ms
    Reading took     117.754000 us
  Sample 43...
Starting computation...
    Writing took     2.918084 ms
    Computation took 209.970791 ms
    Reading took     130.934000 us
  Sample 44...
Starting computation...
    Writing took     3.288223 ms
    Computation took 209.936180 ms
    Reading took     137.840000 us
  Sample 45...
Starting computation...
    Writing took     3.490674 ms
    Computation took 209.753328 ms
    Reading took     123.872000 us
  Sample 46...
Starting computation...
    Writing took     3.066417 ms
    Computation took 210.175361 ms
    Reading took     120.411000 us
  Sample 47...
Starting computation...
    Writing took     3.080178 ms
    Computation took 209.329561 ms
    Reading took     126.241000 us
  Sample 48...
Starting computation...
    Writing took     3.132975 ms
    Computation took 209.201102 ms
    Reading took     126.807000 us
  Sample 49...
Starting computation...
    Writing took     3.124310 ms
    Computation took 209.405219 ms
    Reading took     228.347000 us
  Sample 50...
Starting computation...
    Writing took     5.984234 ms
    Computation took 209.210715 ms
    Reading took     105.160000 us
  Sample 51...
Starting computation...
    Writing took     2.821719 ms
    Computation took 209.129572 ms
    Reading took     115.347000 us
  Sample 52...
Starting computation...
    Writing took     3.023253 ms
    Computation took 209.561395 ms
    Reading took     126.326000 us
  Sample 53...
Starting computation...
    Writing took     3.023534 ms
    Computation took 210.275384 ms
    Reading took     113.927000 us
  Sample 54...
Starting computation...
    Writing took     3.164508 ms
    Computation took 209.482686 ms
    Reading took     116.490000 us
  Sample 55...
Starting computation...
    Writing took     3.243206 ms
    Computation took 210.341088 ms
    Reading took     129.542000 us
  Sample 56...
Starting computation...
    Writing took     3.474788 ms
    Computation took 209.184975 ms
    Reading took     144.486000 us
  Sample 57...
Starting computation...
    Writing took     3.533382 ms
    Computation took 209.419646 ms
    Reading took     130.903000 us
  Sample 58...
Starting computation...
    Writing took     3.510628 ms
    Computation took 209.279983 ms
    Reading took     129.773000 us
  Sample 59...
Starting computation...
    Writing took     3.489239 ms
    Computation took 209.994988 ms
    Reading took     130.480000 us
  Sample 60...
Starting computation...
    Writing took     3.504301 ms
    Computation took 210.513208 ms
    Reading took     130.834000 us
  Sample 61...
Starting computation...
    Writing took     3.479701 ms
    Computation took 210.118276 ms
    Reading took     131.916000 us
  Sample 62...
Starting computation...
    Writing took     3.483408 ms
    Computation took 210.202275 ms
    Reading took     112.767000 us
  Sample 63...
Starting computation...
    Writing took     2.921360 ms
    Computation took 213.474878 ms
    Reading took     112.082000 us
  Sample 64...
Starting computation...
    Writing took     2.947686 ms
    Computation took 214.843574 ms
    Reading took     163.142000 us
  Sample 65...
Starting computation...
    Writing took     4.364304 ms
    Computation took 212.604019 ms
    Reading took     140.153000 us
  Sample 66...
Starting computation...
    Writing took     3.844935 ms
    Computation took 210.221393 ms
    Reading took     140.280000 us
  Sample 67...
Starting computation...
    Writing took     4.197172 ms
    Computation took 210.588625 ms
    Reading took     131.237000 us
  Sample 68...
Starting computation...
    Writing took     3.506244 ms
    Computation took 209.784589 ms
    Reading took     129.630000 us
  Sample 69...
Starting computation...
    Writing took     3.513055 ms
    Computation took 208.656539 ms
    Reading took     131.370000 us
  Sample 70...
Starting computation...
    Writing took     3.504067 ms
    Computation took 208.695091 ms
    Reading took     129.685000 us
  Sample 71...
Starting computation...
    Writing took     3.524645 ms
    Computation took 208.688403 ms
    Reading took     132.204000 us
  Sample 72...
Starting computation...
    Writing took     3.521052 ms
    Computation took 208.623668 ms
    Reading took     129.336000 us
  Sample 73...
Starting computation...
    Writing took     3.523464 ms
    Computation took 208.705669 ms
    Reading took     204.908000 us
  Sample 74...
Starting computation...
    Writing took     5.966328 ms
    Computation took 208.693771 ms
    Reading took     131.365000 us
  Sample 75...
Starting computation...
    Writing took     3.579889 ms
    Computation took 209.042071 ms
    Reading took     203.330000 us
  Sample 76...
Starting computation...
    Writing took     5.857300 ms
    Computation took 209.029944 ms
    Reading took     205.419000 us
  Sample 77...
Starting computation...
    Writing took     5.961834 ms
    Computation took 208.750115 ms
    Reading took     197.356000 us
  Sample 78...
Starting computation...
    Writing took     6.000144 ms
    Computation took 208.843405 ms
    Reading took     105.417000 us
  Sample 79...
Starting computation...
    Writing took     2.719339 ms
    Computation took 209.722587 ms
    Reading took     104.645000 us
  Sample 80...
Starting computation...
    Writing took     2.648042 ms
    Computation took 210.466552 ms
    Reading took     119.552000 us
  Sample 81...
Starting computation...
    Writing took     3.180936 ms
    Computation took 212.136826 ms
    Reading took     110.962000 us
  Sample 82...
Starting computation...
    Writing took     2.864902 ms
    Computation took 212.702802 ms
    Reading took     112.038000 us
  Sample 83...
Starting computation...
    Writing took     2.845938 ms
    Computation took 212.816680 ms
    Reading took     112.280000 us
  Sample 84...
Starting computation...
    Writing took     2.876858 ms
    Computation took 211.236500 ms
    Reading took     104.083000 us
  Sample 85...
Starting computation...
    Writing took     2.741331 ms
    Computation took 211.265548 ms
    Reading took     112.500000 us
  Sample 86...
Starting computation...
    Writing took     3.016416 ms
    Computation took 213.896301 ms
    Reading took     186.187000 us
  Sample 87...
Starting computation...
    Writing took     5.244304 ms
    Computation took 213.993936 ms
    Reading took     117.770000 us
  Sample 88...
Starting computation...
    Writing took     3.052238 ms
    Computation took 213.288335 ms
    Reading took     119.561000 us
  Sample 89...
Starting computation...
    Writing took     3.204537 ms
    Computation took 212.753778 ms
    Reading took     123.440000 us
  Sample 90...
Starting computation...
    Writing took     3.295967 ms
    Computation took 210.275281 ms
    Reading took     123.803000 us
  Sample 91...
Starting computation...
    Writing took     3.092752 ms
    Computation took 208.899575 ms
    Reading took     140.077000 us
  Sample 92...
Starting computation...
    Writing took     3.106440 ms
    Computation took 208.592598 ms
    Reading took     115.673000 us
  Sample 93...
Starting computation...
    Writing took     3.041793 ms
    Computation took 208.641427 ms
    Reading took     116.984000 us
  Sample 94...
Starting computation...
    Writing took     3.092679 ms
    Computation took 208.715777 ms
    Reading took     120.074000 us
  Sample 95...
Starting computation...
    Writing took     3.091388 ms
    Computation took 208.685397 ms
    Reading took     116.917000 us
  Sample 96...
Starting computation...
    Writing took     3.193247 ms
    Computation took 209.413392 ms
    Reading took     121.781000 us
  Sample 97...
Starting computation...
    Writing took     3.084668 ms
    Computation took 209.359881 ms
    Reading took     113.141000 us
  Sample 98...
Starting computation...
    Writing took     2.932438 ms
    Computation took 209.288255 ms
    Reading took     117.623000 us
  Sample 99...
Starting computation...
    Writing took     3.073383 ms
    Computation took 209.024759 ms
    Reading took     109.567000 us
Mean computation time: 209.645953 ms
Mean deviation: 1.036802 ms (0.494549%)
Mean computation time (per hash): 4.460551 ms
Mean deviation (per hash): 22.059000 us
