Using device #0: CUDA Device 'GeForce GTX 1080 Ti'
  Sample 0...
Starting computation...
    Writing took     8.705752 ms
    Computation took 386.737496 ms
    Reading took     339.286000 us
  Sample 1...
Starting computation...
    Writing took     8.893897 ms
    Computation took 385.964270 ms
    Reading took     355.219000 us
  Sample 2...
Starting computation...
    Writing took     10.289351 ms
    Computation took 386.088179 ms
    Reading took     531.369000 us
  Sample 3...
Starting computation...
    Writing took     18.885766 ms
    Computation took 381.841470 ms
    Reading took     445.584000 us
  Sample 4...
Starting computation...
    Writing took     13.675854 ms
    Computation took 381.715015 ms
    Reading took     347.740000 us
  Sample 5...
Starting computation...
    Writing took     8.767386 ms
    Computation took 381.097200 ms
    Reading took     334.716000 us
  Sample 6...
Starting computation...
    Writing took     9.724550 ms
    Computation took 380.492425 ms
    Reading took     334.074000 us
  Sample 7...
Starting computation...
    Writing took     8.776692 ms
    Computation took 379.616030 ms
    Reading took     340.147000 us
  Sample 8...
Starting computation...
    Writing took     8.892196 ms
    Computation took 379.160489 ms
    Reading took     358.507000 us
  Sample 9...
Starting computation...
    Writing took     9.530179 ms
    Computation took 379.482861 ms
    Reading took     332.610000 us
  Sample 10...
Starting computation...
    Writing took     9.319979 ms
    Computation took 379.266333 ms
    Reading took     501.382000 us
  Sample 11...
Starting computation...
    Writing took     15.392721 ms
    Computation took 379.628328 ms
    Reading took     348.823000 us
  Sample 12...
Starting computation...
    Writing took     8.737347 ms
    Computation took 380.480608 ms
    Reading took     335.394000 us
  Sample 13...
Starting computation...
    Writing took     8.776384 ms
    Computation took 381.665998 ms
    Reading took     333.723000 us
  Sample 14...
Starting computation...
    Writing took     8.546736 ms
    Computation took 381.348643 ms
    Reading took     334.310000 us
  Sample 15...
Starting computation...
    Writing took     8.879738 ms
    Computation took 379.820811 ms
    Reading took     322.711000 us
  Sample 16...
Starting computation...
    Writing took     9.956750 ms
    Computation took 379.432171 ms
    Reading took     334.898000 us
  Sample 17...
Starting computation...
    Writing took     9.076591 ms
    Computation took 379.881207 ms
    Reading took     333.260000 us
  Sample 18...
Starting computation...
    Writing took     8.854780 ms
    Computation took 379.881635 ms
    Reading took     373.438000 us
  Sample 19...
Starting computation...
    Writing took     8.836355 ms
    Computation took 380.230338 ms
    Reading took     334.082000 us
  Sample 20...
Starting computation...
    Writing took     10.193459 ms
    Computation took 380.499283 ms
    Reading took     334.068000 us
  Sample 21...
Starting computation...
    Writing took     8.867906 ms
    Computation took 380.188173 ms
    Reading took     332.956000 us
  Sample 22...
Starting computation...
    Writing took     8.854723 ms
    Computation took 380.691689 ms
    Reading took     334.818000 us
  Sample 23...
Starting computation...
    Writing took     8.862499 ms
    Computation took 380.876636 ms
    Reading took     422.673000 us
  Sample 24...
Starting computation...
    Writing took     10.723148 ms
    Computation took 380.292549 ms
    Reading took     331.795000 us
  Sample 25...
Starting computation...
    Writing took     8.810574 ms
    Computation took 380.196472 ms
    Reading took     334.561000 us
  Sample 26...
Starting computation...
    Writing took     8.818876 ms
    Computation took 381.025032 ms
    Reading took     366.226000 us
  Sample 27...
Starting computation...
    Writing took     8.845600 ms
    Computation took 380.982210 ms
    Reading took     332.323000 us
  Sample 28...
Starting computation...
    Writing took     8.848332 ms
    Computation took 380.668995 ms
    Reading took     333.903000 us
  Sample 29...
Starting computation...
    Writing took     9.342372 ms
    Computation took 379.723016 ms
    Reading took     416.317000 us
  Sample 30...
Starting computation...
    Writing took     9.978312 ms
    Computation took 379.803407 ms
    Reading took     333.600000 us
  Sample 31...
Starting computation...
    Writing took     8.761268 ms
    Computation took 379.882973 ms
    Reading took     519.972000 us
  Sample 32...
Starting computation...
    Writing took     11.824775 ms
    Computation took 379.758953 ms
    Reading took     311.183000 us
  Sample 33...
Starting computation...
    Writing took     8.206408 ms
    Computation took 380.404219 ms
    Reading took     333.948000 us
  Sample 34...
Starting computation...
    Writing took     8.647018 ms
    Computation took 380.364568 ms
    Reading took     331.256000 us
  Sample 35...
Starting computation...
    Writing took     8.756631 ms
    Computation took 380.367539 ms
    Reading took     331.709000 us
  Sample 36...
Starting computation...
    Writing took     8.745723 ms
    Computation took 379.853326 ms
    Reading took     379.082000 us
  Sample 37...
Starting computation...
    Writing took     8.793044 ms
    Computation took 379.249817 ms
    Reading took     311.692000 us
  Sample 38...
Starting computation...
    Writing took     8.182268 ms
    Computation took 379.513785 ms
    Reading took     304.400000 us
  Sample 39...
Starting computation...
    Writing took     7.962326 ms
    Computation took 380.071267 ms
    Reading took     322.388000 us
  Sample 40...
Starting computation...
    Writing took     8.548232 ms
    Computation took 379.826628 ms
    Reading took     332.876000 us
  Sample 41...
Starting computation...
    Writing took     8.763371 ms
    Computation took 380.510205 ms
    Reading took     332.793000 us
  Sample 42...
Starting computation...
    Writing took     8.751496 ms
    Computation took 380.240739 ms
    Reading took     331.694000 us
  Sample 43...
Starting computation...
    Writing took     9.171347 ms
    Computation took 379.687946 ms
    Reading took     333.057000 us
  Sample 44...
Starting computation...
    Writing took     8.763269 ms
    Computation took 380.654457 ms
    Reading took     334.486000 us
  Sample 45...
Starting computation...
    Writing took     12.153919 ms
    Computation took 380.213470 ms
    Reading took     332.738000 us
  Sample 46...
Starting computation...
    Writing took     8.753950 ms
    Computation took 379.053923 ms
    Reading took     573.285000 us
  Sample 47...
Starting computation...
    Writing took     16.049845 ms
    Computation took 378.669146 ms
    Reading took     313.053000 us
  Sample 48...
Starting computation...
    Writing took     8.290161 ms
    Computation took 378.582200 ms
    Reading took     313.467000 us
  Sample 49...
Starting computation...
    Writing took     8.217348 ms
    Computation took 379.146492 ms
    Reading took     322.004000 us
  Sample 50...
Starting computation...
    Writing took     8.667051 ms
    Computation took 379.826453 ms
    Reading took     471.744000 us
  Sample 51...
Starting computation...
    Writing took     10.214652 ms
    Computation took 379.900198 ms
    Reading took     334.329000 us
  Sample 52...
Starting computation...
    Writing took     8.773876 ms
    Computation took 380.536840 ms
    Reading took     411.509000 us
  Sample 53...
Starting computation...
    Writing took     11.447089 ms
    Computation took 380.781041 ms
    Reading took     318.515000 us
  Sample 54...
Starting computation...
    Writing took     8.435443 ms
    Computation took 380.554660 ms
    Reading took     570.912000 us
  Sample 55...
Starting computation...
    Writing took     16.401741 ms
    Computation took 379.794861 ms
    Reading took     336.844000 us
  Sample 56...
Starting computation...
    Writing took     11.610616 ms
    Computation took 380.632196 ms
    Reading took     334.180000 us
  Sample 57...
Starting computation...
    Writing took     8.605999 ms
    Computation took 380.406032 ms
    Reading took     344.840000 us
  Sample 58...
Starting computation...
    Writing took     9.996174 ms
    Computation took 379.796945 ms
    Reading took     333.187000 us
  Sample 59...
Starting computation...
    Writing took     8.646044 ms
    Computation took 378.973957 ms
    Reading took     534.699000 us
  Sample 60...
Starting computation...
    Writing took     15.363774 ms
    Computation took 378.857406 ms
    Reading took     362.841000 us
  Sample 61...
Starting computation...
    Writing took     9.154117 ms
    Computation took 378.461378 ms
    Reading took     333.452000 us
  Sample 62...
Starting computation...
    Writing took     11.175177 ms
    Computation took 379.496936 ms
    Reading took     345.228000 us
  Sample 63...
Starting computation...
    Writing took     8.736266 ms
    Computation took 379.870779 ms
    Reading took     331.493000 us
  Sample 64...
Starting computation...
    Writing took     8.675507 ms
    Computation took 379.933585 ms
    Reading took     336.588000 us
  Sample 65...
Starting computation...
    Writing took     8.767942 ms
    Computation took 380.377523 ms
    Reading took     332.238000 us
  Sample 66...
Starting computation...
    Writing took     8.751553 ms
    Computation took 380.369367 ms
    Reading took     334.291000 us
  Sample 67...
Starting computation...
    Writing took     8.756146 ms
    Computation took 379.846704 ms
    Reading took     319.906000 us
  Sample 68...
Starting computation...
    Writing took     8.692852 ms
    Computation took 379.046424 ms
    Reading took     332.509000 us
  Sample 69...
Starting computation...
    Writing took     8.754532 ms
    Computation took 378.315317 ms
    Reading took     336.838000 us
  Sample 70...
Starting computation...
    Writing took     8.787233 ms
    Computation took 379.105024 ms
    Reading took     568.379000 us
  Sample 71...
Starting computation...
    Writing took     13.322662 ms
    Computation took 379.147815 ms
    Reading took     311.820000 us
  Sample 72...
Starting computation...
    Writing took     8.200646 ms
    Computation took 379.089404 ms
    Reading took     329.481000 us
  Sample 73...
Starting computation...
    Writing took     9.110998 ms
    Computation took 379.330415 ms
    Reading took     338.341000 us
  Sample 74...
Starting computation...
    Writing took     8.737710 ms
    Computation took 379.233619 ms
    Reading took     334.649000 us
  Sample 75...
Starting computation...
    Writing took     8.718901 ms
    Computation took 379.167912 ms
    Reading took     313.109000 us
  Sample 76...
Starting computation...
    Writing took     8.145739 ms
    Computation took 379.294877 ms
    Reading took     333.948000 us
  Sample 77...
Starting computation...
    Writing took     8.823541 ms
    Computation took 379.650979 ms
    Reading took     335.849000 us
  Sample 78...
Starting computation...
    Writing took     8.900429 ms
    Computation took 379.056227 ms
    Reading took     331.391000 us
  Sample 79...
Starting computation...
    Writing took     8.656912 ms
    Computation took 378.978170 ms
    Reading took     331.179000 us
  Sample 80...
Starting computation...
    Writing took     8.826800 ms
    Computation took 379.814340 ms
    Reading took     301.352000 us
  Sample 81...
Starting computation...
    Writing took     7.938351 ms
    Computation took 379.569233 ms
    Reading took     359.503000 us
  Sample 82...
Starting computation...
    Writing took     9.438150 ms
    Computation took 380.382775 ms
    Reading took     585.620000 us
  Sample 83...
Starting computation...
    Writing took     14.803277 ms
    Computation took 379.342136 ms
    Reading took     332.443000 us
  Sample 84...
Starting computation...
    Writing took     8.762624 ms
    Computation took 380.083948 ms
    Reading took     344.786000 us
  Sample 85...
Starting computation...
    Writing took     8.735141 ms
    Computation took 381.868559 ms
    Reading took     333.430000 us
  Sample 86...
Starting computation...
    Writing took     8.748589 ms
    Computation took 383.695849 ms
    Reading took     332.369000 us
  Sample 87...
Starting computation...
    Writing took     8.758435 ms
    Computation took 382.249631 ms
    Reading took     332.071000 us
  Sample 88...
Starting computation...
    Writing took     8.734764 ms
    Computation took 381.827100 ms
    Reading took     438.137000 us
  Sample 89...
Starting computation...
    Writing took     11.501622 ms
    Computation took 379.671364 ms
    Reading took     331.471000 us
  Sample 90...
Starting computation...
    Writing took     9.575141 ms
    Computation took 379.647799 ms
    Reading took     520.923000 us
  Sample 91...
Starting computation...
    Writing took     14.517545 ms
    Computation took 379.236471 ms
    Reading took     316.071000 us
  Sample 92...
Starting computation...
    Writing took     8.707626 ms
    Computation took 379.046432 ms
    Reading took     316.480000 us
  Sample 93...
Starting computation...
    Writing took     8.709190 ms
    Computation took 380.072066 ms
    Reading took     303.752000 us
  Sample 94...
Starting computation...
    Writing took     8.436354 ms
    Computation took 380.047101 ms
    Reading took     561.397000 us
  Sample 95...
Starting computation...
    Writing took     8.953530 ms
    Computation took 380.820964 ms
    Reading took     527.121000 us
  Sample 96...
Starting computation...
    Writing took     13.751467 ms
    Computation took 383.094542 ms
    Reading took     317.926000 us
  Sample 97...
Starting computation...
    Writing took     8.692512 ms
    Computation took 386.037407 ms
    Reading took     317.867000 us
  Sample 98...
Starting computation...
    Writing took     8.802690 ms
    Computation took 385.122153 ms
    Reading took     296.696000 us
  Sample 99...
Starting computation...
    Writing took     8.182932 ms
    Computation took 383.664217 ms
    Reading took     315.563000 us
Mean computation time: 380.379577 ms
Mean deviation: 1.050247 ms (0.276105%)
Mean computation time (per hash): 3.223555 ms
Mean deviation (per hash): 8.900000 us
