Using device #0: CUDA Device 'GeForce GTX 1080 Ti'
  Sample 0...
Starting computation...
    Writing took     1.177382 ms
    Computation took 201.311436 ms
    Reading took     52.149000 us
  Sample 1...
Starting computation...
    Writing took     1.215169 ms
    Computation took 201.403540 ms
    Reading took     47.587000 us
  Sample 2...
Starting computation...
    Writing took     1.202319 ms
    Computation took 201.595088 ms
    Reading took     49.472000 us
  Sample 3...
Starting computation...
    Writing took     1.202961 ms
    Computation took 201.521416 ms
    Reading took     46.773000 us
  Sample 4...
Starting computation...
    Writing took     1.212275 ms
    Computation took 201.558101 ms
    Reading took     47.322000 us
  Sample 5...
Starting computation...
    Writing took     1.190131 ms
    Computation took 201.437017 ms
    Reading took     45.343000 us
  Sample 6...
Starting computation...
    Writing took     1.193871 ms
    Computation took 201.400276 ms
    Reading took     46.821000 us
  Sample 7...
Starting computation...
    Writing took     1.242505 ms
    Computation took 201.363401 ms
    Reading took     60.653000 us
  Sample 8...
Starting computation...
    Writing took     1.784058 ms
    Computation took 201.366813 ms
    Reading took     47.490000 us
  Sample 9...
Starting computation...
    Writing took     1.199336 ms
    Computation took 201.328118 ms
    Reading took     45.800000 us
  Sample 10...
Starting computation...
    Writing took     1.190608 ms
    Computation took 201.343833 ms
    Reading took     45.964000 us
  Sample 11...
Starting computation...
    Writing took     1.196844 ms
    Computation took 201.765193 ms
    Reading took     46.219000 us
  Sample 12...
Starting computation...
    Writing took     1.199741 ms
    Computation took 201.343353 ms
    Reading took     37.010000 us
  Sample 13...
Starting computation...
    Writing took     933.810000 us
    Computation took 201.339509 ms
    Reading took     37.669000 us
  Sample 14...
Starting computation...
    Writing took     962.285000 us
    Computation took 202.326247 ms
    Reading took     36.323000 us
  Sample 15...
Starting computation...
    Writing took     899.592000 us
    Computation took 201.503686 ms
    Reading took     39.188000 us
  Sample 16...
Starting computation...
    Writing took     978.136000 us
    Computation took 201.345590 ms
    Reading took     40.039000 us
  Sample 17...
Starting computation...
    Writing took     1.023016 ms
    Computation took 201.626138 ms
    Reading took     37.558000 us
  Sample 18...
Starting computation...
    Writing took     900.038000 us
    Computation took 201.281854 ms
    Reading took     39.623000 us
  Sample 19...
Starting computation...
    Writing took     958.377000 us
    Computation took 201.372643 ms
    Reading took     38.349000 us
  Sample 20...
Starting computation...
    Writing took     923.147000 us
    Computation took 201.581517 ms
    Reading took     37.719000 us
  Sample 21...
Starting computation...
    Writing took     922.495000 us
    Computation took 201.347750 ms
    Reading took     39.064000 us
  Sample 22...
Starting computation...
    Writing took     1.021317 ms
    Computation took 201.362870 ms
    Reading took     71.787000 us
  Sample 23...
Starting computation...
    Writing took     2.009920 ms
    Computation took 201.693883 ms
    Reading took     47.284000 us
  Sample 24...
Starting computation...
    Writing took     1.206515 ms
    Computation took 201.446591 ms
    Reading took     45.240000 us
  Sample 25...
Starting computation...
    Writing took     1.056300 ms
    Computation took 201.324144 ms
    Reading took     42.906000 us
  Sample 26...
Starting computation...
    Writing took     1.012209 ms
    Computation took 201.411956 ms
    Reading took     41.294000 us
  Sample 27...
Starting computation...
    Writing took     947.885000 us
    Computation took 201.602497 ms
    Reading took     105.640000 us
  Sample 28...
Starting computation...
    Writing took     2.211489 ms
    Computation took 201.575064 ms
    Reading took     36.575000 us
  Sample 29...
Starting computation...
    Writing took     1.039217 ms
    Computation took 201.464182 ms
    Reading took     38.428000 us
  Sample 30...
Starting computation...
    Writing took     922.935000 us
    Computation took 201.398345 ms
    Reading took     71.476000 us
  Sample 31...
Starting computation...
    Writing took     2.031969 ms
    Computation took 201.492881 ms
    Reading took     47.088000 us
  Sample 32...
Starting computation...
    Writing took     1.205063 ms
    Computation took 201.451089 ms
    Reading took     48.622000 us
  Sample 33...
Starting computation...
    Writing took     1.209903 ms
    Computation took 201.480233 ms
    Reading took     46.549000 us
  Sample 34...
Starting computation...
    Writing took     1.199869 ms
    Computation took 201.423376 ms
    Reading took     46.630000 us
  Sample 35...
Starting computation...
    Writing took     1.193953 ms
    Computation took 201.356886 ms
    Reading took     46.258000 us
  Sample 36...
Starting computation...
    Writing took     1.215229 ms
    Computation took 201.385554 ms
    Reading took     47.190000 us
  Sample 37...
Starting computation...
    Writing took     1.206909 ms
    Computation took 201.551841 ms
    Reading took     45.962000 us
  Sample 38...
Starting computation...
    Writing took     1.191331 ms
    Computation took 201.357252 ms
    Reading took     57.453000 us
  Sample 39...
Starting computation...
    Writing took     1.205726 ms
    Computation took 201.497758 ms
    Reading took     50.315000 us
  Sample 40...
Starting computation...
    Writing took     1.301251 ms
    Computation took 202.112118 ms
    Reading took     82.693000 us
  Sample 41...
Starting computation...
    Writing took     2.285472 ms
    Computation took 201.625992 ms
    Reading took     71.110000 us
  Sample 42...
Starting computation...
    Writing took     1.727484 ms
    Computation took 201.479262 ms
    Reading took     48.420000 us
  Sample 43...
Starting computation...
    Writing took     1.199600 ms
    Computation took 201.586876 ms
    Reading took     46.312000 us
  Sample 44...
Starting computation...
    Writing took     1.196146 ms
    Computation took 201.627017 ms
    Reading took     46.247000 us
  Sample 45...
Starting computation...
    Writing took     1.207818 ms
    Computation took 201.448308 ms
    Reading took     46.692000 us
  Sample 46...
Starting computation...
    Writing took     1.204210 ms
    Computation took 201.386657 ms
    Reading took     46.920000 us
  Sample 47...
Starting computation...
    Writing took     1.170368 ms
    Computation took 201.335824 ms
    Reading took     48.644000 us
  Sample 48...
Starting computation...
    Writing took     1.203566 ms
    Computation took 201.339340 ms
    Reading took     46.606000 us
  Sample 49...
Starting computation...
    Writing took     1.184643 ms
    Computation took 201.440415 ms
    Reading took     46.310000 us
  Sample 50...
Starting computation...
    Writing took     1.190581 ms
    Computation took 201.699546 ms
    Reading took     46.937000 us
  Sample 51...
Starting computation...
    Writing took     1.209977 ms
    Computation took 201.404222 ms
    Reading took     102.174000 us
  Sample 52...
Starting computation...
    Writing took     1.990689 ms
    Computation took 201.445111 ms
    Reading took     46.809000 us
  Sample 53...
Starting computation...
    Writing took     1.200658 ms
    Computation took 201.414344 ms
    Reading took     46.998000 us
  Sample 54...
Starting computation...
    Writing took     1.202521 ms
    Computation took 201.314679 ms
    Reading took     46.782000 us
  Sample 55...
Starting computation...
    Writing took     1.209811 ms
    Computation took 201.759267 ms
    Reading took     46.710000 us
  Sample 56...
Starting computation...
    Writing took     1.205562 ms
    Computation took 201.559777 ms
    Reading took     46.797000 us
  Sample 57...
Starting computation...
    Writing took     1.202302 ms
    Computation took 201.419814 ms
    Reading took     46.613000 us
  Sample 58...
Starting computation...
    Writing took     1.204118 ms
    Computation took 201.369700 ms
    Reading took     47.051000 us
  Sample 59...
Starting computation...
    Writing took     1.195711 ms
    Computation took 201.424335 ms
    Reading took     47.439000 us
  Sample 60...
Starting computation...
    Writing took     1.195287 ms
    Computation took 201.366456 ms
    Reading took     46.403000 us
  Sample 61...
Starting computation...
    Writing took     1.216584 ms
    Computation took 201.371590 ms
    Reading took     46.100000 us
  Sample 62...
Starting computation...
    Writing took     1.155464 ms
    Computation took 201.487914 ms
    Reading took     48.432000 us
  Sample 63...
Starting computation...
    Writing took     1.194288 ms
    Computation took 201.428723 ms
    Reading took     46.494000 us
  Sample 64...
Starting computation...
    Writing took     1.184451 ms
    Computation took 201.408453 ms
    Reading took     46.570000 us
  Sample 65...
Starting computation...
    Writing took     1.195761 ms
    Computation took 201.339965 ms
    Reading took     47.136000 us
  Sample 66...
Starting computation...
    Writing took     1.195220 ms
    Computation took 201.366324 ms
    Reading took     37.592000 us
  Sample 67...
Starting computation...
    Writing took     991.443000 us
    Computation took 201.508346 ms
    Reading took     37.884000 us
  Sample 68...
Starting computation...
    Writing took     938.589000 us
    Computation took 201.354278 ms
    Reading took     35.935000 us
  Sample 69...
Starting computation...
    Writing took     898.795000 us
    Computation took 201.534630 ms
    Reading took     35.632000 us
  Sample 70...
Starting computation...
    Writing took     927.906000 us
    Computation took 201.299992 ms
    Reading took     38.120000 us
  Sample 71...
Starting computation...
    Writing took     932.755000 us
    Computation took 201.362684 ms
    Reading took     35.429000 us
  Sample 72...
Starting computation...
    Writing took     903.502000 us
    Computation took 201.491978 ms
    Reading took     37.520000 us
  Sample 73...
Starting computation...
    Writing took     929.294000 us
    Computation took 201.398406 ms
    Reading took     42.389000 us
  Sample 74...
Starting computation...
    Writing took     1.069146 ms
    Computation took 201.551090 ms
    Reading took     39.538000 us
  Sample 75...
Starting computation...
    Writing took     998.257000 us
    Computation took 201.402410 ms
    Reading took     40.897000 us
  Sample 76...
Starting computation...
    Writing took     983.887000 us
    Computation took 201.426818 ms
    Reading took     40.090000 us
  Sample 77...
Starting computation...
    Writing took     1.027307 ms
    Computation took 201.370683 ms
    Reading took     42.358000 us
  Sample 78...
Starting computation...
    Writing took     1.032499 ms
    Computation took 201.322389 ms
    Reading took     39.800000 us
  Sample 79...
Starting computation...
    Writing took     1.005433 ms
    Computation took 201.290998 ms
    Reading took     42.636000 us
  Sample 80...
Starting computation...
    Writing took     1.109279 ms
    Computation took 201.434168 ms
    Reading took     41.324000 us
  Sample 81...
Starting computation...
    Writing took     956.789000 us
    Computation took 201.384704 ms
    Reading took     43.764000 us
  Sample 82...
Starting computation...
    Writing took     1.052023 ms
    Computation took 201.526322 ms
    Reading took     40.599000 us
  Sample 83...
Starting computation...
    Writing took     1.056617 ms
    Computation took 201.620297 ms
    Reading took     40.522000 us
  Sample 84...
Starting computation...
    Writing took     995.849000 us
    Computation took 201.500545 ms
    Reading took     40.191000 us
  Sample 85...
Starting computation...
    Writing took     956.653000 us
    Computation took 201.318499 ms
    Reading took     37.769000 us
  Sample 86...
Starting computation...
    Writing took     933.363000 us
    Computation took 201.439206 ms
    Reading took     39.204000 us
  Sample 87...
Starting computation...
    Writing took     995.695000 us
    Computation took 201.398960 ms
    Reading took     40.442000 us
  Sample 88...
Starting computation...
    Writing took     971.947000 us
    Computation took 201.426835 ms
    Reading took     37.507000 us
  Sample 89...
Starting computation...
    Writing took     917.479000 us
    Computation took 201.500471 ms
    Reading took     38.952000 us
  Sample 90...
Starting computation...
    Writing took     1.003558 ms
    Computation took 201.347267 ms
    Reading took     37.043000 us
  Sample 91...
Starting computation...
    Writing took     960.531000 us
    Computation took 201.533644 ms
    Reading took     39.573000 us
  Sample 92...
Starting computation...
    Writing took     992.239000 us
    Computation took 201.519327 ms
    Reading took     35.801000 us
  Sample 93...
Starting computation...
    Writing took     902.783000 us
    Computation took 201.354573 ms
    Reading took     35.325000 us
  Sample 94...
Starting computation...
    Writing took     898.625000 us
    Computation took 201.454535 ms
    Reading took     37.493000 us
  Sample 95...
Starting computation...
    Writing took     912.353000 us
    Computation took 201.646237 ms
    Reading took     37.752000 us
  Sample 96...
Starting computation...
    Writing took     5.051268 ms
    Computation took 201.503834 ms
    Reading took     36.576000 us
  Sample 97...
Starting computation...
    Writing took     904.060000 us
    Computation took 201.388718 ms
    Reading took     42.155000 us
  Sample 98...
Starting computation...
    Writing took     1.044178 ms
    Computation took 201.371472 ms
    Reading took     37.542000 us
  Sample 99...
Starting computation...
    Writing took     934.722000 us
    Computation took 201.501427 ms
    Reading took     35.618000 us
Mean computation time: 201.461866 ms
Mean deviation: 103.213000 us (0.051232%)
Mean computation time (per hash): 12.591366 ms
Mean deviation (per hash): 6.450000 us
