Using device #0: CUDA Device 'GeForce GTX 1080 Ti'
  Sample 0...
Starting computation...
    Writing took     1.005269 ms
    Computation took 175.032919 ms
    Reading took     37.727000 us
  Sample 1...
Starting computation...
    Writing took     799.111000 us
    Computation took 174.981691 ms
    Reading took     29.085000 us
  Sample 2...
Starting computation...
    Writing took     738.816000 us
    Computation took 174.992655 ms
    Reading took     34.507000 us
  Sample 3...
Starting computation...
    Writing took     760.428000 us
    Computation took 174.953507 ms
    Reading took     33.279000 us
  Sample 4...
Starting computation...
    Writing took     797.249000 us
    Computation took 174.996934 ms
    Reading took     32.173000 us
  Sample 5...
Starting computation...
    Writing took     779.307000 us
    Computation took 174.986267 ms
    Reading took     35.193000 us
  Sample 6...
Starting computation...
    Writing took     842.884000 us
    Computation took 175.048102 ms
    Reading took     52.915000 us
  Sample 7...
Starting computation...
    Writing took     1.382276 ms
    Computation took 174.999167 ms
    Reading took     34.207000 us
  Sample 8...
Starting computation...
    Writing took     860.692000 us
    Computation took 174.983237 ms
    Reading took     28.437000 us
  Sample 9...
Starting computation...
    Writing took     755.072000 us
    Computation took 174.994174 ms
    Reading took     33.935000 us
  Sample 10...
Starting computation...
    Writing took     876.523000 us
    Computation took 174.967241 ms
    Reading took     60.744000 us
  Sample 11...
Starting computation...
    Writing took     1.643551 ms
    Computation took 174.999207 ms
    Reading took     35.152000 us
  Sample 12...
Starting computation...
    Writing took     784.451000 us
    Computation took 175.005905 ms
    Reading took     70.482000 us
  Sample 13...
Starting computation...
    Writing took     1.820134 ms
    Computation took 175.044534 ms
    Reading took     37.603000 us
  Sample 14...
Starting computation...
    Writing took     865.153000 us
    Computation took 175.018220 ms
    Reading took     33.156000 us
  Sample 15...
Starting computation...
    Writing took     741.607000 us
    Computation took 174.931833 ms
    Reading took     34.332000 us
  Sample 16...
Starting computation...
    Writing took     732.844000 us
    Computation took 174.999602 ms
    Reading took     35.857000 us
  Sample 17...
Starting computation...
    Writing took     784.052000 us
    Computation took 174.916901 ms
    Reading took     35.095000 us
  Sample 18...
Starting computation...
    Writing took     819.496000 us
    Computation took 174.991135 ms
    Reading took     33.120000 us
  Sample 19...
Starting computation...
    Writing took     834.382000 us
    Computation took 175.005549 ms
    Reading took     31.718000 us
  Sample 20...
Starting computation...
    Writing took     738.117000 us
    Computation took 175.043546 ms
    Reading took     32.153000 us
  Sample 21...
Starting computation...
    Writing took     738.387000 us
    Computation took 174.983765 ms
    Reading took     32.846000 us
  Sample 22...
Starting computation...
    Writing took     838.873000 us
    Computation took 174.950564 ms
    Reading took     31.866000 us
  Sample 23...
Starting computation...
    Writing took     750.713000 us
    Computation took 174.998878 ms
    Reading took     35.424000 us
  Sample 24...
Starting computation...
    Writing took     803.313000 us
    Computation took 175.033730 ms
    Reading took     37.615000 us
  Sample 25...
Starting computation...
    Writing took     858.828000 us
    Computation took 174.960417 ms
    Reading took     36.370000 us
  Sample 26...
Starting computation...
    Writing took     825.528000 us
    Computation took 175.031616 ms
    Reading took     33.459000 us
  Sample 27...
Starting computation...
    Writing took     784.186000 us
    Computation took 175.000068 ms
    Reading took     63.606000 us
  Sample 28...
Starting computation...
    Writing took     1.665341 ms
    Computation took 175.038012 ms
    Reading took     41.599000 us
  Sample 29...
Starting computation...
    Writing took     1.037993 ms
    Computation took 174.964968 ms
    Reading took     43.347000 us
  Sample 30...
Starting computation...
    Writing took     1.103482 ms
    Computation took 174.972628 ms
    Reading took     43.302000 us
  Sample 31...
Starting computation...
    Writing took     1.088121 ms
    Computation took 174.986399 ms
    Reading took     33.643000 us
  Sample 32...
Starting computation...
    Writing took     927.017000 us
    Computation took 175.003912 ms
    Reading took     35.047000 us
  Sample 33...
Starting computation...
    Writing took     860.303000 us
    Computation took 174.974990 ms
    Reading took     33.961000 us
  Sample 34...
Starting computation...
    Writing took     885.235000 us
    Computation took 175.020579 ms
    Reading took     33.586000 us
  Sample 35...
Starting computation...
    Writing took     764.885000 us
    Computation took 175.049267 ms
    Reading took     49.227000 us
  Sample 36...
Starting computation...
    Writing took     1.240439 ms
    Computation took 175.082087 ms
    Reading took     41.434000 us
  Sample 37...
Starting computation...
    Writing took     1.047111 ms
    Computation took 174.980383 ms
    Reading took     41.320000 us
  Sample 38...
Starting computation...
    Writing took     1.047231 ms
    Computation took 175.010815 ms
    Reading took     42.211000 us
  Sample 39...
Starting computation...
    Writing took     1.080724 ms
    Computation took 175.007559 ms
    Reading took     35.013000 us
  Sample 40...
Starting computation...
    Writing took     763.231000 us
    Computation took 175.033847 ms
    Reading took     31.412000 us
  Sample 41...
Starting computation...
    Writing took     794.518000 us
    Computation took 174.960069 ms
    Reading took     33.316000 us
  Sample 42...
Starting computation...
    Writing took     822.806000 us
    Computation took 175.077887 ms
    Reading took     33.708000 us
  Sample 43...
Starting computation...
    Writing took     829.745000 us
    Computation took 174.967494 ms
    Reading took     32.961000 us
  Sample 44...
Starting computation...
    Writing took     797.293000 us
    Computation took 174.964302 ms
    Reading took     34.982000 us
  Sample 45...
Starting computation...
    Writing took     921.290000 us
    Computation took 174.939783 ms
    Reading took     35.658000 us
  Sample 46...
Starting computation...
    Writing took     870.617000 us
    Computation took 174.998823 ms
    Reading took     37.023000 us
  Sample 47...
Starting computation...
    Writing took     874.117000 us
    Computation took 174.995323 ms
    Reading took     36.369000 us
  Sample 48...
Starting computation...
    Writing took     888.083000 us
    Computation took 175.005953 ms
    Reading took     33.795000 us
  Sample 49...
Starting computation...
    Writing took     850.967000 us
    Computation took 174.991589 ms
    Reading took     37.370000 us
  Sample 50...
Starting computation...
    Writing took     937.528000 us
    Computation took 175.032558 ms
    Reading took     35.977000 us
  Sample 51...
Starting computation...
    Writing took     843.622000 us
    Computation took 175.007037 ms
    Reading took     35.562000 us
  Sample 52...
Starting computation...
    Writing took     841.621000 us
    Computation took 174.949008 ms
    Reading took     35.875000 us
  Sample 53...
Starting computation...
    Writing took     846.228000 us
    Computation took 175.007332 ms
    Reading took     36.489000 us
  Sample 54...
Starting computation...
    Writing took     857.636000 us
    Computation took 175.048459 ms
    Reading took     36.691000 us
  Sample 55...
Starting computation...
    Writing took     886.410000 us
    Computation took 175.044133 ms
    Reading took     38.832000 us
  Sample 56...
Starting computation...
    Writing took     911.632000 us
    Computation took 175.003065 ms
    Reading took     36.576000 us
  Sample 57...
Starting computation...
    Writing took     887.479000 us
    Computation took 174.978923 ms
    Reading took     36.753000 us
  Sample 58...
Starting computation...
    Writing took     852.277000 us
    Computation took 175.068407 ms
    Reading took     36.087000 us
  Sample 59...
Starting computation...
    Writing took     882.151000 us
    Computation took 175.000310 ms
    Reading took     35.538000 us
  Sample 60...
Starting computation...
    Writing took     851.521000 us
    Computation took 174.999159 ms
    Reading took     34.675000 us
  Sample 61...
Starting computation...
    Writing took     811.309000 us
    Computation took 175.004501 ms
    Reading took     34.828000 us
  Sample 62...
Starting computation...
    Writing took     811.627000 us
    Computation took 174.989972 ms
    Reading took     35.508000 us
  Sample 63...
Starting computation...
    Writing took     844.951000 us
    Computation took 174.963060 ms
    Reading took     32.445000 us
  Sample 64...
Starting computation...
    Writing took     739.805000 us
    Computation took 174.973615 ms
    Reading took     34.731000 us
  Sample 65...
Starting computation...
    Writing took     824.807000 us
    Computation took 175.004888 ms
    Reading took     37.085000 us
  Sample 66...
Starting computation...
    Writing took     885.719000 us
    Computation took 175.049094 ms
    Reading took     35.571000 us
  Sample 67...
Starting computation...
    Writing took     855.532000 us
    Computation took 174.968451 ms
    Reading took     33.750000 us
  Sample 68...
Starting computation...
    Writing took     786.061000 us
    Computation took 175.095692 ms
    Reading took     69.038000 us
  Sample 69...
Starting computation...
    Writing took     1.852181 ms
    Computation took 175.047178 ms
    Reading took     47.475000 us
  Sample 70...
Starting computation...
    Writing took     1.066273 ms
    Computation took 174.938195 ms
    Reading took     40.939000 us
  Sample 71...
Starting computation...
    Writing took     1.031084 ms
    Computation took 175.024629 ms
    Reading took     31.378000 us
  Sample 72...
Starting computation...
    Writing took     733.220000 us
    Computation took 175.026638 ms
    Reading took     33.179000 us
  Sample 73...
Starting computation...
    Writing took     795.152000 us
    Computation took 175.029877 ms
    Reading took     33.829000 us
  Sample 74...
Starting computation...
    Writing took     776.593000 us
    Computation took 175.019912 ms
    Reading took     33.076000 us
  Sample 75...
Starting computation...
    Writing took     784.629000 us
    Computation took 175.046064 ms
    Reading took     45.109000 us
  Sample 76...
Starting computation...
    Writing took     1.074269 ms
    Computation took 175.013381 ms
    Reading took     42.069000 us
  Sample 77...
Starting computation...
    Writing took     1.031369 ms
    Computation took 174.954878 ms
    Reading took     44.234000 us
  Sample 78...
Starting computation...
    Writing took     1.067357 ms
    Computation took 174.999679 ms
    Reading took     33.274000 us
  Sample 79...
Starting computation...
    Writing took     782.750000 us
    Computation took 174.958342 ms
    Reading took     35.573000 us
  Sample 80...
Starting computation...
    Writing took     825.872000 us
    Computation took 174.996422 ms
    Reading took     34.877000 us
  Sample 81...
Starting computation...
    Writing took     857.656000 us
    Computation took 175.011965 ms
    Reading took     42.345000 us
  Sample 82...
Starting computation...
    Writing took     996.144000 us
    Computation took 175.003415 ms
    Reading took     46.036000 us
  Sample 83...
Starting computation...
    Writing took     1.168741 ms
    Computation took 175.051617 ms
    Reading took     32.796000 us
  Sample 84...
Starting computation...
    Writing took     765.044000 us
    Computation took 174.975451 ms
    Reading took     32.588000 us
  Sample 85...
Starting computation...
    Writing took     762.483000 us
    Computation took 174.972454 ms
    Reading took     30.139000 us
  Sample 86...
Starting computation...
    Writing took     731.569000 us
    Computation took 175.001297 ms
    Reading took     34.317000 us
  Sample 87...
Starting computation...
    Writing took     816.366000 us
    Computation took 175.023214 ms
    Reading took     34.217000 us
  Sample 88...
Starting computation...
    Writing took     809.732000 us
    Computation took 174.966326 ms
    Reading took     29.092000 us
  Sample 89...
Starting computation...
    Writing took     732.471000 us
    Computation took 175.032159 ms
    Reading took     28.740000 us
  Sample 90...
Starting computation...
    Writing took     733.335000 us
    Computation took 175.013684 ms
    Reading took     29.920000 us
  Sample 91...
Starting computation...
    Writing took     732.396000 us
    Computation took 174.976685 ms
    Reading took     31.897000 us
  Sample 92...
Starting computation...
    Writing took     764.473000 us
    Computation took 174.976896 ms
    Reading took     29.037000 us
  Sample 93...
Starting computation...
    Writing took     733.333000 us
    Computation took 175.000708 ms
    Reading took     33.853000 us
  Sample 94...
Starting computation...
    Writing took     813.011000 us
    Computation took 175.036194 ms
    Reading took     32.625000 us
  Sample 95...
Starting computation...
    Writing took     763.898000 us
    Computation took 174.967825 ms
    Reading took     29.289000 us
  Sample 96...
Starting computation...
    Writing took     733.529000 us
    Computation took 174.980536 ms
    Reading took     33.365000 us
  Sample 97...
Starting computation...
    Writing took     882.086000 us
    Computation took 175.000523 ms
    Reading took     48.446000 us
  Sample 98...
Starting computation...
    Writing took     817.232000 us
    Computation took 175.078947 ms
    Reading took     31.312000 us
  Sample 99...
Starting computation...
    Writing took     756.973000 us
    Computation took 174.982056 ms
    Reading took     28.722000 us
Mean computation time: 175.001728 ms
Mean deviation: 26.805000 us (0.015317%)
Mean computation time (per hash): 13.461670 ms
Mean deviation (per hash): 2.061000 us
