Using device #0: CUDA Device 'GeForce GTX 1080 Ti'
  Sample 0...
Starting computation...
    Writing took     5.649162 ms
    Computation took 252.731195 ms
    Reading took     205.039000 us
  Sample 1...
Starting computation...
    Writing took     5.101720 ms
    Computation took 252.492882 ms
    Reading took     244.227000 us
  Sample 2...
Starting computation...
    Writing took     5.694130 ms
    Computation took 253.073118 ms
    Reading took     203.776000 us
  Sample 3...
Starting computation...
    Writing took     5.131330 ms
    Computation took 258.786827 ms
    Reading took     312.795000 us
  Sample 4...
Starting computation...
    Writing took     8.204212 ms
    Computation took 254.206110 ms
    Reading took     232.526000 us
  Sample 5...
Starting computation...
    Writing took     6.118867 ms
    Computation took 254.341578 ms
    Reading took     233.569000 us
  Sample 6...
Starting computation...
    Writing took     6.099214 ms
    Computation took 252.779834 ms
    Reading took     176.949000 us
  Sample 7...
Starting computation...
    Writing took     4.357073 ms
    Computation took 253.145494 ms
    Reading took     175.513000 us
  Sample 8...
Starting computation...
    Writing took     4.355170 ms
    Computation took 253.280242 ms
    Reading took     376.386000 us
  Sample 9...
Starting computation...
    Writing took     9.712672 ms
    Computation took 254.846565 ms
    Reading took     246.955000 us
  Sample 10...
Starting computation...
    Writing took     6.000324 ms
    Computation took 258.350332 ms
    Reading took     242.122000 us
  Sample 11...
Starting computation...
    Writing took     6.079479 ms
    Computation took 256.607663 ms
    Reading took     215.852000 us
  Sample 12...
Starting computation...
    Writing took     5.603498 ms
    Computation took 256.826402 ms
    Reading took     395.780000 us
  Sample 13...
Starting computation...
    Writing took     10.779529 ms
    Computation took 254.938986 ms
    Reading took     241.574000 us
  Sample 14...
Starting computation...
    Writing took     6.095455 ms
    Computation took 256.066806 ms
    Reading took     255.977000 us
  Sample 15...
Starting computation...
    Writing took     6.178021 ms
    Computation took 256.541167 ms
    Reading took     246.110000 us
  Sample 16...
Starting computation...
    Writing took     6.798635 ms
    Computation took 255.403354 ms
    Reading took     181.072000 us
  Sample 17...
Starting computation...
    Writing took     4.632960 ms
    Computation took 254.896919 ms
    Reading took     221.681000 us
  Sample 18...
Starting computation...
    Writing took     6.079572 ms
    Computation took 254.047495 ms
    Reading took     232.547000 us
  Sample 19...
Starting computation...
    Writing took     6.094853 ms
    Computation took 253.840390 ms
    Reading took     196.309000 us
  Sample 20...
Starting computation...
    Writing took     5.241080 ms
    Computation took 254.644813 ms
    Reading took     249.769000 us
  Sample 21...
Starting computation...
    Writing took     7.210843 ms
    Computation took 255.656395 ms
    Reading took     201.415000 us
  Sample 22...
Starting computation...
    Writing took     5.950050 ms
    Computation took 254.735726 ms
    Reading took     210.342000 us
  Sample 23...
Starting computation...
    Writing took     5.036590 ms
    Computation took 254.851857 ms
    Reading took     201.816000 us
  Sample 24...
Starting computation...
    Writing took     5.925963 ms
    Computation took 253.417774 ms
    Reading took     172.365000 us
  Sample 25...
Starting computation...
    Writing took     4.317501 ms
    Computation took 254.178634 ms
    Reading took     203.410000 us
  Sample 26...
Starting computation...
    Writing took     5.550772 ms
    Computation took 253.777111 ms
    Reading took     217.193000 us
  Sample 27...
Starting computation...
    Writing took     6.765205 ms
    Computation took 254.515673 ms
    Reading took     201.926000 us
  Sample 28...
Starting computation...
    Writing took     5.051102 ms
    Computation took 257.418359 ms
    Reading took     239.076000 us
  Sample 29...
Starting computation...
    Writing took     6.676675 ms
    Computation took 257.061715 ms
    Reading took     215.826000 us
  Sample 30...
Starting computation...
    Writing took     6.095589 ms
    Computation took 256.818515 ms
    Reading took     218.894000 us
  Sample 31...
Starting computation...
    Writing took     6.061254 ms
    Computation took 254.860873 ms
    Reading took     161.915000 us
  Sample 32...
Starting computation...
    Writing took     4.359556 ms
    Computation took 255.081863 ms
    Reading took     217.992000 us
  Sample 33...
Starting computation...
    Writing took     6.067401 ms
    Computation took 255.716537 ms
    Reading took     364.244000 us
  Sample 34...
Starting computation...
    Writing took     6.669841 ms
    Computation took 255.586026 ms
    Reading took     217.272000 us
  Sample 35...
Starting computation...
    Writing took     5.586876 ms
    Computation took 255.820218 ms
    Reading took     164.381000 us
  Sample 36...
Starting computation...
    Writing took     4.412565 ms
    Computation took 256.590404 ms
    Reading took     201.167000 us
  Sample 37...
Starting computation...
    Writing took     5.571950 ms
    Computation took 256.374994 ms
    Reading took     191.961000 us
  Sample 38...
Starting computation...
    Writing took     5.019572 ms
    Computation took 255.335064 ms
    Reading took     192.392000 us
  Sample 39...
Starting computation...
    Writing took     5.179166 ms
    Computation took 255.233576 ms
    Reading took     164.433000 us
  Sample 40...
Starting computation...
    Writing took     4.388997 ms
    Computation took 255.537757 ms
    Reading took     289.158000 us
  Sample 41...
Starting computation...
    Writing took     7.894429 ms
    Computation took 256.037701 ms
    Reading took     184.193000 us
  Sample 42...
Starting computation...
    Writing took     4.870032 ms
    Computation took 254.919288 ms
    Reading took     194.339000 us
  Sample 43...
Starting computation...
    Writing took     4.649391 ms
    Computation took 254.977623 ms
    Reading took     238.258000 us
  Sample 44...
Starting computation...
    Writing took     6.427459 ms
    Computation took 255.580122 ms
    Reading took     195.026000 us
  Sample 45...
Starting computation...
    Writing took     5.017301 ms
    Computation took 254.726919 ms
    Reading took     186.527000 us
  Sample 46...
Starting computation...
    Writing took     4.724134 ms
    Computation took 254.905648 ms
    Reading took     209.021000 us
  Sample 47...
Starting computation...
    Writing took     5.052902 ms
    Computation took 255.854833 ms
    Reading took     207.389000 us
  Sample 48...
Starting computation...
    Writing took     5.419348 ms
    Computation took 257.007767 ms
    Reading took     234.725000 us
  Sample 49...
Starting computation...
    Writing took     6.204952 ms
    Computation took 256.421155 ms
    Reading took     232.449000 us
  Sample 50...
Starting computation...
    Writing took     6.147985 ms
    Computation took 256.035629 ms
    Reading took     231.513000 us
  Sample 51...
Starting computation...
    Writing took     6.080701 ms
    Computation took 254.792458 ms
    Reading took     197.851000 us
  Sample 52...
Starting computation...
    Writing took     5.093893 ms
    Computation took 253.548006 ms
    Reading took     177.927000 us
  Sample 53...
Starting computation...
    Writing took     4.380240 ms
    Computation took 253.361164 ms
    Reading took     214.979000 us
  Sample 54...
Starting computation...
    Writing took     5.595507 ms
    Computation took 253.858358 ms
    Reading took     399.204000 us
  Sample 55...
Starting computation...
    Writing took     10.378159 ms
    Computation took 253.617480 ms
    Reading took     229.871000 us
  Sample 56...
Starting computation...
    Writing took     6.090624 ms
    Computation took 253.882690 ms
    Reading took     243.558000 us
  Sample 57...
Starting computation...
    Writing took     6.820641 ms
    Computation took 256.334610 ms
    Reading took     231.313000 us
  Sample 58...
Starting computation...
    Writing took     6.158957 ms
    Computation took 254.682413 ms
    Reading took     329.962000 us
  Sample 59...
Starting computation...
    Writing took     8.504611 ms
    Computation took 254.359838 ms
    Reading took     193.655000 us
  Sample 60...
Starting computation...
    Writing took     4.806841 ms
    Computation took 253.861407 ms
    Reading took     206.437000 us
  Sample 61...
Starting computation...
    Writing took     5.178781 ms
    Computation took 253.622487 ms
    Reading took     196.883000 us
  Sample 62...
Starting computation...
    Writing took     5.054100 ms
    Computation took 253.852874 ms
    Reading took     240.240000 us
  Sample 63...
Starting computation...
    Writing took     5.373053 ms
    Computation took 253.865499 ms
    Reading took     228.083000 us
  Sample 64...
Starting computation...
    Writing took     5.466917 ms
    Computation took 253.783656 ms
    Reading took     333.962000 us
  Sample 65...
Starting computation...
    Writing took     10.112218 ms
    Computation took 253.641869 ms
    Reading took     343.729000 us
  Sample 66...
Starting computation...
    Writing took     11.127571 ms
    Computation took 252.920887 ms
    Reading took     242.504000 us
  Sample 67...
Starting computation...
    Writing took     6.122734 ms
    Computation took 253.464050 ms
    Reading took     201.680000 us
  Sample 68...
Starting computation...
    Writing took     5.369076 ms
    Computation took 255.724440 ms
    Reading took     202.724000 us
  Sample 69...
Starting computation...
    Writing took     5.171370 ms
    Computation took 255.812137 ms
    Reading took     176.076000 us
  Sample 70...
Starting computation...
    Writing took     4.422486 ms
    Computation took 256.640659 ms
    Reading took     232.766000 us
  Sample 71...
Starting computation...
    Writing took     6.114104 ms
    Computation took 256.759938 ms
    Reading took     232.703000 us
  Sample 72...
Starting computation...
    Writing took     6.129961 ms
    Computation took 256.183543 ms
    Reading took     210.422000 us
  Sample 73...
Starting computation...
    Writing took     5.437777 ms
    Computation took 255.353168 ms
    Reading took     233.075000 us
  Sample 74...
Starting computation...
    Writing took     6.124810 ms
    Computation took 254.319492 ms
    Reading took     232.485000 us
  Sample 75...
Starting computation...
    Writing took     6.126160 ms
    Computation took 254.576506 ms
    Reading took     186.703000 us
  Sample 76...
Starting computation...
    Writing took     4.629935 ms
    Computation took 253.448141 ms
    Reading took     215.026000 us
  Sample 77...
Starting computation...
    Writing took     5.617005 ms
    Computation took 253.625478 ms
    Reading took     216.344000 us
  Sample 78...
Starting computation...
    Writing took     5.457936 ms
    Computation took 254.350299 ms
    Reading took     176.325000 us
  Sample 79...
Starting computation...
    Writing took     4.239860 ms
    Computation took 255.721475 ms
    Reading took     198.371000 us
  Sample 80...
Starting computation...
    Writing took     5.119405 ms
    Computation took 256.776103 ms
    Reading took     196.660000 us
  Sample 81...
Starting computation...
    Writing took     4.500231 ms
    Computation took 257.379167 ms
    Reading took     216.379000 us
  Sample 82...
Starting computation...
    Writing took     5.828620 ms
    Computation took 257.265108 ms
    Reading took     203.340000 us
  Sample 83...
Starting computation...
    Writing took     5.222749 ms
    Computation took 257.194318 ms
    Reading took     193.891000 us
  Sample 84...
Starting computation...
    Writing took     4.689794 ms
    Computation took 257.511792 ms
    Reading took     206.018000 us
  Sample 85...
Starting computation...
    Writing took     5.476846 ms
    Computation took 258.290886 ms
    Reading took     264.174000 us
  Sample 86...
Starting computation...
    Writing took     6.561114 ms
    Computation took 260.949710 ms
    Reading took     189.582000 us
  Sample 87...
Starting computation...
    Writing took     4.888722 ms
    Computation took 261.609346 ms
    Reading took     203.107000 us
  Sample 88...
Starting computation...
    Writing took     5.188004 ms
    Computation took 261.073842 ms
    Reading took     196.886000 us
  Sample 89...
Starting computation...
    Writing took     4.999507 ms
    Computation took 260.096871 ms
    Reading took     344.610000 us
  Sample 90...
Starting computation...
    Writing took     9.618688 ms
    Computation took 255.319356 ms
    Reading took     201.689000 us
  Sample 91...
Starting computation...
    Writing took     5.173148 ms
    Computation took 255.274361 ms
    Reading took     240.242000 us
  Sample 92...
Starting computation...
    Writing took     5.691458 ms
    Computation took 256.266937 ms
    Reading took     177.316000 us
  Sample 93...
Starting computation...
    Writing took     4.499518 ms
    Computation took 261.199523 ms
    Reading took     175.438000 us
  Sample 94...
Starting computation...
    Writing took     4.349192 ms
    Computation took 263.527090 ms
    Reading took     209.416000 us
  Sample 95...
Starting computation...
    Writing took     5.457339 ms
    Computation took 262.357357 ms
    Reading took     218.262000 us
  Sample 96...
Starting computation...
    Writing took     5.615286 ms
    Computation took 259.926648 ms
    Reading took     186.803000 us
  Sample 97...
Starting computation...
    Writing took     4.643364 ms
    Computation took 257.198986 ms
    Reading took     202.375000 us
  Sample 98...
Starting computation...
    Writing took     5.179221 ms
    Computation took 257.077276 ms
    Reading took     186.851000 us
  Sample 99...
Starting computation...
    Writing took     4.660851 ms
    Computation took 256.525581 ms
    Reading took     173.389000 us
Mean computation time: 255.696692 ms
Mean deviation: 1.615652 ms (0.631863%)
Mean computation time (per hash): 3.409288 ms
Mean deviation (per hash): 21.541000 us
