Using device #0: CUDA Device 'GeForce GTX 1080 Ti'
  Sample 0...
Starting computation...
    Writing took     5.021554 ms
    Computation took 271.129244 ms
    Reading took     228.746000 us
  Sample 1...
Starting computation...
    Writing took     6.556170 ms
    Computation took 270.997709 ms
    Reading took     389.251000 us
  Sample 2...
Starting computation...
    Writing took     11.587685 ms
    Computation took 270.819862 ms
    Reading took     219.800000 us
  Sample 3...
Starting computation...
    Writing took     6.548123 ms
    Computation took 271.769105 ms
    Reading took     194.451000 us
  Sample 4...
Starting computation...
    Writing took     5.542486 ms
    Computation took 270.948324 ms
    Reading took     321.749000 us
  Sample 5...
Starting computation...
    Writing took     9.939497 ms
    Computation took 271.206411 ms
    Reading took     194.749000 us
  Sample 6...
Starting computation...
    Writing took     5.638694 ms
    Computation took 272.715347 ms
    Reading took     192.600000 us
  Sample 7...
Starting computation...
    Writing took     5.213917 ms
    Computation took 271.991267 ms
    Reading took     337.747000 us
  Sample 8...
Starting computation...
    Writing took     9.262703 ms
    Computation took 271.563659 ms
    Reading took     217.771000 us
  Sample 9...
Starting computation...
    Writing took     6.546168 ms
    Computation took 273.064769 ms
    Reading took     273.562000 us
  Sample 10...
Starting computation...
    Writing took     6.641596 ms
    Computation took 274.208756 ms
    Reading took     175.567000 us
  Sample 11...
Starting computation...
    Writing took     5.145731 ms
    Computation took 275.036411 ms
    Reading took     219.404000 us
  Sample 12...
Starting computation...
    Writing took     6.538906 ms
    Computation took 276.787586 ms
    Reading took     222.058000 us
  Sample 13...
Starting computation...
    Writing took     6.588748 ms
    Computation took 277.762200 ms
    Reading took     204.320000 us
  Sample 14...
Starting computation...
    Writing took     5.940665 ms
    Computation took 276.891824 ms
    Reading took     199.598000 us
  Sample 15...
Starting computation...
    Writing took     5.764721 ms
    Computation took 273.512436 ms
    Reading took     225.192000 us
  Sample 16...
Starting computation...
    Writing took     6.637004 ms
    Computation took 273.677029 ms
    Reading took     344.051000 us
  Sample 17...
Starting computation...
    Writing took     6.881447 ms
    Computation took 273.837317 ms
    Reading took     186.976000 us
  Sample 18...
Starting computation...
    Writing took     4.859869 ms
    Computation took 273.854704 ms
    Reading took     219.134000 us
  Sample 19...
Starting computation...
    Writing took     6.519900 ms
    Computation took 274.990392 ms
    Reading took     228.064000 us
  Sample 20...
Starting computation...
    Writing took     6.579430 ms
    Computation took 273.673818 ms
    Reading took     219.316000 us
  Sample 21...
Starting computation...
    Writing took     6.562487 ms
    Computation took 271.525109 ms
    Reading took     217.116000 us
  Sample 22...
Starting computation...
    Writing took     6.540177 ms
    Computation took 272.330585 ms
    Reading took     218.151000 us
  Sample 23...
Starting computation...
    Writing took     6.553723 ms
    Computation took 271.563769 ms
    Reading took     218.533000 us
  Sample 24...
Starting computation...
    Writing took     6.565599 ms
    Computation took 271.402100 ms
    Reading took     174.884000 us
  Sample 25...
Starting computation...
    Writing took     5.067477 ms
    Computation took 271.408199 ms
    Reading took     187.701000 us
  Sample 26...
Starting computation...
    Writing took     7.098635 ms
    Computation took 271.324710 ms
    Reading took     160.441000 us
  Sample 27...
Starting computation...
    Writing took     4.870077 ms
    Computation took 271.348266 ms
    Reading took     204.082000 us
  Sample 28...
Starting computation...
    Writing took     5.987431 ms
    Computation took 272.297737 ms
    Reading took     183.313000 us
  Sample 29...
Starting computation...
    Writing took     6.275059 ms
    Computation took 273.206456 ms
    Reading took     216.055000 us
  Sample 30...
Starting computation...
    Writing took     6.606673 ms
    Computation took 272.708076 ms
    Reading took     214.493000 us
  Sample 31...
Starting computation...
    Writing took     6.569982 ms
    Computation took 272.479842 ms
    Reading took     169.097000 us
  Sample 32...
Starting computation...
    Writing took     5.062088 ms
    Computation took 275.252076 ms
    Reading took     257.326000 us
  Sample 33...
Starting computation...
    Writing took     7.913441 ms
    Computation took 275.464454 ms
    Reading took     215.140000 us
  Sample 34...
Starting computation...
    Writing took     6.547201 ms
    Computation took 275.545355 ms
    Reading took     220.182000 us
  Sample 35...
Starting computation...
    Writing took     6.579469 ms
    Computation took 274.124198 ms
    Reading took     180.305000 us
  Sample 36...
Starting computation...
    Writing took     5.034907 ms
    Computation took 272.883661 ms
    Reading took     185.213000 us
  Sample 37...
Starting computation...
    Writing took     6.103245 ms
    Computation took 272.675027 ms
    Reading took     256.500000 us
  Sample 38...
Starting computation...
    Writing took     6.259252 ms
    Computation took 272.257519 ms
    Reading took     182.448000 us
  Sample 39...
Starting computation...
    Writing took     5.341549 ms
    Computation took 271.745983 ms
    Reading took     225.971000 us
  Sample 40...
Starting computation...
    Writing took     6.601046 ms
    Computation took 273.989650 ms
    Reading took     218.633000 us
  Sample 41...
Starting computation...
    Writing took     6.582385 ms
    Computation took 275.488353 ms
    Reading took     219.114000 us
  Sample 42...
Starting computation...
    Writing took     6.549921 ms
    Computation took 275.299869 ms
    Reading took     217.724000 us
  Sample 43...
Starting computation...
    Writing took     6.529652 ms
    Computation took 275.668565 ms
    Reading took     164.173000 us
  Sample 44...
Starting computation...
    Writing took     4.670124 ms
    Computation took 274.978875 ms
    Reading took     186.531000 us
  Sample 45...
Starting computation...
    Writing took     5.347899 ms
    Computation took 274.492058 ms
    Reading took     210.402000 us
  Sample 46...
Starting computation...
    Writing took     6.585850 ms
    Computation took 274.195262 ms
    Reading took     174.079000 us
  Sample 47...
Starting computation...
    Writing took     5.008642 ms
    Computation took 275.563990 ms
    Reading took     179.834000 us
  Sample 48...
Starting computation...
    Writing took     5.254969 ms
    Computation took 275.037444 ms
    Reading took     207.786000 us
  Sample 49...
Starting computation...
    Writing took     5.553111 ms
    Computation took 275.126590 ms
    Reading took     164.592000 us
  Sample 50...
Starting computation...
    Writing took     4.783941 ms
    Computation took 273.993732 ms
    Reading took     192.921000 us
  Sample 51...
Starting computation...
    Writing took     5.562536 ms
    Computation took 272.148097 ms
    Reading took     204.023000 us
  Sample 52...
Starting computation...
    Writing took     6.011760 ms
    Computation took 272.828672 ms
    Reading took     195.587000 us
  Sample 53...
Starting computation...
    Writing took     5.769763 ms
    Computation took 272.813464 ms
    Reading took     222.640000 us
  Sample 54...
Starting computation...
    Writing took     5.780059 ms
    Computation took 273.122431 ms
    Reading took     220.738000 us
  Sample 55...
Starting computation...
    Writing took     6.575906 ms
    Computation took 271.876849 ms
    Reading took     389.200000 us
  Sample 56...
Starting computation...
    Writing took     10.453130 ms
    Computation took 271.793583 ms
    Reading took     202.474000 us
  Sample 57...
Starting computation...
    Writing took     5.994619 ms
    Computation took 271.342763 ms
    Reading took     174.138000 us
  Sample 58...
Starting computation...
    Writing took     5.053285 ms
    Computation took 272.361848 ms
    Reading took     202.812000 us
  Sample 59...
Starting computation...
    Writing took     6.131354 ms
    Computation took 273.650256 ms
    Reading took     161.290000 us
  Sample 60...
Starting computation...
    Writing took     4.654420 ms
    Computation took 275.850664 ms
    Reading took     164.719000 us
  Sample 61...
Starting computation...
    Writing took     4.695806 ms
    Computation took 276.433189 ms
    Reading took     201.886000 us
  Sample 62...
Starting computation...
    Writing took     6.019294 ms
    Computation took 276.309560 ms
    Reading took     169.620000 us
  Sample 63...
Starting computation...
    Writing took     5.076236 ms
    Computation took 273.623907 ms
    Reading took     185.665000 us
  Sample 64...
Starting computation...
    Writing took     5.485635 ms
    Computation took 273.788824 ms
    Reading took     293.645000 us
  Sample 65...
Starting computation...
    Writing took     8.784982 ms
    Computation took 273.420338 ms
    Reading took     232.695000 us
  Sample 66...
Starting computation...
    Writing took     6.704439 ms
    Computation took 273.514263 ms
    Reading took     176.892000 us
  Sample 67...
Starting computation...
    Writing took     4.722723 ms
    Computation took 274.785657 ms
    Reading took     200.939000 us
  Sample 68...
Starting computation...
    Writing took     5.628035 ms
    Computation took 274.222216 ms
    Reading took     230.767000 us
  Sample 69...
Starting computation...
    Writing took     6.627602 ms
    Computation took 273.221882 ms
    Reading took     233.320000 us
  Sample 70...
Starting computation...
    Writing took     6.599375 ms
    Computation took 273.966380 ms
    Reading took     207.073000 us
  Sample 71...
Starting computation...
    Writing took     5.986525 ms
    Computation took 273.302926 ms
    Reading took     216.401000 us
  Sample 72...
Starting computation...
    Writing took     6.064358 ms
    Computation took 271.787704 ms
    Reading took     189.412000 us
  Sample 73...
Starting computation...
    Writing took     5.383271 ms
    Computation took 271.407181 ms
    Reading took     234.404000 us
  Sample 74...
Starting computation...
    Writing took     7.193223 ms
    Computation took 272.755933 ms
    Reading took     233.882000 us
  Sample 75...
Starting computation...
    Writing took     6.612256 ms
    Computation took 271.527076 ms
    Reading took     239.003000 us
  Sample 76...
Starting computation...
    Writing took     5.654416 ms
    Computation took 272.409050 ms
    Reading took     218.714000 us
  Sample 77...
Starting computation...
    Writing took     6.226441 ms
    Computation took 272.680548 ms
    Reading took     213.693000 us
  Sample 78...
Starting computation...
    Writing took     6.041417 ms
    Computation took 272.187496 ms
    Reading took     226.791000 us
  Sample 79...
Starting computation...
    Writing took     5.543727 ms
    Computation took 271.550827 ms
    Reading took     219.441000 us
  Sample 80...
Starting computation...
    Writing took     5.888061 ms
    Computation took 271.418189 ms
    Reading took     195.748000 us
  Sample 81...
Starting computation...
    Writing took     5.562553 ms
    Computation took 274.596891 ms
    Reading took     351.366000 us
  Sample 82...
Starting computation...
    Writing took     10.483044 ms
    Computation took 274.148026 ms
    Reading took     224.091000 us
  Sample 83...
Starting computation...
    Writing took     5.449364 ms
    Computation took 274.396223 ms
    Reading took     363.811000 us
  Sample 84...
Starting computation...
    Writing took     6.719714 ms
    Computation took 275.478088 ms
    Reading took     189.904000 us
  Sample 85...
Starting computation...
    Writing took     5.361435 ms
    Computation took 277.067223 ms
    Reading took     228.186000 us
  Sample 86...
Starting computation...
    Writing took     6.049688 ms
    Computation took 277.548309 ms
    Reading took     189.029000 us
  Sample 87...
Starting computation...
    Writing took     5.367077 ms
    Computation took 273.481424 ms
    Reading took     183.647000 us
  Sample 88...
Starting computation...
    Writing took     5.096239 ms
    Computation took 273.282745 ms
    Reading took     219.295000 us
  Sample 89...
Starting computation...
    Writing took     6.181947 ms
    Computation took 274.851263 ms
    Reading took     213.341000 us
  Sample 90...
Starting computation...
    Writing took     6.869823 ms
    Computation took 277.336502 ms
    Reading took     395.463000 us
  Sample 91...
Starting computation...
    Writing took     11.948356 ms
    Computation took 276.320909 ms
    Reading took     231.627000 us
  Sample 92...
Starting computation...
    Writing took     6.615722 ms
    Computation took 275.176626 ms
    Reading took     235.115000 us
  Sample 93...
Starting computation...
    Writing took     7.065331 ms
    Computation took 274.371220 ms
    Reading took     191.188000 us
  Sample 94...
Starting computation...
    Writing took     5.077943 ms
    Computation took 274.342218 ms
    Reading took     277.530000 us
  Sample 95...
Starting computation...
    Writing took     6.059505 ms
    Computation took 273.558324 ms
    Reading took     214.416000 us
  Sample 96...
Starting computation...
    Writing took     5.960389 ms
    Computation took 271.936520 ms
    Reading took     216.767000 us
  Sample 97...
Starting computation...
    Writing took     6.064940 ms
    Computation took 274.047178 ms
    Reading took     184.905000 us
  Sample 98...
Starting computation...
    Writing took     5.213327 ms
    Computation took 282.122612 ms
    Reading took     215.823000 us
  Sample 99...
Starting computation...
    Writing took     6.078194 ms
    Computation took 284.191461 ms
    Reading took     179.822000 us
Mean computation time: 273.761712 ms
Mean deviation: 1.593277 ms (0.581994%)
Mean computation time (per hash): 3.650155 ms
Mean deviation (per hash): 21.243000 us
