Using device #0: CUDA Device 'GeForce GTX 1080 Ti'
  Sample 0...
Starting computation...
    Writing took     2.591259 ms
    Computation took 179.377688 ms
    Reading took     94.442000 us
  Sample 1...
Starting computation...
    Writing took     2.559079 ms
    Computation took 179.312400 ms
    Reading took     64.674000 us
  Sample 2...
Starting computation...
    Writing took     1.658812 ms
    Computation took 179.296631 ms
    Reading took     66.948000 us
  Sample 3...
Starting computation...
    Writing took     1.767814 ms
    Computation took 179.267569 ms
    Reading took     70.156000 us
  Sample 4...
Starting computation...
    Writing took     1.967296 ms
    Computation took 179.295877 ms
    Reading took     113.600000 us
  Sample 5...
Starting computation...
    Writing took     3.237383 ms
    Computation took 179.355562 ms
    Reading took     67.151000 us
  Sample 6...
Starting computation...
    Writing took     1.593554 ms
    Computation took 179.284656 ms
    Reading took     63.371000 us
  Sample 7...
Starting computation...
    Writing took     1.463691 ms
    Computation took 179.256669 ms
    Reading took     65.651000 us
  Sample 8...
Starting computation...
    Writing took     1.503852 ms
    Computation took 179.265909 ms
    Reading took     68.889000 us
  Sample 9...
Starting computation...
    Writing took     1.639743 ms
    Computation took 179.267670 ms
    Reading took     66.232000 us
  Sample 10...
Starting computation...
    Writing took     1.553761 ms
    Computation took 179.246032 ms
    Reading took     66.214000 us
  Sample 11...
Starting computation...
    Writing took     1.533570 ms
    Computation took 179.293438 ms
    Reading took     80.024000 us
  Sample 12...
Starting computation...
    Writing took     1.945374 ms
    Computation took 179.330276 ms
    Reading took     61.346000 us
  Sample 13...
Starting computation...
    Writing took     1.574136 ms
    Computation took 179.256442 ms
    Reading took     60.209000 us
  Sample 14...
Starting computation...
    Writing took     1.579881 ms
    Computation took 179.268025 ms
    Reading took     64.390000 us
  Sample 15...
Starting computation...
    Writing took     1.545372 ms
    Computation took 179.312036 ms
    Reading took     90.533000 us
  Sample 16...
Starting computation...
    Writing took     2.424522 ms
    Computation took 179.304205 ms
    Reading took     62.795000 us
  Sample 17...
Starting computation...
    Writing took     1.687345 ms
    Computation took 179.274243 ms
    Reading took     62.966000 us
  Sample 18...
Starting computation...
    Writing took     1.604047 ms
    Computation took 179.282638 ms
    Reading took     59.403000 us
  Sample 19...
Starting computation...
    Writing took     1.496419 ms
    Computation took 179.317758 ms
    Reading took     60.606000 us
  Sample 20...
Starting computation...
    Writing took     1.504799 ms
    Computation took 179.296874 ms
    Reading took     65.663000 us
  Sample 21...
Starting computation...
    Writing took     1.918476 ms
    Computation took 179.292682 ms
    Reading took     103.530000 us
  Sample 22...
Starting computation...
    Writing took     1.506609 ms
    Computation took 179.297725 ms
    Reading took     62.494000 us
  Sample 23...
Starting computation...
    Writing took     1.597411 ms
    Computation took 179.268825 ms
    Reading took     66.373000 us
  Sample 24...
Starting computation...
    Writing took     1.650087 ms
    Computation took 179.291191 ms
    Reading took     63.292000 us
  Sample 25...
Starting computation...
    Writing took     1.709559 ms
    Computation took 179.331993 ms
    Reading took     78.281000 us
  Sample 26...
Starting computation...
    Writing took     1.596499 ms
    Computation took 179.265090 ms
    Reading took     64.039000 us
  Sample 27...
Starting computation...
    Writing took     1.660137 ms
    Computation took 179.276012 ms
    Reading took     62.909000 us
  Sample 28...
Starting computation...
    Writing took     1.723430 ms
    Computation took 179.282433 ms
    Reading took     64.856000 us
  Sample 29...
Starting computation...
    Writing took     1.732449 ms
    Computation took 179.279042 ms
    Reading took     66.279000 us
  Sample 30...
Starting computation...
    Writing took     1.737505 ms
    Computation took 179.287531 ms
    Reading took     67.312000 us
  Sample 31...
Starting computation...
    Writing took     1.727125 ms
    Computation took 179.297409 ms
    Reading took     65.650000 us
  Sample 32...
Starting computation...
    Writing took     1.796697 ms
    Computation took 179.310688 ms
    Reading took     100.187000 us
  Sample 33...
Starting computation...
    Writing took     1.634967 ms
    Computation took 179.252977 ms
    Reading took     65.244000 us
  Sample 34...
Starting computation...
    Writing took     1.666316 ms
    Computation took 179.255080 ms
    Reading took     97.540000 us
  Sample 35...
Starting computation...
    Writing took     1.686281 ms
    Computation took 179.259928 ms
    Reading took     75.231000 us
  Sample 36...
Starting computation...
    Writing took     1.663912 ms
    Computation took 179.281562 ms
    Reading took     64.448000 us
  Sample 37...
Starting computation...
    Writing took     1.591377 ms
    Computation took 179.250744 ms
    Reading took     62.673000 us
  Sample 38...
Starting computation...
    Writing took     1.601310 ms
    Computation took 179.262260 ms
    Reading took     59.667000 us
  Sample 39...
Starting computation...
    Writing took     1.512522 ms
    Computation took 179.274818 ms
    Reading took     60.711000 us
  Sample 40...
Starting computation...
    Writing took     1.570909 ms
    Computation took 179.263113 ms
    Reading took     64.357000 us
  Sample 41...
Starting computation...
    Writing took     1.701802 ms
    Computation took 179.270232 ms
    Reading took     69.052000 us
  Sample 42...
Starting computation...
    Writing took     1.707548 ms
    Computation took 179.265919 ms
    Reading took     104.238000 us
  Sample 43...
Starting computation...
    Writing took     2.899098 ms
    Computation took 179.309402 ms
    Reading took     80.142000 us
  Sample 44...
Starting computation...
    Writing took     2.098854 ms
    Computation took 179.278605 ms
    Reading took     81.407000 us
  Sample 45...
Starting computation...
    Writing took     2.090541 ms
    Computation took 179.299623 ms
    Reading took     79.380000 us
  Sample 46...
Starting computation...
    Writing took     2.112663 ms
    Computation took 179.266919 ms
    Reading took     78.959000 us
  Sample 47...
Starting computation...
    Writing took     2.092220 ms
    Computation took 179.257390 ms
    Reading took     63.139000 us
  Sample 48...
Starting computation...
    Writing took     1.607174 ms
    Computation took 179.282994 ms
    Reading took     60.565000 us
  Sample 49...
Starting computation...
    Writing took     1.611335 ms
    Computation took 179.279105 ms
    Reading took     84.178000 us
  Sample 50...
Starting computation...
    Writing took     1.558863 ms
    Computation took 179.265563 ms
    Reading took     62.533000 us
  Sample 51...
Starting computation...
    Writing took     1.656147 ms
    Computation took 179.277583 ms
    Reading took     60.161000 us
  Sample 52...
Starting computation...
    Writing took     1.584834 ms
    Computation took 179.273924 ms
    Reading took     63.410000 us
  Sample 53...
Starting computation...
    Writing took     1.767717 ms
    Computation took 179.321788 ms
    Reading took     95.354000 us
  Sample 54...
Starting computation...
    Writing took     2.318572 ms
    Computation took 179.308448 ms
    Reading took     87.679000 us
  Sample 55...
Starting computation...
    Writing took     2.496595 ms
    Computation took 179.295093 ms
    Reading took     83.102000 us
  Sample 56...
Starting computation...
    Writing took     1.761546 ms
    Computation took 179.324947 ms
    Reading took     67.579000 us
  Sample 57...
Starting computation...
    Writing took     1.683469 ms
    Computation took 179.284565 ms
    Reading took     65.098000 us
  Sample 58...
Starting computation...
    Writing took     1.596476 ms
    Computation took 179.284228 ms
    Reading took     61.292000 us
  Sample 59...
Starting computation...
    Writing took     1.714243 ms
    Computation took 179.286653 ms
    Reading took     63.856000 us
  Sample 60...
Starting computation...
    Writing took     1.584202 ms
    Computation took 179.255288 ms
    Reading took     59.826000 us
  Sample 61...
Starting computation...
    Writing took     1.492485 ms
    Computation took 179.262898 ms
    Reading took     63.507000 us
  Sample 62...
Starting computation...
    Writing took     1.607991 ms
    Computation took 179.303138 ms
    Reading took     79.208000 us
  Sample 63...
Starting computation...
    Writing took     1.702801 ms
    Computation took 179.346719 ms
    Reading took     125.771000 us
  Sample 64...
Starting computation...
    Writing took     3.540799 ms
    Computation took 179.313134 ms
    Reading took     78.882000 us
  Sample 65...
Starting computation...
    Writing took     2.122142 ms
    Computation took 179.299088 ms
    Reading took     78.682000 us
  Sample 66...
Starting computation...
    Writing took     2.106052 ms
    Computation took 179.311635 ms
    Reading took     78.942000 us
  Sample 67...
Starting computation...
    Writing took     2.127059 ms
    Computation took 179.273367 ms
    Reading took     78.324000 us
  Sample 68...
Starting computation...
    Writing took     2.107160 ms
    Computation took 179.273463 ms
    Reading took     62.109000 us
  Sample 69...
Starting computation...
    Writing took     1.534763 ms
    Computation took 179.267752 ms
    Reading took     63.062000 us
  Sample 70...
Starting computation...
    Writing took     1.674654 ms
    Computation took 179.315311 ms
    Reading took     117.350000 us
  Sample 71...
Starting computation...
    Writing took     3.193059 ms
    Computation took 179.307533 ms
    Reading took     67.995000 us
  Sample 72...
Starting computation...
    Writing took     1.544118 ms
    Computation took 179.252891 ms
    Reading took     67.481000 us
  Sample 73...
Starting computation...
    Writing took     1.616357 ms
    Computation took 179.269411 ms
    Reading took     65.549000 us
  Sample 74...
Starting computation...
    Writing took     1.541789 ms
    Computation took 179.281182 ms
    Reading took     69.257000 us
  Sample 75...
Starting computation...
    Writing took     1.616677 ms
    Computation took 179.253796 ms
    Reading took     82.166000 us
  Sample 76...
Starting computation...
    Writing took     1.960858 ms
    Computation took 179.321767 ms
    Reading took     61.676000 us
  Sample 77...
Starting computation...
    Writing took     1.584996 ms
    Computation took 179.286926 ms
    Reading took     74.155000 us
  Sample 78...
Starting computation...
    Writing took     1.671010 ms
    Computation took 179.289814 ms
    Reading took     60.528000 us
  Sample 79...
Starting computation...
    Writing took     1.506395 ms
    Computation took 179.322370 ms
    Reading took     122.050000 us
  Sample 80...
Starting computation...
    Writing took     3.229655 ms
    Computation took 179.330572 ms
    Reading took     69.100000 us
  Sample 81...
Starting computation...
    Writing took     1.542285 ms
    Computation took 179.322006 ms
    Reading took     65.984000 us
  Sample 82...
Starting computation...
    Writing took     1.519053 ms
    Computation took 179.286102 ms
    Reading took     63.359000 us
  Sample 83...
Starting computation...
    Writing took     1.488451 ms
    Computation took 179.279757 ms
    Reading took     65.156000 us
  Sample 84...
Starting computation...
    Writing took     1.544056 ms
    Computation took 179.287183 ms
    Reading took     64.273000 us
  Sample 85...
Starting computation...
    Writing took     1.460680 ms
    Computation took 179.257497 ms
    Reading took     66.008000 us
  Sample 86...
Starting computation...
    Writing took     1.570582 ms
    Computation took 179.315376 ms
    Reading took     66.813000 us
  Sample 87...
Starting computation...
    Writing took     1.524441 ms
    Computation took 179.312480 ms
    Reading took     65.277000 us
  Sample 88...
Starting computation...
    Writing took     1.639775 ms
    Computation took 179.311253 ms
    Reading took     66.980000 us
  Sample 89...
Starting computation...
    Writing took     1.509854 ms
    Computation took 179.289628 ms
    Reading took     63.815000 us
  Sample 90...
Starting computation...
    Writing took     1.470584 ms
    Computation took 179.278899 ms
    Reading took     65.616000 us
  Sample 91...
Starting computation...
    Writing took     1.523966 ms
    Computation took 179.285039 ms
    Reading took     64.827000 us
  Sample 92...
Starting computation...
    Writing took     1.541428 ms
    Computation took 179.259992 ms
    Reading took     66.677000 us
  Sample 93...
Starting computation...
    Writing took     1.532783 ms
    Computation took 179.277989 ms
    Reading took     64.082000 us
  Sample 94...
Starting computation...
    Writing took     1.463374 ms
    Computation took 179.275158 ms
    Reading took     81.146000 us
  Sample 95...
Starting computation...
    Writing took     1.948811 ms
    Computation took 179.310205 ms
    Reading took     80.948000 us
  Sample 96...
Starting computation...
    Writing took     1.989562 ms
    Computation took 179.296894 ms
    Reading took     124.126000 us
  Sample 97...
Starting computation...
    Writing took     3.205459 ms
    Computation took 179.355424 ms
    Reading took     74.590000 us
  Sample 98...
Starting computation...
    Writing took     1.582079 ms
    Computation took 179.261474 ms
    Reading took     66.137000 us
  Sample 99...
Starting computation...
    Writing took     1.766176 ms
    Computation took 179.275550 ms
    Reading took     64.315000 us
Mean computation time: 179.288526 ms
Mean deviation: 20.599000 us (0.0114893%)
Mean computation time (per hash): 6.895712 ms
Mean deviation (per hash): 792 ns
