Using device #0: CUDA Device 'GeForce GTX 1080 Ti'
  Sample 0...
Starting computation...
    Writing took     4.203362 ms
    Computation took 220.160004 ms
    Reading took     170.801000 us
  Sample 1...
Starting computation...
    Writing took     4.642445 ms
    Computation took 219.939614 ms
    Reading took     105.779000 us
  Sample 2...
Starting computation...
    Writing took     2.783498 ms
    Computation took 219.947697 ms
    Reading took     105.592000 us
  Sample 3...
Starting computation...
    Writing took     2.739377 ms
    Computation took 219.963782 ms
    Reading took     104.959000 us
  Sample 4...
Starting computation...
    Writing took     2.758717 ms
    Computation took 219.909420 ms
    Reading took     103.971000 us
  Sample 5...
Starting computation...
    Writing took     2.790453 ms
    Computation took 219.947220 ms
    Reading took     84.609000 us
  Sample 6...
Starting computation...
    Writing took     2.129199 ms
    Computation took 219.926687 ms
    Reading took     84.663000 us
  Sample 7...
Starting computation...
    Writing took     2.184528 ms
    Computation took 219.883012 ms
    Reading took     86.340000 us
  Sample 8...
Starting computation...
    Writing took     2.129912 ms
    Computation took 219.934303 ms
    Reading took     88.742000 us
  Sample 9...
Starting computation...
    Writing took     2.238720 ms
    Computation took 219.929068 ms
    Reading took     104.692000 us
  Sample 10...
Starting computation...
    Writing took     2.770448 ms
    Computation took 219.972231 ms
    Reading took     104.026000 us
  Sample 11...
Starting computation...
    Writing took     2.721981 ms
    Computation took 219.966427 ms
    Reading took     103.970000 us
  Sample 12...
Starting computation...
    Writing took     2.763678 ms
    Computation took 219.951383 ms
    Reading took     105.075000 us
  Sample 13...
Starting computation...
    Writing took     2.789586 ms
    Computation took 219.924342 ms
    Reading took     103.611000 us
  Sample 14...
Starting computation...
    Writing took     2.770189 ms
    Computation took 219.942114 ms
    Reading took     139.553000 us
  Sample 15...
Starting computation...
    Writing took     2.738266 ms
    Computation took 219.919769 ms
    Reading took     104.501000 us
  Sample 16...
Starting computation...
    Writing took     2.761390 ms
    Computation took 219.917476 ms
    Reading took     103.709000 us
  Sample 17...
Starting computation...
    Writing took     2.760707 ms
    Computation took 219.962507 ms
    Reading took     141.284000 us
  Sample 18...
Starting computation...
    Writing took     3.664630 ms
    Computation took 219.953106 ms
    Reading took     106.403000 us
  Sample 19...
Starting computation...
    Writing took     2.737284 ms
    Computation took 219.918495 ms
    Reading took     103.646000 us
  Sample 20...
Starting computation...
    Writing took     2.745966 ms
    Computation took 219.921892 ms
    Reading took     103.816000 us
  Sample 21...
Starting computation...
    Writing took     2.783782 ms
    Computation took 219.883352 ms
    Reading took     84.401000 us
  Sample 22...
Starting computation...
    Writing took     2.117531 ms
    Computation took 220.846872 ms
    Reading took     86.958000 us
  Sample 23...
Starting computation...
    Writing took     2.093428 ms
    Computation took 219.928830 ms
    Reading took     84.575000 us
  Sample 24...
Starting computation...
    Writing took     2.220787 ms
    Computation took 219.911581 ms
    Reading took     81.820000 us
  Sample 25...
Starting computation...
    Writing took     2.079407 ms
    Computation took 219.904139 ms
    Reading took     89.117000 us
  Sample 26...
Starting computation...
    Writing took     2.296978 ms
    Computation took 219.922750 ms
    Reading took     103.990000 us
  Sample 27...
Starting computation...
    Writing took     2.733561 ms
    Computation took 219.963048 ms
    Reading took     162.791000 us
  Sample 28...
Starting computation...
    Writing took     4.734389 ms
    Computation took 219.932893 ms
    Reading took     105.520000 us
  Sample 29...
Starting computation...
    Writing took     2.732978 ms
    Computation took 219.925427 ms
    Reading took     103.485000 us
  Sample 30...
Starting computation...
    Writing took     2.768808 ms
    Computation took 219.925730 ms
    Reading took     102.979000 us
  Sample 31...
Starting computation...
    Writing took     2.789772 ms
    Computation took 219.931540 ms
    Reading took     109.233000 us
  Sample 32...
Starting computation...
    Writing took     2.731061 ms
    Computation took 219.917100 ms
    Reading took     121.010000 us
  Sample 33...
Starting computation...
    Writing took     2.725042 ms
    Computation took 219.919473 ms
    Reading took     111.024000 us
  Sample 34...
Starting computation...
    Writing took     2.793951 ms
    Computation took 219.918831 ms
    Reading took     104.311000 us
  Sample 35...
Starting computation...
    Writing took     2.746941 ms
    Computation took 219.944344 ms
    Reading took     105.120000 us
  Sample 36...
Starting computation...
    Writing took     2.742402 ms
    Computation took 219.985339 ms
    Reading took     170.627000 us
  Sample 37...
Starting computation...
    Writing took     3.017072 ms
    Computation took 219.934126 ms
    Reading took     129.162000 us
  Sample 38...
Starting computation...
    Writing took     3.635633 ms
    Computation took 219.944376 ms
    Reading took     84.185000 us
  Sample 39...
Starting computation...
    Writing took     2.088940 ms
    Computation took 219.920524 ms
    Reading took     88.871000 us
  Sample 40...
Starting computation...
    Writing took     2.232165 ms
    Computation took 219.874823 ms
    Reading took     87.357000 us
  Sample 41...
Starting computation...
    Writing took     2.162396 ms
    Computation took 219.895965 ms
    Reading took     83.638000 us
  Sample 42...
Starting computation...
    Writing took     2.078684 ms
    Computation took 219.884173 ms
    Reading took     89.286000 us
  Sample 43...
Starting computation...
    Writing took     2.234283 ms
    Computation took 219.909616 ms
    Reading took     87.698000 us
  Sample 44...
Starting computation...
    Writing took     2.222527 ms
    Computation took 219.920411 ms
    Reading took     90.735000 us
  Sample 45...
Starting computation...
    Writing took     2.327830 ms
    Computation took 220.924594 ms
    Reading took     93.470000 us
  Sample 46...
Starting computation...
    Writing took     2.387840 ms
    Computation took 219.896300 ms
    Reading took     93.943000 us
  Sample 47...
Starting computation...
    Writing took     2.425546 ms
    Computation took 219.911748 ms
    Reading took     97.517000 us
  Sample 48...
Starting computation...
    Writing took     2.490555 ms
    Computation took 219.898985 ms
    Reading took     96.992000 us
  Sample 49...
Starting computation...
    Writing took     2.537522 ms
    Computation took 219.886602 ms
    Reading took     96.976000 us
  Sample 50...
Starting computation...
    Writing took     2.476088 ms
    Computation took 219.890897 ms
    Reading took     97.444000 us
  Sample 51...
Starting computation...
    Writing took     2.621730 ms
    Computation took 219.873781 ms
    Reading took     95.094000 us
  Sample 52...
Starting computation...
    Writing took     2.505688 ms
    Computation took 219.906489 ms
    Reading took     103.519000 us
  Sample 53...
Starting computation...
    Writing took     2.637622 ms
    Computation took 219.926886 ms
    Reading took     103.672000 us
  Sample 54...
Starting computation...
    Writing took     2.775550 ms
    Computation took 219.962693 ms
    Reading took     201.770000 us
  Sample 55...
Starting computation...
    Writing took     5.494328 ms
    Computation took 219.974774 ms
    Reading took     95.169000 us
  Sample 56...
Starting computation...
    Writing took     2.384690 ms
    Computation took 219.900057 ms
    Reading took     90.734000 us
  Sample 57...
Starting computation...
    Writing took     2.312793 ms
    Computation took 219.912293 ms
    Reading took     88.657000 us
  Sample 58...
Starting computation...
    Writing took     2.076261 ms
    Computation took 219.867624 ms
    Reading took     91.423000 us
  Sample 59...
Starting computation...
    Writing took     2.325217 ms
    Computation took 219.915736 ms
    Reading took     91.973000 us
  Sample 60...
Starting computation...
    Writing took     2.192697 ms
    Computation took 219.921990 ms
    Reading took     91.746000 us
  Sample 61...
Starting computation...
    Writing took     2.361167 ms
    Computation took 219.883099 ms
    Reading took     98.874000 us
  Sample 62...
Starting computation...
    Writing took     2.302576 ms
    Computation took 219.900478 ms
    Reading took     96.766000 us
  Sample 63...
Starting computation...
    Writing took     2.203316 ms
    Computation took 219.865943 ms
    Reading took     98.050000 us
  Sample 64...
Starting computation...
    Writing took     2.378342 ms
    Computation took 219.906286 ms
    Reading took     99.066000 us
  Sample 65...
Starting computation...
    Writing took     2.352738 ms
    Computation took 219.853612 ms
    Reading took     91.522000 us
  Sample 66...
Starting computation...
    Writing took     2.208552 ms
    Computation took 219.888327 ms
    Reading took     89.644000 us
  Sample 67...
Starting computation...
    Writing took     2.077463 ms
    Computation took 219.868469 ms
    Reading took     95.701000 us
  Sample 68...
Starting computation...
    Writing took     2.272473 ms
    Computation took 219.908809 ms
    Reading took     166.496000 us
  Sample 69...
Starting computation...
    Writing took     4.423564 ms
    Computation took 219.907842 ms
    Reading took     121.473000 us
  Sample 70...
Starting computation...
    Writing took     3.000076 ms
    Computation took 219.929274 ms
    Reading took     117.022000 us
  Sample 71...
Starting computation...
    Writing took     2.971708 ms
    Computation took 219.949953 ms
    Reading took     90.526000 us
  Sample 72...
Starting computation...
    Writing took     2.100846 ms
    Computation took 219.942246 ms
    Reading took     96.089000 us
  Sample 73...
Starting computation...
    Writing took     2.387001 ms
    Computation took 219.880535 ms
    Reading took     109.387000 us
  Sample 74...
Starting computation...
    Writing took     2.143448 ms
    Computation took 219.891269 ms
    Reading took     90.193000 us
  Sample 75...
Starting computation...
    Writing took     2.184209 ms
    Computation took 219.894717 ms
    Reading took     96.892000 us
  Sample 76...
Starting computation...
    Writing took     2.275738 ms
    Computation took 219.881480 ms
    Reading took     92.033000 us
  Sample 77...
Starting computation...
    Writing took     2.240318 ms
    Computation took 219.894149 ms
    Reading took     121.035000 us
  Sample 78...
Starting computation...
    Writing took     3.043015 ms
    Computation took 219.918965 ms
    Reading took     117.920000 us
  Sample 79...
Starting computation...
    Writing took     2.982102 ms
    Computation took 219.886221 ms
    Reading took     117.402000 us
  Sample 80...
Starting computation...
    Writing took     2.931410 ms
    Computation took 219.897892 ms
    Reading took     93.093000 us
  Sample 81...
Starting computation...
    Writing took     2.268942 ms
    Computation took 219.936650 ms
    Reading took     94.073000 us
  Sample 82...
Starting computation...
    Writing took     2.125864 ms
    Computation took 219.925294 ms
    Reading took     90.276000 us
  Sample 83...
Starting computation...
    Writing took     2.168710 ms
    Computation took 219.874868 ms
    Reading took     95.926000 us
  Sample 84...
Starting computation...
    Writing took     2.295543 ms
    Computation took 219.905584 ms
    Reading took     95.710000 us
  Sample 85...
Starting computation...
    Writing took     2.288664 ms
    Computation took 219.909124 ms
    Reading took     88.763000 us
  Sample 86...
Starting computation...
    Writing took     2.075791 ms
    Computation took 219.916504 ms
    Reading took     166.561000 us
  Sample 87...
Starting computation...
    Writing took     4.522062 ms
    Computation took 219.979607 ms
    Reading took     87.399000 us
  Sample 88...
Starting computation...
    Writing took     2.132239 ms
    Computation took 219.903471 ms
    Reading took     88.399000 us
  Sample 89...
Starting computation...
    Writing took     2.232654 ms
    Computation took 219.882602 ms
    Reading took     91.300000 us
  Sample 90...
Starting computation...
    Writing took     2.333107 ms
    Computation took 219.931912 ms
    Reading took     123.749000 us
  Sample 91...
Starting computation...
    Writing took     3.294687 ms
    Computation took 219.961143 ms
    Reading took     96.607000 us
  Sample 92...
Starting computation...
    Writing took     2.491508 ms
    Computation took 219.877654 ms
    Reading took     99.793000 us
  Sample 93...
Starting computation...
    Writing took     2.516793 ms
    Computation took 219.883212 ms
    Reading took     95.561000 us
  Sample 94...
Starting computation...
    Writing took     2.483283 ms
    Computation took 219.896843 ms
    Reading took     96.906000 us
  Sample 95...
Starting computation...
    Writing took     2.586470 ms
    Computation took 219.906712 ms
    Reading took     103.933000 us
  Sample 96...
Starting computation...
    Writing took     2.576249 ms
    Computation took 219.912066 ms
    Reading took     82.702000 us
  Sample 97...
Starting computation...
    Writing took     2.086603 ms
    Computation took 219.900096 ms
    Reading took     87.530000 us
  Sample 98...
Starting computation...
    Writing took     2.223374 ms
    Computation took 219.952118 ms
    Reading took     85.940000 us
  Sample 99...
Starting computation...
    Writing took     2.210667 ms
    Computation took 219.937417 ms
    Reading took     170.773000 us
Mean computation time: 219.938497 ms
Mean deviation: 50.265000 us (0.0228541%)
Mean computation time (per hash): 5.944283 ms
Mean deviation (per hash): 1.358000 us
