Using device #0: CUDA Device 'GeForce GTX 1080 Ti'
  Sample 0...
Starting computation...
    Writing took     9.675359 ms
    Computation took 346.714557 ms
    Reading took     334.303000 us
  Sample 1...
Starting computation...
    Writing took     8.323139 ms
    Computation took 346.773395 ms
    Reading took     315.288000 us
  Sample 2...
Starting computation...
    Writing took     8.259191 ms
    Computation took 347.382671 ms
    Reading took     295.266000 us
  Sample 3...
Starting computation...
    Writing took     7.862446 ms
    Computation took 347.820224 ms
    Reading took     352.887000 us
  Sample 4...
Starting computation...
    Writing took     10.431814 ms
    Computation took 347.477473 ms
    Reading took     305.389000 us
  Sample 5...
Starting computation...
    Writing took     8.206616 ms
    Computation took 346.678000 ms
    Reading took     315.488000 us
  Sample 6...
Starting computation...
    Writing took     8.288846 ms
    Computation took 346.941023 ms
    Reading took     308.600000 us
  Sample 7...
Starting computation...
    Writing took     8.562435 ms
    Computation took 346.880090 ms
    Reading took     309.167000 us
  Sample 8...
Starting computation...
    Writing took     7.371652 ms
    Computation took 347.569223 ms
    Reading took     316.025000 us
  Sample 9...
Starting computation...
    Writing took     8.735147 ms
    Computation took 347.950613 ms
    Reading took     315.383000 us
  Sample 10...
Starting computation...
    Writing took     8.282582 ms
    Computation took 348.750747 ms
    Reading took     314.511000 us
  Sample 11...
Starting computation...
    Writing took     8.699799 ms
    Computation took 347.832486 ms
    Reading took     313.319000 us
  Sample 12...
Starting computation...
    Writing took     8.668202 ms
    Computation took 348.312520 ms
    Reading took     315.243000 us
  Sample 13...
Starting computation...
    Writing took     8.247943 ms
    Computation took 348.717286 ms
    Reading took     314.782000 us
  Sample 14...
Starting computation...
    Writing took     8.271451 ms
    Computation took 348.189366 ms
    Reading took     314.355000 us
  Sample 15...
Starting computation...
    Writing took     8.266673 ms
    Computation took 347.508340 ms
    Reading took     315.790000 us
  Sample 16...
Starting computation...
    Writing took     8.274342 ms
    Computation took 347.368889 ms
    Reading took     313.413000 us
  Sample 17...
Starting computation...
    Writing took     8.345015 ms
    Computation took 347.729142 ms
    Reading took     314.249000 us
  Sample 18...
Starting computation...
    Writing took     9.867457 ms
    Computation took 347.099263 ms
    Reading took     313.514000 us
  Sample 19...
Starting computation...
    Writing took     8.220882 ms
    Computation took 346.839048 ms
    Reading took     318.069000 us
  Sample 20...
Starting computation...
    Writing took     8.232997 ms
    Computation took 347.718224 ms
    Reading took     441.393000 us
  Sample 21...
Starting computation...
    Writing took     9.940316 ms
    Computation took 348.319253 ms
    Reading took     303.089000 us
  Sample 22...
Starting computation...
    Writing took     8.003030 ms
    Computation took 347.803506 ms
    Reading took     325.909000 us
  Sample 23...
Starting computation...
    Writing took     8.623785 ms
    Computation took 347.667890 ms
    Reading took     313.645000 us
  Sample 24...
Starting computation...
    Writing took     8.230337 ms
    Computation took 347.647482 ms
    Reading took     313.865000 us
  Sample 25...
Starting computation...
    Writing took     8.224931 ms
    Computation took 347.945301 ms
    Reading took     314.876000 us
  Sample 26...
Starting computation...
    Writing took     8.247629 ms
    Computation took 347.186523 ms
    Reading took     327.102000 us
  Sample 27...
Starting computation...
    Writing took     8.245156 ms
    Computation took 347.171460 ms
    Reading took     316.877000 us
  Sample 28...
Starting computation...
    Writing took     8.225341 ms
    Computation took 348.360216 ms
    Reading took     330.986000 us
  Sample 29...
Starting computation...
    Writing took     8.308740 ms
    Computation took 349.436495 ms
    Reading took     314.730000 us
  Sample 30...
Starting computation...
    Writing took     8.772795 ms
    Computation took 348.826837 ms
    Reading took     314.642000 us
  Sample 31...
Starting computation...
    Writing took     8.272080 ms
    Computation took 349.396189 ms
    Reading took     437.578000 us
  Sample 32...
Starting computation...
    Writing took     10.204378 ms
    Computation took 349.924116 ms
    Reading took     315.444000 us
  Sample 33...
Starting computation...
    Writing took     8.217814 ms
    Computation took 359.275290 ms
    Reading took     304.868000 us
  Sample 34...
Starting computation...
    Writing took     8.046575 ms
    Computation took 355.351853 ms
    Reading took     307.806000 us
  Sample 35...
Starting computation...
    Writing took     7.972906 ms
    Computation took 353.974511 ms
    Reading took     304.122000 us
  Sample 36...
Starting computation...
    Writing took     15.294622 ms
    Computation took 355.008881 ms
    Reading took     323.622000 us
  Sample 37...
Starting computation...
    Writing took     8.227679 ms
    Computation took 351.919047 ms
    Reading took     333.079000 us
  Sample 38...
Starting computation...
    Writing took     9.494264 ms
    Computation took 351.585258 ms
    Reading took     313.118000 us
  Sample 39...
Starting computation...
    Writing took     9.181397 ms
    Computation took 350.248845 ms
    Reading took     326.320000 us
  Sample 40...
Starting computation...
    Writing took     8.522795 ms
    Computation took 348.172612 ms
    Reading took     316.407000 us
  Sample 41...
Starting computation...
    Writing took     8.262635 ms
    Computation took 346.994816 ms
    Reading took     316.159000 us
  Sample 42...
Starting computation...
    Writing took     8.283787 ms
    Computation took 346.827217 ms
    Reading took     315.096000 us
  Sample 43...
Starting computation...
    Writing took     8.307870 ms
    Computation took 346.853272 ms
    Reading took     418.132000 us
  Sample 44...
Starting computation...
    Writing took     9.504024 ms
    Computation took 347.135545 ms
    Reading took     313.779000 us
  Sample 45...
Starting computation...
    Writing took     8.266906 ms
    Computation took 347.032764 ms
    Reading took     302.909000 us
  Sample 46...
Starting computation...
    Writing took     8.037773 ms
    Computation took 347.224908 ms
    Reading took     315.841000 us
  Sample 47...
Starting computation...
    Writing took     8.300488 ms
    Computation took 347.377295 ms
    Reading took     315.112000 us
  Sample 48...
Starting computation...
    Writing took     8.278889 ms
    Computation took 347.145975 ms
    Reading took     313.209000 us
  Sample 49...
Starting computation...
    Writing took     8.952651 ms
    Computation took 347.530409 ms
    Reading took     315.409000 us
  Sample 50...
Starting computation...
    Writing took     8.280585 ms
    Computation took 347.027537 ms
    Reading took     411.829000 us
  Sample 51...
Starting computation...
    Writing took     10.547343 ms
    Computation took 347.727683 ms
    Reading took     315.808000 us
  Sample 52...
Starting computation...
    Writing took     8.280950 ms
    Computation took 347.983622 ms
    Reading took     318.843000 us
  Sample 53...
Starting computation...
    Writing took     8.754021 ms
    Computation took 348.049086 ms
    Reading took     312.121000 us
  Sample 54...
Starting computation...
    Writing took     8.575359 ms
    Computation took 347.775353 ms
    Reading took     315.096000 us
  Sample 55...
Starting computation...
    Writing took     13.893311 ms
    Computation took 347.693559 ms
    Reading took     315.557000 us
  Sample 56...
Starting computation...
    Writing took     8.270739 ms
    Computation took 348.099723 ms
    Reading took     322.220000 us
  Sample 57...
Starting computation...
    Writing took     8.580536 ms
    Computation took 350.183876 ms
    Reading took     313.519000 us
  Sample 58...
Starting computation...
    Writing took     8.275710 ms
    Computation took 348.461028 ms
    Reading took     469.042000 us
  Sample 59...
Starting computation...
    Writing took     10.035387 ms
    Computation took 348.594090 ms
    Reading took     339.837000 us
  Sample 60...
Starting computation...
    Writing took     9.026828 ms
    Computation took 349.876932 ms
    Reading took     303.348000 us
  Sample 61...
Starting computation...
    Writing took     7.986846 ms
    Computation took 355.390467 ms
    Reading took     320.129000 us
  Sample 62...
Starting computation...
    Writing took     8.193140 ms
    Computation took 355.277158 ms
    Reading took     531.824000 us
  Sample 63...
Starting computation...
    Writing took     14.856579 ms
    Computation took 353.847343 ms
    Reading took     318.476000 us
  Sample 64...
Starting computation...
    Writing took     8.302551 ms
    Computation took 352.335304 ms
    Reading took     388.564000 us
  Sample 65...
Starting computation...
    Writing took     10.280026 ms
    Computation took 351.377449 ms
    Reading took     321.613000 us
  Sample 66...
Starting computation...
    Writing took     8.249903 ms
    Computation took 349.400296 ms
    Reading took     462.927000 us
  Sample 67...
Starting computation...
    Writing took     11.334695 ms
    Computation took 348.367183 ms
    Reading took     470.468000 us
  Sample 68...
Starting computation...
    Writing took     13.685492 ms
    Computation took 347.574371 ms
    Reading took     343.636000 us
  Sample 69...
Starting computation...
    Writing took     9.000568 ms
    Computation took 346.838823 ms
    Reading took     420.150000 us
  Sample 70...
Starting computation...
    Writing took     10.131677 ms
    Computation took 346.691904 ms
    Reading took     301.031000 us
  Sample 71...
Starting computation...
    Writing took     7.709154 ms
    Computation took 346.645902 ms
    Reading took     314.770000 us
  Sample 72...
Starting computation...
    Writing took     8.263672 ms
    Computation took 347.020387 ms
    Reading took     313.293000 us
  Sample 73...
Starting computation...
    Writing took     8.253032 ms
    Computation took 347.550638 ms
    Reading took     314.837000 us
  Sample 74...
Starting computation...
    Writing took     8.299970 ms
    Computation took 347.813199 ms
    Reading took     305.723000 us
  Sample 75...
Starting computation...
    Writing took     9.312900 ms
    Computation took 347.407187 ms
    Reading took     294.943000 us
  Sample 76...
Starting computation...
    Writing took     8.518769 ms
    Computation took 347.210528 ms
    Reading took     383.133000 us
  Sample 77...
Starting computation...
    Writing took     12.477854 ms
    Computation took 347.073533 ms
    Reading took     338.313000 us
  Sample 78...
Starting computation...
    Writing took     9.034243 ms
    Computation took 346.957232 ms
    Reading took     315.073000 us
  Sample 79...
Starting computation...
    Writing took     8.662136 ms
    Computation took 347.583638 ms
    Reading took     325.286000 us
  Sample 80...
Starting computation...
    Writing took     9.428091 ms
    Computation took 347.941387 ms
    Reading took     338.264000 us
  Sample 81...
Starting computation...
    Writing took     9.037972 ms
    Computation took 347.561007 ms
    Reading took     354.492000 us
  Sample 82...
Starting computation...
    Writing took     8.657746 ms
    Computation took 347.183898 ms
    Reading took     313.964000 us
  Sample 83...
Starting computation...
    Writing took     8.519607 ms
    Computation took 348.118647 ms
    Reading took     315.318000 us
  Sample 84...
Starting computation...
    Writing took     8.258036 ms
    Computation took 347.813379 ms
    Reading took     337.109000 us
  Sample 85...
Starting computation...
    Writing took     8.800497 ms
    Computation took 348.049861 ms
    Reading took     315.768000 us
  Sample 86...
Starting computation...
    Writing took     9.972724 ms
    Computation took 347.056951 ms
    Reading took     318.809000 us
  Sample 87...
Starting computation...
    Writing took     8.240247 ms
    Computation took 347.206408 ms
    Reading took     315.422000 us
  Sample 88...
Starting computation...
    Writing took     8.310211 ms
    Computation took 348.079179 ms
    Reading took     316.041000 us
  Sample 89...
Starting computation...
    Writing took     8.275270 ms
    Computation took 348.016780 ms
    Reading took     341.479000 us
  Sample 90...
Starting computation...
    Writing took     8.812111 ms
    Computation took 347.132439 ms
    Reading took     315.242000 us
  Sample 91...
Starting computation...
    Writing took     8.239326 ms
    Computation took 347.546120 ms
    Reading took     302.216000 us
  Sample 92...
Starting computation...
    Writing took     8.037870 ms
    Computation took 348.139337 ms
    Reading took     320.941000 us
  Sample 93...
Starting computation...
    Writing took     8.264204 ms
    Computation took 348.562835 ms
    Reading took     379.207000 us
  Sample 94...
Starting computation...
    Writing took     10.497525 ms
    Computation took 347.272174 ms
    Reading took     316.460000 us
  Sample 95...
Starting computation...
    Writing took     8.249187 ms
    Computation took 347.678783 ms
    Reading took     313.932000 us
  Sample 96...
Starting computation...
    Writing took     8.127016 ms
    Computation took 347.485669 ms
    Reading took     313.074000 us
  Sample 97...
Starting computation...
    Writing took     8.223794 ms
    Computation took 347.576912 ms
    Reading took     328.354000 us
  Sample 98...
Starting computation...
    Writing took     8.203963 ms
    Computation took 347.140291 ms
    Reading took     315.585000 us
  Sample 99...
Starting computation...
    Writing took     8.242642 ms
    Computation took 347.898050 ms
    Reading took     302.533000 us
Mean computation time: 348.448914 ms
Mean deviation: 1.458963 ms (0.418702%)
Mean computation time (per hash): 3.139178 ms
Mean deviation (per hash): 13.143000 us
