Using device #0: CUDA Device 'GeForce GTX 1080 Ti'
  Sample 0...
Starting computation...
    Writing took     3.915013 ms
    Computation took 218.011196 ms
    Reading took     99.729000 us
  Sample 1...
Starting computation...
    Writing took     2.370728 ms
    Computation took 217.849457 ms
    Reading took     95.921000 us
  Sample 2...
Starting computation...
    Writing took     2.358070 ms
    Computation took 217.787424 ms
    Reading took     94.118000 us
  Sample 3...
Starting computation...
    Writing took     2.314269 ms
    Computation took 217.919532 ms
    Reading took     76.998000 us
  Sample 4...
Starting computation...
    Writing took     1.829089 ms
    Computation took 217.854917 ms
    Reading took     77.189000 us
  Sample 5...
Starting computation...
    Writing took     1.785666 ms
    Computation took 217.888690 ms
    Reading took     131.979000 us
  Sample 6...
Starting computation...
    Writing took     3.649643 ms
    Computation took 217.921957 ms
    Reading took     67.645000 us
  Sample 7...
Starting computation...
    Writing took     1.707432 ms
    Computation took 217.910811 ms
    Reading took     67.285000 us
  Sample 8...
Starting computation...
    Writing took     1.731791 ms
    Computation took 217.915658 ms
    Reading took     68.405000 us
  Sample 9...
Starting computation...
    Writing took     1.802172 ms
    Computation took 217.882582 ms
    Reading took     66.537000 us
  Sample 10...
Starting computation...
    Writing took     1.752254 ms
    Computation took 217.878014 ms
    Reading took     69.420000 us
  Sample 11...
Starting computation...
    Writing took     2.045524 ms
    Computation took 217.902094 ms
    Reading took     75.302000 us
  Sample 12...
Starting computation...
    Writing took     1.974401 ms
    Computation took 217.849666 ms
    Reading took     68.038000 us
  Sample 13...
Starting computation...
    Writing took     1.786290 ms
    Computation took 217.845069 ms
    Reading took     68.977000 us
  Sample 14...
Starting computation...
    Writing took     1.750409 ms
    Computation took 217.887831 ms
    Reading took     70.728000 us
  Sample 15...
Starting computation...
    Writing took     1.780735 ms
    Computation took 217.963289 ms
    Reading took     71.771000 us
  Sample 16...
Starting computation...
    Writing took     1.797107 ms
    Computation took 217.862346 ms
    Reading took     70.973000 us
  Sample 17...
Starting computation...
    Writing took     1.925061 ms
    Computation took 217.838147 ms
    Reading took     74.604000 us
  Sample 18...
Starting computation...
    Writing took     1.748692 ms
    Computation took 217.828555 ms
    Reading took     70.319000 us
  Sample 19...
Starting computation...
    Writing took     1.778966 ms
    Computation took 217.868934 ms
    Reading took     68.620000 us
  Sample 20...
Starting computation...
    Writing took     1.752478 ms
    Computation took 217.918559 ms
    Reading took     71.080000 us
  Sample 21...
Starting computation...
    Writing took     1.799066 ms
    Computation took 217.899262 ms
    Reading took     68.640000 us
  Sample 22...
Starting computation...
    Writing took     1.747783 ms
    Computation took 217.850524 ms
    Reading took     64.405000 us
  Sample 23...
Starting computation...
    Writing took     1.693501 ms
    Computation took 217.850564 ms
    Reading took     66.130000 us
  Sample 24...
Starting computation...
    Writing took     1.736959 ms
    Computation took 217.877814 ms
    Reading took     65.829000 us
  Sample 25...
Starting computation...
    Writing took     1.748049 ms
    Computation took 217.797015 ms
    Reading took     71.380000 us
  Sample 26...
Starting computation...
    Writing took     1.863030 ms
    Computation took 217.812982 ms
    Reading took     66.119000 us
  Sample 27...
Starting computation...
    Writing took     1.790989 ms
    Computation took 217.852432 ms
    Reading took     106.544000 us
  Sample 28...
Starting computation...
    Writing took     2.838568 ms
    Computation took 217.805945 ms
    Reading took     124.809000 us
  Sample 29...
Starting computation...
    Writing took     3.315809 ms
    Computation took 217.827140 ms
    Reading took     87.403000 us
  Sample 30...
Starting computation...
    Writing took     2.342612 ms
    Computation took 217.814631 ms
    Reading took     84.984000 us
  Sample 31...
Starting computation...
    Writing took     2.304294 ms
    Computation took 217.829120 ms
    Reading took     65.749000 us
  Sample 32...
Starting computation...
    Writing took     1.657320 ms
    Computation took 217.822979 ms
    Reading took     65.879000 us
  Sample 33...
Starting computation...
    Writing took     1.675697 ms
    Computation took 217.902757 ms
    Reading took     71.818000 us
  Sample 34...
Starting computation...
    Writing took     1.816321 ms
    Computation took 217.765920 ms
    Reading took     68.945000 us
  Sample 35...
Starting computation...
    Writing took     1.807691 ms
    Computation took 217.815062 ms
    Reading took     65.905000 us
  Sample 36...
Starting computation...
    Writing took     1.764420 ms
    Computation took 217.837000 ms
    Reading took     70.458000 us
  Sample 37...
Starting computation...
    Writing took     1.954332 ms
    Computation took 217.802615 ms
    Reading took     90.075000 us
  Sample 38...
Starting computation...
    Writing took     2.378760 ms
    Computation took 217.875401 ms
    Reading took     88.453000 us
  Sample 39...
Starting computation...
    Writing took     2.393749 ms
    Computation took 217.851993 ms
    Reading took     101.771000 us
  Sample 40...
Starting computation...
    Writing took     2.351318 ms
    Computation took 217.876074 ms
    Reading took     88.375000 us
  Sample 41...
Starting computation...
    Writing took     2.341331 ms
    Computation took 217.832561 ms
    Reading took     64.643000 us
  Sample 42...
Starting computation...
    Writing took     1.687986 ms
    Computation took 217.777253 ms
    Reading took     71.838000 us
  Sample 43...
Starting computation...
    Writing took     1.679425 ms
    Computation took 217.811408 ms
    Reading took     66.536000 us
  Sample 44...
Starting computation...
    Writing took     1.725075 ms
    Computation took 217.823622 ms
    Reading took     65.891000 us
  Sample 45...
Starting computation...
    Writing took     1.714399 ms
    Computation took 217.802423 ms
    Reading took     69.297000 us
  Sample 46...
Starting computation...
    Writing took     1.715970 ms
    Computation took 217.781798 ms
    Reading took     88.876000 us
  Sample 47...
Starting computation...
    Writing took     2.376358 ms
    Computation took 217.781632 ms
    Reading took     87.602000 us
  Sample 48...
Starting computation...
    Writing took     2.377746 ms
    Computation took 217.850271 ms
    Reading took     87.285000 us
  Sample 49...
Starting computation...
    Writing took     2.366794 ms
    Computation took 217.857250 ms
    Reading took     65.302000 us
  Sample 50...
Starting computation...
    Writing took     1.718547 ms
    Computation took 217.800694 ms
    Reading took     65.801000 us
  Sample 51...
Starting computation...
    Writing took     1.682220 ms
    Computation took 217.871600 ms
    Reading took     65.282000 us
  Sample 52...
Starting computation...
    Writing took     1.739209 ms
    Computation took 217.807931 ms
    Reading took     63.545000 us
  Sample 53...
Starting computation...
    Writing took     1.668187 ms
    Computation took 217.757348 ms
    Reading took     72.326000 us
  Sample 54...
Starting computation...
    Writing took     1.854268 ms
    Computation took 217.762436 ms
    Reading took     65.377000 us
  Sample 55...
Starting computation...
    Writing took     1.678326 ms
    Computation took 217.774728 ms
    Reading took     67.680000 us
  Sample 56...
Starting computation...
    Writing took     1.899038 ms
    Computation took 217.855614 ms
    Reading took     91.800000 us
  Sample 57...
Starting computation...
    Writing took     2.455078 ms
    Computation took 217.896268 ms
    Reading took     89.260000 us
  Sample 58...
Starting computation...
    Writing took     2.347761 ms
    Computation took 217.848978 ms
    Reading took     87.595000 us
  Sample 59...
Starting computation...
    Writing took     2.316943 ms
    Computation took 217.899797 ms
    Reading took     70.200000 us
  Sample 60...
Starting computation...
    Writing took     1.829362 ms
    Computation took 217.794598 ms
    Reading took     70.704000 us
  Sample 61...
Starting computation...
    Writing took     1.809227 ms
    Computation took 217.826870 ms
    Reading took     72.192000 us
  Sample 62...
Starting computation...
    Writing took     1.793648 ms
    Computation took 217.851325 ms
    Reading took     67.105000 us
  Sample 63...
Starting computation...
    Writing took     1.681126 ms
    Computation took 217.849159 ms
    Reading took     64.337000 us
  Sample 64...
Starting computation...
    Writing took     1.651535 ms
    Computation took 217.862077 ms
    Reading took     67.194000 us
  Sample 65...
Starting computation...
    Writing took     1.732780 ms
    Computation took 217.881605 ms
    Reading took     87.975000 us
  Sample 66...
Starting computation...
    Writing took     2.337236 ms
    Computation took 217.863910 ms
    Reading took     85.848000 us
  Sample 67...
Starting computation...
    Writing took     2.304066 ms
    Computation took 217.787795 ms
    Reading took     86.532000 us
  Sample 68...
Starting computation...
    Writing took     2.305074 ms
    Computation took 217.795409 ms
    Reading took     65.920000 us
  Sample 69...
Starting computation...
    Writing took     1.682239 ms
    Computation took 217.901290 ms
    Reading took     66.556000 us
  Sample 70...
Starting computation...
    Writing took     1.765138 ms
    Computation took 217.867147 ms
    Reading took     80.966000 us
  Sample 71...
Starting computation...
    Writing took     1.698646 ms
    Computation took 217.828922 ms
    Reading took     106.124000 us
  Sample 72...
Starting computation...
    Writing took     1.755536 ms
    Computation took 217.890379 ms
    Reading took     71.133000 us
  Sample 73...
Starting computation...
    Writing took     1.845806 ms
    Computation took 217.827894 ms
    Reading took     89.703000 us
  Sample 74...
Starting computation...
    Writing took     2.208354 ms
    Computation took 217.912276 ms
    Reading took     89.614000 us
  Sample 75...
Starting computation...
    Writing took     2.183610 ms
    Computation took 217.868558 ms
    Reading took     95.355000 us
  Sample 76...
Starting computation...
    Writing took     2.189985 ms
    Computation took 217.881000 ms
    Reading took     137.909000 us
  Sample 77...
Starting computation...
    Writing took     3.705896 ms
    Computation took 217.993786 ms
    Reading took     91.622000 us
  Sample 78...
Starting computation...
    Writing took     2.220091 ms
    Computation took 217.879751 ms
    Reading took     73.583000 us
  Sample 79...
Starting computation...
    Writing took     1.730511 ms
    Computation took 217.795642 ms
    Reading took     73.081000 us
  Sample 80...
Starting computation...
    Writing took     1.694043 ms
    Computation took 217.841266 ms
    Reading took     72.025000 us
  Sample 81...
Starting computation...
    Writing took     1.652246 ms
    Computation took 217.834851 ms
    Reading took     70.653000 us
  Sample 82...
Starting computation...
    Writing took     1.637063 ms
    Computation took 217.846295 ms
    Reading took     88.829000 us
  Sample 83...
Starting computation...
    Writing took     2.198887 ms
    Computation took 217.912140 ms
    Reading took     89.431000 us
  Sample 84...
Starting computation...
    Writing took     2.183398 ms
    Computation took 217.818146 ms
    Reading took     74.343000 us
  Sample 85...
Starting computation...
    Writing took     1.693440 ms
    Computation took 217.805618 ms
    Reading took     69.355000 us
  Sample 86...
Starting computation...
    Writing took     1.638387 ms
    Computation took 217.798520 ms
    Reading took     77.140000 us
  Sample 87...
Starting computation...
    Writing took     1.872752 ms
    Computation took 217.876342 ms
    Reading took     97.527000 us
  Sample 88...
Starting computation...
    Writing took     2.374618 ms
    Computation took 217.839074 ms
    Reading took     93.120000 us
  Sample 89...
Starting computation...
    Writing took     2.315279 ms
    Computation took 217.846451 ms
    Reading took     105.658000 us
  Sample 90...
Starting computation...
    Writing took     2.309057 ms
    Computation took 217.851097 ms
    Reading took     91.044000 us
  Sample 91...
Starting computation...
    Writing took     2.039065 ms
    Computation took 217.845884 ms
    Reading took     83.030000 us
  Sample 92...
Starting computation...
    Writing took     2.007220 ms
    Computation took 217.790597 ms
    Reading took     86.854000 us
  Sample 93...
Starting computation...
    Writing took     2.171961 ms
    Computation took 217.779464 ms
    Reading took     82.168000 us
  Sample 94...
Starting computation...
    Writing took     1.976016 ms
    Computation took 217.781629 ms
    Reading took     81.739000 us
  Sample 95...
Starting computation...
    Writing took     1.996656 ms
    Computation took 217.833475 ms
    Reading took     88.766000 us
  Sample 96...
Starting computation...
    Writing took     2.159658 ms
    Computation took 217.835916 ms
    Reading took     86.601000 us
  Sample 97...
Starting computation...
    Writing took     2.185225 ms
    Computation took 217.865560 ms
    Reading took     87.967000 us
  Sample 98...
Starting computation...
    Writing took     2.160772 ms
    Computation took 217.859111 ms
    Reading took     87.860000 us
  Sample 99...
Starting computation...
    Writing took     2.163969 ms
    Computation took 217.782609 ms
    Reading took     86.049000 us
Mean computation time: 217.847490 ms
Mean deviation: 36.933000 us (0.0169536%)
Mean computation time (per hash): 7.511981 ms
Mean deviation (per hash): 1.273000 us
