Using device #0: CUDA Device 'GeForce GTX 1080 Ti'
  Sample 0...
Starting computation...
    Writing took     11.215878 ms
    Computation took 311.386570 ms
    Reading took     292.735000 us
  Sample 1...
Starting computation...
    Writing took     8.842506 ms
    Computation took 311.061284 ms
    Reading took     285.712000 us
  Sample 2...
Starting computation...
    Writing took     7.985242 ms
    Computation took 311.128708 ms
    Reading took     264.805000 us
  Sample 3...
Starting computation...
    Writing took     7.891506 ms
    Computation took 311.336359 ms
    Reading took     276.034000 us
  Sample 4...
Starting computation...
    Writing took     8.089988 ms
    Computation took 311.581456 ms
    Reading took     267.233000 us
  Sample 5...
Starting computation...
    Writing took     8.233436 ms
    Computation took 312.112654 ms
    Reading took     264.799000 us
  Sample 6...
Starting computation...
    Writing took     7.344964 ms
    Computation took 313.205297 ms
    Reading took     249.237000 us
  Sample 7...
Starting computation...
    Writing took     6.804885 ms
    Computation took 313.276722 ms
    Reading took     276.417000 us
  Sample 8...
Starting computation...
    Writing took     7.310517 ms
    Computation took 312.778004 ms
    Reading took     267.427000 us
  Sample 9...
Starting computation...
    Writing took     8.048290 ms
    Computation took 312.575671 ms
    Reading took     267.207000 us
  Sample 10...
Starting computation...
    Writing took     7.332937 ms
    Computation took 312.722070 ms
    Reading took     257.774000 us
  Sample 11...
Starting computation...
    Writing took     7.106275 ms
    Computation took 311.393722 ms
    Reading took     265.715000 us
  Sample 12...
Starting computation...
    Writing took     7.312946 ms
    Computation took 311.514589 ms
    Reading took     267.228000 us
  Sample 13...
Starting computation...
    Writing took     10.366415 ms
    Computation took 311.218352 ms
    Reading took     267.055000 us
  Sample 14...
Starting computation...
    Writing took     7.330638 ms
    Computation took 312.531949 ms
    Reading took     266.354000 us
  Sample 15...
Starting computation...
    Writing took     7.340258 ms
    Computation took 314.630840 ms
    Reading took     281.713000 us
  Sample 16...
Starting computation...
    Writing took     7.312454 ms
    Computation took 314.501274 ms
    Reading took     266.580000 us
  Sample 17...
Starting computation...
    Writing took     7.338826 ms
    Computation took 315.230885 ms
    Reading took     266.660000 us
  Sample 18...
Starting computation...
    Writing took     7.218690 ms
    Computation took 314.842128 ms
    Reading took     365.276000 us
  Sample 19...
Starting computation...
    Writing took     9.421747 ms
    Computation took 313.590920 ms
    Reading took     286.013000 us
  Sample 20...
Starting computation...
    Writing took     10.900701 ms
    Computation took 312.788880 ms
    Reading took     282.260000 us
  Sample 21...
Starting computation...
    Writing took     7.381475 ms
    Computation took 313.629540 ms
    Reading took     280.249000 us
  Sample 22...
Starting computation...
    Writing took     7.333605 ms
    Computation took 315.198091 ms
    Reading took     293.263000 us
  Sample 23...
Starting computation...
    Writing took     8.068191 ms
    Computation took 313.642114 ms
    Reading took     347.654000 us
  Sample 24...
Starting computation...
    Writing took     8.758784 ms
    Computation took 312.175008 ms
    Reading took     302.612000 us
  Sample 25...
Starting computation...
    Writing took     7.629713 ms
    Computation took 311.319708 ms
    Reading took     279.324000 us
  Sample 26...
Starting computation...
    Writing took     7.390102 ms
    Computation took 311.867435 ms
    Reading took     279.134000 us
  Sample 27...
Starting computation...
    Writing took     7.387386 ms
    Computation took 311.901142 ms
    Reading took     279.485000 us
  Sample 28...
Starting computation...
    Writing took     7.825447 ms
    Computation took 313.051790 ms
    Reading took     273.280000 us
  Sample 29...
Starting computation...
    Writing took     7.210819 ms
    Computation took 313.565347 ms
    Reading took     279.042000 us
  Sample 30...
Starting computation...
    Writing took     7.350499 ms
    Computation took 313.883090 ms
    Reading took     394.447000 us
  Sample 31...
Starting computation...
    Writing took     8.844468 ms
    Computation took 314.220615 ms
    Reading took     280.438000 us
  Sample 32...
Starting computation...
    Writing took     7.328005 ms
    Computation took 314.406659 ms
    Reading took     280.348000 us
  Sample 33...
Starting computation...
    Writing took     7.603872 ms
    Computation took 314.904242 ms
    Reading took     281.910000 us
  Sample 34...
Starting computation...
    Writing took     7.423876 ms
    Computation took 314.276174 ms
    Reading took     261.008000 us
  Sample 35...
Starting computation...
    Writing took     6.926703 ms
    Computation took 314.307871 ms
    Reading took     270.123000 us
  Sample 36...
Starting computation...
    Writing took     7.031173 ms
    Computation took 314.793762 ms
    Reading took     249.838000 us
  Sample 37...
Starting computation...
    Writing took     6.456187 ms
    Computation took 314.937901 ms
    Reading took     281.579000 us
  Sample 38...
Starting computation...
    Writing took     8.858008 ms
    Computation took 314.701032 ms
    Reading took     302.442000 us
  Sample 39...
Starting computation...
    Writing took     8.287990 ms
    Computation took 313.606305 ms
    Reading took     282.184000 us
  Sample 40...
Starting computation...
    Writing took     7.394231 ms
    Computation took 313.340073 ms
    Reading took     464.052000 us
  Sample 41...
Starting computation...
    Writing took     13.181458 ms
    Computation took 312.635213 ms
    Reading took     270.341000 us
  Sample 42...
Starting computation...
    Writing took     7.088608 ms
    Computation took 312.576847 ms
    Reading took     279.414000 us
  Sample 43...
Starting computation...
    Writing took     7.415683 ms
    Computation took 314.141950 ms
    Reading took     280.337000 us
  Sample 44...
Starting computation...
    Writing took     7.352920 ms
    Computation took 314.256433 ms
    Reading took     280.678000 us
  Sample 45...
Starting computation...
    Writing took     7.384455 ms
    Computation took 314.091351 ms
    Reading took     481.341000 us
  Sample 46...
Starting computation...
    Writing took     13.770847 ms
    Computation took 313.444046 ms
    Reading took     394.428000 us
  Sample 47...
Starting computation...
    Writing took     10.954078 ms
    Computation took 311.883860 ms
    Reading took     272.558000 us
  Sample 48...
Starting computation...
    Writing took     7.126203 ms
    Computation took 311.835084 ms
    Reading took     282.079000 us
  Sample 49...
Starting computation...
    Writing took     7.397656 ms
    Computation took 313.554633 ms
    Reading took     281.519000 us
  Sample 50...
Starting computation...
    Writing took     7.410831 ms
    Computation took 315.611258 ms
    Reading took     263.656000 us
  Sample 51...
Starting computation...
    Writing took     6.932581 ms
    Computation took 314.920734 ms
    Reading took     280.928000 us
  Sample 52...
Starting computation...
    Writing took     7.349284 ms
    Computation took 313.784503 ms
    Reading took     342.871000 us
  Sample 53...
Starting computation...
    Writing took     9.328114 ms
    Computation took 312.667255 ms
    Reading took     279.965000 us
  Sample 54...
Starting computation...
    Writing took     7.400961 ms
    Computation took 311.736437 ms
    Reading took     300.166000 us
  Sample 55...
Starting computation...
    Writing took     7.350051 ms
    Computation took 311.687310 ms
    Reading took     281.057000 us
  Sample 56...
Starting computation...
    Writing took     7.656804 ms
    Computation took 312.197744 ms
    Reading took     301.858000 us
  Sample 57...
Starting computation...
    Writing took     8.002615 ms
    Computation took 313.763137 ms
    Reading took     503.220000 us
  Sample 58...
Starting computation...
    Writing took     14.300758 ms
    Computation took 313.559961 ms
    Reading took     267.195000 us
  Sample 59...
Starting computation...
    Writing took     7.372921 ms
    Computation took 311.990593 ms
    Reading took     267.326000 us
  Sample 60...
Starting computation...
    Writing took     7.351272 ms
    Computation took 311.457275 ms
    Reading took     343.986000 us
  Sample 61...
Starting computation...
    Writing took     11.133982 ms
    Computation took 311.417922 ms
    Reading took     266.933000 us
  Sample 62...
Starting computation...
    Writing took     7.332948 ms
    Computation took 311.594280 ms
    Reading took     264.637000 us
  Sample 63...
Starting computation...
    Writing took     7.341844 ms
    Computation took 312.559268 ms
    Reading took     267.480000 us
  Sample 64...
Starting computation...
    Writing took     7.342581 ms
    Computation took 313.815105 ms
    Reading took     265.148000 us
  Sample 65...
Starting computation...
    Writing took     7.333106 ms
    Computation took 314.346329 ms
    Reading took     266.668000 us
  Sample 66...
Starting computation...
    Writing took     7.384630 ms
    Computation took 314.861278 ms
    Reading took     266.325000 us
  Sample 67...
Starting computation...
    Writing took     7.755264 ms
    Computation took 317.527529 ms
    Reading took     264.623000 us
  Sample 68...
Starting computation...
    Writing took     9.742590 ms
    Computation took 314.974620 ms
    Reading took     265.291000 us
  Sample 69...
Starting computation...
    Writing took     7.312244 ms
    Computation took 314.140159 ms
    Reading took     268.144000 us
  Sample 70...
Starting computation...
    Writing took     7.335246 ms
    Computation took 315.328515 ms
    Reading took     267.978000 us
  Sample 71...
Starting computation...
    Writing took     7.297836 ms
    Computation took 319.447197 ms
    Reading took     266.985000 us
  Sample 72...
Starting computation...
    Writing took     7.323523 ms
    Computation took 316.370268 ms
    Reading took     506.858000 us
  Sample 73...
Starting computation...
    Writing took     13.301243 ms
    Computation took 315.203252 ms
    Reading took     280.442000 us
  Sample 74...
Starting computation...
    Writing took     7.473139 ms
    Computation took 314.456882 ms
    Reading took     445.610000 us
  Sample 75...
Starting computation...
    Writing took     12.897758 ms
    Computation took 316.726365 ms
    Reading took     281.773000 us
  Sample 76...
Starting computation...
    Writing took     7.451045 ms
    Computation took 323.528073 ms
    Reading took     258.466000 us
  Sample 77...
Starting computation...
    Writing took     7.070213 ms
    Computation took 323.478834 ms
    Reading took     264.814000 us
  Sample 78...
Starting computation...
    Writing took     7.334590 ms
    Computation took 322.795457 ms
    Reading took     271.896000 us
  Sample 79...
Starting computation...
    Writing took     7.372316 ms
    Computation took 321.967195 ms
    Reading took     421.467000 us
  Sample 80...
Starting computation...
    Writing took     11.400625 ms
    Computation took 320.381161 ms
    Reading took     288.416000 us
  Sample 81...
Starting computation...
    Writing took     8.049955 ms
    Computation took 317.340328 ms
    Reading took     354.620000 us
  Sample 82...
Starting computation...
    Writing took     11.030340 ms
    Computation took 316.399340 ms
    Reading took     269.686000 us
  Sample 83...
Starting computation...
    Writing took     7.362900 ms
    Computation took 314.094232 ms
    Reading took     267.317000 us
  Sample 84...
Starting computation...
    Writing took     7.534848 ms
    Computation took 313.581139 ms
    Reading took     372.586000 us
  Sample 85...
Starting computation...
    Writing took     7.362931 ms
    Computation took 312.729696 ms
    Reading took     325.478000 us
  Sample 86...
Starting computation...
    Writing took     7.398240 ms
    Computation took 312.071148 ms
    Reading took     273.734000 us
  Sample 87...
Starting computation...
    Writing took     7.393669 ms
    Computation took 312.253006 ms
    Reading took     269.360000 us
  Sample 88...
Starting computation...
    Writing took     7.389612 ms
    Computation took 312.432754 ms
    Reading took     409.237000 us
  Sample 89...
Starting computation...
    Writing took     11.936174 ms
    Computation took 312.023885 ms
    Reading took     280.519000 us
  Sample 90...
Starting computation...
    Writing took     7.373963 ms
    Computation took 311.865251 ms
    Reading took     280.796000 us
  Sample 91...
Starting computation...
    Writing took     7.357336 ms
    Computation took 311.567033 ms
    Reading took     287.902000 us
  Sample 92...
Starting computation...
    Writing took     7.348643 ms
    Computation took 312.666384 ms
    Reading took     279.429000 us
  Sample 93...
Starting computation...
    Writing took     7.445349 ms
    Computation took 313.666910 ms
    Reading took     281.082000 us
  Sample 94...
Starting computation...
    Writing took     8.135615 ms
    Computation took 314.467986 ms
    Reading took     401.369000 us
  Sample 95...
Starting computation...
    Writing took     8.911531 ms
    Computation took 315.654464 ms
    Reading took     282.530000 us
  Sample 96...
Starting computation...
    Writing took     7.391994 ms
    Computation took 315.013204 ms
    Reading took     283.901000 us
  Sample 97...
Starting computation...
    Writing took     7.360145 ms
    Computation took 313.972825 ms
    Reading took     281.708000 us
  Sample 98...
Starting computation...
    Writing took     7.431115 ms
    Computation took 313.702477 ms
    Reading took     279.327000 us
  Sample 99...
Starting computation...
    Writing took     7.377053 ms
    Computation took 314.521858 ms
    Reading took     265.146000 us
Mean computation time: 313.958754 ms
Mean deviation: 1.694057 ms (0.539579%)
Mean computation time (per hash): 3.171300 ms
Mean deviation (per hash): 17.111000 us
