Using device #0: CUDA Device 'GeForce GTX 1080 Ti'
  Sample 0...
Starting computation...
    Writing took     462.816000 us
    Computation took 182.863117 ms
    Reading took     20.856000 us
  Sample 1...
Starting computation...
    Writing took     451.552000 us
    Computation took 182.854312 ms
    Reading took     18.679000 us
  Sample 2...
Starting computation...
    Writing took     451.716000 us
    Computation took 182.813268 ms
    Reading took     18.391000 us
  Sample 3...
Starting computation...
    Writing took     455.035000 us
    Computation took 182.876657 ms
    Reading took     20.964000 us
  Sample 4...
Starting computation...
    Writing took     471.622000 us
    Computation took 182.902976 ms
    Reading took     18.500000 us
  Sample 5...
Starting computation...
    Writing took     452.129000 us
    Computation took 182.835659 ms
    Reading took     19.994000 us
  Sample 6...
Starting computation...
    Writing took     484.334000 us
    Computation took 182.885243 ms
    Reading took     40.494000 us
  Sample 7...
Starting computation...
    Writing took     1.024920 ms
    Computation took 182.911481 ms
    Reading took     29.752000 us
  Sample 8...
Starting computation...
    Writing took     669.415000 us
    Computation took 182.866501 ms
    Reading took     27.786000 us
  Sample 9...
Starting computation...
    Writing took     647.655000 us
    Computation took 182.899754 ms
    Reading took     25.908000 us
  Sample 10...
Starting computation...
    Writing took     636.218000 us
    Computation took 182.829069 ms
    Reading took     27.569000 us
  Sample 11...
Starting computation...
    Writing took     669.988000 us
    Computation took 182.879244 ms
    Reading took     21.040000 us
  Sample 12...
Starting computation...
    Writing took     473.759000 us
    Computation took 182.838104 ms
    Reading took     19.489000 us
  Sample 13...
Starting computation...
    Writing took     451.731000 us
    Computation took 182.828378 ms
    Reading took     20.535000 us
  Sample 14...
Starting computation...
    Writing took     460.731000 us
    Computation took 182.873777 ms
    Reading took     21.709000 us
  Sample 15...
Starting computation...
    Writing took     480.678000 us
    Computation took 182.869280 ms
    Reading took     25.631000 us
  Sample 16...
Starting computation...
    Writing took     603.765000 us
    Computation took 182.863907 ms
    Reading took     25.994000 us
  Sample 17...
Starting computation...
    Writing took     610.645000 us
    Computation took 182.882484 ms
    Reading took     24.960000 us
  Sample 18...
Starting computation...
    Writing took     602.190000 us
    Computation took 182.898489 ms
    Reading took     21.997000 us
  Sample 19...
Starting computation...
    Writing took     556.668000 us
    Computation took 182.864891 ms
    Reading took     20.898000 us
  Sample 20...
Starting computation...
    Writing took     456.366000 us
    Computation took 182.888319 ms
    Reading took     21.681000 us
  Sample 21...
Starting computation...
    Writing took     477.707000 us
    Computation took 182.885545 ms
    Reading took     20.486000 us
  Sample 22...
Starting computation...
    Writing took     451.161000 us
    Computation took 182.842246 ms
    Reading took     19.485000 us
  Sample 23...
Starting computation...
    Writing took     451.675000 us
    Computation took 182.849386 ms
    Reading took     23.561000 us
  Sample 24...
Starting computation...
    Writing took     510.420000 us
    Computation took 182.840468 ms
    Reading took     20.448000 us
  Sample 25...
Starting computation...
    Writing took     460.428000 us
    Computation took 182.846496 ms
    Reading took     28.760000 us
  Sample 26...
Starting computation...
    Writing took     672.746000 us
    Computation took 182.873585 ms
    Reading took     22.740000 us
  Sample 27...
Starting computation...
    Writing took     509.530000 us
    Computation took 182.918568 ms
    Reading took     23.049000 us
  Sample 28...
Starting computation...
    Writing took     479.650000 us
    Computation took 182.883904 ms
    Reading took     21.722000 us
  Sample 29...
Starting computation...
    Writing took     469.071000 us
    Computation took 182.897957 ms
    Reading took     21.875000 us
  Sample 30...
Starting computation...
    Writing took     469.247000 us
    Computation took 182.882006 ms
    Reading took     28.918000 us
  Sample 31...
Starting computation...
    Writing took     651.104000 us
    Computation took 182.843654 ms
    Reading took     28.233000 us
  Sample 32...
Starting computation...
    Writing took     664.957000 us
    Computation took 182.900878 ms
    Reading took     27.755000 us
  Sample 33...
Starting computation...
    Writing took     667.131000 us
    Computation took 182.853308 ms
    Reading took     26.949000 us
  Sample 34...
Starting computation...
    Writing took     635.851000 us
    Computation took 182.834514 ms
    Reading took     21.497000 us
  Sample 35...
Starting computation...
    Writing took     478.698000 us
    Computation took 182.799205 ms
    Reading took     20.129000 us
  Sample 36...
Starting computation...
    Writing took     451.063000 us
    Computation took 182.878445 ms
    Reading took     23.048000 us
  Sample 37...
Starting computation...
    Writing took     479.296000 us
    Computation took 182.881520 ms
    Reading took     21.258000 us
  Sample 38...
Starting computation...
    Writing took     477.530000 us
    Computation took 182.892380 ms
    Reading took     38.469000 us
  Sample 39...
Starting computation...
    Writing took     495.418000 us
    Computation took 182.868691 ms
    Reading took     20.496000 us
  Sample 40...
Starting computation...
    Writing took     454.829000 us
    Computation took 182.866208 ms
    Reading took     19.969000 us
  Sample 41...
Starting computation...
    Writing took     450.968000 us
    Computation took 182.851389 ms
    Reading took     23.163000 us
  Sample 42...
Starting computation...
    Writing took     505.560000 us
    Computation took 182.906344 ms
    Reading took     21.878000 us
  Sample 43...
Starting computation...
    Writing took     506.662000 us
    Computation took 182.870174 ms
    Reading took     21.639000 us
  Sample 44...
Starting computation...
    Writing took     473.509000 us
    Computation took 182.882746 ms
    Reading took     22.281000 us
  Sample 45...
Starting computation...
    Writing took     469.881000 us
    Computation took 182.870917 ms
    Reading took     22.874000 us
  Sample 46...
Starting computation...
    Writing took     510.601000 us
    Computation took 182.887998 ms
    Reading took     21.416000 us
  Sample 47...
Starting computation...
    Writing took     470.323000 us
    Computation took 182.886710 ms
    Reading took     23.893000 us
  Sample 48...
Starting computation...
    Writing took     525.729000 us
    Computation took 182.912424 ms
    Reading took     22.777000 us
  Sample 49...
Starting computation...
    Writing took     478.443000 us
    Computation took 182.936427 ms
    Reading took     20.857000 us
  Sample 50...
Starting computation...
    Writing took     450.394000 us
    Computation took 182.869140 ms
    Reading took     21.692000 us
  Sample 51...
Starting computation...
    Writing took     474.000000 us
    Computation took 182.903269 ms
    Reading took     22.832000 us
  Sample 52...
Starting computation...
    Writing took     502.415000 us
    Computation took 182.882403 ms
    Reading took     22.953000 us
  Sample 53...
Starting computation...
    Writing took     523.733000 us
    Computation took 182.857693 ms
    Reading took     20.590000 us
  Sample 54...
Starting computation...
    Writing took     512.342000 us
    Computation took 182.854879 ms
    Reading took     19.723000 us
  Sample 55...
Starting computation...
    Writing took     469.786000 us
    Computation took 182.887127 ms
    Reading took     20.550000 us
  Sample 56...
Starting computation...
    Writing took     482.357000 us
    Computation took 182.878162 ms
    Reading took     20.941000 us
  Sample 57...
Starting computation...
    Writing took     451.322000 us
    Computation took 182.900559 ms
    Reading took     21.621000 us
  Sample 58...
Starting computation...
    Writing took     509.784000 us
    Computation took 182.911383 ms
    Reading took     33.718000 us
  Sample 59...
Starting computation...
    Writing took     799.447000 us
    Computation took 182.931711 ms
    Reading took     29.728000 us
  Sample 60...
Starting computation...
    Writing took     658.603000 us
    Computation took 182.885615 ms
    Reading took     24.713000 us
  Sample 61...
Starting computation...
    Writing took     634.118000 us
    Computation took 182.851680 ms
    Reading took     28.046000 us
  Sample 62...
Starting computation...
    Writing took     666.355000 us
    Computation took 182.947604 ms
    Reading took     22.504000 us
  Sample 63...
Starting computation...
    Writing took     472.291000 us
    Computation took 182.900732 ms
    Reading took     33.975000 us
  Sample 64...
Starting computation...
    Writing took     795.895000 us
    Computation took 182.910825 ms
    Reading took     25.428000 us
  Sample 65...
Starting computation...
    Writing took     634.745000 us
    Computation took 182.882870 ms
    Reading took     26.340000 us
  Sample 66...
Starting computation...
    Writing took     636.790000 us
    Computation took 182.860402 ms
    Reading took     25.341000 us
  Sample 67...
Starting computation...
    Writing took     635.386000 us
    Computation took 182.875127 ms
    Reading took     18.511000 us
  Sample 68...
Starting computation...
    Writing took     452.153000 us
    Computation took 182.829596 ms
    Reading took     20.944000 us
  Sample 69...
Starting computation...
    Writing took     488.964000 us
    Computation took 182.843312 ms
    Reading took     21.332000 us
  Sample 70...
Starting computation...
    Writing took     470.522000 us
    Computation took 182.876972 ms
    Reading took     18.273000 us
  Sample 71...
Starting computation...
    Writing took     451.238000 us
    Computation took 182.840488 ms
    Reading took     20.417000 us
  Sample 72...
Starting computation...
    Writing took     454.764000 us
    Computation took 182.913227 ms
    Reading took     21.828000 us
  Sample 73...
Starting computation...
    Writing took     470.251000 us
    Computation took 182.919024 ms
    Reading took     34.216000 us
  Sample 74...
Starting computation...
    Writing took     848.175000 us
    Computation took 182.888686 ms
    Reading took     27.739000 us
  Sample 75...
Starting computation...
    Writing took     652.302000 us
    Computation took 182.848689 ms
    Reading took     25.008000 us
  Sample 76...
Starting computation...
    Writing took     634.959000 us
    Computation took 182.814334 ms
    Reading took     26.416000 us
  Sample 77...
Starting computation...
    Writing took     634.086000 us
    Computation took 182.888602 ms
    Reading took     22.378000 us
  Sample 78...
Starting computation...
    Writing took     482.819000 us
    Computation took 182.866784 ms
    Reading took     19.680000 us
  Sample 79...
Starting computation...
    Writing took     451.355000 us
    Computation took 182.880910 ms
    Reading took     20.245000 us
  Sample 80...
Starting computation...
    Writing took     470.041000 us
    Computation took 182.835959 ms
    Reading took     21.998000 us
  Sample 81...
Starting computation...
    Writing took     480.494000 us
    Computation took 182.908199 ms
    Reading took     23.092000 us
  Sample 82...
Starting computation...
    Writing took     481.283000 us
    Computation took 182.869105 ms
    Reading took     20.073000 us
  Sample 83...
Starting computation...
    Writing took     450.721000 us
    Computation took 182.891595 ms
    Reading took     20.598000 us
  Sample 84...
Starting computation...
    Writing took     451.609000 us
    Computation took 182.930642 ms
    Reading took     30.164000 us
  Sample 85...
Starting computation...
    Writing took     674.109000 us
    Computation took 182.889286 ms
    Reading took     21.980000 us
  Sample 86...
Starting computation...
    Writing took     502.440000 us
    Computation took 182.854393 ms
    Reading took     24.717000 us
  Sample 87...
Starting computation...
    Writing took     595.872000 us
    Computation took 182.865118 ms
    Reading took     24.460000 us
  Sample 88...
Starting computation...
    Writing took     597.650000 us
    Computation took 182.807041 ms
    Reading took     22.093000 us
  Sample 89...
Starting computation...
    Writing took     580.934000 us
    Computation took 182.872514 ms
    Reading took     23.758000 us
  Sample 90...
Starting computation...
    Writing took     567.681000 us
    Computation took 182.894502 ms
    Reading took     24.690000 us
  Sample 91...
Starting computation...
    Writing took     555.576000 us
    Computation took 182.851678 ms
    Reading took     21.286000 us
  Sample 92...
Starting computation...
    Writing took     583.826000 us
    Computation took 182.850983 ms
    Reading took     22.683000 us
  Sample 93...
Starting computation...
    Writing took     519.041000 us
    Computation took 182.938353 ms
    Reading took     20.001000 us
  Sample 94...
Starting computation...
    Writing took     498.653000 us
    Computation took 182.893298 ms
    Reading took     22.254000 us
  Sample 95...
Starting computation...
    Writing took     520.418000 us
    Computation took 182.909441 ms
    Reading took     22.951000 us
  Sample 96...
Starting computation...
    Writing took     517.303000 us
    Computation took 182.902345 ms
    Reading took     22.937000 us
  Sample 97...
Starting computation...
    Writing took     527.179000 us
    Computation took 182.883418 ms
    Reading took     21.980000 us
  Sample 98...
Starting computation...
    Writing took     504.032000 us
    Computation took 182.862659 ms
    Reading took     22.056000 us
  Sample 99...
Starting computation...
    Writing took     509.465000 us
    Computation took 182.844721 ms
    Reading took     21.026000 us
Mean computation time: 182.875260 ms
Mean deviation: 23.514000 us (0.0128579%)
Mean computation time (per hash): 22.859407 ms
Mean deviation (per hash): 2.939000 us
