Using device #0: CUDA Device 'GeForce GTX 1080 Ti'
  Sample 0...
Starting computation...
    Writing took     1.238841 ms
    Computation took 175.866976 ms
    Reading took     50.767000 us
  Sample 1...
Starting computation...
    Writing took     1.229204 ms
    Computation took 175.783044 ms
    Reading took     35.820000 us
  Sample 2...
Starting computation...
    Writing took     918.301000 us
    Computation took 175.720457 ms
    Reading took     33.528000 us
  Sample 3...
Starting computation...
    Writing took     859.458000 us
    Computation took 175.684672 ms
    Reading took     34.881000 us
  Sample 4...
Starting computation...
    Writing took     906.299000 us
    Computation took 175.771835 ms
    Reading took     80.080000 us
  Sample 5...
Starting computation...
    Writing took     2.222727 ms
    Computation took 175.814829 ms
    Reading took     36.581000 us
  Sample 6...
Starting computation...
    Writing took     873.825000 us
    Computation took 175.791150 ms
    Reading took     33.033000 us
  Sample 7...
Starting computation...
    Writing took     848.323000 us
    Computation took 175.765218 ms
    Reading took     44.471000 us
  Sample 8...
Starting computation...
    Writing took     1.192626 ms
    Computation took 175.658842 ms
    Reading took     35.190000 us
  Sample 9...
Starting computation...
    Writing took     882.690000 us
    Computation took 175.732743 ms
    Reading took     33.160000 us
  Sample 10...
Starting computation...
    Writing took     847.162000 us
    Computation took 175.730020 ms
    Reading took     35.157000 us
  Sample 11...
Starting computation...
    Writing took     906.704000 us
    Computation took 175.756216 ms
    Reading took     36.856000 us
  Sample 12...
Starting computation...
    Writing took     964.875000 us
    Computation took 175.752900 ms
    Reading took     36.772000 us
  Sample 13...
Starting computation...
    Writing took     939.672000 us
    Computation took 175.826176 ms
    Reading took     35.507000 us
  Sample 14...
Starting computation...
    Writing took     907.431000 us
    Computation took 175.784424 ms
    Reading took     37.674000 us
  Sample 15...
Starting computation...
    Writing took     938.830000 us
    Computation took 175.783672 ms
    Reading took     45.365000 us
  Sample 16...
Starting computation...
    Writing took     1.430323 ms
    Computation took 175.861299 ms
    Reading took     35.149000 us
  Sample 17...
Starting computation...
    Writing took     862.123000 us
    Computation took 175.839616 ms
    Reading took     38.162000 us
  Sample 18...
Starting computation...
    Writing took     936.650000 us
    Computation took 175.710932 ms
    Reading took     36.399000 us
  Sample 19...
Starting computation...
    Writing took     924.469000 us
    Computation took 175.761387 ms
    Reading took     34.919000 us
  Sample 20...
Starting computation...
    Writing took     880.420000 us
    Computation took 175.673043 ms
    Reading took     35.792000 us
  Sample 21...
Starting computation...
    Writing took     905.847000 us
    Computation took 175.801876 ms
    Reading took     35.438000 us
  Sample 22...
Starting computation...
    Writing took     884.599000 us
    Computation took 175.761191 ms
    Reading took     37.551000 us
  Sample 23...
Starting computation...
    Writing took     948.349000 us
    Computation took 175.750272 ms
    Reading took     34.452000 us
  Sample 24...
Starting computation...
    Writing took     939.640000 us
    Computation took 175.701936 ms
    Reading took     35.800000 us
  Sample 25...
Starting computation...
    Writing took     880.939000 us
    Computation took 175.749792 ms
    Reading took     32.770000 us
  Sample 26...
Starting computation...
    Writing took     848.741000 us
    Computation took 175.748793 ms
    Reading took     37.630000 us
  Sample 27...
Starting computation...
    Writing took     877.027000 us
    Computation took 175.802885 ms
    Reading took     40.359000 us
  Sample 28...
Starting computation...
    Writing took     873.454000 us
    Computation took 175.709254 ms
    Reading took     35.632000 us
  Sample 29...
Starting computation...
    Writing took     881.405000 us
    Computation took 175.743603 ms
    Reading took     57.122000 us
  Sample 30...
Starting computation...
    Writing took     1.491844 ms
    Computation took 175.763810 ms
    Reading took     47.929000 us
  Sample 31...
Starting computation...
    Writing took     1.229182 ms
    Computation took 175.851389 ms
    Reading took     76.672000 us
  Sample 32...
Starting computation...
    Writing took     1.619274 ms
    Computation took 175.835820 ms
    Reading took     42.613000 us
  Sample 33...
Starting computation...
    Writing took     900.084000 us
    Computation took 175.750556 ms
    Reading took     39.336000 us
  Sample 34...
Starting computation...
    Writing took     897.682000 us
    Computation took 175.779186 ms
    Reading took     71.536000 us
  Sample 35...
Starting computation...
    Writing took     1.922395 ms
    Computation took 175.872354 ms
    Reading took     55.730000 us
  Sample 36...
Starting computation...
    Writing took     1.163602 ms
    Computation took 175.804937 ms
    Reading took     48.910000 us
  Sample 37...
Starting computation...
    Writing took     1.149399 ms
    Computation took 175.741877 ms
    Reading took     47.653000 us
  Sample 38...
Starting computation...
    Writing took     1.167650 ms
    Computation took 175.764877 ms
    Reading took     50.253000 us
  Sample 39...
Starting computation...
    Writing took     1.194041 ms
    Computation took 175.751187 ms
    Reading took     49.348000 us
  Sample 40...
Starting computation...
    Writing took     1.383555 ms
    Computation took 175.784318 ms
    Reading took     62.412000 us
  Sample 41...
Starting computation...
    Writing took     1.673493 ms
    Computation took 175.769133 ms
    Reading took     36.989000 us
  Sample 42...
Starting computation...
    Writing took     939.955000 us
    Computation took 175.759788 ms
    Reading took     33.453000 us
  Sample 43...
Starting computation...
    Writing took     849.467000 us
    Computation took 175.749372 ms
    Reading took     35.458000 us
  Sample 44...
Starting computation...
    Writing took     906.930000 us
    Computation took 175.758731 ms
    Reading took     35.200000 us
  Sample 45...
Starting computation...
    Writing took     874.331000 us
    Computation took 175.754425 ms
    Reading took     58.704000 us
  Sample 46...
Starting computation...
    Writing took     1.623749 ms
    Computation took 175.898611 ms
    Reading took     43.630000 us
  Sample 47...
Starting computation...
    Writing took     1.126199 ms
    Computation took 175.760371 ms
    Reading took     44.336000 us
  Sample 48...
Starting computation...
    Writing took     1.128445 ms
    Computation took 175.739918 ms
    Reading took     54.057000 us
  Sample 49...
Starting computation...
    Writing took     1.126240 ms
    Computation took 175.790514 ms
    Reading took     36.142000 us
  Sample 50...
Starting computation...
    Writing took     864.441000 us
    Computation took 175.757555 ms
    Reading took     34.746000 us
  Sample 51...
Starting computation...
    Writing took     949.514000 us
    Computation took 175.780642 ms
    Reading took     35.132000 us
  Sample 52...
Starting computation...
    Writing took     906.724000 us
    Computation took 175.698533 ms
    Reading took     39.444000 us
  Sample 53...
Starting computation...
    Writing took     993.955000 us
    Computation took 175.727219 ms
    Reading took     41.848000 us
  Sample 54...
Starting computation...
    Writing took     976.348000 us
    Computation took 175.779787 ms
    Reading took     38.701000 us
  Sample 55...
Starting computation...
    Writing took     970.784000 us
    Computation took 175.793674 ms
    Reading took     40.855000 us
  Sample 56...
Starting computation...
    Writing took     1.021153 ms
    Computation took 175.821505 ms
    Reading took     39.470000 us
  Sample 57...
Starting computation...
    Writing took     1.013408 ms
    Computation took 176.557255 ms
    Reading took     38.741000 us
  Sample 58...
Starting computation...
    Writing took     1.017255 ms
    Computation took 176.571419 ms
    Reading took     36.813000 us
  Sample 59...
Starting computation...
    Writing took     911.903000 us
    Computation took 176.525205 ms
    Reading took     34.931000 us
  Sample 60...
Starting computation...
    Writing took     906.422000 us
    Computation took 176.557296 ms
    Reading took     37.421000 us
  Sample 61...
Starting computation...
    Writing took     951.809000 us
    Computation took 176.558989 ms
    Reading took     39.555000 us
  Sample 62...
Starting computation...
    Writing took     940.073000 us
    Computation took 176.545441 ms
    Reading took     60.533000 us
  Sample 63...
Starting computation...
    Writing took     1.582990 ms
    Computation took 176.503923 ms
    Reading took     49.218000 us
  Sample 64...
Starting computation...
    Writing took     1.194162 ms
    Computation took 176.606516 ms
    Reading took     48.528000 us
  Sample 65...
Starting computation...
    Writing took     1.229748 ms
    Computation took 176.526623 ms
    Reading took     45.662000 us
  Sample 66...
Starting computation...
    Writing took     1.208142 ms
    Computation took 176.564332 ms
    Reading took     38.211000 us
  Sample 67...
Starting computation...
    Writing took     941.734000 us
    Computation took 176.575750 ms
    Reading took     39.483000 us
  Sample 68...
Starting computation...
    Writing took     5.288786 ms
    Computation took 176.634881 ms
    Reading took     47.718000 us
  Sample 69...
Starting computation...
    Writing took     1.227354 ms
    Computation took 176.531128 ms
    Reading took     47.151000 us
  Sample 70...
Starting computation...
    Writing took     1.208772 ms
    Computation took 176.552285 ms
    Reading took     47.652000 us
  Sample 71...
Starting computation...
    Writing took     1.224615 ms
    Computation took 176.606724 ms
    Reading took     40.683000 us
  Sample 72...
Starting computation...
    Writing took     972.764000 us
    Computation took 176.528799 ms
    Reading took     37.672000 us
  Sample 73...
Starting computation...
    Writing took     940.340000 us
    Computation took 176.572755 ms
    Reading took     74.869000 us
  Sample 74...
Starting computation...
    Writing took     2.074260 ms
    Computation took 176.653818 ms
    Reading took     74.838000 us
  Sample 75...
Starting computation...
    Writing took     2.046963 ms
    Computation took 176.596590 ms
    Reading took     54.409000 us
  Sample 76...
Starting computation...
    Writing took     1.307824 ms
    Computation took 176.597073 ms
    Reading took     41.871000 us
  Sample 77...
Starting computation...
    Writing took     953.254000 us
    Computation took 176.555913 ms
    Reading took     44.890000 us
  Sample 78...
Starting computation...
    Writing took     1.032233 ms
    Computation took 176.649718 ms
    Reading took     41.327000 us
  Sample 79...
Starting computation...
    Writing took     958.568000 us
    Computation took 176.598033 ms
    Reading took     39.232000 us
  Sample 80...
Starting computation...
    Writing took     906.155000 us
    Computation took 176.523094 ms
    Reading took     55.102000 us
  Sample 81...
Starting computation...
    Writing took     881.249000 us
    Computation took 176.558454 ms
    Reading took     40.950000 us
  Sample 82...
Starting computation...
    Writing took     953.909000 us
    Computation took 176.574733 ms
    Reading took     43.079000 us
  Sample 83...
Starting computation...
    Writing took     911.028000 us
    Computation took 176.550194 ms
    Reading took     40.856000 us
  Sample 84...
Starting computation...
    Writing took     959.779000 us
    Computation took 176.536764 ms
    Reading took     41.637000 us
  Sample 85...
Starting computation...
    Writing took     984.131000 us
    Computation took 176.531493 ms
    Reading took     71.888000 us
  Sample 86...
Starting computation...
    Writing took     1.924754 ms
    Computation took 176.602755 ms
    Reading took     48.672000 us
  Sample 87...
Starting computation...
    Writing took     1.153528 ms
    Computation took 176.591092 ms
    Reading took     47.532000 us
  Sample 88...
Starting computation...
    Writing took     1.144667 ms
    Computation took 176.571393 ms
    Reading took     46.525000 us
  Sample 89...
Starting computation...
    Writing took     1.137982 ms
    Computation took 176.602401 ms
    Reading took     49.883000 us
  Sample 90...
Starting computation...
    Writing took     1.159810 ms
    Computation took 176.576583 ms
    Reading took     46.803000 us
  Sample 91...
Starting computation...
    Writing took     1.147078 ms
    Computation took 176.558586 ms
    Reading took     48.740000 us
  Sample 92...
Starting computation...
    Writing took     1.154210 ms
    Computation took 176.561815 ms
    Reading took     47.685000 us
  Sample 93...
Starting computation...
    Writing took     1.126311 ms
    Computation took 176.566494 ms
    Reading took     46.153000 us
  Sample 94...
Starting computation...
    Writing took     1.120389 ms
    Computation took 176.585576 ms
    Reading took     54.514000 us
  Sample 95...
Starting computation...
    Writing took     1.145309 ms
    Computation took 176.563802 ms
    Reading took     45.424000 us
  Sample 96...
Starting computation...
    Writing took     1.099602 ms
    Computation took 176.652055 ms
    Reading took     79.063000 us
  Sample 97...
Starting computation...
    Writing took     1.894231 ms
    Computation took 176.634443 ms
    Reading took     46.752000 us
  Sample 98...
Starting computation...
    Writing took     1.139253 ms
    Computation took 176.602549 ms
    Reading took     45.179000 us
  Sample 99...
Starting computation...
    Writing took     1.060368 ms
    Computation took 176.527838 ms
    Reading took     44.296000 us
Mean computation time: 176.115217 ms
Mean deviation: 393.764000 us (0.223583%)
Mean computation time (per hash): 11.741014 ms
Mean deviation (per hash): 26.250000 us
