Using device #0: CUDA Device 'GeForce GTX 1080 Ti'
  Sample 0...
Starting computation...
    Writing took     5.077747 ms
    Computation took 208.046531 ms
    Reading took     124.890000 us
  Sample 1...
Starting computation...
    Writing took     2.947795 ms
    Computation took 207.943237 ms
    Reading took     118.536000 us
  Sample 2...
Starting computation...
    Writing took     2.912785 ms
    Computation took 207.935022 ms
    Reading took     113.409000 us
  Sample 3...
Starting computation...
    Writing took     2.676089 ms
    Computation took 207.965078 ms
    Reading took     119.868000 us
  Sample 4...
Starting computation...
    Writing took     2.905878 ms
    Computation took 207.905278 ms
    Reading took     112.150000 us
  Sample 5...
Starting computation...
    Writing took     2.815471 ms
    Computation took 207.961641 ms
    Reading took     116.760000 us
  Sample 6...
Starting computation...
    Writing took     2.849987 ms
    Computation took 208.036731 ms
    Reading took     206.763000 us
  Sample 7...
Starting computation...
    Writing took     5.520217 ms
    Computation took 207.981049 ms
    Reading took     118.904000 us
  Sample 8...
Starting computation...
    Writing took     2.905314 ms
    Computation took 207.881216 ms
    Reading took     123.327000 us
  Sample 9...
Starting computation...
    Writing took     2.789479 ms
    Computation took 207.948987 ms
    Reading took     122.376000 us
  Sample 10...
Starting computation...
    Writing took     3.100340 ms
    Computation took 207.932860 ms
    Reading took     123.455000 us
  Sample 11...
Starting computation...
    Writing took     3.103438 ms
    Computation took 207.867558 ms
    Reading took     123.933000 us
  Sample 12...
Starting computation...
    Writing took     3.110139 ms
    Computation took 207.968321 ms
    Reading took     127.815000 us
  Sample 13...
Starting computation...
    Writing took     3.275063 ms
    Computation took 207.889261 ms
    Reading took     145.386000 us
  Sample 14...
Starting computation...
    Writing took     3.116272 ms
    Computation took 207.876200 ms
    Reading took     123.087000 us
  Sample 15...
Starting computation...
    Writing took     3.001417 ms
    Computation took 207.973197 ms
    Reading took     127.355000 us
  Sample 16...
Starting computation...
    Writing took     3.229008 ms
    Computation took 207.981327 ms
    Reading took     135.726000 us
  Sample 17...
Starting computation...
    Writing took     3.509827 ms
    Computation took 207.926885 ms
    Reading took     137.541000 us
  Sample 18...
Starting computation...
    Writing took     3.518829 ms
    Computation took 208.090688 ms
    Reading took     210.281000 us
  Sample 19...
Starting computation...
    Writing took     5.844497 ms
    Computation took 208.051219 ms
    Reading took     138.622000 us
  Sample 20...
Starting computation...
    Writing took     3.436491 ms
    Computation took 207.941897 ms
    Reading took     137.714000 us
  Sample 21...
Starting computation...
    Writing took     3.481927 ms
    Computation took 207.878676 ms
    Reading took     205.174000 us
  Sample 22...
Starting computation...
    Writing took     5.453116 ms
    Computation took 207.949124 ms
    Reading took     149.288000 us
  Sample 23...
Starting computation...
    Writing took     3.481741 ms
    Computation took 207.932358 ms
    Reading took     141.491000 us
  Sample 24...
Starting computation...
    Writing took     3.428720 ms
    Computation took 208.016960 ms
    Reading took     214.292000 us
  Sample 25...
Starting computation...
    Writing took     5.948818 ms
    Computation took 208.039076 ms
    Reading took     136.890000 us
  Sample 26...
Starting computation...
    Writing took     3.503191 ms
    Computation took 207.892766 ms
    Reading took     208.125000 us
  Sample 27...
Starting computation...
    Writing took     5.972132 ms
    Computation took 208.016721 ms
    Reading took     136.413000 us
  Sample 28...
Starting computation...
    Writing took     3.448314 ms
    Computation took 208.806786 ms
    Reading took     137.114000 us
  Sample 29...
Starting computation...
    Writing took     3.478473 ms
    Computation took 209.905632 ms
    Reading took     140.812000 us
  Sample 30...
Starting computation...
    Writing took     3.519075 ms
    Computation took 209.339167 ms
    Reading took     138.288000 us
  Sample 31...
Starting computation...
    Writing took     3.500085 ms
    Computation took 208.614272 ms
    Reading took     137.797000 us
  Sample 32...
Starting computation...
    Writing took     3.484257 ms
    Computation took 208.079367 ms
    Reading took     210.093000 us
  Sample 33...
Starting computation...
    Writing took     5.947951 ms
    Computation took 208.019305 ms
    Reading took     217.353000 us
  Sample 34...
Starting computation...
    Writing took     5.729491 ms
    Computation took 208.362955 ms
    Reading took     136.644000 us
  Sample 35...
Starting computation...
    Writing took     3.445802 ms
    Computation took 207.910041 ms
    Reading took     137.542000 us
  Sample 36...
Starting computation...
    Writing took     3.491900 ms
    Computation took 208.264404 ms
    Reading took     138.033000 us
  Sample 37...
Starting computation...
    Writing took     3.476524 ms
    Computation took 208.350408 ms
    Reading took     137.961000 us
  Sample 38...
Starting computation...
    Writing took     3.474171 ms
    Computation took 207.968501 ms
    Reading took     119.853000 us
  Sample 39...
Starting computation...
    Writing took     2.916246 ms
    Computation took 207.985947 ms
    Reading took     134.417000 us
  Sample 40...
Starting computation...
    Writing took     4.301118 ms
    Computation took 208.013165 ms
    Reading took     137.333000 us
  Sample 41...
Starting computation...
    Writing took     3.511708 ms
    Computation took 208.465780 ms
    Reading took     139.605000 us
  Sample 42...
Starting computation...
    Writing took     3.516099 ms
    Computation took 208.037573 ms
    Reading took     136.691000 us
  Sample 43...
Starting computation...
    Writing took     3.497382 ms
    Computation took 208.231882 ms
    Reading took     134.045000 us
  Sample 44...
Starting computation...
    Writing took     3.511612 ms
    Computation took 208.833749 ms
    Reading took     135.687000 us
  Sample 45...
Starting computation...
    Writing took     3.495023 ms
    Computation took 208.854067 ms
    Reading took     140.135000 us
  Sample 46...
Starting computation...
    Writing took     3.472909 ms
    Computation took 208.983615 ms
    Reading took     138.220000 us
  Sample 47...
Starting computation...
    Writing took     3.451677 ms
    Computation took 208.561191 ms
    Reading took     152.850000 us
  Sample 48...
Starting computation...
    Writing took     3.439908 ms
    Computation took 208.410154 ms
    Reading took     137.748000 us
  Sample 49...
Starting computation...
    Writing took     3.430838 ms
    Computation took 207.907349 ms
    Reading took     135.550000 us
  Sample 50...
Starting computation...
    Writing took     3.464423 ms
    Computation took 207.980779 ms
    Reading took     140.926000 us
  Sample 51...
Starting computation...
    Writing took     3.480182 ms
    Computation took 208.355385 ms
    Reading took     136.412000 us
  Sample 52...
Starting computation...
    Writing took     3.501210 ms
    Computation took 209.175244 ms
    Reading took     144.440000 us
  Sample 53...
Starting computation...
    Writing took     3.446817 ms
    Computation took 209.210651 ms
    Reading took     139.047000 us
  Sample 54...
Starting computation...
    Writing took     3.457301 ms
    Computation took 208.413445 ms
    Reading took     136.068000 us
  Sample 55...
Starting computation...
    Writing took     3.481224 ms
    Computation took 208.502693 ms
    Reading took     136.659000 us
  Sample 56...
Starting computation...
    Writing took     3.478111 ms
    Computation took 209.613690 ms
    Reading took     136.773000 us
  Sample 57...
Starting computation...
    Writing took     3.528745 ms
    Computation took 212.818138 ms
    Reading took     137.706000 us
  Sample 58...
Starting computation...
    Writing took     3.500608 ms
    Computation took 212.006875 ms
    Reading took     137.139000 us
  Sample 59...
Starting computation...
    Writing took     3.519823 ms
    Computation took 211.701963 ms
    Reading took     136.139000 us
  Sample 60...
Starting computation...
    Writing took     3.512261 ms
    Computation took 210.399021 ms
    Reading took     154.554000 us
  Sample 61...
Starting computation...
    Writing took     3.430061 ms
    Computation took 208.463235 ms
    Reading took     140.257000 us
  Sample 62...
Starting computation...
    Writing took     3.407938 ms
    Computation took 207.940971 ms
    Reading took     137.210000 us
  Sample 63...
Starting computation...
    Writing took     3.479708 ms
    Computation took 207.982256 ms
    Reading took     140.450000 us
  Sample 64...
Starting computation...
    Writing took     3.487713 ms
    Computation took 207.931153 ms
    Reading took     134.801000 us
  Sample 65...
Starting computation...
    Writing took     3.488273 ms
    Computation took 207.912498 ms
    Reading took     136.436000 us
  Sample 66...
Starting computation...
    Writing took     3.513346 ms
    Computation took 207.898428 ms
    Reading took     113.967000 us
  Sample 67...
Starting computation...
    Writing took     2.915357 ms
    Computation took 207.925886 ms
    Reading took     121.302000 us
  Sample 68...
Starting computation...
    Writing took     2.915417 ms
    Computation took 207.996705 ms
    Reading took     147.611000 us
  Sample 69...
Starting computation...
    Writing took     3.440234 ms
    Computation took 207.947090 ms
    Reading took     134.243000 us
  Sample 70...
Starting computation...
    Writing took     3.467754 ms
    Computation took 207.924269 ms
    Reading took     139.256000 us
  Sample 71...
Starting computation...
    Writing took     3.505504 ms
    Computation took 207.911447 ms
    Reading took     216.322000 us
  Sample 72...
Starting computation...
    Writing took     5.906825 ms
    Computation took 208.012901 ms
    Reading took     137.763000 us
  Sample 73...
Starting computation...
    Writing took     3.470268 ms
    Computation took 208.001191 ms
    Reading took     136.625000 us
  Sample 74...
Starting computation...
    Writing took     3.459114 ms
    Computation took 207.986448 ms
    Reading took     137.342000 us
  Sample 75...
Starting computation...
    Writing took     3.445914 ms
    Computation took 207.931545 ms
    Reading took     139.537000 us
  Sample 76...
Starting computation...
    Writing took     3.458171 ms
    Computation took 207.970033 ms
    Reading took     136.219000 us
  Sample 77...
Starting computation...
    Writing took     3.497687 ms
    Computation took 207.945111 ms
    Reading took     138.021000 us
  Sample 78...
Starting computation...
    Writing took     3.510262 ms
    Computation took 208.826877 ms
    Reading took     210.437000 us
  Sample 79...
Starting computation...
    Writing took     5.878034 ms
    Computation took 209.569947 ms
    Reading took     139.067000 us
  Sample 80...
Starting computation...
    Writing took     3.486263 ms
    Computation took 208.756232 ms
    Reading took     209.133000 us
  Sample 81...
Starting computation...
    Writing took     5.914168 ms
    Computation took 208.620860 ms
    Reading took     138.517000 us
  Sample 82...
Starting computation...
    Writing took     3.524496 ms
    Computation took 210.306205 ms
    Reading took     134.626000 us
  Sample 83...
Starting computation...
    Writing took     3.462264 ms
    Computation took 210.235471 ms
    Reading took     115.273000 us
  Sample 84...
Starting computation...
    Writing took     3.044049 ms
    Computation took 211.086541 ms
    Reading took     118.019000 us
  Sample 85...
Starting computation...
    Writing took     3.039169 ms
    Computation took 211.377132 ms
    Reading took     122.128000 us
  Sample 86...
Starting computation...
    Writing took     3.161823 ms
    Computation took 210.851722 ms
    Reading took     119.110000 us
  Sample 87...
Starting computation...
    Writing took     3.218974 ms
    Computation took 209.972510 ms
    Reading took     214.565000 us
  Sample 88...
Starting computation...
    Writing took     5.810175 ms
    Computation took 209.556638 ms
    Reading took     128.752000 us
  Sample 89...
Starting computation...
    Writing took     3.480002 ms
    Computation took 208.051110 ms
    Reading took     128.704000 us
  Sample 90...
Starting computation...
    Writing took     3.469493 ms
    Computation took 207.930176 ms
    Reading took     103.863000 us
  Sample 91...
Starting computation...
    Writing took     2.702678 ms
    Computation took 207.952833 ms
    Reading took     109.431000 us
  Sample 92...
Starting computation...
    Writing took     2.670340 ms
    Computation took 208.204284 ms
    Reading took     152.425000 us
  Sample 93...
Starting computation...
    Writing took     4.067944 ms
    Computation took 208.418725 ms
    Reading took     153.326000 us
  Sample 94...
Starting computation...
    Writing took     3.680310 ms
    Computation took 208.649386 ms
    Reading took     138.715000 us
  Sample 95...
Starting computation...
    Writing took     3.726123 ms
    Computation took 208.287680 ms
    Reading took     134.709000 us
  Sample 96...
Starting computation...
    Writing took     3.697669 ms
    Computation took 208.657449 ms
    Reading took     104.601000 us
  Sample 97...
Starting computation...
    Writing took     2.648583 ms
    Computation took 208.586248 ms
    Reading took     108.625000 us
  Sample 98...
Starting computation...
    Writing took     2.830116 ms
    Computation took 208.234522 ms
    Reading took     100.272000 us
  Sample 99...
Starting computation...
    Writing took     2.760863 ms
    Computation took 208.014739 ms
    Reading took     108.977000 us
Mean computation time: 208.527415 ms
Mean deviation: 691.644000 us (0.33168%)
Mean computation time (per hash): 4.533204 ms
Mean deviation (per hash): 15.035000 us
