Using device #0: CUDA Device 'GeForce GTX 1080 Ti'
  Sample 0...
Starting computation...
    Writing took     6.896702 ms
    Computation took 320.341921 ms
    Reading took     256.551000 us
  Sample 1...
Starting computation...
    Writing took     6.930887 ms
    Computation took 320.395403 ms
    Reading took     250.770000 us
  Sample 2...
Starting computation...
    Writing took     6.917832 ms
    Computation took 319.929693 ms
    Reading took     251.408000 us
  Sample 3...
Starting computation...
    Writing took     6.770434 ms
    Computation took 316.296154 ms
    Reading took     253.226000 us
  Sample 4...
Starting computation...
    Writing took     7.093240 ms
    Computation took 313.984904 ms
    Reading took     252.960000 us
  Sample 5...
Starting computation...
    Writing took     6.971809 ms
    Computation took 312.097463 ms
    Reading took     252.293000 us
  Sample 6...
Starting computation...
    Writing took     6.962184 ms
    Computation took 310.693077 ms
    Reading took     270.710000 us
  Sample 7...
Starting computation...
    Writing took     6.678645 ms
    Computation took 309.201791 ms
    Reading took     254.523000 us
  Sample 8...
Starting computation...
    Writing took     7.105469 ms
    Computation took 308.030359 ms
    Reading took     253.914000 us
  Sample 9...
Starting computation...
    Writing took     6.939946 ms
    Computation took 307.223781 ms
    Reading took     250.823000 us
  Sample 10...
Starting computation...
    Writing took     6.960086 ms
    Computation took 306.335466 ms
    Reading took     263.696000 us
  Sample 11...
Starting computation...
    Writing took     7.440565 ms
    Computation took 305.953624 ms
    Reading took     256.062000 us
  Sample 12...
Starting computation...
    Writing took     7.211199 ms
    Computation took 305.880888 ms
    Reading took     254.208000 us
  Sample 13...
Starting computation...
    Writing took     6.954072 ms
    Computation took 305.858406 ms
    Reading took     264.093000 us
  Sample 14...
Starting computation...
    Writing took     6.887889 ms
    Computation took 306.048737 ms
    Reading took     253.333000 us
  Sample 15...
Starting computation...
    Writing took     6.926382 ms
    Computation took 305.594728 ms
    Reading took     250.929000 us
  Sample 16...
Starting computation...
    Writing took     6.947048 ms
    Computation took 306.070406 ms
    Reading took     250.960000 us
  Sample 17...
Starting computation...
    Writing took     6.932319 ms
    Computation took 306.226157 ms
    Reading took     254.730000 us
  Sample 18...
Starting computation...
    Writing took     6.901519 ms
    Computation took 306.706183 ms
    Reading took     252.948000 us
  Sample 19...
Starting computation...
    Writing took     6.929851 ms
    Computation took 306.753868 ms
    Reading took     253.046000 us
  Sample 20...
Starting computation...
    Writing took     9.541379 ms
    Computation took 306.813621 ms
    Reading took     401.372000 us
  Sample 21...
Starting computation...
    Writing took     9.332424 ms
    Computation took 307.224575 ms
    Reading took     252.364000 us
  Sample 22...
Starting computation...
    Writing took     6.942048 ms
    Computation took 309.435914 ms
    Reading took     251.675000 us
  Sample 23...
Starting computation...
    Writing took     6.960501 ms
    Computation took 308.633642 ms
    Reading took     254.427000 us
  Sample 24...
Starting computation...
    Writing took     6.967147 ms
    Computation took 307.949939 ms
    Reading took     252.506000 us
  Sample 25...
Starting computation...
    Writing took     8.108022 ms
    Computation took 307.551596 ms
    Reading took     252.720000 us
  Sample 26...
Starting computation...
    Writing took     6.932202 ms
    Computation took 308.382735 ms
    Reading took     244.407000 us
  Sample 27...
Starting computation...
    Writing took     6.735482 ms
    Computation took 307.976501 ms
    Reading took     243.636000 us
  Sample 28...
Starting computation...
    Writing took     6.709758 ms
    Computation took 308.168631 ms
    Reading took     451.180000 us
  Sample 29...
Starting computation...
    Writing took     7.870124 ms
    Computation took 308.158705 ms
    Reading took     253.545000 us
  Sample 30...
Starting computation...
    Writing took     6.904293 ms
    Computation took 308.131507 ms
    Reading took     285.350000 us
  Sample 31...
Starting computation...
    Writing took     7.554859 ms
    Computation took 308.045060 ms
    Reading took     267.663000 us
  Sample 32...
Starting computation...
    Writing took     7.712143 ms
    Computation took 309.032792 ms
    Reading took     280.123000 us
  Sample 33...
Starting computation...
    Writing took     6.984484 ms
    Computation took 309.761637 ms
    Reading took     275.461000 us
  Sample 34...
Starting computation...
    Writing took     7.355163 ms
    Computation took 308.821960 ms
    Reading took     267.576000 us
  Sample 35...
Starting computation...
    Writing took     7.994145 ms
    Computation took 307.779850 ms
    Reading took     370.553000 us
  Sample 36...
Starting computation...
    Writing took     12.089212 ms
    Computation took 307.508868 ms
    Reading took     306.827000 us
  Sample 37...
Starting computation...
    Writing took     7.784780 ms
    Computation took 307.448878 ms
    Reading took     266.850000 us
  Sample 38...
Starting computation...
    Writing took     7.342713 ms
    Computation took 306.910757 ms
    Reading took     267.956000 us
  Sample 39...
Starting computation...
    Writing took     6.964204 ms
    Computation took 306.145274 ms
    Reading took     267.586000 us
  Sample 40...
Starting computation...
    Writing took     7.032436 ms
    Computation took 305.960466 ms
    Reading took     259.790000 us
  Sample 41...
Starting computation...
    Writing took     6.954536 ms
    Computation took 306.592232 ms
    Reading took     456.560000 us
  Sample 42...
Starting computation...
    Writing took     13.071523 ms
    Computation took 306.166133 ms
    Reading took     256.977000 us
  Sample 43...
Starting computation...
    Writing took     6.726647 ms
    Computation took 307.065414 ms
    Reading took     273.261000 us
  Sample 44...
Starting computation...
    Writing took     7.019854 ms
    Computation took 307.788315 ms
    Reading took     268.690000 us
  Sample 45...
Starting computation...
    Writing took     7.737263 ms
    Computation took 307.758028 ms
    Reading took     324.131000 us
  Sample 46...
Starting computation...
    Writing took     8.009686 ms
    Computation took 309.532285 ms
    Reading took     440.585000 us
  Sample 47...
Starting computation...
    Writing took     12.239705 ms
    Computation took 309.249087 ms
    Reading took     268.149000 us
  Sample 48...
Starting computation...
    Writing took     6.982689 ms
    Computation took 309.121257 ms
    Reading took     266.674000 us
  Sample 49...
Starting computation...
    Writing took     6.999242 ms
    Computation took 308.126560 ms
    Reading took     265.053000 us
  Sample 50...
Starting computation...
    Writing took     6.983913 ms
    Computation took 308.062191 ms
    Reading took     268.169000 us
  Sample 51...
Starting computation...
    Writing took     6.931195 ms
    Computation took 308.032605 ms
    Reading took     295.279000 us
  Sample 52...
Starting computation...
    Writing took     6.993653 ms
    Computation took 307.600332 ms
    Reading took     266.685000 us
  Sample 53...
Starting computation...
    Writing took     6.968980 ms
    Computation took 307.555191 ms
    Reading took     266.023000 us
  Sample 54...
Starting computation...
    Writing took     7.024588 ms
    Computation took 308.762978 ms
    Reading took     270.529000 us
  Sample 55...
Starting computation...
    Writing took     7.014792 ms
    Computation took 309.297887 ms
    Reading took     296.378000 us
  Sample 56...
Starting computation...
    Writing took     8.425669 ms
    Computation took 309.809433 ms
    Reading took     265.597000 us
  Sample 57...
Starting computation...
    Writing took     6.983726 ms
    Computation took 312.618317 ms
    Reading took     429.685000 us
  Sample 58...
Starting computation...
    Writing took     12.197073 ms
    Computation took 310.772097 ms
    Reading took     260.041000 us
  Sample 59...
Starting computation...
    Writing took     6.705799 ms
    Computation took 309.273606 ms
    Reading took     275.107000 us
  Sample 60...
Starting computation...
    Writing took     8.630191 ms
    Computation took 308.147271 ms
    Reading took     270.736000 us
  Sample 61...
Starting computation...
    Writing took     7.000756 ms
    Computation took 307.913028 ms
    Reading took     266.871000 us
  Sample 62...
Starting computation...
    Writing took     6.951570 ms
    Computation took 307.968987 ms
    Reading took     369.059000 us
  Sample 63...
Starting computation...
    Writing took     8.526795 ms
    Computation took 308.966887 ms
    Reading took     268.469000 us
  Sample 64...
Starting computation...
    Writing took     8.636582 ms
    Computation took 308.821382 ms
    Reading took     278.407000 us
  Sample 65...
Starting computation...
    Writing took     6.942078 ms
    Computation took 308.897167 ms
    Reading took     429.830000 us
  Sample 66...
Starting computation...
    Writing took     7.753817 ms
    Computation took 310.089565 ms
    Reading took     264.598000 us
  Sample 67...
Starting computation...
    Writing took     7.561869 ms
    Computation took 310.837648 ms
    Reading took     339.790000 us
  Sample 68...
Starting computation...
    Writing took     9.268797 ms
    Computation took 308.938412 ms
    Reading took     392.045000 us
  Sample 69...
Starting computation...
    Writing took     7.553284 ms
    Computation took 308.170262 ms
    Reading took     348.006000 us
  Sample 70...
Starting computation...
    Writing took     6.950883 ms
    Computation took 308.644328 ms
    Reading took     284.715000 us
  Sample 71...
Starting computation...
    Writing took     7.577354 ms
    Computation took 308.500234 ms
    Reading took     416.610000 us
  Sample 72...
Starting computation...
    Writing took     8.724641 ms
    Computation took 308.780918 ms
    Reading took     251.125000 us
  Sample 73...
Starting computation...
    Writing took     6.960983 ms
    Computation took 308.159391 ms
    Reading took     253.824000 us
  Sample 74...
Starting computation...
    Writing took     6.931212 ms
    Computation took 308.822671 ms
    Reading took     265.720000 us
  Sample 75...
Starting computation...
    Writing took     6.976129 ms
    Computation took 309.288934 ms
    Reading took     268.346000 us
  Sample 76...
Starting computation...
    Writing took     7.255476 ms
    Computation took 310.836749 ms
    Reading took     268.803000 us
  Sample 77...
Starting computation...
    Writing took     6.858404 ms
    Computation took 314.585822 ms
    Reading took     266.075000 us
  Sample 78...
Starting computation...
    Writing took     6.996346 ms
    Computation took 313.885164 ms
    Reading took     266.144000 us
  Sample 79...
Starting computation...
    Writing took     6.994343 ms
    Computation took 312.521952 ms
    Reading took     453.930000 us
  Sample 80...
Starting computation...
    Writing took     7.123369 ms
    Computation took 311.126685 ms
    Reading took     288.931000 us
  Sample 81...
Starting computation...
    Writing took     7.064389 ms
    Computation took 309.733900 ms
    Reading took     267.819000 us
  Sample 82...
Starting computation...
    Writing took     6.945328 ms
    Computation took 308.892655 ms
    Reading took     266.300000 us
  Sample 83...
Starting computation...
    Writing took     6.957942 ms
    Computation took 307.537104 ms
    Reading took     268.927000 us
  Sample 84...
Starting computation...
    Writing took     7.003237 ms
    Computation took 306.903450 ms
    Reading took     276.866000 us
  Sample 85...
Starting computation...
    Writing took     6.942810 ms
    Computation took 307.439052 ms
    Reading took     266.773000 us
  Sample 86...
Starting computation...
    Writing took     6.982811 ms
    Computation took 307.740517 ms
    Reading took     272.558000 us
  Sample 87...
Starting computation...
    Writing took     7.378897 ms
    Computation took 307.751913 ms
    Reading took     301.180000 us
  Sample 88...
Starting computation...
    Writing took     9.755626 ms
    Computation took 308.497605 ms
    Reading took     268.141000 us
  Sample 89...
Starting computation...
    Writing took     8.653233 ms
    Computation took 308.072163 ms
    Reading took     266.736000 us
  Sample 90...
Starting computation...
    Writing took     6.975873 ms
    Computation took 307.847127 ms
    Reading took     266.633000 us
  Sample 91...
Starting computation...
    Writing took     7.425523 ms
    Computation took 308.152160 ms
    Reading took     268.093000 us
  Sample 92...
Starting computation...
    Writing took     6.947214 ms
    Computation took 307.814315 ms
    Reading took     263.590000 us
  Sample 93...
Starting computation...
    Writing took     6.962400 ms
    Computation took 307.419608 ms
    Reading took     265.946000 us
  Sample 94...
Starting computation...
    Writing took     7.034782 ms
    Computation took 307.688469 ms
    Reading took     265.448000 us
  Sample 95...
Starting computation...
    Writing took     6.996702 ms
    Computation took 307.566777 ms
    Reading took     278.552000 us
  Sample 96...
Starting computation...
    Writing took     6.963185 ms
    Computation took 308.610122 ms
    Reading took     282.221000 us
  Sample 97...
Starting computation...
    Writing took     6.930569 ms
    Computation took 310.659565 ms
    Reading took     266.537000 us
  Sample 98...
Starting computation...
    Writing took     7.005519 ms
    Computation took 310.120867 ms
    Reading took     268.090000 us
  Sample 99...
Starting computation...
    Writing took     8.186398 ms
    Computation took 308.772616 ms
    Reading took     272.998000 us
Mean computation time: 308.897733 ms
Mean deviation: 1.754188 ms (0.567886%)
Mean computation time (per hash): 3.286145 ms
Mean deviation (per hash): 18.661000 us
