Using device #0: CUDA Device 'GeForce GTX 1080 Ti'
  Sample 0...
Starting computation...
    Writing took     9.016442 ms
    Computation took 245.638346 ms
    Reading took     345.804000 us
  Sample 1...
Starting computation...
    Writing took     10.194157 ms
    Computation took 245.337784 ms
    Reading took     224.066000 us
  Sample 2...
Starting computation...
    Writing took     5.911264 ms
    Computation took 245.252233 ms
    Reading took     209.551000 us
  Sample 3...
Starting computation...
    Writing took     5.412823 ms
    Computation took 245.168138 ms
    Reading took     216.583000 us
  Sample 4...
Starting computation...
    Writing took     5.375070 ms
    Computation took 245.142725 ms
    Reading took     209.216000 us
  Sample 5...
Starting computation...
    Writing took     5.388653 ms
    Computation took 245.865792 ms
    Reading took     229.130000 us
  Sample 6...
Starting computation...
    Writing took     5.384717 ms
    Computation took 247.061366 ms
    Reading took     212.135000 us
  Sample 7...
Starting computation...
    Writing took     5.384518 ms
    Computation took 246.055905 ms
    Reading took     210.680000 us
  Sample 8...
Starting computation...
    Writing took     5.380953 ms
    Computation took 245.978177 ms
    Reading took     221.265000 us
  Sample 9...
Starting computation...
    Writing took     5.402204 ms
    Computation took 245.490063 ms
    Reading took     240.110000 us
  Sample 10...
Starting computation...
    Writing took     7.117355 ms
    Computation took 245.384139 ms
    Reading took     294.177000 us
  Sample 11...
Starting computation...
    Writing took     7.475212 ms
    Computation took 245.396393 ms
    Reading took     297.063000 us
  Sample 12...
Starting computation...
    Writing took     8.034625 ms
    Computation took 245.590774 ms
    Reading took     247.873000 us
  Sample 13...
Starting computation...
    Writing took     6.366340 ms
    Computation took 245.556553 ms
    Reading took     195.732000 us
  Sample 14...
Starting computation...
    Writing took     4.812203 ms
    Computation took 245.541590 ms
    Reading took     176.011000 us
  Sample 15...
Starting computation...
    Writing took     4.505607 ms
    Computation took 245.526503 ms
    Reading took     181.186000 us
  Sample 16...
Starting computation...
    Writing took     4.505102 ms
    Computation took 246.171293 ms
    Reading took     321.086000 us
  Sample 17...
Starting computation...
    Writing took     9.237746 ms
    Computation took 245.425140 ms
    Reading took     197.644000 us
  Sample 18...
Starting computation...
    Writing took     5.340624 ms
    Computation took 246.276817 ms
    Reading took     204.161000 us
  Sample 19...
Starting computation...
    Writing took     5.336185 ms
    Computation took 248.216040 ms
    Reading took     196.117000 us
  Sample 20...
Starting computation...
    Writing took     5.334860 ms
    Computation took 247.970331 ms
    Reading took     196.599000 us
  Sample 21...
Starting computation...
    Writing took     5.346000 ms
    Computation took 248.105479 ms
    Reading took     198.694000 us
  Sample 22...
Starting computation...
    Writing took     5.381077 ms
    Computation took 248.310788 ms
    Reading took     195.783000 us
  Sample 23...
Starting computation...
    Writing took     5.316584 ms
    Computation took 247.928194 ms
    Reading took     301.836000 us
  Sample 24...
Starting computation...
    Writing took     9.169937 ms
    Computation took 248.251538 ms
    Reading took     271.227000 us
  Sample 25...
Starting computation...
    Writing took     6.681644 ms
    Computation took 246.883202 ms
    Reading took     155.384000 us
  Sample 26...
Starting computation...
    Writing took     4.056438 ms
    Computation took 246.567446 ms
    Reading took     156.725000 us
  Sample 27...
Starting computation...
    Writing took     4.304003 ms
    Computation took 246.064398 ms
    Reading took     342.355000 us
  Sample 28...
Starting computation...
    Writing took     9.364471 ms
    Computation took 246.009843 ms
    Reading took     281.880000 us
  Sample 29...
Starting computation...
    Writing took     7.819367 ms
    Computation took 245.460638 ms
    Reading took     306.748000 us
  Sample 30...
Starting computation...
    Writing took     9.045764 ms
    Computation took 245.446891 ms
    Reading took     181.353000 us
  Sample 31...
Starting computation...
    Writing took     4.422488 ms
    Computation took 245.551561 ms
    Reading took     171.339000 us
  Sample 32...
Starting computation...
    Writing took     4.319896 ms
    Computation took 245.575732 ms
    Reading took     171.015000 us
  Sample 33...
Starting computation...
    Writing took     4.247224 ms
    Computation took 245.502290 ms
    Reading took     281.998000 us
  Sample 34...
Starting computation...
    Writing took     7.528960 ms
    Computation took 245.607986 ms
    Reading took     188.209000 us
  Sample 35...
Starting computation...
    Writing took     4.717390 ms
    Computation took 246.604842 ms
    Reading took     186.639000 us
  Sample 36...
Starting computation...
    Writing took     4.686621 ms
    Computation took 249.484502 ms
    Reading took     176.043000 us
  Sample 37...
Starting computation...
    Writing took     4.309069 ms
    Computation took 250.186099 ms
    Reading took     188.058000 us
  Sample 38...
Starting computation...
    Writing took     4.525990 ms
    Computation took 250.468128 ms
    Reading took     186.437000 us
  Sample 39...
Starting computation...
    Writing took     4.644714 ms
    Computation took 251.831033 ms
    Reading took     182.914000 us
  Sample 40...
Starting computation...
    Writing took     4.509413 ms
    Computation took 252.785801 ms
    Reading took     179.419000 us
  Sample 41...
Starting computation...
    Writing took     4.443500 ms
    Computation took 252.565818 ms
    Reading took     179.420000 us
  Sample 42...
Starting computation...
    Writing took     4.391443 ms
    Computation took 252.579844 ms
    Reading took     189.098000 us
  Sample 43...
Starting computation...
    Writing took     4.721273 ms
    Computation took 254.118617 ms
    Reading took     287.834000 us
  Sample 44...
Starting computation...
    Writing took     8.237916 ms
    Computation took 254.804333 ms
    Reading took     183.720000 us
  Sample 45...
Starting computation...
    Writing took     4.696760 ms
    Computation took 254.614671 ms
    Reading took     185.544000 us
  Sample 46...
Starting computation...
    Writing took     4.642823 ms
    Computation took 254.684934 ms
    Reading took     190.924000 us
  Sample 47...
Starting computation...
    Writing took     4.940935 ms
    Computation took 257.262417 ms
    Reading took     191.324000 us
  Sample 48...
Starting computation...
    Writing took     4.211958 ms
    Computation took 257.941299 ms
    Reading took     217.530000 us
  Sample 49...
Starting computation...
    Writing took     5.090372 ms
    Computation took 258.263167 ms
    Reading took     189.755000 us
  Sample 50...
Starting computation...
    Writing took     4.779106 ms
    Computation took 257.727023 ms
    Reading took     200.812000 us
  Sample 51...
Starting computation...
    Writing took     5.198745 ms
    Computation took 256.548905 ms
    Reading took     169.485000 us
  Sample 52...
Starting computation...
    Writing took     4.282238 ms
    Computation took 256.205286 ms
    Reading took     168.019000 us
  Sample 53...
Starting computation...
    Writing took     4.055882 ms
    Computation took 253.709062 ms
    Reading took     181.973000 us
  Sample 54...
Starting computation...
    Writing took     4.115610 ms
    Computation took 253.871789 ms
    Reading took     187.145000 us
  Sample 55...
Starting computation...
    Writing took     4.591759 ms
    Computation took 253.960650 ms
    Reading took     188.955000 us
  Sample 56...
Starting computation...
    Writing took     4.572120 ms
    Computation took 254.618637 ms
    Reading took     186.948000 us
  Sample 57...
Starting computation...
    Writing took     4.744553 ms
    Computation took 253.281133 ms
    Reading took     179.768000 us
  Sample 58...
Starting computation...
    Writing took     4.510912 ms
    Computation took 252.944066 ms
    Reading took     196.146000 us
  Sample 59...
Starting computation...
    Writing took     5.069790 ms
    Computation took 253.001327 ms
    Reading took     239.611000 us
  Sample 60...
Starting computation...
    Writing took     6.172534 ms
    Computation took 252.346104 ms
    Reading took     221.322000 us
  Sample 61...
Starting computation...
    Writing took     5.822681 ms
    Computation took 252.710287 ms
    Reading took     223.351000 us
  Sample 62...
Starting computation...
    Writing took     5.853389 ms
    Computation took 251.639895 ms
    Reading took     245.338000 us
  Sample 63...
Starting computation...
    Writing took     5.396135 ms
    Computation took 250.924214 ms
    Reading took     170.233000 us
  Sample 64...
Starting computation...
    Writing took     4.206345 ms
    Computation took 250.355453 ms
    Reading took     185.940000 us
  Sample 65...
Starting computation...
    Writing took     4.684931 ms
    Computation took 250.680084 ms
    Reading took     190.410000 us
  Sample 66...
Starting computation...
    Writing took     4.776329 ms
    Computation took 251.496563 ms
    Reading took     225.662000 us
  Sample 67...
Starting computation...
    Writing took     6.604172 ms
    Computation took 251.781924 ms
    Reading took     183.865000 us
  Sample 68...
Starting computation...
    Writing took     4.661440 ms
    Computation took 250.741401 ms
    Reading took     209.246000 us
  Sample 69...
Starting computation...
    Writing took     4.788924 ms
    Computation took 251.448125 ms
    Reading took     187.678000 us
  Sample 70...
Starting computation...
    Writing took     4.659987 ms
    Computation took 252.054719 ms
    Reading took     182.148000 us
  Sample 71...
Starting computation...
    Writing took     4.609820 ms
    Computation took 251.969713 ms
    Reading took     180.035000 us
  Sample 72...
Starting computation...
    Writing took     4.583484 ms
    Computation took 249.244936 ms
    Reading took     183.421000 us
  Sample 73...
Starting computation...
    Writing took     4.442322 ms
    Computation took 249.417140 ms
    Reading took     192.946000 us
  Sample 74...
Starting computation...
    Writing took     4.783363 ms
    Computation took 248.064677 ms
    Reading took     247.213000 us
  Sample 75...
Starting computation...
    Writing took     6.132667 ms
    Computation took 248.030855 ms
    Reading took     196.139000 us
  Sample 76...
Starting computation...
    Writing took     5.026508 ms
    Computation took 248.107616 ms
    Reading took     188.339000 us
  Sample 77...
Starting computation...
    Writing took     4.907039 ms
    Computation took 247.933015 ms
    Reading took     183.263000 us
  Sample 78...
Starting computation...
    Writing took     4.612130 ms
    Computation took 247.966827 ms
    Reading took     189.259000 us
  Sample 79...
Starting computation...
    Writing took     4.861859 ms
    Computation took 248.188410 ms
    Reading took     188.351000 us
  Sample 80...
Starting computation...
    Writing took     4.735598 ms
    Computation took 248.348788 ms
    Reading took     187.613000 us
  Sample 81...
Starting computation...
    Writing took     4.652190 ms
    Computation took 248.498225 ms
    Reading took     197.205000 us
  Sample 82...
Starting computation...
    Writing took     5.013745 ms
    Computation took 249.955619 ms
    Reading took     188.006000 us
  Sample 83...
Starting computation...
    Writing took     4.848459 ms
    Computation took 251.925710 ms
    Reading took     202.662000 us
  Sample 84...
Starting computation...
    Writing took     5.148800 ms
    Computation took 251.306879 ms
    Reading took     190.037000 us
  Sample 85...
Starting computation...
    Writing took     4.852259 ms
    Computation took 251.126472 ms
    Reading took     201.128000 us
  Sample 86...
Starting computation...
    Writing took     5.180359 ms
    Computation took 252.930525 ms
    Reading took     319.625000 us
  Sample 87...
Starting computation...
    Writing took     6.685668 ms
    Computation took 253.563172 ms
    Reading took     198.101000 us
  Sample 88...
Starting computation...
    Writing took     5.328823 ms
    Computation took 252.220965 ms
    Reading took     195.732000 us
  Sample 89...
Starting computation...
    Writing took     5.337829 ms
    Computation took 250.699557 ms
    Reading took     195.406000 us
  Sample 90...
Starting computation...
    Writing took     5.343710 ms
    Computation took 252.270265 ms
    Reading took     194.913000 us
  Sample 91...
Starting computation...
    Writing took     5.351310 ms
    Computation took 252.844806 ms
    Reading took     197.068000 us
  Sample 92...
Starting computation...
    Writing took     5.345197 ms
    Computation took 253.577485 ms
    Reading took     196.148000 us
  Sample 93...
Starting computation...
    Writing took     5.350348 ms
    Computation took 249.645191 ms
    Reading took     313.596000 us
  Sample 94...
Starting computation...
    Writing took     8.968277 ms
    Computation took 249.388922 ms
    Reading took     155.791000 us
  Sample 95...
Starting computation...
    Writing took     4.194955 ms
    Computation took 248.620350 ms
    Reading took     152.606000 us
  Sample 96...
Starting computation...
    Writing took     4.113040 ms
    Computation took 248.458272 ms
    Reading took     194.986000 us
  Sample 97...
Starting computation...
    Writing took     5.339912 ms
    Computation took 248.378330 ms
    Reading took     157.004000 us
  Sample 98...
Starting computation...
    Writing took     4.172443 ms
    Computation took 249.656591 ms
    Reading took     154.849000 us
  Sample 99...
Starting computation...
    Writing took     4.155977 ms
    Computation took 250.827932 ms
    Reading took     154.752000 us
Mean computation time: 249.787214 ms
Mean deviation: 2.987456 ms (1.196%)
Mean computation time (per hash): 3.469266 ms
Mean deviation (per hash): 41.492000 us
