Using device #0: CUDA Device 'GeForce GTX 1080 Ti'
  Sample 0...
Starting computation...
    Writing took     4.808856 ms
    Computation took 223.151091 ms
    Reading took     134.591000 us
  Sample 1...
Starting computation...
    Writing took     3.448682 ms
    Computation took 223.127370 ms
    Reading took     146.664000 us
  Sample 2...
Starting computation...
    Writing took     3.304520 ms
    Computation took 223.034387 ms
    Reading took     175.444000 us
  Sample 3...
Starting computation...
    Writing took     4.716723 ms
    Computation took 223.147759 ms
    Reading took     171.617000 us
  Sample 4...
Starting computation...
    Writing took     4.706769 ms
    Computation took 223.111021 ms
    Reading took     175.710000 us
  Sample 5...
Starting computation...
    Writing took     4.757227 ms
    Computation took 223.122112 ms
    Reading took     159.880000 us
  Sample 6...
Starting computation...
    Writing took     4.364369 ms
    Computation took 223.107792 ms
    Reading took     160.476000 us
  Sample 7...
Starting computation...
    Writing took     4.376765 ms
    Computation took 223.303593 ms
    Reading took     165.494000 us
  Sample 8...
Starting computation...
    Writing took     4.370791 ms
    Computation took 224.162071 ms
    Reading took     161.246000 us
  Sample 9...
Starting computation...
    Writing took     4.344435 ms
    Computation took 224.434096 ms
    Reading took     163.686000 us
  Sample 10...
Starting computation...
    Writing took     4.371403 ms
    Computation took 225.048808 ms
    Reading took     228.423000 us
  Sample 11...
Starting computation...
    Writing took     7.251813 ms
    Computation took 224.669700 ms
    Reading took     160.669000 us
  Sample 12...
Starting computation...
    Writing took     4.383261 ms
    Computation took 224.464357 ms
    Reading took     165.746000 us
  Sample 13...
Starting computation...
    Writing took     4.383336 ms
    Computation took 224.619286 ms
    Reading took     160.935000 us
  Sample 14...
Starting computation...
    Writing took     4.420251 ms
    Computation took 225.375379 ms
    Reading took     162.176000 us
  Sample 15...
Starting computation...
    Writing took     4.397209 ms
    Computation took 226.243527 ms
    Reading took     160.807000 us
  Sample 16...
Starting computation...
    Writing took     4.397119 ms
    Computation took 226.345893 ms
    Reading took     160.535000 us
  Sample 17...
Starting computation...
    Writing took     4.361196 ms
    Computation took 225.648842 ms
    Reading took     163.084000 us
  Sample 18...
Starting computation...
    Writing took     4.354758 ms
    Computation took 226.261860 ms
    Reading took     161.326000 us
  Sample 19...
Starting computation...
    Writing took     4.382847 ms
    Computation took 225.495446 ms
    Reading took     159.741000 us
  Sample 20...
Starting computation...
    Writing took     4.361519 ms
    Computation took 225.236704 ms
    Reading took     160.440000 us
  Sample 21...
Starting computation...
    Writing took     4.380097 ms
    Computation took 224.935000 ms
    Reading took     159.445000 us
  Sample 22...
Starting computation...
    Writing took     4.399440 ms
    Computation took 225.471098 ms
    Reading took     160.573000 us
  Sample 23...
Starting computation...
    Writing took     4.376266 ms
    Computation took 226.309102 ms
    Reading took     131.043000 us
  Sample 24...
Starting computation...
    Writing took     3.672617 ms
    Computation took 226.783911 ms
    Reading took     130.086000 us
  Sample 25...
Starting computation...
    Writing took     3.451482 ms
    Computation took 226.613819 ms
    Reading took     155.995000 us
  Sample 26...
Starting computation...
    Writing took     3.736443 ms
    Computation took 226.961720 ms
    Reading took     130.356000 us
  Sample 27...
Starting computation...
    Writing took     3.667890 ms
    Computation took 227.349321 ms
    Reading took     302.786000 us
  Sample 28...
Starting computation...
    Writing took     8.696292 ms
    Computation took 227.749820 ms
    Reading took     278.512000 us
  Sample 29...
Starting computation...
    Writing took     7.563172 ms
    Computation took 228.270420 ms
    Reading took     173.624000 us
  Sample 30...
Starting computation...
    Writing took     4.424321 ms
    Computation took 229.064000 ms
    Reading took     270.249000 us
  Sample 31...
Starting computation...
    Writing took     7.457655 ms
    Computation took 231.632994 ms
    Reading took     137.950000 us
  Sample 32...
Starting computation...
    Writing took     3.681087 ms
    Computation took 238.041547 ms
    Reading took     130.065000 us
  Sample 33...
Starting computation...
    Writing took     3.450432 ms
    Computation took 239.801784 ms
    Reading took     147.589000 us
  Sample 34...
Starting computation...
    Writing took     3.403026 ms
    Computation took 238.210385 ms
    Reading took     137.096000 us
  Sample 35...
Starting computation...
    Writing took     3.675280 ms
    Computation took 236.033315 ms
    Reading took     152.966000 us
  Sample 36...
Starting computation...
    Writing took     4.045519 ms
    Computation took 234.590199 ms
    Reading took     245.418000 us
  Sample 37...
Starting computation...
    Writing took     6.921529 ms
    Computation took 231.336935 ms
    Reading took     176.629000 us
  Sample 38...
Starting computation...
    Writing took     4.768257 ms
    Computation took 229.798483 ms
    Reading took     172.461000 us
  Sample 39...
Starting computation...
    Writing took     4.707870 ms
    Computation took 227.741829 ms
    Reading took     187.077000 us
  Sample 40...
Starting computation...
    Writing took     4.048881 ms
    Computation took 226.696949 ms
    Reading took     145.460000 us
  Sample 41...
Starting computation...
    Writing took     3.913167 ms
    Computation took 225.471856 ms
    Reading took     147.891000 us
  Sample 42...
Starting computation...
    Writing took     3.907965 ms
    Computation took 223.952669 ms
    Reading took     143.487000 us
  Sample 43...
Starting computation...
    Writing took     3.775222 ms
    Computation took 223.852136 ms
    Reading took     150.120000 us
  Sample 44...
Starting computation...
    Writing took     3.897768 ms
    Computation took 225.292065 ms
    Reading took     141.121000 us
  Sample 45...
Starting computation...
    Writing took     3.790686 ms
    Computation took 227.427378 ms
    Reading took     130.033000 us
  Sample 46...
Starting computation...
    Writing took     3.533937 ms
    Computation took 227.773309 ms
    Reading took     137.713000 us
  Sample 47...
Starting computation...
    Writing took     3.636249 ms
    Computation took 227.811837 ms
    Reading took     180.725000 us
  Sample 48...
Starting computation...
    Writing took     3.627910 ms
    Computation took 226.742093 ms
    Reading took     128.155000 us
  Sample 49...
Starting computation...
    Writing took     3.369139 ms
    Computation took 226.676433 ms
    Reading took     138.921000 us
  Sample 50...
Starting computation...
    Writing took     3.655478 ms
    Computation took 225.799069 ms
    Reading took     129.860000 us
  Sample 51...
Starting computation...
    Writing took     3.460686 ms
    Computation took 225.241271 ms
    Reading took     139.822000 us
  Sample 52...
Starting computation...
    Writing took     3.760406 ms
    Computation took 225.873939 ms
    Reading took     142.568000 us
  Sample 53...
Starting computation...
    Writing took     3.869096 ms
    Computation took 227.050437 ms
    Reading took     140.559000 us
  Sample 54...
Starting computation...
    Writing took     3.744260 ms
    Computation took 227.066549 ms
    Reading took     137.200000 us
  Sample 55...
Starting computation...
    Writing took     3.643818 ms
    Computation took 227.264711 ms
    Reading took     140.048000 us
  Sample 56...
Starting computation...
    Writing took     3.804215 ms
    Computation took 226.975910 ms
    Reading took     135.530000 us
  Sample 57...
Starting computation...
    Writing took     3.629736 ms
    Computation took 227.962206 ms
    Reading took     139.679000 us
  Sample 58...
Starting computation...
    Writing took     3.715375 ms
    Computation took 229.438761 ms
    Reading took     247.882000 us
  Sample 59...
Starting computation...
    Writing took     7.472572 ms
    Computation took 229.389206 ms
    Reading took     241.294000 us
  Sample 60...
Starting computation...
    Writing took     7.514999 ms
    Computation took 226.296484 ms
    Reading took     162.075000 us
  Sample 61...
Starting computation...
    Writing took     4.404314 ms
    Computation took 226.581516 ms
    Reading took     162.939000 us
  Sample 62...
Starting computation...
    Writing took     4.377771 ms
    Computation took 226.663966 ms
    Reading took     176.479000 us
  Sample 63...
Starting computation...
    Writing took     3.792159 ms
    Computation took 226.920395 ms
    Reading took     133.267000 us
  Sample 64...
Starting computation...
    Writing took     3.557521 ms
    Computation took 228.035650 ms
    Reading took     128.256000 us
  Sample 65...
Starting computation...
    Writing took     3.495711 ms
    Computation took 229.929521 ms
    Reading took     127.927000 us
  Sample 66...
Starting computation...
    Writing took     3.420783 ms
    Computation took 230.841843 ms
    Reading took     280.757000 us
  Sample 67...
Starting computation...
    Writing took     8.015348 ms
    Computation took 229.763895 ms
    Reading took     138.852000 us
  Sample 68...
Starting computation...
    Writing took     3.595006 ms
    Computation took 228.373053 ms
    Reading took     140.235000 us
  Sample 69...
Starting computation...
    Writing took     3.704544 ms
    Computation took 226.615936 ms
    Reading took     147.772000 us
  Sample 70...
Starting computation...
    Writing took     3.885760 ms
    Computation took 226.925435 ms
    Reading took     147.035000 us
  Sample 71...
Starting computation...
    Writing took     4.009121 ms
    Computation took 227.020485 ms
    Reading took     131.788000 us
  Sample 72...
Starting computation...
    Writing took     3.503083 ms
    Computation took 226.571005 ms
    Reading took     155.490000 us
  Sample 73...
Starting computation...
    Writing took     3.384248 ms
    Computation took 225.776699 ms
    Reading took     138.607000 us
  Sample 74...
Starting computation...
    Writing took     3.636034 ms
    Computation took 225.841878 ms
    Reading took     128.867000 us
  Sample 75...
Starting computation...
    Writing took     3.575543 ms
    Computation took 227.886442 ms
    Reading took     137.406000 us
  Sample 76...
Starting computation...
    Writing took     3.648548 ms
    Computation took 230.182297 ms
    Reading took     129.919000 us
  Sample 77...
Starting computation...
    Writing took     3.388102 ms
    Computation took 230.189641 ms
    Reading took     135.835000 us
  Sample 78...
Starting computation...
    Writing took     3.706682 ms
    Computation took 230.281202 ms
    Reading took     142.000000 us
  Sample 79...
Starting computation...
    Writing took     3.848957 ms
    Computation took 229.348603 ms
    Reading took     130.643000 us
  Sample 80...
Starting computation...
    Writing took     3.445044 ms
    Computation took 228.805050 ms
    Reading took     129.204000 us
  Sample 81...
Starting computation...
    Writing took     3.482609 ms
    Computation took 228.371322 ms
    Reading took     141.450000 us
  Sample 82...
Starting computation...
    Writing took     3.795385 ms
    Computation took 226.189015 ms
    Reading took     162.629000 us
  Sample 83...
Starting computation...
    Writing took     3.648797 ms
    Computation took 226.759250 ms
    Reading took     138.301000 us
  Sample 84...
Starting computation...
    Writing took     3.631256 ms
    Computation took 226.798073 ms
    Reading took     150.220000 us
  Sample 85...
Starting computation...
    Writing took     4.013787 ms
    Computation took 227.692223 ms
    Reading took     147.518000 us
  Sample 86...
Starting computation...
    Writing took     3.926064 ms
    Computation took 227.526947 ms
    Reading took     153.320000 us
  Sample 87...
Starting computation...
    Writing took     4.156318 ms
    Computation took 228.267689 ms
    Reading took     131.233000 us
  Sample 88...
Starting computation...
    Writing took     8.140085 ms
    Computation took 229.659177 ms
    Reading took     137.094000 us
  Sample 89...
Starting computation...
    Writing took     3.638068 ms
    Computation took 228.302875 ms
    Reading took     138.113000 us
  Sample 90...
Starting computation...
    Writing took     3.636962 ms
    Computation took 227.993481 ms
    Reading took     137.187000 us
  Sample 91...
Starting computation...
    Writing took     3.641081 ms
    Computation took 228.678660 ms
    Reading took     151.946000 us
  Sample 92...
Starting computation...
    Writing took     3.338673 ms
    Computation took 227.619989 ms
    Reading took     137.206000 us
  Sample 93...
Starting computation...
    Writing took     3.441416 ms
    Computation took 227.566991 ms
    Reading took     129.728000 us
  Sample 94...
Starting computation...
    Writing took     3.455207 ms
    Computation took 227.147492 ms
    Reading took     143.789000 us
  Sample 95...
Starting computation...
    Writing took     3.858493 ms
    Computation took 226.860458 ms
    Reading took     156.662000 us
  Sample 96...
Starting computation...
    Writing took     3.481853 ms
    Computation took 227.081827 ms
    Reading took     137.432000 us
  Sample 97...
Starting computation...
    Writing took     3.723437 ms
    Computation took 228.614659 ms
    Reading took     281.497000 us
  Sample 98...
Starting computation...
    Writing took     8.043828 ms
    Computation took 229.117299 ms
    Reading took     175.844000 us
  Sample 99...
Starting computation...
    Writing took     4.761794 ms
    Computation took 230.134298 ms
    Reading took     173.778000 us
Mean computation time: 227.427982 ms
Mean deviation: 2.065650 ms (0.908266%)
Mean computation time (per hash): 3.854711 ms
Mean deviation (per hash): 35.011000 us
