Using device #0: CUDA Device 'GeForce GTX 1080 Ti'
  Sample 0...
Starting computation...
    Writing took     886.913000 us
    Computation took 197.550448 ms
    Reading took     29.198000 us
  Sample 1...
Starting computation...
    Writing took     577.235000 us
    Computation took 197.432103 ms
    Reading took     21.789000 us
  Sample 2...
Starting computation...
    Writing took     557.109000 us
    Computation took 197.445860 ms
    Reading took     23.605000 us
  Sample 3...
Starting computation...
    Writing took     572.637000 us
    Computation took 197.442413 ms
    Reading took     18.497000 us
  Sample 4...
Starting computation...
    Writing took     415.924000 us
    Computation took 197.419468 ms
    Reading took     18.809000 us
  Sample 5...
Starting computation...
    Writing took     442.568000 us
    Computation took 197.405234 ms
    Reading took     17.371000 us
  Sample 6...
Starting computation...
    Writing took     405.525000 us
    Computation took 197.428220 ms
    Reading took     21.554000 us
  Sample 7...
Starting computation...
    Writing took     494.819000 us
    Computation took 197.440522 ms
    Reading took     19.685000 us
  Sample 8...
Starting computation...
    Writing took     441.268000 us
    Computation took 197.446510 ms
    Reading took     26.251000 us
  Sample 9...
Starting computation...
    Writing took     581.713000 us
    Computation took 197.450857 ms
    Reading took     26.391000 us
  Sample 10...
Starting computation...
    Writing took     581.698000 us
    Computation took 197.402783 ms
    Reading took     26.449000 us
  Sample 11...
Starting computation...
    Writing took     580.342000 us
    Computation took 197.470578 ms
    Reading took     20.611000 us
  Sample 12...
Starting computation...
    Writing took     457.863000 us
    Computation took 197.447434 ms
    Reading took     25.359000 us
  Sample 13...
Starting computation...
    Writing took     557.978000 us
    Computation took 197.445334 ms
    Reading took     19.915000 us
  Sample 14...
Starting computation...
    Writing took     418.495000 us
    Computation took 197.409130 ms
    Reading took     35.907000 us
  Sample 15...
Starting computation...
    Writing took     622.633000 us
    Computation took 197.473926 ms
    Reading took     22.636000 us
  Sample 16...
Starting computation...
    Writing took     495.134000 us
    Computation took 197.452162 ms
    Reading took     25.002000 us
  Sample 17...
Starting computation...
    Writing took     516.741000 us
    Computation took 197.434061 ms
    Reading took     22.555000 us
  Sample 18...
Starting computation...
    Writing took     480.333000 us
    Computation took 197.454151 ms
    Reading took     24.573000 us
  Sample 19...
Starting computation...
    Writing took     537.083000 us
    Computation took 197.467039 ms
    Reading took     24.747000 us
  Sample 20...
Starting computation...
    Writing took     535.311000 us
    Computation took 197.439649 ms
    Reading took     23.612000 us
  Sample 21...
Starting computation...
    Writing took     479.547000 us
    Computation took 197.477222 ms
    Reading took     23.558000 us
  Sample 22...
Starting computation...
    Writing took     516.098000 us
    Computation took 197.477143 ms
    Reading took     25.410000 us
  Sample 23...
Starting computation...
    Writing took     536.817000 us
    Computation took 197.445104 ms
    Reading took     24.089000 us
  Sample 24...
Starting computation...
    Writing took     537.584000 us
    Computation took 197.469047 ms
    Reading took     24.492000 us
  Sample 25...
Starting computation...
    Writing took     536.369000 us
    Computation took 197.473981 ms
    Reading took     23.252000 us
  Sample 26...
Starting computation...
    Writing took     478.246000 us
    Computation took 197.427446 ms
    Reading took     20.600000 us
  Sample 27...
Starting computation...
    Writing took     421.453000 us
    Computation took 197.447156 ms
    Reading took     24.164000 us
  Sample 28...
Starting computation...
    Writing took     536.092000 us
    Computation took 197.468484 ms
    Reading took     22.434000 us
  Sample 29...
Starting computation...
    Writing took     461.874000 us
    Computation took 197.455013 ms
    Reading took     20.205000 us
  Sample 30...
Starting computation...
    Writing took     426.199000 us
    Computation took 197.435870 ms
    Reading took     24.640000 us
  Sample 31...
Starting computation...
    Writing took     534.514000 us
    Computation took 197.463088 ms
    Reading took     22.235000 us
  Sample 32...
Starting computation...
    Writing took     473.534000 us
    Computation took 197.428253 ms
    Reading took     20.465000 us
  Sample 33...
Starting computation...
    Writing took     420.700000 us
    Computation took 197.420936 ms
    Reading took     18.408000 us
  Sample 34...
Starting computation...
    Writing took     402.099000 us
    Computation took 197.418649 ms
    Reading took     23.938000 us
  Sample 35...
Starting computation...
    Writing took     571.652000 us
    Computation took 197.455603 ms
    Reading took     25.769000 us
  Sample 36...
Starting computation...
    Writing took     612.465000 us
    Computation took 197.465874 ms
    Reading took     35.785000 us
  Sample 37...
Starting computation...
    Writing took     575.418000 us
    Computation took 197.454974 ms
    Reading took     29.961000 us
  Sample 38...
Starting computation...
    Writing took     787.054000 us
    Computation took 197.442634 ms
    Reading took     22.927000 us
  Sample 39...
Starting computation...
    Writing took     528.370000 us
    Computation took 197.464841 ms
    Reading took     20.937000 us
  Sample 40...
Starting computation...
    Writing took     488.984000 us
    Computation took 197.444001 ms
    Reading took     20.672000 us
  Sample 41...
Starting computation...
    Writing took     472.294000 us
    Computation took 197.469542 ms
    Reading took     22.964000 us
  Sample 42...
Starting computation...
    Writing took     526.693000 us
    Computation took 197.438770 ms
    Reading took     21.574000 us
  Sample 43...
Starting computation...
    Writing took     507.028000 us
    Computation took 197.449925 ms
    Reading took     19.978000 us
  Sample 44...
Starting computation...
    Writing took     581.648000 us
    Computation took 197.486534 ms
    Reading took     32.659000 us
  Sample 45...
Starting computation...
    Writing took     834.090000 us
    Computation took 197.461402 ms
    Reading took     23.443000 us
  Sample 46...
Starting computation...
    Writing took     572.827000 us
    Computation took 197.458597 ms
    Reading took     24.168000 us
  Sample 47...
Starting computation...
    Writing took     575.282000 us
    Computation took 197.460495 ms
    Reading took     24.522000 us
  Sample 48...
Starting computation...
    Writing took     575.454000 us
    Computation took 197.440466 ms
    Reading took     22.441000 us
  Sample 49...
Starting computation...
    Writing took     555.456000 us
    Computation took 197.448668 ms
    Reading took     22.589000 us
  Sample 50...
Starting computation...
    Writing took     504.942000 us
    Computation took 197.452753 ms
    Reading took     20.883000 us
  Sample 51...
Starting computation...
    Writing took     529.713000 us
    Computation took 197.412519 ms
    Reading took     22.600000 us
  Sample 52...
Starting computation...
    Writing took     527.739000 us
    Computation took 197.455337 ms
    Reading took     21.201000 us
  Sample 53...
Starting computation...
    Writing took     504.765000 us
    Computation took 197.498424 ms
    Reading took     20.294000 us
  Sample 54...
Starting computation...
    Writing took     473.131000 us
    Computation took 197.445312 ms
    Reading took     19.955000 us
  Sample 55...
Starting computation...
    Writing took     498.541000 us
    Computation took 197.438707 ms
    Reading took     20.344000 us
  Sample 56...
Starting computation...
    Writing took     454.740000 us
    Computation took 197.428065 ms
    Reading took     22.949000 us
  Sample 57...
Starting computation...
    Writing took     775.061000 us
    Computation took 197.432270 ms
    Reading took     21.140000 us
  Sample 58...
Starting computation...
    Writing took     489.391000 us
    Computation took 197.393616 ms
    Reading took     20.056000 us
  Sample 59...
Starting computation...
    Writing took     440.366000 us
    Computation took 197.449479 ms
    Reading took     18.795000 us
  Sample 60...
Starting computation...
    Writing took     446.186000 us
    Computation took 197.457069 ms
    Reading took     19.882000 us
  Sample 61...
Starting computation...
    Writing took     456.144000 us
    Computation took 197.388265 ms
    Reading took     15.604000 us
  Sample 62...
Starting computation...
    Writing took     395.630000 us
    Computation took 197.401088 ms
    Reading took     20.893000 us
  Sample 63...
Starting computation...
    Writing took     452.858000 us
    Computation took 197.409018 ms
    Reading took     17.821000 us
  Sample 64...
Starting computation...
    Writing took     417.708000 us
    Computation took 197.432424 ms
    Reading took     18.238000 us
  Sample 65...
Starting computation...
    Writing took     410.989000 us
    Computation took 197.418025 ms
    Reading took     20.700000 us
  Sample 66...
Starting computation...
    Writing took     578.770000 us
    Computation took 197.488866 ms
    Reading took     21.612000 us
  Sample 67...
Starting computation...
    Writing took     487.352000 us
    Computation took 197.423184 ms
    Reading took     21.860000 us
  Sample 68...
Starting computation...
    Writing took     529.190000 us
    Computation took 197.427171 ms
    Reading took     21.814000 us
  Sample 69...
Starting computation...
    Writing took     530.121000 us
    Computation took 197.448128 ms
    Reading took     20.234000 us
  Sample 70...
Starting computation...
    Writing took     440.447000 us
    Computation took 197.444499 ms
    Reading took     18.327000 us
  Sample 71...
Starting computation...
    Writing took     413.340000 us
    Computation took 197.466355 ms
    Reading took     35.730000 us
  Sample 72...
Starting computation...
    Writing took     514.197000 us
    Computation took 197.471775 ms
    Reading took     20.002000 us
  Sample 73...
Starting computation...
    Writing took     455.173000 us
    Computation took 197.409705 ms
    Reading took     18.184000 us
  Sample 74...
Starting computation...
    Writing took     409.762000 us
    Computation took 197.462951 ms
    Reading took     36.689000 us
  Sample 75...
Starting computation...
    Writing took     946.824000 us
    Computation took 197.434832 ms
    Reading took     23.845000 us
  Sample 76...
Starting computation...
    Writing took     575.531000 us
    Computation took 197.457133 ms
    Reading took     21.154000 us
  Sample 77...
Starting computation...
    Writing took     488.121000 us
    Computation took 197.475913 ms
    Reading took     20.580000 us
  Sample 78...
Starting computation...
    Writing took     489.862000 us
    Computation took 197.458684 ms
    Reading took     21.376000 us
  Sample 79...
Starting computation...
    Writing took     507.973000 us
    Computation took 197.441638 ms
    Reading took     24.191000 us
  Sample 80...
Starting computation...
    Writing took     576.593000 us
    Computation took 197.476946 ms
    Reading took     36.891000 us
  Sample 81...
Starting computation...
    Writing took     979.882000 us
    Computation took 197.457284 ms
    Reading took     24.529000 us
  Sample 82...
Starting computation...
    Writing took     575.677000 us
    Computation took 197.455410 ms
    Reading took     21.002000 us
  Sample 83...
Starting computation...
    Writing took     525.887000 us
    Computation took 197.452791 ms
    Reading took     21.748000 us
  Sample 84...
Starting computation...
    Writing took     512.953000 us
    Computation took 197.444662 ms
    Reading took     22.446000 us
  Sample 85...
Starting computation...
    Writing took     532.463000 us
    Computation took 197.450325 ms
    Reading took     25.854000 us
  Sample 86...
Starting computation...
    Writing took     606.268000 us
    Computation took 197.463386 ms
    Reading took     23.707000 us
  Sample 87...
Starting computation...
    Writing took     595.131000 us
    Computation took 197.455371 ms
    Reading took     23.604000 us
  Sample 88...
Starting computation...
    Writing took     571.982000 us
    Computation took 197.429291 ms
    Reading took     22.400000 us
  Sample 89...
Starting computation...
    Writing took     575.008000 us
    Computation took 197.485955 ms
    Reading took     21.715000 us
  Sample 90...
Starting computation...
    Writing took     528.380000 us
    Computation took 197.444476 ms
    Reading took     22.250000 us
  Sample 91...
Starting computation...
    Writing took     528.489000 us
    Computation took 197.462202 ms
    Reading took     20.960000 us
  Sample 92...
Starting computation...
    Writing took     455.011000 us
    Computation took 197.447421 ms
    Reading took     22.522000 us
  Sample 93...
Starting computation...
    Writing took     527.705000 us
    Computation took 197.449144 ms
    Reading took     26.395000 us
  Sample 94...
Starting computation...
    Writing took     580.327000 us
    Computation took 197.429350 ms
    Reading took     20.568000 us
  Sample 95...
Starting computation...
    Writing took     430.285000 us
    Computation took 197.452929 ms
    Reading took     22.352000 us
  Sample 96...
Starting computation...
    Writing took     504.215000 us
    Computation took 197.438986 ms
    Reading took     24.550000 us
  Sample 97...
Starting computation...
    Writing took     491.655000 us
    Computation took 197.464210 ms
    Reading took     24.465000 us
  Sample 98...
Starting computation...
    Writing took     541.561000 us
    Computation took 197.488512 ms
    Reading took     21.614000 us
  Sample 99...
Starting computation...
    Writing took     442.447000 us
    Computation took 197.449850 ms
    Reading took     34.011000 us
Mean computation time: 197.448293 ms
Mean deviation: 17.514000 us (0.00887017%)
Mean computation time (per hash): 28.206898 ms
Mean deviation (per hash): 2.502000 us
