Using device #0: CUDA Device 'GeForce GTX 1080 Ti'
  Sample 0...
Starting computation...
    Writing took     1.637163 ms
    Computation took 183.980866 ms
    Reading took     41.500000 us
  Sample 1...
Starting computation...
    Writing took     969.277000 us
    Computation took 183.868206 ms
    Reading took     37.689000 us
  Sample 2...
Starting computation...
    Writing took     982.395000 us
    Computation took 183.876928 ms
    Reading took     36.340000 us
  Sample 3...
Starting computation...
    Writing took     960.408000 us
    Computation took 183.849899 ms
    Reading took     30.998000 us
  Sample 4...
Starting computation...
    Writing took     834.679000 us
    Computation took 183.870235 ms
    Reading took     41.982000 us
  Sample 5...
Starting computation...
    Writing took     1.186380 ms
    Computation took 183.935728 ms
    Reading took     32.329000 us
  Sample 6...
Starting computation...
    Writing took     800.412000 us
    Computation took 183.848663 ms
    Reading took     32.415000 us
  Sample 7...
Starting computation...
    Writing took     800.971000 us
    Computation took 183.926783 ms
    Reading took     33.875000 us
  Sample 8...
Starting computation...
    Writing took     850.092000 us
    Computation took 183.885870 ms
    Reading took     32.571000 us
  Sample 9...
Starting computation...
    Writing took     807.197000 us
    Computation took 183.841235 ms
    Reading took     32.164000 us
  Sample 10...
Starting computation...
    Writing took     779.450000 us
    Computation took 183.835340 ms
    Reading took     34.632000 us
  Sample 11...
Starting computation...
    Writing took     780.773000 us
    Computation took 183.845313 ms
    Reading took     31.732000 us
  Sample 12...
Starting computation...
    Writing took     775.876000 us
    Computation took 183.897554 ms
    Reading took     32.209000 us
  Sample 13...
Starting computation...
    Writing took     808.325000 us
    Computation took 183.863025 ms
    Reading took     31.527000 us
  Sample 14...
Starting computation...
    Writing took     781.716000 us
    Computation took 183.887681 ms
    Reading took     30.958000 us
  Sample 15...
Starting computation...
    Writing took     809.579000 us
    Computation took 183.835886 ms
    Reading took     33.313000 us
  Sample 16...
Starting computation...
    Writing took     836.346000 us
    Computation took 183.868422 ms
    Reading took     28.785000 us
  Sample 17...
Starting computation...
    Writing took     704.840000 us
    Computation took 183.833356 ms
    Reading took     26.834000 us
  Sample 18...
Starting computation...
    Writing took     678.238000 us
    Computation took 183.847338 ms
    Reading took     27.317000 us
  Sample 19...
Starting computation...
    Writing took     678.010000 us
    Computation took 183.832620 ms
    Reading took     30.897000 us
  Sample 20...
Starting computation...
    Writing took     776.951000 us
    Computation took 183.847786 ms
    Reading took     29.742000 us
  Sample 21...
Starting computation...
    Writing took     707.280000 us
    Computation took 183.876255 ms
    Reading took     30.007000 us
  Sample 22...
Starting computation...
    Writing took     705.414000 us
    Computation took 183.865185 ms
    Reading took     28.921000 us
  Sample 23...
Starting computation...
    Writing took     707.165000 us
    Computation took 183.836018 ms
    Reading took     31.102000 us
  Sample 24...
Starting computation...
    Writing took     774.668000 us
    Computation took 183.855094 ms
    Reading took     29.561000 us
  Sample 25...
Starting computation...
    Writing took     706.842000 us
    Computation took 183.839735 ms
    Reading took     27.160000 us
  Sample 26...
Starting computation...
    Writing took     732.548000 us
    Computation took 183.849220 ms
    Reading took     30.977000 us
  Sample 27...
Starting computation...
    Writing took     749.537000 us
    Computation took 183.897339 ms
    Reading took     31.739000 us
  Sample 28...
Starting computation...
    Writing took     798.481000 us
    Computation took 183.898289 ms
    Reading took     31.547000 us
  Sample 29...
Starting computation...
    Writing took     804.574000 us
    Computation took 183.891014 ms
    Reading took     32.557000 us
  Sample 30...
Starting computation...
    Writing took     804.428000 us
    Computation took 183.898220 ms
    Reading took     32.523000 us
  Sample 31...
Starting computation...
    Writing took     861.996000 us
    Computation took 183.890581 ms
    Reading took     41.037000 us
  Sample 32...
Starting computation...
    Writing took     939.289000 us
    Computation took 183.891980 ms
    Reading took     38.853000 us
  Sample 33...
Starting computation...
    Writing took     984.726000 us
    Computation took 183.900956 ms
    Reading took     33.066000 us
  Sample 34...
Starting computation...
    Writing took     837.560000 us
    Computation took 183.908820 ms
    Reading took     31.920000 us
  Sample 35...
Starting computation...
    Writing took     786.769000 us
    Computation took 183.825722 ms
    Reading took     34.105000 us
  Sample 36...
Starting computation...
    Writing took     835.891000 us
    Computation took 183.849383 ms
    Reading took     33.598000 us
  Sample 37...
Starting computation...
    Writing took     804.838000 us
    Computation took 183.850293 ms
    Reading took     35.557000 us
  Sample 38...
Starting computation...
    Writing took     808.706000 us
    Computation took 183.881511 ms
    Reading took     35.656000 us
  Sample 39...
Starting computation...
    Writing took     916.397000 us
    Computation took 183.920758 ms
    Reading took     39.285000 us
  Sample 40...
Starting computation...
    Writing took     904.063000 us
    Computation took 183.897105 ms
    Reading took     51.690000 us
  Sample 41...
Starting computation...
    Writing took     1.368870 ms
    Computation took 183.897068 ms
    Reading took     29.912000 us
  Sample 42...
Starting computation...
    Writing took     706.126000 us
    Computation took 183.879740 ms
    Reading took     30.120000 us
  Sample 43...
Starting computation...
    Writing took     707.542000 us
    Computation took 183.863155 ms
    Reading took     29.511000 us
  Sample 44...
Starting computation...
    Writing took     706.073000 us
    Computation took 183.964785 ms
    Reading took     29.237000 us
  Sample 45...
Starting computation...
    Writing took     705.757000 us
    Computation took 183.915705 ms
    Reading took     29.490000 us
  Sample 46...
Starting computation...
    Writing took     708.060000 us
    Computation took 183.934643 ms
    Reading took     37.893000 us
  Sample 47...
Starting computation...
    Writing took     1.072182 ms
    Computation took 183.912600 ms
    Reading took     29.283000 us
  Sample 48...
Starting computation...
    Writing took     706.233000 us
    Computation took 183.901298 ms
    Reading took     28.920000 us
  Sample 49...
Starting computation...
    Writing took     689.648000 us
    Computation took 183.868582 ms
    Reading took     29.508000 us
  Sample 50...
Starting computation...
    Writing took     694.041000 us
    Computation took 183.850451 ms
    Reading took     28.847000 us
  Sample 51...
Starting computation...
    Writing took     685.658000 us
    Computation took 183.831236 ms
    Reading took     27.583000 us
  Sample 52...
Starting computation...
    Writing took     721.107000 us
    Computation took 183.825432 ms
    Reading took     29.788000 us
  Sample 53...
Starting computation...
    Writing took     746.795000 us
    Computation took 183.856316 ms
    Reading took     32.026000 us
  Sample 54...
Starting computation...
    Writing took     780.036000 us
    Computation took 183.936097 ms
    Reading took     31.017000 us
  Sample 55...
Starting computation...
    Writing took     751.824000 us
    Computation took 183.858793 ms
    Reading took     31.702000 us
  Sample 56...
Starting computation...
    Writing took     809.013000 us
    Computation took 183.871739 ms
    Reading took     30.826000 us
  Sample 57...
Starting computation...
    Writing took     753.473000 us
    Computation took 183.894963 ms
    Reading took     31.994000 us
  Sample 58...
Starting computation...
    Writing took     782.439000 us
    Computation took 183.849098 ms
    Reading took     31.094000 us
  Sample 59...
Starting computation...
    Writing took     752.544000 us
    Computation took 183.871818 ms
    Reading took     30.658000 us
  Sample 60...
Starting computation...
    Writing took     788.032000 us
    Computation took 183.841107 ms
    Reading took     29.577000 us
  Sample 61...
Starting computation...
    Writing took     701.389000 us
    Computation took 183.855829 ms
    Reading took     28.908000 us
  Sample 62...
Starting computation...
    Writing took     678.768000 us
    Computation took 183.840661 ms
    Reading took     28.076000 us
  Sample 63...
Starting computation...
    Writing took     724.799000 us
    Computation took 183.896935 ms
    Reading took     28.833000 us
  Sample 64...
Starting computation...
    Writing took     701.320000 us
    Computation took 183.879166 ms
    Reading took     48.268000 us
  Sample 65...
Starting computation...
    Writing took     1.192431 ms
    Computation took 183.933333 ms
    Reading took     50.300000 us
  Sample 66...
Starting computation...
    Writing took     1.428646 ms
    Computation took 183.886144 ms
    Reading took     27.409000 us
  Sample 67...
Starting computation...
    Writing took     681.099000 us
    Computation took 183.853196 ms
    Reading took     28.886000 us
  Sample 68...
Starting computation...
    Writing took     737.813000 us
    Computation took 183.850839 ms
    Reading took     29.461000 us
  Sample 69...
Starting computation...
    Writing took     705.044000 us
    Computation took 183.854818 ms
    Reading took     30.322000 us
  Sample 70...
Starting computation...
    Writing took     699.838000 us
    Computation took 183.845469 ms
    Reading took     29.468000 us
  Sample 71...
Starting computation...
    Writing took     704.918000 us
    Computation took 183.862471 ms
    Reading took     29.101000 us
  Sample 72...
Starting computation...
    Writing took     705.066000 us
    Computation took 183.857675 ms
    Reading took     26.908000 us
  Sample 73...
Starting computation...
    Writing took     678.938000 us
    Computation took 183.869096 ms
    Reading took     27.804000 us
  Sample 74...
Starting computation...
    Writing took     694.800000 us
    Computation took 183.838536 ms
    Reading took     27.162000 us
  Sample 75...
Starting computation...
    Writing took     774.878000 us
    Computation took 183.844303 ms
    Reading took     28.788000 us
  Sample 76...
Starting computation...
    Writing took     702.505000 us
    Computation took 183.838868 ms
    Reading took     30.057000 us
  Sample 77...
Starting computation...
    Writing took     753.010000 us
    Computation took 183.826667 ms
    Reading took     29.281000 us
  Sample 78...
Starting computation...
    Writing took     705.053000 us
    Computation took 183.874241 ms
    Reading took     28.743000 us
  Sample 79...
Starting computation...
    Writing took     727.974000 us
    Computation took 183.844733 ms
    Reading took     29.045000 us
  Sample 80...
Starting computation...
    Writing took     706.248000 us
    Computation took 183.863341 ms
    Reading took     27.739000 us
  Sample 81...
Starting computation...
    Writing took     698.812000 us
    Computation took 183.888499 ms
    Reading took     40.877000 us
  Sample 82...
Starting computation...
    Writing took     987.419000 us
    Computation took 183.866967 ms
    Reading took     38.997000 us
  Sample 83...
Starting computation...
    Writing took     981.288000 us
    Computation took 183.855693 ms
    Reading took     38.812000 us
  Sample 84...
Starting computation...
    Writing took     981.044000 us
    Computation took 183.877603 ms
    Reading took     37.227000 us
  Sample 85...
Starting computation...
    Writing took     977.860000 us
    Computation took 183.823487 ms
    Reading took     30.201000 us
  Sample 86...
Starting computation...
    Writing took     772.969000 us
    Computation took 183.860916 ms
    Reading took     32.652000 us
  Sample 87...
Starting computation...
    Writing took     777.303000 us
    Computation took 183.823073 ms
    Reading took     32.467000 us
  Sample 88...
Starting computation...
    Writing took     803.904000 us
    Computation took 183.847602 ms
    Reading took     33.169000 us
  Sample 89...
Starting computation...
    Writing took     884.554000 us
    Computation took 183.847580 ms
    Reading took     30.433000 us
  Sample 90...
Starting computation...
    Writing took     750.951000 us
    Computation took 183.857226 ms
    Reading took     37.655000 us
  Sample 91...
Starting computation...
    Writing took     896.966000 us
    Computation took 183.839151 ms
    Reading took     36.677000 us
  Sample 92...
Starting computation...
    Writing took     804.606000 us
    Computation took 183.860454 ms
    Reading took     31.856000 us
  Sample 93...
Starting computation...
    Writing took     804.828000 us
    Computation took 183.875557 ms
    Reading took     32.837000 us
  Sample 94...
Starting computation...
    Writing took     819.383000 us
    Computation took 183.874421 ms
    Reading took     33.661000 us
  Sample 95...
Starting computation...
    Writing took     809.330000 us
    Computation took 183.866780 ms
    Reading took     33.051000 us
  Sample 96...
Starting computation...
    Writing took     802.687000 us
    Computation took 183.896846 ms
    Reading took     30.930000 us
  Sample 97...
Starting computation...
    Writing took     783.915000 us
    Computation took 183.878804 ms
    Reading took     55.631000 us
  Sample 98...
Starting computation...
    Writing took     1.465194 ms
    Computation took 183.880670 ms
    Reading took     35.603000 us
  Sample 99...
Starting computation...
    Writing took     914.339000 us
    Computation took 183.861926 ms
    Reading took     34.863000 us
Mean computation time: 183.870264 ms
Mean deviation: 24.316000 us (0.0132245%)
Mean computation time (per hash): 15.322521 ms
Mean deviation (per hash): 2.026000 us
