Using device #0: CUDA Device 'GeForce GTX 1080 Ti'
  Sample 0...
Starting computation...
    Writing took     3.437134 ms
    Computation took 195.197550 ms
    Reading took     142.194000 us
  Sample 1...
Starting computation...
    Writing took     3.506914 ms
    Computation took 195.168932 ms
    Reading took     140.083000 us
  Sample 2...
Starting computation...
    Writing took     3.509171 ms
    Computation took 195.195131 ms
    Reading took     220.626000 us
  Sample 3...
Starting computation...
    Writing took     5.945904 ms
    Computation took 195.157382 ms
    Reading took     136.388000 us
  Sample 4...
Starting computation...
    Writing took     3.529917 ms
    Computation took 195.219532 ms
    Reading took     194.013000 us
  Sample 5...
Starting computation...
    Writing took     3.600835 ms
    Computation took 195.919108 ms
    Reading took     145.584000 us
  Sample 6...
Starting computation...
    Writing took     3.415635 ms
    Computation took 195.859650 ms
    Reading took     135.764000 us
  Sample 7...
Starting computation...
    Writing took     3.455511 ms
    Computation took 196.482992 ms
    Reading took     168.160000 us
  Sample 8...
Starting computation...
    Writing took     3.432059 ms
    Computation took 196.042635 ms
    Reading took     140.400000 us
  Sample 9...
Starting computation...
    Writing took     3.455233 ms
    Computation took 196.753454 ms
    Reading took     139.759000 us
  Sample 10...
Starting computation...
    Writing took     3.425511 ms
    Computation took 196.688852 ms
    Reading took     154.443000 us
  Sample 11...
Starting computation...
    Writing took     3.539283 ms
    Computation took 196.807270 ms
    Reading took     137.439000 us
  Sample 12...
Starting computation...
    Writing took     3.455245 ms
    Computation took 196.885332 ms
    Reading took     116.249000 us
  Sample 13...
Starting computation...
    Writing took     2.874488 ms
    Computation took 198.187669 ms
    Reading took     111.650000 us
  Sample 14...
Starting computation...
    Writing took     2.841926 ms
    Computation took 198.310967 ms
    Reading took     109.838000 us
  Sample 15...
Starting computation...
    Writing took     2.594997 ms
    Computation took 198.650637 ms
    Reading took     116.299000 us
  Sample 16...
Starting computation...
    Writing took     2.850453 ms
    Computation took 198.718914 ms
    Reading took     121.119000 us
  Sample 17...
Starting computation...
    Writing took     2.985050 ms
    Computation took 198.726675 ms
    Reading took     115.978000 us
  Sample 18...
Starting computation...
    Writing took     2.612834 ms
    Computation took 199.206877 ms
    Reading took     112.939000 us
  Sample 19...
Starting computation...
    Writing took     2.789060 ms
    Computation took 202.173386 ms
    Reading took     130.243000 us
  Sample 20...
Starting computation...
    Writing took     2.941881 ms
    Computation took 203.340197 ms
    Reading took     123.895000 us
  Sample 21...
Starting computation...
    Writing took     3.231520 ms
    Computation took 202.388283 ms
    Reading took     161.131000 us
  Sample 22...
Starting computation...
    Writing took     3.728771 ms
    Computation took 201.677674 ms
    Reading took     146.053000 us
  Sample 23...
Starting computation...
    Writing took     3.727764 ms
    Computation took 202.356593 ms
    Reading took     151.875000 us
  Sample 24...
Starting computation...
    Writing took     3.713757 ms
    Computation took 200.503281 ms
    Reading took     203.549000 us
  Sample 25...
Starting computation...
    Writing took     5.707858 ms
    Computation took 197.914508 ms
    Reading took     120.157000 us
  Sample 26...
Starting computation...
    Writing took     2.672197 ms
    Computation took 197.535220 ms
    Reading took     108.997000 us
  Sample 27...
Starting computation...
    Writing took     2.594861 ms
    Computation took 201.668300 ms
    Reading took     119.662000 us
  Sample 28...
Starting computation...
    Writing took     2.879011 ms
    Computation took 205.023999 ms
    Reading took     122.722000 us
  Sample 29...
Starting computation...
    Writing took     2.982089 ms
    Computation took 205.243922 ms
    Reading took     121.828000 us
  Sample 30...
Starting computation...
    Writing took     2.847109 ms
    Computation took 203.083173 ms
    Reading took     206.434000 us
  Sample 31...
Starting computation...
    Writing took     5.824944 ms
    Computation took 201.023964 ms
    Reading took     133.738000 us
  Sample 32...
Starting computation...
    Writing took     2.903991 ms
    Computation took 201.067636 ms
    Reading took     121.613000 us
  Sample 33...
Starting computation...
    Writing took     2.978502 ms
    Computation took 199.277982 ms
    Reading took     122.588000 us
  Sample 34...
Starting computation...
    Writing took     3.002717 ms
    Computation took 197.052941 ms
    Reading took     125.822000 us
  Sample 35...
Starting computation...
    Writing took     3.179441 ms
    Computation took 195.467227 ms
    Reading took     117.364000 us
  Sample 36...
Starting computation...
    Writing took     2.678227 ms
    Computation took 195.809625 ms
    Reading took     119.396000 us
  Sample 37...
Starting computation...
    Writing took     2.993163 ms
    Computation took 198.000718 ms
    Reading took     133.596000 us
  Sample 38...
Starting computation...
    Writing took     2.871754 ms
    Computation took 199.482759 ms
    Reading took     113.554000 us
  Sample 39...
Starting computation...
    Writing took     2.763348 ms
    Computation took 199.444693 ms
    Reading took     117.091000 us
  Sample 40...
Starting computation...
    Writing took     2.899384 ms
    Computation took 197.589740 ms
    Reading took     119.119000 us
  Sample 41...
Starting computation...
    Writing took     3.018271 ms
    Computation took 196.152216 ms
    Reading took     220.609000 us
  Sample 42...
Starting computation...
    Writing took     5.792275 ms
    Computation took 195.857494 ms
    Reading took     136.397000 us
  Sample 43...
Starting computation...
    Writing took     3.491497 ms
    Computation took 197.345190 ms
    Reading took     137.599000 us
  Sample 44...
Starting computation...
    Writing took     3.470550 ms
    Computation took 198.865406 ms
    Reading took     137.146000 us
  Sample 45...
Starting computation...
    Writing took     3.355184 ms
    Computation took 199.738355 ms
    Reading took     137.404000 us
  Sample 46...
Starting computation...
    Writing took     3.490451 ms
    Computation took 199.801741 ms
    Reading took     136.851000 us
  Sample 47...
Starting computation...
    Writing took     3.454588 ms
    Computation took 199.727708 ms
    Reading took     144.430000 us
  Sample 48...
Starting computation...
    Writing took     3.417020 ms
    Computation took 198.192964 ms
    Reading took     136.867000 us
  Sample 49...
Starting computation...
    Writing took     3.499095 ms
    Computation took 196.404579 ms
    Reading took     207.686000 us
  Sample 50...
Starting computation...
    Writing took     5.855569 ms
    Computation took 195.460691 ms
    Reading took     110.514000 us
  Sample 51...
Starting computation...
    Writing took     2.882705 ms
    Computation took 195.267917 ms
    Reading took     213.929000 us
  Sample 52...
Starting computation...
    Writing took     5.933803 ms
    Computation took 195.860762 ms
    Reading took     212.127000 us
  Sample 53...
Starting computation...
    Writing took     5.463498 ms
    Computation took 195.763800 ms
    Reading took     103.226000 us
  Sample 54...
Starting computation...
    Writing took     2.624640 ms
    Computation took 195.827472 ms
    Reading took     132.033000 us
  Sample 55...
Starting computation...
    Writing took     2.799179 ms
    Computation took 195.766456 ms
    Reading took     104.537000 us
  Sample 56...
Starting computation...
    Writing took     2.726634 ms
    Computation took 196.200503 ms
    Reading took     104.476000 us
  Sample 57...
Starting computation...
    Writing took     2.672995 ms
    Computation took 196.888447 ms
    Reading took     104.251000 us
  Sample 58...
Starting computation...
    Writing took     2.647283 ms
    Computation took 198.353181 ms
    Reading took     122.793000 us
  Sample 59...
Starting computation...
    Writing took     2.715905 ms
    Computation took 198.998109 ms
    Reading took     104.133000 us
  Sample 60...
Starting computation...
    Writing took     2.595252 ms
    Computation took 199.625486 ms
    Reading took     106.099000 us
  Sample 61...
Starting computation...
    Writing took     2.701800 ms
    Computation took 199.307117 ms
    Reading took     242.447000 us
  Sample 62...
Starting computation...
    Writing took     6.861781 ms
    Computation took 196.522310 ms
    Reading took     117.162000 us
  Sample 63...
Starting computation...
    Writing took     2.871506 ms
    Computation took 196.726608 ms
    Reading took     133.078000 us
  Sample 64...
Starting computation...
    Writing took     2.872268 ms
    Computation took 196.659963 ms
    Reading took     151.607000 us
  Sample 65...
Starting computation...
    Writing took     3.127456 ms
    Computation took 196.656360 ms
    Reading took     127.946000 us
  Sample 66...
Starting computation...
    Writing took     2.948816 ms
    Computation took 196.112478 ms
    Reading took     117.899000 us
  Sample 67...
Starting computation...
    Writing took     2.877680 ms
    Computation took 195.782165 ms
    Reading took     113.082000 us
  Sample 68...
Starting computation...
    Writing took     2.959587 ms
    Computation took 196.796601 ms
    Reading took     104.807000 us
  Sample 69...
Starting computation...
    Writing took     2.871461 ms
    Computation took 196.763112 ms
    Reading took     108.869000 us
  Sample 70...
Starting computation...
    Writing took     2.825276 ms
    Computation took 196.870061 ms
    Reading took     118.171000 us
  Sample 71...
Starting computation...
    Writing took     2.630661 ms
    Computation took 197.207162 ms
    Reading took     104.861000 us
  Sample 72...
Starting computation...
    Writing took     2.709955 ms
    Computation took 198.279406 ms
    Reading took     109.136000 us
  Sample 73...
Starting computation...
    Writing took     2.957878 ms
    Computation took 198.849083 ms
    Reading took     110.474000 us
  Sample 74...
Starting computation...
    Writing took     2.877383 ms
    Computation took 198.807640 ms
    Reading took     117.360000 us
  Sample 75...
Starting computation...
    Writing took     3.100348 ms
    Computation took 198.833128 ms
    Reading took     116.667000 us
  Sample 76...
Starting computation...
    Writing took     3.028293 ms
    Computation took 198.565440 ms
    Reading took     113.810000 us
  Sample 77...
Starting computation...
    Writing took     3.165835 ms
    Computation took 198.540043 ms
    Reading took     156.054000 us
  Sample 78...
Starting computation...
    Writing took     3.399538 ms
    Computation took 198.714275 ms
    Reading took     127.828000 us
  Sample 79...
Starting computation...
    Writing took     3.458739 ms
    Computation took 198.497729 ms
    Reading took     126.701000 us
  Sample 80...
Starting computation...
    Writing took     3.375613 ms
    Computation took 198.172806 ms
    Reading took     125.823000 us
  Sample 81...
Starting computation...
    Writing took     3.440557 ms
    Computation took 197.591461 ms
    Reading took     108.894000 us
  Sample 82...
Starting computation...
    Writing took     2.915296 ms
    Computation took 197.497529 ms
    Reading took     108.132000 us
  Sample 83...
Starting computation...
    Writing took     2.798834 ms
    Computation took 198.046284 ms
    Reading took     175.078000 us
  Sample 84...
Starting computation...
    Writing took     4.954510 ms
    Computation took 197.494756 ms
    Reading took     115.272000 us
  Sample 85...
Starting computation...
    Writing took     3.070456 ms
    Computation took 196.918138 ms
    Reading took     116.773000 us
  Sample 86...
Starting computation...
    Writing took     3.061658 ms
    Computation took 197.569586 ms
    Reading took     115.851000 us
  Sample 87...
Starting computation...
    Writing took     3.023974 ms
    Computation took 200.893572 ms
    Reading took     116.486000 us
  Sample 88...
Starting computation...
    Writing took     3.016637 ms
    Computation took 203.585000 ms
    Reading took     112.630000 us
  Sample 89...
Starting computation...
    Writing took     2.946973 ms
    Computation took 204.061634 ms
    Reading took     113.848000 us
  Sample 90...
Starting computation...
    Writing took     3.045500 ms
    Computation took 202.426331 ms
    Reading took     140.768000 us
  Sample 91...
Starting computation...
    Writing took     2.827371 ms
    Computation took 201.273485 ms
    Reading took     129.574000 us
  Sample 92...
Starting computation...
    Writing took     2.917978 ms
    Computation took 202.449991 ms
    Reading took     108.716000 us
  Sample 93...
Starting computation...
    Writing took     2.913662 ms
    Computation took 201.571301 ms
    Reading took     110.580000 us
  Sample 94...
Starting computation...
    Writing took     2.972262 ms
    Computation took 199.897299 ms
    Reading took     111.033000 us
  Sample 95...
Starting computation...
    Writing took     3.028800 ms
    Computation took 197.440238 ms
    Reading took     127.976000 us
  Sample 96...
Starting computation...
    Writing took     3.284957 ms
    Computation took 197.010719 ms
    Reading took     116.512000 us
  Sample 97...
Starting computation...
    Writing took     3.126622 ms
    Computation took 200.626839 ms
    Reading took     115.746000 us
  Sample 98...
Starting computation...
    Writing took     3.214832 ms
    Computation took 203.069049 ms
    Reading took     192.789000 us
  Sample 99...
Starting computation...
    Writing took     5.805322 ms
    Computation took 203.658208 ms
    Reading took     128.887000 us
Mean computation time: 198.481487 ms
Mean deviation: 2.005149 ms (1.01024%)
Mean computation time (per hash): 4.314814 ms
Mean deviation (per hash): 43.590000 us
