Using device #0: CUDA Device 'GeForce GTX 1080 Ti'
  Sample 0...
Starting computation...
    Writing took     11.988064 ms
    Computation took 323.551064 ms
    Reading took     275.644000 us
  Sample 1...
Starting computation...
    Writing took     7.450492 ms
    Computation took 331.933610 ms
    Reading took     273.939000 us
  Sample 2...
Starting computation...
    Writing took     7.480718 ms
    Computation took 332.009516 ms
    Reading took     293.885000 us
  Sample 3...
Starting computation...
    Writing took     7.342702 ms
    Computation took 332.026174 ms
    Reading took     268.000000 us
  Sample 4...
Starting computation...
    Writing took     7.287168 ms
    Computation took 331.074073 ms
    Reading took     268.130000 us
  Sample 5...
Starting computation...
    Writing took     7.362170 ms
    Computation took 329.136521 ms
    Reading took     266.033000 us
  Sample 6...
Starting computation...
    Writing took     7.269889 ms
    Computation took 326.942786 ms
    Reading took     276.799000 us
  Sample 7...
Starting computation...
    Writing took     7.601909 ms
    Computation took 324.494987 ms
    Reading took     311.240000 us
  Sample 8...
Starting computation...
    Writing took     7.615532 ms
    Computation took 323.901100 ms
    Reading took     289.049000 us
  Sample 9...
Starting computation...
    Writing took     7.591690 ms
    Computation took 322.468648 ms
    Reading took     275.859000 us
  Sample 10...
Starting computation...
    Writing took     7.624727 ms
    Computation took 322.330568 ms
    Reading took     310.463000 us
  Sample 11...
Starting computation...
    Writing took     9.083831 ms
    Computation took 321.343183 ms
    Reading took     276.512000 us
  Sample 12...
Starting computation...
    Writing took     7.609832 ms
    Computation took 321.429894 ms
    Reading took     289.268000 us
  Sample 13...
Starting computation...
    Writing took     8.216397 ms
    Computation took 322.013976 ms
    Reading took     363.026000 us
  Sample 14...
Starting computation...
    Writing took     9.078419 ms
    Computation took 322.275380 ms
    Reading took     268.498000 us
  Sample 15...
Starting computation...
    Writing took     7.956939 ms
    Computation took 321.920336 ms
    Reading took     280.271000 us
  Sample 16...
Starting computation...
    Writing took     7.607290 ms
    Computation took 323.141741 ms
    Reading took     276.019000 us
  Sample 17...
Starting computation...
    Writing took     7.574406 ms
    Computation took 324.483412 ms
    Reading took     307.889000 us
  Sample 18...
Starting computation...
    Writing took     9.205151 ms
    Computation took 324.267032 ms
    Reading took     278.058000 us
  Sample 19...
Starting computation...
    Writing took     7.618486 ms
    Computation took 323.135734 ms
    Reading took     459.657000 us
  Sample 20...
Starting computation...
    Writing took     13.374072 ms
    Computation took 321.751175 ms
    Reading took     278.340000 us
  Sample 21...
Starting computation...
    Writing took     8.304596 ms
    Computation took 321.926883 ms
    Reading took     276.004000 us
  Sample 22...
Starting computation...
    Writing took     7.594736 ms
    Computation took 322.202506 ms
    Reading took     278.126000 us
  Sample 23...
Starting computation...
    Writing took     7.600761 ms
    Computation took 321.545795 ms
    Reading took     275.331000 us
  Sample 24...
Starting computation...
    Writing took     7.613671 ms
    Computation took 322.778337 ms
    Reading took     277.266000 us
  Sample 25...
Starting computation...
    Writing took     7.614447 ms
    Computation took 325.482044 ms
    Reading took     276.248000 us
  Sample 26...
Starting computation...
    Writing took     7.636956 ms
    Computation took 323.874336 ms
    Reading took     286.126000 us
  Sample 27...
Starting computation...
    Writing took     7.717903 ms
    Computation took 323.633554 ms
    Reading took     331.816000 us
  Sample 28...
Starting computation...
    Writing took     9.226945 ms
    Computation took 323.231015 ms
    Reading took     282.216000 us
  Sample 29...
Starting computation...
    Writing took     7.985830 ms
    Computation took 323.289964 ms
    Reading took     277.753000 us
  Sample 30...
Starting computation...
    Writing took     7.627060 ms
    Computation took 323.688067 ms
    Reading took     275.949000 us
  Sample 31...
Starting computation...
    Writing took     7.614753 ms
    Computation took 323.263581 ms
    Reading took     299.099000 us
  Sample 32...
Starting computation...
    Writing took     8.298063 ms
    Computation took 323.435044 ms
    Reading took     300.513000 us
  Sample 33...
Starting computation...
    Writing took     8.318587 ms
    Computation took 323.323364 ms
    Reading took     278.368000 us
  Sample 34...
Starting computation...
    Writing took     7.604118 ms
    Computation took 322.935979 ms
    Reading took     294.459000 us
  Sample 35...
Starting computation...
    Writing took     7.603870 ms
    Computation took 322.503048 ms
    Reading took     276.083000 us
  Sample 36...
Starting computation...
    Writing took     7.633187 ms
    Computation took 321.709076 ms
    Reading took     382.193000 us
  Sample 37...
Starting computation...
    Writing took     11.708656 ms
    Computation took 322.170476 ms
    Reading took     276.558000 us
  Sample 38...
Starting computation...
    Writing took     7.612074 ms
    Computation took 323.200287 ms
    Reading took     486.283000 us
  Sample 39...
Starting computation...
    Writing took     14.252822 ms
    Computation took 323.372554 ms
    Reading took     288.096000 us
  Sample 40...
Starting computation...
    Writing took     7.838720 ms
    Computation took 322.842686 ms
    Reading took     277.109000 us
  Sample 41...
Starting computation...
    Writing took     7.598541 ms
    Computation took 322.473659 ms
    Reading took     277.252000 us
  Sample 42...
Starting computation...
    Writing took     7.628726 ms
    Computation took 323.054012 ms
    Reading took     260.323000 us
  Sample 43...
Starting computation...
    Writing took     6.995940 ms
    Computation took 322.293018 ms
    Reading took     278.720000 us
  Sample 44...
Starting computation...
    Writing took     7.741859 ms
    Computation took 321.680199 ms
    Reading took     288.994000 us
  Sample 45...
Starting computation...
    Writing took     7.608404 ms
    Computation took 322.672659 ms
    Reading took     275.806000 us
  Sample 46...
Starting computation...
    Writing took     7.652974 ms
    Computation took 324.967989 ms
    Reading took     265.647000 us
  Sample 47...
Starting computation...
    Writing took     7.331154 ms
    Computation took 325.511397 ms
    Reading took     277.090000 us
  Sample 48...
Starting computation...
    Writing took     7.831572 ms
    Computation took 324.902245 ms
    Reading took     278.172000 us
  Sample 49...
Starting computation...
    Writing took     7.638364 ms
    Computation took 324.774699 ms
    Reading took     296.343000 us
  Sample 50...
Starting computation...
    Writing took     7.907194 ms
    Computation took 324.725598 ms
    Reading took     284.330000 us
  Sample 51...
Starting computation...
    Writing took     8.222571 ms
    Computation took 325.424737 ms
    Reading took     278.266000 us
  Sample 52...
Starting computation...
    Writing took     7.603184 ms
    Computation took 324.510731 ms
    Reading took     277.480000 us
  Sample 53...
Starting computation...
    Writing took     7.732960 ms
    Computation took 323.668714 ms
    Reading took     275.121000 us
  Sample 54...
Starting computation...
    Writing took     7.884421 ms
    Computation took 324.705307 ms
    Reading took     260.170000 us
  Sample 55...
Starting computation...
    Writing took     7.281441 ms
    Computation took 324.375098 ms
    Reading took     277.524000 us
  Sample 56...
Starting computation...
    Writing took     7.136079 ms
    Computation took 324.481559 ms
    Reading took     414.300000 us
  Sample 57...
Starting computation...
    Writing took     8.907203 ms
    Computation took 324.061472 ms
    Reading took     275.697000 us
  Sample 58...
Starting computation...
    Writing took     7.571069 ms
    Computation took 323.847025 ms
    Reading took     423.692000 us
  Sample 59...
Starting computation...
    Writing took     11.421637 ms
    Computation took 323.876200 ms
    Reading took     259.452000 us
  Sample 60...
Starting computation...
    Writing took     7.333093 ms
    Computation took 323.379284 ms
    Reading took     318.466000 us
  Sample 61...
Starting computation...
    Writing took     8.175597 ms
    Computation took 323.558972 ms
    Reading took     277.656000 us
  Sample 62...
Starting computation...
    Writing took     7.664859 ms
    Computation took 323.511594 ms
    Reading took     277.983000 us
  Sample 63...
Starting computation...
    Writing took     7.624587 ms
    Computation took 323.466047 ms
    Reading took     277.523000 us
  Sample 64...
Starting computation...
    Writing took     7.637873 ms
    Computation took 323.433419 ms
    Reading took     282.620000 us
  Sample 65...
Starting computation...
    Writing took     7.736108 ms
    Computation took 321.779761 ms
    Reading took     310.084000 us
  Sample 66...
Starting computation...
    Writing took     7.734884 ms
    Computation took 322.878822 ms
    Reading took     276.939000 us
  Sample 67...
Starting computation...
    Writing took     7.598944 ms
    Computation took 321.643845 ms
    Reading took     251.061000 us
  Sample 68...
Starting computation...
    Writing took     6.764487 ms
    Computation took 321.270540 ms
    Reading took     277.177000 us
  Sample 69...
Starting computation...
    Writing took     7.605889 ms
    Computation took 322.007619 ms
    Reading took     277.765000 us
  Sample 70...
Starting computation...
    Writing took     15.537360 ms
    Computation took 321.628582 ms
    Reading took     294.213000 us
  Sample 71...
Starting computation...
    Writing took     8.428486 ms
    Computation took 321.625040 ms
    Reading took     291.847000 us
  Sample 72...
Starting computation...
    Writing took     7.652121 ms
    Computation took 321.810369 ms
    Reading took     293.370000 us
  Sample 73...
Starting computation...
    Writing took     7.670314 ms
    Computation took 321.645028 ms
    Reading took     292.374000 us
  Sample 74...
Starting computation...
    Writing took     7.679472 ms
    Computation took 322.839872 ms
    Reading took     290.909000 us
  Sample 75...
Starting computation...
    Writing took     7.713850 ms
    Computation took 323.331201 ms
    Reading took     291.163000 us
  Sample 76...
Starting computation...
    Writing took     7.696541 ms
    Computation took 323.240486 ms
    Reading took     301.594000 us
  Sample 77...
Starting computation...
    Writing took     7.721566 ms
    Computation took 323.450250 ms
    Reading took     295.202000 us
  Sample 78...
Starting computation...
    Writing took     7.731892 ms
    Computation took 322.695247 ms
    Reading took     429.608000 us
  Sample 79...
Starting computation...
    Writing took     11.390962 ms
    Computation took 324.153318 ms
    Reading took     438.493000 us
  Sample 80...
Starting computation...
    Writing took     12.791106 ms
    Computation took 325.645718 ms
    Reading took     293.280000 us
  Sample 81...
Starting computation...
    Writing took     7.641751 ms
    Computation took 324.546455 ms
    Reading took     292.440000 us
  Sample 82...
Starting computation...
    Writing took     7.625157 ms
    Computation took 325.760437 ms
    Reading took     313.776000 us
  Sample 83...
Starting computation...
    Writing took     8.373290 ms
    Computation took 328.535787 ms
    Reading took     391.676000 us
  Sample 84...
Starting computation...
    Writing took     9.522535 ms
    Computation took 327.472482 ms
    Reading took     307.407000 us
  Sample 85...
Starting computation...
    Writing took     7.599097 ms
    Computation took 326.169223 ms
    Reading took     336.113000 us
  Sample 86...
Starting computation...
    Writing took     8.988376 ms
    Computation took 325.308496 ms
    Reading took     291.769000 us
  Sample 87...
Starting computation...
    Writing took     7.657004 ms
    Computation took 324.792160 ms
    Reading took     477.668000 us
  Sample 88...
Starting computation...
    Writing took     13.492888 ms
    Computation took 324.270084 ms
    Reading took     341.328000 us
  Sample 89...
Starting computation...
    Writing took     7.673998 ms
    Computation took 323.328752 ms
    Reading took     291.368000 us
  Sample 90...
Starting computation...
    Writing took     8.712728 ms
    Computation took 323.497220 ms
    Reading took     292.969000 us
  Sample 91...
Starting computation...
    Writing took     7.600912 ms
    Computation took 322.919788 ms
    Reading took     294.425000 us
  Sample 92...
Starting computation...
    Writing took     7.674264 ms
    Computation took 322.406029 ms
    Reading took     293.747000 us
  Sample 93...
Starting computation...
    Writing took     7.657092 ms
    Computation took 322.653387 ms
    Reading took     291.958000 us
  Sample 94...
Starting computation...
    Writing took     8.044787 ms
    Computation took 323.027775 ms
    Reading took     433.880000 us
  Sample 95...
Starting computation...
    Writing took     9.100105 ms
    Computation took 323.286854 ms
    Reading took     306.659000 us
  Sample 96...
Starting computation...
    Writing took     7.637237 ms
    Computation took 322.881674 ms
    Reading took     381.249000 us
  Sample 97...
Starting computation...
    Writing took     9.044400 ms
    Computation took 322.404204 ms
    Reading took     296.093000 us
  Sample 98...
Starting computation...
    Writing took     8.033717 ms
    Computation took 323.416350 ms
    Reading took     542.884000 us
  Sample 99...
Starting computation...
    Writing took     12.540252 ms
    Computation took 325.056894 ms
    Reading took     316.933000 us
Mean computation time: 323.827748 ms
Mean deviation: 1.474034 ms (0.455191%)
Mean computation time (per hash): 3.143958 ms
Mean deviation (per hash): 14.310000 us
