Using device #0: CUDA Device 'GeForce GTX 1080 Ti'
  Sample 0...
Starting computation...
    Writing took     6.929872 ms
    Computation took 305.766087 ms
    Reading took     233.831000 us
  Sample 1...
Starting computation...
    Writing took     6.210672 ms
    Computation took 306.033206 ms
    Reading took     239.151000 us
  Sample 2...
Starting computation...
    Writing took     6.653366 ms
    Computation took 306.629934 ms
    Reading took     247.842000 us
  Sample 3...
Starting computation...
    Writing took     6.952132 ms
    Computation took 306.767584 ms
    Reading took     249.366000 us
  Sample 4...
Starting computation...
    Writing took     6.886455 ms
    Computation took 306.732083 ms
    Reading took     249.485000 us
  Sample 5...
Starting computation...
    Writing took     6.878875 ms
    Computation took 306.451583 ms
    Reading took     273.840000 us
  Sample 6...
Starting computation...
    Writing took     6.424967 ms
    Computation took 306.564251 ms
    Reading took     235.468000 us
  Sample 7...
Starting computation...
    Writing took     6.621540 ms
    Computation took 306.734199 ms
    Reading took     250.005000 us
  Sample 8...
Starting computation...
    Writing took     6.949762 ms
    Computation took 306.703467 ms
    Reading took     269.993000 us
  Sample 9...
Starting computation...
    Writing took     7.561145 ms
    Computation took 305.955637 ms
    Reading took     298.929000 us
  Sample 10...
Starting computation...
    Writing took     7.840424 ms
    Computation took 305.633593 ms
    Reading took     263.990000 us
  Sample 11...
Starting computation...
    Writing took     6.870800 ms
    Computation took 305.938602 ms
    Reading took     266.916000 us
  Sample 12...
Starting computation...
    Writing took     6.899400 ms
    Computation took 306.339752 ms
    Reading took     267.013000 us
  Sample 13...
Starting computation...
    Writing took     6.892600 ms
    Computation took 307.039662 ms
    Reading took     266.299000 us
  Sample 14...
Starting computation...
    Writing took     6.875132 ms
    Computation took 306.710113 ms
    Reading took     267.968000 us
  Sample 15...
Starting computation...
    Writing took     6.859272 ms
    Computation took 306.978041 ms
    Reading took     265.746000 us
  Sample 16...
Starting computation...
    Writing took     7.682445 ms
    Computation took 306.365085 ms
    Reading took     278.376000 us
  Sample 17...
Starting computation...
    Writing took     7.042438 ms
    Computation took 306.205122 ms
    Reading took     265.386000 us
  Sample 18...
Starting computation...
    Writing took     6.874969 ms
    Computation took 305.871369 ms
    Reading took     274.349000 us
  Sample 19...
Starting computation...
    Writing took     6.905485 ms
    Computation took 305.912997 ms
    Reading took     264.076000 us
  Sample 20...
Starting computation...
    Writing took     7.474343 ms
    Computation took 305.878267 ms
    Reading took     273.213000 us
  Sample 21...
Starting computation...
    Writing took     7.400388 ms
    Computation took 305.861096 ms
    Reading took     264.466000 us
  Sample 22...
Starting computation...
    Writing took     6.873407 ms
    Computation took 306.444473 ms
    Reading took     266.004000 us
  Sample 23...
Starting computation...
    Writing took     7.312662 ms
    Computation took 306.337305 ms
    Reading took     414.576000 us
  Sample 24...
Starting computation...
    Writing took     11.200506 ms
    Computation took 305.634205 ms
    Reading took     353.520000 us
  Sample 25...
Starting computation...
    Writing took     7.893174 ms
    Computation took 306.351587 ms
    Reading took     318.320000 us
  Sample 26...
Starting computation...
    Writing took     7.960799 ms
    Computation took 307.485089 ms
    Reading took     282.695000 us
  Sample 27...
Starting computation...
    Writing took     7.504288 ms
    Computation took 306.910575 ms
    Reading took     264.186000 us
  Sample 28...
Starting computation...
    Writing took     6.868963 ms
    Computation took 305.949620 ms
    Reading took     256.909000 us
  Sample 29...
Starting computation...
    Writing took     6.695748 ms
    Computation took 305.783212 ms
    Reading took     268.737000 us
  Sample 30...
Starting computation...
    Writing took     7.578944 ms
    Computation took 305.850915 ms
    Reading took     270.309000 us
  Sample 31...
Starting computation...
    Writing took     7.546385 ms
    Computation took 305.991668 ms
    Reading took     250.036000 us
  Sample 32...
Starting computation...
    Writing took     6.953438 ms
    Computation took 306.108222 ms
    Reading took     251.247000 us
  Sample 33...
Starting computation...
    Writing took     6.895378 ms
    Computation took 305.530716 ms
    Reading took     250.917000 us
  Sample 34...
Starting computation...
    Writing took     6.901218 ms
    Computation took 305.282403 ms
    Reading took     250.811000 us
  Sample 35...
Starting computation...
    Writing took     7.323196 ms
    Computation took 305.856742 ms
    Reading took     248.327000 us
  Sample 36...
Starting computation...
    Writing took     6.953969 ms
    Computation took 305.917078 ms
    Reading took     261.911000 us
  Sample 37...
Starting computation...
    Writing took     7.029325 ms
    Computation took 305.333284 ms
    Reading took     409.485000 us
  Sample 38...
Starting computation...
    Writing took     7.554757 ms
    Computation took 305.826456 ms
    Reading took     251.063000 us
  Sample 39...
Starting computation...
    Writing took     6.944217 ms
    Computation took 305.821518 ms
    Reading took     251.155000 us
  Sample 40...
Starting computation...
    Writing took     6.940068 ms
    Computation took 306.661790 ms
    Reading took     454.392000 us
  Sample 41...
Starting computation...
    Writing took     12.279549 ms
    Computation took 307.124174 ms
    Reading took     267.180000 us
  Sample 42...
Starting computation...
    Writing took     6.856278 ms
    Computation took 308.258027 ms
    Reading took     274.486000 us
  Sample 43...
Starting computation...
    Writing took     6.868155 ms
    Computation took 316.563445 ms
    Reading took     263.713000 us
  Sample 44...
Starting computation...
    Writing took     6.854544 ms
    Computation took 317.871237 ms
    Reading took     267.252000 us
  Sample 45...
Starting computation...
    Writing took     6.891850 ms
    Computation took 316.112209 ms
    Reading took     267.059000 us
  Sample 46...
Starting computation...
    Writing took     6.884743 ms
    Computation took 313.018644 ms
    Reading took     403.265000 us
  Sample 47...
Starting computation...
    Writing took     8.383572 ms
    Computation took 309.374951 ms
    Reading took     265.989000 us
  Sample 48...
Starting computation...
    Writing took     6.928932 ms
    Computation took 308.193041 ms
    Reading took     265.270000 us
  Sample 49...
Starting computation...
    Writing took     6.912565 ms
    Computation took 307.141445 ms
    Reading took     266.001000 us
  Sample 50...
Starting computation...
    Writing took     6.849564 ms
    Computation took 306.153217 ms
    Reading took     267.800000 us
  Sample 51...
Starting computation...
    Writing took     6.913166 ms
    Computation took 305.469441 ms
    Reading took     264.707000 us
  Sample 52...
Starting computation...
    Writing took     6.883360 ms
    Computation took 304.673693 ms
    Reading took     265.332000 us
  Sample 53...
Starting computation...
    Writing took     6.893323 ms
    Computation took 303.794376 ms
    Reading took     266.946000 us
  Sample 54...
Starting computation...
    Writing took     6.913166 ms
    Computation took 304.150791 ms
    Reading took     263.932000 us
  Sample 55...
Starting computation...
    Writing took     6.853670 ms
    Computation took 304.335095 ms
    Reading took     264.934000 us
  Sample 56...
Starting computation...
    Writing took     7.145960 ms
    Computation took 304.407302 ms
    Reading took     265.511000 us
  Sample 57...
Starting computation...
    Writing took     6.851762 ms
    Computation took 304.684180 ms
    Reading took     271.017000 us
  Sample 58...
Starting computation...
    Writing took     6.860939 ms
    Computation took 304.708153 ms
    Reading took     431.013000 us
  Sample 59...
Starting computation...
    Writing took     11.980462 ms
    Computation took 304.110736 ms
    Reading took     262.850000 us
  Sample 60...
Starting computation...
    Writing took     6.855740 ms
    Computation took 303.860698 ms
    Reading took     265.030000 us
  Sample 61...
Starting computation...
    Writing took     6.860603 ms
    Computation took 303.741574 ms
    Reading took     405.402000 us
  Sample 62...
Starting computation...
    Writing took     15.784657 ms
    Computation took 303.599576 ms
    Reading took     264.865000 us
  Sample 63...
Starting computation...
    Writing took     6.894991 ms
    Computation took 303.733245 ms
    Reading took     266.026000 us
  Sample 64...
Starting computation...
    Writing took     6.845576 ms
    Computation took 304.240182 ms
    Reading took     264.125000 us
  Sample 65...
Starting computation...
    Writing took     6.854155 ms
    Computation took 304.263610 ms
    Reading took     280.661000 us
  Sample 66...
Starting computation...
    Writing took     6.867016 ms
    Computation took 304.618140 ms
    Reading took     290.857000 us
  Sample 67...
Starting computation...
    Writing took     7.447846 ms
    Computation took 305.375678 ms
    Reading took     264.259000 us
  Sample 68...
Starting computation...
    Writing took     6.859945 ms
    Computation took 306.020912 ms
    Reading took     265.919000 us
  Sample 69...
Starting computation...
    Writing took     6.903875 ms
    Computation took 306.204790 ms
    Reading took     264.387000 us
  Sample 70...
Starting computation...
    Writing took     6.857905 ms
    Computation took 306.580287 ms
    Reading took     263.609000 us
  Sample 71...
Starting computation...
    Writing took     6.862585 ms
    Computation took 307.268978 ms
    Reading took     266.688000 us
  Sample 72...
Starting computation...
    Writing took     6.885139 ms
    Computation took 307.332760 ms
    Reading took     265.226000 us
  Sample 73...
Starting computation...
    Writing took     6.885557 ms
    Computation took 307.478594 ms
    Reading took     265.999000 us
  Sample 74...
Starting computation...
    Writing took     6.840966 ms
    Computation took 307.998637 ms
    Reading took     292.897000 us
  Sample 75...
Starting computation...
    Writing took     6.880404 ms
    Computation took 308.278529 ms
    Reading took     254.700000 us
  Sample 76...
Starting computation...
    Writing took     6.713491 ms
    Computation took 307.845250 ms
    Reading took     258.406000 us
  Sample 77...
Starting computation...
    Writing took     6.623603 ms
    Computation took 308.449809 ms
    Reading took     380.234000 us
  Sample 78...
Starting computation...
    Writing took     10.628389 ms
    Computation took 307.017181 ms
    Reading took     266.213000 us
  Sample 79...
Starting computation...
    Writing took     6.859119 ms
    Computation took 306.250414 ms
    Reading took     262.961000 us
  Sample 80...
Starting computation...
    Writing took     6.860483 ms
    Computation took 306.908079 ms
    Reading took     267.666000 us
  Sample 81...
Starting computation...
    Writing took     6.838044 ms
    Computation took 306.657156 ms
    Reading took     262.565000 us
  Sample 82...
Starting computation...
    Writing took     6.861019 ms
    Computation took 306.757287 ms
    Reading took     267.845000 us
  Sample 83...
Starting computation...
    Writing took     6.789734 ms
    Computation took 307.225636 ms
    Reading took     406.464000 us
  Sample 84...
Starting computation...
    Writing took     13.421125 ms
    Computation took 307.214034 ms
    Reading took     393.998000 us
  Sample 85...
Starting computation...
    Writing took     10.419201 ms
    Computation took 304.648662 ms
    Reading took     256.075000 us
  Sample 86...
Starting computation...
    Writing took     6.715121 ms
    Computation took 305.722442 ms
    Reading took     266.422000 us
  Sample 87...
Starting computation...
    Writing took     6.898372 ms
    Computation took 305.550626 ms
    Reading took     263.925000 us
  Sample 88...
Starting computation...
    Writing took     6.956371 ms
    Computation took 305.670569 ms
    Reading took     266.674000 us
  Sample 89...
Starting computation...
    Writing took     8.364253 ms
    Computation took 305.706594 ms
    Reading took     247.692000 us
  Sample 90...
Starting computation...
    Writing took     7.703873 ms
    Computation took 306.021322 ms
    Reading took     337.962000 us
  Sample 91...
Starting computation...
    Writing took     9.161101 ms
    Computation took 305.067704 ms
    Reading took     266.020000 us
  Sample 92...
Starting computation...
    Writing took     6.881664 ms
    Computation took 304.766504 ms
    Reading took     265.563000 us
  Sample 93...
Starting computation...
    Writing took     7.412053 ms
    Computation took 304.162746 ms
    Reading took     251.518000 us
  Sample 94...
Starting computation...
    Writing took     6.377762 ms
    Computation took 304.954308 ms
    Reading took     455.709000 us
  Sample 95...
Starting computation...
    Writing took     12.844307 ms
    Computation took 305.380576 ms
    Reading took     263.105000 us
  Sample 96...
Starting computation...
    Writing took     6.672469 ms
    Computation took 304.960897 ms
    Reading took     266.463000 us
  Sample 97...
Starting computation...
    Writing took     6.860655 ms
    Computation took 306.130500 ms
    Reading took     264.089000 us
  Sample 98...
Starting computation...
    Writing took     6.910076 ms
    Computation took 307.727214 ms
    Reading took     321.332000 us
  Sample 99...
Starting computation...
    Writing took     7.515929 ms
    Computation took 310.338792 ms
    Reading took     326.266000 us
Mean computation time: 306.460232 ms
Mean deviation: 1.352471 ms (0.44132%)
Mean computation time (per hash): 3.295270 ms
Mean deviation (per hash): 14.542000 us
