Using device #0: CUDA Device 'GeForce GTX 1080 Ti'
  Sample 0...
Starting computation...
    Writing took     8.867169 ms
    Computation took 331.349520 ms
    Reading took     283.352000 us
  Sample 1...
Starting computation...
    Writing took     7.393298 ms
    Computation took 329.639835 ms
    Reading took     276.221000 us
  Sample 2...
Starting computation...
    Writing took     7.594833 ms
    Computation took 329.104089 ms
    Reading took     382.034000 us
  Sample 3...
Starting computation...
    Writing took     8.822522 ms
    Computation took 329.836237 ms
    Reading took     450.644000 us
  Sample 4...
Starting computation...
    Writing took     7.933165 ms
    Computation took 329.695779 ms
    Reading took     373.941000 us
  Sample 5...
Starting computation...
    Writing took     11.617817 ms
    Computation took 329.078316 ms
    Reading took     372.742000 us
  Sample 6...
Starting computation...
    Writing took     10.238267 ms
    Computation took 328.133763 ms
    Reading took     290.224000 us
  Sample 7...
Starting computation...
    Writing took     9.599695 ms
    Computation took 326.961532 ms
    Reading took     299.866000 us
  Sample 8...
Starting computation...
    Writing took     8.554062 ms
    Computation took 327.819408 ms
    Reading took     299.646000 us
  Sample 9...
Starting computation...
    Writing took     8.317525 ms
    Computation took 328.124132 ms
    Reading took     276.823000 us
  Sample 10...
Starting computation...
    Writing took     8.637703 ms
    Computation took 327.156056 ms
    Reading took     276.737000 us
  Sample 11...
Starting computation...
    Writing took     7.573617 ms
    Computation took 327.723730 ms
    Reading took     274.870000 us
  Sample 12...
Starting computation...
    Writing took     7.622216 ms
    Computation took 329.378801 ms
    Reading took     334.406000 us
  Sample 13...
Starting computation...
    Writing took     9.347118 ms
    Computation took 329.828045 ms
    Reading took     313.335000 us
  Sample 14...
Starting computation...
    Writing took     7.523842 ms
    Computation took 330.432423 ms
    Reading took     279.408000 us
  Sample 15...
Starting computation...
    Writing took     7.647076 ms
    Computation took 330.049994 ms
    Reading took     337.795000 us
  Sample 16...
Starting computation...
    Writing took     8.468249 ms
    Computation took 330.226644 ms
    Reading took     274.022000 us
  Sample 17...
Starting computation...
    Writing took     7.600895 ms
    Computation took 330.003518 ms
    Reading took     279.585000 us
  Sample 18...
Starting computation...
    Writing took     7.879042 ms
    Computation took 330.321969 ms
    Reading took     289.926000 us
  Sample 19...
Starting computation...
    Writing took     7.586227 ms
    Computation took 331.607641 ms
    Reading took     276.816000 us
  Sample 20...
Starting computation...
    Writing took     7.611993 ms
    Computation took 333.079264 ms
    Reading took     282.247000 us
  Sample 21...
Starting computation...
    Writing took     7.600147 ms
    Computation took 333.847979 ms
    Reading took     294.010000 us
  Sample 22...
Starting computation...
    Writing took     7.746555 ms
    Computation took 332.795636 ms
    Reading took     276.266000 us
  Sample 23...
Starting computation...
    Writing took     7.612153 ms
    Computation took 330.324493 ms
    Reading took     266.550000 us
  Sample 24...
Starting computation...
    Writing took     7.327480 ms
    Computation took 328.968857 ms
    Reading took     276.727000 us
  Sample 25...
Starting computation...
    Writing took     7.704464 ms
    Computation took 329.281082 ms
    Reading took     277.778000 us
  Sample 26...
Starting computation...
    Writing took     7.611733 ms
    Computation took 329.986380 ms
    Reading took     277.360000 us
  Sample 27...
Starting computation...
    Writing took     7.615117 ms
    Computation took 330.459658 ms
    Reading took     277.989000 us
  Sample 28...
Starting computation...
    Writing took     7.589559 ms
    Computation took 330.205399 ms
    Reading took     276.674000 us
  Sample 29...
Starting computation...
    Writing took     7.619028 ms
    Computation took 330.014478 ms
    Reading took     276.322000 us
  Sample 30...
Starting computation...
    Writing took     7.578065 ms
    Computation took 330.220678 ms
    Reading took     346.592000 us
  Sample 31...
Starting computation...
    Writing took     9.114391 ms
    Computation took 330.418121 ms
    Reading took     276.257000 us
  Sample 32...
Starting computation...
    Writing took     7.635852 ms
    Computation took 330.448587 ms
    Reading took     286.660000 us
  Sample 33...
Starting computation...
    Writing took     7.589309 ms
    Computation took 329.888537 ms
    Reading took     276.066000 us
  Sample 34...
Starting computation...
    Writing took     15.940028 ms
    Computation took 328.655415 ms
    Reading took     276.961000 us
  Sample 35...
Starting computation...
    Writing took     7.611700 ms
    Computation took 327.408780 ms
    Reading took     267.089000 us
  Sample 36...
Starting computation...
    Writing took     7.410193 ms
    Computation took 327.015067 ms
    Reading took     268.668000 us
  Sample 37...
Starting computation...
    Writing took     7.737335 ms
    Computation took 328.248593 ms
    Reading took     276.283000 us
  Sample 38...
Starting computation...
    Writing took     7.641792 ms
    Computation took 329.554249 ms
    Reading took     481.560000 us
  Sample 39...
Starting computation...
    Writing took     14.047535 ms
    Computation took 328.371525 ms
    Reading took     273.600000 us
  Sample 40...
Starting computation...
    Writing took     7.368586 ms
    Computation took 328.419736 ms
    Reading took     412.807000 us
  Sample 41...
Starting computation...
    Writing took     17.031309 ms
    Computation took 329.082013 ms
    Reading took     292.362000 us
  Sample 42...
Starting computation...
    Writing took     7.622224 ms
    Computation took 327.712956 ms
    Reading took     300.879000 us
  Sample 43...
Starting computation...
    Writing took     7.624803 ms
    Computation took 328.908200 ms
    Reading took     289.379000 us
  Sample 44...
Starting computation...
    Writing took     7.649376 ms
    Computation took 330.443390 ms
    Reading took     281.162000 us
  Sample 45...
Starting computation...
    Writing took     7.587178 ms
    Computation took 331.080277 ms
    Reading took     293.345000 us
  Sample 46...
Starting computation...
    Writing took     7.708633 ms
    Computation took 331.327844 ms
    Reading took     292.281000 us
  Sample 47...
Starting computation...
    Writing took     7.842295 ms
    Computation took 330.372786 ms
    Reading took     299.303000 us
  Sample 48...
Starting computation...
    Writing took     7.627933 ms
    Computation took 329.763233 ms
    Reading took     302.825000 us
  Sample 49...
Starting computation...
    Writing took     7.712475 ms
    Computation took 330.320068 ms
    Reading took     477.558000 us
  Sample 50...
Starting computation...
    Writing took     16.153920 ms
    Computation took 328.584405 ms
    Reading took     312.518000 us
  Sample 51...
Starting computation...
    Writing took     8.363683 ms
    Computation took 328.988223 ms
    Reading took     287.724000 us
  Sample 52...
Starting computation...
    Writing took     7.666733 ms
    Computation took 329.658700 ms
    Reading took     442.179000 us
  Sample 53...
Starting computation...
    Writing took     13.286707 ms
    Computation took 328.578692 ms
    Reading took     292.739000 us
  Sample 54...
Starting computation...
    Writing took     7.666418 ms
    Computation took 327.578829 ms
    Reading took     297.370000 us
  Sample 55...
Starting computation...
    Writing took     7.826477 ms
    Computation took 327.753705 ms
    Reading took     380.091000 us
  Sample 56...
Starting computation...
    Writing took     9.742410 ms
    Computation took 327.214286 ms
    Reading took     306.395000 us
  Sample 57...
Starting computation...
    Writing took     7.637685 ms
    Computation took 328.349638 ms
    Reading took     385.619000 us
  Sample 58...
Starting computation...
    Writing took     9.725567 ms
    Computation took 327.835442 ms
    Reading took     291.447000 us
  Sample 59...
Starting computation...
    Writing took     10.430283 ms
    Computation took 327.142232 ms
    Reading took     292.777000 us
  Sample 60...
Starting computation...
    Writing took     7.635219 ms
    Computation took 327.895180 ms
    Reading took     293.696000 us
  Sample 61...
Starting computation...
    Writing took     7.639223 ms
    Computation took 332.206484 ms
    Reading took     545.437000 us
  Sample 62...
Starting computation...
    Writing took     14.388384 ms
    Computation took 326.823586 ms
    Reading took     286.317000 us
  Sample 63...
Starting computation...
    Writing took     7.712219 ms
    Computation took 328.907949 ms
    Reading took     290.897000 us
  Sample 64...
Starting computation...
    Writing took     8.031846 ms
    Computation took 331.019831 ms
    Reading took     454.010000 us
  Sample 65...
Starting computation...
    Writing took     11.400029 ms
    Computation took 330.922052 ms
    Reading took     292.563000 us
  Sample 66...
Starting computation...
    Writing took     7.696410 ms
    Computation took 331.228763 ms
    Reading took     336.201000 us
  Sample 67...
Starting computation...
    Writing took     9.055398 ms
    Computation took 333.886840 ms
    Reading took     308.923000 us
  Sample 68...
Starting computation...
    Writing took     8.221714 ms
    Computation took 334.196750 ms
    Reading took     499.411000 us
  Sample 69...
Starting computation...
    Writing took     14.968098 ms
    Computation took 333.145798 ms
    Reading took     313.669000 us
  Sample 70...
Starting computation...
    Writing took     8.338832 ms
    Computation took 331.060880 ms
    Reading took     290.867000 us
  Sample 71...
Starting computation...
    Writing took     7.672763 ms
    Computation took 330.844059 ms
    Reading took     292.218000 us
  Sample 72...
Starting computation...
    Writing took     8.657544 ms
    Computation took 332.223605 ms
    Reading took     291.202000 us
  Sample 73...
Starting computation...
    Writing took     7.650857 ms
    Computation took 338.500460 ms
    Reading took     292.968000 us
  Sample 74...
Starting computation...
    Writing took     7.715094 ms
    Computation took 338.354339 ms
    Reading took     337.185000 us
  Sample 75...
Starting computation...
    Writing took     9.298686 ms
    Computation took 338.227675 ms
    Reading took     300.138000 us
  Sample 76...
Starting computation...
    Writing took     7.636536 ms
    Computation took 336.087527 ms
    Reading took     374.593000 us
  Sample 77...
Starting computation...
    Writing took     7.645144 ms
    Computation took 333.033224 ms
    Reading took     293.645000 us
  Sample 78...
Starting computation...
    Writing took     7.671190 ms
    Computation took 331.750265 ms
    Reading took     292.905000 us
  Sample 79...
Starting computation...
    Writing took     7.655973 ms
    Computation took 329.833724 ms
    Reading took     292.724000 us
  Sample 80...
Starting computation...
    Writing took     7.729911 ms
    Computation took 329.370422 ms
    Reading took     335.761000 us
  Sample 81...
Starting computation...
    Writing took     7.663946 ms
    Computation took 327.988025 ms
    Reading took     342.676000 us
  Sample 82...
Starting computation...
    Writing took     7.752372 ms
    Computation took 327.452124 ms
    Reading took     292.615000 us
  Sample 83...
Starting computation...
    Writing took     7.717552 ms
    Computation took 327.577248 ms
    Reading took     299.335000 us
  Sample 84...
Starting computation...
    Writing took     8.860757 ms
    Computation took 328.114141 ms
    Reading took     293.450000 us
  Sample 85...
Starting computation...
    Writing took     7.742075 ms
    Computation took 328.517263 ms
    Reading took     291.740000 us
  Sample 86...
Starting computation...
    Writing took     7.671294 ms
    Computation took 328.192806 ms
    Reading took     293.422000 us
  Sample 87...
Starting computation...
    Writing took     7.667194 ms
    Computation took 328.025699 ms
    Reading took     302.919000 us
  Sample 88...
Starting computation...
    Writing took     7.860695 ms
    Computation took 327.571233 ms
    Reading took     291.219000 us
  Sample 89...
Starting computation...
    Writing took     7.679376 ms
    Computation took 327.610852 ms
    Reading took     299.033000 us
  Sample 90...
Starting computation...
    Writing took     7.788960 ms
    Computation took 327.595582 ms
    Reading took     293.253000 us
  Sample 91...
Starting computation...
    Writing took     7.731836 ms
    Computation took 327.364226 ms
    Reading took     308.217000 us
  Sample 92...
Starting computation...
    Writing took     7.617647 ms
    Computation took 327.694306 ms
    Reading took     292.489000 us
  Sample 93...
Starting computation...
    Writing took     7.756521 ms
    Computation took 327.530998 ms
    Reading took     292.526000 us
  Sample 94...
Starting computation...
    Writing took     7.644162 ms
    Computation took 327.301688 ms
    Reading took     292.480000 us
  Sample 95...
Starting computation...
    Writing took     7.706193 ms
    Computation took 328.592553 ms
    Reading took     293.730000 us
  Sample 96...
Starting computation...
    Writing took     7.681758 ms
    Computation took 331.061255 ms
    Reading took     293.799000 us
  Sample 97...
Starting computation...
    Writing took     7.618777 ms
    Computation took 331.116681 ms
    Reading took     312.502000 us
  Sample 98...
Starting computation...
    Writing took     8.383396 ms
    Computation took 332.102211 ms
    Reading took     297.498000 us
  Sample 99...
Starting computation...
    Writing took     7.709233 ms
    Computation took 332.442072 ms
    Reading took     295.928000 us
Mean computation time: 329.881492 ms
Mean deviation: 1.757007 ms (0.532618%)
Mean computation time (per hash): 3.202732 ms
Mean deviation (per hash): 17.058000 us
