Using device #0: CUDA Device 'GeForce GTX 1080 Ti'
  Sample 0...
Starting computation...
    Writing took     8.441006 ms
    Computation took 243.955589 ms
    Reading took     224.395000 us
  Sample 1...
Starting computation...
    Writing took     5.787036 ms
    Computation took 243.576568 ms
    Reading took     222.246000 us
  Sample 2...
Starting computation...
    Writing took     5.781034 ms
    Computation took 243.647266 ms
    Reading took     207.664000 us
  Sample 3...
Starting computation...
    Writing took     5.312511 ms
    Computation took 243.516179 ms
    Reading took     206.186000 us
  Sample 4...
Starting computation...
    Writing took     5.306553 ms
    Computation took 243.891148 ms
    Reading took     207.567000 us
  Sample 5...
Starting computation...
    Writing took     6.565594 ms
    Computation took 244.687872 ms
    Reading took     165.255000 us
  Sample 6...
Starting computation...
    Writing took     4.125635 ms
    Computation took 244.297230 ms
    Reading took     173.912000 us
  Sample 7...
Starting computation...
    Writing took     4.844675 ms
    Computation took 243.779577 ms
    Reading took     295.922000 us
  Sample 8...
Starting computation...
    Writing took     8.782673 ms
    Computation took 244.254936 ms
    Reading took     183.968000 us
  Sample 9...
Starting computation...
    Writing took     4.539267 ms
    Computation took 244.845821 ms
    Reading took     181.890000 us
  Sample 10...
Starting computation...
    Writing took     5.099789 ms
    Computation took 245.812017 ms
    Reading took     303.200000 us
  Sample 11...
Starting computation...
    Writing took     7.379427 ms
    Computation took 244.272502 ms
    Reading took     192.207000 us
  Sample 12...
Starting computation...
    Writing took     5.308577 ms
    Computation took 244.063611 ms
    Reading took     192.007000 us
  Sample 13...
Starting computation...
    Writing took     5.290077 ms
    Computation took 245.177371 ms
    Reading took     195.853000 us
  Sample 14...
Starting computation...
    Writing took     5.287423 ms
    Computation took 247.946460 ms
    Reading took     193.722000 us
  Sample 15...
Starting computation...
    Writing took     5.275678 ms
    Computation took 245.809489 ms
    Reading took     193.423000 us
  Sample 16...
Starting computation...
    Writing took     5.263293 ms
    Computation took 246.556257 ms
    Reading took     369.390000 us
  Sample 17...
Starting computation...
    Writing took     10.257740 ms
    Computation took 249.341546 ms
    Reading took     204.035000 us
  Sample 18...
Starting computation...
    Writing took     5.247995 ms
    Computation took 256.394841 ms
    Reading took     208.623000 us
  Sample 19...
Starting computation...
    Writing took     5.360644 ms
    Computation took 254.342581 ms
    Reading took     166.842000 us
  Sample 20...
Starting computation...
    Writing took     4.302207 ms
    Computation took 252.017289 ms
    Reading took     166.774000 us
  Sample 21...
Starting computation...
    Writing took     4.141519 ms
    Computation took 250.858170 ms
    Reading took     178.523000 us
  Sample 22...
Starting computation...
    Writing took     4.405627 ms
    Computation took 248.284231 ms
    Reading took     167.406000 us
  Sample 23...
Starting computation...
    Writing took     4.205409 ms
    Computation took 247.061145 ms
    Reading took     179.198000 us
  Sample 24...
Starting computation...
    Writing took     4.452315 ms
    Computation took 246.528345 ms
    Reading took     210.356000 us
  Sample 25...
Starting computation...
    Writing took     5.331868 ms
    Computation took 246.456475 ms
    Reading took     205.919000 us
  Sample 26...
Starting computation...
    Writing took     5.304010 ms
    Computation took 246.066150 ms
    Reading took     167.365000 us
  Sample 27...
Starting computation...
    Writing took     4.134840 ms
    Computation took 245.778118 ms
    Reading took     201.963000 us
  Sample 28...
Starting computation...
    Writing took     4.405437 ms
    Computation took 246.373977 ms
    Reading took     192.026000 us
  Sample 29...
Starting computation...
    Writing took     4.384948 ms
    Computation took 246.553186 ms
    Reading took     179.171000 us
  Sample 30...
Starting computation...
    Writing took     4.475272 ms
    Computation took 246.276366 ms
    Reading took     173.894000 us
  Sample 31...
Starting computation...
    Writing took     4.430423 ms
    Computation took 246.762191 ms
    Reading took     481.418000 us
  Sample 32...
Starting computation...
    Writing took     14.873363 ms
    Computation took 245.677548 ms
    Reading took     160.681000 us
  Sample 33...
Starting computation...
    Writing took     4.290920 ms
    Computation took 244.450414 ms
    Reading took     195.565000 us
  Sample 34...
Starting computation...
    Writing took     5.274403 ms
    Computation took 245.107789 ms
    Reading took     182.879000 us
  Sample 35...
Starting computation...
    Writing took     4.796457 ms
    Computation took 247.086626 ms
    Reading took     175.658000 us
  Sample 36...
Starting computation...
    Writing took     4.722106 ms
    Computation took 246.243494 ms
    Reading took     216.909000 us
  Sample 37...
Starting computation...
    Writing took     4.916638 ms
    Computation took 245.547710 ms
    Reading took     181.601000 us
  Sample 38...
Starting computation...
    Writing took     4.940554 ms
    Computation took 245.754714 ms
    Reading took     181.882000 us
  Sample 39...
Starting computation...
    Writing took     4.909212 ms
    Computation took 246.559998 ms
    Reading took     181.904000 us
  Sample 40...
Starting computation...
    Writing took     4.973582 ms
    Computation took 246.785867 ms
    Reading took     183.524000 us
  Sample 41...
Starting computation...
    Writing took     5.107155 ms
    Computation took 246.863185 ms
    Reading took     195.540000 us
  Sample 42...
Starting computation...
    Writing took     5.117103 ms
    Computation took 247.251589 ms
    Reading took     306.825000 us
  Sample 43...
Starting computation...
    Writing took     8.908370 ms
    Computation took 247.679376 ms
    Reading took     313.473000 us
  Sample 44...
Starting computation...
    Writing took     9.085172 ms
    Computation took 245.432680 ms
    Reading took     191.742000 us
  Sample 45...
Starting computation...
    Writing took     5.317218 ms
    Computation took 244.759041 ms
    Reading took     193.704000 us
  Sample 46...
Starting computation...
    Writing took     5.285319 ms
    Computation took 244.804508 ms
    Reading took     193.888000 us
  Sample 47...
Starting computation...
    Writing took     5.334605 ms
    Computation took 245.446566 ms
    Reading took     361.757000 us
  Sample 48...
Starting computation...
    Writing took     5.629779 ms
    Computation took 245.413276 ms
    Reading took     158.789000 us
  Sample 49...
Starting computation...
    Writing took     4.336313 ms
    Computation took 244.751454 ms
    Reading took     155.414000 us
  Sample 50...
Starting computation...
    Writing took     4.148546 ms
    Computation took 244.787589 ms
    Reading took     168.457000 us
  Sample 51...
Starting computation...
    Writing took     5.011670 ms
    Computation took 245.494366 ms
    Reading took     377.440000 us
  Sample 52...
Starting computation...
    Writing took     11.506753 ms
    Computation took 245.702900 ms
    Reading took     169.438000 us
  Sample 53...
Starting computation...
    Writing took     4.511727 ms
    Computation took 245.359637 ms
    Reading took     170.963000 us
  Sample 54...
Starting computation...
    Writing took     4.531251 ms
    Computation took 244.961422 ms
    Reading took     168.870000 us
  Sample 55...
Starting computation...
    Writing took     4.676047 ms
    Computation took 245.525675 ms
    Reading took     164.591000 us
  Sample 56...
Starting computation...
    Writing took     4.351980 ms
    Computation took 246.815997 ms
    Reading took     169.836000 us
  Sample 57...
Starting computation...
    Writing took     4.705379 ms
    Computation took 249.144205 ms
    Reading took     167.579000 us
  Sample 58...
Starting computation...
    Writing took     4.707996 ms
    Computation took 249.155964 ms
    Reading took     175.578000 us
  Sample 59...
Starting computation...
    Writing took     4.720563 ms
    Computation took 249.743848 ms
    Reading took     188.574000 us
  Sample 60...
Starting computation...
    Writing took     4.707944 ms
    Computation took 250.635187 ms
    Reading took     192.784000 us
  Sample 61...
Starting computation...
    Writing took     4.506165 ms
    Computation took 251.382455 ms
    Reading took     205.811000 us
  Sample 62...
Starting computation...
    Writing took     4.876594 ms
    Computation took 249.706757 ms
    Reading took     174.082000 us
  Sample 63...
Starting computation...
    Writing took     4.948350 ms
    Computation took 249.506946 ms
    Reading took     151.285000 us
  Sample 64...
Starting computation...
    Writing took     4.143911 ms
    Computation took 250.577921 ms
    Reading took     196.985000 us
  Sample 65...
Starting computation...
    Writing took     4.312985 ms
    Computation took 251.390549 ms
    Reading took     163.798000 us
  Sample 66...
Starting computation...
    Writing took     4.412397 ms
    Computation took 249.489159 ms
    Reading took     168.657000 us
  Sample 67...
Starting computation...
    Writing took     4.575269 ms
    Computation took 250.005678 ms
    Reading took     226.152000 us
  Sample 68...
Starting computation...
    Writing took     6.297609 ms
    Computation took 251.635373 ms
    Reading took     206.705000 us
  Sample 69...
Starting computation...
    Writing took     5.686018 ms
    Computation took 255.082904 ms
    Reading took     221.251000 us
  Sample 70...
Starting computation...
    Writing took     5.745740 ms
    Computation took 254.765185 ms
    Reading took     158.275000 us
  Sample 71...
Starting computation...
    Writing took     4.138094 ms
    Computation took 253.015867 ms
    Reading took     189.543000 us
  Sample 72...
Starting computation...
    Writing took     5.261932 ms
    Computation took 252.320811 ms
    Reading took     288.107000 us
  Sample 73...
Starting computation...
    Writing took     7.246434 ms
    Computation took 251.141209 ms
    Reading took     176.670000 us
  Sample 74...
Starting computation...
    Writing took     4.386839 ms
    Computation took 250.415995 ms
    Reading took     187.684000 us
  Sample 75...
Starting computation...
    Writing took     4.830535 ms
    Computation took 247.314290 ms
    Reading took     177.215000 us
  Sample 76...
Starting computation...
    Writing took     4.395495 ms
    Computation took 248.904797 ms
    Reading took     201.281000 us
  Sample 77...
Starting computation...
    Writing took     4.469884 ms
    Computation took 251.858225 ms
    Reading took     184.556000 us
  Sample 78...
Starting computation...
    Writing took     4.694329 ms
    Computation took 251.056649 ms
    Reading took     308.896000 us
  Sample 79...
Starting computation...
    Writing took     12.920344 ms
    Computation took 247.646306 ms
    Reading took     170.691000 us
  Sample 80...
Starting computation...
    Writing took     4.604649 ms
    Computation took 246.728002 ms
    Reading took     158.514000 us
  Sample 81...
Starting computation...
    Writing took     4.167284 ms
    Computation took 246.282945 ms
    Reading took     179.589000 us
  Sample 82...
Starting computation...
    Writing took     4.438603 ms
    Computation took 246.165703 ms
    Reading took     204.281000 us
  Sample 83...
Starting computation...
    Writing took     4.645054 ms
    Computation took 246.643956 ms
    Reading took     199.206000 us
  Sample 84...
Starting computation...
    Writing took     5.071005 ms
    Computation took 249.513113 ms
    Reading took     192.684000 us
  Sample 85...
Starting computation...
    Writing took     5.147323 ms
    Computation took 259.981744 ms
    Reading took     196.114000 us
  Sample 86...
Starting computation...
    Writing took     5.079931 ms
    Computation took 262.306883 ms
    Reading took     222.147000 us
  Sample 87...
Starting computation...
    Writing took     5.814444 ms
    Computation took 259.134477 ms
    Reading took     168.253000 us
  Sample 88...
Starting computation...
    Writing took     4.061165 ms
    Computation took 257.846056 ms
    Reading took     174.496000 us
  Sample 89...
Starting computation...
    Writing took     4.389168 ms
    Computation took 255.360801 ms
    Reading took     306.789000 us
  Sample 90...
Starting computation...
    Writing took     7.989671 ms
    Computation took 252.507707 ms
    Reading took     218.297000 us
  Sample 91...
Starting computation...
    Writing took     5.650227 ms
    Computation took 250.536007 ms
    Reading took     215.396000 us
  Sample 92...
Starting computation...
    Writing took     5.650867 ms
    Computation took 247.829329 ms
    Reading took     201.924000 us
  Sample 93...
Starting computation...
    Writing took     4.355597 ms
    Computation took 246.732231 ms
    Reading took     186.680000 us
  Sample 94...
Starting computation...
    Writing took     4.731285 ms
    Computation took 245.476838 ms
    Reading took     294.625000 us
  Sample 95...
Starting computation...
    Writing took     8.699037 ms
    Computation took 244.488431 ms
    Reading took     194.110000 us
  Sample 96...
Starting computation...
    Writing took     5.450753 ms
    Computation took 243.898580 ms
    Reading took     195.736000 us
  Sample 97...
Starting computation...
    Writing took     5.282188 ms
    Computation took 244.099023 ms
    Reading took     154.905000 us
  Sample 98...
Starting computation...
    Writing took     4.232582 ms
    Computation took 243.949643 ms
    Reading took     163.966000 us
  Sample 99...
Starting computation...
    Writing took     6.263584 ms
    Computation took 243.926742 ms
    Reading took     169.523000 us
Mean computation time: 247.927524 ms
Mean deviation: 3.038334 ms (1.22549%)
Mean computation time (per hash): 3.491936 ms
Mean deviation (per hash): 42.793000 us
