Using device #0: CUDA Device 'GeForce GTX 1080 Ti'
  Sample 0...
Starting computation...
    Writing took     5.286809 ms
    Computation took 256.206771 ms
    Reading took     330.086000 us
  Sample 1...
Starting computation...
    Writing took     9.410316 ms
    Computation took 256.681870 ms
    Reading took     209.879000 us
  Sample 2...
Starting computation...
    Writing took     4.773205 ms
    Computation took 257.081046 ms
    Reading took     189.680000 us
  Sample 3...
Starting computation...
    Writing took     5.005720 ms
    Computation took 257.702638 ms
    Reading took     189.305000 us
  Sample 4...
Starting computation...
    Writing took     6.479802 ms
    Computation took 256.668404 ms
    Reading took     185.105000 us
  Sample 5...
Starting computation...
    Writing took     4.906730 ms
    Computation took 256.644739 ms
    Reading took     235.789000 us
  Sample 6...
Starting computation...
    Writing took     6.202859 ms
    Computation took 256.745066 ms
    Reading took     236.998000 us
  Sample 7...
Starting computation...
    Writing took     6.157143 ms
    Computation took 257.379784 ms
    Reading took     235.969000 us
  Sample 8...
Starting computation...
    Writing took     6.320821 ms
    Computation took 259.985063 ms
    Reading took     228.026000 us
  Sample 9...
Starting computation...
    Writing took     5.566290 ms
    Computation took 259.201998 ms
    Reading took     197.060000 us
  Sample 10...
Starting computation...
    Writing took     4.979310 ms
    Computation took 260.101988 ms
    Reading took     229.207000 us
  Sample 11...
Starting computation...
    Writing took     5.895340 ms
    Computation took 258.249794 ms
    Reading took     178.558000 us
  Sample 12...
Starting computation...
    Writing took     4.626663 ms
    Computation took 257.934257 ms
    Reading took     219.066000 us
  Sample 13...
Starting computation...
    Writing took     6.534843 ms
    Computation took 257.230784 ms
    Reading took     200.911000 us
  Sample 14...
Starting computation...
    Writing took     5.181256 ms
    Computation took 255.791540 ms
    Reading took     175.933000 us
  Sample 15...
Starting computation...
    Writing took     4.395562 ms
    Computation took 255.788807 ms
    Reading took     245.574000 us
  Sample 16...
Starting computation...
    Writing took     9.304997 ms
    Computation took 255.236044 ms
    Reading took     190.066000 us
  Sample 17...
Starting computation...
    Writing took     5.111104 ms
    Computation took 255.016475 ms
    Reading took     225.561000 us
  Sample 18...
Starting computation...
    Writing took     5.654388 ms
    Computation took 255.439588 ms
    Reading took     193.075000 us
  Sample 19...
Starting computation...
    Writing took     4.915354 ms
    Computation took 256.369782 ms
    Reading took     233.629000 us
  Sample 20...
Starting computation...
    Writing took     6.163290 ms
    Computation took 256.978158 ms
    Reading took     186.960000 us
  Sample 21...
Starting computation...
    Writing took     5.231910 ms
    Computation took 258.894230 ms
    Reading took     200.136000 us
  Sample 22...
Starting computation...
    Writing took     5.500439 ms
    Computation took 259.963724 ms
    Reading took     243.955000 us
  Sample 23...
Starting computation...
    Writing took     6.192918 ms
    Computation took 257.783741 ms
    Reading took     240.436000 us
  Sample 24...
Starting computation...
    Writing took     6.180714 ms
    Computation took 257.075331 ms
    Reading took     245.835000 us
  Sample 25...
Starting computation...
    Writing took     6.175407 ms
    Computation took 255.737838 ms
    Reading took     237.760000 us
  Sample 26...
Starting computation...
    Writing took     6.296975 ms
    Computation took 255.888064 ms
    Reading took     192.814000 us
  Sample 27...
Starting computation...
    Writing took     4.912835 ms
    Computation took 254.561673 ms
    Reading took     190.520000 us
  Sample 28...
Starting computation...
    Writing took     4.814689 ms
    Computation took 255.141849 ms
    Reading took     227.207000 us
  Sample 29...
Starting computation...
    Writing took     4.991197 ms
    Computation took 257.375274 ms
    Reading took     223.487000 us
  Sample 30...
Starting computation...
    Writing took     5.790337 ms
    Computation took 256.489766 ms
    Reading took     196.040000 us
  Sample 31...
Starting computation...
    Writing took     5.079715 ms
    Computation took 256.192228 ms
    Reading took     299.296000 us
  Sample 32...
Starting computation...
    Writing took     5.813495 ms
    Computation took 255.259725 ms
    Reading took     205.849000 us
  Sample 33...
Starting computation...
    Writing took     4.703869 ms
    Computation took 255.082876 ms
    Reading took     205.566000 us
  Sample 34...
Starting computation...
    Writing took     4.572152 ms
    Computation took 254.622811 ms
    Reading took     236.081000 us
  Sample 35...
Starting computation...
    Writing took     5.855403 ms
    Computation took 254.513003 ms
    Reading took     220.866000 us
  Sample 36...
Starting computation...
    Writing took     5.729334 ms
    Computation took 254.608102 ms
    Reading took     225.874000 us
  Sample 37...
Starting computation...
    Writing took     6.137670 ms
    Computation took 254.438391 ms
    Reading took     271.925000 us
  Sample 38...
Starting computation...
    Writing took     6.374148 ms
    Computation took 254.585955 ms
    Reading took     178.850000 us
  Sample 39...
Starting computation...
    Writing took     4.958766 ms
    Computation took 255.045277 ms
    Reading took     184.283000 us
  Sample 40...
Starting computation...
    Writing took     4.393085 ms
    Computation took 256.525138 ms
    Reading took     176.450000 us
  Sample 41...
Starting computation...
    Writing took     4.691870 ms
    Computation took 257.088784 ms
    Reading took     183.097000 us
  Sample 42...
Starting computation...
    Writing took     5.178424 ms
    Computation took 257.442566 ms
    Reading took     167.240000 us
  Sample 43...
Starting computation...
    Writing took     4.809690 ms
    Computation took 257.566488 ms
    Reading took     176.080000 us
  Sample 44...
Starting computation...
    Writing took     4.423040 ms
    Computation took 258.551032 ms
    Reading took     166.848000 us
  Sample 45...
Starting computation...
    Writing took     4.592765 ms
    Computation took 259.242790 ms
    Reading took     177.629000 us
  Sample 46...
Starting computation...
    Writing took     4.840164 ms
    Computation took 259.003469 ms
    Reading took     272.540000 us
  Sample 47...
Starting computation...
    Writing took     6.472961 ms
    Computation took 259.234975 ms
    Reading took     228.881000 us
  Sample 48...
Starting computation...
    Writing took     6.142785 ms
    Computation took 259.806892 ms
    Reading took     352.345000 us
  Sample 49...
Starting computation...
    Writing took     10.213663 ms
    Computation took 259.264076 ms
    Reading took     208.792000 us
  Sample 50...
Starting computation...
    Writing took     8.607891 ms
    Computation took 258.082494 ms
    Reading took     225.951000 us
  Sample 51...
Starting computation...
    Writing took     6.135570 ms
    Computation took 258.963670 ms
    Reading took     227.317000 us
  Sample 52...
Starting computation...
    Writing took     6.162299 ms
    Computation took 259.056858 ms
    Reading took     208.613000 us
  Sample 53...
Starting computation...
    Writing took     5.660221 ms
    Computation took 260.291081 ms
    Reading took     252.390000 us
  Sample 54...
Starting computation...
    Writing took     6.087909 ms
    Computation took 263.152772 ms
    Reading took     208.099000 us
  Sample 55...
Starting computation...
    Writing took     5.678939 ms
    Computation took 262.882251 ms
    Reading took     207.559000 us
  Sample 56...
Starting computation...
    Writing took     5.659413 ms
    Computation took 261.571146 ms
    Reading took     180.735000 us
  Sample 57...
Starting computation...
    Writing took     4.715850 ms
    Computation took 260.596097 ms
    Reading took     207.571000 us
  Sample 58...
Starting computation...
    Writing took     6.590017 ms
    Computation took 259.379862 ms
    Reading took     196.347000 us
  Sample 59...
Starting computation...
    Writing took     5.135713 ms
    Computation took 258.758965 ms
    Reading took     187.937000 us
  Sample 60...
Starting computation...
    Writing took     5.110123 ms
    Computation took 258.787566 ms
    Reading took     207.863000 us
  Sample 61...
Starting computation...
    Writing took     5.658587 ms
    Computation took 259.148267 ms
    Reading took     195.668000 us
  Sample 62...
Starting computation...
    Writing took     5.272312 ms
    Computation took 259.029430 ms
    Reading took     168.935000 us
  Sample 63...
Starting computation...
    Writing took     4.381512 ms
    Computation took 259.056642 ms
    Reading took     202.021000 us
  Sample 64...
Starting computation...
    Writing took     5.494788 ms
    Computation took 259.015184 ms
    Reading took     197.789000 us
  Sample 65...
Starting computation...
    Writing took     5.467846 ms
    Computation took 257.831216 ms
    Reading took     182.632000 us
  Sample 66...
Starting computation...
    Writing took     4.871745 ms
    Computation took 256.551108 ms
    Reading took     182.979000 us
  Sample 67...
Starting computation...
    Writing took     6.144655 ms
    Computation took 256.385780 ms
    Reading took     271.863000 us
  Sample 68...
Starting computation...
    Writing took     8.394719 ms
    Computation took 256.793201 ms
    Reading took     224.053000 us
  Sample 69...
Starting computation...
    Writing took     6.185749 ms
    Computation took 256.733135 ms
    Reading took     226.416000 us
  Sample 70...
Starting computation...
    Writing took     6.157705 ms
    Computation took 256.792471 ms
    Reading took     207.052000 us
  Sample 71...
Starting computation...
    Writing took     5.654374 ms
    Computation took 257.547081 ms
    Reading took     212.810000 us
  Sample 72...
Starting computation...
    Writing took     5.968571 ms
    Computation took 257.703526 ms
    Reading took     172.848000 us
  Sample 73...
Starting computation...
    Writing took     4.631972 ms
    Computation took 257.430060 ms
    Reading took     189.372000 us
  Sample 74...
Starting computation...
    Writing took     5.153222 ms
    Computation took 257.177195 ms
    Reading took     206.810000 us
  Sample 75...
Starting computation...
    Writing took     5.630268 ms
    Computation took 257.386658 ms
    Reading took     190.765000 us
  Sample 76...
Starting computation...
    Writing took     4.898477 ms
    Computation took 256.896686 ms
    Reading took     345.863000 us
  Sample 77...
Starting computation...
    Writing took     10.225747 ms
    Computation took 258.574369 ms
    Reading took     234.236000 us
  Sample 78...
Starting computation...
    Writing took     6.156581 ms
    Computation took 263.183014 ms
    Reading took     207.448000 us
  Sample 79...
Starting computation...
    Writing took     5.620899 ms
    Computation took 261.618627 ms
    Reading took     188.967000 us
  Sample 80...
Starting computation...
    Writing took     5.049759 ms
    Computation took 260.040999 ms
    Reading took     207.171000 us
  Sample 81...
Starting computation...
    Writing took     5.630984 ms
    Computation took 258.251135 ms
    Reading took     235.803000 us
  Sample 82...
Starting computation...
    Writing took     6.757141 ms
    Computation took 257.666102 ms
    Reading took     208.700000 us
  Sample 83...
Starting computation...
    Writing took     5.650133 ms
    Computation took 256.265108 ms
    Reading took     187.478000 us
  Sample 84...
Starting computation...
    Writing took     5.074644 ms
    Computation took 255.828048 ms
    Reading took     228.559000 us
  Sample 85...
Starting computation...
    Writing took     7.728063 ms
    Computation took 256.465075 ms
    Reading took     193.355000 us
  Sample 86...
Starting computation...
    Writing took     5.084116 ms
    Computation took 256.712490 ms
    Reading took     216.387000 us
  Sample 87...
Starting computation...
    Writing took     5.602735 ms
    Computation took 257.541129 ms
    Reading took     203.802000 us
  Sample 88...
Starting computation...
    Writing took     5.246601 ms
    Computation took 258.463747 ms
    Reading took     385.223000 us
  Sample 89...
Starting computation...
    Writing took     10.391786 ms
    Computation took 258.881463 ms
    Reading took     238.011000 us
  Sample 90...
Starting computation...
    Writing took     6.294597 ms
    Computation took 258.275961 ms
    Reading took     239.477000 us
  Sample 91...
Starting computation...
    Writing took     6.216452 ms
    Computation took 258.968654 ms
    Reading took     235.633000 us
  Sample 92...
Starting computation...
    Writing took     5.737365 ms
    Computation took 258.817297 ms
    Reading took     218.018000 us
  Sample 93...
Starting computation...
    Writing took     5.676631 ms
    Computation took 257.665687 ms
    Reading took     212.633000 us
  Sample 94...
Starting computation...
    Writing took     5.492340 ms
    Computation took 257.273531 ms
    Reading took     253.845000 us
  Sample 95...
Starting computation...
    Writing took     5.420200 ms
    Computation took 256.103451 ms
    Reading took     215.104000 us
  Sample 96...
Starting computation...
    Writing took     5.489205 ms
    Computation took 256.597691 ms
    Reading took     211.598000 us
  Sample 97...
Starting computation...
    Writing took     5.151060 ms
    Computation took 255.600244 ms
    Reading took     219.780000 us
  Sample 98...
Starting computation...
    Writing took     5.657517 ms
    Computation took 256.112359 ms
    Reading took     289.672000 us
  Sample 99...
Starting computation...
    Writing took     6.596221 ms
    Computation took 255.494793 ms
    Reading took     200.694000 us
Mean computation time: 257.588220 ms
Mean deviation: 1.495060 ms (0.580407%)
Mean computation time (per hash): 3.389318 ms
Mean deviation (per hash): 19.671000 us
