Using device #0: CUDA Device 'GeForce GTX 1080 Ti'
  Sample 0...
Starting computation...
    Writing took     6.812642 ms
    Computation took 229.571984 ms
    Reading took     179.904000 us
  Sample 1...
Starting computation...
    Writing took     4.831350 ms
    Computation took 229.349964 ms
    Reading took     175.597000 us
  Sample 2...
Starting computation...
    Writing took     4.867205 ms
    Computation took 229.274423 ms
    Reading took     129.261000 us
  Sample 3...
Starting computation...
    Writing took     3.482686 ms
    Computation took 229.364659 ms
    Reading took     146.851000 us
  Sample 4...
Starting computation...
    Writing took     3.991810 ms
    Computation took 229.375431 ms
    Reading took     185.519000 us
  Sample 5...
Starting computation...
    Writing took     3.892717 ms
    Computation took 229.293500 ms
    Reading took     146.167000 us
  Sample 6...
Starting computation...
    Writing took     3.874852 ms
    Computation took 229.310621 ms
    Reading took     148.884000 us
  Sample 7...
Starting computation...
    Writing took     4.064649 ms
    Computation took 229.286136 ms
    Reading took     159.743000 us
  Sample 8...
Starting computation...
    Writing took     3.768891 ms
    Computation took 229.324616 ms
    Reading took     145.949000 us
  Sample 9...
Starting computation...
    Writing took     3.995191 ms
    Computation took 229.304599 ms
    Reading took     146.152000 us
  Sample 10...
Starting computation...
    Writing took     3.903776 ms
    Computation took 229.278984 ms
    Reading took     163.216000 us
  Sample 11...
Starting computation...
    Writing took     3.979039 ms
    Computation took 229.318324 ms
    Reading took     153.866000 us
  Sample 12...
Starting computation...
    Writing took     4.201022 ms
    Computation took 230.281577 ms
    Reading took     132.398000 us
  Sample 13...
Starting computation...
    Writing took     3.458999 ms
    Computation took 232.455645 ms
    Reading took     132.714000 us
  Sample 14...
Starting computation...
    Writing took     3.547997 ms
    Computation took 230.131410 ms
    Reading took     132.719000 us
  Sample 15...
Starting computation...
    Writing took     3.700025 ms
    Computation took 229.421107 ms
    Reading took     129.349000 us
  Sample 16...
Starting computation...
    Writing took     3.502876 ms
    Computation took 229.363083 ms
    Reading took     132.760000 us
  Sample 17...
Starting computation...
    Writing took     3.443923 ms
    Computation took 229.293027 ms
    Reading took     204.494000 us
  Sample 18...
Starting computation...
    Writing took     5.613442 ms
    Computation took 229.494686 ms
    Reading took     142.989000 us
  Sample 19...
Starting computation...
    Writing took     3.731485 ms
    Computation took 230.051508 ms
    Reading took     145.780000 us
  Sample 20...
Starting computation...
    Writing took     3.865338 ms
    Computation took 229.793732 ms
    Reading took     138.897000 us
  Sample 21...
Starting computation...
    Writing took     3.721517 ms
    Computation took 229.844644 ms
    Reading took     165.610000 us
  Sample 22...
Starting computation...
    Writing took     4.477340 ms
    Computation took 229.604918 ms
    Reading took     174.500000 us
  Sample 23...
Starting computation...
    Writing took     4.496731 ms
    Computation took 229.849939 ms
    Reading took     181.565000 us
  Sample 24...
Starting computation...
    Writing took     4.857733 ms
    Computation took 229.484205 ms
    Reading took     177.774000 us
  Sample 25...
Starting computation...
    Writing took     4.872721 ms
    Computation took 229.608243 ms
    Reading took     177.758000 us
  Sample 26...
Starting computation...
    Writing took     4.844510 ms
    Computation took 232.776178 ms
    Reading took     163.498000 us
  Sample 27...
Starting computation...
    Writing took     4.475496 ms
    Computation took 236.371056 ms
    Reading took     180.255000 us
  Sample 28...
Starting computation...
    Writing took     4.526037 ms
    Computation took 237.043178 ms
    Reading took     164.820000 us
  Sample 29...
Starting computation...
    Writing took     4.419338 ms
    Computation took 235.074877 ms
    Reading took     163.527000 us
  Sample 30...
Starting computation...
    Writing took     4.481753 ms
    Computation took 233.276741 ms
    Reading took     164.330000 us
  Sample 31...
Starting computation...
    Writing took     4.473106 ms
    Computation took 232.823578 ms
    Reading took     168.305000 us
  Sample 32...
Starting computation...
    Writing took     4.452449 ms
    Computation took 233.046264 ms
    Reading took     169.062000 us
  Sample 33...
Starting computation...
    Writing took     4.440656 ms
    Computation took 234.172284 ms
    Reading took     163.316000 us
  Sample 34...
Starting computation...
    Writing took     4.445984 ms
    Computation took 231.382053 ms
    Reading took     166.460000 us
  Sample 35...
Starting computation...
    Writing took     4.339333 ms
    Computation took 230.650563 ms
    Reading took     164.391000 us
  Sample 36...
Starting computation...
    Writing took     4.465678 ms
    Computation took 229.934081 ms
    Reading took     163.846000 us
  Sample 37...
Starting computation...
    Writing took     4.474816 ms
    Computation took 229.518151 ms
    Reading took     163.097000 us
  Sample 38...
Starting computation...
    Writing took     5.025874 ms
    Computation took 229.933847 ms
    Reading took     163.183000 us
  Sample 39...
Starting computation...
    Writing took     4.464951 ms
    Computation took 231.505501 ms
    Reading took     132.634000 us
  Sample 40...
Starting computation...
    Writing took     4.577799 ms
    Computation took 233.389007 ms
    Reading took     143.811000 us
  Sample 41...
Starting computation...
    Writing took     4.358024 ms
    Computation took 231.885830 ms
    Reading took     142.998000 us
  Sample 42...
Starting computation...
    Writing took     3.788246 ms
    Computation took 229.689128 ms
    Reading took     129.564000 us
  Sample 43...
Starting computation...
    Writing took     3.388001 ms
    Computation took 229.862584 ms
    Reading took     133.051000 us
  Sample 44...
Starting computation...
    Writing took     3.532572 ms
    Computation took 229.697097 ms
    Reading took     207.693000 us
  Sample 45...
Starting computation...
    Writing took     5.437956 ms
    Computation took 231.850089 ms
    Reading took     140.027000 us
  Sample 46...
Starting computation...
    Writing took     4.170844 ms
    Computation took 238.961830 ms
    Reading took     148.558000 us
  Sample 47...
Starting computation...
    Writing took     3.679377 ms
    Computation took 240.409664 ms
    Reading took     229.821000 us
  Sample 48...
Starting computation...
    Writing took     4.898588 ms
    Computation took 238.863362 ms
    Reading took     169.246000 us
  Sample 49...
Starting computation...
    Writing took     4.460608 ms
    Computation took 235.481898 ms
    Reading took     165.961000 us
  Sample 50...
Starting computation...
    Writing took     4.574883 ms
    Computation took 234.865605 ms
    Reading took     169.085000 us
  Sample 51...
Starting computation...
    Writing took     4.465784 ms
    Computation took 237.231128 ms
    Reading took     163.157000 us
  Sample 52...
Starting computation...
    Writing took     4.493837 ms
    Computation took 243.889816 ms
    Reading took     169.963000 us
  Sample 53...
Starting computation...
    Writing took     4.457012 ms
    Computation took 242.953456 ms
    Reading took     165.412000 us
  Sample 54...
Starting computation...
    Writing took     5.091541 ms
    Computation took 242.557104 ms
    Reading took     165.475000 us
  Sample 55...
Starting computation...
    Writing took     4.465745 ms
    Computation took 240.091007 ms
    Reading took     165.577000 us
  Sample 56...
Starting computation...
    Writing took     5.635317 ms
    Computation took 239.046586 ms
    Reading took     163.740000 us
  Sample 57...
Starting computation...
    Writing took     5.022282 ms
    Computation took 235.134599 ms
    Reading took     166.063000 us
  Sample 58...
Starting computation...
    Writing took     4.472835 ms
    Computation took 231.515457 ms
    Reading took     233.981000 us
  Sample 59...
Starting computation...
    Writing took     7.457336 ms
    Computation took 231.360014 ms
    Reading took     167.502000 us
  Sample 60...
Starting computation...
    Writing took     5.006451 ms
    Computation took 230.432812 ms
    Reading took     284.522000 us
  Sample 61...
Starting computation...
    Writing took     8.082474 ms
    Computation took 230.644366 ms
    Reading took     157.408000 us
  Sample 62...
Starting computation...
    Writing took     3.865927 ms
    Computation took 232.307854 ms
    Reading took     150.650000 us
  Sample 63...
Starting computation...
    Writing took     3.676493 ms
    Computation took 236.944980 ms
    Reading took     280.506000 us
  Sample 64...
Starting computation...
    Writing took     7.207091 ms
    Computation took 233.541034 ms
    Reading took     188.662000 us
  Sample 65...
Starting computation...
    Writing took     4.878626 ms
    Computation took 230.361669 ms
    Reading took     195.611000 us
  Sample 66...
Starting computation...
    Writing took     4.840755 ms
    Computation took 229.697356 ms
    Reading took     159.967000 us
  Sample 67...
Starting computation...
    Writing took     4.003350 ms
    Computation took 229.766418 ms
    Reading took     158.680000 us
  Sample 68...
Starting computation...
    Writing took     4.013474 ms
    Computation took 232.905962 ms
    Reading took     273.520000 us
  Sample 69...
Starting computation...
    Writing took     7.397029 ms
    Computation took 235.907798 ms
    Reading took     176.192000 us
  Sample 70...
Starting computation...
    Writing took     4.524962 ms
    Computation took 233.256356 ms
    Reading took     177.486000 us
  Sample 71...
Starting computation...
    Writing took     4.508826 ms
    Computation took 234.561240 ms
    Reading took     176.483000 us
  Sample 72...
Starting computation...
    Writing took     4.501870 ms
    Computation took 232.597943 ms
    Reading took     256.419000 us
  Sample 73...
Starting computation...
    Writing took     7.646266 ms
    Computation took 232.371279 ms
    Reading took     157.576000 us
  Sample 74...
Starting computation...
    Writing took     3.971595 ms
    Computation took 233.740839 ms
    Reading took     152.365000 us
  Sample 75...
Starting computation...
    Writing took     3.667283 ms
    Computation took 241.048255 ms
    Reading took     151.827000 us
  Sample 76...
Starting computation...
    Writing took     3.710965 ms
    Computation took 243.100883 ms
    Reading took     150.032000 us
  Sample 77...
Starting computation...
    Writing took     3.843667 ms
    Computation took 241.643253 ms
    Reading took     149.237000 us
  Sample 78...
Starting computation...
    Writing took     3.705853 ms
    Computation took 241.538325 ms
    Reading took     159.850000 us
  Sample 79...
Starting computation...
    Writing took     3.884239 ms
    Computation took 238.039045 ms
    Reading took     159.458000 us
  Sample 80...
Starting computation...
    Writing took     3.973175 ms
    Computation took 236.624886 ms
    Reading took     164.343000 us
  Sample 81...
Starting computation...
    Writing took     3.964750 ms
    Computation took 233.775004 ms
    Reading took     160.268000 us
  Sample 82...
Starting computation...
    Writing took     4.203411 ms
    Computation took 233.207935 ms
    Reading took     146.838000 us
  Sample 83...
Starting computation...
    Writing took     3.621656 ms
    Computation took 230.688698 ms
    Reading took     174.049000 us
  Sample 84...
Starting computation...
    Writing took     4.507962 ms
    Computation took 229.439933 ms
    Reading took     178.953000 us
  Sample 85...
Starting computation...
    Writing took     4.473452 ms
    Computation took 229.292825 ms
    Reading took     174.521000 us
  Sample 86...
Starting computation...
    Writing took     4.407777 ms
    Computation took 229.300931 ms
    Reading took     183.054000 us
  Sample 87...
Starting computation...
    Writing took     4.476252 ms
    Computation took 229.236136 ms
    Reading took     162.633000 us
  Sample 88...
Starting computation...
    Writing took     4.188939 ms
    Computation took 229.414855 ms
    Reading took     200.333000 us
  Sample 89...
Starting computation...
    Writing took     4.881890 ms
    Computation took 229.255512 ms
    Reading took     131.482000 us
  Sample 90...
Starting computation...
    Writing took     3.528443 ms
    Computation took 229.379871 ms
    Reading took     144.311000 us
  Sample 91...
Starting computation...
    Writing took     3.822393 ms
    Computation took 229.509994 ms
    Reading took     149.326000 us
  Sample 92...
Starting computation...
    Writing took     4.281109 ms
    Computation took 229.657344 ms
    Reading took     149.718000 us
  Sample 93...
Starting computation...
    Writing took     3.994379 ms
    Computation took 233.483057 ms
    Reading took     165.800000 us
  Sample 94...
Starting computation...
    Writing took     4.463171 ms
    Computation took 240.851553 ms
    Reading took     164.026000 us
  Sample 95...
Starting computation...
    Writing took     4.529210 ms
    Computation took 241.365940 ms
    Reading took     182.873000 us
  Sample 96...
Starting computation...
    Writing took     4.538231 ms
    Computation took 236.613911 ms
    Reading took     162.325000 us
  Sample 97...
Starting computation...
    Writing took     4.522131 ms
    Computation took 237.009061 ms
    Reading took     164.390000 us
  Sample 98...
Starting computation...
    Writing took     4.450802 ms
    Computation took 234.944028 ms
    Reading took     218.314000 us
  Sample 99...
Starting computation...
    Writing took     6.887391 ms
    Computation took 234.138721 ms
    Reading took     149.639000 us
Mean computation time: 232.985724 ms
Mean deviation: 3.355331 ms (1.44014%)
Mean computation time (per hash): 3.883094 ms
Mean deviation (per hash): 55.922000 us
