Using device #0: CUDA Device 'GeForce GTX 1080 Ti'
  Sample 0...
Starting computation...
    Writing took     7.088199 ms
    Computation took 310.406256 ms
    Reading took     274.049000 us
  Sample 1...
Starting computation...
    Writing took     7.260575 ms
    Computation took 311.865978 ms
    Reading took     254.548000 us
  Sample 2...
Starting computation...
    Writing took     7.112873 ms
    Computation took 313.999798 ms
    Reading took     259.244000 us
  Sample 3...
Starting computation...
    Writing took     7.152533 ms
    Computation took 312.748219 ms
    Reading took     247.581000 us
  Sample 4...
Starting computation...
    Writing took     6.873583 ms
    Computation took 312.144292 ms
    Reading took     384.730000 us
  Sample 5...
Starting computation...
    Writing took     9.913704 ms
    Computation took 311.846770 ms
    Reading took     272.571000 us
  Sample 6...
Starting computation...
    Writing took     7.315054 ms
    Computation took 311.692261 ms
    Reading took     257.846000 us
  Sample 7...
Starting computation...
    Writing took     7.128233 ms
    Computation took 312.112764 ms
    Reading took     258.764000 us
  Sample 8...
Starting computation...
    Writing took     7.671466 ms
    Computation took 313.033624 ms
    Reading took     294.923000 us
  Sample 9...
Starting computation...
    Writing took     7.052296 ms
    Computation took 314.351641 ms
    Reading took     272.589000 us
  Sample 10...
Starting computation...
    Writing took     7.078599 ms
    Computation took 313.848304 ms
    Reading took     265.531000 us
  Sample 11...
Starting computation...
    Writing took     6.939807 ms
    Computation took 312.098903 ms
    Reading took     274.140000 us
  Sample 12...
Starting computation...
    Writing took     7.107435 ms
    Computation took 311.577098 ms
    Reading took     331.382000 us
  Sample 13...
Starting computation...
    Writing took     8.651426 ms
    Computation took 311.960237 ms
    Reading took     297.532000 us
  Sample 14...
Starting computation...
    Writing took     7.728620 ms
    Computation took 310.852254 ms
    Reading took     315.838000 us
  Sample 15...
Starting computation...
    Writing took     7.203567 ms
    Computation took 310.964883 ms
    Reading took     269.392000 us
  Sample 16...
Starting computation...
    Writing took     6.787431 ms
    Computation took 311.078677 ms
    Reading took     350.124000 us
  Sample 17...
Starting computation...
    Writing took     7.934524 ms
    Computation took 311.627254 ms
    Reading took     273.313000 us
  Sample 18...
Starting computation...
    Writing took     7.080601 ms
    Computation took 312.944494 ms
    Reading took     275.767000 us
  Sample 19...
Starting computation...
    Writing took     8.043319 ms
    Computation took 312.686008 ms
    Reading took     273.488000 us
  Sample 20...
Starting computation...
    Writing took     7.846841 ms
    Computation took 312.827632 ms
    Reading took     265.334000 us
  Sample 21...
Starting computation...
    Writing took     7.673885 ms
    Computation took 312.634713 ms
    Reading took     275.969000 us
  Sample 22...
Starting computation...
    Writing took     6.777212 ms
    Computation took 312.352812 ms
    Reading took     276.371000 us
  Sample 23...
Starting computation...
    Writing took     6.328226 ms
    Computation took 312.157393 ms
    Reading took     272.718000 us
  Sample 24...
Starting computation...
    Writing took     7.998743 ms
    Computation took 311.666259 ms
    Reading took     274.472000 us
  Sample 25...
Starting computation...
    Writing took     7.615830 ms
    Computation took 311.776739 ms
    Reading took     267.579000 us
  Sample 26...
Starting computation...
    Writing took     6.646517 ms
    Computation took 312.547451 ms
    Reading took     358.710000 us
  Sample 27...
Starting computation...
    Writing took     8.556017 ms
    Computation took 312.360291 ms
    Reading took     300.260000 us
  Sample 28...
Starting computation...
    Writing took     8.380837 ms
    Computation took 312.591035 ms
    Reading took     266.818000 us
  Sample 29...
Starting computation...
    Writing took     7.569975 ms
    Computation took 313.215352 ms
    Reading took     267.695000 us
  Sample 30...
Starting computation...
    Writing took     7.660689 ms
    Computation took 313.576258 ms
    Reading took     274.155000 us
  Sample 31...
Starting computation...
    Writing took     7.673924 ms
    Computation took 313.822442 ms
    Reading took     274.772000 us
  Sample 32...
Starting computation...
    Writing took     7.065940 ms
    Computation took 313.277213 ms
    Reading took     275.903000 us
  Sample 33...
Starting computation...
    Writing took     7.081923 ms
    Computation took 312.504585 ms
    Reading took     267.231000 us
  Sample 34...
Starting computation...
    Writing took     6.809013 ms
    Computation took 312.079274 ms
    Reading took     277.629000 us
  Sample 35...
Starting computation...
    Writing took     7.069034 ms
    Computation took 312.002741 ms
    Reading took     275.502000 us
  Sample 36...
Starting computation...
    Writing took     7.067830 ms
    Computation took 311.748792 ms
    Reading took     273.020000 us
  Sample 37...
Starting computation...
    Writing took     7.053814 ms
    Computation took 312.141359 ms
    Reading took     274.613000 us
  Sample 38...
Starting computation...
    Writing took     7.441409 ms
    Computation took 311.869325 ms
    Reading took     275.375000 us
  Sample 39...
Starting computation...
    Writing took     7.098077 ms
    Computation took 311.969722 ms
    Reading took     273.828000 us
  Sample 40...
Starting computation...
    Writing took     7.106352 ms
    Computation took 312.797885 ms
    Reading took     306.589000 us
  Sample 41...
Starting computation...
    Writing took     7.803309 ms
    Computation took 314.244291 ms
    Reading took     272.882000 us
  Sample 42...
Starting computation...
    Writing took     7.120325 ms
    Computation took 314.428603 ms
    Reading took     274.025000 us
  Sample 43...
Starting computation...
    Writing took     7.083055 ms
    Computation took 313.923149 ms
    Reading took     309.100000 us
  Sample 44...
Starting computation...
    Writing took     7.086849 ms
    Computation took 313.564607 ms
    Reading took     275.888000 us
  Sample 45...
Starting computation...
    Writing took     7.068208 ms
    Computation took 312.607478 ms
    Reading took     275.219000 us
  Sample 46...
Starting computation...
    Writing took     7.072884 ms
    Computation took 312.413534 ms
    Reading took     274.338000 us
  Sample 47...
Starting computation...
    Writing took     7.040870 ms
    Computation took 312.503680 ms
    Reading took     275.639000 us
  Sample 48...
Starting computation...
    Writing took     7.040713 ms
    Computation took 313.094291 ms
    Reading took     467.605000 us
  Sample 49...
Starting computation...
    Writing took     12.232040 ms
    Computation took 312.141704 ms
    Reading took     274.897000 us
  Sample 50...
Starting computation...
    Writing took     7.114917 ms
    Computation took 311.913734 ms
    Reading took     277.053000 us
  Sample 51...
Starting computation...
    Writing took     7.083770 ms
    Computation took 312.176921 ms
    Reading took     276.296000 us
  Sample 52...
Starting computation...
    Writing took     7.058867 ms
    Computation took 311.690644 ms
    Reading took     255.584000 us
  Sample 53...
Starting computation...
    Writing took     6.511784 ms
    Computation took 310.816980 ms
    Reading took     302.747000 us
  Sample 54...
Starting computation...
    Writing took     13.084389 ms
    Computation took 310.699170 ms
    Reading took     324.408000 us
  Sample 55...
Starting computation...
    Writing took     9.000931 ms
    Computation took 310.477301 ms
    Reading took     274.821000 us
  Sample 56...
Starting computation...
    Writing took     7.064613 ms
    Computation took 310.901701 ms
    Reading took     347.490000 us
  Sample 57...
Starting computation...
    Writing took     9.048831 ms
    Computation took 312.056927 ms
    Reading took     275.534000 us
  Sample 58...
Starting computation...
    Writing took     7.177043 ms
    Computation took 312.615390 ms
    Reading took     272.766000 us
  Sample 59...
Starting computation...
    Writing took     9.186094 ms
    Computation took 313.232256 ms
    Reading took     281.105000 us
  Sample 60...
Starting computation...
    Writing took     7.051079 ms
    Computation took 313.682086 ms
    Reading took     278.939000 us
  Sample 61...
Starting computation...
    Writing took     7.728107 ms
    Computation took 314.838165 ms
    Reading took     316.060000 us
  Sample 62...
Starting computation...
    Writing took     7.181439 ms
    Computation took 314.515974 ms
    Reading took     470.810000 us
  Sample 63...
Starting computation...
    Writing took     8.432767 ms
    Computation took 315.081266 ms
    Reading took     320.442000 us
  Sample 64...
Starting computation...
    Writing took     9.721630 ms
    Computation took 314.709073 ms
    Reading took     276.962000 us
  Sample 65...
Starting computation...
    Writing took     7.073799 ms
    Computation took 312.950843 ms
    Reading took     273.910000 us
  Sample 66...
Starting computation...
    Writing took     7.067712 ms
    Computation took 310.618100 ms
    Reading took     274.383000 us
  Sample 67...
Starting computation...
    Writing took     7.079191 ms
    Computation took 310.449360 ms
    Reading took     274.506000 us
  Sample 68...
Starting computation...
    Writing took     7.059172 ms
    Computation took 310.516709 ms
    Reading took     275.560000 us
  Sample 69...
Starting computation...
    Writing took     7.063038 ms
    Computation took 310.573502 ms
    Reading took     276.139000 us
  Sample 70...
Starting computation...
    Writing took     7.076997 ms
    Computation took 311.255186 ms
    Reading took     273.662000 us
  Sample 71...
Starting computation...
    Writing took     6.956436 ms
    Computation took 312.221108 ms
    Reading took     272.504000 us
  Sample 72...
Starting computation...
    Writing took     7.045893 ms
    Computation took 311.719506 ms
    Reading took     275.588000 us
  Sample 73...
Starting computation...
    Writing took     7.038391 ms
    Computation took 311.863698 ms
    Reading took     274.947000 us
  Sample 74...
Starting computation...
    Writing took     7.079083 ms
    Computation took 312.346723 ms
    Reading took     275.338000 us
  Sample 75...
Starting computation...
    Writing took     7.070539 ms
    Computation took 312.421747 ms
    Reading took     275.241000 us
  Sample 76...
Starting computation...
    Writing took     7.089264 ms
    Computation took 312.393207 ms
    Reading took     275.497000 us
  Sample 77...
Starting computation...
    Writing took     7.102986 ms
    Computation took 313.027146 ms
    Reading took     274.199000 us
  Sample 78...
Starting computation...
    Writing took     7.090180 ms
    Computation took 313.530295 ms
    Reading took     282.071000 us
  Sample 79...
Starting computation...
    Writing took     7.044358 ms
    Computation took 314.013433 ms
    Reading took     394.123000 us
  Sample 80...
Starting computation...
    Writing took     9.151917 ms
    Computation took 314.929941 ms
    Reading took     393.528000 us
  Sample 81...
Starting computation...
    Writing took     9.491370 ms
    Computation took 315.360111 ms
    Reading took     275.144000 us
  Sample 82...
Starting computation...
    Writing took     6.857076 ms
    Computation took 314.411757 ms
    Reading took     262.649000 us
  Sample 83...
Starting computation...
    Writing took     6.764078 ms
    Computation took 313.484259 ms
    Reading took     339.850000 us
  Sample 84...
Starting computation...
    Writing took     8.775784 ms
    Computation took 312.696308 ms
    Reading took     271.100000 us
  Sample 85...
Starting computation...
    Writing took     7.171459 ms
    Computation took 312.112216 ms
    Reading took     273.604000 us
  Sample 86...
Starting computation...
    Writing took     7.067162 ms
    Computation took 313.229465 ms
    Reading took     273.314000 us
  Sample 87...
Starting computation...
    Writing took     7.060913 ms
    Computation took 314.491826 ms
    Reading took     272.836000 us
  Sample 88...
Starting computation...
    Writing took     7.041965 ms
    Computation took 313.945112 ms
    Reading took     529.769000 us
  Sample 89...
Starting computation...
    Writing took     14.578123 ms
    Computation took 311.265019 ms
    Reading took     296.022000 us
  Sample 90...
Starting computation...
    Writing took     7.705758 ms
    Computation took 311.396544 ms
    Reading took     274.213000 us
  Sample 91...
Starting computation...
    Writing took     7.055898 ms
    Computation took 312.013196 ms
    Reading took     280.526000 us
  Sample 92...
Starting computation...
    Writing took     7.037849 ms
    Computation took 311.840876 ms
    Reading took     275.770000 us
  Sample 93...
Starting computation...
    Writing took     7.062463 ms
    Computation took 313.014590 ms
    Reading took     263.611000 us
  Sample 94...
Starting computation...
    Writing took     6.885952 ms
    Computation took 314.685902 ms
    Reading took     431.020000 us
  Sample 95...
Starting computation...
    Writing took     12.433245 ms
    Computation took 314.681925 ms
    Reading took     272.993000 us
  Sample 96...
Starting computation...
    Writing took     7.036583 ms
    Computation took 313.113486 ms
    Reading took     311.986000 us
  Sample 97...
Starting computation...
    Writing took     7.472905 ms
    Computation took 313.590181 ms
    Reading took     319.259000 us
  Sample 98...
Starting computation...
    Writing took     9.785128 ms
    Computation took 312.831959 ms
    Reading took     283.307000 us
  Sample 99...
Starting computation...
    Writing took     7.958983 ms
    Computation took 311.990980 ms
    Reading took     260.190000 us
Mean computation time: 312.590741 ms
Mean deviation: 954.113000 us (0.305228%)
Mean computation time (per hash): 3.256153 ms
Mean deviation (per hash): 9.938000 us
