Using device #0: CUDA Device 'GeForce GTX 1080 Ti'
  Sample 0...
Starting computation...
    Writing took     7.401427 ms
    Computation took 327.322163 ms
    Reading took     273.368000 us
  Sample 1...
Starting computation...
    Writing took     7.269265 ms
    Computation took 326.632874 ms
    Reading took     277.458000 us
  Sample 2...
Starting computation...
    Writing took     7.565526 ms
    Computation took 326.497047 ms
    Reading took     277.315000 us
  Sample 3...
Starting computation...
    Writing took     7.593475 ms
    Computation took 326.858371 ms
    Reading took     352.345000 us
  Sample 4...
Starting computation...
    Writing took     9.986811 ms
    Computation took 327.375889 ms
    Reading took     278.772000 us
  Sample 5...
Starting computation...
    Writing took     7.572231 ms
    Computation took 327.235886 ms
    Reading took     278.033000 us
  Sample 6...
Starting computation...
    Writing took     7.599740 ms
    Computation took 328.176796 ms
    Reading took     277.116000 us
  Sample 7...
Starting computation...
    Writing took     7.601052 ms
    Computation took 330.078657 ms
    Reading took     276.127000 us
  Sample 8...
Starting computation...
    Writing took     7.609791 ms
    Computation took 329.622839 ms
    Reading took     277.642000 us
  Sample 9...
Starting computation...
    Writing took     7.610310 ms
    Computation took 328.444869 ms
    Reading took     277.761000 us
  Sample 10...
Starting computation...
    Writing took     7.603507 ms
    Computation took 328.122247 ms
    Reading took     277.725000 us
  Sample 11...
Starting computation...
    Writing took     7.616731 ms
    Computation took 328.419689 ms
    Reading took     283.759000 us
  Sample 12...
Starting computation...
    Writing took     7.751188 ms
    Computation took 328.692390 ms
    Reading took     301.520000 us
  Sample 13...
Starting computation...
    Writing took     7.777536 ms
    Computation took 328.395566 ms
    Reading took     309.190000 us
  Sample 14...
Starting computation...
    Writing took     7.543722 ms
    Computation took 327.976846 ms
    Reading took     329.797000 us
  Sample 15...
Starting computation...
    Writing took     8.297434 ms
    Computation took 328.191470 ms
    Reading took     306.722000 us
  Sample 16...
Starting computation...
    Writing took     8.758940 ms
    Computation took 328.379814 ms
    Reading took     277.251000 us
  Sample 17...
Starting computation...
    Writing took     7.593403 ms
    Computation took 328.827475 ms
    Reading took     268.656000 us
  Sample 18...
Starting computation...
    Writing took     7.376683 ms
    Computation took 327.845991 ms
    Reading took     276.804000 us
  Sample 19...
Starting computation...
    Writing took     7.585553 ms
    Computation took 327.975422 ms
    Reading took     451.580000 us
  Sample 20...
Starting computation...
    Writing took     13.307782 ms
    Computation took 329.357000 ms
    Reading took     277.934000 us
  Sample 21...
Starting computation...
    Writing took     7.627934 ms
    Computation took 330.164318 ms
    Reading took     290.526000 us
  Sample 22...
Starting computation...
    Writing took     7.552397 ms
    Computation took 329.193810 ms
    Reading took     279.277000 us
  Sample 23...
Starting computation...
    Writing took     7.583270 ms
    Computation took 328.840525 ms
    Reading took     259.479000 us
  Sample 24...
Starting computation...
    Writing took     7.148234 ms
    Computation took 328.593604 ms
    Reading took     269.523000 us
  Sample 25...
Starting computation...
    Writing took     7.112841 ms
    Computation took 328.386606 ms
    Reading took     276.617000 us
  Sample 26...
Starting computation...
    Writing took     7.598030 ms
    Computation took 327.892926 ms
    Reading took     277.884000 us
  Sample 27...
Starting computation...
    Writing took     7.635594 ms
    Computation took 329.568861 ms
    Reading took     278.682000 us
  Sample 28...
Starting computation...
    Writing took     7.612872 ms
    Computation took 328.904841 ms
    Reading took     268.409000 us
  Sample 29...
Starting computation...
    Writing took     7.318277 ms
    Computation took 328.029890 ms
    Reading took     278.764000 us
  Sample 30...
Starting computation...
    Writing took     7.590805 ms
    Computation took 327.520614 ms
    Reading took     277.557000 us
  Sample 31...
Starting computation...
    Writing took     9.801726 ms
    Computation took 328.209699 ms
    Reading took     276.992000 us
  Sample 32...
Starting computation...
    Writing took     7.616408 ms
    Computation took 328.269632 ms
    Reading took     277.941000 us
  Sample 33...
Starting computation...
    Writing took     7.621442 ms
    Computation took 328.388787 ms
    Reading took     277.803000 us
  Sample 34...
Starting computation...
    Writing took     7.612854 ms
    Computation took 327.757149 ms
    Reading took     277.877000 us
  Sample 35...
Starting computation...
    Writing took     7.613238 ms
    Computation took 328.143598 ms
    Reading took     450.028000 us
  Sample 36...
Starting computation...
    Writing took     12.929259 ms
    Computation took 327.342407 ms
    Reading took     465.400000 us
  Sample 37...
Starting computation...
    Writing took     13.327037 ms
    Computation took 329.154841 ms
    Reading took     292.739000 us
  Sample 38...
Starting computation...
    Writing took     7.674256 ms
    Computation took 333.296450 ms
    Reading took     373.992000 us
  Sample 39...
Starting computation...
    Writing took     10.741281 ms
    Computation took 331.156709 ms
    Reading took     276.050000 us
  Sample 40...
Starting computation...
    Writing took     7.622550 ms
    Computation took 329.648813 ms
    Reading took     269.928000 us
  Sample 41...
Starting computation...
    Writing took     7.351371 ms
    Computation took 329.482373 ms
    Reading took     276.650000 us
  Sample 42...
Starting computation...
    Writing took     7.574263 ms
    Computation took 328.640041 ms
    Reading took     296.746000 us
  Sample 43...
Starting computation...
    Writing took     7.561960 ms
    Computation took 328.522198 ms
    Reading took     487.761000 us
  Sample 44...
Starting computation...
    Writing took     14.244385 ms
    Computation took 331.744094 ms
    Reading took     276.024000 us
  Sample 45...
Starting computation...
    Writing took     7.593515 ms
    Computation took 333.267133 ms
    Reading took     268.804000 us
  Sample 46...
Starting computation...
    Writing took     7.431933 ms
    Computation took 332.359068 ms
    Reading took     288.654000 us
  Sample 47...
Starting computation...
    Writing took     7.591736 ms
    Computation took 331.467667 ms
    Reading took     277.611000 us
  Sample 48...
Starting computation...
    Writing took     9.017636 ms
    Computation took 329.837750 ms
    Reading took     278.281000 us
  Sample 49...
Starting computation...
    Writing took     7.616777 ms
    Computation took 328.825536 ms
    Reading took     275.252000 us
  Sample 50...
Starting computation...
    Writing took     7.575551 ms
    Computation took 327.714667 ms
    Reading took     276.426000 us
  Sample 51...
Starting computation...
    Writing took     7.582760 ms
    Computation took 326.770963 ms
    Reading took     278.763000 us
  Sample 52...
Starting computation...
    Writing took     7.611990 ms
    Computation took 327.016527 ms
    Reading took     278.001000 us
  Sample 53...
Starting computation...
    Writing took     7.586445 ms
    Computation took 326.922237 ms
    Reading took     278.236000 us
  Sample 54...
Starting computation...
    Writing took     7.557637 ms
    Computation took 327.808463 ms
    Reading took     282.370000 us
  Sample 55...
Starting computation...
    Writing took     7.627883 ms
    Computation took 327.924436 ms
    Reading took     277.352000 us
  Sample 56...
Starting computation...
    Writing took     8.046035 ms
    Computation took 327.327028 ms
    Reading took     277.965000 us
  Sample 57...
Starting computation...
    Writing took     7.605372 ms
    Computation took 327.714830 ms
    Reading took     278.866000 us
  Sample 58...
Starting computation...
    Writing took     7.622282 ms
    Computation took 327.297511 ms
    Reading took     278.234000 us
  Sample 59...
Starting computation...
    Writing took     7.624974 ms
    Computation took 326.771092 ms
    Reading took     276.512000 us
  Sample 60...
Starting computation...
    Writing took     7.580687 ms
    Computation took 327.206254 ms
    Reading took     278.117000 us
  Sample 61...
Starting computation...
    Writing took     7.585626 ms
    Computation took 327.374222 ms
    Reading took     277.393000 us
  Sample 62...
Starting computation...
    Writing took     8.403608 ms
    Computation took 326.727126 ms
    Reading took     277.512000 us
  Sample 63...
Starting computation...
    Writing took     8.577015 ms
    Computation took 327.014884 ms
    Reading took     277.189000 us
  Sample 64...
Starting computation...
    Writing took     7.612534 ms
    Computation took 326.639727 ms
    Reading took     278.411000 us
  Sample 65...
Starting computation...
    Writing took     8.163419 ms
    Computation took 327.497501 ms
    Reading took     428.282000 us
  Sample 66...
Starting computation...
    Writing took     11.381052 ms
    Computation took 327.515377 ms
    Reading took     279.256000 us
  Sample 67...
Starting computation...
    Writing took     7.654937 ms
    Computation took 326.676130 ms
    Reading took     451.950000 us
  Sample 68...
Starting computation...
    Writing took     7.680062 ms
    Computation took 326.657345 ms
    Reading took     279.133000 us
  Sample 69...
Starting computation...
    Writing took     7.618630 ms
    Computation took 327.079544 ms
    Reading took     279.196000 us
  Sample 70...
Starting computation...
    Writing took     7.582680 ms
    Computation took 327.064745 ms
    Reading took     278.669000 us
  Sample 71...
Starting computation...
    Writing took     8.964497 ms
    Computation took 327.976151 ms
    Reading took     372.442000 us
  Sample 72...
Starting computation...
    Writing took     10.875354 ms
    Computation took 328.372816 ms
    Reading took     278.273000 us
  Sample 73...
Starting computation...
    Writing took     7.571041 ms
    Computation took 328.180015 ms
    Reading took     279.670000 us
  Sample 74...
Starting computation...
    Writing took     7.628938 ms
    Computation took 328.085456 ms
    Reading took     278.475000 us
  Sample 75...
Starting computation...
    Writing took     7.597519 ms
    Computation took 327.639228 ms
    Reading took     284.352000 us
  Sample 76...
Starting computation...
    Writing took     7.591357 ms
    Computation took 328.114314 ms
    Reading took     278.389000 us
  Sample 77...
Starting computation...
    Writing took     7.557146 ms
    Computation took 328.369965 ms
    Reading took     487.149000 us
  Sample 78...
Starting computation...
    Writing took     13.009139 ms
    Computation took 327.292546 ms
    Reading took     278.340000 us
  Sample 79...
Starting computation...
    Writing took     7.610353 ms
    Computation took 327.613560 ms
    Reading took     277.346000 us
  Sample 80...
Starting computation...
    Writing took     7.593220 ms
    Computation took 328.021521 ms
    Reading took     278.182000 us
  Sample 81...
Starting computation...
    Writing took     7.581590 ms
    Computation took 327.390027 ms
    Reading took     279.116000 us
  Sample 82...
Starting computation...
    Writing took     7.385167 ms
    Computation took 327.546372 ms
    Reading took     321.848000 us
  Sample 83...
Starting computation...
    Writing took     8.490815 ms
    Computation took 327.597057 ms
    Reading took     344.238000 us
  Sample 84...
Starting computation...
    Writing took     8.630972 ms
    Computation took 326.753721 ms
    Reading took     277.162000 us
  Sample 85...
Starting computation...
    Writing took     7.585902 ms
    Computation took 326.854732 ms
    Reading took     278.583000 us
  Sample 86...
Starting computation...
    Writing took     7.606336 ms
    Computation took 327.533495 ms
    Reading took     487.589000 us
  Sample 87...
Starting computation...
    Writing took     13.726244 ms
    Computation took 327.054430 ms
    Reading took     277.547000 us
  Sample 88...
Starting computation...
    Writing took     7.582145 ms
    Computation took 326.944594 ms
    Reading took     277.619000 us
  Sample 89...
Starting computation...
    Writing took     7.629424 ms
    Computation took 327.361100 ms
    Reading took     268.053000 us
  Sample 90...
Starting computation...
    Writing took     7.115450 ms
    Computation took 327.721376 ms
    Reading took     267.354000 us
  Sample 91...
Starting computation...
    Writing took     7.520742 ms
    Computation took 327.661374 ms
    Reading took     290.272000 us
  Sample 92...
Starting computation...
    Writing took     7.571757 ms
    Computation took 327.374784 ms
    Reading took     262.312000 us
  Sample 93...
Starting computation...
    Writing took     7.131737 ms
    Computation took 328.065111 ms
    Reading took     275.944000 us
  Sample 94...
Starting computation...
    Writing took     7.612896 ms
    Computation took 328.273361 ms
    Reading took     331.708000 us
  Sample 95...
Starting computation...
    Writing took     8.171551 ms
    Computation took 327.612066 ms
    Reading took     344.280000 us
  Sample 96...
Starting computation...
    Writing took     10.702237 ms
    Computation took 328.687221 ms
    Reading took     301.355000 us
  Sample 97...
Starting computation...
    Writing took     9.896923 ms
    Computation took 328.830234 ms
    Reading took     278.594000 us
  Sample 98...
Starting computation...
    Writing took     7.610894 ms
    Computation took 328.217399 ms
    Reading took     259.980000 us
  Sample 99...
Starting computation...
    Writing took     7.141411 ms
    Computation took 328.414990 ms
    Reading took     278.190000 us
Mean computation time: 328.193188 ms
Mean deviation: 915.465000 us (0.278941%)
Mean computation time (per hash): 3.186341 ms
Mean deviation (per hash): 8.888000 us
