Using device #0: CUDA Device 'GeForce GTX 1080 Ti'
  Sample 0...
Starting computation...
    Writing took     4.202917 ms
    Computation took 211.798428 ms
    Reading took     261.310000 us
  Sample 1...
Starting computation...
    Writing took     7.158774 ms
    Computation took 212.010363 ms
    Reading took     169.110000 us
  Sample 2...
Starting computation...
    Writing took     4.168395 ms
    Computation took 211.464461 ms
    Reading took     177.153000 us
  Sample 3...
Starting computation...
    Writing took     4.184733 ms
    Computation took 211.815378 ms
    Reading took     165.334000 us
  Sample 4...
Starting computation...
    Writing took     4.183484 ms
    Computation took 212.161317 ms
    Reading took     166.532000 us
  Sample 5...
Starting computation...
    Writing took     4.193708 ms
    Computation took 212.166013 ms
    Reading took     164.755000 us
  Sample 6...
Starting computation...
    Writing took     4.199944 ms
    Computation took 212.545899 ms
    Reading took     246.784000 us
  Sample 7...
Starting computation...
    Writing took     7.207230 ms
    Computation took 213.211990 ms
    Reading took     164.766000 us
  Sample 8...
Starting computation...
    Writing took     4.252007 ms
    Computation took 213.795435 ms
    Reading took     165.330000 us
  Sample 9...
Starting computation...
    Writing took     4.200602 ms
    Computation took 215.165356 ms
    Reading took     264.649000 us
  Sample 10...
Starting computation...
    Writing took     7.169694 ms
    Computation took 217.068634 ms
    Reading took     167.650000 us
  Sample 11...
Starting computation...
    Writing took     4.185265 ms
    Computation took 219.099989 ms
    Reading took     136.887000 us
  Sample 12...
Starting computation...
    Writing took     3.211237 ms
    Computation took 218.785038 ms
    Reading took     139.816000 us
  Sample 13...
Starting computation...
    Writing took     3.348625 ms
    Computation took 220.160132 ms
    Reading took     132.221000 us
  Sample 14...
Starting computation...
    Writing took     3.224687 ms
    Computation took 219.785834 ms
    Reading took     135.099000 us
  Sample 15...
Starting computation...
    Writing took     3.231589 ms
    Computation took 218.857556 ms
    Reading took     138.681000 us
  Sample 16...
Starting computation...
    Writing took     3.303542 ms
    Computation took 218.553055 ms
    Reading took     133.001000 us
  Sample 17...
Starting computation...
    Writing took     3.160632 ms
    Computation took 218.855701 ms
    Reading took     139.160000 us
  Sample 18...
Starting computation...
    Writing took     3.370894 ms
    Computation took 218.836794 ms
    Reading took     149.592000 us
  Sample 19...
Starting computation...
    Writing took     3.644320 ms
    Computation took 218.089774 ms
    Reading took     150.742000 us
  Sample 20...
Starting computation...
    Writing took     3.780255 ms
    Computation took 216.175500 ms
    Reading took     165.574000 us
  Sample 21...
Starting computation...
    Writing took     4.178775 ms
    Computation took 213.989212 ms
    Reading took     165.399000 us
  Sample 22...
Starting computation...
    Writing took     4.203405 ms
    Computation took 214.459982 ms
    Reading took     164.825000 us
  Sample 23...
Starting computation...
    Writing took     4.251357 ms
    Computation took 215.789945 ms
    Reading took     165.986000 us
  Sample 24...
Starting computation...
    Writing took     4.234053 ms
    Computation took 218.246901 ms
    Reading took     211.262000 us
  Sample 25...
Starting computation...
    Writing took     6.511461 ms
    Computation took 218.539502 ms
    Reading took     167.137000 us
  Sample 26...
Starting computation...
    Writing took     4.218433 ms
    Computation took 216.446762 ms
    Reading took     167.709000 us
  Sample 27...
Starting computation...
    Writing took     4.203073 ms
    Computation took 214.661642 ms
    Reading took     165.710000 us
  Sample 28...
Starting computation...
    Writing took     4.239758 ms
    Computation took 214.351084 ms
    Reading took     176.190000 us
  Sample 29...
Starting computation...
    Writing took     4.201040 ms
    Computation took 213.496329 ms
    Reading took     266.727000 us
  Sample 30...
Starting computation...
    Writing took     4.816413 ms
    Computation took 213.421192 ms
    Reading took     165.136000 us
  Sample 31...
Starting computation...
    Writing took     4.208804 ms
    Computation took 213.486384 ms
    Reading took     165.599000 us
  Sample 32...
Starting computation...
    Writing took     4.207718 ms
    Computation took 214.196914 ms
    Reading took     183.222000 us
  Sample 33...
Starting computation...
    Writing took     4.223251 ms
    Computation took 215.322958 ms
    Reading took     173.023000 us
  Sample 34...
Starting computation...
    Writing took     4.238403 ms
    Computation took 214.773377 ms
    Reading took     167.199000 us
  Sample 35...
Starting computation...
    Writing took     4.200338 ms
    Computation took 215.129639 ms
    Reading took     166.278000 us
  Sample 36...
Starting computation...
    Writing took     4.202313 ms
    Computation took 217.320493 ms
    Reading took     250.393000 us
  Sample 37...
Starting computation...
    Writing took     6.250929 ms
    Computation took 218.349720 ms
    Reading took     135.143000 us
  Sample 38...
Starting computation...
    Writing took     3.497554 ms
    Computation took 218.693691 ms
    Reading took     126.713000 us
  Sample 39...
Starting computation...
    Writing took     3.208632 ms
    Computation took 218.530228 ms
    Reading took     132.926000 us
  Sample 40...
Starting computation...
    Writing took     3.602245 ms
    Computation took 218.398479 ms
    Reading took     141.146000 us
  Sample 41...
Starting computation...
    Writing took     3.739484 ms
    Computation took 218.592407 ms
    Reading took     123.230000 us
  Sample 42...
Starting computation...
    Writing took     3.560850 ms
    Computation took 219.103894 ms
    Reading took     129.299000 us
  Sample 43...
Starting computation...
    Writing took     3.458314 ms
    Computation took 218.903664 ms
    Reading took     135.256000 us
  Sample 44...
Starting computation...
    Writing took     3.638112 ms
    Computation took 218.655851 ms
    Reading took     131.283000 us
  Sample 45...
Starting computation...
    Writing took     3.468063 ms
    Computation took 218.702987 ms
    Reading took     128.735000 us
  Sample 46...
Starting computation...
    Writing took     3.393169 ms
    Computation took 219.345400 ms
    Reading took     256.045000 us
  Sample 47...
Starting computation...
    Writing took     7.007399 ms
    Computation took 220.234475 ms
    Reading took     167.662000 us
  Sample 48...
Starting computation...
    Writing took     4.228616 ms
    Computation took 218.887045 ms
    Reading took     154.104000 us
  Sample 49...
Starting computation...
    Writing took     4.217089 ms
    Computation took 218.078339 ms
    Reading took     161.776000 us
  Sample 50...
Starting computation...
    Writing took     4.673864 ms
    Computation took 218.566575 ms
    Reading took     154.063000 us
  Sample 51...
Starting computation...
    Writing took     4.201270 ms
    Computation took 218.052951 ms
    Reading took     154.183000 us
  Sample 52...
Starting computation...
    Writing took     4.184094 ms
    Computation took 217.627713 ms
    Reading took     152.469000 us
  Sample 53...
Starting computation...
    Writing took     4.169273 ms
    Computation took 217.451248 ms
    Reading took     154.541000 us
  Sample 54...
Starting computation...
    Writing took     4.240922 ms
    Computation took 217.231145 ms
    Reading took     153.153000 us
  Sample 55...
Starting computation...
    Writing took     4.249787 ms
    Computation took 217.228354 ms
    Reading took     154.561000 us
  Sample 56...
Starting computation...
    Writing took     4.235668 ms
    Computation took 218.407817 ms
    Reading took     295.643000 us
  Sample 57...
Starting computation...
    Writing took     7.459227 ms
    Computation took 217.133262 ms
    Reading took     132.727000 us
  Sample 58...
Starting computation...
    Writing took     3.523034 ms
    Computation took 217.229296 ms
    Reading took     130.638000 us
  Sample 59...
Starting computation...
    Writing took     3.460171 ms
    Computation took 218.067626 ms
    Reading took     143.440000 us
  Sample 60...
Starting computation...
    Writing took     3.934983 ms
    Computation took 218.963038 ms
    Reading took     163.152000 us
  Sample 61...
Starting computation...
    Writing took     3.764358 ms
    Computation took 219.619177 ms
    Reading took     145.490000 us
  Sample 62...
Starting computation...
    Writing took     3.990111 ms
    Computation took 220.251253 ms
    Reading took     153.175000 us
  Sample 63...
Starting computation...
    Writing took     3.891872 ms
    Computation took 217.917586 ms
    Reading took     131.750000 us
  Sample 64...
Starting computation...
    Writing took     3.406156 ms
    Computation took 215.182713 ms
    Reading took     128.916000 us
  Sample 65...
Starting computation...
    Writing took     3.417245 ms
    Computation took 214.427447 ms
    Reading took     126.170000 us
  Sample 66...
Starting computation...
    Writing took     3.299407 ms
    Computation took 214.914434 ms
    Reading took     257.047000 us
  Sample 67...
Starting computation...
    Writing took     7.542275 ms
    Computation took 214.662370 ms
    Reading took     136.046000 us
  Sample 68...
Starting computation...
    Writing took     3.587300 ms
    Computation took 215.605088 ms
    Reading took     130.628000 us
  Sample 69...
Starting computation...
    Writing took     3.479225 ms
    Computation took 217.945334 ms
    Reading took     124.650000 us
  Sample 70...
Starting computation...
    Writing took     3.222369 ms
    Computation took 219.373515 ms
    Reading took     136.038000 us
  Sample 71...
Starting computation...
    Writing took     4.024985 ms
    Computation took 219.420117 ms
    Reading took     138.873000 us
  Sample 72...
Starting computation...
    Writing took     3.962714 ms
    Computation took 218.642224 ms
    Reading took     131.584000 us
  Sample 73...
Starting computation...
    Writing took     3.885629 ms
    Computation took 217.370985 ms
    Reading took     138.167000 us
  Sample 74...
Starting computation...
    Writing took     4.677393 ms
    Computation took 215.984531 ms
    Reading took     289.037000 us
  Sample 75...
Starting computation...
    Writing took     7.671293 ms
    Computation took 214.366648 ms
    Reading took     166.764000 us
  Sample 76...
Starting computation...
    Writing took     4.521926 ms
    Computation took 214.464462 ms
    Reading took     164.226000 us
  Sample 77...
Starting computation...
    Writing took     4.522084 ms
    Computation took 214.930682 ms
    Reading took     135.890000 us
  Sample 78...
Starting computation...
    Writing took     3.618214 ms
    Computation took 215.284299 ms
    Reading took     138.626000 us
  Sample 79...
Starting computation...
    Writing took     3.689281 ms
    Computation took 216.237100 ms
    Reading took     133.155000 us
  Sample 80...
Starting computation...
    Writing took     3.554398 ms
    Computation took 217.690025 ms
    Reading took     139.059000 us
  Sample 81...
Starting computation...
    Writing took     3.703641 ms
    Computation took 218.458435 ms
    Reading took     142.316000 us
  Sample 82...
Starting computation...
    Writing took     3.621503 ms
    Computation took 217.530529 ms
    Reading took     128.404000 us
  Sample 83...
Starting computation...
    Writing took     3.401972 ms
    Computation took 216.599127 ms
    Reading took     124.675000 us
  Sample 84...
Starting computation...
    Writing took     3.282766 ms
    Computation took 218.745591 ms
    Reading took     142.419000 us
  Sample 85...
Starting computation...
    Writing took     3.665347 ms
    Computation took 219.999379 ms
    Reading took     138.371000 us
  Sample 86...
Starting computation...
    Writing took     3.746173 ms
    Computation took 217.991287 ms
    Reading took     135.026000 us
  Sample 87...
Starting computation...
    Writing took     3.606079 ms
    Computation took 217.461998 ms
    Reading took     170.753000 us
  Sample 88...
Starting computation...
    Writing took     4.584143 ms
    Computation took 215.666932 ms
    Reading took     166.179000 us
  Sample 89...
Starting computation...
    Writing took     4.503086 ms
    Computation took 214.092241 ms
    Reading took     122.690000 us
  Sample 90...
Starting computation...
    Writing took     3.250282 ms
    Computation took 212.967713 ms
    Reading took     122.830000 us
  Sample 91...
Starting computation...
    Writing took     3.210490 ms
    Computation took 213.336339 ms
    Reading took     131.254000 us
  Sample 92...
Starting computation...
    Writing took     3.453303 ms
    Computation took 213.526294 ms
    Reading took     163.883000 us
  Sample 93...
Starting computation...
    Writing took     3.367675 ms
    Computation took 214.454417 ms
    Reading took     132.400000 us
  Sample 94...
Starting computation...
    Writing took     3.561501 ms
    Computation took 215.266245 ms
    Reading took     136.216000 us
  Sample 95...
Starting computation...
    Writing took     3.566039 ms
    Computation took 217.104764 ms
    Reading took     138.980000 us
  Sample 96...
Starting computation...
    Writing took     3.641863 ms
    Computation took 219.016459 ms
    Reading took     158.948000 us
  Sample 97...
Starting computation...
    Writing took     3.929001 ms
    Computation took 221.294706 ms
    Reading took     130.748000 us
  Sample 98...
Starting computation...
    Writing took     3.495651 ms
    Computation took 223.408309 ms
    Reading took     130.783000 us
  Sample 99...
Starting computation...
    Writing took     3.552429 ms
    Computation took 220.870477 ms
    Reading took     136.056000 us
Mean computation time: 216.765514 ms
Mean deviation: 2.142249 ms (0.988279%)
Mean computation time (per hash): 3.870812 ms
Mean deviation (per hash): 38.254000 us
