Using device #0: CUDA Device 'GeForce GTX 1080 Ti'
  Sample 0...
Starting computation...
    Writing took     8.050978 ms
    Computation took 333.442638 ms
    Reading took     282.155000 us
  Sample 1...
Starting computation...
    Writing took     7.755933 ms
    Computation took 333.281671 ms
    Reading took     284.483000 us
  Sample 2...
Starting computation...
    Writing took     8.012681 ms
    Computation took 334.276489 ms
    Reading took     283.384000 us
  Sample 3...
Starting computation...
    Writing took     7.957501 ms
    Computation took 335.393831 ms
    Reading took     310.633000 us
  Sample 4...
Starting computation...
    Writing took     8.429130 ms
    Computation took 335.210038 ms
    Reading took     284.700000 us
  Sample 5...
Starting computation...
    Writing took     7.975206 ms
    Computation took 334.847237 ms
    Reading took     299.329000 us
  Sample 6...
Starting computation...
    Writing took     8.014280 ms
    Computation took 334.716609 ms
    Reading took     466.452000 us
  Sample 7...
Starting computation...
    Writing took     13.395587 ms
    Computation took 334.806752 ms
    Reading took     284.484000 us
  Sample 8...
Starting computation...
    Writing took     8.000674 ms
    Computation took 334.057241 ms
    Reading took     298.545000 us
  Sample 9...
Starting computation...
    Writing took     7.999363 ms
    Computation took 333.731017 ms
    Reading took     283.317000 us
  Sample 10...
Starting computation...
    Writing took     8.581196 ms
    Computation took 334.886527 ms
    Reading took     285.757000 us
  Sample 11...
Starting computation...
    Writing took     8.002830 ms
    Computation took 334.810266 ms
    Reading took     284.915000 us
  Sample 12...
Starting computation...
    Writing took     7.998063 ms
    Computation took 334.567799 ms
    Reading took     285.198000 us
  Sample 13...
Starting computation...
    Writing took     7.965778 ms
    Computation took 335.179097 ms
    Reading took     295.209000 us
  Sample 14...
Starting computation...
    Writing took     8.538010 ms
    Computation took 336.110017 ms
    Reading took     285.465000 us
  Sample 15...
Starting computation...
    Writing took     8.604627 ms
    Computation took 335.803184 ms
    Reading took     445.506000 us
  Sample 16...
Starting computation...
    Writing took     9.510832 ms
    Computation took 335.592714 ms
    Reading took     456.641000 us
  Sample 17...
Starting computation...
    Writing took     10.076736 ms
    Computation took 335.000412 ms
    Reading took     284.147000 us
  Sample 18...
Starting computation...
    Writing took     9.032943 ms
    Computation took 335.454505 ms
    Reading took     286.025000 us
  Sample 19...
Starting computation...
    Writing took     8.127697 ms
    Computation took 335.031182 ms
    Reading took     414.951000 us
  Sample 20...
Starting computation...
    Writing took     13.586439 ms
    Computation took 336.310034 ms
    Reading took     282.921000 us
  Sample 21...
Starting computation...
    Writing took     8.028760 ms
    Computation took 343.560833 ms
    Reading took     284.750000 us
  Sample 22...
Starting computation...
    Writing took     8.039794 ms
    Computation took 343.676655 ms
    Reading took     283.213000 us
  Sample 23...
Starting computation...
    Writing took     8.072401 ms
    Computation took 343.717580 ms
    Reading took     284.788000 us
  Sample 24...
Starting computation...
    Writing took     7.969505 ms
    Computation took 343.596498 ms
    Reading took     284.715000 us
  Sample 25...
Starting computation...
    Writing took     8.012961 ms
    Computation took 341.031439 ms
    Reading took     283.529000 us
  Sample 26...
Starting computation...
    Writing took     8.008949 ms
    Computation took 338.018877 ms
    Reading took     283.265000 us
  Sample 27...
Starting computation...
    Writing took     8.007509 ms
    Computation took 337.148377 ms
    Reading took     283.235000 us
  Sample 28...
Starting computation...
    Writing took     8.000624 ms
    Computation took 336.164445 ms
    Reading took     283.511000 us
  Sample 29...
Starting computation...
    Writing took     9.291357 ms
    Computation took 334.698575 ms
    Reading took     308.391000 us
  Sample 30...
Starting computation...
    Writing took     8.744213 ms
    Computation took 333.649934 ms
    Reading took     307.135000 us
  Sample 31...
Starting computation...
    Writing took     8.694581 ms
    Computation took 333.287732 ms
    Reading took     275.120000 us
  Sample 32...
Starting computation...
    Writing took     7.794513 ms
    Computation took 333.414299 ms
    Reading took     311.785000 us
  Sample 33...
Starting computation...
    Writing took     7.972506 ms
    Computation took 333.859266 ms
    Reading took     283.780000 us
  Sample 34...
Starting computation...
    Writing took     8.020516 ms
    Computation took 337.233779 ms
    Reading took     468.848000 us
  Sample 35...
Starting computation...
    Writing took     8.990708 ms
    Computation took 338.718165 ms
    Reading took     296.197000 us
  Sample 36...
Starting computation...
    Writing took     7.961782 ms
    Computation took 337.755548 ms
    Reading took     284.665000 us
  Sample 37...
Starting computation...
    Writing took     8.153268 ms
    Computation took 336.836440 ms
    Reading took     284.545000 us
  Sample 38...
Starting computation...
    Writing took     7.989863 ms
    Computation took 334.991768 ms
    Reading took     286.526000 us
  Sample 39...
Starting computation...
    Writing took     8.009530 ms
    Computation took 334.022606 ms
    Reading took     463.854000 us
  Sample 40...
Starting computation...
    Writing took     13.744535 ms
    Computation took 333.226209 ms
    Reading took     268.200000 us
  Sample 41...
Starting computation...
    Writing took     7.424724 ms
    Computation took 333.780637 ms
    Reading took     284.382000 us
  Sample 42...
Starting computation...
    Writing took     8.763689 ms
    Computation took 333.858125 ms
    Reading took     284.413000 us
  Sample 43...
Starting computation...
    Writing took     7.993045 ms
    Computation took 333.997229 ms
    Reading took     284.978000 us
  Sample 44...
Starting computation...
    Writing took     8.627116 ms
    Computation took 333.799033 ms
    Reading took     285.705000 us
  Sample 45...
Starting computation...
    Writing took     8.421276 ms
    Computation took 334.514553 ms
    Reading took     287.979000 us
  Sample 46...
Starting computation...
    Writing took     9.130953 ms
    Computation took 335.020017 ms
    Reading took     267.873000 us
  Sample 47...
Starting computation...
    Writing took     7.502562 ms
    Computation took 335.542497 ms
    Reading took     284.818000 us
  Sample 48...
Starting computation...
    Writing took     8.004593 ms
    Computation took 335.469323 ms
    Reading took     283.492000 us
  Sample 49...
Starting computation...
    Writing took     8.004629 ms
    Computation took 335.190146 ms
    Reading took     286.904000 us
  Sample 50...
Starting computation...
    Writing took     7.978902 ms
    Computation took 334.528747 ms
    Reading took     284.494000 us
  Sample 51...
Starting computation...
    Writing took     7.975071 ms
    Computation took 334.729001 ms
    Reading took     282.539000 us
  Sample 52...
Starting computation...
    Writing took     8.002560 ms
    Computation took 334.131965 ms
    Reading took     297.924000 us
  Sample 53...
Starting computation...
    Writing took     8.148263 ms
    Computation took 334.076321 ms
    Reading took     282.735000 us
  Sample 54...
Starting computation...
    Writing took     7.952959 ms
    Computation took 333.916381 ms
    Reading took     277.749000 us
  Sample 55...
Starting computation...
    Writing took     7.797377 ms
    Computation took 334.126589 ms
    Reading took     284.853000 us
  Sample 56...
Starting computation...
    Writing took     9.795753 ms
    Computation took 334.071030 ms
    Reading took     295.348000 us
  Sample 57...
Starting computation...
    Writing took     7.967814 ms
    Computation took 333.602520 ms
    Reading took     285.515000 us
  Sample 58...
Starting computation...
    Writing took     7.992152 ms
    Computation took 334.125609 ms
    Reading took     504.226000 us
  Sample 59...
Starting computation...
    Writing took     14.467852 ms
    Computation took 333.750064 ms
    Reading took     280.538000 us
  Sample 60...
Starting computation...
    Writing took     7.764769 ms
    Computation took 333.434722 ms
    Reading took     286.909000 us
  Sample 61...
Starting computation...
    Writing took     7.994368 ms
    Computation took 334.779156 ms
    Reading took     283.950000 us
  Sample 62...
Starting computation...
    Writing took     8.008308 ms
    Computation took 335.573056 ms
    Reading took     284.341000 us
  Sample 63...
Starting computation...
    Writing took     7.998449 ms
    Computation took 333.536788 ms
    Reading took     269.716000 us
  Sample 64...
Starting computation...
    Writing took     7.444416 ms
    Computation took 334.593573 ms
    Reading took     284.851000 us
  Sample 65...
Starting computation...
    Writing took     8.014848 ms
    Computation took 338.127351 ms
    Reading took     290.610000 us
  Sample 66...
Starting computation...
    Writing took     8.000295 ms
    Computation took 336.669062 ms
    Reading took     277.811000 us
  Sample 67...
Starting computation...
    Writing took     8.100199 ms
    Computation took 337.215000 ms
    Reading took     413.133000 us
  Sample 68...
Starting computation...
    Writing took     10.103767 ms
    Computation took 338.184692 ms
    Reading took     284.571000 us
  Sample 69...
Starting computation...
    Writing took     8.001749 ms
    Computation took 337.155131 ms
    Reading took     486.073000 us
  Sample 70...
Starting computation...
    Writing took     15.118672 ms
    Computation took 336.359756 ms
    Reading took     351.914000 us
  Sample 71...
Starting computation...
    Writing took     9.482256 ms
    Computation took 336.308220 ms
    Reading took     278.666000 us
  Sample 72...
Starting computation...
    Writing took     7.749500 ms
    Computation took 335.754777 ms
    Reading took     370.944000 us
  Sample 73...
Starting computation...
    Writing took     12.270700 ms
    Computation took 334.811667 ms
    Reading took     301.972000 us
  Sample 74...
Starting computation...
    Writing took     7.941975 ms
    Computation took 335.028315 ms
    Reading took     302.160000 us
  Sample 75...
Starting computation...
    Writing took     7.982900 ms
    Computation took 335.288481 ms
    Reading took     379.645000 us
  Sample 76...
Starting computation...
    Writing took     10.078938 ms
    Computation took 335.557496 ms
    Reading took     302.773000 us
  Sample 77...
Starting computation...
    Writing took     8.325263 ms
    Computation took 336.144647 ms
    Reading took     289.218000 us
  Sample 78...
Starting computation...
    Writing took     7.721983 ms
    Computation took 337.453209 ms
    Reading took     302.294000 us
  Sample 79...
Starting computation...
    Writing took     7.946921 ms
    Computation took 336.548111 ms
    Reading took     303.063000 us
  Sample 80...
Starting computation...
    Writing took     7.940208 ms
    Computation took 336.754476 ms
    Reading took     411.809000 us
  Sample 81...
Starting computation...
    Writing took     8.011575 ms
    Computation took 341.946884 ms
    Reading took     301.891000 us
  Sample 82...
Starting computation...
    Writing took     7.945825 ms
    Computation took 339.739268 ms
    Reading took     304.574000 us
  Sample 83...
Starting computation...
    Writing took     7.959637 ms
    Computation took 338.640367 ms
    Reading took     349.793000 us
  Sample 84...
Starting computation...
    Writing took     8.870183 ms
    Computation took 336.101581 ms
    Reading took     301.669000 us
  Sample 85...
Starting computation...
    Writing took     8.454425 ms
    Computation took 335.141597 ms
    Reading took     308.723000 us
  Sample 86...
Starting computation...
    Writing took     7.946535 ms
    Computation took 334.530731 ms
    Reading took     564.637000 us
  Sample 87...
Starting computation...
    Writing took     19.580505 ms
    Computation took 334.687782 ms
    Reading took     306.274000 us
  Sample 88...
Starting computation...
    Writing took     8.188235 ms
    Computation took 334.176825 ms
    Reading took     302.897000 us
  Sample 89...
Starting computation...
    Writing took     7.935493 ms
    Computation took 333.881690 ms
    Reading took     303.613000 us
  Sample 90...
Starting computation...
    Writing took     7.954843 ms
    Computation took 333.892431 ms
    Reading took     296.223000 us
  Sample 91...
Starting computation...
    Writing took     7.713911 ms
    Computation took 333.943444 ms
    Reading took     309.834000 us
  Sample 92...
Starting computation...
    Writing took     7.954259 ms
    Computation took 334.282155 ms
    Reading took     312.483000 us
  Sample 93...
Starting computation...
    Writing took     8.014928 ms
    Computation took 334.719881 ms
    Reading took     300.400000 us
  Sample 94...
Starting computation...
    Writing took     7.978135 ms
    Computation took 335.230332 ms
    Reading took     404.757000 us
  Sample 95...
Starting computation...
    Writing took     10.321390 ms
    Computation took 335.164515 ms
    Reading took     304.635000 us
  Sample 96...
Starting computation...
    Writing took     7.925429 ms
    Computation took 335.605393 ms
    Reading took     301.400000 us
  Sample 97...
Starting computation...
    Writing took     7.931026 ms
    Computation took 336.811555 ms
    Reading took     302.946000 us
  Sample 98...
Starting computation...
    Writing took     7.953926 ms
    Computation took 336.122730 ms
    Reading took     312.473000 us
  Sample 99...
Starting computation...
    Writing took     7.985828 ms
    Computation took 337.010566 ms
    Reading took     311.404000 us
Mean computation time: 335.702554 ms
Mean deviation: 1.616847 ms (0.481631%)
Mean computation time (per hash): 3.167004 ms
Mean deviation (per hash): 15.253000 us
