Using device #0: CUDA Device 'GeForce GTX 1080 Ti'
  Sample 0...
Starting computation...
    Writing took     10.417382 ms
    Computation took 338.745411 ms
    Reading took     465.035000 us
  Sample 1...
Starting computation...
    Writing took     13.997645 ms
    Computation took 340.334155 ms
    Reading took     309.825000 us
  Sample 2...
Starting computation...
    Writing took     8.304142 ms
    Computation took 348.402308 ms
    Reading took     294.739000 us
  Sample 3...
Starting computation...
    Writing took     8.019215 ms
    Computation took 348.441992 ms
    Reading took     288.308000 us
  Sample 4...
Starting computation...
    Writing took     7.935752 ms
    Computation took 348.244717 ms
    Reading took     290.437000 us
  Sample 5...
Starting computation...
    Writing took     7.947040 ms
    Computation took 345.488073 ms
    Reading took     281.320000 us
  Sample 6...
Starting computation...
    Writing took     7.697493 ms
    Computation took 344.481340 ms
    Reading took     312.011000 us
  Sample 7...
Starting computation...
    Writing took     8.657929 ms
    Computation took 342.967502 ms
    Reading took     424.593000 us
  Sample 8...
Starting computation...
    Writing took     11.188938 ms
    Computation took 341.301881 ms
    Reading took     304.681000 us
  Sample 9...
Starting computation...
    Writing took     8.192773 ms
    Computation took 340.324046 ms
    Reading took     279.166000 us
  Sample 10...
Starting computation...
    Writing took     10.184327 ms
    Computation took 339.329607 ms
    Reading took     413.487000 us
  Sample 11...
Starting computation...
    Writing took     7.796378 ms
    Computation took 338.852311 ms
    Reading took     505.732000 us
  Sample 12...
Starting computation...
    Writing took     14.950235 ms
    Computation took 338.853872 ms
    Reading took     288.322000 us
  Sample 13...
Starting computation...
    Writing took     7.939716 ms
    Computation took 338.738590 ms
    Reading took     281.166000 us
  Sample 14...
Starting computation...
    Writing took     7.504249 ms
    Computation took 338.783655 ms
    Reading took     288.070000 us
  Sample 15...
Starting computation...
    Writing took     7.970823 ms
    Computation took 338.608177 ms
    Reading took     396.428000 us
  Sample 16...
Starting computation...
    Writing took     11.002932 ms
    Computation took 338.537731 ms
    Reading took     262.480000 us
  Sample 17...
Starting computation...
    Writing took     7.301281 ms
    Computation took 338.915574 ms
    Reading took     371.166000 us
  Sample 18...
Starting computation...
    Writing took     8.648843 ms
    Computation took 339.346932 ms
    Reading took     288.370000 us
  Sample 19...
Starting computation...
    Writing took     9.305773 ms
    Computation took 338.864025 ms
    Reading took     289.045000 us
  Sample 20...
Starting computation...
    Writing took     8.018482 ms
    Computation took 338.763011 ms
    Reading took     272.993000 us
  Sample 21...
Starting computation...
    Writing took     7.801845 ms
    Computation took 339.631269 ms
    Reading took     272.956000 us
  Sample 22...
Starting computation...
    Writing took     7.454650 ms
    Computation took 340.804374 ms
    Reading took     313.329000 us
  Sample 23...
Starting computation...
    Writing took     8.675725 ms
    Computation took 344.217784 ms
    Reading took     323.273000 us
  Sample 24...
Starting computation...
    Writing took     8.895187 ms
    Computation took 344.240949 ms
    Reading took     427.881000 us
  Sample 25...
Starting computation...
    Writing took     13.759923 ms
    Computation took 342.209413 ms
    Reading took     302.437000 us
  Sample 26...
Starting computation...
    Writing took     8.011887 ms
    Computation took 341.300727 ms
    Reading took     279.976000 us
  Sample 27...
Starting computation...
    Writing took     8.007171 ms
    Computation took 340.383286 ms
    Reading took     289.189000 us
  Sample 28...
Starting computation...
    Writing took     7.946702 ms
    Computation took 339.328240 ms
    Reading took     272.844000 us
  Sample 29...
Starting computation...
    Writing took     7.521981 ms
    Computation took 338.744324 ms
    Reading took     420.957000 us
  Sample 30...
Starting computation...
    Writing took     8.893083 ms
    Computation took 338.763475 ms
    Reading took     286.480000 us
  Sample 31...
Starting computation...
    Writing took     7.974248 ms
    Computation took 339.055025 ms
    Reading took     288.479000 us
  Sample 32...
Starting computation...
    Writing took     7.961525 ms
    Computation took 339.940677 ms
    Reading took     312.736000 us
  Sample 33...
Starting computation...
    Writing took     8.697089 ms
    Computation took 340.010007 ms
    Reading took     368.554000 us
  Sample 34...
Starting computation...
    Writing took     7.980161 ms
    Computation took 339.382761 ms
    Reading took     487.851000 us
  Sample 35...
Starting computation...
    Writing took     14.538417 ms
    Computation took 340.118823 ms
    Reading took     287.960000 us
  Sample 36...
Starting computation...
    Writing took     7.958311 ms
    Computation took 340.113033 ms
    Reading took     281.087000 us
  Sample 37...
Starting computation...
    Writing took     7.791303 ms
    Computation took 340.673902 ms
    Reading took     272.627000 us
  Sample 38...
Starting computation...
    Writing took     7.444356 ms
    Computation took 340.570341 ms
    Reading took     280.341000 us
  Sample 39...
Starting computation...
    Writing took     7.733390 ms
    Computation took 340.968643 ms
    Reading took     298.136000 us
  Sample 40...
Starting computation...
    Writing took     7.702184 ms
    Computation took 341.372065 ms
    Reading took     279.788000 us
  Sample 41...
Starting computation...
    Writing took     7.719654 ms
    Computation took 341.388753 ms
    Reading took     290.368000 us
  Sample 42...
Starting computation...
    Writing took     8.310428 ms
    Computation took 341.011199 ms
    Reading took     303.044000 us
  Sample 43...
Starting computation...
    Writing took     7.946086 ms
    Computation took 340.637200 ms
    Reading took     366.766000 us
  Sample 44...
Starting computation...
    Writing took     9.425995 ms
    Computation took 340.784246 ms
    Reading took     288.102000 us
  Sample 45...
Starting computation...
    Writing took     8.304429 ms
    Computation took 341.386906 ms
    Reading took     315.168000 us
  Sample 46...
Starting computation...
    Writing took     8.394408 ms
    Computation took 341.429147 ms
    Reading took     478.987000 us
  Sample 47...
Starting computation...
    Writing took     13.958907 ms
    Computation took 341.090604 ms
    Reading took     374.800000 us
  Sample 48...
Starting computation...
    Writing took     10.645955 ms
    Computation took 340.343923 ms
    Reading took     289.247000 us
  Sample 49...
Starting computation...
    Writing took     7.954969 ms
    Computation took 340.728974 ms
    Reading took     290.135000 us
  Sample 50...
Starting computation...
    Writing took     7.921540 ms
    Computation took 340.510897 ms
    Reading took     306.496000 us
  Sample 51...
Starting computation...
    Writing took     7.745739 ms
    Computation took 340.928659 ms
    Reading took     291.350000 us
  Sample 52...
Starting computation...
    Writing took     7.841166 ms
    Computation took 341.032138 ms
    Reading took     270.564000 us
  Sample 53...
Starting computation...
    Writing took     7.593191 ms
    Computation took 340.798130 ms
    Reading took     296.261000 us
  Sample 54...
Starting computation...
    Writing took     7.832844 ms
    Computation took 340.338056 ms
    Reading took     303.176000 us
  Sample 55...
Starting computation...
    Writing took     8.115522 ms
    Computation took 340.080035 ms
    Reading took     305.123000 us
  Sample 56...
Starting computation...
    Writing took     8.423773 ms
    Computation took 341.767387 ms
    Reading took     287.507000 us
  Sample 57...
Starting computation...
    Writing took     8.415037 ms
    Computation took 348.353327 ms
    Reading took     298.567000 us
  Sample 58...
Starting computation...
    Writing took     7.929377 ms
    Computation took 348.337488 ms
    Reading took     282.035000 us
  Sample 59...
Starting computation...
    Writing took     8.007138 ms
    Computation took 347.842757 ms
    Reading took     290.579000 us
  Sample 60...
Starting computation...
    Writing took     8.024815 ms
    Computation took 345.510774 ms
    Reading took     277.644000 us
  Sample 61...
Starting computation...
    Writing took     7.690526 ms
    Computation took 344.413957 ms
    Reading took     447.527000 us
  Sample 62...
Starting computation...
    Writing took     8.224975 ms
    Computation took 342.430414 ms
    Reading took     289.179000 us
  Sample 63...
Starting computation...
    Writing took     7.888882 ms
    Computation took 340.843909 ms
    Reading took     289.590000 us
  Sample 64...
Starting computation...
    Writing took     7.950691 ms
    Computation took 340.142487 ms
    Reading took     291.825000 us
  Sample 65...
Starting computation...
    Writing took     9.264885 ms
    Computation took 338.885984 ms
    Reading took     293.589000 us
  Sample 66...
Starting computation...
    Writing took     7.922618 ms
    Computation took 338.566062 ms
    Reading took     393.592000 us
  Sample 67...
Starting computation...
    Writing took     11.147395 ms
    Computation took 338.435650 ms
    Reading took     383.485000 us
  Sample 68...
Starting computation...
    Writing took     8.724860 ms
    Computation took 338.856062 ms
    Reading took     287.828000 us
  Sample 69...
Starting computation...
    Writing took     7.972114 ms
    Computation took 338.876729 ms
    Reading took     289.488000 us
  Sample 70...
Starting computation...
    Writing took     8.419066 ms
    Computation took 339.769693 ms
    Reading took     289.257000 us
  Sample 71...
Starting computation...
    Writing took     7.941069 ms
    Computation took 341.401686 ms
    Reading took     288.279000 us
  Sample 72...
Starting computation...
    Writing took     7.971867 ms
    Computation took 340.806475 ms
    Reading took     280.976000 us
  Sample 73...
Starting computation...
    Writing took     7.809205 ms
    Computation took 340.154080 ms
    Reading took     287.693000 us
  Sample 74...
Starting computation...
    Writing took     8.965693 ms
    Computation took 340.509580 ms
    Reading took     289.697000 us
  Sample 75...
Starting computation...
    Writing took     7.963281 ms
    Computation took 340.206815 ms
    Reading took     380.868000 us
  Sample 76...
Starting computation...
    Writing took     8.752545 ms
    Computation took 340.033215 ms
    Reading took     290.948000 us
  Sample 77...
Starting computation...
    Writing took     7.946596 ms
    Computation took 341.016107 ms
    Reading took     362.248000 us
  Sample 78...
Starting computation...
    Writing took     10.888305 ms
    Computation took 344.307588 ms
    Reading took     312.352000 us
  Sample 79...
Starting computation...
    Writing took     8.646689 ms
    Computation took 346.504761 ms
    Reading took     289.754000 us
  Sample 80...
Starting computation...
    Writing took     7.920917 ms
    Computation took 345.836589 ms
    Reading took     356.491000 us
  Sample 81...
Starting computation...
    Writing took     9.850861 ms
    Computation took 343.883817 ms
    Reading took     323.354000 us
  Sample 82...
Starting computation...
    Writing took     8.655576 ms
    Computation took 341.424945 ms
    Reading took     289.614000 us
  Sample 83...
Starting computation...
    Writing took     7.957368 ms
    Computation took 340.873140 ms
    Reading took     288.428000 us
  Sample 84...
Starting computation...
    Writing took     7.928527 ms
    Computation took 339.852145 ms
    Reading took     288.139000 us
  Sample 85...
Starting computation...
    Writing took     7.941122 ms
    Computation took 339.261968 ms
    Reading took     377.868000 us
  Sample 86...
Starting computation...
    Writing took     9.983660 ms
    Computation took 338.837429 ms
    Reading took     299.928000 us
  Sample 87...
Starting computation...
    Writing took     7.353826 ms
    Computation took 339.408024 ms
    Reading took     269.937000 us
  Sample 88...
Starting computation...
    Writing took     8.085963 ms
    Computation took 339.856493 ms
    Reading took     289.203000 us
  Sample 89...
Starting computation...
    Writing took     8.981106 ms
    Computation took 338.992818 ms
    Reading took     299.386000 us
  Sample 90...
Starting computation...
    Writing took     13.089673 ms
    Computation took 338.818749 ms
    Reading took     279.329000 us
  Sample 91...
Starting computation...
    Writing took     7.708939 ms
    Computation took 339.625649 ms
    Reading took     303.363000 us
  Sample 92...
Starting computation...
    Writing took     7.928070 ms
    Computation took 339.841777 ms
    Reading took     296.715000 us
  Sample 93...
Starting computation...
    Writing took     7.928547 ms
    Computation took 339.262407 ms
    Reading took     279.580000 us
  Sample 94...
Starting computation...
    Writing took     7.794882 ms
    Computation took 339.900206 ms
    Reading took     287.883000 us
  Sample 95...
Starting computation...
    Writing took     7.954144 ms
    Computation took 341.343997 ms
    Reading took     361.864000 us
  Sample 96...
Starting computation...
    Writing took     12.455830 ms
    Computation took 340.162642 ms
    Reading took     307.679000 us
  Sample 97...
Starting computation...
    Writing took     8.019198 ms
    Computation took 340.098184 ms
    Reading took     287.508000 us
  Sample 98...
Starting computation...
    Writing took     7.942773 ms
    Computation took 340.399398 ms
    Reading took     289.021000 us
  Sample 99...
Starting computation...
    Writing took     7.928694 ms
    Computation took 339.975770 ms
    Reading took     318.873000 us
Mean computation time: 341.062720 ms
Mean deviation: 1.788840 ms (0.52449%)
Mean computation time (per hash): 3.157987 ms
Mean deviation (per hash): 16.563000 us
