Using device #0: CUDA Device 'GeForce GTX 1080 Ti'
  Sample 0...
Starting computation...
    Writing took     4.103751 ms
    Computation took 205.276422 ms
    Reading took     252.583000 us
  Sample 1...
Starting computation...
    Writing took     6.947776 ms
    Computation took 205.218152 ms
    Reading took     158.300000 us
  Sample 2...
Starting computation...
    Writing took     4.077832 ms
    Computation took 205.316761 ms
    Reading took     222.656000 us
  Sample 3...
Starting computation...
    Writing took     6.879620 ms
    Computation took 205.604351 ms
    Reading took     247.949000 us
  Sample 4...
Starting computation...
    Writing took     6.688111 ms
    Computation took 205.345835 ms
    Reading took     161.668000 us
  Sample 5...
Starting computation...
    Writing took     4.084498 ms
    Computation took 205.207477 ms
    Reading took     157.624000 us
  Sample 6...
Starting computation...
    Writing took     4.046717 ms
    Computation took 205.754849 ms
    Reading took     164.343000 us
  Sample 7...
Starting computation...
    Writing took     4.057474 ms
    Computation took 206.106622 ms
    Reading took     161.279000 us
  Sample 8...
Starting computation...
    Writing took     5.002883 ms
    Computation took 206.375853 ms
    Reading took     130.523000 us
  Sample 9...
Starting computation...
    Writing took     3.161059 ms
    Computation took 205.838970 ms
    Reading took     210.981000 us
  Sample 10...
Starting computation...
    Writing took     3.529363 ms
    Computation took 206.575359 ms
    Reading took     126.369000 us
  Sample 11...
Starting computation...
    Writing took     3.047358 ms
    Computation took 207.301776 ms
    Reading took     141.980000 us
  Sample 12...
Starting computation...
    Writing took     3.456279 ms
    Computation took 208.470893 ms
    Reading took     131.776000 us
  Sample 13...
Starting computation...
    Writing took     3.180556 ms
    Computation took 209.008146 ms
    Reading took     134.322000 us
  Sample 14...
Starting computation...
    Writing took     3.758594 ms
    Computation took 210.252609 ms
    Reading took     139.218000 us
  Sample 15...
Starting computation...
    Writing took     3.320148 ms
    Computation took 211.939845 ms
    Reading took     250.065000 us
  Sample 16...
Starting computation...
    Writing took     6.800021 ms
    Computation took 210.183661 ms
    Reading took     141.517000 us
  Sample 17...
Starting computation...
    Writing took     3.082721 ms
    Computation took 211.703585 ms
    Reading took     125.466000 us
  Sample 18...
Starting computation...
    Writing took     3.325274 ms
    Computation took 213.359224 ms
    Reading took     134.294000 us
  Sample 19...
Starting computation...
    Writing took     3.317468 ms
    Computation took 214.621211 ms
    Reading took     162.645000 us
  Sample 20...
Starting computation...
    Writing took     4.398807 ms
    Computation took 214.667249 ms
    Reading took     143.113000 us
  Sample 21...
Starting computation...
    Writing took     3.798029 ms
    Computation took 213.953402 ms
    Reading took     144.585000 us
  Sample 22...
Starting computation...
    Writing took     3.884121 ms
    Computation took 211.867717 ms
    Reading took     150.905000 us
  Sample 23...
Starting computation...
    Writing took     4.022735 ms
    Computation took 211.727402 ms
    Reading took     150.620000 us
  Sample 24...
Starting computation...
    Writing took     4.042665 ms
    Computation took 211.901686 ms
    Reading took     149.451000 us
  Sample 25...
Starting computation...
    Writing took     3.989724 ms
    Computation took 210.089234 ms
    Reading took     122.289000 us
  Sample 26...
Starting computation...
    Writing took     3.374030 ms
    Computation took 208.581870 ms
    Reading took     128.549000 us
  Sample 27...
Starting computation...
    Writing took     3.360365 ms
    Computation took 207.715021 ms
    Reading took     118.746000 us
  Sample 28...
Starting computation...
    Writing took     3.073527 ms
    Computation took 208.680157 ms
    Reading took     117.795000 us
  Sample 29...
Starting computation...
    Writing took     3.062153 ms
    Computation took 209.311103 ms
    Reading took     127.020000 us
  Sample 30...
Starting computation...
    Writing took     3.415118 ms
    Computation took 209.719914 ms
    Reading took     126.360000 us
  Sample 31...
Starting computation...
    Writing took     3.349275 ms
    Computation took 210.148422 ms
    Reading took     132.622000 us
  Sample 32...
Starting computation...
    Writing took     3.111353 ms
    Computation took 211.183887 ms
    Reading took     139.746000 us
  Sample 33...
Starting computation...
    Writing took     3.458062 ms
    Computation took 212.167565 ms
    Reading took     136.174000 us
  Sample 34...
Starting computation...
    Writing took     3.271534 ms
    Computation took 212.215366 ms
    Reading took     130.110000 us
  Sample 35...
Starting computation...
    Writing took     3.183482 ms
    Computation took 212.055268 ms
    Reading took     273.043000 us
  Sample 36...
Starting computation...
    Writing took     6.875164 ms
    Computation took 209.359656 ms
    Reading took     157.386000 us
  Sample 37...
Starting computation...
    Writing took     4.078766 ms
    Computation took 208.099572 ms
    Reading took     158.148000 us
  Sample 38...
Starting computation...
    Writing took     4.081316 ms
    Computation took 209.591152 ms
    Reading took     158.258000 us
  Sample 39...
Starting computation...
    Writing took     4.034755 ms
    Computation took 212.400641 ms
    Reading took     160.193000 us
  Sample 40...
Starting computation...
    Writing took     4.095997 ms
    Computation took 216.535523 ms
    Reading took     139.287000 us
  Sample 41...
Starting computation...
    Writing took     3.475387 ms
    Computation took 217.890431 ms
    Reading took     136.396000 us
  Sample 42...
Starting computation...
    Writing took     3.323286 ms
    Computation took 217.777732 ms
    Reading took     134.584000 us
  Sample 43...
Starting computation...
    Writing took     3.063039 ms
    Computation took 215.685120 ms
    Reading took     241.696000 us
  Sample 44...
Starting computation...
    Writing took     6.847446 ms
    Computation took 212.230560 ms
    Reading took     282.927000 us
  Sample 45...
Starting computation...
    Writing took     7.846586 ms
    Computation took 211.645179 ms
    Reading took     184.996000 us
  Sample 46...
Starting computation...
    Writing took     4.861183 ms
    Computation took 209.427765 ms
    Reading took     128.585000 us
  Sample 47...
Starting computation...
    Writing took     3.359054 ms
    Computation took 208.447311 ms
    Reading took     138.332000 us
  Sample 48...
Starting computation...
    Writing took     3.756781 ms
    Computation took 208.309797 ms
    Reading took     148.032000 us
  Sample 49...
Starting computation...
    Writing took     4.015239 ms
    Computation took 206.930319 ms
    Reading took     143.378000 us
  Sample 50...
Starting computation...
    Writing took     4.462200 ms
    Computation took 205.640925 ms
    Reading took     144.305000 us
  Sample 51...
Starting computation...
    Writing took     3.893205 ms
    Computation took 205.942019 ms
    Reading took     130.202000 us
  Sample 52...
Starting computation...
    Writing took     3.418030 ms
    Computation took 206.407248 ms
    Reading took     125.728000 us
  Sample 53...
Starting computation...
    Writing took     3.418005 ms
    Computation took 206.458487 ms
    Reading took     132.247000 us
  Sample 54...
Starting computation...
    Writing took     3.528312 ms
    Computation took 207.140287 ms
    Reading took     203.015000 us
  Sample 55...
Starting computation...
    Writing took     4.744825 ms
    Computation took 207.752898 ms
    Reading took     119.144000 us
  Sample 56...
Starting computation...
    Writing took     3.634909 ms
    Computation took 208.557847 ms
    Reading took     118.789000 us
  Sample 57...
Starting computation...
    Writing took     3.037903 ms
    Computation took 208.952689 ms
    Reading took     118.067000 us
  Sample 58...
Starting computation...
    Writing took     3.066455 ms
    Computation took 210.335029 ms
    Reading took     119.946000 us
  Sample 59...
Starting computation...
    Writing took     3.220173 ms
    Computation took 211.650522 ms
    Reading took     132.180000 us
  Sample 60...
Starting computation...
    Writing took     3.539672 ms
    Computation took 211.824567 ms
    Reading took     130.238000 us
  Sample 61...
Starting computation...
    Writing took     3.356490 ms
    Computation took 210.704577 ms
    Reading took     161.217000 us
  Sample 62...
Starting computation...
    Writing took     4.394515 ms
    Computation took 209.373088 ms
    Reading took     244.975000 us
  Sample 63...
Starting computation...
    Writing took     6.420219 ms
    Computation took 206.971708 ms
    Reading took     206.735000 us
  Sample 64...
Starting computation...
    Writing took     5.159769 ms
    Computation took 208.353680 ms
    Reading took     130.687000 us
  Sample 65...
Starting computation...
    Writing took     3.098960 ms
    Computation took 208.497390 ms
    Reading took     138.350000 us
  Sample 66...
Starting computation...
    Writing took     3.326256 ms
    Computation took 208.893745 ms
    Reading took     132.359000 us
  Sample 67...
Starting computation...
    Writing took     3.209854 ms
    Computation took 208.782564 ms
    Reading took     129.864000 us
  Sample 68...
Starting computation...
    Writing took     3.069699 ms
    Computation took 208.367698 ms
    Reading took     144.629000 us
  Sample 69...
Starting computation...
    Writing took     3.604821 ms
    Computation took 208.465530 ms
    Reading took     145.709000 us
  Sample 70...
Starting computation...
    Writing took     3.671726 ms
    Computation took 208.848887 ms
    Reading took     147.690000 us
  Sample 71...
Starting computation...
    Writing took     4.046899 ms
    Computation took 210.046660 ms
    Reading took     148.778000 us
  Sample 72...
Starting computation...
    Writing took     4.010507 ms
    Computation took 209.754152 ms
    Reading took     151.070000 us
  Sample 73...
Starting computation...
    Writing took     4.060759 ms
    Computation took 209.219597 ms
    Reading took     149.167000 us
  Sample 74...
Starting computation...
    Writing took     3.997585 ms
    Computation took 208.982084 ms
    Reading took     162.035000 us
  Sample 75...
Starting computation...
    Writing took     4.022974 ms
    Computation took 208.810577 ms
    Reading took     149.260000 us
  Sample 76...
Starting computation...
    Writing took     4.007011 ms
    Computation took 209.260042 ms
    Reading took     244.819000 us
  Sample 77...
Starting computation...
    Writing took     6.958752 ms
    Computation took 209.646649 ms
    Reading took     230.393000 us
  Sample 78...
Starting computation...
    Writing took     5.796671 ms
    Computation took 210.065416 ms
    Reading took     157.912000 us
  Sample 79...
Starting computation...
    Writing took     3.987272 ms
    Computation took 210.798574 ms
    Reading took     155.334000 us
  Sample 80...
Starting computation...
    Writing took     4.037003 ms
    Computation took 209.836925 ms
    Reading took     149.944000 us
  Sample 81...
Starting computation...
    Writing took     4.032668 ms
    Computation took 209.945639 ms
    Reading took     148.755000 us
  Sample 82...
Starting computation...
    Writing took     3.966091 ms
    Computation took 209.649784 ms
    Reading took     121.286000 us
  Sample 83...
Starting computation...
    Writing took     3.116060 ms
    Computation took 209.971529 ms
    Reading took     123.353000 us
  Sample 84...
Starting computation...
    Writing took     3.379168 ms
    Computation took 208.924252 ms
    Reading took     119.873000 us
  Sample 85...
Starting computation...
    Writing took     3.181471 ms
    Computation took 208.844076 ms
    Reading took     125.173000 us
  Sample 86...
Starting computation...
    Writing took     3.299583 ms
    Computation took 208.987696 ms
    Reading took     136.002000 us
  Sample 87...
Starting computation...
    Writing took     3.602804 ms
    Computation took 209.494129 ms
    Reading took     251.950000 us
  Sample 88...
Starting computation...
    Writing took     6.874380 ms
    Computation took 209.230596 ms
    Reading took     151.150000 us
  Sample 89...
Starting computation...
    Writing took     4.054226 ms
    Computation took 209.725426 ms
    Reading took     200.872000 us
  Sample 90...
Starting computation...
    Writing took     5.105893 ms
    Computation took 208.931675 ms
    Reading took     148.632000 us
  Sample 91...
Starting computation...
    Writing took     3.847210 ms
    Computation took 209.202072 ms
    Reading took     232.868000 us
  Sample 92...
Starting computation...
    Writing took     6.843944 ms
    Computation took 207.699985 ms
    Reading took     153.991000 us
  Sample 93...
Starting computation...
    Writing took     4.054786 ms
    Computation took 208.187686 ms
    Reading took     150.804000 us
  Sample 94...
Starting computation...
    Writing took     4.017194 ms
    Computation took 208.355657 ms
    Reading took     149.491000 us
  Sample 95...
Starting computation...
    Writing took     4.049301 ms
    Computation took 207.851829 ms
    Reading took     147.793000 us
  Sample 96...
Starting computation...
    Writing took     4.051679 ms
    Computation took 208.527954 ms
    Reading took     149.539000 us
  Sample 97...
Starting computation...
    Writing took     3.940326 ms
    Computation took 208.742455 ms
    Reading took     166.678000 us
  Sample 98...
Starting computation...
    Writing took     3.987553 ms
    Computation took 208.979403 ms
    Reading took     151.582000 us
  Sample 99...
Starting computation...
    Writing took     4.008955 ms
    Computation took 210.381603 ms
    Reading took     148.322000 us
Mean computation time: 209.457531 ms
Mean deviation: 1.882568 ms (0.898783%)
Mean computation time (per hash): 3.878842 ms
Mean deviation (per hash): 34.862000 us
