Using device #0: CUDA Device 'GeForce GTX 1080 Ti'
  Sample 0...
Starting computation...
    Writing took     6.893258 ms
    Computation took 302.667525 ms
    Reading took     421.889000 us
  Sample 1...
Starting computation...
    Writing took     7.829155 ms
    Computation took 303.119651 ms
    Reading took     241.304000 us
  Sample 2...
Starting computation...
    Writing took     6.863382 ms
    Computation took 303.180270 ms
    Reading took     249.180000 us
  Sample 3...
Starting computation...
    Writing took     6.886484 ms
    Computation took 304.560767 ms
    Reading took     241.071000 us
  Sample 4...
Starting computation...
    Writing took     6.673281 ms
    Computation took 304.278022 ms
    Reading took     234.543000 us
  Sample 5...
Starting computation...
    Writing took     8.132344 ms
    Computation took 304.843109 ms
    Reading took     255.946000 us
  Sample 6...
Starting computation...
    Writing took     6.883161 ms
    Computation took 304.875229 ms
    Reading took     250.307000 us
  Sample 7...
Starting computation...
    Writing took     6.874226 ms
    Computation took 304.233256 ms
    Reading took     249.108000 us
  Sample 8...
Starting computation...
    Writing took     6.895454 ms
    Computation took 305.417678 ms
    Reading took     374.842000 us
  Sample 9...
Starting computation...
    Writing took     9.481183 ms
    Computation took 305.673355 ms
    Reading took     301.581000 us
  Sample 10...
Starting computation...
    Writing took     7.172748 ms
    Computation took 305.760886 ms
    Reading took     251.550000 us
  Sample 11...
Starting computation...
    Writing took     6.863311 ms
    Computation took 305.526573 ms
    Reading took     285.643000 us
  Sample 12...
Starting computation...
    Writing took     7.231661 ms
    Computation took 305.988456 ms
    Reading took     249.023000 us
  Sample 13...
Starting computation...
    Writing took     11.217276 ms
    Computation took 304.704150 ms
    Reading took     249.809000 us
  Sample 14...
Starting computation...
    Writing took     6.880983 ms
    Computation took 303.371930 ms
    Reading took     251.056000 us
  Sample 15...
Starting computation...
    Writing took     6.878343 ms
    Computation took 304.447983 ms
    Reading took     249.523000 us
  Sample 16...
Starting computation...
    Writing took     6.868083 ms
    Computation took 304.192707 ms
    Reading took     261.021000 us
  Sample 17...
Starting computation...
    Writing took     6.851087 ms
    Computation took 303.704060 ms
    Reading took     248.474000 us
  Sample 18...
Starting computation...
    Writing took     6.769631 ms
    Computation took 304.503620 ms
    Reading took     254.838000 us
  Sample 19...
Starting computation...
    Writing took     6.925382 ms
    Computation took 304.827264 ms
    Reading took     285.227000 us
  Sample 20...
Starting computation...
    Writing took     7.716732 ms
    Computation took 305.334764 ms
    Reading took     289.640000 us
  Sample 21...
Starting computation...
    Writing took     7.521646 ms
    Computation took 304.145485 ms
    Reading took     289.580000 us
  Sample 22...
Starting computation...
    Writing took     6.246913 ms
    Computation took 304.388414 ms
    Reading took     263.025000 us
  Sample 23...
Starting computation...
    Writing took     6.988903 ms
    Computation took 303.544684 ms
    Reading took     248.790000 us
  Sample 24...
Starting computation...
    Writing took     11.548879 ms
    Computation took 303.317039 ms
    Reading took     277.898000 us
  Sample 25...
Starting computation...
    Writing took     7.620039 ms
    Computation took 303.203925 ms
    Reading took     254.396000 us
  Sample 26...
Starting computation...
    Writing took     6.937122 ms
    Computation took 303.537831 ms
    Reading took     249.800000 us
  Sample 27...
Starting computation...
    Writing took     6.901044 ms
    Computation took 303.611846 ms
    Reading took     383.852000 us
  Sample 28...
Starting computation...
    Writing took     13.582269 ms
    Computation took 303.776597 ms
    Reading took     269.108000 us
  Sample 29...
Starting computation...
    Writing took     6.649943 ms
    Computation took 303.919410 ms
    Reading took     265.873000 us
  Sample 30...
Starting computation...
    Writing took     7.128575 ms
    Computation took 305.098517 ms
    Reading took     266.250000 us
  Sample 31...
Starting computation...
    Writing took     6.940828 ms
    Computation took 305.393220 ms
    Reading took     249.448000 us
  Sample 32...
Starting computation...
    Writing took     6.494671 ms
    Computation took 305.279725 ms
    Reading took     250.952000 us
  Sample 33...
Starting computation...
    Writing took     6.423424 ms
    Computation took 306.337110 ms
    Reading took     274.390000 us
  Sample 34...
Starting computation...
    Writing took     6.675759 ms
    Computation took 306.469923 ms
    Reading took     274.784000 us
  Sample 35...
Starting computation...
    Writing took     6.783465 ms
    Computation took 307.076351 ms
    Reading took     275.535000 us
  Sample 36...
Starting computation...
    Writing took     6.678885 ms
    Computation took 306.183262 ms
    Reading took     258.084000 us
  Sample 37...
Starting computation...
    Writing took     6.804792 ms
    Computation took 306.527617 ms
    Reading took     272.693000 us
  Sample 38...
Starting computation...
    Writing took     6.731086 ms
    Computation took 306.253506 ms
    Reading took     264.767000 us
  Sample 39...
Starting computation...
    Writing took     6.897318 ms
    Computation took 305.927165 ms
    Reading took     251.263000 us
  Sample 40...
Starting computation...
    Writing took     6.450740 ms
    Computation took 305.921245 ms
    Reading took     246.975000 us
  Sample 41...
Starting computation...
    Writing took     6.510922 ms
    Computation took 305.733843 ms
    Reading took     257.662000 us
  Sample 42...
Starting computation...
    Writing took     6.773489 ms
    Computation took 305.594239 ms
    Reading took     265.081000 us
  Sample 43...
Starting computation...
    Writing took     6.950918 ms
    Computation took 305.350592 ms
    Reading took     275.451000 us
  Sample 44...
Starting computation...
    Writing took     6.920149 ms
    Computation took 304.902985 ms
    Reading took     268.764000 us
  Sample 45...
Starting computation...
    Writing took     6.916191 ms
    Computation took 305.275178 ms
    Reading took     258.816000 us
  Sample 46...
Starting computation...
    Writing took     6.730658 ms
    Computation took 305.072921 ms
    Reading took     255.294000 us
  Sample 47...
Starting computation...
    Writing took     6.797036 ms
    Computation took 305.545559 ms
    Reading took     266.740000 us
  Sample 48...
Starting computation...
    Writing took     7.147514 ms
    Computation took 305.596170 ms
    Reading took     256.437000 us
  Sample 49...
Starting computation...
    Writing took     6.795270 ms
    Computation took 306.105289 ms
    Reading took     262.448000 us
  Sample 50...
Starting computation...
    Writing took     6.743114 ms
    Computation took 306.442355 ms
    Reading took     264.499000 us
  Sample 51...
Starting computation...
    Writing took     6.992601 ms
    Computation took 307.650510 ms
    Reading took     386.519000 us
  Sample 52...
Starting computation...
    Writing took     12.328734 ms
    Computation took 307.436766 ms
    Reading took     271.812000 us
  Sample 53...
Starting computation...
    Writing took     6.930230 ms
    Computation took 306.914566 ms
    Reading took     268.488000 us
  Sample 54...
Starting computation...
    Writing took     7.154472 ms
    Computation took 307.455494 ms
    Reading took     263.430000 us
  Sample 55...
Starting computation...
    Writing took     6.936712 ms
    Computation took 307.323890 ms
    Reading took     289.310000 us
  Sample 56...
Starting computation...
    Writing took     10.089798 ms
    Computation took 306.872450 ms
    Reading took     261.273000 us
  Sample 57...
Starting computation...
    Writing took     6.767231 ms
    Computation took 305.957674 ms
    Reading took     359.815000 us
  Sample 58...
Starting computation...
    Writing took     7.035891 ms
    Computation took 306.417667 ms
    Reading took     305.098000 us
  Sample 59...
Starting computation...
    Writing took     6.942942 ms
    Computation took 305.399165 ms
    Reading took     265.311000 us
  Sample 60...
Starting computation...
    Writing took     7.561456 ms
    Computation took 305.732244 ms
    Reading took     265.596000 us
  Sample 61...
Starting computation...
    Writing took     6.961723 ms
    Computation took 305.854508 ms
    Reading took     265.485000 us
  Sample 62...
Starting computation...
    Writing took     6.926235 ms
    Computation took 306.549467 ms
    Reading took     263.458000 us
  Sample 63...
Starting computation...
    Writing took     7.016485 ms
    Computation took 307.579889 ms
    Reading took     265.539000 us
  Sample 64...
Starting computation...
    Writing took     6.912661 ms
    Computation took 308.821082 ms
    Reading took     278.432000 us
  Sample 65...
Starting computation...
    Writing took     6.954688 ms
    Computation took 311.440165 ms
    Reading took     263.020000 us
  Sample 66...
Starting computation...
    Writing took     6.961806 ms
    Computation took 311.420748 ms
    Reading took     266.063000 us
  Sample 67...
Starting computation...
    Writing took     6.947439 ms
    Computation took 306.316113 ms
    Reading took     425.670000 us
  Sample 68...
Starting computation...
    Writing took     12.099089 ms
    Computation took 304.715960 ms
    Reading took     285.176000 us
  Sample 69...
Starting computation...
    Writing took     7.526974 ms
    Computation took 304.722058 ms
    Reading took     285.466000 us
  Sample 70...
Starting computation...
    Writing took     7.548419 ms
    Computation took 304.547500 ms
    Reading took     265.250000 us
  Sample 71...
Starting computation...
    Writing took     6.963717 ms
    Computation took 304.157289 ms
    Reading took     265.420000 us
  Sample 72...
Starting computation...
    Writing took     6.907256 ms
    Computation took 304.099127 ms
    Reading took     264.716000 us
  Sample 73...
Starting computation...
    Writing took     6.898733 ms
    Computation took 303.381769 ms
    Reading took     264.120000 us
  Sample 74...
Starting computation...
    Writing took     6.962559 ms
    Computation took 302.957258 ms
    Reading took     263.926000 us
  Sample 75...
Starting computation...
    Writing took     7.181614 ms
    Computation took 303.010981 ms
    Reading took     266.247000 us
  Sample 76...
Starting computation...
    Writing took     6.922591 ms
    Computation took 302.985981 ms
    Reading took     302.567000 us
  Sample 77...
Starting computation...
    Writing took     7.194433 ms
    Computation took 303.304421 ms
    Reading took     268.486000 us
  Sample 78...
Starting computation...
    Writing took     7.864370 ms
    Computation took 304.137475 ms
    Reading took     330.743000 us
  Sample 79...
Starting computation...
    Writing took     9.402992 ms
    Computation took 304.003664 ms
    Reading took     453.183000 us
  Sample 80...
Starting computation...
    Writing took     9.394954 ms
    Computation took 305.439867 ms
    Reading took     267.644000 us
  Sample 81...
Starting computation...
    Writing took     6.957081 ms
    Computation took 305.717769 ms
    Reading took     265.758000 us
  Sample 82...
Starting computation...
    Writing took     6.934208 ms
    Computation took 307.871495 ms
    Reading took     452.010000 us
  Sample 83...
Starting computation...
    Writing took     7.671805 ms
    Computation took 306.916791 ms
    Reading took     257.614000 us
  Sample 84...
Starting computation...
    Writing took     6.733700 ms
    Computation took 307.465771 ms
    Reading took     248.536000 us
  Sample 85...
Starting computation...
    Writing took     6.592049 ms
    Computation took 307.851005 ms
    Reading took     388.161000 us
  Sample 86...
Starting computation...
    Writing took     12.006937 ms
    Computation took 306.963818 ms
    Reading took     265.877000 us
  Sample 87...
Starting computation...
    Writing took     7.602731 ms
    Computation took 305.663907 ms
    Reading took     262.603000 us
  Sample 88...
Starting computation...
    Writing took     7.599993 ms
    Computation took 305.872877 ms
    Reading took     264.525000 us
  Sample 89...
Starting computation...
    Writing took     7.601558 ms
    Computation took 305.387676 ms
    Reading took     249.293000 us
  Sample 90...
Starting computation...
    Writing took     6.439400 ms
    Computation took 305.664922 ms
    Reading took     268.902000 us
  Sample 91...
Starting computation...
    Writing took     6.950975 ms
    Computation took 305.121745 ms
    Reading took     248.404000 us
  Sample 92...
Starting computation...
    Writing took     6.542702 ms
    Computation took 305.611860 ms
    Reading took     296.273000 us
  Sample 93...
Starting computation...
    Writing took     8.633977 ms
    Computation took 305.527880 ms
    Reading took     275.029000 us
  Sample 94...
Starting computation...
    Writing took     7.406587 ms
    Computation took 305.349374 ms
    Reading took     420.180000 us
  Sample 95...
Starting computation...
    Writing took     11.992472 ms
    Computation took 307.285418 ms
    Reading took     285.640000 us
  Sample 96...
Starting computation...
    Writing took     7.563670 ms
    Computation took 309.510122 ms
    Reading took     271.177000 us
  Sample 97...
Starting computation...
    Writing took     6.912153 ms
    Computation took 312.413436 ms
    Reading took     280.061000 us
  Sample 98...
Starting computation...
    Writing took     7.406681 ms
    Computation took 308.199030 ms
    Reading took     271.155000 us
  Sample 99...
Starting computation...
    Writing took     6.339959 ms
    Computation took 308.839482 ms
    Reading took     249.682000 us
Mean computation time: 305.605833 ms
Mean deviation: 1.314575 ms (0.430154%)
Mean computation time (per hash): 3.286083 ms
Mean deviation (per hash): 14.135000 us
