Using device #0: CUDA Device 'GeForce GTX 1080 Ti'
  Sample 0...
Starting computation...
    Writing took     1.651958 ms
    Computation took 184.170139 ms
    Reading took     45.885000 us
  Sample 1...
Starting computation...
    Writing took     1.065521 ms
    Computation took 184.051975 ms
    Reading took     41.310000 us
  Sample 2...
Starting computation...
    Writing took     1.063634 ms
    Computation took 184.067293 ms
    Reading took     41.398000 us
  Sample 3...
Starting computation...
    Writing took     1.079601 ms
    Computation took 184.034818 ms
    Reading took     32.313000 us
  Sample 4...
Starting computation...
    Writing took     764.286000 us
    Computation took 184.015364 ms
    Reading took     29.317000 us
  Sample 5...
Starting computation...
    Writing took     734.477000 us
    Computation took 184.046883 ms
    Reading took     33.304000 us
  Sample 6...
Starting computation...
    Writing took     806.236000 us
    Computation took 184.059270 ms
    Reading took     43.240000 us
  Sample 7...
Starting computation...
    Writing took     1.071307 ms
    Computation took 184.078686 ms
    Reading took     31.512000 us
  Sample 8...
Starting computation...
    Writing took     745.818000 us
    Computation took 184.062608 ms
    Reading took     32.586000 us
  Sample 9...
Starting computation...
    Writing took     810.731000 us
    Computation took 184.064607 ms
    Reading took     33.368000 us
  Sample 10...
Starting computation...
    Writing took     765.176000 us
    Computation took 184.127259 ms
    Reading took     32.759000 us
  Sample 11...
Starting computation...
    Writing took     750.759000 us
    Computation took 184.043684 ms
    Reading took     35.014000 us
  Sample 12...
Starting computation...
    Writing took     815.824000 us
    Computation took 184.071485 ms
    Reading took     31.861000 us
  Sample 13...
Starting computation...
    Writing took     797.110000 us
    Computation took 184.080973 ms
    Reading took     31.296000 us
  Sample 14...
Starting computation...
    Writing took     758.144000 us
    Computation took 184.029822 ms
    Reading took     40.802000 us
  Sample 15...
Starting computation...
    Writing took     1.304507 ms
    Computation took 184.116083 ms
    Reading took     34.735000 us
  Sample 16...
Starting computation...
    Writing took     815.014000 us
    Computation took 184.053252 ms
    Reading took     31.129000 us
  Sample 17...
Starting computation...
    Writing took     785.201000 us
    Computation took 184.046753 ms
    Reading took     30.651000 us
  Sample 18...
Starting computation...
    Writing took     748.336000 us
    Computation took 184.082122 ms
    Reading took     33.633000 us
  Sample 19...
Starting computation...
    Writing took     814.730000 us
    Computation took 184.063886 ms
    Reading took     31.967000 us
  Sample 20...
Starting computation...
    Writing took     817.731000 us
    Computation took 184.046825 ms
    Reading took     29.262000 us
  Sample 21...
Starting computation...
    Writing took     735.651000 us
    Computation took 184.039341 ms
    Reading took     31.487000 us
  Sample 22...
Starting computation...
    Writing took     784.991000 us
    Computation took 184.050103 ms
    Reading took     59.825000 us
  Sample 23...
Starting computation...
    Writing took     1.639108 ms
    Computation took 184.117477 ms
    Reading took     61.473000 us
  Sample 24...
Starting computation...
    Writing took     1.677607 ms
    Computation took 184.087673 ms
    Reading took     36.499000 us
  Sample 25...
Starting computation...
    Writing took     783.314000 us
    Computation took 184.102218 ms
    Reading took     34.960000 us
  Sample 26...
Starting computation...
    Writing took     809.370000 us
    Computation took 184.052829 ms
    Reading took     39.315000 us
  Sample 27...
Starting computation...
    Writing took     759.860000 us
    Computation took 184.109957 ms
    Reading took     33.021000 us
  Sample 28...
Starting computation...
    Writing took     737.128000 us
    Computation took 184.054007 ms
    Reading took     33.818000 us
  Sample 29...
Starting computation...
    Writing took     746.559000 us
    Computation took 184.049584 ms
    Reading took     34.598000 us
  Sample 30...
Starting computation...
    Writing took     774.041000 us
    Computation took 184.057604 ms
    Reading took     32.298000 us
  Sample 31...
Starting computation...
    Writing took     739.258000 us
    Computation took 184.054441 ms
    Reading took     36.696000 us
  Sample 32...
Starting computation...
    Writing took     807.526000 us
    Computation took 184.037082 ms
    Reading took     34.202000 us
  Sample 33...
Starting computation...
    Writing took     756.591000 us
    Computation took 184.065326 ms
    Reading took     32.654000 us
  Sample 34...
Starting computation...
    Writing took     735.956000 us
    Computation took 184.122530 ms
    Reading took     41.585000 us
  Sample 35...
Starting computation...
    Writing took     1.078377 ms
    Computation took 184.078644 ms
    Reading took     41.819000 us
  Sample 36...
Starting computation...
    Writing took     996.332000 us
    Computation took 184.082948 ms
    Reading took     40.761000 us
  Sample 37...
Starting computation...
    Writing took     987.348000 us
    Computation took 184.111126 ms
    Reading took     40.138000 us
  Sample 38...
Starting computation...
    Writing took     989.209000 us
    Computation took 184.083245 ms
    Reading took     34.138000 us
  Sample 39...
Starting computation...
    Writing took     884.303000 us
    Computation took 184.079193 ms
    Reading took     31.134000 us
  Sample 40...
Starting computation...
    Writing took     734.639000 us
    Computation took 184.043805 ms
    Reading took     31.615000 us
  Sample 41...
Starting computation...
    Writing took     734.792000 us
    Computation took 184.036364 ms
    Reading took     32.939000 us
  Sample 42...
Starting computation...
    Writing took     786.181000 us
    Computation took 184.076305 ms
    Reading took     32.635000 us
  Sample 43...
Starting computation...
    Writing took     852.910000 us
    Computation took 184.063377 ms
    Reading took     35.388000 us
  Sample 44...
Starting computation...
    Writing took     834.470000 us
    Computation took 184.128635 ms
    Reading took     45.394000 us
  Sample 45...
Starting computation...
    Writing took     1.329340 ms
    Computation took 184.111159 ms
    Reading took     35.010000 us
  Sample 46...
Starting computation...
    Writing took     827.483000 us
    Computation took 184.085690 ms
    Reading took     45.690000 us
  Sample 47...
Starting computation...
    Writing took     781.314000 us
    Computation took 184.096077 ms
    Reading took     33.243000 us
  Sample 48...
Starting computation...
    Writing took     767.361000 us
    Computation took 184.063861 ms
    Reading took     63.256000 us
  Sample 49...
Starting computation...
    Writing took     1.594022 ms
    Computation took 184.127706 ms
    Reading took     51.821000 us
  Sample 50...
Starting computation...
    Writing took     1.551276 ms
    Computation took 184.126459 ms
    Reading took     41.750000 us
  Sample 51...
Starting computation...
    Writing took     997.890000 us
    Computation took 184.081403 ms
    Reading took     40.131000 us
  Sample 52...
Starting computation...
    Writing took     991.301000 us
    Computation took 184.123801 ms
    Reading took     44.317000 us
  Sample 53...
Starting computation...
    Writing took     1.090286 ms
    Computation took 184.097343 ms
    Reading took     57.008000 us
  Sample 54...
Starting computation...
    Writing took     1.636622 ms
    Computation took 184.132056 ms
    Reading took     41.240000 us
  Sample 55...
Starting computation...
    Writing took     999.246000 us
    Computation took 184.078326 ms
    Reading took     41.620000 us
  Sample 56...
Starting computation...
    Writing took     993.733000 us
    Computation took 184.057600 ms
    Reading took     42.430000 us
  Sample 57...
Starting computation...
    Writing took     996.336000 us
    Computation took 184.066940 ms
    Reading took     40.661000 us
  Sample 58...
Starting computation...
    Writing took     978.759000 us
    Computation took 184.083830 ms
    Reading took     43.075000 us
  Sample 59...
Starting computation...
    Writing took     999.383000 us
    Computation took 184.164364 ms
    Reading took     43.806000 us
  Sample 60...
Starting computation...
    Writing took     1.002109 ms
    Computation took 184.074060 ms
    Reading took     42.833000 us
  Sample 61...
Starting computation...
    Writing took     994.243000 us
    Computation took 185.111683 ms
    Reading took     59.833000 us
  Sample 62...
Starting computation...
    Writing took     1.466909 ms
    Computation took 184.128758 ms
    Reading took     54.514000 us
  Sample 63...
Starting computation...
    Writing took     1.540281 ms
    Computation took 184.130330 ms
    Reading took     41.469000 us
  Sample 64...
Starting computation...
    Writing took     1.023699 ms
    Computation took 184.123981 ms
    Reading took     62.039000 us
  Sample 65...
Starting computation...
    Writing took     1.700313 ms
    Computation took 184.173867 ms
    Reading took     41.775000 us
  Sample 66...
Starting computation...
    Writing took     990.945000 us
    Computation took 184.095865 ms
    Reading took     46.835000 us
  Sample 67...
Starting computation...
    Writing took     992.882000 us
    Computation took 184.072401 ms
    Reading took     39.986000 us
  Sample 68...
Starting computation...
    Writing took     982.093000 us
    Computation took 184.081056 ms
    Reading took     39.824000 us
  Sample 69...
Starting computation...
    Writing took     971.023000 us
    Computation took 184.080026 ms
    Reading took     40.353000 us
  Sample 70...
Starting computation...
    Writing took     997.536000 us
    Computation took 184.069782 ms
    Reading took     41.353000 us
  Sample 71...
Starting computation...
    Writing took     988.911000 us
    Computation took 184.108953 ms
    Reading took     41.305000 us
  Sample 72...
Starting computation...
    Writing took     1.025096 ms
    Computation took 184.101156 ms
    Reading took     40.203000 us
  Sample 73...
Starting computation...
    Writing took     990.136000 us
    Computation took 184.052657 ms
    Reading took     44.272000 us
  Sample 74...
Starting computation...
    Writing took     1.117359 ms
    Computation took 184.085239 ms
    Reading took     41.704000 us
  Sample 75...
Starting computation...
    Writing took     1.071084 ms
    Computation took 184.032555 ms
    Reading took     44.522000 us
  Sample 76...
Starting computation...
    Writing took     1.064445 ms
    Computation took 184.050730 ms
    Reading took     43.371000 us
  Sample 77...
Starting computation...
    Writing took     1.078975 ms
    Computation took 184.045155 ms
    Reading took     31.096000 us
  Sample 78...
Starting computation...
    Writing took     746.749000 us
    Computation took 184.042415 ms
    Reading took     29.497000 us
  Sample 79...
Starting computation...
    Writing took     734.922000 us
    Computation took 184.012334 ms
    Reading took     32.783000 us
  Sample 80...
Starting computation...
    Writing took     803.491000 us
    Computation took 184.013734 ms
    Reading took     29.969000 us
  Sample 81...
Starting computation...
    Writing took     740.451000 us
    Computation took 184.066215 ms
    Reading took     71.147000 us
  Sample 82...
Starting computation...
    Writing took     1.926068 ms
    Computation took 184.115862 ms
    Reading took     41.749000 us
  Sample 83...
Starting computation...
    Writing took     1.062891 ms
    Computation took 184.056557 ms
    Reading took     38.083000 us
  Sample 84...
Starting computation...
    Writing took     1.041011 ms
    Computation took 184.033677 ms
    Reading took     41.985000 us
  Sample 85...
Starting computation...
    Writing took     1.063441 ms
    Computation took 184.028721 ms
    Reading took     29.536000 us
  Sample 86...
Starting computation...
    Writing took     734.791000 us
    Computation took 184.026393 ms
    Reading took     32.869000 us
  Sample 87...
Starting computation...
    Writing took     765.807000 us
    Computation took 184.072423 ms
    Reading took     33.108000 us
  Sample 88...
Starting computation...
    Writing took     824.620000 us
    Computation took 184.072182 ms
    Reading took     64.123000 us
  Sample 89...
Starting computation...
    Writing took     1.619875 ms
    Computation took 184.105586 ms
    Reading took     35.296000 us
  Sample 90...
Starting computation...
    Writing took     779.773000 us
    Computation took 184.100508 ms
    Reading took     32.365000 us
  Sample 91...
Starting computation...
    Writing took     808.152000 us
    Computation took 184.087861 ms
    Reading took     64.741000 us
  Sample 92...
Starting computation...
    Writing took     1.626010 ms
    Computation took 184.092287 ms
    Reading took     66.243000 us
  Sample 93...
Starting computation...
    Writing took     1.667076 ms
    Computation took 184.152242 ms
    Reading took     41.430000 us
  Sample 94...
Starting computation...
    Writing took     999.736000 us
    Computation took 184.097454 ms
    Reading took     39.690000 us
  Sample 95...
Starting computation...
    Writing took     995.063000 us
    Computation took 184.054818 ms
    Reading took     41.529000 us
  Sample 96...
Starting computation...
    Writing took     994.723000 us
    Computation took 184.062216 ms
    Reading took     40.962000 us
  Sample 97...
Starting computation...
    Writing took     996.176000 us
    Computation took 184.110971 ms
    Reading took     41.276000 us
  Sample 98...
Starting computation...
    Writing took     993.555000 us
    Computation took 184.094826 ms
    Reading took     33.316000 us
  Sample 99...
Starting computation...
    Writing took     761.273000 us
    Computation took 184.037084 ms
    Reading took     33.880000 us
Mean computation time: 184.088488 ms
Mean deviation: 40.171000 us (0.0218216%)
Mean computation time (per hash): 14.160652 ms
Mean deviation (per hash): 3.090000 us
