Using device #0: CUDA Device 'GeForce GTX 1080 Ti'
  Sample 0...
Starting computation...
    Writing took     1.528166 ms
    Computation took 184.143401 ms
    Reading took     72.516000 us
  Sample 1...
Starting computation...
    Writing took     1.655297 ms
    Computation took 184.260352 ms
    Reading took     61.788000 us
  Sample 2...
Starting computation...
    Writing took     1.603638 ms
    Computation took 184.171609 ms
    Reading took     60.287000 us
  Sample 3...
Starting computation...
    Writing took     1.521387 ms
    Computation took 184.161295 ms
    Reading took     58.404000 us
  Sample 4...
Starting computation...
    Writing took     1.501216 ms
    Computation took 184.222037 ms
    Reading took     83.388000 us
  Sample 5...
Starting computation...
    Writing took     1.608894 ms
    Computation took 184.196036 ms
    Reading took     67.444000 us
  Sample 6...
Starting computation...
    Writing took     1.576942 ms
    Computation took 184.204198 ms
    Reading took     90.576000 us
  Sample 7...
Starting computation...
    Writing took     2.226262 ms
    Computation took 184.237111 ms
    Reading took     62.818000 us
  Sample 8...
Starting computation...
    Writing took     1.651151 ms
    Computation took 184.120364 ms
    Reading took     60.400000 us
  Sample 9...
Starting computation...
    Writing took     1.556363 ms
    Computation took 184.208854 ms
    Reading took     60.190000 us
  Sample 10...
Starting computation...
    Writing took     1.553730 ms
    Computation took 184.182565 ms
    Reading took     66.092000 us
  Sample 11...
Starting computation...
    Writing took     1.651604 ms
    Computation took 184.138138 ms
    Reading took     67.379000 us
  Sample 12...
Starting computation...
    Writing took     1.687089 ms
    Computation took 184.200247 ms
    Reading took     58.721000 us
  Sample 13...
Starting computation...
    Writing took     1.355007 ms
    Computation took 184.171487 ms
    Reading took     54.896000 us
  Sample 14...
Starting computation...
    Writing took     1.370045 ms
    Computation took 184.151514 ms
    Reading took     60.335000 us
  Sample 15...
Starting computation...
    Writing took     1.591128 ms
    Computation took 184.144473 ms
    Reading took     57.628000 us
  Sample 16...
Starting computation...
    Writing took     1.500518 ms
    Computation took 184.158047 ms
    Reading took     56.960000 us
  Sample 17...
Starting computation...
    Writing took     1.532485 ms
    Computation took 184.168938 ms
    Reading took     62.218000 us
  Sample 18...
Starting computation...
    Writing took     1.639470 ms
    Computation took 184.235735 ms
    Reading took     112.152000 us
  Sample 19...
Starting computation...
    Writing took     3.049992 ms
    Computation took 184.245435 ms
    Reading took     68.936000 us
  Sample 20...
Starting computation...
    Writing took     1.807426 ms
    Computation took 184.255849 ms
    Reading took     69.848000 us
  Sample 21...
Starting computation...
    Writing took     1.800421 ms
    Computation took 184.205616 ms
    Reading took     69.730000 us
  Sample 22...
Starting computation...
    Writing took     1.805060 ms
    Computation took 184.237732 ms
    Reading took     68.910000 us
  Sample 23...
Starting computation...
    Writing took     1.806365 ms
    Computation took 184.205311 ms
    Reading took     68.726000 us
  Sample 24...
Starting computation...
    Writing took     1.822412 ms
    Computation took 184.234996 ms
    Reading took     69.716000 us
  Sample 25...
Starting computation...
    Writing took     1.801008 ms
    Computation took 184.244851 ms
    Reading took     69.613000 us
  Sample 26...
Starting computation...
    Writing took     1.803870 ms
    Computation took 184.342041 ms
    Reading took     69.370000 us
  Sample 27...
Starting computation...
    Writing took     1.784142 ms
    Computation took 184.217175 ms
    Reading took     69.308000 us
  Sample 28...
Starting computation...
    Writing took     1.841967 ms
    Computation took 184.227330 ms
    Reading took     57.358000 us
  Sample 29...
Starting computation...
    Writing took     1.401282 ms
    Computation took 184.190927 ms
    Reading took     90.479000 us
  Sample 30...
Starting computation...
    Writing took     2.268006 ms
    Computation took 184.205617 ms
    Reading took     70.925000 us
  Sample 31...
Starting computation...
    Writing took     1.801464 ms
    Computation took 184.190338 ms
    Reading took     68.943000 us
  Sample 32...
Starting computation...
    Writing took     1.812881 ms
    Computation took 184.206173 ms
    Reading took     69.396000 us
  Sample 33...
Starting computation...
    Writing took     1.831792 ms
    Computation took 184.115658 ms
    Reading took     68.673000 us
  Sample 34...
Starting computation...
    Writing took     1.827571 ms
    Computation took 184.185775 ms
    Reading took     68.381000 us
  Sample 35...
Starting computation...
    Writing took     1.805067 ms
    Computation took 184.166393 ms
    Reading took     68.791000 us
  Sample 36...
Starting computation...
    Writing took     1.804033 ms
    Computation took 184.193180 ms
    Reading took     68.419000 us
  Sample 37...
Starting computation...
    Writing took     1.795779 ms
    Computation took 184.193893 ms
    Reading took     71.365000 us
  Sample 38...
Starting computation...
    Writing took     1.781632 ms
    Computation took 184.144418 ms
    Reading took     68.510000 us
  Sample 39...
Starting computation...
    Writing took     1.809555 ms
    Computation took 184.213251 ms
    Reading took     80.068000 us
  Sample 40...
Starting computation...
    Writing took     1.797275 ms
    Computation took 184.204200 ms
    Reading took     67.849000 us
  Sample 41...
Starting computation...
    Writing took     1.813388 ms
    Computation took 184.144928 ms
    Reading took     68.345000 us
  Sample 42...
Starting computation...
    Writing took     1.767706 ms
    Computation took 184.180077 ms
    Reading took     68.040000 us
  Sample 43...
Starting computation...
    Writing took     1.781662 ms
    Computation took 184.198848 ms
    Reading took     68.231000 us
  Sample 44...
Starting computation...
    Writing took     1.791591 ms
    Computation took 184.197951 ms
    Reading took     65.002000 us
  Sample 45...
Starting computation...
    Writing took     1.741118 ms
    Computation took 184.223833 ms
    Reading took     65.961000 us
  Sample 46...
Starting computation...
    Writing took     1.709452 ms
    Computation took 184.225564 ms
    Reading took     70.387000 us
  Sample 47...
Starting computation...
    Writing took     1.762109 ms
    Computation took 184.187970 ms
    Reading took     71.222000 us
  Sample 48...
Starting computation...
    Writing took     1.790808 ms
    Computation took 184.225097 ms
    Reading took     67.255000 us
  Sample 49...
Starting computation...
    Writing took     1.768093 ms
    Computation took 184.187730 ms
    Reading took     71.842000 us
  Sample 50...
Starting computation...
    Writing took     1.718268 ms
    Computation took 184.211358 ms
    Reading took     56.218000 us
  Sample 51...
Starting computation...
    Writing took     1.404357 ms
    Computation took 184.799344 ms
    Reading took     59.058000 us
  Sample 52...
Starting computation...
    Writing took     1.364506 ms
    Computation took 184.652634 ms
    Reading took     106.058000 us
  Sample 53...
Starting computation...
    Writing took     2.998262 ms
    Computation took 184.729142 ms
    Reading took     69.238000 us
  Sample 54...
Starting computation...
    Writing took     1.822959 ms
    Computation took 184.659414 ms
    Reading took     59.044000 us
  Sample 55...
Starting computation...
    Writing took     1.399198 ms
    Computation took 184.644541 ms
    Reading took     53.092000 us
  Sample 56...
Starting computation...
    Writing took     1.358024 ms
    Computation took 184.686146 ms
    Reading took     55.650000 us
  Sample 57...
Starting computation...
    Writing took     1.363959 ms
    Computation took 184.613161 ms
    Reading took     65.175000 us
  Sample 58...
Starting computation...
    Writing took     1.690324 ms
    Computation took 184.611076 ms
    Reading took     60.710000 us
  Sample 59...
Starting computation...
    Writing took     1.560477 ms
    Computation took 184.634420 ms
    Reading took     58.270000 us
  Sample 60...
Starting computation...
    Writing took     1.452523 ms
    Computation took 184.638122 ms
    Reading took     68.941000 us
  Sample 61...
Starting computation...
    Writing took     1.810750 ms
    Computation took 184.729507 ms
    Reading took     69.569000 us
  Sample 62...
Starting computation...
    Writing took     1.790677 ms
    Computation took 184.630936 ms
    Reading took     68.704000 us
  Sample 63...
Starting computation...
    Writing took     1.795856 ms
    Computation took 184.700880 ms
    Reading took     68.490000 us
  Sample 64...
Starting computation...
    Writing took     1.821304 ms
    Computation took 184.686647 ms
    Reading took     70.359000 us
  Sample 65...
Starting computation...
    Writing took     1.808284 ms
    Computation took 184.659450 ms
    Reading took     87.023000 us
  Sample 66...
Starting computation...
    Writing took     1.802767 ms
    Computation took 184.772194 ms
    Reading took     68.290000 us
  Sample 67...
Starting computation...
    Writing took     1.822633 ms
    Computation took 184.629751 ms
    Reading took     69.628000 us
  Sample 68...
Starting computation...
    Writing took     1.789690 ms
    Computation took 184.694564 ms
    Reading took     56.546000 us
  Sample 69...
Starting computation...
    Writing took     1.397339 ms
    Computation took 184.703245 ms
    Reading took     53.212000 us
  Sample 70...
Starting computation...
    Writing took     1.355930 ms
    Computation took 184.642427 ms
    Reading took     58.222000 us
  Sample 71...
Starting computation...
    Writing took     1.403505 ms
    Computation took 184.580847 ms
    Reading took     52.947000 us
  Sample 72...
Starting computation...
    Writing took     1.356408 ms
    Computation took 184.633280 ms
    Reading took     54.237000 us
  Sample 73...
Starting computation...
    Writing took     1.356440 ms
    Computation took 184.701182 ms
    Reading took     57.801000 us
  Sample 74...
Starting computation...
    Writing took     1.393355 ms
    Computation took 184.646244 ms
    Reading took     57.524000 us
  Sample 75...
Starting computation...
    Writing took     1.406040 ms
    Computation took 184.683819 ms
    Reading took     56.280000 us
  Sample 76...
Starting computation...
    Writing took     1.457427 ms
    Computation took 184.646632 ms
    Reading took     69.347000 us
  Sample 77...
Starting computation...
    Writing took     1.799533 ms
    Computation took 184.742451 ms
    Reading took     68.067000 us
  Sample 78...
Starting computation...
    Writing took     1.846596 ms
    Computation took 184.647210 ms
    Reading took     69.099000 us
  Sample 79...
Starting computation...
    Writing took     1.807718 ms
    Computation took 184.703079 ms
    Reading took     68.984000 us
  Sample 80...
Starting computation...
    Writing took     1.792564 ms
    Computation took 184.667459 ms
    Reading took     68.785000 us
  Sample 81...
Starting computation...
    Writing took     1.812692 ms
    Computation took 184.702245 ms
    Reading took     69.076000 us
  Sample 82...
Starting computation...
    Writing took     1.798920 ms
    Computation took 184.650147 ms
    Reading took     72.728000 us
  Sample 83...
Starting computation...
    Writing took     1.814039 ms
    Computation took 184.629578 ms
    Reading took     77.834000 us
  Sample 84...
Starting computation...
    Writing took     1.833851 ms
    Computation took 184.662847 ms
    Reading took     68.784000 us
  Sample 85...
Starting computation...
    Writing took     1.778281 ms
    Computation took 184.606807 ms
    Reading took     68.555000 us
  Sample 86...
Starting computation...
    Writing took     1.781168 ms
    Computation took 184.693672 ms
    Reading took     71.684000 us
  Sample 87...
Starting computation...
    Writing took     1.812460 ms
    Computation took 184.659867 ms
    Reading took     68.700000 us
  Sample 88...
Starting computation...
    Writing took     1.805752 ms
    Computation took 184.710119 ms
    Reading took     68.730000 us
  Sample 89...
Starting computation...
    Writing took     1.793150 ms
    Computation took 184.608897 ms
    Reading took     67.898000 us
  Sample 90...
Starting computation...
    Writing took     1.803921 ms
    Computation took 184.667218 ms
    Reading took     69.424000 us
  Sample 91...
Starting computation...
    Writing took     1.813891 ms
    Computation took 184.699099 ms
    Reading took     68.915000 us
  Sample 92...
Starting computation...
    Writing took     1.798779 ms
    Computation took 184.647940 ms
    Reading took     68.155000 us
  Sample 93...
Starting computation...
    Writing took     1.774698 ms
    Computation took 184.677726 ms
    Reading took     72.632000 us
  Sample 94...
Starting computation...
    Writing took     1.798784 ms
    Computation took 184.602438 ms
    Reading took     56.033000 us
  Sample 95...
Starting computation...
    Writing took     1.417112 ms
    Computation took 184.604373 ms
    Reading took     55.964000 us
  Sample 96...
Starting computation...
    Writing took     1.364107 ms
    Computation took 184.673934 ms
    Reading took     56.358000 us
  Sample 97...
Starting computation...
    Writing took     1.431886 ms
    Computation took 184.635109 ms
    Reading took     56.739000 us
  Sample 98...
Starting computation...
    Writing took     1.395515 ms
    Computation took 184.625295 ms
    Reading took     58.299000 us
  Sample 99...
Starting computation...
    Writing took     1.510167 ms
    Computation took 184.646649 ms
    Reading took     92.159000 us
Mean computation time: 184.426596 ms
Mean deviation: 233.410000 us (0.12656%)
Mean computation time (per hash): 7.684441 ms
Mean deviation (per hash): 9.725000 us
