Using device #0: CUDA Device 'GeForce GTX 1080 Ti'
  Sample 0...
Starting computation...
    Writing took     7.834776 ms
    Computation took 260.650641 ms
    Reading took     238.334000 us
  Sample 1...
Starting computation...
    Writing took     9.436660 ms
    Computation took 260.532286 ms
    Reading took     235.542000 us
  Sample 2...
Starting computation...
    Writing took     6.644724 ms
    Computation took 260.612125 ms
    Reading took     232.561000 us
  Sample 3...
Starting computation...
    Writing took     11.511875 ms
    Computation took 260.498763 ms
    Reading took     234.205000 us
  Sample 4...
Starting computation...
    Writing took     10.116133 ms
    Computation took 260.586716 ms
    Reading took     317.920000 us
  Sample 5...
Starting computation...
    Writing took     7.790433 ms
    Computation took 260.510128 ms
    Reading took     235.262000 us
  Sample 6...
Starting computation...
    Writing took     8.250398 ms
    Computation took 260.580497 ms
    Reading took     243.807000 us
  Sample 7...
Starting computation...
    Writing took     10.897684 ms
    Computation took 260.666836 ms
    Reading took     235.251000 us
  Sample 8...
Starting computation...
    Writing took     6.516052 ms
    Computation took 260.526907 ms
    Reading took     233.852000 us
  Sample 9...
Starting computation...
    Writing took     6.517979 ms
    Computation took 260.597093 ms
    Reading took     243.727000 us
  Sample 10...
Starting computation...
    Writing took     6.805279 ms
    Computation took 260.475823 ms
    Reading took     174.763000 us
  Sample 11...
Starting computation...
    Writing took     5.153930 ms
    Computation took 260.522007 ms
    Reading took     223.777000 us
  Sample 12...
Starting computation...
    Writing took     5.122290 ms
    Computation took 260.497575 ms
    Reading took     321.011000 us
  Sample 13...
Starting computation...
    Writing took     12.304042 ms
    Computation took 260.640036 ms
    Reading took     245.384000 us
  Sample 14...
Starting computation...
    Writing took     6.835087 ms
    Computation took 260.667746 ms
    Reading took     332.971000 us
  Sample 15...
Starting computation...
    Writing took     11.490035 ms
    Computation took 260.671553 ms
    Reading took     305.184000 us
  Sample 16...
Starting computation...
    Writing took     9.017989 ms
    Computation took 260.583116 ms
    Reading took     233.875000 us
  Sample 17...
Starting computation...
    Writing took     9.981395 ms
    Computation took 260.577662 ms
    Reading took     233.383000 us
  Sample 18...
Starting computation...
    Writing took     11.453566 ms
    Computation took 260.597786 ms
    Reading took     231.310000 us
  Sample 19...
Starting computation...
    Writing took     10.544037 ms
    Computation took 260.623119 ms
    Reading took     235.623000 us
  Sample 20...
Starting computation...
    Writing took     8.587094 ms
    Computation took 260.678508 ms
    Reading took     235.540000 us
  Sample 21...
Starting computation...
    Writing took     6.490161 ms
    Computation took 260.549778 ms
    Reading took     231.071000 us
  Sample 22...
Starting computation...
    Writing took     7.874116 ms
    Computation took 260.768014 ms
    Reading took     276.213000 us
  Sample 23...
Starting computation...
    Writing took     8.705800 ms
    Computation took 260.642962 ms
    Reading took     247.960000 us
  Sample 24...
Starting computation...
    Writing took     6.519294 ms
    Computation took 260.657251 ms
    Reading took     235.251000 us
  Sample 25...
Starting computation...
    Writing took     9.906536 ms
    Computation took 260.578794 ms
    Reading took     233.015000 us
  Sample 26...
Starting computation...
    Writing took     6.512129 ms
    Computation took 260.491437 ms
    Reading took     246.101000 us
  Sample 27...
Starting computation...
    Writing took     10.238598 ms
    Computation took 260.629736 ms
    Reading took     235.412000 us
  Sample 28...
Starting computation...
    Writing took     8.315147 ms
    Computation took 260.629960 ms
    Reading took     236.342000 us
  Sample 29...
Starting computation...
    Writing took     6.416186 ms
    Computation took 260.551683 ms
    Reading took     231.115000 us
  Sample 30...
Starting computation...
    Writing took     7.011921 ms
    Computation took 260.595172 ms
    Reading took     196.412000 us
  Sample 31...
Starting computation...
    Writing took     6.277908 ms
    Computation took 260.559143 ms
    Reading took     202.208000 us
  Sample 32...
Starting computation...
    Writing took     5.667800 ms
    Computation took 260.557614 ms
    Reading took     204.047000 us
  Sample 33...
Starting computation...
    Writing took     5.588725 ms
    Computation took 260.516835 ms
    Reading took     232.447000 us
  Sample 34...
Starting computation...
    Writing took     8.280553 ms
    Computation took 260.609544 ms
    Reading took     231.702000 us
  Sample 35...
Starting computation...
    Writing took     6.488037 ms
    Computation took 260.615538 ms
    Reading took     343.562000 us
  Sample 36...
Starting computation...
    Writing took     11.258830 ms
    Computation took 260.654193 ms
    Reading took     233.573000 us
  Sample 37...
Starting computation...
    Writing took     6.511590 ms
    Computation took 260.516083 ms
    Reading took     225.948000 us
  Sample 38...
Starting computation...
    Writing took     5.976286 ms
    Computation took 260.509375 ms
    Reading took     223.986000 us
  Sample 39...
Starting computation...
    Writing took     5.759664 ms
    Computation took 268.931515 ms
    Reading took     204.222000 us
  Sample 40...
Starting computation...
    Writing took     8.927457 ms
    Computation took 283.420734 ms
    Reading took     321.814000 us
  Sample 41...
Starting computation...
    Writing took     6.563687 ms
    Computation took 282.288484 ms
    Reading took     212.120000 us
  Sample 42...
Starting computation...
    Writing took     5.954637 ms
    Computation took 279.108331 ms
    Reading took     215.653000 us
  Sample 43...
Starting computation...
    Writing took     8.025268 ms
    Computation took 273.711096 ms
    Reading took     173.922000 us
  Sample 44...
Starting computation...
    Writing took     6.222025 ms
    Computation took 264.850006 ms
    Reading took     172.041000 us
  Sample 45...
Starting computation...
    Writing took     4.769476 ms
    Computation took 266.775560 ms
    Reading took     221.996000 us
  Sample 46...
Starting computation...
    Writing took     9.019980 ms
    Computation took 265.787597 ms
    Reading took     215.381000 us
  Sample 47...
Starting computation...
    Writing took     9.190037 ms
    Computation took 264.873324 ms
    Reading took     251.673000 us
  Sample 48...
Starting computation...
    Writing took     11.687066 ms
    Computation took 263.109733 ms
    Reading took     244.088000 us
  Sample 49...
Starting computation...
    Writing took     7.210643 ms
    Computation took 261.242286 ms
    Reading took     234.557000 us
  Sample 50...
Starting computation...
    Writing took     10.166134 ms
    Computation took 261.658690 ms
    Reading took     245.437000 us
  Sample 51...
Starting computation...
    Writing took     7.954989 ms
    Computation took 260.932366 ms
    Reading took     251.296000 us
  Sample 52...
Starting computation...
    Writing took     11.165648 ms
    Computation took 260.610866 ms
    Reading took     233.336000 us
  Sample 53...
Starting computation...
    Writing took     8.678679 ms
    Computation took 260.629753 ms
    Reading took     232.704000 us
  Sample 54...
Starting computation...
    Writing took     9.556917 ms
    Computation took 260.757625 ms
    Reading took     233.466000 us
  Sample 55...
Starting computation...
    Writing took     10.975322 ms
    Computation took 260.575741 ms
    Reading took     300.060000 us
  Sample 56...
Starting computation...
    Writing took     6.479491 ms
    Computation took 260.411735 ms
    Reading took     282.864000 us
  Sample 57...
Starting computation...
    Writing took     7.256608 ms
    Computation took 260.646823 ms
    Reading took     231.952000 us
  Sample 58...
Starting computation...
    Writing took     6.217436 ms
    Computation took 260.639973 ms
    Reading took     179.009000 us
  Sample 59...
Starting computation...
    Writing took     5.275096 ms
    Computation took 260.576217 ms
    Reading took     215.040000 us
  Sample 60...
Starting computation...
    Writing took     5.982806 ms
    Computation took 260.516910 ms
    Reading took     235.188000 us
  Sample 61...
Starting computation...
    Writing took     6.492050 ms
    Computation took 260.417204 ms
    Reading took     233.122000 us
  Sample 62...
Starting computation...
    Writing took     8.557198 ms
    Computation took 260.721832 ms
    Reading took     231.398000 us
  Sample 63...
Starting computation...
    Writing took     6.542638 ms
    Computation took 260.605803 ms
    Reading took     228.384000 us
  Sample 64...
Starting computation...
    Writing took     10.312207 ms
    Computation took 260.599572 ms
    Reading took     235.065000 us
  Sample 65...
Starting computation...
    Writing took     8.604997 ms
    Computation took 260.636860 ms
    Reading took     247.060000 us
  Sample 66...
Starting computation...
    Writing took     6.460494 ms
    Computation took 260.558107 ms
    Reading took     233.209000 us
  Sample 67...
Starting computation...
    Writing took     15.312474 ms
    Computation took 260.627689 ms
    Reading took     257.602000 us
  Sample 68...
Starting computation...
    Writing took     11.863852 ms
    Computation took 260.959247 ms
    Reading took     251.608000 us
  Sample 69...
Starting computation...
    Writing took     8.746078 ms
    Computation took 260.660835 ms
    Reading took     231.535000 us
  Sample 70...
Starting computation...
    Writing took     6.795670 ms
    Computation took 260.487455 ms
    Reading took     420.740000 us
  Sample 71...
Starting computation...
    Writing took     12.135762 ms
    Computation took 260.409833 ms
    Reading took     232.803000 us
  Sample 72...
Starting computation...
    Writing took     7.161342 ms
    Computation took 260.657977 ms
    Reading took     234.133000 us
  Sample 73...
Starting computation...
    Writing took     8.299758 ms
    Computation took 260.603185 ms
    Reading took     292.978000 us
  Sample 74...
Starting computation...
    Writing took     7.898843 ms
    Computation took 260.477155 ms
    Reading took     233.241000 us
  Sample 75...
Starting computation...
    Writing took     7.974900 ms
    Computation took 260.585689 ms
    Reading took     242.539000 us
  Sample 76...
Starting computation...
    Writing took     10.919907 ms
    Computation took 263.966271 ms
    Reading took     235.103000 us
  Sample 77...
Starting computation...
    Writing took     6.500103 ms
    Computation took 274.926008 ms
    Reading took     235.395000 us
  Sample 78...
Starting computation...
    Writing took     6.856839 ms
    Computation took 275.774920 ms
    Reading took     182.602000 us
  Sample 79...
Starting computation...
    Writing took     8.387634 ms
    Computation took 266.746537 ms
    Reading took     189.680000 us
  Sample 80...
Starting computation...
    Writing took     7.830601 ms
    Computation took 265.825148 ms
    Reading took     198.286000 us
  Sample 81...
Starting computation...
    Writing took     5.580448 ms
    Computation took 265.441088 ms
    Reading took     194.985000 us
  Sample 82...
Starting computation...
    Writing took     8.284817 ms
    Computation took 264.529617 ms
    Reading took     195.317000 us
  Sample 83...
Starting computation...
    Writing took     8.950428 ms
    Computation took 263.292722 ms
    Reading took     203.766000 us
  Sample 84...
Starting computation...
    Writing took     10.394493 ms
    Computation took 262.613134 ms
    Reading took     240.298000 us
  Sample 85...
Starting computation...
    Writing took     8.414235 ms
    Computation took 260.581568 ms
    Reading took     233.393000 us
  Sample 86...
Starting computation...
    Writing took     9.429241 ms
    Computation took 260.463357 ms
    Reading took     254.138000 us
  Sample 87...
Starting computation...
    Writing took     6.474943 ms
    Computation took 260.475989 ms
    Reading took     232.642000 us
  Sample 88...
Starting computation...
    Writing took     8.444560 ms
    Computation took 261.392667 ms
    Reading took     232.256000 us
  Sample 89...
Starting computation...
    Writing took     6.541316 ms
    Computation took 260.579859 ms
    Reading took     232.280000 us
  Sample 90...
Starting computation...
    Writing took     7.783002 ms
    Computation took 260.692269 ms
    Reading took     258.527000 us
  Sample 91...
Starting computation...
    Writing took     6.633468 ms
    Computation took 260.536363 ms
    Reading took     230.808000 us
  Sample 92...
Starting computation...
    Writing took     9.419623 ms
    Computation took 260.534252 ms
    Reading took     215.923000 us
  Sample 93...
Starting computation...
    Writing took     14.443918 ms
    Computation took 260.704338 ms
    Reading took     259.424000 us
  Sample 94...
Starting computation...
    Writing took     7.574238 ms
    Computation took 260.588499 ms
    Reading took     273.578000 us
  Sample 95...
Starting computation...
    Writing took     6.506389 ms
    Computation took 260.510703 ms
    Reading took     233.786000 us
  Sample 96...
Starting computation...
    Writing took     7.021055 ms
    Computation took 260.470188 ms
    Reading took     196.270000 us
  Sample 97...
Starting computation...
    Writing took     6.546372 ms
    Computation took 260.624153 ms
    Reading took     232.093000 us
  Sample 98...
Starting computation...
    Writing took     6.491890 ms
    Computation took 260.537688 ms
    Reading took     194.727000 us
  Sample 99...
Starting computation...
    Writing took     5.407609 ms
    Computation took 260.574912 ms
    Reading took     204.254000 us
Mean computation time: 262.263760 ms
Mean deviation: 2.659206 ms (1.01394%)
Mean computation time (per hash): 3.278296 ms
Mean deviation (per hash): 33.239000 us
