Using device #0: CUDA Device 'GeForce GTX 1080 Ti'
  Sample 0...
Starting computation...
    Writing took     14.513875 ms
    Computation took 365.046333 ms
    Reading took     313.036000 us
  Sample 1...
Starting computation...
    Writing took     8.591735 ms
    Computation took 364.883293 ms
    Reading took     310.040000 us
  Sample 2...
Starting computation...
    Writing took     8.594269 ms
    Computation took 367.424445 ms
    Reading took     308.952000 us
  Sample 3...
Starting computation...
    Writing took     8.561526 ms
    Computation took 371.529782 ms
    Reading took     519.279000 us
  Sample 4...
Starting computation...
    Writing took     11.585106 ms
    Computation took 368.554542 ms
    Reading took     309.562000 us
  Sample 5...
Starting computation...
    Writing took     8.602281 ms
    Computation took 366.766773 ms
    Reading took     311.869000 us
  Sample 6...
Starting computation...
    Writing took     8.587784 ms
    Computation took 365.258262 ms
    Reading took     309.331000 us
  Sample 7...
Starting computation...
    Writing took     8.582329 ms
    Computation took 365.806325 ms
    Reading took     310.763000 us
  Sample 8...
Starting computation...
    Writing took     8.581342 ms
    Computation took 367.699934 ms
    Reading took     310.050000 us
  Sample 9...
Starting computation...
    Writing took     8.502311 ms
    Computation took 369.338165 ms
    Reading took     374.609000 us
  Sample 10...
Starting computation...
    Writing took     9.394585 ms
    Computation took 366.492677 ms
    Reading took     410.977000 us
  Sample 11...
Starting computation...
    Writing took     11.210737 ms
    Computation took 366.525997 ms
    Reading took     372.023000 us
  Sample 12...
Starting computation...
    Writing took     9.606005 ms
    Computation took 365.936487 ms
    Reading took     311.841000 us
  Sample 13...
Starting computation...
    Writing took     9.309380 ms
    Computation took 365.652408 ms
    Reading took     310.746000 us
  Sample 14...
Starting computation...
    Writing took     8.585114 ms
    Computation took 366.215157 ms
    Reading took     311.862000 us
  Sample 15...
Starting computation...
    Writing took     8.589648 ms
    Computation took 366.951469 ms
    Reading took     311.295000 us
  Sample 16...
Starting computation...
    Writing took     10.193719 ms
    Computation took 366.052913 ms
    Reading took     302.217000 us
  Sample 17...
Starting computation...
    Writing took     8.374792 ms
    Computation took 365.919293 ms
    Reading took     311.610000 us
  Sample 18...
Starting computation...
    Writing took     11.137666 ms
    Computation took 365.233944 ms
    Reading took     299.363000 us
  Sample 19...
Starting computation...
    Writing took     8.379006 ms
    Computation took 365.205202 ms
    Reading took     302.997000 us
  Sample 20...
Starting computation...
    Writing took     8.307332 ms
    Computation took 366.181818 ms
    Reading took     336.191000 us
  Sample 21...
Starting computation...
    Writing took     10.303189 ms
    Computation took 366.624709 ms
    Reading took     335.757000 us
  Sample 22...
Starting computation...
    Writing took     9.377133 ms
    Computation took 365.297462 ms
    Reading took     311.390000 us
  Sample 23...
Starting computation...
    Writing took     8.586089 ms
    Computation took 364.875132 ms
    Reading took     310.143000 us
  Sample 24...
Starting computation...
    Writing took     8.582670 ms
    Computation took 365.239559 ms
    Reading took     308.630000 us
  Sample 25...
Starting computation...
    Writing took     8.584767 ms
    Computation took 364.942580 ms
    Reading took     357.967000 us
  Sample 26...
Starting computation...
    Writing took     9.250126 ms
    Computation took 368.101570 ms
    Reading took     300.296000 us
  Sample 27...
Starting computation...
    Writing took     8.420532 ms
    Computation took 372.531163 ms
    Reading took     310.352000 us
  Sample 28...
Starting computation...
    Writing took     8.576300 ms
    Computation took 373.543571 ms
    Reading took     310.894000 us
  Sample 29...
Starting computation...
    Writing took     8.804135 ms
    Computation took 373.166549 ms
    Reading took     406.939000 us
  Sample 30...
Starting computation...
    Writing took     8.555972 ms
    Computation took 371.155953 ms
    Reading took     307.699000 us
  Sample 31...
Starting computation...
    Writing took     8.665902 ms
    Computation took 367.409072 ms
    Reading took     310.759000 us
  Sample 32...
Starting computation...
    Writing took     8.618798 ms
    Computation took 366.720620 ms
    Reading took     309.327000 us
  Sample 33...
Starting computation...
    Writing took     9.157221 ms
    Computation took 365.795625 ms
    Reading took     344.946000 us
  Sample 34...
Starting computation...
    Writing took     9.274328 ms
    Computation took 365.252830 ms
    Reading took     310.951000 us
  Sample 35...
Starting computation...
    Writing took     8.581214 ms
    Computation took 364.600528 ms
    Reading took     544.956000 us
  Sample 36...
Starting computation...
    Writing took     16.130010 ms
    Computation took 364.230713 ms
    Reading took     406.346000 us
  Sample 37...
Starting computation...
    Writing took     9.198318 ms
    Computation took 364.752113 ms
    Reading took     310.870000 us
  Sample 38...
Starting computation...
    Writing took     8.576784 ms
    Computation took 364.994047 ms
    Reading took     309.739000 us
  Sample 39...
Starting computation...
    Writing took     8.739816 ms
    Computation took 366.207974 ms
    Reading took     310.518000 us
  Sample 40...
Starting computation...
    Writing took     8.600823 ms
    Computation took 367.394015 ms
    Reading took     310.713000 us
  Sample 41...
Starting computation...
    Writing took     8.598601 ms
    Computation took 366.090730 ms
    Reading took     310.499000 us
  Sample 42...
Starting computation...
    Writing took     8.593536 ms
    Computation took 365.489733 ms
    Reading took     310.392000 us
  Sample 43...
Starting computation...
    Writing took     9.353466 ms
    Computation took 365.162302 ms
    Reading took     330.238000 us
  Sample 44...
Starting computation...
    Writing took     8.628875 ms
    Computation took 365.292497 ms
    Reading took     337.774000 us
  Sample 45...
Starting computation...
    Writing took     8.609184 ms
    Computation took 366.044646 ms
    Reading took     328.539000 us
  Sample 46...
Starting computation...
    Writing took     8.608428 ms
    Computation took 366.414998 ms
    Reading took     330.213000 us
  Sample 47...
Starting computation...
    Writing took     8.672194 ms
    Computation took 365.593408 ms
    Reading took     328.523000 us
  Sample 48...
Starting computation...
    Writing took     8.649953 ms
    Computation took 365.065573 ms
    Reading took     329.165000 us
  Sample 49...
Starting computation...
    Writing took     8.623464 ms
    Computation took 365.347979 ms
    Reading took     329.210000 us
  Sample 50...
Starting computation...
    Writing took     8.641246 ms
    Computation took 364.977841 ms
    Reading took     331.308000 us
  Sample 51...
Starting computation...
    Writing took     8.632677 ms
    Computation took 365.224872 ms
    Reading took     329.511000 us
  Sample 52...
Starting computation...
    Writing took     8.639595 ms
    Computation took 365.038306 ms
    Reading took     329.982000 us
  Sample 53...
Starting computation...
    Writing took     8.621499 ms
    Computation took 365.205602 ms
    Reading took     329.440000 us
  Sample 54...
Starting computation...
    Writing took     8.657407 ms
    Computation took 365.536422 ms
    Reading took     329.293000 us
  Sample 55...
Starting computation...
    Writing took     8.749071 ms
    Computation took 365.186232 ms
    Reading took     333.060000 us
  Sample 56...
Starting computation...
    Writing took     8.649149 ms
    Computation took 366.077827 ms
    Reading took     351.151000 us
  Sample 57...
Starting computation...
    Writing took     12.594028 ms
    Computation took 367.521981 ms
    Reading took     435.902000 us
  Sample 58...
Starting computation...
    Writing took     12.003712 ms
    Computation took 369.914985 ms
    Reading took     336.024000 us
  Sample 59...
Starting computation...
    Writing took     9.390388 ms
    Computation took 368.992336 ms
    Reading took     310.622000 us
  Sample 60...
Starting computation...
    Writing took     8.577708 ms
    Computation took 366.977097 ms
    Reading took     308.708000 us
  Sample 61...
Starting computation...
    Writing took     8.628901 ms
    Computation took 366.059161 ms
    Reading took     310.400000 us
  Sample 62...
Starting computation...
    Writing took     8.594369 ms
    Computation took 365.913441 ms
    Reading took     319.510000 us
  Sample 63...
Starting computation...
    Writing took     8.815163 ms
    Computation took 365.487361 ms
    Reading took     366.629000 us
  Sample 64...
Starting computation...
    Writing took     8.986862 ms
    Computation took 364.924437 ms
    Reading took     360.650000 us
  Sample 65...
Starting computation...
    Writing took     9.046553 ms
    Computation took 364.502022 ms
    Reading took     317.208000 us
  Sample 66...
Starting computation...
    Writing took     8.586269 ms
    Computation took 364.920994 ms
    Reading took     309.103000 us
  Sample 67...
Starting computation...
    Writing took     8.594562 ms
    Computation took 365.109563 ms
    Reading took     320.910000 us
  Sample 68...
Starting computation...
    Writing took     8.603470 ms
    Computation took 365.108074 ms
    Reading took     300.098000 us
  Sample 69...
Starting computation...
    Writing took     8.127689 ms
    Computation took 365.485504 ms
    Reading took     319.003000 us
  Sample 70...
Starting computation...
    Writing took     8.574445 ms
    Computation took 366.392609 ms
    Reading took     312.125000 us
  Sample 71...
Starting computation...
    Writing took     8.575025 ms
    Computation took 365.449983 ms
    Reading took     311.492000 us
  Sample 72...
Starting computation...
    Writing took     8.528566 ms
    Computation took 365.401670 ms
    Reading took     319.244000 us
  Sample 73...
Starting computation...
    Writing took     8.567897 ms
    Computation took 365.133413 ms
    Reading took     310.179000 us
  Sample 74...
Starting computation...
    Writing took     8.586077 ms
    Computation took 365.203105 ms
    Reading took     317.006000 us
  Sample 75...
Starting computation...
    Writing took     8.574957 ms
    Computation took 366.087905 ms
    Reading took     310.929000 us
  Sample 76...
Starting computation...
    Writing took     11.583786 ms
    Computation took 365.775770 ms
    Reading took     315.463000 us
  Sample 77...
Starting computation...
    Writing took     8.086765 ms
    Computation took 364.747774 ms
    Reading took     311.393000 us
  Sample 78...
Starting computation...
    Writing took     8.585308 ms
    Computation took 364.760303 ms
    Reading took     321.960000 us
  Sample 79...
Starting computation...
    Writing took     8.577193 ms
    Computation took 365.125260 ms
    Reading took     299.363000 us
  Sample 80...
Starting computation...
    Writing took     8.719369 ms
    Computation took 365.573478 ms
    Reading took     310.608000 us
  Sample 81...
Starting computation...
    Writing took     8.583721 ms
    Computation took 366.509782 ms
    Reading took     352.331000 us
  Sample 82...
Starting computation...
    Writing took     9.347435 ms
    Computation took 364.616911 ms
    Reading took     450.955000 us
  Sample 83...
Starting computation...
    Writing took     9.127489 ms
    Computation took 364.771765 ms
    Reading took     308.825000 us
  Sample 84...
Starting computation...
    Writing took     8.597100 ms
    Computation took 364.871414 ms
    Reading took     367.664000 us
  Sample 85...
Starting computation...
    Writing took     10.260312 ms
    Computation took 364.721332 ms
    Reading took     299.421000 us
  Sample 86...
Starting computation...
    Writing took     8.360963 ms
    Computation took 365.733956 ms
    Reading took     337.962000 us
  Sample 87...
Starting computation...
    Writing took     9.327928 ms
    Computation took 366.828002 ms
    Reading took     372.213000 us
  Sample 88...
Starting computation...
    Writing took     9.371678 ms
    Computation took 365.713831 ms
    Reading took     308.427000 us
  Sample 89...
Starting computation...
    Writing took     8.573702 ms
    Computation took 365.395142 ms
    Reading took     299.306000 us
  Sample 90...
Starting computation...
    Writing took     8.558105 ms
    Computation took 364.720014 ms
    Reading took     273.308000 us
  Sample 91...
Starting computation...
    Writing took     7.547929 ms
    Computation took 364.901912 ms
    Reading took     311.189000 us
  Sample 92...
Starting computation...
    Writing took     13.104484 ms
    Computation took 367.713500 ms
    Reading took     329.659000 us
  Sample 93...
Starting computation...
    Writing took     8.379294 ms
    Computation took 370.007739 ms
    Reading took     300.377000 us
  Sample 94...
Starting computation...
    Writing took     8.134298 ms
    Computation took 367.950732 ms
    Reading took     290.607000 us
  Sample 95...
Starting computation...
    Writing took     8.140787 ms
    Computation took 366.556689 ms
    Reading took     293.305000 us
  Sample 96...
Starting computation...
    Writing took     8.004218 ms
    Computation took 366.759353 ms
    Reading took     291.944000 us
  Sample 97...
Starting computation...
    Writing took     7.985678 ms
    Computation took 366.342861 ms
    Reading took     406.528000 us
  Sample 98...
Starting computation...
    Writing took     10.930045 ms
    Computation took 366.437195 ms
    Reading took     316.656000 us
  Sample 99...
Starting computation...
    Writing took     8.571715 ms
    Computation took 365.939412 ms
    Reading took     311.883000 us
Mean computation time: 366.263197 ms
Mean deviation: 1.251306 ms (0.341641%)
Mean computation time (per hash): 3.157440 ms
Mean deviation (per hash): 10.786000 us
