Using device #0: CUDA Device 'GeForce GTX 1080 Ti'
  Sample 0...
Starting computation...
    Writing took     4.071477 ms
    Computation took 201.979455 ms
    Reading took     165.749000 us
  Sample 1...
Starting computation...
    Writing took     3.979915 ms
    Computation took 201.883218 ms
    Reading took     163.231000 us
  Sample 2...
Starting computation...
    Writing took     3.941368 ms
    Computation took 201.989398 ms
    Reading took     131.140000 us
  Sample 3...
Starting computation...
    Writing took     3.215415 ms
    Computation took 201.984720 ms
    Reading took     131.471000 us
  Sample 4...
Starting computation...
    Writing took     3.142095 ms
    Computation took 201.996793 ms
    Reading took     132.746000 us
  Sample 5...
Starting computation...
    Writing took     3.306059 ms
    Computation took 201.937229 ms
    Reading took     130.031000 us
  Sample 6...
Starting computation...
    Writing took     3.191631 ms
    Computation took 201.974719 ms
    Reading took     126.749000 us
  Sample 7...
Starting computation...
    Writing took     3.060238 ms
    Computation took 201.975234 ms
    Reading took     228.739000 us
  Sample 8...
Starting computation...
    Writing took     6.290179 ms
    Computation took 202.021318 ms
    Reading took     148.413000 us
  Sample 9...
Starting computation...
    Writing took     3.695581 ms
    Computation took 201.937406 ms
    Reading took     122.433000 us
  Sample 10...
Starting computation...
    Writing took     2.833488 ms
    Computation took 201.883960 ms
    Reading took     115.681000 us
  Sample 11...
Starting computation...
    Writing took     3.015704 ms
    Computation took 201.891873 ms
    Reading took     124.423000 us
  Sample 12...
Starting computation...
    Writing took     3.173883 ms
    Computation took 201.878407 ms
    Reading took     133.252000 us
  Sample 13...
Starting computation...
    Writing took     3.054568 ms
    Computation took 201.979494 ms
    Reading took     129.638000 us
  Sample 14...
Starting computation...
    Writing took     3.155933 ms
    Computation took 201.962218 ms
    Reading took     195.574000 us
  Sample 15...
Starting computation...
    Writing took     5.203288 ms
    Computation took 201.995018 ms
    Reading took     158.909000 us
  Sample 16...
Starting computation...
    Writing took     3.912348 ms
    Computation took 201.971825 ms
    Reading took     190.551000 us
  Sample 17...
Starting computation...
    Writing took     4.002403 ms
    Computation took 201.953940 ms
    Reading took     162.138000 us
  Sample 18...
Starting computation...
    Writing took     4.046125 ms
    Computation took 201.987517 ms
    Reading took     133.867000 us
  Sample 19...
Starting computation...
    Writing took     3.247903 ms
    Computation took 202.365741 ms
    Reading took     139.020000 us
  Sample 20...
Starting computation...
    Writing took     3.428957 ms
    Computation took 202.578465 ms
    Reading took     176.476000 us
  Sample 21...
Starting computation...
    Writing took     3.361069 ms
    Computation took 202.546731 ms
    Reading took     139.144000 us
  Sample 22...
Starting computation...
    Writing took     4.456219 ms
    Computation took 203.393085 ms
    Reading took     141.148000 us
  Sample 23...
Starting computation...
    Writing took     4.218593 ms
    Computation took 203.047394 ms
    Reading took     145.731000 us
  Sample 24...
Starting computation...
    Writing took     3.722097 ms
    Computation took 202.498495 ms
    Reading took     156.247000 us
  Sample 25...
Starting computation...
    Writing took     3.676703 ms
    Computation took 202.673796 ms
    Reading took     217.412000 us
  Sample 26...
Starting computation...
    Writing took     6.364225 ms
    Computation took 202.445384 ms
    Reading took     177.357000 us
  Sample 27...
Starting computation...
    Writing took     3.659049 ms
    Computation took 202.086137 ms
    Reading took     121.256000 us
  Sample 28...
Starting computation...
    Writing took     2.894280 ms
    Computation took 202.272296 ms
    Reading took     181.055000 us
  Sample 29...
Starting computation...
    Writing took     3.328930 ms
    Computation took 202.723448 ms
    Reading took     213.766000 us
  Sample 30...
Starting computation...
    Writing took     5.231477 ms
    Computation took 203.334474 ms
    Reading took     183.237000 us
  Sample 31...
Starting computation...
    Writing took     5.259114 ms
    Computation took 202.951864 ms
    Reading took     145.880000 us
  Sample 32...
Starting computation...
    Writing took     3.558711 ms
    Computation took 202.378267 ms
    Reading took     146.649000 us
  Sample 33...
Starting computation...
    Writing took     3.582079 ms
    Computation took 202.632616 ms
    Reading took     140.695000 us
  Sample 34...
Starting computation...
    Writing took     3.572749 ms
    Computation took 202.637499 ms
    Reading took     144.931000 us
  Sample 35...
Starting computation...
    Writing took     3.704166 ms
    Computation took 202.594059 ms
    Reading took     145.378000 us
  Sample 36...
Starting computation...
    Writing took     3.618917 ms
    Computation took 203.396676 ms
    Reading took     232.735000 us
  Sample 37...
Starting computation...
    Writing took     6.235035 ms
    Computation took 202.512516 ms
    Reading took     148.678000 us
  Sample 38...
Starting computation...
    Writing took     3.696081 ms
    Computation took 202.636688 ms
    Reading took     146.607000 us
  Sample 39...
Starting computation...
    Writing took     3.718308 ms
    Computation took 202.872137 ms
    Reading took     225.040000 us
  Sample 40...
Starting computation...
    Writing took     6.249819 ms
    Computation took 202.695753 ms
    Reading took     234.046000 us
  Sample 41...
Starting computation...
    Writing took     6.322983 ms
    Computation took 202.302498 ms
    Reading took     146.220000 us
  Sample 42...
Starting computation...
    Writing took     3.674166 ms
    Computation took 202.638867 ms
    Reading took     147.383000 us
  Sample 43...
Starting computation...
    Writing took     3.727553 ms
    Computation took 202.740238 ms
    Reading took     219.516000 us
  Sample 44...
Starting computation...
    Writing took     4.912856 ms
    Computation took 202.877169 ms
    Reading took     147.115000 us
  Sample 45...
Starting computation...
    Writing took     3.688942 ms
    Computation took 202.766050 ms
    Reading took     146.744000 us
  Sample 46...
Starting computation...
    Writing took     3.662194 ms
    Computation took 203.624413 ms
    Reading took     146.202000 us
  Sample 47...
Starting computation...
    Writing took     3.711479 ms
    Computation took 203.684688 ms
    Reading took     223.810000 us
  Sample 48...
Starting computation...
    Writing took     6.316324 ms
    Computation took 203.612191 ms
    Reading took     147.144000 us
  Sample 49...
Starting computation...
    Writing took     3.698239 ms
    Computation took 203.454043 ms
    Reading took     148.834000 us
  Sample 50...
Starting computation...
    Writing took     3.687806 ms
    Computation took 203.614628 ms
    Reading took     147.651000 us
  Sample 51...
Starting computation...
    Writing took     3.669841 ms
    Computation took 204.943044 ms
    Reading took     211.791000 us
  Sample 52...
Starting computation...
    Writing took     6.237274 ms
    Computation took 205.817712 ms
    Reading took     147.830000 us
  Sample 53...
Starting computation...
    Writing took     3.693291 ms
    Computation took 206.712485 ms
    Reading took     155.784000 us
  Sample 54...
Starting computation...
    Writing took     3.716546 ms
    Computation took 208.213955 ms
    Reading took     146.416000 us
  Sample 55...
Starting computation...
    Writing took     3.685549 ms
    Computation took 210.194475 ms
    Reading took     232.175000 us
  Sample 56...
Starting computation...
    Writing took     6.326760 ms
    Computation took 211.717691 ms
    Reading took     120.363000 us
  Sample 57...
Starting computation...
    Writing took     2.850121 ms
    Computation took 212.448925 ms
    Reading took     121.942000 us
  Sample 58...
Starting computation...
    Writing took     3.034590 ms
    Computation took 215.534828 ms
    Reading took     132.556000 us
  Sample 59...
Starting computation...
    Writing took     3.344961 ms
    Computation took 218.572350 ms
    Reading took     127.454000 us
  Sample 60...
Starting computation...
    Writing took     3.063414 ms
    Computation took 218.477748 ms
    Reading took     128.557000 us
  Sample 61...
Starting computation...
    Writing took     3.196008 ms
    Computation took 219.911961 ms
    Reading took     133.692000 us
  Sample 62...
Starting computation...
    Writing took     3.348885 ms
    Computation took 217.362735 ms
    Reading took     132.270000 us
  Sample 63...
Starting computation...
    Writing took     3.169445 ms
    Computation took 214.400944 ms
    Reading took     142.205000 us
  Sample 64...
Starting computation...
    Writing took     3.413516 ms
    Computation took 213.502151 ms
    Reading took     132.632000 us
  Sample 65...
Starting computation...
    Writing took     3.377912 ms
    Computation took 212.079311 ms
    Reading took     136.328000 us
  Sample 66...
Starting computation...
    Writing took     3.257073 ms
    Computation took 211.057066 ms
    Reading took     138.931000 us
  Sample 67...
Starting computation...
    Writing took     3.305793 ms
    Computation took 210.302026 ms
    Reading took     130.582000 us
  Sample 68...
Starting computation...
    Writing took     3.319501 ms
    Computation took 210.704536 ms
    Reading took     134.262000 us
  Sample 69...
Starting computation...
    Writing took     3.191721 ms
    Computation took 209.075182 ms
    Reading took     137.414000 us
  Sample 70...
Starting computation...
    Writing took     3.465292 ms
    Computation took 207.876679 ms
    Reading took     134.350000 us
  Sample 71...
Starting computation...
    Writing took     3.384656 ms
    Computation took 209.559060 ms
    Reading took     137.480000 us
  Sample 72...
Starting computation...
    Writing took     3.334203 ms
    Computation took 208.977342 ms
    Reading took     148.036000 us
  Sample 73...
Starting computation...
    Writing took     3.432773 ms
    Computation took 207.525982 ms
    Reading took     126.893000 us
  Sample 74...
Starting computation...
    Writing took     2.914718 ms
    Computation took 209.211804 ms
    Reading took     161.186000 us
  Sample 75...
Starting computation...
    Writing took     3.980507 ms
    Computation took 210.971010 ms
    Reading took     159.218000 us
  Sample 76...
Starting computation...
    Writing took     4.024157 ms
    Computation took 210.932017 ms
    Reading took     157.576000 us
  Sample 77...
Starting computation...
    Writing took     4.036008 ms
    Computation took 210.742693 ms
    Reading took     130.876000 us
  Sample 78...
Starting computation...
    Writing took     3.185037 ms
    Computation took 209.824080 ms
    Reading took     231.651000 us
  Sample 79...
Starting computation...
    Writing took     6.778071 ms
    Computation took 208.419640 ms
    Reading took     155.062000 us
  Sample 80...
Starting computation...
    Writing took     4.030241 ms
    Computation took 205.150367 ms
    Reading took     156.542000 us
  Sample 81...
Starting computation...
    Writing took     3.962755 ms
    Computation took 203.599727 ms
    Reading took     135.192000 us
  Sample 82...
Starting computation...
    Writing took     3.293010 ms
    Computation took 203.646219 ms
    Reading took     127.989000 us
  Sample 83...
Starting computation...
    Writing took     3.000239 ms
    Computation took 203.655903 ms
    Reading took     146.577000 us
  Sample 84...
Starting computation...
    Writing took     3.663139 ms
    Computation took 203.360723 ms
    Reading took     130.200000 us
  Sample 85...
Starting computation...
    Writing took     3.196369 ms
    Computation took 203.367810 ms
    Reading took     129.660000 us
  Sample 86...
Starting computation...
    Writing took     3.234948 ms
    Computation took 203.826234 ms
    Reading took     132.377000 us
  Sample 87...
Starting computation...
    Writing took     3.355968 ms
    Computation took 204.830736 ms
    Reading took     134.847000 us
  Sample 88...
Starting computation...
    Writing took     3.367509 ms
    Computation took 204.767251 ms
    Reading took     140.067000 us
  Sample 89...
Starting computation...
    Writing took     3.438886 ms
    Computation took 204.417624 ms
    Reading took     141.360000 us
  Sample 90...
Starting computation...
    Writing took     3.604919 ms
    Computation took 204.053776 ms
    Reading took     138.506000 us
  Sample 91...
Starting computation...
    Writing took     3.499458 ms
    Computation took 204.732007 ms
    Reading took     130.831000 us
  Sample 92...
Starting computation...
    Writing took     3.201161 ms
    Computation took 204.854913 ms
    Reading took     139.224000 us
  Sample 93...
Starting computation...
    Writing took     3.535180 ms
    Computation took 204.669015 ms
    Reading took     128.029000 us
  Sample 94...
Starting computation...
    Writing took     3.178250 ms
    Computation took 204.506542 ms
    Reading took     125.190000 us
  Sample 95...
Starting computation...
    Writing took     3.284103 ms
    Computation took 204.685924 ms
    Reading took     127.880000 us
  Sample 96...
Starting computation...
    Writing took     3.108063 ms
    Computation took 204.644326 ms
    Reading took     134.563000 us
  Sample 97...
Starting computation...
    Writing took     3.296442 ms
    Computation took 204.344902 ms
    Reading took     130.366000 us
  Sample 98...
Starting computation...
    Writing took     3.158706 ms
    Computation took 203.579848 ms
    Reading took     148.648000 us
  Sample 99...
Starting computation...
    Writing took     3.731823 ms
    Computation took 203.708793 ms
    Reading took     148.337000 us
Mean computation time: 205.372441 ms
Mean deviation: 3.393960 ms (1.65259%)
Mean computation time (per hash): 4.191273 ms
Mean deviation (per hash): 69.264000 us
