Using device #0: CUDA Device 'GeForce GTX 1080 Ti'
  Sample 0...
Starting computation...
    Writing took     4.626757 ms
    Computation took 234.081266 ms
    Reading took     247.406000 us
  Sample 1...
Starting computation...
    Writing took     6.951647 ms
    Computation took 234.432471 ms
    Reading took     139.331000 us
  Sample 2...
Starting computation...
    Writing took     3.501194 ms
    Computation took 233.995424 ms
    Reading took     148.938000 us
  Sample 3...
Starting computation...
    Writing took     3.705678 ms
    Computation took 233.808654 ms
    Reading took     160.616000 us
  Sample 4...
Starting computation...
    Writing took     4.150703 ms
    Computation took 234.381754 ms
    Reading took     132.134000 us
  Sample 5...
Starting computation...
    Writing took     3.214878 ms
    Computation took 233.799146 ms
    Reading took     127.211000 us
  Sample 6...
Starting computation...
    Writing took     3.119185 ms
    Computation took 234.232019 ms
    Reading took     126.096000 us
  Sample 7...
Starting computation...
    Writing took     3.256835 ms
    Computation took 233.909304 ms
    Reading took     130.351000 us
  Sample 8...
Starting computation...
    Writing took     3.267831 ms
    Computation took 233.695695 ms
    Reading took     135.971000 us
  Sample 9...
Starting computation...
    Writing took     3.473123 ms
    Computation took 234.719111 ms
    Reading took     137.752000 us
  Sample 10...
Starting computation...
    Writing took     3.522843 ms
    Computation took 237.739534 ms
    Reading took     151.523000 us
  Sample 11...
Starting computation...
    Writing took     3.337804 ms
    Computation took 235.774774 ms
    Reading took     142.118000 us
  Sample 12...
Starting computation...
    Writing took     3.455055 ms
    Computation took 234.375714 ms
    Reading took     143.735000 us
  Sample 13...
Starting computation...
    Writing took     3.649357 ms
    Computation took 234.508093 ms
    Reading took     166.991000 us
  Sample 14...
Starting computation...
    Writing took     3.600218 ms
    Computation took 234.592575 ms
    Reading took     143.634000 us
  Sample 15...
Starting computation...
    Writing took     3.788620 ms
    Computation took 235.617802 ms
    Reading took     142.072000 us
  Sample 16...
Starting computation...
    Writing took     3.597820 ms
    Computation took 236.070843 ms
    Reading took     152.409000 us
  Sample 17...
Starting computation...
    Writing took     3.838949 ms
    Computation took 235.790490 ms
    Reading took     160.652000 us
  Sample 18...
Starting computation...
    Writing took     4.181570 ms
    Computation took 236.262953 ms
    Reading took     162.013000 us
  Sample 19...
Starting computation...
    Writing took     4.173123 ms
    Computation took 238.035442 ms
    Reading took     162.286000 us
  Sample 20...
Starting computation...
    Writing took     4.169367 ms
    Computation took 237.210897 ms
    Reading took     161.649000 us
  Sample 21...
Starting computation...
    Writing took     4.178090 ms
    Computation took 236.098315 ms
    Reading took     161.284000 us
  Sample 22...
Starting computation...
    Writing took     4.144142 ms
    Computation took 234.897629 ms
    Reading took     160.302000 us
  Sample 23...
Starting computation...
    Writing took     4.185981 ms
    Computation took 234.463805 ms
    Reading took     161.760000 us
  Sample 24...
Starting computation...
    Writing took     4.151584 ms
    Computation took 233.863319 ms
    Reading took     240.407000 us
  Sample 25...
Starting computation...
    Writing took     6.611314 ms
    Computation took 236.369224 ms
    Reading took     161.239000 us
  Sample 26...
Starting computation...
    Writing took     4.183776 ms
    Computation took 234.583864 ms
    Reading took     159.558000 us
  Sample 27...
Starting computation...
    Writing took     4.177435 ms
    Computation took 235.889918 ms
    Reading took     163.018000 us
  Sample 28...
Starting computation...
    Writing took     4.181958 ms
    Computation took 236.957550 ms
    Reading took     160.657000 us
  Sample 29...
Starting computation...
    Writing took     4.170270 ms
    Computation took 237.052202 ms
    Reading took     164.456000 us
  Sample 30...
Starting computation...
    Writing took     4.169977 ms
    Computation took 236.118153 ms
    Reading took     170.566000 us
  Sample 31...
Starting computation...
    Writing took     4.167945 ms
    Computation took 235.509429 ms
    Reading took     140.507000 us
  Sample 32...
Starting computation...
    Writing took     3.549992 ms
    Computation took 234.543040 ms
    Reading took     147.781000 us
  Sample 33...
Starting computation...
    Writing took     3.846462 ms
    Computation took 234.545101 ms
    Reading took     144.523000 us
  Sample 34...
Starting computation...
    Writing took     3.699525 ms
    Computation took 234.133060 ms
    Reading took     141.199000 us
  Sample 35...
Starting computation...
    Writing took     3.461423 ms
    Computation took 234.438088 ms
    Reading took     138.179000 us
  Sample 36...
Starting computation...
    Writing took     3.295504 ms
    Computation took 235.351408 ms
    Reading took     158.755000 us
  Sample 37...
Starting computation...
    Writing took     3.672752 ms
    Computation took 236.328010 ms
    Reading took     176.700000 us
  Sample 38...
Starting computation...
    Writing took     4.365931 ms
    Computation took 236.877402 ms
    Reading took     164.494000 us
  Sample 39...
Starting computation...
    Writing took     3.838371 ms
    Computation took 238.110907 ms
    Reading took     151.155000 us
  Sample 40...
Starting computation...
    Writing took     3.713169 ms
    Computation took 236.644127 ms
    Reading took     150.752000 us
  Sample 41...
Starting computation...
    Writing took     3.662007 ms
    Computation took 235.021187 ms
    Reading took     152.290000 us
  Sample 42...
Starting computation...
    Writing took     3.734388 ms
    Computation took 233.951486 ms
    Reading took     144.930000 us
  Sample 43...
Starting computation...
    Writing took     3.812025 ms
    Computation took 234.202867 ms
    Reading took     145.694000 us
  Sample 44...
Starting computation...
    Writing took     3.613740 ms
    Computation took 233.814891 ms
    Reading took     290.483000 us
  Sample 45...
Starting computation...
    Writing took     7.841589 ms
    Computation took 234.521108 ms
    Reading took     188.626000 us
  Sample 46...
Starting computation...
    Writing took     4.506041 ms
    Computation took 233.820642 ms
    Reading took     172.786000 us
  Sample 47...
Starting computation...
    Writing took     4.413716 ms
    Computation took 234.222585 ms
    Reading took     141.617000 us
  Sample 48...
Starting computation...
    Writing took     3.535393 ms
    Computation took 234.067051 ms
    Reading took     144.995000 us
  Sample 49...
Starting computation...
    Writing took     3.410360 ms
    Computation took 234.854997 ms
    Reading took     133.743000 us
  Sample 50...
Starting computation...
    Writing took     3.286678 ms
    Computation took 235.672900 ms
    Reading took     240.667000 us
  Sample 51...
Starting computation...
    Writing took     6.699649 ms
    Computation took 235.970147 ms
    Reading took     160.322000 us
  Sample 52...
Starting computation...
    Writing took     4.138892 ms
    Computation took 234.629578 ms
    Reading took     253.143000 us
  Sample 53...
Starting computation...
    Writing took     6.361011 ms
    Computation took 234.422589 ms
    Reading took     162.630000 us
  Sample 54...
Starting computation...
    Writing took     4.112432 ms
    Computation took 234.435376 ms
    Reading took     161.386000 us
  Sample 55...
Starting computation...
    Writing took     4.170817 ms
    Computation took 236.246618 ms
    Reading took     204.612000 us
  Sample 56...
Starting computation...
    Writing took     4.149658 ms
    Computation took 238.300393 ms
    Reading took     160.556000 us
  Sample 57...
Starting computation...
    Writing took     4.192433 ms
    Computation took 238.893243 ms
    Reading took     160.758000 us
  Sample 58...
Starting computation...
    Writing took     4.175917 ms
    Computation took 235.566565 ms
    Reading took     160.466000 us
  Sample 59...
Starting computation...
    Writing took     4.167505 ms
    Computation took 234.913738 ms
    Reading took     159.221000 us
  Sample 60...
Starting computation...
    Writing took     4.148949 ms
    Computation took 234.686955 ms
    Reading took     163.667000 us
  Sample 61...
Starting computation...
    Writing took     4.155243 ms
    Computation took 235.127035 ms
    Reading took     163.500000 us
  Sample 62...
Starting computation...
    Writing took     4.159877 ms
    Computation took 236.177409 ms
    Reading took     160.806000 us
  Sample 63...
Starting computation...
    Writing took     4.158931 ms
    Computation took 239.789440 ms
    Reading took     163.982000 us
  Sample 64...
Starting computation...
    Writing took     4.154646 ms
    Computation took 237.054674 ms
    Reading took     160.439000 us
  Sample 65...
Starting computation...
    Writing took     4.179689 ms
    Computation took 235.493894 ms
    Reading took     267.707000 us
  Sample 66...
Starting computation...
    Writing took     7.399766 ms
    Computation took 234.919034 ms
    Reading took     160.442000 us
  Sample 67...
Starting computation...
    Writing took     4.149348 ms
    Computation took 236.006059 ms
    Reading took     160.100000 us
  Sample 68...
Starting computation...
    Writing took     4.136272 ms
    Computation took 237.378151 ms
    Reading took     162.689000 us
  Sample 69...
Starting computation...
    Writing took     4.168719 ms
    Computation took 236.786018 ms
    Reading took     161.282000 us
  Sample 70...
Starting computation...
    Writing took     4.172506 ms
    Computation took 234.933960 ms
    Reading took     160.396000 us
  Sample 71...
Starting computation...
    Writing took     4.200390 ms
    Computation took 234.148104 ms
    Reading took     162.324000 us
  Sample 72...
Starting computation...
    Writing took     4.142105 ms
    Computation took 234.251449 ms
    Reading took     159.815000 us
  Sample 73...
Starting computation...
    Writing took     4.145976 ms
    Computation took 234.405194 ms
    Reading took     159.510000 us
  Sample 74...
Starting computation...
    Writing took     4.153091 ms
    Computation took 233.884398 ms
    Reading took     167.439000 us
  Sample 75...
Starting computation...
    Writing took     3.964867 ms
    Computation took 234.512826 ms
    Reading took     154.850000 us
  Sample 76...
Starting computation...
    Writing took     3.985174 ms
    Computation took 234.399199 ms
    Reading took     158.539000 us
  Sample 77...
Starting computation...
    Writing took     4.176179 ms
    Computation took 234.332834 ms
    Reading took     155.178000 us
  Sample 78...
Starting computation...
    Writing took     3.723895 ms
    Computation took 235.962787 ms
    Reading took     159.087000 us
  Sample 79...
Starting computation...
    Writing took     3.876260 ms
    Computation took 237.104594 ms
    Reading took     147.158000 us
  Sample 80...
Starting computation...
    Writing took     3.675644 ms
    Computation took 235.959552 ms
    Reading took     161.446000 us
  Sample 81...
Starting computation...
    Writing took     4.164560 ms
    Computation took 235.808499 ms
    Reading took     160.509000 us
  Sample 82...
Starting computation...
    Writing took     4.186974 ms
    Computation took 234.654274 ms
    Reading took     169.302000 us
  Sample 83...
Starting computation...
    Writing took     4.170544 ms
    Computation took 236.606343 ms
    Reading took     160.374000 us
  Sample 84...
Starting computation...
    Writing took     4.172907 ms
    Computation took 238.161120 ms
    Reading took     160.351000 us
  Sample 85...
Starting computation...
    Writing took     4.168927 ms
    Computation took 238.491278 ms
    Reading took     161.863000 us
  Sample 86...
Starting computation...
    Writing took     4.175157 ms
    Computation took 237.371591 ms
    Reading took     247.142000 us
  Sample 87...
Starting computation...
    Writing took     6.891290 ms
    Computation took 234.835862 ms
    Reading took     159.601000 us
  Sample 88...
Starting computation...
    Writing took     4.230050 ms
    Computation took 234.196558 ms
    Reading took     160.154000 us
  Sample 89...
Starting computation...
    Writing took     4.181078 ms
    Computation took 234.150083 ms
    Reading took     132.150000 us
  Sample 90...
Starting computation...
    Writing took     3.232242 ms
    Computation took 234.515198 ms
    Reading took     138.162000 us
  Sample 91...
Starting computation...
    Writing took     3.433133 ms
    Computation took 234.930797 ms
    Reading took     130.653000 us
  Sample 92...
Starting computation...
    Writing took     3.219505 ms
    Computation took 233.833166 ms
    Reading took     130.111000 us
  Sample 93...
Starting computation...
    Writing took     3.254167 ms
    Computation took 233.768665 ms
    Reading took     210.647000 us
  Sample 94...
Starting computation...
    Writing took     6.064511 ms
    Computation took 234.443964 ms
    Reading took     160.631000 us
  Sample 95...
Starting computation...
    Writing took     4.163654 ms
    Computation took 234.226682 ms
    Reading took     159.862000 us
  Sample 96...
Starting computation...
    Writing took     4.996894 ms
    Computation took 234.367695 ms
    Reading took     163.355000 us
  Sample 97...
Starting computation...
    Writing took     4.182013 ms
    Computation took 233.985750 ms
    Reading took     255.536000 us
  Sample 98...
Starting computation...
    Writing took     5.942092 ms
    Computation took 234.244624 ms
    Reading took     159.178000 us
  Sample 99...
Starting computation...
    Writing took     4.200364 ms
    Computation took 234.523057 ms
    Reading took     237.239000 us
Mean computation time: 235.317652 ms
Mean deviation: 1.131738 ms (0.480941%)
Mean computation time (per hash): 4.357733 ms
Mean deviation (per hash): 20.957000 us
