Using device #0: CUDA Device 'GeForce GTX 1080 Ti'
  Sample 0...
Starting computation...
    Writing took     8.754275 ms
    Computation took 352.340322 ms
    Reading took     392.864000 us
  Sample 1...
Starting computation...
    Writing took     11.536878 ms
    Computation took 352.990089 ms
    Reading took     286.413000 us
  Sample 2...
Starting computation...
    Writing took     8.168728 ms
    Computation took 352.589678 ms
    Reading took     298.862000 us
  Sample 3...
Starting computation...
    Writing took     8.279711 ms
    Computation took 352.512500 ms
    Reading took     288.670000 us
  Sample 4...
Starting computation...
    Writing took     8.910478 ms
    Computation took 352.701695 ms
    Reading took     281.823000 us
  Sample 5...
Starting computation...
    Writing took     7.805269 ms
    Computation took 352.117213 ms
    Reading took     279.908000 us
  Sample 6...
Starting computation...
    Writing took     7.812672 ms
    Computation took 352.865459 ms
    Reading took     287.116000 us
  Sample 7...
Starting computation...
    Writing took     10.488113 ms
    Computation took 353.170661 ms
    Reading took     357.404000 us
  Sample 8...
Starting computation...
    Writing took     9.319114 ms
    Computation took 353.770331 ms
    Reading took     397.088000 us
  Sample 9...
Starting computation...
    Writing took     8.286612 ms
    Computation took 353.211438 ms
    Reading took     479.029000 us
  Sample 10...
Starting computation...
    Writing took     14.485761 ms
    Computation took 353.099138 ms
    Reading took     314.669000 us
  Sample 11...
Starting computation...
    Writing took     8.605693 ms
    Computation took 352.826205 ms
    Reading took     401.256000 us
  Sample 12...
Starting computation...
    Writing took     12.320649 ms
    Computation took 352.657480 ms
    Reading took     270.925000 us
  Sample 13...
Starting computation...
    Writing took     7.800956 ms
    Computation took 352.448344 ms
    Reading took     281.667000 us
  Sample 14...
Starting computation...
    Writing took     7.851785 ms
    Computation took 352.955532 ms
    Reading took     282.457000 us
  Sample 15...
Starting computation...
    Writing took     7.509894 ms
    Computation took 352.215929 ms
    Reading took     287.123000 us
  Sample 16...
Starting computation...
    Writing took     7.992213 ms
    Computation took 352.606765 ms
    Reading took     290.615000 us
  Sample 17...
Starting computation...
    Writing took     7.671313 ms
    Computation took 353.016593 ms
    Reading took     277.946000 us
  Sample 18...
Starting computation...
    Writing took     7.877678 ms
    Computation took 352.529131 ms
    Reading took     268.862000 us
  Sample 19...
Starting computation...
    Writing took     7.498797 ms
    Computation took 352.378107 ms
    Reading took     268.947000 us
  Sample 20...
Starting computation...
    Writing took     7.426082 ms
    Computation took 352.519683 ms
    Reading took     261.420000 us
  Sample 21...
Starting computation...
    Writing took     7.261762 ms
    Computation took 353.084267 ms
    Reading took     279.591000 us
  Sample 22...
Starting computation...
    Writing took     7.769838 ms
    Computation took 354.160127 ms
    Reading took     278.194000 us
  Sample 23...
Starting computation...
    Writing took     7.637194 ms
    Computation took 353.805784 ms
    Reading took     280.312000 us
  Sample 24...
Starting computation...
    Writing took     7.836940 ms
    Computation took 353.810666 ms
    Reading took     281.319000 us
  Sample 25...
Starting computation...
    Writing took     7.708353 ms
    Computation took 355.041175 ms
    Reading took     278.050000 us
  Sample 26...
Starting computation...
    Writing took     7.849419 ms
    Computation took 354.535508 ms
    Reading took     281.223000 us
  Sample 27...
Starting computation...
    Writing took     7.791237 ms
    Computation took 354.130417 ms
    Reading took     278.862000 us
  Sample 28...
Starting computation...
    Writing took     7.718021 ms
    Computation took 353.938432 ms
    Reading took     281.203000 us
  Sample 29...
Starting computation...
    Writing took     7.856363 ms
    Computation took 353.844622 ms
    Reading took     326.711000 us
  Sample 30...
Starting computation...
    Writing took     9.051769 ms
    Computation took 354.064116 ms
    Reading took     335.086000 us
  Sample 31...
Starting computation...
    Writing took     9.081699 ms
    Computation took 353.222232 ms
    Reading took     525.645000 us
  Sample 32...
Starting computation...
    Writing took     15.762071 ms
    Computation took 352.615409 ms
    Reading took     496.723000 us
  Sample 33...
Starting computation...
    Writing took     8.091327 ms
    Computation took 352.690015 ms
    Reading took     286.265000 us
  Sample 34...
Starting computation...
    Writing took     7.751058 ms
    Computation took 353.243759 ms
    Reading took     281.923000 us
  Sample 35...
Starting computation...
    Writing took     7.811434 ms
    Computation took 353.235849 ms
    Reading took     289.091000 us
  Sample 36...
Starting computation...
    Writing took     7.667171 ms
    Computation took 354.326639 ms
    Reading took     277.875000 us
  Sample 37...
Starting computation...
    Writing took     7.756344 ms
    Computation took 353.768519 ms
    Reading took     534.809000 us
  Sample 38...
Starting computation...
    Writing took     18.310014 ms
    Computation took 353.293205 ms
    Reading took     328.129000 us
  Sample 39...
Starting computation...
    Writing took     8.331470 ms
    Computation took 354.254287 ms
    Reading took     318.550000 us
  Sample 40...
Starting computation...
    Writing took     8.343733 ms
    Computation took 354.887146 ms
    Reading took     315.119000 us
  Sample 41...
Starting computation...
    Writing took     8.361320 ms
    Computation took 354.449953 ms
    Reading took     318.179000 us
  Sample 42...
Starting computation...
    Writing took     8.357668 ms
    Computation took 352.698933 ms
    Reading took     314.534000 us
  Sample 43...
Starting computation...
    Writing took     8.337542 ms
    Computation took 353.379311 ms
    Reading took     488.850000 us
  Sample 44...
Starting computation...
    Writing took     13.884634 ms
    Computation took 353.904519 ms
    Reading took     315.930000 us
  Sample 45...
Starting computation...
    Writing took     12.890024 ms
    Computation took 353.633468 ms
    Reading took     498.764000 us
  Sample 46...
Starting computation...
    Writing took     13.969814 ms
    Computation took 353.671798 ms
    Reading took     309.980000 us
  Sample 47...
Starting computation...
    Writing took     8.125554 ms
    Computation took 352.969505 ms
    Reading took     315.903000 us
  Sample 48...
Starting computation...
    Writing took     8.490358 ms
    Computation took 353.185885 ms
    Reading took     323.331000 us
  Sample 49...
Starting computation...
    Writing took     8.334721 ms
    Computation took 353.111957 ms
    Reading took     312.544000 us
  Sample 50...
Starting computation...
    Writing took     8.437285 ms
    Computation took 353.111369 ms
    Reading took     430.932000 us
  Sample 51...
Starting computation...
    Writing took     8.358472 ms
    Computation took 352.621069 ms
    Reading took     322.719000 us
  Sample 52...
Starting computation...
    Writing took     8.375091 ms
    Computation took 353.181300 ms
    Reading took     316.299000 us
  Sample 53...
Starting computation...
    Writing took     8.345018 ms
    Computation took 353.019594 ms
    Reading took     317.793000 us
  Sample 54...
Starting computation...
    Writing took     8.362877 ms
    Computation took 352.448380 ms
    Reading took     315.784000 us
  Sample 55...
Starting computation...
    Writing took     8.357334 ms
    Computation took 352.664941 ms
    Reading took     316.467000 us
  Sample 56...
Starting computation...
    Writing took     8.296053 ms
    Computation took 353.235850 ms
    Reading took     315.539000 us
  Sample 57...
Starting computation...
    Writing took     8.347358 ms
    Computation took 353.362272 ms
    Reading took     316.124000 us
  Sample 58...
Starting computation...
    Writing took     8.445147 ms
    Computation took 354.342936 ms
    Reading took     316.480000 us
  Sample 59...
Starting computation...
    Writing took     8.460185 ms
    Computation took 353.950762 ms
    Reading took     322.189000 us
  Sample 60...
Starting computation...
    Writing took     8.449264 ms
    Computation took 353.555670 ms
    Reading took     319.735000 us
  Sample 61...
Starting computation...
    Writing took     8.337780 ms
    Computation took 354.206668 ms
    Reading took     314.436000 us
  Sample 62...
Starting computation...
    Writing took     8.342362 ms
    Computation took 356.835356 ms
    Reading took     314.542000 us
  Sample 63...
Starting computation...
    Writing took     8.329247 ms
    Computation took 354.558210 ms
    Reading took     317.110000 us
  Sample 64...
Starting computation...
    Writing took     9.616531 ms
    Computation took 353.048424 ms
    Reading took     340.884000 us
  Sample 65...
Starting computation...
    Writing took     8.741919 ms
    Computation took 353.897555 ms
    Reading took     315.353000 us
  Sample 66...
Starting computation...
    Writing took     8.341394 ms
    Computation took 354.219253 ms
    Reading took     315.210000 us
  Sample 67...
Starting computation...
    Writing took     8.337152 ms
    Computation took 354.158025 ms
    Reading took     315.327000 us
  Sample 68...
Starting computation...
    Writing took     9.294184 ms
    Computation took 353.187188 ms
    Reading took     314.316000 us
  Sample 69...
Starting computation...
    Writing took     8.781606 ms
    Computation took 353.749699 ms
    Reading took     315.556000 us
  Sample 70...
Starting computation...
    Writing took     8.360046 ms
    Computation took 354.114497 ms
    Reading took     314.082000 us
  Sample 71...
Starting computation...
    Writing took     9.400987 ms
    Computation took 353.278162 ms
    Reading took     314.809000 us
  Sample 72...
Starting computation...
    Writing took     8.357729 ms
    Computation took 353.834622 ms
    Reading took     315.650000 us
  Sample 73...
Starting computation...
    Writing took     8.363262 ms
    Computation took 353.294971 ms
    Reading took     340.066000 us
  Sample 74...
Starting computation...
    Writing took     9.080758 ms
    Computation took 354.027616 ms
    Reading took     314.470000 us
  Sample 75...
Starting computation...
    Writing took     8.367134 ms
    Computation took 353.884444 ms
    Reading took     314.566000 us
  Sample 76...
Starting computation...
    Writing took     8.343204 ms
    Computation took 352.835966 ms
    Reading took     314.179000 us
  Sample 77...
Starting computation...
    Writing took     8.323852 ms
    Computation took 352.769348 ms
    Reading took     316.585000 us
  Sample 78...
Starting computation...
    Writing took     8.412384 ms
    Computation took 353.928234 ms
    Reading took     317.637000 us
  Sample 79...
Starting computation...
    Writing took     8.332269 ms
    Computation took 353.766781 ms
    Reading took     312.740000 us
  Sample 80...
Starting computation...
    Writing took     8.334820 ms
    Computation took 355.696283 ms
    Reading took     317.812000 us
  Sample 81...
Starting computation...
    Writing took     8.361764 ms
    Computation took 354.405217 ms
    Reading took     448.212000 us
  Sample 82...
Starting computation...
    Writing took     9.888530 ms
    Computation took 353.150824 ms
    Reading took     394.099000 us
  Sample 83...
Starting computation...
    Writing took     9.816115 ms
    Computation took 353.052897 ms
    Reading took     328.987000 us
  Sample 84...
Starting computation...
    Writing took     8.339036 ms
    Computation took 353.659590 ms
    Reading took     315.660000 us
  Sample 85...
Starting computation...
    Writing took     8.386370 ms
    Computation took 352.934249 ms
    Reading took     329.877000 us
  Sample 86...
Starting computation...
    Writing took     8.353073 ms
    Computation took 353.023286 ms
    Reading took     313.858000 us
  Sample 87...
Starting computation...
    Writing took     8.375576 ms
    Computation took 352.496795 ms
    Reading took     314.187000 us
  Sample 88...
Starting computation...
    Writing took     8.353708 ms
    Computation took 352.870657 ms
    Reading took     316.200000 us
  Sample 89...
Starting computation...
    Writing took     8.349667 ms
    Computation took 353.028151 ms
    Reading took     321.831000 us
  Sample 90...
Starting computation...
    Writing took     8.360207 ms
    Computation took 352.113942 ms
    Reading took     314.814000 us
  Sample 91...
Starting computation...
    Writing took     8.319319 ms
    Computation took 353.201932 ms
    Reading took     314.890000 us
  Sample 92...
Starting computation...
    Writing took     8.355309 ms
    Computation took 353.990424 ms
    Reading took     317.370000 us
  Sample 93...
Starting computation...
    Writing took     8.356353 ms
    Computation took 354.787145 ms
    Reading took     459.158000 us
  Sample 94...
Starting computation...
    Writing took     9.593843 ms
    Computation took 354.257351 ms
    Reading took     315.486000 us
  Sample 95...
Starting computation...
    Writing took     8.305600 ms
    Computation took 354.868540 ms
    Reading took     315.980000 us
  Sample 96...
Starting computation...
    Writing took     8.321304 ms
    Computation took 354.779278 ms
    Reading took     317.282000 us
  Sample 97...
Starting computation...
    Writing took     8.338395 ms
    Computation took 355.318978 ms
    Reading took     314.273000 us
  Sample 98...
Starting computation...
    Writing took     8.361363 ms
    Computation took 354.635326 ms
    Reading took     315.642000 us
  Sample 99...
Starting computation...
    Writing took     10.119986 ms
    Computation took 355.044376 ms
    Reading took     314.479000 us
Mean computation time: 353.508841 ms
Mean deviation: 691.448000 us (0.195596%)
Mean computation time (per hash): 3.156328 ms
Mean deviation (per hash): 6.173000 us
