Using device #0: CUDA Device 'GeForce GTX 1080 Ti'
  Sample 0...
Starting computation...
    Writing took     6.153412 ms
    Computation took 273.472740 ms
    Reading took     250.007000 us
  Sample 1...
Starting computation...
    Writing took     6.850703 ms
    Computation took 273.364257 ms
    Reading took     228.373000 us
  Sample 2...
Starting computation...
    Writing took     6.285831 ms
    Computation took 274.036285 ms
    Reading took     230.651000 us
  Sample 3...
Starting computation...
    Writing took     5.665990 ms
    Computation took 273.776759 ms
    Reading took     205.478000 us
  Sample 4...
Starting computation...
    Writing took     5.732786 ms
    Computation took 273.482985 ms
    Reading took     219.512000 us
  Sample 5...
Starting computation...
    Writing took     6.163856 ms
    Computation took 274.475134 ms
    Reading took     223.236000 us
  Sample 6...
Starting computation...
    Writing took     6.157034 ms
    Computation took 276.792497 ms
    Reading took     219.813000 us
  Sample 7...
Starting computation...
    Writing took     5.989658 ms
    Computation took 276.533973 ms
    Reading took     228.272000 us
  Sample 8...
Starting computation...
    Writing took     6.300450 ms
    Computation took 275.471563 ms
    Reading took     244.536000 us
  Sample 9...
Starting computation...
    Writing took     6.255268 ms
    Computation took 275.703860 ms
    Reading took     220.626000 us
  Sample 10...
Starting computation...
    Writing took     6.080793 ms
    Computation took 275.677534 ms
    Reading took     225.660000 us
  Sample 11...
Starting computation...
    Writing took     6.342195 ms
    Computation took 275.812283 ms
    Reading took     244.550000 us
  Sample 12...
Starting computation...
    Writing took     6.287786 ms
    Computation took 276.007478 ms
    Reading took     227.755000 us
  Sample 13...
Starting computation...
    Writing took     6.271870 ms
    Computation took 276.930466 ms
    Reading took     213.457000 us
  Sample 14...
Starting computation...
    Writing took     5.825586 ms
    Computation took 278.450295 ms
    Reading took     214.104000 us
  Sample 15...
Starting computation...
    Writing took     5.835874 ms
    Computation took 277.798748 ms
    Reading took     219.700000 us
  Sample 16...
Starting computation...
    Writing took     5.999093 ms
    Computation took 276.978532 ms
    Reading took     204.529000 us
  Sample 17...
Starting computation...
    Writing took     5.587781 ms
    Computation took 275.292571 ms
    Reading took     226.932000 us
  Sample 18...
Starting computation...
    Writing took     6.291314 ms
    Computation took 275.098653 ms
    Reading took     245.798000 us
  Sample 19...
Starting computation...
    Writing took     6.845386 ms
    Computation took 274.640458 ms
    Reading took     245.322000 us
  Sample 20...
Starting computation...
    Writing took     6.831621 ms
    Computation took 273.353339 ms
    Reading took     227.836000 us
  Sample 21...
Starting computation...
    Writing took     7.350699 ms
    Computation took 273.703835 ms
    Reading took     228.805000 us
  Sample 22...
Starting computation...
    Writing took     6.515115 ms
    Computation took 274.046921 ms
    Reading took     244.735000 us
  Sample 23...
Starting computation...
    Writing took     6.815741 ms
    Computation took 273.966450 ms
    Reading took     225.522000 us
  Sample 24...
Starting computation...
    Writing took     6.274590 ms
    Computation took 273.806414 ms
    Reading took     227.399000 us
  Sample 25...
Starting computation...
    Writing took     6.267778 ms
    Computation took 274.061512 ms
    Reading took     225.651000 us
  Sample 26...
Starting computation...
    Writing took     6.274751 ms
    Computation took 274.910514 ms
    Reading took     227.898000 us
  Sample 27...
Starting computation...
    Writing took     6.278706 ms
    Computation took 274.739870 ms
    Reading took     227.300000 us
  Sample 28...
Starting computation...
    Writing took     6.281525 ms
    Computation took 275.381154 ms
    Reading took     233.431000 us
  Sample 29...
Starting computation...
    Writing took     8.028112 ms
    Computation took 276.047732 ms
    Reading took     374.097000 us
  Sample 30...
Starting computation...
    Writing took     10.916696 ms
    Computation took 277.743219 ms
    Reading took     287.184000 us
  Sample 31...
Starting computation...
    Writing took     9.440439 ms
    Computation took 276.888175 ms
    Reading took     233.144000 us
  Sample 32...
Starting computation...
    Writing took     6.481440 ms
    Computation took 276.932148 ms
    Reading took     230.348000 us
  Sample 33...
Starting computation...
    Writing took     6.278695 ms
    Computation took 276.747108 ms
    Reading took     227.364000 us
  Sample 34...
Starting computation...
    Writing took     6.262564 ms
    Computation took 278.034420 ms
    Reading took     255.590000 us
  Sample 35...
Starting computation...
    Writing took     6.938102 ms
    Computation took 279.719445 ms
    Reading took     253.878000 us
  Sample 36...
Starting computation...
    Writing took     7.981006 ms
    Computation took 276.973827 ms
    Reading took     241.951000 us
  Sample 37...
Starting computation...
    Writing took     6.912604 ms
    Computation took 276.684704 ms
    Reading took     227.161000 us
  Sample 38...
Starting computation...
    Writing took     6.365298 ms
    Computation took 276.722979 ms
    Reading took     296.775000 us
  Sample 39...
Starting computation...
    Writing took     8.742103 ms
    Computation took 277.076969 ms
    Reading took     229.676000 us
  Sample 40...
Starting computation...
    Writing took     6.245711 ms
    Computation took 277.430154 ms
    Reading took     239.265000 us
  Sample 41...
Starting computation...
    Writing took     7.344863 ms
    Computation took 276.832257 ms
    Reading took     226.656000 us
  Sample 42...
Starting computation...
    Writing took     6.256370 ms
    Computation took 276.720943 ms
    Reading took     206.803000 us
  Sample 43...
Starting computation...
    Writing took     5.689008 ms
    Computation took 276.444349 ms
    Reading took     213.363000 us
  Sample 44...
Starting computation...
    Writing took     5.919402 ms
    Computation took 276.437702 ms
    Reading took     260.478000 us
  Sample 45...
Starting computation...
    Writing took     6.819714 ms
    Computation took 276.419037 ms
    Reading took     227.937000 us
  Sample 46...
Starting computation...
    Writing took     6.290387 ms
    Computation took 274.993930 ms
    Reading took     227.270000 us
  Sample 47...
Starting computation...
    Writing took     6.262798 ms
    Computation took 275.104259 ms
    Reading took     214.447000 us
  Sample 48...
Starting computation...
    Writing took     6.323142 ms
    Computation took 276.822585 ms
    Reading took     208.116000 us
  Sample 49...
Starting computation...
    Writing took     5.586486 ms
    Computation took 276.891318 ms
    Reading took     227.373000 us
  Sample 50...
Starting computation...
    Writing took     6.272272 ms
    Computation took 277.840900 ms
    Reading took     217.433000 us
  Sample 51...
Starting computation...
    Writing took     5.854517 ms
    Computation took 278.268813 ms
    Reading took     244.216000 us
  Sample 52...
Starting computation...
    Writing took     6.842263 ms
    Computation took 278.002023 ms
    Reading took     244.859000 us
  Sample 53...
Starting computation...
    Writing took     6.431970 ms
    Computation took 275.977104 ms
    Reading took     228.136000 us
  Sample 54...
Starting computation...
    Writing took     7.296401 ms
    Computation took 274.653611 ms
    Reading took     213.980000 us
  Sample 55...
Starting computation...
    Writing took     6.514825 ms
    Computation took 273.929794 ms
    Reading took     236.581000 us
  Sample 56...
Starting computation...
    Writing took     7.101368 ms
    Computation took 274.036676 ms
    Reading took     226.687000 us
  Sample 57...
Starting computation...
    Writing took     5.675068 ms
    Computation took 273.832110 ms
    Reading took     227.173000 us
  Sample 58...
Starting computation...
    Writing took     6.260571 ms
    Computation took 273.453720 ms
    Reading took     227.946000 us
  Sample 59...
Starting computation...
    Writing took     6.263753 ms
    Computation took 273.987277 ms
    Reading took     288.393000 us
  Sample 60...
Starting computation...
    Writing took     7.239975 ms
    Computation took 274.726220 ms
    Reading took     229.658000 us
  Sample 61...
Starting computation...
    Writing took     5.813851 ms
    Computation took 276.573311 ms
    Reading took     278.096000 us
  Sample 62...
Starting computation...
    Writing took     7.885034 ms
    Computation took 275.982659 ms
    Reading took     246.180000 us
  Sample 63...
Starting computation...
    Writing took     6.842419 ms
    Computation took 274.509859 ms
    Reading took     244.766000 us
  Sample 64...
Starting computation...
    Writing took     6.821714 ms
    Computation took 274.239101 ms
    Reading took     226.279000 us
  Sample 65...
Starting computation...
    Writing took     6.296634 ms
    Computation took 273.825432 ms
    Reading took     238.818000 us
  Sample 66...
Starting computation...
    Writing took     6.352353 ms
    Computation took 273.581041 ms
    Reading took     254.584000 us
  Sample 67...
Starting computation...
    Writing took     6.451532 ms
    Computation took 274.070296 ms
    Reading took     291.710000 us
  Sample 68...
Starting computation...
    Writing took     6.550731 ms
    Computation took 275.788414 ms
    Reading took     240.424000 us
  Sample 69...
Starting computation...
    Writing took     6.356197 ms
    Computation took 277.083009 ms
    Reading took     263.045000 us
  Sample 70...
Starting computation...
    Writing took     6.370549 ms
    Computation took 277.071660 ms
    Reading took     238.137000 us
  Sample 71...
Starting computation...
    Writing took     6.262524 ms
    Computation took 276.660667 ms
    Reading took     238.495000 us
  Sample 72...
Starting computation...
    Writing took     6.294012 ms
    Computation took 276.926181 ms
    Reading took     378.911000 us
  Sample 73...
Starting computation...
    Writing took     7.719313 ms
    Computation took 276.668674 ms
    Reading took     238.551000 us
  Sample 74...
Starting computation...
    Writing took     6.293558 ms
    Computation took 275.285367 ms
    Reading took     238.695000 us
  Sample 75...
Starting computation...
    Writing took     6.327640 ms
    Computation took 275.602334 ms
    Reading took     238.972000 us
  Sample 76...
Starting computation...
    Writing took     6.305667 ms
    Computation took 275.925655 ms
    Reading took     258.086000 us
  Sample 77...
Starting computation...
    Writing took     6.898108 ms
    Computation took 277.315286 ms
    Reading took     269.187000 us
  Sample 78...
Starting computation...
    Writing took     6.856035 ms
    Computation took 277.647167 ms
    Reading took     237.735000 us
  Sample 79...
Starting computation...
    Writing took     6.307084 ms
    Computation took 277.793325 ms
    Reading took     239.881000 us
  Sample 80...
Starting computation...
    Writing took     6.336832 ms
    Computation took 279.070855 ms
    Reading took     230.662000 us
  Sample 81...
Starting computation...
    Writing took     6.185160 ms
    Computation took 280.037922 ms
    Reading took     240.313000 us
  Sample 82...
Starting computation...
    Writing took     6.340886 ms
    Computation took 282.390158 ms
    Reading took     232.320000 us
  Sample 83...
Starting computation...
    Writing took     6.200081 ms
    Computation took 282.466421 ms
    Reading took     241.926000 us
  Sample 84...
Starting computation...
    Writing took     6.271062 ms
    Computation took 280.546072 ms
    Reading took     238.052000 us
  Sample 85...
Starting computation...
    Writing took     6.354850 ms
    Computation took 279.807694 ms
    Reading took     236.732000 us
  Sample 86...
Starting computation...
    Writing took     6.319091 ms
    Computation took 278.071114 ms
    Reading took     247.120000 us
  Sample 87...
Starting computation...
    Writing took     7.616808 ms
    Computation took 275.036509 ms
    Reading took     319.973000 us
  Sample 88...
Starting computation...
    Writing took     7.001348 ms
    Computation took 275.689825 ms
    Reading took     241.847000 us
  Sample 89...
Starting computation...
    Writing took     7.349424 ms
    Computation took 274.775713 ms
    Reading took     239.476000 us
  Sample 90...
Starting computation...
    Writing took     8.288304 ms
    Computation took 275.951991 ms
    Reading took     237.401000 us
  Sample 91...
Starting computation...
    Writing took     6.374618 ms
    Computation took 276.589060 ms
    Reading took     216.938000 us
  Sample 92...
Starting computation...
    Writing took     5.669739 ms
    Computation took 276.567200 ms
    Reading took     266.740000 us
  Sample 93...
Starting computation...
    Writing took     6.268892 ms
    Computation took 277.495494 ms
    Reading took     240.743000 us
  Sample 94...
Starting computation...
    Writing took     9.253527 ms
    Computation took 278.277920 ms
    Reading took     239.701000 us
  Sample 95...
Starting computation...
    Writing took     6.316034 ms
    Computation took 287.401907 ms
    Reading took     322.851000 us
  Sample 96...
Starting computation...
    Writing took     6.650350 ms
    Computation took 289.638839 ms
    Reading took     238.986000 us
  Sample 97...
Starting computation...
    Writing took     11.361970 ms
    Computation took 288.699838 ms
    Reading took     226.060000 us
  Sample 98...
Starting computation...
    Writing took     6.919936 ms
    Computation took 283.908304 ms
    Reading took     259.726000 us
  Sample 99...
Starting computation...
    Writing took     7.943537 ms
    Computation took 282.334863 ms
    Reading took     299.598000 us
Mean computation time: 276.674497 ms
Mean deviation: 1.925263 ms (0.695858%)
Mean computation time (per hash): 3.293743 ms
Mean deviation (per hash): 22.919000 us
