Using device #0: CUDA Device 'GeForce GTX 1080 Ti'
  Sample 0...
Starting computation...
    Writing took     1.549722 ms
    Computation took 187.054357 ms
    Reading took     103.373000 us
  Sample 1...
Starting computation...
    Writing took     2.663938 ms
    Computation took 186.900224 ms
    Reading took     63.919000 us
  Sample 2...
Starting computation...
    Writing took     1.669612 ms
    Computation took 186.855726 ms
    Reading took     64.054000 us
  Sample 3...
Starting computation...
    Writing took     1.669389 ms
    Computation took 186.857476 ms
    Reading took     66.571000 us
  Sample 4...
Starting computation...
    Writing took     1.730682 ms
    Computation took 186.859481 ms
    Reading took     55.142000 us
  Sample 5...
Starting computation...
    Writing took     1.233673 ms
    Computation took 186.874907 ms
    Reading took     55.271000 us
  Sample 6...
Starting computation...
    Writing took     1.229661 ms
    Computation took 186.830733 ms
    Reading took     54.607000 us
  Sample 7...
Starting computation...
    Writing took     1.189015 ms
    Computation took 186.837552 ms
    Reading took     59.109000 us
  Sample 8...
Starting computation...
    Writing took     1.384548 ms
    Computation took 186.863681 ms
    Reading took     99.340000 us
  Sample 9...
Starting computation...
    Writing took     2.648281 ms
    Computation took 186.906950 ms
    Reading took     50.502000 us
  Sample 10...
Starting computation...
    Writing took     1.346791 ms
    Computation took 186.861699 ms
    Reading took     46.821000 us
  Sample 11...
Starting computation...
    Writing took     1.282565 ms
    Computation took 186.857257 ms
    Reading took     50.762000 us
  Sample 12...
Starting computation...
    Writing took     1.360859 ms
    Computation took 186.851736 ms
    Reading took     70.109000 us
  Sample 13...
Starting computation...
    Writing took     1.282317 ms
    Computation took 186.844375 ms
    Reading took     50.077000 us
  Sample 14...
Starting computation...
    Writing took     1.204133 ms
    Computation took 186.863807 ms
    Reading took     53.154000 us
  Sample 15...
Starting computation...
    Writing took     1.240309 ms
    Computation took 186.863972 ms
    Reading took     56.194000 us
  Sample 16...
Starting computation...
    Writing took     1.415727 ms
    Computation took 186.872211 ms
    Reading took     50.885000 us
  Sample 17...
Starting computation...
    Writing took     1.225003 ms
    Computation took 186.868521 ms
    Reading took     46.904000 us
  Sample 18...
Starting computation...
    Writing took     1.181189 ms
    Computation took 186.844482 ms
    Reading took     48.987000 us
  Sample 19...
Starting computation...
    Writing took     1.207905 ms
    Computation took 186.894458 ms
    Reading took     53.426000 us
  Sample 20...
Starting computation...
    Writing took     1.335350 ms
    Computation took 186.909577 ms
    Reading took     51.930000 us
  Sample 21...
Starting computation...
    Writing took     1.245700 ms
    Computation took 186.873436 ms
    Reading took     53.260000 us
  Sample 22...
Starting computation...
    Writing took     1.306503 ms
    Computation took 186.864901 ms
    Reading took     65.264000 us
  Sample 23...
Starting computation...
    Writing took     1.730654 ms
    Computation took 186.831364 ms
    Reading took     47.439000 us
  Sample 24...
Starting computation...
    Writing took     1.212612 ms
    Computation took 186.886793 ms
    Reading took     99.213000 us
  Sample 25...
Starting computation...
    Writing took     2.685611 ms
    Computation took 186.930942 ms
    Reading took     87.966000 us
  Sample 26...
Starting computation...
    Writing took     2.013041 ms
    Computation took 186.904571 ms
    Reading took     54.252000 us
  Sample 27...
Starting computation...
    Writing took     1.220151 ms
    Computation took 186.877550 ms
    Reading took     50.887000 us
  Sample 28...
Starting computation...
    Writing took     1.180249 ms
    Computation took 186.824853 ms
    Reading took     56.814000 us
  Sample 29...
Starting computation...
    Writing took     1.333801 ms
    Computation took 186.921733 ms
    Reading took     52.584000 us
  Sample 30...
Starting computation...
    Writing took     1.230696 ms
    Computation took 186.862446 ms
    Reading took     55.484000 us
  Sample 31...
Starting computation...
    Writing took     1.326994 ms
    Computation took 186.828934 ms
    Reading took     57.111000 us
  Sample 32...
Starting computation...
    Writing took     1.380696 ms
    Computation took 186.837430 ms
    Reading took     54.158000 us
  Sample 33...
Starting computation...
    Writing took     1.281064 ms
    Computation took 186.870880 ms
    Reading took     68.957000 us
  Sample 34...
Starting computation...
    Writing took     1.734761 ms
    Computation took 186.890375 ms
    Reading took     115.678000 us
  Sample 35...
Starting computation...
    Writing took     2.589001 ms
    Computation took 186.920244 ms
    Reading took     79.002000 us
  Sample 36...
Starting computation...
    Writing took     2.093506 ms
    Computation took 186.876851 ms
    Reading took     49.719000 us
  Sample 37...
Starting computation...
    Writing took     1.218472 ms
    Computation took 186.824866 ms
    Reading took     49.649000 us
  Sample 38...
Starting computation...
    Writing took     1.249049 ms
    Computation took 186.843629 ms
    Reading took     47.289000 us
  Sample 39...
Starting computation...
    Writing took     1.242804 ms
    Computation took 186.867130 ms
    Reading took     53.404000 us
  Sample 40...
Starting computation...
    Writing took     1.376925 ms
    Computation took 186.831283 ms
    Reading took     54.312000 us
  Sample 41...
Starting computation...
    Writing took     1.415862 ms
    Computation took 186.890500 ms
    Reading took     55.497000 us
  Sample 42...
Starting computation...
    Writing took     1.397245 ms
    Computation took 186.870887 ms
    Reading took     51.605000 us
  Sample 43...
Starting computation...
    Writing took     1.322563 ms
    Computation took 186.875012 ms
    Reading took     53.232000 us
  Sample 44...
Starting computation...
    Writing took     1.364240 ms
    Computation took 186.882917 ms
    Reading took     56.031000 us
  Sample 45...
Starting computation...
    Writing took     1.413115 ms
    Computation took 186.819159 ms
    Reading took     54.428000 us
  Sample 46...
Starting computation...
    Writing took     1.373019 ms
    Computation took 186.870953 ms
    Reading took     49.362000 us
  Sample 47...
Starting computation...
    Writing took     1.263086 ms
    Computation took 186.855917 ms
    Reading took     51.847000 us
  Sample 48...
Starting computation...
    Writing took     1.328024 ms
    Computation took 186.902694 ms
    Reading took     52.956000 us
  Sample 49...
Starting computation...
    Writing took     1.323610 ms
    Computation took 186.837805 ms
    Reading took     50.669000 us
  Sample 50...
Starting computation...
    Writing took     1.263295 ms
    Computation took 186.828563 ms
    Reading took     49.991000 us
  Sample 51...
Starting computation...
    Writing took     1.234366 ms
    Computation took 186.874384 ms
    Reading took     105.106000 us
  Sample 52...
Starting computation...
    Writing took     3.053578 ms
    Computation took 186.879467 ms
    Reading took     50.510000 us
  Sample 53...
Starting computation...
    Writing took     1.238551 ms
    Computation took 186.856304 ms
    Reading took     51.181000 us
  Sample 54...
Starting computation...
    Writing took     1.269479 ms
    Computation took 186.822364 ms
    Reading took     50.867000 us
  Sample 55...
Starting computation...
    Writing took     1.325016 ms
    Computation took 186.844667 ms
    Reading took     50.126000 us
  Sample 56...
Starting computation...
    Writing took     1.246032 ms
    Computation took 186.854746 ms
    Reading took     47.354000 us
  Sample 57...
Starting computation...
    Writing took     1.182078 ms
    Computation took 186.868470 ms
    Reading took     52.482000 us
  Sample 58...
Starting computation...
    Writing took     1.303677 ms
    Computation took 186.873720 ms
    Reading took     48.826000 us
  Sample 59...
Starting computation...
    Writing took     1.234912 ms
    Computation took 186.850333 ms
    Reading took     46.919000 us
  Sample 60...
Starting computation...
    Writing took     1.182477 ms
    Computation took 186.871054 ms
    Reading took     55.511000 us
  Sample 61...
Starting computation...
    Writing took     1.365101 ms
    Computation took 186.870375 ms
    Reading took     49.822000 us
  Sample 62...
Starting computation...
    Writing took     1.248491 ms
    Computation took 186.893362 ms
    Reading took     67.365000 us
  Sample 63...
Starting computation...
    Writing took     1.583544 ms
    Computation took 186.878174 ms
    Reading took     64.950000 us
  Sample 64...
Starting computation...
    Writing took     1.596271 ms
    Computation took 186.861286 ms
    Reading took     65.759000 us
  Sample 65...
Starting computation...
    Writing took     1.585032 ms
    Computation took 186.889098 ms
    Reading took     65.163000 us
  Sample 66...
Starting computation...
    Writing took     1.570928 ms
    Computation took 186.851146 ms
    Reading took     65.587000 us
  Sample 67...
Starting computation...
    Writing took     1.576666 ms
    Computation took 186.880205 ms
    Reading took     53.245000 us
  Sample 68...
Starting computation...
    Writing took     1.222792 ms
    Computation took 186.862915 ms
    Reading took     50.761000 us
  Sample 69...
Starting computation...
    Writing took     1.180024 ms
    Computation took 186.849824 ms
    Reading took     54.024000 us
  Sample 70...
Starting computation...
    Writing took     1.306350 ms
    Computation took 186.872220 ms
    Reading took     54.917000 us
  Sample 71...
Starting computation...
    Writing took     1.293117 ms
    Computation took 186.880038 ms
    Reading took     56.840000 us
  Sample 72...
Starting computation...
    Writing took     1.296750 ms
    Computation took 186.872397 ms
    Reading took     73.267000 us
  Sample 73...
Starting computation...
    Writing took     1.726288 ms
    Computation took 186.877009 ms
    Reading took     68.711000 us
  Sample 74...
Starting computation...
    Writing took     1.729481 ms
    Computation took 186.921526 ms
    Reading took     87.584000 us
  Sample 75...
Starting computation...
    Writing took     1.705843 ms
    Computation took 186.902644 ms
    Reading took     69.213000 us
  Sample 76...
Starting computation...
    Writing took     1.719327 ms
    Computation took 186.878926 ms
    Reading took     64.317000 us
  Sample 77...
Starting computation...
    Writing took     1.573405 ms
    Computation took 186.889680 ms
    Reading took     50.129000 us
  Sample 78...
Starting computation...
    Writing took     1.243246 ms
    Computation took 186.904108 ms
    Reading took     79.667000 us
  Sample 79...
Starting computation...
    Writing took     2.107643 ms
    Computation took 186.874046 ms
    Reading took     66.291000 us
  Sample 80...
Starting computation...
    Writing took     1.756987 ms
    Computation took 186.929190 ms
    Reading took     66.160000 us
  Sample 81...
Starting computation...
    Writing took     1.732070 ms
    Computation took 186.885126 ms
    Reading took     62.249000 us
  Sample 82...
Starting computation...
    Writing took     1.666849 ms
    Computation took 186.871498 ms
    Reading took     49.579000 us
  Sample 83...
Starting computation...
    Writing took     1.234379 ms
    Computation took 186.839010 ms
    Reading took     50.504000 us
  Sample 84...
Starting computation...
    Writing took     1.251623 ms
    Computation took 186.851691 ms
    Reading took     47.418000 us
  Sample 85...
Starting computation...
    Writing took     1.185764 ms
    Computation took 186.880612 ms
    Reading took     49.598000 us
  Sample 86...
Starting computation...
    Writing took     1.228689 ms
    Computation took 186.858031 ms
    Reading took     52.429000 us
  Sample 87...
Starting computation...
    Writing took     1.296360 ms
    Computation took 186.862424 ms
    Reading took     50.092000 us
  Sample 88...
Starting computation...
    Writing took     1.341073 ms
    Computation took 186.861054 ms
    Reading took     46.811000 us
  Sample 89...
Starting computation...
    Writing took     1.181837 ms
    Computation took 186.847902 ms
    Reading took     105.363000 us
  Sample 90...
Starting computation...
    Writing took     2.803749 ms
    Computation took 186.871378 ms
    Reading took     53.772000 us
  Sample 91...
Starting computation...
    Writing took     1.331877 ms
    Computation took 186.850568 ms
    Reading took     50.732000 us
  Sample 92...
Starting computation...
    Writing took     1.243033 ms
    Computation took 186.826317 ms
    Reading took     54.188000 us
  Sample 93...
Starting computation...
    Writing took     1.368102 ms
    Computation took 186.860130 ms
    Reading took     55.480000 us
  Sample 94...
Starting computation...
    Writing took     1.377834 ms
    Computation took 186.847127 ms
    Reading took     53.721000 us
  Sample 95...
Starting computation...
    Writing took     1.241832 ms
    Computation took 186.859096 ms
    Reading took     50.978000 us
  Sample 96...
Starting computation...
    Writing took     1.190237 ms
    Computation took 186.901490 ms
    Reading took     53.001000 us
  Sample 97...
Starting computation...
    Writing took     1.292054 ms
    Computation took 186.855873 ms
    Reading took     50.090000 us
  Sample 98...
Starting computation...
    Writing took     1.206276 ms
    Computation took 186.857198 ms
    Reading took     47.987000 us
  Sample 99...
Starting computation...
    Writing took     1.181159 ms
    Computation took 186.885815 ms
    Reading took     67.087000 us
Mean computation time: 186.869838 ms
Mean deviation: 20.889000 us (0.0111784%)
Mean computation time (per hash): 8.898563 ms
Mean deviation (per hash): 994 ns
