Using device #0: CUDA Device 'GeForce GTX 1080 Ti'
  Sample 0...
Starting computation...
    Writing took     531.496000 us
    Computation took 197.585727 ms
    Reading took     25.872000 us
  Sample 1...
Starting computation...
    Writing took     494.954000 us
    Computation took 197.423291 ms
    Reading took     21.843000 us
  Sample 2...
Starting computation...
    Writing took     494.471000 us
    Computation took 197.502411 ms
    Reading took     20.550000 us
  Sample 3...
Starting computation...
    Writing took     457.834000 us
    Computation took 197.462947 ms
    Reading took     19.863000 us
  Sample 4...
Starting computation...
    Writing took     461.437000 us
    Computation took 197.440672 ms
    Reading took     18.854000 us
  Sample 5...
Starting computation...
    Writing took     406.160000 us
    Computation took 197.415959 ms
    Reading took     19.390000 us
  Sample 6...
Starting computation...
    Writing took     438.012000 us
    Computation took 197.473982 ms
    Reading took     20.714000 us
  Sample 7...
Starting computation...
    Writing took     458.680000 us
    Computation took 197.478140 ms
    Reading took     22.883000 us
  Sample 8...
Starting computation...
    Writing took     496.064000 us
    Computation took 197.465882 ms
    Reading took     21.655000 us
  Sample 9...
Starting computation...
    Writing took     495.758000 us
    Computation took 197.462096 ms
    Reading took     21.727000 us
  Sample 10...
Starting computation...
    Writing took     529.527000 us
    Computation took 197.475713 ms
    Reading took     20.414000 us
  Sample 11...
Starting computation...
    Writing took     459.082000 us
    Computation took 197.467066 ms
    Reading took     20.064000 us
  Sample 12...
Starting computation...
    Writing took     455.127000 us
    Computation took 197.439795 ms
    Reading took     20.413000 us
  Sample 13...
Starting computation...
    Writing took     437.703000 us
    Computation took 197.487821 ms
    Reading took     18.352000 us
  Sample 14...
Starting computation...
    Writing took     405.728000 us
    Computation took 197.460542 ms
    Reading took     22.815000 us
  Sample 15...
Starting computation...
    Writing took     588.189000 us
    Computation took 197.463822 ms
    Reading took     15.922000 us
  Sample 16...
Starting computation...
    Writing took     377.140000 us
    Computation took 197.492407 ms
    Reading took     25.868000 us
  Sample 17...
Starting computation...
    Writing took     565.110000 us
    Computation took 197.516477 ms
    Reading took     21.520000 us
  Sample 18...
Starting computation...
    Writing took     450.121000 us
    Computation took 197.511107 ms
    Reading took     20.836000 us
  Sample 19...
Starting computation...
    Writing took     451.977000 us
    Computation took 197.484916 ms
    Reading took     20.998000 us
  Sample 20...
Starting computation...
    Writing took     453.410000 us
    Computation took 197.493274 ms
    Reading took     17.804000 us
  Sample 21...
Starting computation...
    Writing took     392.371000 us
    Computation took 197.468750 ms
    Reading took     19.696000 us
  Sample 22...
Starting computation...
    Writing took     483.298000 us
    Computation took 197.458242 ms
    Reading took     20.382000 us
  Sample 23...
Starting computation...
    Writing took     454.289000 us
    Computation took 197.486223 ms
    Reading took     19.916000 us
  Sample 24...
Starting computation...
    Writing took     425.500000 us
    Computation took 197.468835 ms
    Reading took     20.733000 us
  Sample 25...
Starting computation...
    Writing took     455.991000 us
    Computation took 197.466150 ms
    Reading took     20.162000 us
  Sample 26...
Starting computation...
    Writing took     439.537000 us
    Computation took 197.490570 ms
    Reading took     27.402000 us
  Sample 27...
Starting computation...
    Writing took     477.061000 us
    Computation took 197.469362 ms
    Reading took     28.424000 us
  Sample 28...
Starting computation...
    Writing took     550.670000 us
    Computation took 197.463703 ms
    Reading took     19.798000 us
  Sample 29...
Starting computation...
    Writing took     425.382000 us
    Computation took 197.465159 ms
    Reading took     21.284000 us
  Sample 30...
Starting computation...
    Writing took     492.991000 us
    Computation took 197.472496 ms
    Reading took     26.711000 us
  Sample 31...
Starting computation...
    Writing took     525.063000 us
    Computation took 197.477583 ms
    Reading took     19.788000 us
  Sample 32...
Starting computation...
    Writing took     409.957000 us
    Computation took 197.496281 ms
    Reading took     33.466000 us
  Sample 33...
Starting computation...
    Writing took     584.105000 us
    Computation took 197.440522 ms
    Reading took     17.810000 us
  Sample 34...
Starting computation...
    Writing took     359.041000 us
    Computation took 197.521291 ms
    Reading took     20.580000 us
  Sample 35...
Starting computation...
    Writing took     457.294000 us
    Computation took 197.450673 ms
    Reading took     19.180000 us
  Sample 36...
Starting computation...
    Writing took     482.223000 us
    Computation took 197.457301 ms
    Reading took     21.932000 us
  Sample 37...
Starting computation...
    Writing took     601.236000 us
    Computation took 197.473803 ms
    Reading took     29.265000 us
  Sample 38...
Starting computation...
    Writing took     526.847000 us
    Computation took 197.507256 ms
    Reading took     30.636000 us
  Sample 39...
Starting computation...
    Writing took     622.189000 us
    Computation took 197.469760 ms
    Reading took     36.374000 us
  Sample 40...
Starting computation...
    Writing took     461.081000 us
    Computation took 197.509498 ms
    Reading took     21.005000 us
  Sample 41...
Starting computation...
    Writing took     455.243000 us
    Computation took 197.484813 ms
    Reading took     20.293000 us
  Sample 42...
Starting computation...
    Writing took     409.768000 us
    Computation took 197.452288 ms
    Reading took     19.169000 us
  Sample 43...
Starting computation...
    Writing took     422.275000 us
    Computation took 197.442742 ms
    Reading took     18.335000 us
  Sample 44...
Starting computation...
    Writing took     395.658000 us
    Computation took 197.499762 ms
    Reading took     20.436000 us
  Sample 45...
Starting computation...
    Writing took     458.735000 us
    Computation took 197.434487 ms
    Reading took     21.369000 us
  Sample 46...
Starting computation...
    Writing took     456.129000 us
    Computation took 197.472598 ms
    Reading took     20.794000 us
  Sample 47...
Starting computation...
    Writing took     457.311000 us
    Computation took 197.427040 ms
    Reading took     28.640000 us
  Sample 48...
Starting computation...
    Writing took     690.847000 us
    Computation took 197.469333 ms
    Reading took     18.907000 us
  Sample 49...
Starting computation...
    Writing took     420.276000 us
    Computation took 197.441916 ms
    Reading took     25.816000 us
  Sample 50...
Starting computation...
    Writing took     658.676000 us
    Computation took 197.445282 ms
    Reading took     20.594000 us
  Sample 51...
Starting computation...
    Writing took     453.927000 us
    Computation took 197.491993 ms
    Reading took     38.588000 us
  Sample 52...
Starting computation...
    Writing took     798.347000 us
    Computation took 197.461893 ms
    Reading took     18.489000 us
  Sample 53...
Starting computation...
    Writing took     480.926000 us
    Computation took 197.458719 ms
    Reading took     22.778000 us
  Sample 54...
Starting computation...
    Writing took     496.671000 us
    Computation took 197.450586 ms
    Reading took     22.302000 us
  Sample 55...
Starting computation...
    Writing took     516.231000 us
    Computation took 197.495146 ms
    Reading took     22.319000 us
  Sample 56...
Starting computation...
    Writing took     498.192000 us
    Computation took 197.448007 ms
    Reading took     22.384000 us
  Sample 57...
Starting computation...
    Writing took     502.522000 us
    Computation took 197.494972 ms
    Reading took     21.064000 us
  Sample 58...
Starting computation...
    Writing took     484.384000 us
    Computation took 197.442601 ms
    Reading took     22.035000 us
  Sample 59...
Starting computation...
    Writing took     500.312000 us
    Computation took 197.502366 ms
    Reading took     32.307000 us
  Sample 60...
Starting computation...
    Writing took     692.259000 us
    Computation took 197.544846 ms
    Reading took     33.471000 us
  Sample 61...
Starting computation...
    Writing took     457.262000 us
    Computation took 197.517882 ms
    Reading took     20.509000 us
  Sample 62...
Starting computation...
    Writing took     456.296000 us
    Computation took 197.468675 ms
    Reading took     20.152000 us
  Sample 63...
Starting computation...
    Writing took     439.975000 us
    Computation took 197.502765 ms
    Reading took     16.624000 us
  Sample 64...
Starting computation...
    Writing took     360.459000 us
    Computation took 197.490661 ms
    Reading took     19.947000 us
  Sample 65...
Starting computation...
    Writing took     432.269000 us
    Computation took 197.501349 ms
    Reading took     20.973000 us
  Sample 66...
Starting computation...
    Writing took     456.840000 us
    Computation took 197.519978 ms
    Reading took     20.864000 us
  Sample 67...
Starting computation...
    Writing took     457.842000 us
    Computation took 197.473318 ms
    Reading took     19.067000 us
  Sample 68...
Starting computation...
    Writing took     407.789000 us
    Computation took 197.492923 ms
    Reading took     23.038000 us
  Sample 69...
Starting computation...
    Writing took     490.306000 us
    Computation took 197.484598 ms
    Reading took     35.610000 us
  Sample 70...
Starting computation...
    Writing took     541.638000 us
    Computation took 197.504148 ms
    Reading took     22.824000 us
  Sample 71...
Starting computation...
    Writing took     493.109000 us
    Computation took 197.462394 ms
    Reading took     34.862000 us
  Sample 72...
Starting computation...
    Writing took     835.061000 us
    Computation took 197.514800 ms
    Reading took     20.817000 us
  Sample 73...
Starting computation...
    Writing took     451.080000 us
    Computation took 197.461604 ms
    Reading took     19.518000 us
  Sample 74...
Starting computation...
    Writing took     436.848000 us
    Computation took 197.452076 ms
    Reading took     20.486000 us
  Sample 75...
Starting computation...
    Writing took     455.420000 us
    Computation took 197.499036 ms
    Reading took     18.305000 us
  Sample 76...
Starting computation...
    Writing took     384.005000 us
    Computation took 197.443187 ms
    Reading took     21.919000 us
  Sample 77...
Starting computation...
    Writing took     453.123000 us
    Computation took 197.527198 ms
    Reading took     28.204000 us
  Sample 78...
Starting computation...
    Writing took     670.267000 us
    Computation took 197.487716 ms
    Reading took     19.359000 us
  Sample 79...
Starting computation...
    Writing took     404.431000 us
    Computation took 197.482349 ms
    Reading took     18.635000 us
  Sample 80...
Starting computation...
    Writing took     378.835000 us
    Computation took 197.478616 ms
    Reading took     24.445000 us
  Sample 81...
Starting computation...
    Writing took     480.635000 us
    Computation took 197.486327 ms
    Reading took     17.048000 us
  Sample 82...
Starting computation...
    Writing took     358.532000 us
    Computation took 197.449382 ms
    Reading took     17.223000 us
  Sample 83...
Starting computation...
    Writing took     356.000000 us
    Computation took 197.484211 ms
    Reading took     20.401000 us
  Sample 84...
Starting computation...
    Writing took     482.629000 us
    Computation took 197.451472 ms
    Reading took     20.813000 us
  Sample 85...
Starting computation...
    Writing took     454.543000 us
    Computation took 197.458596 ms
    Reading took     20.412000 us
  Sample 86...
Starting computation...
    Writing took     456.389000 us
    Computation took 197.504063 ms
    Reading took     17.964000 us
  Sample 87...
Starting computation...
    Writing took     358.512000 us
    Computation took 197.487061 ms
    Reading took     16.778000 us
  Sample 88...
Starting computation...
    Writing took     357.294000 us
    Computation took 197.517009 ms
    Reading took     19.010000 us
  Sample 89...
Starting computation...
    Writing took     393.631000 us
    Computation took 197.494179 ms
    Reading took     31.114000 us
  Sample 90...
Starting computation...
    Writing took     574.563000 us
    Computation took 197.520150 ms
    Reading took     30.531000 us
  Sample 91...
Starting computation...
    Writing took     531.216000 us
    Computation took 197.457515 ms
    Reading took     21.143000 us
  Sample 92...
Starting computation...
    Writing took     459.553000 us
    Computation took 197.451835 ms
    Reading took     20.952000 us
  Sample 93...
Starting computation...
    Writing took     456.849000 us
    Computation took 197.495069 ms
    Reading took     25.763000 us
  Sample 94...
Starting computation...
    Writing took     612.812000 us
    Computation took 197.528520 ms
    Reading took     34.366000 us
  Sample 95...
Starting computation...
    Writing took     810.294000 us
    Computation took 197.534843 ms
    Reading took     21.906000 us
  Sample 96...
Starting computation...
    Writing took     496.389000 us
    Computation took 197.516830 ms
    Reading took     20.654000 us
  Sample 97...
Starting computation...
    Writing took     456.940000 us
    Computation took 197.470958 ms
    Reading took     21.193000 us
  Sample 98...
Starting computation...
    Writing took     456.678000 us
    Computation took 197.470644 ms
    Reading took     22.217000 us
  Sample 99...
Starting computation...
    Writing took     461.080000 us
    Computation took 197.482131 ms
    Reading took     20.174000 us
Mean computation time: 197.479049 ms
Mean deviation: 22.773000 us (0.0115319%)
Mean computation time (per hash): 32.913174 ms
Mean deviation (per hash): 3.795000 us
