Using device #0: CUDA Device 'GeForce GTX 1080 Ti'
  Sample 0...
Starting computation...
    Writing took     1.526641 ms
    Computation took 199.142618 ms
    Reading took     40.443000 us
  Sample 1...
Starting computation...
    Writing took     917.099000 us
    Computation took 199.037139 ms
    Reading took     29.524000 us
  Sample 2...
Starting computation...
    Writing took     761.598000 us
    Computation took 199.020463 ms
    Reading took     26.962000 us
  Sample 3...
Starting computation...
    Writing took     711.177000 us
    Computation took 199.022679 ms
    Reading took     29.242000 us
  Sample 4...
Starting computation...
    Writing took     735.982000 us
    Computation took 199.028921 ms
    Reading took     28.851000 us
  Sample 5...
Starting computation...
    Writing took     701.685000 us
    Computation took 198.981341 ms
    Reading took     28.685000 us
  Sample 6...
Starting computation...
    Writing took     701.145000 us
    Computation took 199.021284 ms
    Reading took     30.739000 us
  Sample 7...
Starting computation...
    Writing took     700.746000 us
    Computation took 199.021984 ms
    Reading took     29.081000 us
  Sample 8...
Starting computation...
    Writing took     695.197000 us
    Computation took 198.995131 ms
    Reading took     29.871000 us
  Sample 9...
Starting computation...
    Writing took     745.078000 us
    Computation took 199.020119 ms
    Reading took     29.957000 us
  Sample 10...
Starting computation...
    Writing took     702.820000 us
    Computation took 199.006303 ms
    Reading took     30.672000 us
  Sample 11...
Starting computation...
    Writing took     745.479000 us
    Computation took 198.971265 ms
    Reading took     29.819000 us
  Sample 12...
Starting computation...
    Writing took     747.265000 us
    Computation took 198.983057 ms
    Reading took     28.565000 us
  Sample 13...
Starting computation...
    Writing took     702.959000 us
    Computation took 199.043682 ms
    Reading took     28.997000 us
  Sample 14...
Starting computation...
    Writing took     700.563000 us
    Computation took 199.027541 ms
    Reading took     29.285000 us
  Sample 15...
Starting computation...
    Writing took     701.963000 us
    Computation took 199.015475 ms
    Reading took     29.706000 us
  Sample 16...
Starting computation...
    Writing took     700.844000 us
    Computation took 199.034370 ms
    Reading took     28.931000 us
  Sample 17...
Starting computation...
    Writing took     702.497000 us
    Computation took 199.001121 ms
    Reading took     28.470000 us
  Sample 18...
Starting computation...
    Writing took     700.690000 us
    Computation took 198.990336 ms
    Reading took     29.335000 us
  Sample 19...
Starting computation...
    Writing took     777.760000 us
    Computation took 199.030591 ms
    Reading took     29.671000 us
  Sample 20...
Starting computation...
    Writing took     759.540000 us
    Computation took 199.020918 ms
    Reading took     30.039000 us
  Sample 21...
Starting computation...
    Writing took     768.197000 us
    Computation took 199.031244 ms
    Reading took     30.110000 us
  Sample 22...
Starting computation...
    Writing took     753.054000 us
    Computation took 199.006434 ms
    Reading took     28.283000 us
  Sample 23...
Starting computation...
    Writing took     734.904000 us
    Computation took 199.084874 ms
    Reading took     32.355000 us
  Sample 24...
Starting computation...
    Writing took     796.420000 us
    Computation took 199.001567 ms
    Reading took     30.179000 us
  Sample 25...
Starting computation...
    Writing took     746.422000 us
    Computation took 199.031579 ms
    Reading took     56.851000 us
  Sample 26...
Starting computation...
    Writing took     1.583356 ms
    Computation took 199.021676 ms
    Reading took     36.910000 us
  Sample 27...
Starting computation...
    Writing took     922.503000 us
    Computation took 199.034315 ms
    Reading took     56.179000 us
  Sample 28...
Starting computation...
    Writing took     1.528145 ms
    Computation took 199.085532 ms
    Reading took     40.850000 us
  Sample 29...
Starting computation...
    Writing took     904.240000 us
    Computation took 199.084417 ms
    Reading took     47.136000 us
  Sample 30...
Starting computation...
    Writing took     910.568000 us
    Computation took 199.062303 ms
    Reading took     65.261000 us
  Sample 31...
Starting computation...
    Writing took     1.653179 ms
    Computation took 199.074391 ms
    Reading took     33.330000 us
  Sample 32...
Starting computation...
    Writing took     766.755000 us
    Computation took 199.009911 ms
    Reading took     35.197000 us
  Sample 33...
Starting computation...
    Writing took     801.353000 us
    Computation took 199.006798 ms
    Reading took     33.516000 us
  Sample 34...
Starting computation...
    Writing took     762.640000 us
    Computation took 199.035007 ms
    Reading took     31.750000 us
  Sample 35...
Starting computation...
    Writing took     715.622000 us
    Computation took 199.013883 ms
    Reading took     33.379000 us
  Sample 36...
Starting computation...
    Writing took     760.728000 us
    Computation took 199.054585 ms
    Reading took     42.904000 us
  Sample 37...
Starting computation...
    Writing took     987.329000 us
    Computation took 199.040844 ms
    Reading took     32.395000 us
  Sample 38...
Starting computation...
    Writing took     715.799000 us
    Computation took 199.052307 ms
    Reading took     33.524000 us
  Sample 39...
Starting computation...
    Writing took     760.395000 us
    Computation took 199.056057 ms
    Reading took     50.440000 us
  Sample 40...
Starting computation...
    Writing took     765.236000 us
    Computation took 199.019934 ms
    Reading took     41.938000 us
  Sample 41...
Starting computation...
    Writing took     989.220000 us
    Computation took 199.039898 ms
    Reading took     41.278000 us
  Sample 42...
Starting computation...
    Writing took     987.958000 us
    Computation took 199.053514 ms
    Reading took     40.504000 us
  Sample 43...
Starting computation...
    Writing took     988.230000 us
    Computation took 199.048702 ms
    Reading took     33.319000 us
  Sample 44...
Starting computation...
    Writing took     760.086000 us
    Computation took 199.018525 ms
    Reading took     34.098000 us
  Sample 45...
Starting computation...
    Writing took     798.485000 us
    Computation took 199.015325 ms
    Reading took     64.345000 us
  Sample 46...
Starting computation...
    Writing took     760.980000 us
    Computation took 199.013012 ms
    Reading took     34.736000 us
  Sample 47...
Starting computation...
    Writing took     769.029000 us
    Computation took 199.029200 ms
    Reading took     32.450000 us
  Sample 48...
Starting computation...
    Writing took     751.905000 us
    Computation took 199.014993 ms
    Reading took     33.146000 us
  Sample 49...
Starting computation...
    Writing took     867.519000 us
    Computation took 198.999850 ms
    Reading took     35.063000 us
  Sample 50...
Starting computation...
    Writing took     870.916000 us
    Computation took 199.048798 ms
    Reading took     41.520000 us
  Sample 51...
Starting computation...
    Writing took     995.795000 us
    Computation took 199.048410 ms
    Reading took     43.282000 us
  Sample 52...
Starting computation...
    Writing took     1.003586 ms
    Computation took 199.083656 ms
    Reading took     40.430000 us
  Sample 53...
Starting computation...
    Writing took     987.846000 us
    Computation took 199.015750 ms
    Reading took     38.257000 us
  Sample 54...
Starting computation...
    Writing took     950.486000 us
    Computation took 199.022468 ms
    Reading took     47.053000 us
  Sample 55...
Starting computation...
    Writing took     982.371000 us
    Computation took 199.018311 ms
    Reading took     33.164000 us
  Sample 56...
Starting computation...
    Writing took     732.084000 us
    Computation took 199.031636 ms
    Reading took     34.540000 us
  Sample 57...
Starting computation...
    Writing took     781.635000 us
    Computation took 199.050387 ms
    Reading took     33.563000 us
  Sample 58...
Starting computation...
    Writing took     748.339000 us
    Computation took 199.013207 ms
    Reading took     34.344000 us
  Sample 59...
Starting computation...
    Writing took     817.315000 us
    Computation took 199.046769 ms
    Reading took     33.956000 us
  Sample 60...
Starting computation...
    Writing took     882.619000 us
    Computation took 199.041997 ms
    Reading took     34.774000 us
  Sample 61...
Starting computation...
    Writing took     811.971000 us
    Computation took 199.024715 ms
    Reading took     32.188000 us
  Sample 62...
Starting computation...
    Writing took     870.040000 us
    Computation took 199.036376 ms
    Reading took     36.878000 us
  Sample 63...
Starting computation...
    Writing took     883.505000 us
    Computation took 199.030750 ms
    Reading took     33.929000 us
  Sample 64...
Starting computation...
    Writing took     863.279000 us
    Computation took 199.040500 ms
    Reading took     34.860000 us
  Sample 65...
Starting computation...
    Writing took     829.744000 us
    Computation took 199.000650 ms
    Reading took     36.076000 us
  Sample 66...
Starting computation...
    Writing took     849.085000 us
    Computation took 199.052357 ms
    Reading took     35.471000 us
  Sample 67...
Starting computation...
    Writing took     944.282000 us
    Computation took 199.073762 ms
    Reading took     41.624000 us
  Sample 68...
Starting computation...
    Writing took     1.272515 ms
    Computation took 199.060389 ms
    Reading took     32.558000 us
  Sample 69...
Starting computation...
    Writing took     793.237000 us
    Computation took 199.008532 ms
    Reading took     34.238000 us
  Sample 70...
Starting computation...
    Writing took     833.146000 us
    Computation took 199.055099 ms
    Reading took     34.889000 us
  Sample 71...
Starting computation...
    Writing took     841.161000 us
    Computation took 199.046470 ms
    Reading took     33.867000 us
  Sample 72...
Starting computation...
    Writing took     832.231000 us
    Computation took 199.032164 ms
    Reading took     31.168000 us
  Sample 73...
Starting computation...
    Writing took     822.270000 us
    Computation took 199.005432 ms
    Reading took     34.037000 us
  Sample 74...
Starting computation...
    Writing took     789.772000 us
    Computation took 199.012685 ms
    Reading took     33.014000 us
  Sample 75...
Starting computation...
    Writing took     785.148000 us
    Computation took 199.017187 ms
    Reading took     32.813000 us
  Sample 76...
Starting computation...
    Writing took     781.044000 us
    Computation took 199.009421 ms
    Reading took     32.283000 us
  Sample 77...
Starting computation...
    Writing took     759.013000 us
    Computation took 199.005766 ms
    Reading took     33.688000 us
  Sample 78...
Starting computation...
    Writing took     760.465000 us
    Computation took 199.018983 ms
    Reading took     33.087000 us
  Sample 79...
Starting computation...
    Writing took     759.222000 us
    Computation took 199.066673 ms
    Reading took     71.849000 us
  Sample 80...
Starting computation...
    Writing took     1.541139 ms
    Computation took 199.075835 ms
    Reading took     53.419000 us
  Sample 81...
Starting computation...
    Writing took     1.270282 ms
    Computation took 199.035159 ms
    Reading took     27.204000 us
  Sample 82...
Starting computation...
    Writing took     802.767000 us
    Computation took 198.994700 ms
    Reading took     30.867000 us
  Sample 83...
Starting computation...
    Writing took     819.097000 us
    Computation took 199.015995 ms
    Reading took     30.137000 us
  Sample 84...
Starting computation...
    Writing took     788.884000 us
    Computation took 199.050163 ms
    Reading took     30.665000 us
  Sample 85...
Starting computation...
    Writing took     757.568000 us
    Computation took 199.061586 ms
    Reading took     46.578000 us
  Sample 86...
Starting computation...
    Writing took     1.094211 ms
    Computation took 199.049667 ms
    Reading took     30.692000 us
  Sample 87...
Starting computation...
    Writing took     753.818000 us
    Computation took 199.039844 ms
    Reading took     28.750000 us
  Sample 88...
Starting computation...
    Writing took     773.343000 us
    Computation took 199.034157 ms
    Reading took     29.363000 us
  Sample 89...
Starting computation...
    Writing took     701.767000 us
    Computation took 199.086027 ms
    Reading took     50.860000 us
  Sample 90...
Starting computation...
    Writing took     1.345590 ms
    Computation took 199.032765 ms
    Reading took     38.511000 us
  Sample 91...
Starting computation...
    Writing took     985.117000 us
    Computation took 199.002843 ms
    Reading took     37.956000 us
  Sample 92...
Starting computation...
    Writing took     977.883000 us
    Computation took 199.009471 ms
    Reading took     38.723000 us
  Sample 93...
Starting computation...
    Writing took     898.309000 us
    Computation took 199.008817 ms
    Reading took     29.848000 us
  Sample 94...
Starting computation...
    Writing took     754.217000 us
    Computation took 199.028174 ms
    Reading took     31.069000 us
  Sample 95...
Starting computation...
    Writing took     753.509000 us
    Computation took 199.070943 ms
    Reading took     30.400000 us
  Sample 96...
Starting computation...
    Writing took     779.540000 us
    Computation took 199.028425 ms
    Reading took     29.697000 us
  Sample 97...
Starting computation...
    Writing took     752.393000 us
    Computation took 199.006028 ms
    Reading took     30.586000 us
  Sample 98...
Starting computation...
    Writing took     745.260000 us
    Computation took 198.998354 ms
    Reading took     32.027000 us
  Sample 99...
Starting computation...
    Writing took     707.572000 us
    Computation took 199.030395 ms
    Reading took     29.418000 us
Mean computation time: 199.031356 ms
Mean deviation: 20.733000 us (0.010417%)
Mean computation time (per hash): 16.585945 ms
Mean deviation (per hash): 1.727000 us
