Using device #0: CUDA Device 'GeForce GTX 1080 Ti'
  Sample 0...
Starting computation...
    Writing took     833.249000 us
    Computation took 175.204832 ms
    Reading took     39.974000 us
  Sample 1...
Starting computation...
    Writing took     924.757000 us
    Computation took 175.243021 ms
    Reading took     35.411000 us
  Sample 2...
Starting computation...
    Writing took     948.985000 us
    Computation took 175.296055 ms
    Reading took     35.621000 us
  Sample 3...
Starting computation...
    Writing took     912.186000 us
    Computation took 175.226397 ms
    Reading took     57.360000 us
  Sample 4...
Starting computation...
    Writing took     1.529396 ms
    Computation took 175.283838 ms
    Reading took     37.803000 us
  Sample 5...
Starting computation...
    Writing took     934.346000 us
    Computation took 175.343475 ms
    Reading took     36.292000 us
  Sample 6...
Starting computation...
    Writing took     912.812000 us
    Computation took 175.217562 ms
    Reading took     41.748000 us
  Sample 7...
Starting computation...
    Writing took     1.101564 ms
    Computation took 175.265921 ms
    Reading took     42.769000 us
  Sample 8...
Starting computation...
    Writing took     1.101865 ms
    Computation took 175.279656 ms
    Reading took     44.876000 us
  Sample 9...
Starting computation...
    Writing took     1.046050 ms
    Computation took 175.258828 ms
    Reading took     39.309000 us
  Sample 10...
Starting computation...
    Writing took     1.050928 ms
    Computation took 175.273415 ms
    Reading took     39.659000 us
  Sample 11...
Starting computation...
    Writing took     1.052904 ms
    Computation took 175.271822 ms
    Reading took     37.331000 us
  Sample 12...
Starting computation...
    Writing took     870.356000 us
    Computation took 175.293761 ms
    Reading took     39.029000 us
  Sample 13...
Starting computation...
    Writing took     905.194000 us
    Computation took 175.299804 ms
    Reading took     45.995000 us
  Sample 14...
Starting computation...
    Writing took     1.114902 ms
    Computation took 175.282465 ms
    Reading took     44.374000 us
  Sample 15...
Starting computation...
    Writing took     1.113765 ms
    Computation took 175.350415 ms
    Reading took     46.309000 us
  Sample 16...
Starting computation...
    Writing took     1.115698 ms
    Computation took 175.327943 ms
    Reading took     45.081000 us
  Sample 17...
Starting computation...
    Writing took     1.124154 ms
    Computation took 175.375631 ms
    Reading took     45.496000 us
  Sample 18...
Starting computation...
    Writing took     1.131904 ms
    Computation took 175.323412 ms
    Reading took     78.907000 us
  Sample 19...
Starting computation...
    Writing took     2.148794 ms
    Computation took 175.325736 ms
    Reading took     36.453000 us
  Sample 20...
Starting computation...
    Writing took     875.240000 us
    Computation took 175.232828 ms
    Reading took     34.802000 us
  Sample 21...
Starting computation...
    Writing took     824.680000 us
    Computation took 175.235920 ms
    Reading took     34.759000 us
  Sample 22...
Starting computation...
    Writing took     826.030000 us
    Computation took 175.233773 ms
    Reading took     36.090000 us
  Sample 23...
Starting computation...
    Writing took     907.462000 us
    Computation took 175.346989 ms
    Reading took     36.242000 us
  Sample 24...
Starting computation...
    Writing took     902.464000 us
    Computation took 175.279685 ms
    Reading took     35.445000 us
  Sample 25...
Starting computation...
    Writing took     882.463000 us
    Computation took 175.257699 ms
    Reading took     36.958000 us
  Sample 26...
Starting computation...
    Writing took     943.165000 us
    Computation took 175.311707 ms
    Reading took     38.287000 us
  Sample 27...
Starting computation...
    Writing took     1.009389 ms
    Computation took 175.262599 ms
    Reading took     34.672000 us
  Sample 28...
Starting computation...
    Writing took     883.218000 us
    Computation took 175.268395 ms
    Reading took     36.637000 us
  Sample 29...
Starting computation...
    Writing took     923.199000 us
    Computation took 175.256301 ms
    Reading took     38.379000 us
  Sample 30...
Starting computation...
    Writing took     921.943000 us
    Computation took 175.249494 ms
    Reading took     42.883000 us
  Sample 31...
Starting computation...
    Writing took     1.097463 ms
    Computation took 175.265340 ms
    Reading took     43.414000 us
  Sample 32...
Starting computation...
    Writing took     1.097499 ms
    Computation took 175.268515 ms
    Reading took     32.504000 us
  Sample 33...
Starting computation...
    Writing took     829.836000 us
    Computation took 175.253297 ms
    Reading took     32.343000 us
  Sample 34...
Starting computation...
    Writing took     840.612000 us
    Computation took 175.181722 ms
    Reading took     31.079000 us
  Sample 35...
Starting computation...
    Writing took     824.004000 us
    Computation took 175.226877 ms
    Reading took     36.453000 us
  Sample 36...
Starting computation...
    Writing took     942.053000 us
    Computation took 175.245120 ms
    Reading took     33.676000 us
  Sample 37...
Starting computation...
    Writing took     853.128000 us
    Computation took 175.281887 ms
    Reading took     35.547000 us
  Sample 38...
Starting computation...
    Writing took     908.411000 us
    Computation took 175.218921 ms
    Reading took     36.097000 us
  Sample 39...
Starting computation...
    Writing took     924.739000 us
    Computation took 175.235714 ms
    Reading took     48.971000 us
  Sample 40...
Starting computation...
    Writing took     1.311239 ms
    Computation took 175.293256 ms
    Reading took     77.117000 us
  Sample 41...
Starting computation...
    Writing took     2.103214 ms
    Computation took 175.314452 ms
    Reading took     33.598000 us
  Sample 42...
Starting computation...
    Writing took     829.620000 us
    Computation took 175.259570 ms
    Reading took     35.865000 us
  Sample 43...
Starting computation...
    Writing took     912.876000 us
    Computation took 175.203045 ms
    Reading took     33.885000 us
  Sample 44...
Starting computation...
    Writing took     856.136000 us
    Computation took 175.269365 ms
    Reading took     31.168000 us
  Sample 45...
Starting computation...
    Writing took     825.126000 us
    Computation took 175.264341 ms
    Reading took     34.333000 us
  Sample 46...
Starting computation...
    Writing took     903.950000 us
    Computation took 175.260552 ms
    Reading took     36.559000 us
  Sample 47...
Starting computation...
    Writing took     913.975000 us
    Computation took 175.298183 ms
    Reading took     32.073000 us
  Sample 48...
Starting computation...
    Writing took     831.541000 us
    Computation took 175.228654 ms
    Reading took     31.535000 us
  Sample 49...
Starting computation...
    Writing took     824.116000 us
    Computation took 175.264303 ms
    Reading took     35.101000 us
  Sample 50...
Starting computation...
    Writing took     901.726000 us
    Computation took 175.281647 ms
    Reading took     33.070000 us
  Sample 51...
Starting computation...
    Writing took     849.844000 us
    Computation took 175.242150 ms
    Reading took     33.785000 us
  Sample 52...
Starting computation...
    Writing took     896.795000 us
    Computation took 175.242680 ms
    Reading took     46.227000 us
  Sample 53...
Starting computation...
    Writing took     1.192946 ms
    Computation took 175.221843 ms
    Reading took     45.676000 us
  Sample 54...
Starting computation...
    Writing took     1.198582 ms
    Computation took 175.281614 ms
    Reading took     43.927000 us
  Sample 55...
Starting computation...
    Writing took     1.186860 ms
    Computation took 175.264773 ms
    Reading took     42.127000 us
  Sample 56...
Starting computation...
    Writing took     921.006000 us
    Computation took 175.212436 ms
    Reading took     50.254000 us
  Sample 57...
Starting computation...
    Writing took     902.707000 us
    Computation took 175.214005 ms
    Reading took     35.400000 us
  Sample 58...
Starting computation...
    Writing took     914.923000 us
    Computation took 175.247443 ms
    Reading took     33.463000 us
  Sample 59...
Starting computation...
    Writing took     882.986000 us
    Computation took 175.237998 ms
    Reading took     42.020000 us
  Sample 60...
Starting computation...
    Writing took     1.096620 ms
    Computation took 175.286596 ms
    Reading took     43.651000 us
  Sample 61...
Starting computation...
    Writing took     1.101470 ms
    Computation took 175.264842 ms
    Reading took     62.683000 us
  Sample 62...
Starting computation...
    Writing took     1.722531 ms
    Computation took 175.320213 ms
    Reading took     41.159000 us
  Sample 63...
Starting computation...
    Writing took     1.106787 ms
    Computation took 175.289713 ms
    Reading took     71.354000 us
  Sample 64...
Starting computation...
    Writing took     1.881672 ms
    Computation took 175.279683 ms
    Reading took     47.973000 us
  Sample 65...
Starting computation...
    Writing took     1.205824 ms
    Computation took 175.254911 ms
    Reading took     47.592000 us
  Sample 66...
Starting computation...
    Writing took     1.200719 ms
    Computation took 175.242173 ms
    Reading took     50.862000 us
  Sample 67...
Starting computation...
    Writing took     1.340753 ms
    Computation took 175.307858 ms
    Reading took     37.175000 us
  Sample 68...
Starting computation...
    Writing took     871.328000 us
    Computation took 175.275918 ms
    Reading took     61.165000 us
  Sample 69...
Starting computation...
    Writing took     1.647426 ms
    Computation took 175.323682 ms
    Reading took     46.803000 us
  Sample 70...
Starting computation...
    Writing took     1.189748 ms
    Computation took 175.266561 ms
    Reading took     35.868000 us
  Sample 71...
Starting computation...
    Writing took     865.313000 us
    Computation took 175.275590 ms
    Reading took     37.988000 us
  Sample 72...
Starting computation...
    Writing took     867.223000 us
    Computation took 175.237920 ms
    Reading took     34.969000 us
  Sample 73...
Starting computation...
    Writing took     826.092000 us
    Computation took 175.290536 ms
    Reading took     36.508000 us
  Sample 74...
Starting computation...
    Writing took     845.690000 us
    Computation took 175.254831 ms
    Reading took     33.710000 us
  Sample 75...
Starting computation...
    Writing took     826.312000 us
    Computation took 175.258109 ms
    Reading took     68.122000 us
  Sample 76...
Starting computation...
    Writing took     1.742606 ms
    Computation took 175.338716 ms
    Reading took     64.500000 us
  Sample 77...
Starting computation...
    Writing took     1.822354 ms
    Computation took 175.308422 ms
    Reading took     45.236000 us
  Sample 78...
Starting computation...
    Writing took     1.197644 ms
    Computation took 175.299857 ms
    Reading took     45.100000 us
  Sample 79...
Starting computation...
    Writing took     1.107159 ms
    Computation took 175.259534 ms
    Reading took     44.161000 us
  Sample 80...
Starting computation...
    Writing took     1.112799 ms
    Computation took 175.285223 ms
    Reading took     57.985000 us
  Sample 81...
Starting computation...
    Writing took     1.707009 ms
    Computation took 175.358539 ms
    Reading took     66.031000 us
  Sample 82...
Starting computation...
    Writing took     1.757685 ms
    Computation took 175.304112 ms
    Reading took     44.263000 us
  Sample 83...
Starting computation...
    Writing took     1.130470 ms
    Computation took 175.299189 ms
    Reading took     44.266000 us
  Sample 84...
Starting computation...
    Writing took     1.116018 ms
    Computation took 175.251793 ms
    Reading took     46.742000 us
  Sample 85...
Starting computation...
    Writing took     1.107345 ms
    Computation took 175.332516 ms
    Reading took     44.614000 us
  Sample 86...
Starting computation...
    Writing took     1.119503 ms
    Computation took 175.279860 ms
    Reading took     43.816000 us
  Sample 87...
Starting computation...
    Writing took     1.113320 ms
    Computation took 175.270811 ms
    Reading took     44.330000 us
  Sample 88...
Starting computation...
    Writing took     1.108032 ms
    Computation took 175.343301 ms
    Reading took     49.289000 us
  Sample 89...
Starting computation...
    Writing took     1.112527 ms
    Computation took 175.249798 ms
    Reading took     43.593000 us
  Sample 90...
Starting computation...
    Writing took     1.115796 ms
    Computation took 175.353313 ms
    Reading took     68.104000 us
  Sample 91...
Starting computation...
    Writing took     1.803483 ms
    Computation took 175.320246 ms
    Reading took     44.179000 us
  Sample 92...
Starting computation...
    Writing took     1.118066 ms
    Computation took 175.319564 ms
    Reading took     45.481000 us
  Sample 93...
Starting computation...
    Writing took     1.113005 ms
    Computation took 175.345664 ms
    Reading took     44.200000 us
  Sample 94...
Starting computation...
    Writing took     1.114538 ms
    Computation took 175.341309 ms
    Reading took     59.600000 us
  Sample 95...
Starting computation...
    Writing took     1.628043 ms
    Computation took 175.297978 ms
    Reading took     39.570000 us
  Sample 96...
Starting computation...
    Writing took     984.719000 us
    Computation took 175.293418 ms
    Reading took     38.818000 us
  Sample 97...
Starting computation...
    Writing took     983.682000 us
    Computation took 175.313383 ms
    Reading took     41.939000 us
  Sample 98...
Starting computation...
    Writing took     1.061698 ms
    Computation took 175.320998 ms
    Reading took     41.333000 us
  Sample 99...
Starting computation...
    Writing took     1.052277 ms
    Computation took 175.264769 ms
    Reading took     39.384000 us
Mean computation time: 175.277405 ms
Mean deviation: 31.748000 us (0.018113%)
Mean computation time (per hash): 12.519814 ms
Mean deviation (per hash): 2.267000 us
