Using device #0: CUDA Device 'GeForce GTX 1080 Ti'
  Sample 0...
Starting computation...
    Writing took     1.670822 ms
    Computation took 177.729067 ms
    Reading took     54.398000 us
  Sample 1...
Starting computation...
    Writing took     1.248249 ms
    Computation took 177.759166 ms
    Reading took     97.114000 us
  Sample 2...
Starting computation...
    Writing took     2.508131 ms
    Computation took 177.765057 ms
    Reading took     72.780000 us
  Sample 3...
Starting computation...
    Writing took     1.810036 ms
    Computation took 177.788014 ms
    Reading took     50.391000 us
  Sample 4...
Starting computation...
    Writing took     1.141885 ms
    Computation took 177.746511 ms
    Reading took     50.308000 us
  Sample 5...
Starting computation...
    Writing took     1.191975 ms
    Computation took 177.740593 ms
    Reading took     51.532000 us
  Sample 6...
Starting computation...
    Writing took     1.253390 ms
    Computation took 177.780841 ms
    Reading took     53.894000 us
  Sample 7...
Starting computation...
    Writing took     1.223847 ms
    Computation took 177.681550 ms
    Reading took     50.721000 us
  Sample 8...
Starting computation...
    Writing took     1.193204 ms
    Computation took 177.726669 ms
    Reading took     51.769000 us
  Sample 9...
Starting computation...
    Writing took     1.143493 ms
    Computation took 177.687223 ms
    Reading took     51.680000 us
  Sample 10...
Starting computation...
    Writing took     1.252015 ms
    Computation took 177.717978 ms
    Reading took     55.087000 us
  Sample 11...
Starting computation...
    Writing took     1.307727 ms
    Computation took 177.760756 ms
    Reading took     55.633000 us
  Sample 12...
Starting computation...
    Writing took     1.348514 ms
    Computation took 177.703125 ms
    Reading took     53.059000 us
  Sample 13...
Starting computation...
    Writing took     1.251231 ms
    Computation took 177.722671 ms
    Reading took     56.544000 us
  Sample 14...
Starting computation...
    Writing took     1.295660 ms
    Computation took 177.914168 ms
    Reading took     54.087000 us
  Sample 15...
Starting computation...
    Writing took     1.322763 ms
    Computation took 177.739938 ms
    Reading took     57.447000 us
  Sample 16...
Starting computation...
    Writing took     1.341741 ms
    Computation took 177.726295 ms
    Reading took     55.436000 us
  Sample 17...
Starting computation...
    Writing took     1.298888 ms
    Computation took 177.757783 ms
    Reading took     57.659000 us
  Sample 18...
Starting computation...
    Writing took     1.366177 ms
    Computation took 177.618559 ms
    Reading took     58.034000 us
  Sample 19...
Starting computation...
    Writing took     1.461401 ms
    Computation took 177.713216 ms
    Reading took     49.388000 us
  Sample 20...
Starting computation...
    Writing took     1.137956 ms
    Computation took 177.787365 ms
    Reading took     73.387000 us
  Sample 21...
Starting computation...
    Writing took     1.456677 ms
    Computation took 177.855574 ms
    Reading took     59.474000 us
  Sample 22...
Starting computation...
    Writing took     1.359960 ms
    Computation took 177.735762 ms
    Reading took     51.107000 us
  Sample 23...
Starting computation...
    Writing took     1.342431 ms
    Computation took 177.834281 ms
    Reading took     55.460000 us
  Sample 24...
Starting computation...
    Writing took     1.397529 ms
    Computation took 177.815318 ms
    Reading took     48.340000 us
  Sample 25...
Starting computation...
    Writing took     1.130581 ms
    Computation took 177.732400 ms
    Reading took     49.681000 us
  Sample 26...
Starting computation...
    Writing took     1.142523 ms
    Computation took 177.743809 ms
    Reading took     63.647000 us
  Sample 27...
Starting computation...
    Writing took     1.525004 ms
    Computation took 177.683520 ms
    Reading took     63.114000 us
  Sample 28...
Starting computation...
    Writing took     1.542487 ms
    Computation took 177.773005 ms
    Reading took     62.527000 us
  Sample 29...
Starting computation...
    Writing took     1.523783 ms
    Computation took 177.755397 ms
    Reading took     63.380000 us
  Sample 30...
Starting computation...
    Writing took     1.536843 ms
    Computation took 177.831021 ms
    Reading took     61.829000 us
  Sample 31...
Starting computation...
    Writing took     1.519781 ms
    Computation took 177.794004 ms
    Reading took     61.740000 us
  Sample 32...
Starting computation...
    Writing took     1.512300 ms
    Computation took 177.708495 ms
    Reading took     61.213000 us
  Sample 33...
Starting computation...
    Writing took     1.529815 ms
    Computation took 177.731737 ms
    Reading took     61.070000 us
  Sample 34...
Starting computation...
    Writing took     1.509762 ms
    Computation took 177.762316 ms
    Reading took     60.669000 us
  Sample 35...
Starting computation...
    Writing took     1.537029 ms
    Computation took 177.752111 ms
    Reading took     60.719000 us
  Sample 36...
Starting computation...
    Writing took     1.546902 ms
    Computation took 177.810326 ms
    Reading took     60.822000 us
  Sample 37...
Starting computation...
    Writing took     1.358951 ms
    Computation took 177.751019 ms
    Reading took     60.936000 us
  Sample 38...
Starting computation...
    Writing took     1.512272 ms
    Computation took 177.799135 ms
    Reading took     60.462000 us
  Sample 39...
Starting computation...
    Writing took     1.522580 ms
    Computation took 177.788058 ms
    Reading took     60.706000 us
  Sample 40...
Starting computation...
    Writing took     1.502366 ms
    Computation took 177.737977 ms
    Reading took     60.528000 us
  Sample 41...
Starting computation...
    Writing took     1.523953 ms
    Computation took 177.804620 ms
    Reading took     61.310000 us
  Sample 42...
Starting computation...
    Writing took     1.522218 ms
    Computation took 177.748717 ms
    Reading took     83.962000 us
  Sample 43...
Starting computation...
    Writing took     2.499278 ms
    Computation took 177.801658 ms
    Reading took     52.213000 us
  Sample 44...
Starting computation...
    Writing took     1.207394 ms
    Computation took 177.729744 ms
    Reading took     50.161000 us
  Sample 45...
Starting computation...
    Writing took     1.128100 ms
    Computation took 177.659844 ms
    Reading took     53.880000 us
  Sample 46...
Starting computation...
    Writing took     1.153658 ms
    Computation took 177.730157 ms
    Reading took     50.088000 us
  Sample 47...
Starting computation...
    Writing took     1.201296 ms
    Computation took 177.796740 ms
    Reading took     52.359000 us
  Sample 48...
Starting computation...
    Writing took     1.257914 ms
    Computation took 177.737897 ms
    Reading took     49.866000 us
  Sample 49...
Starting computation...
    Writing took     1.190958 ms
    Computation took 177.756501 ms
    Reading took     48.604000 us
  Sample 50...
Starting computation...
    Writing took     1.127604 ms
    Computation took 177.834029 ms
    Reading took     53.142000 us
  Sample 51...
Starting computation...
    Writing took     1.131467 ms
    Computation took 177.762608 ms
    Reading took     52.578000 us
  Sample 52...
Starting computation...
    Writing took     1.229134 ms
    Computation took 177.738581 ms
    Reading took     49.035000 us
  Sample 53...
Starting computation...
    Writing took     1.128752 ms
    Computation took 177.690624 ms
    Reading took     48.198000 us
  Sample 54...
Starting computation...
    Writing took     1.128603 ms
    Computation took 177.770664 ms
    Reading took     49.719000 us
  Sample 55...
Starting computation...
    Writing took     1.191602 ms
    Computation took 177.754836 ms
    Reading took     50.282000 us
  Sample 56...
Starting computation...
    Writing took     1.190165 ms
    Computation took 177.791385 ms
    Reading took     50.628000 us
  Sample 57...
Starting computation...
    Writing took     1.166426 ms
    Computation took 177.753544 ms
    Reading took     48.416000 us
  Sample 58...
Starting computation...
    Writing took     1.129837 ms
    Computation took 177.750734 ms
    Reading took     51.285000 us
  Sample 59...
Starting computation...
    Writing took     1.217719 ms
    Computation took 179.065646 ms
    Reading took     110.353000 us
  Sample 60...
Starting computation...
    Writing took     2.965205 ms
    Computation took 177.870178 ms
    Reading took     64.716000 us
  Sample 61...
Starting computation...
    Writing took     1.591194 ms
    Computation took 177.755382 ms
    Reading took     66.944000 us
  Sample 62...
Starting computation...
    Writing took     1.653099 ms
    Computation took 177.773836 ms
    Reading took     62.967000 us
  Sample 63...
Starting computation...
    Writing took     1.589793 ms
    Computation took 177.752599 ms
    Reading took     48.818000 us
  Sample 64...
Starting computation...
    Writing took     1.185638 ms
    Computation took 177.725755 ms
    Reading took     50.963000 us
  Sample 65...
Starting computation...
    Writing took     1.206301 ms
    Computation took 177.901353 ms
    Reading took     51.723000 us
  Sample 66...
Starting computation...
    Writing took     1.251719 ms
    Computation took 177.743918 ms
    Reading took     54.934000 us
  Sample 67...
Starting computation...
    Writing took     1.266247 ms
    Computation took 177.716404 ms
    Reading took     50.323000 us
  Sample 68...
Starting computation...
    Writing took     1.243280 ms
    Computation took 177.768125 ms
    Reading took     52.855000 us
  Sample 69...
Starting computation...
    Writing took     1.358526 ms
    Computation took 177.779061 ms
    Reading took     52.457000 us
  Sample 70...
Starting computation...
    Writing took     1.269983 ms
    Computation took 177.762261 ms
    Reading took     54.402000 us
  Sample 71...
Starting computation...
    Writing took     1.261875 ms
    Computation took 177.736737 ms
    Reading took     59.371000 us
  Sample 72...
Starting computation...
    Writing took     1.240985 ms
    Computation took 177.856313 ms
    Reading took     55.401000 us
  Sample 73...
Starting computation...
    Writing took     1.385871 ms
    Computation took 177.714021 ms
    Reading took     53.375000 us
  Sample 74...
Starting computation...
    Writing took     1.250072 ms
    Computation took 177.782475 ms
    Reading took     52.970000 us
  Sample 75...
Starting computation...
    Writing took     1.249162 ms
    Computation took 177.738939 ms
    Reading took     52.751000 us
  Sample 76...
Starting computation...
    Writing took     1.249591 ms
    Computation took 177.747757 ms
    Reading took     52.464000 us
  Sample 77...
Starting computation...
    Writing took     1.301483 ms
    Computation took 177.703482 ms
    Reading took     52.277000 us
  Sample 78...
Starting computation...
    Writing took     1.280558 ms
    Computation took 177.746225 ms
    Reading took     52.098000 us
  Sample 79...
Starting computation...
    Writing took     1.248295 ms
    Computation took 177.754621 ms
    Reading took     54.470000 us
  Sample 80...
Starting computation...
    Writing took     1.343340 ms
    Computation took 177.741527 ms
    Reading took     60.846000 us
  Sample 81...
Starting computation...
    Writing took     1.401572 ms
    Computation took 177.743360 ms
    Reading took     54.590000 us
  Sample 82...
Starting computation...
    Writing took     1.351784 ms
    Computation took 177.870681 ms
    Reading took     54.985000 us
  Sample 83...
Starting computation...
    Writing took     1.364889 ms
    Computation took 177.691698 ms
    Reading took     54.434000 us
  Sample 84...
Starting computation...
    Writing took     1.300123 ms
    Computation took 177.708577 ms
    Reading took     59.824000 us
  Sample 85...
Starting computation...
    Writing took     1.299618 ms
    Computation took 177.761241 ms
    Reading took     55.266000 us
  Sample 86...
Starting computation...
    Writing took     1.299780 ms
    Computation took 177.857703 ms
    Reading took     82.603000 us
  Sample 87...
Starting computation...
    Writing took     2.861979 ms
    Computation took 177.784534 ms
    Reading took     66.070000 us
  Sample 88...
Starting computation...
    Writing took     1.647174 ms
    Computation took 177.783568 ms
    Reading took     66.220000 us
  Sample 89...
Starting computation...
    Writing took     1.667270 ms
    Computation took 177.699150 ms
    Reading took     67.530000 us
  Sample 90...
Starting computation...
    Writing took     1.669408 ms
    Computation took 177.740619 ms
    Reading took     54.520000 us
  Sample 91...
Starting computation...
    Writing took     1.342451 ms
    Computation took 177.692689 ms
    Reading took     51.084000 us
  Sample 92...
Starting computation...
    Writing took     1.181513 ms
    Computation took 177.736995 ms
    Reading took     52.737000 us
  Sample 93...
Starting computation...
    Writing took     1.236326 ms
    Computation took 177.697511 ms
    Reading took     49.331000 us
  Sample 94...
Starting computation...
    Writing took     1.245543 ms
    Computation took 177.659400 ms
    Reading took     52.308000 us
  Sample 95...
Starting computation...
    Writing took     1.140559 ms
    Computation took 177.723329 ms
    Reading took     51.000000 us
  Sample 96...
Starting computation...
    Writing took     1.205179 ms
    Computation took 177.711838 ms
    Reading took     52.757000 us
  Sample 97...
Starting computation...
    Writing took     1.271403 ms
    Computation took 177.657814 ms
    Reading took     52.368000 us
  Sample 98...
Starting computation...
    Writing took     1.292336 ms
    Computation took 177.772531 ms
    Reading took     55.666000 us
  Sample 99...
Starting computation...
    Writing took     1.251909 ms
    Computation took 177.892226 ms
    Reading took     52.485000 us
Mean computation time: 177.768967 ms
Mean deviation: 55.066000 us (0.0309762%)
Mean computation time (per hash): 8.888447 ms
Mean deviation (per hash): 2.753000 us
