Using device #0: CUDA Device 'GeForce GTX 1080 Ti'
  Sample 0...
Starting computation...
    Writing took     869.451000 us
    Computation took 182.105518 ms
    Reading took     29.187000 us
  Sample 1...
Starting computation...
    Writing took     611.842000 us
    Computation took 182.046164 ms
    Reading took     25.641000 us
  Sample 2...
Starting computation...
    Writing took     623.154000 us
    Computation took 182.064665 ms
    Reading took     22.911000 us
  Sample 3...
Starting computation...
    Writing took     600.972000 us
    Computation took 182.111134 ms
    Reading took     23.068000 us
  Sample 4...
Starting computation...
    Writing took     606.794000 us
    Computation took 182.060492 ms
    Reading took     24.603000 us
  Sample 5...
Starting computation...
    Writing took     621.042000 us
    Computation took 182.197803 ms
    Reading took     24.718000 us
  Sample 6...
Starting computation...
    Writing took     619.807000 us
    Computation took 182.059302 ms
    Reading took     22.468000 us
  Sample 7...
Starting computation...
    Writing took     604.443000 us
    Computation took 182.068671 ms
    Reading took     25.947000 us
  Sample 8...
Starting computation...
    Writing took     666.569000 us
    Computation took 182.046736 ms
    Reading took     25.164000 us
  Sample 9...
Starting computation...
    Writing took     622.637000 us
    Computation took 182.052242 ms
    Reading took     24.786000 us
  Sample 10...
Starting computation...
    Writing took     632.175000 us
    Computation took 182.084225 ms
    Reading took     25.392000 us
  Sample 11...
Starting computation...
    Writing took     643.903000 us
    Computation took 182.112020 ms
    Reading took     24.782000 us
  Sample 12...
Starting computation...
    Writing took     652.834000 us
    Computation took 182.053678 ms
    Reading took     26.960000 us
  Sample 13...
Starting computation...
    Writing took     668.726000 us
    Computation took 182.067608 ms
    Reading took     25.389000 us
  Sample 14...
Starting computation...
    Writing took     623.279000 us
    Computation took 182.092061 ms
    Reading took     21.983000 us
  Sample 15...
Starting computation...
    Writing took     601.053000 us
    Computation took 182.131767 ms
    Reading took     24.763000 us
  Sample 16...
Starting computation...
    Writing took     625.706000 us
    Computation took 182.064307 ms
    Reading took     24.352000 us
  Sample 17...
Starting computation...
    Writing took     614.435000 us
    Computation took 182.034259 ms
    Reading took     26.114000 us
  Sample 18...
Starting computation...
    Writing took     663.933000 us
    Computation took 182.094510 ms
    Reading took     24.885000 us
  Sample 19...
Starting computation...
    Writing took     616.852000 us
    Computation took 181.993659 ms
    Reading took     24.755000 us
  Sample 20...
Starting computation...
    Writing took     625.726000 us
    Computation took 182.035622 ms
    Reading took     22.040000 us
  Sample 21...
Starting computation...
    Writing took     601.000000 us
    Computation took 182.104190 ms
    Reading took     24.707000 us
  Sample 22...
Starting computation...
    Writing took     617.714000 us
    Computation took 182.013069 ms
    Reading took     24.761000 us
  Sample 23...
Starting computation...
    Writing took     624.367000 us
    Computation took 182.028380 ms
    Reading took     24.712000 us
  Sample 24...
Starting computation...
    Writing took     618.112000 us
    Computation took 182.059421 ms
    Reading took     22.520000 us
  Sample 25...
Starting computation...
    Writing took     601.098000 us
    Computation took 182.098921 ms
    Reading took     22.497000 us
  Sample 26...
Starting computation...
    Writing took     606.067000 us
    Computation took 182.128816 ms
    Reading took     25.099000 us
  Sample 27...
Starting computation...
    Writing took     610.585000 us
    Computation took 182.062856 ms
    Reading took     25.950000 us
  Sample 28...
Starting computation...
    Writing took     666.229000 us
    Computation took 182.073984 ms
    Reading took     25.921000 us
  Sample 29...
Starting computation...
    Writing took     679.140000 us
    Computation took 182.059302 ms
    Reading took     25.538000 us
  Sample 30...
Starting computation...
    Writing took     622.714000 us
    Computation took 182.057587 ms
    Reading took     22.240000 us
  Sample 31...
Starting computation...
    Writing took     601.040000 us
    Computation took 182.057953 ms
    Reading took     24.190000 us
  Sample 32...
Starting computation...
    Writing took     626.712000 us
    Computation took 182.201672 ms
    Reading took     25.225000 us
  Sample 33...
Starting computation...
    Writing took     623.919000 us
    Computation took 182.088351 ms
    Reading took     22.587000 us
  Sample 34...
Starting computation...
    Writing took     601.414000 us
    Computation took 182.081126 ms
    Reading took     22.370000 us
  Sample 35...
Starting computation...
    Writing took     600.971000 us
    Computation took 182.012349 ms
    Reading took     24.945000 us
  Sample 36...
Starting computation...
    Writing took     623.849000 us
    Computation took 182.075754 ms
    Reading took     25.889000 us
  Sample 37...
Starting computation...
    Writing took     667.163000 us
    Computation took 182.053615 ms
    Reading took     22.147000 us
  Sample 38...
Starting computation...
    Writing took     602.358000 us
    Computation took 182.020841 ms
    Reading took     22.162000 us
  Sample 39...
Starting computation...
    Writing took     601.806000 us
    Computation took 182.041152 ms
    Reading took     24.345000 us
  Sample 40...
Starting computation...
    Writing took     613.803000 us
    Computation took 182.070346 ms
    Reading took     22.758000 us
  Sample 41...
Starting computation...
    Writing took     601.084000 us
    Computation took 182.140026 ms
    Reading took     44.165000 us
  Sample 42...
Starting computation...
    Writing took     1.196802 ms
    Computation took 182.172229 ms
    Reading took     33.302000 us
  Sample 43...
Starting computation...
    Writing took     867.768000 us
    Computation took 182.102558 ms
    Reading took     35.871000 us
  Sample 44...
Starting computation...
    Writing took     875.858000 us
    Computation took 182.159918 ms
    Reading took     31.386000 us
  Sample 45...
Starting computation...
    Writing took     845.855000 us
    Computation took 182.074105 ms
    Reading took     31.209000 us
  Sample 46...
Starting computation...
    Writing took     857.816000 us
    Computation took 182.150385 ms
    Reading took     25.403000 us
  Sample 47...
Starting computation...
    Writing took     625.164000 us
    Computation took 182.045973 ms
    Reading took     25.626000 us
  Sample 48...
Starting computation...
    Writing took     612.558000 us
    Computation took 182.168704 ms
    Reading took     43.986000 us
  Sample 49...
Starting computation...
    Writing took     1.123120 ms
    Computation took 182.091660 ms
    Reading took     30.871000 us
  Sample 50...
Starting computation...
    Writing took     850.469000 us
    Computation took 182.055211 ms
    Reading took     33.773000 us
  Sample 51...
Starting computation...
    Writing took     862.885000 us
    Computation took 182.067818 ms
    Reading took     32.106000 us
  Sample 52...
Starting computation...
    Writing took     858.253000 us
    Computation took 182.080908 ms
    Reading took     27.019000 us
  Sample 53...
Starting computation...
    Writing took     670.137000 us
    Computation took 182.168296 ms
    Reading took     27.906000 us
  Sample 54...
Starting computation...
    Writing took     696.266000 us
    Computation took 182.043055 ms
    Reading took     24.119000 us
  Sample 55...
Starting computation...
    Writing took     683.139000 us
    Computation took 182.079847 ms
    Reading took     26.433000 us
  Sample 56...
Starting computation...
    Writing took     661.525000 us
    Computation took 182.090486 ms
    Reading took     26.950000 us
  Sample 57...
Starting computation...
    Writing took     667.264000 us
    Computation took 182.041283 ms
    Reading took     22.767000 us
  Sample 58...
Starting computation...
    Writing took     601.403000 us
    Computation took 182.161136 ms
    Reading took     21.731000 us
  Sample 59...
Starting computation...
    Writing took     600.551000 us
    Computation took 182.030539 ms
    Reading took     26.716000 us
  Sample 60...
Starting computation...
    Writing took     646.819000 us
    Computation took 182.098890 ms
    Reading took     23.533000 us
  Sample 61...
Starting computation...
    Writing took     640.773000 us
    Computation took 182.101875 ms
    Reading took     21.085000 us
  Sample 62...
Starting computation...
    Writing took     599.774000 us
    Computation took 182.112945 ms
    Reading took     25.238000 us
  Sample 63...
Starting computation...
    Writing took     622.756000 us
    Computation took 182.100375 ms
    Reading took     25.854000 us
  Sample 64...
Starting computation...
    Writing took     631.558000 us
    Computation took 182.116546 ms
    Reading took     24.598000 us
  Sample 65...
Starting computation...
    Writing took     612.613000 us
    Computation took 182.090530 ms
    Reading took     25.119000 us
  Sample 66...
Starting computation...
    Writing took     622.308000 us
    Computation took 182.092757 ms
    Reading took     21.687000 us
  Sample 67...
Starting computation...
    Writing took     654.205000 us
    Computation took 182.094730 ms
    Reading took     26.058000 us
  Sample 68...
Starting computation...
    Writing took     614.708000 us
    Computation took 182.061352 ms
    Reading took     21.947000 us
  Sample 69...
Starting computation...
    Writing took     601.041000 us
    Computation took 182.080784 ms
    Reading took     22.263000 us
  Sample 70...
Starting computation...
    Writing took     605.799000 us
    Computation took 182.021435 ms
    Reading took     25.384000 us
  Sample 71...
Starting computation...
    Writing took     616.599000 us
    Computation took 182.056951 ms
    Reading took     22.739000 us
  Sample 72...
Starting computation...
    Writing took     601.112000 us
    Computation took 182.042350 ms
    Reading took     25.385000 us
  Sample 73...
Starting computation...
    Writing took     615.439000 us
    Computation took 182.110893 ms
    Reading took     26.218000 us
  Sample 74...
Starting computation...
    Writing took     625.682000 us
    Computation took 182.052871 ms
    Reading took     25.040000 us
  Sample 75...
Starting computation...
    Writing took     622.743000 us
    Computation took 182.046007 ms
    Reading took     24.921000 us
  Sample 76...
Starting computation...
    Writing took     613.187000 us
    Computation took 182.062641 ms
    Reading took     26.544000 us
  Sample 77...
Starting computation...
    Writing took     651.882000 us
    Computation took 182.032581 ms
    Reading took     26.971000 us
  Sample 78...
Starting computation...
    Writing took     669.009000 us
    Computation took 182.120091 ms
    Reading took     22.956000 us
  Sample 79...
Starting computation...
    Writing took     603.929000 us
    Computation took 182.127182 ms
    Reading took     27.392000 us
  Sample 80...
Starting computation...
    Writing took     671.818000 us
    Computation took 182.055107 ms
    Reading took     25.074000 us
  Sample 81...
Starting computation...
    Writing took     623.517000 us
    Computation took 182.066064 ms
    Reading took     24.906000 us
  Sample 82...
Starting computation...
    Writing took     623.122000 us
    Computation took 182.132505 ms
    Reading took     22.928000 us
  Sample 83...
Starting computation...
    Writing took     605.846000 us
    Computation took 182.037212 ms
    Reading took     22.539000 us
  Sample 84...
Starting computation...
    Writing took     601.114000 us
    Computation took 182.082693 ms
    Reading took     25.208000 us
  Sample 85...
Starting computation...
    Writing took     625.612000 us
    Computation took 182.093857 ms
    Reading took     22.945000 us
  Sample 86...
Starting computation...
    Writing took     605.147000 us
    Computation took 182.051748 ms
    Reading took     26.931000 us
  Sample 87...
Starting computation...
    Writing took     664.171000 us
    Computation took 182.094836 ms
    Reading took     22.653000 us
  Sample 88...
Starting computation...
    Writing took     603.131000 us
    Computation took 182.061185 ms
    Reading took     28.739000 us
  Sample 89...
Starting computation...
    Writing took     628.800000 us
    Computation took 182.030593 ms
    Reading took     22.527000 us
  Sample 90...
Starting computation...
    Writing took     707.646000 us
    Computation took 182.143656 ms
    Reading took     23.881000 us
  Sample 91...
Starting computation...
    Writing took     608.403000 us
    Computation took 182.050637 ms
    Reading took     26.132000 us
  Sample 92...
Starting computation...
    Writing took     623.837000 us
    Computation took 182.070946 ms
    Reading took     25.325000 us
  Sample 93...
Starting computation...
    Writing took     615.025000 us
    Computation took 182.065886 ms
    Reading took     25.007000 us
  Sample 94...
Starting computation...
    Writing took     645.485000 us
    Computation took 182.056393 ms
    Reading took     23.214000 us
  Sample 95...
Starting computation...
    Writing took     604.827000 us
    Computation took 182.058123 ms
    Reading took     25.318000 us
  Sample 96...
Starting computation...
    Writing took     625.304000 us
    Computation took 182.064381 ms
    Reading took     26.644000 us
  Sample 97...
Starting computation...
    Writing took     666.121000 us
    Computation took 182.073163 ms
    Reading took     27.208000 us
  Sample 98...
Starting computation...
    Writing took     708.101000 us
    Computation took 182.032858 ms
    Reading took     25.273000 us
  Sample 99...
Starting computation...
    Writing took     623.067000 us
    Computation took 182.053315 ms
    Reading took     22.592000 us
Mean computation time: 182.078892 ms
Mean deviation: 32.021000 us (0.0175863%)
Mean computation time (per hash): 18.207888 ms
Mean deviation (per hash): 3.202000 us
