Using device #0: CUDA Device 'GeForce GTX 1080 Ti'
  Sample 0...
Starting computation...
    Writing took     7.974996 ms
    Computation took 260.336680 ms
    Reading took     284.950000 us
  Sample 1...
Starting computation...
    Writing took     8.452698 ms
    Computation took 276.843090 ms
    Reading took     185.637000 us
  Sample 2...
Starting computation...
    Writing took     4.968757 ms
    Computation took 279.848259 ms
    Reading took     191.924000 us
  Sample 3...
Starting computation...
    Writing took     5.031043 ms
    Computation took 277.615840 ms
    Reading took     191.706000 us
  Sample 4...
Starting computation...
    Writing took     4.972251 ms
    Computation took 273.957308 ms
    Reading took     280.033000 us
  Sample 5...
Starting computation...
    Writing took     8.367028 ms
    Computation took 267.021449 ms
    Reading took     184.796000 us
  Sample 6...
Starting computation...
    Writing took     4.968095 ms
    Computation took 264.148712 ms
    Reading took     184.829000 us
  Sample 7...
Starting computation...
    Writing took     4.969855 ms
    Computation took 262.799239 ms
    Reading took     184.963000 us
  Sample 8...
Starting computation...
    Writing took     4.974492 ms
    Computation took 259.416554 ms
    Reading took     298.011000 us
  Sample 9...
Starting computation...
    Writing took     8.191650 ms
    Computation took 257.843128 ms
    Reading took     158.992000 us
  Sample 10...
Starting computation...
    Writing took     3.943537 ms
    Computation took 255.410749 ms
    Reading took     211.452000 us
  Sample 11...
Starting computation...
    Writing took     4.944928 ms
    Computation took 254.629079 ms
    Reading took     184.512000 us
  Sample 12...
Starting computation...
    Writing took     4.979022 ms
    Computation took 253.817938 ms
    Reading took     186.075000 us
  Sample 13...
Starting computation...
    Writing took     4.958544 ms
    Computation took 253.757958 ms
    Reading took     184.730000 us
  Sample 14...
Starting computation...
    Writing took     4.964158 ms
    Computation took 253.673558 ms
    Reading took     187.722000 us
  Sample 15...
Starting computation...
    Writing took     4.957142 ms
    Computation took 253.667586 ms
    Reading took     187.630000 us
  Sample 16...
Starting computation...
    Writing took     4.976483 ms
    Computation took 253.733601 ms
    Reading took     186.328000 us
  Sample 17...
Starting computation...
    Writing took     4.982160 ms
    Computation took 253.690921 ms
    Reading took     185.422000 us
  Sample 18...
Starting computation...
    Writing took     5.333206 ms
    Computation took 253.805670 ms
    Reading took     183.871000 us
  Sample 19...
Starting computation...
    Writing took     5.328997 ms
    Computation took 254.113297 ms
    Reading took     178.697000 us
  Sample 20...
Starting computation...
    Writing took     4.629676 ms
    Computation took 254.260832 ms
    Reading took     276.797000 us
  Sample 21...
Starting computation...
    Writing took     8.059740 ms
    Computation took 255.075735 ms
    Reading took     275.404000 us
  Sample 22...
Starting computation...
    Writing took     8.070654 ms
    Computation took 256.339412 ms
    Reading took     171.136000 us
  Sample 23...
Starting computation...
    Writing took     4.920218 ms
    Computation took 256.236553 ms
    Reading took     270.125000 us
  Sample 24...
Starting computation...
    Writing took     8.049479 ms
    Computation took 255.794921 ms
    Reading took     172.726000 us
  Sample 25...
Starting computation...
    Writing took     4.915866 ms
    Computation took 254.877439 ms
    Reading took     273.053000 us
  Sample 26...
Starting computation...
    Writing took     8.244240 ms
    Computation took 254.355315 ms
    Reading took     222.481000 us
  Sample 27...
Starting computation...
    Writing took     4.978638 ms
    Computation took 254.179015 ms
    Reading took     170.532000 us
  Sample 28...
Starting computation...
    Writing took     4.909610 ms
    Computation took 253.936778 ms
    Reading took     173.080000 us
  Sample 29...
Starting computation...
    Writing took     4.909101 ms
    Computation took 254.405601 ms
    Reading took     172.868000 us
  Sample 30...
Starting computation...
    Writing took     4.921828 ms
    Computation took 253.879261 ms
    Reading took     172.349000 us
  Sample 31...
Starting computation...
    Writing took     4.926898 ms
    Computation took 254.004750 ms
    Reading took     183.185000 us
  Sample 32...
Starting computation...
    Writing took     4.937439 ms
    Computation took 254.010232 ms
    Reading took     173.027000 us
  Sample 33...
Starting computation...
    Writing took     4.953913 ms
    Computation took 254.535256 ms
    Reading took     171.741000 us
  Sample 34...
Starting computation...
    Writing took     5.008784 ms
    Computation took 254.191997 ms
    Reading took     172.170000 us
  Sample 35...
Starting computation...
    Writing took     4.917487 ms
    Computation took 253.879643 ms
    Reading took     173.918000 us
  Sample 36...
Starting computation...
    Writing took     4.900322 ms
    Computation took 256.667129 ms
    Reading took     151.251000 us
  Sample 37...
Starting computation...
    Writing took     4.283792 ms
    Computation took 259.270111 ms
    Reading took     166.534000 us
  Sample 38...
Starting computation...
    Writing took     4.393960 ms
    Computation took 258.308686 ms
    Reading took     325.003000 us
  Sample 39...
Starting computation...
    Writing took     9.710122 ms
    Computation took 255.006811 ms
    Reading took     162.283000 us
  Sample 40...
Starting computation...
    Writing took     4.499069 ms
    Computation took 255.039675 ms
    Reading took     165.673000 us
  Sample 41...
Starting computation...
    Writing took     4.695278 ms
    Computation took 254.566445 ms
    Reading took     167.092000 us
  Sample 42...
Starting computation...
    Writing took     4.698341 ms
    Computation took 254.760858 ms
    Reading took     161.831000 us
  Sample 43...
Starting computation...
    Writing took     4.584295 ms
    Computation took 257.529767 ms
    Reading took     157.052000 us
  Sample 44...
Starting computation...
    Writing took     8.128357 ms
    Computation took 262.321411 ms
    Reading took     173.935000 us
  Sample 45...
Starting computation...
    Writing took     4.911645 ms
    Computation took 263.160954 ms
    Reading took     172.249000 us
  Sample 46...
Starting computation...
    Writing took     4.906348 ms
    Computation took 259.456910 ms
    Reading took     171.583000 us
  Sample 47...
Starting computation...
    Writing took     4.922799 ms
    Computation took 258.603479 ms
    Reading took     287.443000 us
  Sample 48...
Starting computation...
    Writing took     8.201005 ms
    Computation took 254.726976 ms
    Reading took     175.042000 us
  Sample 49...
Starting computation...
    Writing took     4.923768 ms
    Computation took 255.302435 ms
    Reading took     174.061000 us
  Sample 50...
Starting computation...
    Writing took     4.903984 ms
    Computation took 254.731173 ms
    Reading took     271.570000 us
  Sample 51...
Starting computation...
    Writing took     8.170298 ms
    Computation took 254.439758 ms
    Reading took     172.238000 us
  Sample 52...
Starting computation...
    Writing took     4.983450 ms
    Computation took 253.682194 ms
    Reading took     171.841000 us
  Sample 53...
Starting computation...
    Writing took     4.880552 ms
    Computation took 253.707228 ms
    Reading took     174.238000 us
  Sample 54...
Starting computation...
    Writing took     4.933947 ms
    Computation took 253.915055 ms
    Reading took     173.311000 us
  Sample 55...
Starting computation...
    Writing took     4.969516 ms
    Computation took 254.034192 ms
    Reading took     176.551000 us
  Sample 56...
Starting computation...
    Writing took     4.920875 ms
    Computation took 254.063855 ms
    Reading took     173.664000 us
  Sample 57...
Starting computation...
    Writing took     4.924113 ms
    Computation took 254.692319 ms
    Reading took     172.840000 us
  Sample 58...
Starting computation...
    Writing took     4.905689 ms
    Computation took 256.748663 ms
    Reading took     172.606000 us
  Sample 59...
Starting computation...
    Writing took     4.994874 ms
    Computation took 257.666573 ms
    Reading took     176.634000 us
  Sample 60...
Starting computation...
    Writing took     4.940773 ms
    Computation took 255.999634 ms
    Reading took     174.886000 us
  Sample 61...
Starting computation...
    Writing took     4.890662 ms
    Computation took 255.094624 ms
    Reading took     275.808000 us
  Sample 62...
Starting computation...
    Writing took     7.582987 ms
    Computation took 254.346638 ms
    Reading took     140.187000 us
  Sample 63...
Starting computation...
    Writing took     3.800673 ms
    Computation took 253.954283 ms
    Reading took     139.512000 us
  Sample 64...
Starting computation...
    Writing took     3.927523 ms
    Computation took 253.663872 ms
    Reading took     138.811000 us
  Sample 65...
Starting computation...
    Writing took     4.108145 ms
    Computation took 253.667194 ms
    Reading took     156.178000 us
  Sample 66...
Starting computation...
    Writing took     4.392438 ms
    Computation took 253.770174 ms
    Reading took     280.012000 us
  Sample 67...
Starting computation...
    Writing took     7.986929 ms
    Computation took 253.796673 ms
    Reading took     150.672000 us
  Sample 68...
Starting computation...
    Writing took     4.245718 ms
    Computation took 254.166616 ms
    Reading took     150.130000 us
  Sample 69...
Starting computation...
    Writing took     4.107814 ms
    Computation took 254.138401 ms
    Reading took     290.410000 us
  Sample 70...
Starting computation...
    Writing took     8.072734 ms
    Computation took 254.208327 ms
    Reading took     225.450000 us
  Sample 71...
Starting computation...
    Writing took     6.389763 ms
    Computation took 253.909975 ms
    Reading took     158.250000 us
  Sample 72...
Starting computation...
    Writing took     6.175803 ms
    Computation took 258.533932 ms
    Reading took     166.933000 us
  Sample 73...
Starting computation...
    Writing took     4.566736 ms
    Computation took 268.433538 ms
    Reading took     202.045000 us
  Sample 74...
Starting computation...
    Writing took     5.637994 ms
    Computation took 271.119715 ms
    Reading took     280.572000 us
  Sample 75...
Starting computation...
    Writing took     5.075932 ms
    Computation took 270.136089 ms
    Reading took     172.989000 us
  Sample 76...
Starting computation...
    Writing took     4.891891 ms
    Computation took 264.298806 ms
    Reading took     189.388000 us
  Sample 77...
Starting computation...
    Writing took     4.891748 ms
    Computation took 262.901988 ms
    Reading took     274.466000 us
  Sample 78...
Starting computation...
    Writing took     8.337190 ms
    Computation took 257.540782 ms
    Reading took     177.061000 us
  Sample 79...
Starting computation...
    Writing took     4.922443 ms
    Computation took 257.448910 ms
    Reading took     182.418000 us
  Sample 80...
Starting computation...
    Writing took     4.889286 ms
    Computation took 256.607937 ms
    Reading took     173.380000 us
  Sample 81...
Starting computation...
    Writing took     5.394214 ms
    Computation took 254.583762 ms
    Reading took     173.578000 us
  Sample 82...
Starting computation...
    Writing took     4.920607 ms
    Computation took 254.064823 ms
    Reading took     172.724000 us
  Sample 83...
Starting computation...
    Writing took     4.904469 ms
    Computation took 253.701842 ms
    Reading took     181.785000 us
  Sample 84...
Starting computation...
    Writing took     4.932911 ms
    Computation took 253.710017 ms
    Reading took     173.918000 us
  Sample 85...
Starting computation...
    Writing took     4.983033 ms
    Computation took 253.749243 ms
    Reading took     173.707000 us
  Sample 86...
Starting computation...
    Writing took     5.785706 ms
    Computation took 253.750545 ms
    Reading took     172.699000 us
  Sample 87...
Starting computation...
    Writing took     4.907062 ms
    Computation took 253.685326 ms
    Reading took     176.630000 us
  Sample 88...
Starting computation...
    Writing took     4.932516 ms
    Computation took 253.740735 ms
    Reading took     174.362000 us
  Sample 89...
Starting computation...
    Writing took     4.928325 ms
    Computation took 253.727954 ms
    Reading took     175.344000 us
  Sample 90...
Starting computation...
    Writing took     4.900580 ms
    Computation took 253.716056 ms
    Reading took     153.158000 us
  Sample 91...
Starting computation...
    Writing took     4.186249 ms
    Computation took 253.728431 ms
    Reading took     141.841000 us
  Sample 92...
Starting computation...
    Writing took     3.846822 ms
    Computation took 253.681107 ms
    Reading took     139.740000 us
  Sample 93...
Starting computation...
    Writing took     3.950949 ms
    Computation took 253.689793 ms
    Reading took     249.443000 us
  Sample 94...
Starting computation...
    Writing took     7.199592 ms
    Computation took 253.722862 ms
    Reading took     176.586000 us
  Sample 95...
Starting computation...
    Writing took     4.158543 ms
    Computation took 253.698284 ms
    Reading took     154.914000 us
  Sample 96...
Starting computation...
    Writing took     4.250806 ms
    Computation took 253.683175 ms
    Reading took     202.618000 us
  Sample 97...
Starting computation...
    Writing took     4.900743 ms
    Computation took 253.732672 ms
    Reading took     216.341000 us
  Sample 98...
Starting computation...
    Writing took     5.919260 ms
    Computation took 253.714218 ms
    Reading took     185.354000 us
  Sample 99...
Starting computation...
    Writing took     4.709374 ms
    Computation took 253.687036 ms
    Reading took     182.644000 us
Mean computation time: 256.860020 ms
Mean deviation: 3.764027 ms (1.4654%)
Mean computation time (per hash): 4.077142 ms
Mean deviation (per hash): 59.746000 us
