Using device #0: CUDA Device 'GeForce GTX 1080 Ti'
  Sample 0...
Starting computation...
    Writing took     6.600340 ms
    Computation took 250.595873 ms
    Reading took     147.239000 us
  Sample 1...
Starting computation...
    Writing took     3.484933 ms
    Computation took 250.367243 ms
    Reading took     148.471000 us
  Sample 2...
Starting computation...
    Writing took     3.782205 ms
    Computation took 250.379628 ms
    Reading took     153.423000 us
  Sample 3...
Starting computation...
    Writing took     3.781892 ms
    Computation took 250.335041 ms
    Reading took     145.127000 us
  Sample 4...
Starting computation...
    Writing took     3.798865 ms
    Computation took 250.445345 ms
    Reading took     135.130000 us
  Sample 5...
Starting computation...
    Writing took     3.457048 ms
    Computation took 250.342171 ms
    Reading took     132.301000 us
  Sample 6...
Starting computation...
    Writing took     3.446267 ms
    Computation took 250.368107 ms
    Reading took     227.706000 us
  Sample 7...
Starting computation...
    Writing took     7.338718 ms
    Computation took 250.348346 ms
    Reading took     165.261000 us
  Sample 8...
Starting computation...
    Writing took     4.464493 ms
    Computation took 250.462321 ms
    Reading took     177.751000 us
  Sample 9...
Starting computation...
    Writing took     4.866597 ms
    Computation took 250.434428 ms
    Reading took     185.773000 us
  Sample 10...
Starting computation...
    Writing took     4.484233 ms
    Computation took 250.385356 ms
    Reading took     165.068000 us
  Sample 11...
Starting computation...
    Writing took     4.458493 ms
    Computation took 250.409151 ms
    Reading took     157.224000 us
  Sample 12...
Starting computation...
    Writing took     4.412104 ms
    Computation took 250.356302 ms
    Reading took     165.098000 us
  Sample 13...
Starting computation...
    Writing took     4.467166 ms
    Computation took 250.341069 ms
    Reading took     166.069000 us
  Sample 14...
Starting computation...
    Writing took     4.459659 ms
    Computation took 250.350694 ms
    Reading took     166.009000 us
  Sample 15...
Starting computation...
    Writing took     4.258165 ms
    Computation took 250.359210 ms
    Reading took     166.839000 us
  Sample 16...
Starting computation...
    Writing took     4.447913 ms
    Computation took 250.415908 ms
    Reading took     163.555000 us
  Sample 17...
Starting computation...
    Writing took     4.449154 ms
    Computation took 250.407787 ms
    Reading took     273.223000 us
  Sample 18...
Starting computation...
    Writing took     7.549789 ms
    Computation took 250.450760 ms
    Reading took     165.534000 us
  Sample 19...
Starting computation...
    Writing took     4.492300 ms
    Computation took 250.407340 ms
    Reading took     257.803000 us
  Sample 20...
Starting computation...
    Writing took     7.763296 ms
    Computation took 250.411256 ms
    Reading took     189.780000 us
  Sample 21...
Starting computation...
    Writing took     4.902414 ms
    Computation took 250.363695 ms
    Reading took     198.006000 us
  Sample 22...
Starting computation...
    Writing took     4.777366 ms
    Computation took 250.403785 ms
    Reading took     156.163000 us
  Sample 23...
Starting computation...
    Writing took     3.522184 ms
    Computation took 250.346144 ms
    Reading took     147.760000 us
  Sample 24...
Starting computation...
    Writing took     3.434169 ms
    Computation took 250.379060 ms
    Reading took     154.749000 us
  Sample 25...
Starting computation...
    Writing took     3.721202 ms
    Computation took 250.319917 ms
    Reading took     153.648000 us
  Sample 26...
Starting computation...
    Writing took     3.719132 ms
    Computation took 250.333113 ms
    Reading took     157.124000 us
  Sample 27...
Starting computation...
    Writing took     3.825555 ms
    Computation took 250.386915 ms
    Reading took     176.467000 us
  Sample 28...
Starting computation...
    Writing took     4.494195 ms
    Computation took 250.319757 ms
    Reading took     176.690000 us
  Sample 29...
Starting computation...
    Writing took     4.535520 ms
    Computation took 250.342207 ms
    Reading took     180.700000 us
  Sample 30...
Starting computation...
    Writing took     4.492238 ms
    Computation took 250.363530 ms
    Reading took     176.432000 us
  Sample 31...
Starting computation...
    Writing took     4.529858 ms
    Computation took 250.395999 ms
    Reading took     146.266000 us
  Sample 32...
Starting computation...
    Writing took     3.539478 ms
    Computation took 250.396358 ms
    Reading took     141.476000 us
  Sample 33...
Starting computation...
    Writing took     3.379501 ms
    Computation took 250.369070 ms
    Reading took     155.126000 us
  Sample 34...
Starting computation...
    Writing took     3.734282 ms
    Computation took 250.333554 ms
    Reading took     263.363000 us
  Sample 35...
Starting computation...
    Writing took     7.500282 ms
    Computation took 250.376034 ms
    Reading took     176.091000 us
  Sample 36...
Starting computation...
    Writing took     4.484601 ms
    Computation took 250.360976 ms
    Reading took     174.018000 us
  Sample 37...
Starting computation...
    Writing took     4.511812 ms
    Computation took 250.408160 ms
    Reading took     177.457000 us
  Sample 38...
Starting computation...
    Writing took     4.516633 ms
    Computation took 250.432715 ms
    Reading took     178.812000 us
  Sample 39...
Starting computation...
    Writing took     4.555451 ms
    Computation took 250.417803 ms
    Reading took     188.018000 us
  Sample 40...
Starting computation...
    Writing took     4.533056 ms
    Computation took 250.427842 ms
    Reading took     177.412000 us
  Sample 41...
Starting computation...
    Writing took     4.512176 ms
    Computation took 250.379820 ms
    Reading took     179.420000 us
  Sample 42...
Starting computation...
    Writing took     4.539367 ms
    Computation took 250.428015 ms
    Reading took     177.917000 us
  Sample 43...
Starting computation...
    Writing took     4.573879 ms
    Computation took 250.416274 ms
    Reading took     272.259000 us
  Sample 44...
Starting computation...
    Writing took     7.792787 ms
    Computation took 250.428160 ms
    Reading took     266.961000 us
  Sample 45...
Starting computation...
    Writing took     7.110988 ms
    Computation took 250.424850 ms
    Reading took     178.454000 us
  Sample 46...
Starting computation...
    Writing took     4.538750 ms
    Computation took 250.400124 ms
    Reading took     177.414000 us
  Sample 47...
Starting computation...
    Writing took     4.514155 ms
    Computation took 250.405330 ms
    Reading took     144.301000 us
  Sample 48...
Starting computation...
    Writing took     3.501860 ms
    Computation took 250.351420 ms
    Reading took     154.126000 us
  Sample 49...
Starting computation...
    Writing took     3.616989 ms
    Computation took 250.352986 ms
    Reading took     158.031000 us
  Sample 50...
Starting computation...
    Writing took     3.688585 ms
    Computation took 250.386642 ms
    Reading took     218.361000 us
  Sample 51...
Starting computation...
    Writing took     5.473344 ms
    Computation took 250.397967 ms
    Reading took     151.836000 us
  Sample 52...
Starting computation...
    Writing took     3.688813 ms
    Computation took 250.370877 ms
    Reading took     156.038000 us
  Sample 53...
Starting computation...
    Writing took     3.863687 ms
    Computation took 250.396727 ms
    Reading took     177.072000 us
  Sample 54...
Starting computation...
    Writing took     8.133942 ms
    Computation took 250.445689 ms
    Reading took     138.224000 us
  Sample 55...
Starting computation...
    Writing took     3.528954 ms
    Computation took 250.340258 ms
    Reading took     131.760000 us
  Sample 56...
Starting computation...
    Writing took     3.451923 ms
    Computation took 250.358681 ms
    Reading took     133.164000 us
  Sample 57...
Starting computation...
    Writing took     3.501881 ms
    Computation took 250.361037 ms
    Reading took     133.438000 us
  Sample 58...
Starting computation...
    Writing took     3.514366 ms
    Computation took 254.470538 ms
    Reading took     131.925000 us
  Sample 59...
Starting computation...
    Writing took     3.508658 ms
    Computation took 264.103635 ms
    Reading took     144.099000 us
  Sample 60...
Starting computation...
    Writing took     3.834178 ms
    Computation took 266.538291 ms
    Reading took     139.883000 us
  Sample 61...
Starting computation...
    Writing took     3.696524 ms
    Computation took 264.797302 ms
    Reading took     141.320000 us
  Sample 62...
Starting computation...
    Writing took     3.515923 ms
    Computation took 261.822314 ms
    Reading took     165.202000 us
  Sample 63...
Starting computation...
    Writing took     4.469018 ms
    Computation took 256.084848 ms
    Reading took     164.690000 us
  Sample 64...
Starting computation...
    Writing took     4.511575 ms
    Computation took 255.606327 ms
    Reading took     132.495000 us
  Sample 65...
Starting computation...
    Writing took     3.468076 ms
    Computation took 254.140261 ms
    Reading took     163.990000 us
  Sample 66...
Starting computation...
    Writing took     4.535003 ms
    Computation took 251.890299 ms
    Reading took     178.333000 us
  Sample 67...
Starting computation...
    Writing took     4.860179 ms
    Computation took 251.449198 ms
    Reading took     178.151000 us
  Sample 68...
Starting computation...
    Writing took     4.833579 ms
    Computation took 250.416791 ms
    Reading took     146.384000 us
  Sample 69...
Starting computation...
    Writing took     3.914391 ms
    Computation took 250.374510 ms
    Reading took     157.472000 us
  Sample 70...
Starting computation...
    Writing took     3.676061 ms
    Computation took 250.317361 ms
    Reading took     143.463000 us
  Sample 71...
Starting computation...
    Writing took     3.871761 ms
    Computation took 250.404260 ms
    Reading took     189.302000 us
  Sample 72...
Starting computation...
    Writing took     5.087685 ms
    Computation took 250.380213 ms
    Reading took     179.525000 us
  Sample 73...
Starting computation...
    Writing took     4.772925 ms
    Computation took 250.380473 ms
    Reading took     195.331000 us
  Sample 74...
Starting computation...
    Writing took     4.849877 ms
    Computation took 250.329711 ms
    Reading took     157.857000 us
  Sample 75...
Starting computation...
    Writing took     4.125033 ms
    Computation took 250.367151 ms
    Reading took     157.848000 us
  Sample 76...
Starting computation...
    Writing took     3.992838 ms
    Computation took 250.352107 ms
    Reading took     164.810000 us
  Sample 77...
Starting computation...
    Writing took     4.467863 ms
    Computation took 250.395579 ms
    Reading took     164.740000 us
  Sample 78...
Starting computation...
    Writing took     4.459364 ms
    Computation took 250.417377 ms
    Reading took     164.393000 us
  Sample 79...
Starting computation...
    Writing took     4.516441 ms
    Computation took 250.435200 ms
    Reading took     162.029000 us
  Sample 80...
Starting computation...
    Writing took     4.521745 ms
    Computation took 250.441280 ms
    Reading took     164.547000 us
  Sample 81...
Starting computation...
    Writing took     4.467040 ms
    Computation took 250.424320 ms
    Reading took     163.391000 us
  Sample 82...
Starting computation...
    Writing took     4.454559 ms
    Computation took 250.411055 ms
    Reading took     173.640000 us
  Sample 83...
Starting computation...
    Writing took     4.528180 ms
    Computation took 250.390289 ms
    Reading took     164.890000 us
  Sample 84...
Starting computation...
    Writing took     4.474646 ms
    Computation took 250.361876 ms
    Reading took     136.392000 us
  Sample 85...
Starting computation...
    Writing took     3.470370 ms
    Computation took 250.343997 ms
    Reading took     132.906000 us
  Sample 86...
Starting computation...
    Writing took     3.460382 ms
    Computation took 250.371485 ms
    Reading took     134.639000 us
  Sample 87...
Starting computation...
    Writing took     3.506829 ms
    Computation took 250.326144 ms
    Reading took     148.373000 us
  Sample 88...
Starting computation...
    Writing took     3.888769 ms
    Computation took 250.352653 ms
    Reading took     145.418000 us
  Sample 89...
Starting computation...
    Writing took     3.830559 ms
    Computation took 250.362474 ms
    Reading took     161.694000 us
  Sample 90...
Starting computation...
    Writing took     3.828204 ms
    Computation took 250.414791 ms
    Reading took     276.529000 us
  Sample 91...
Starting computation...
    Writing took     8.104585 ms
    Computation took 250.402702 ms
    Reading took     175.877000 us
  Sample 92...
Starting computation...
    Writing took     4.854089 ms
    Computation took 250.373744 ms
    Reading took     166.759000 us
  Sample 93...
Starting computation...
    Writing took     4.460395 ms
    Computation took 250.402266 ms
    Reading took     184.044000 us
  Sample 94...
Starting computation...
    Writing took     4.489891 ms
    Computation took 250.384060 ms
    Reading took     164.000000 us
  Sample 95...
Starting computation...
    Writing took     5.176073 ms
    Computation took 250.410001 ms
    Reading took     166.082000 us
  Sample 96...
Starting computation...
    Writing took     4.454311 ms
    Computation took 250.411543 ms
    Reading took     165.497000 us
  Sample 97...
Starting computation...
    Writing took     4.475041 ms
    Computation took 250.409547 ms
    Reading took     144.609000 us
  Sample 98...
Starting computation...
    Writing took     3.744880 ms
    Computation took 250.374513 ms
    Reading took     140.693000 us
  Sample 99...
Starting computation...
    Writing took     3.723682 ms
    Computation took 250.387212 ms
    Reading took     138.599000 us
Mean computation time: 251.157245 ms
Mean deviation: 1.386611 ms (0.552089%)
Mean computation time (per hash): 4.185953 ms
Mean deviation (per hash): 23.109000 us
