Using device #0: CUDA Device 'GeForce GTX 1080 Ti'
  Sample 0...
Starting computation...
    Writing took     8.673826 ms
    Computation took 372.038786 ms
    Reading took     317.040000 us
  Sample 1...
Starting computation...
    Writing took     8.648521 ms
    Computation took 370.991464 ms
    Reading took     314.365000 us
  Sample 2...
Starting computation...
    Writing took     8.651090 ms
    Computation took 370.260922 ms
    Reading took     313.479000 us
  Sample 3...
Starting computation...
    Writing took     8.665172 ms
    Computation took 370.257366 ms
    Reading took     319.395000 us
  Sample 4...
Starting computation...
    Writing took     9.131390 ms
    Computation took 370.748399 ms
    Reading took     461.643000 us
  Sample 5...
Starting computation...
    Writing took     14.643303 ms
    Computation took 370.435139 ms
    Reading took     283.764000 us
  Sample 6...
Starting computation...
    Writing took     7.776256 ms
    Computation took 370.839990 ms
    Reading took     289.044000 us
  Sample 7...
Starting computation...
    Writing took     10.357417 ms
    Computation took 372.364869 ms
    Reading took     321.730000 us
  Sample 8...
Starting computation...
    Writing took     8.644367 ms
    Computation took 377.638158 ms
    Reading took     425.477000 us
  Sample 9...
Starting computation...
    Writing took     9.618210 ms
    Computation took 379.997301 ms
    Reading took     337.058000 us
  Sample 10...
Starting computation...
    Writing took     9.457849 ms
    Computation took 377.274760 ms
    Reading took     344.084000 us
  Sample 11...
Starting computation...
    Writing took     9.485150 ms
    Computation took 374.396776 ms
    Reading took     329.741000 us
  Sample 12...
Starting computation...
    Writing took     8.697274 ms
    Computation took 371.361688 ms
    Reading took     291.585000 us
  Sample 13...
Starting computation...
    Writing took     8.079396 ms
    Computation took 371.689754 ms
    Reading took     312.054000 us
  Sample 14...
Starting computation...
    Writing took     8.657881 ms
    Computation took 371.162658 ms
    Reading took     531.851000 us
  Sample 15...
Starting computation...
    Writing took     15.730269 ms
    Computation took 370.943564 ms
    Reading took     350.576000 us
  Sample 16...
Starting computation...
    Writing took     9.420322 ms
    Computation took 370.274893 ms
    Reading took     305.988000 us
  Sample 17...
Starting computation...
    Writing took     8.143370 ms
    Computation took 370.296295 ms
    Reading took     419.352000 us
  Sample 18...
Starting computation...
    Writing took     9.678761 ms
    Computation took 371.182112 ms
    Reading took     552.770000 us
  Sample 19...
Starting computation...
    Writing took     9.789639 ms
    Computation took 371.422383 ms
    Reading took     312.526000 us
  Sample 20...
Starting computation...
    Writing took     9.293865 ms
    Computation took 372.281261 ms
    Reading took     321.967000 us
  Sample 21...
Starting computation...
    Writing took     8.674162 ms
    Computation took 373.539166 ms
    Reading took     300.192000 us
  Sample 22...
Starting computation...
    Writing took     8.373736 ms
    Computation took 373.114133 ms
    Reading took     333.404000 us
  Sample 23...
Starting computation...
    Writing took     8.396422 ms
    Computation took 372.654424 ms
    Reading took     301.752000 us
  Sample 24...
Starting computation...
    Writing took     7.840652 ms
    Computation took 371.639744 ms
    Reading took     461.729000 us
  Sample 25...
Starting computation...
    Writing took     14.733667 ms
    Computation took 371.514312 ms
    Reading took     335.633000 us
  Sample 26...
Starting computation...
    Writing took     8.187563 ms
    Computation took 372.356083 ms
    Reading took     294.118000 us
  Sample 27...
Starting computation...
    Writing took     8.003134 ms
    Computation took 373.356689 ms
    Reading took     312.401000 us
  Sample 28...
Starting computation...
    Writing took     9.712458 ms
    Computation took 373.886581 ms
    Reading took     314.337000 us
  Sample 29...
Starting computation...
    Writing took     8.648870 ms
    Computation took 373.781463 ms
    Reading took     408.727000 us
  Sample 30...
Starting computation...
    Writing took     11.268031 ms
    Computation took 371.866415 ms
    Reading took     336.817000 us
  Sample 31...
Starting computation...
    Writing took     9.571062 ms
    Computation took 372.130850 ms
    Reading took     311.859000 us
  Sample 32...
Starting computation...
    Writing took     8.644956 ms
    Computation took 372.164200 ms
    Reading took     311.599000 us
  Sample 33...
Starting computation...
    Writing took     8.627343 ms
    Computation took 371.945009 ms
    Reading took     313.229000 us
  Sample 34...
Starting computation...
    Writing took     8.654337 ms
    Computation took 372.390712 ms
    Reading took     595.899000 us
  Sample 35...
Starting computation...
    Writing took     13.602434 ms
    Computation took 371.696330 ms
    Reading took     337.430000 us
  Sample 36...
Starting computation...
    Writing took     9.472460 ms
    Computation took 370.888437 ms
    Reading took     313.844000 us
  Sample 37...
Starting computation...
    Writing took     8.678106 ms
    Computation took 371.749498 ms
    Reading took     312.716000 us
  Sample 38...
Starting computation...
    Writing took     8.883017 ms
    Computation took 372.785828 ms
    Reading took     323.136000 us
  Sample 39...
Starting computation...
    Writing took     8.653408 ms
    Computation took 372.925139 ms
    Reading took     311.151000 us
  Sample 40...
Starting computation...
    Writing took     8.655217 ms
    Computation took 373.780224 ms
    Reading took     309.806000 us
  Sample 41...
Starting computation...
    Writing took     8.683736 ms
    Computation took 372.603340 ms
    Reading took     317.374000 us
  Sample 42...
Starting computation...
    Writing took     10.391519 ms
    Computation took 372.974987 ms
    Reading took     314.172000 us
  Sample 43...
Starting computation...
    Writing took     8.814509 ms
    Computation took 372.219591 ms
    Reading took     434.887000 us
  Sample 44...
Starting computation...
    Writing took     10.081950 ms
    Computation took 371.315765 ms
    Reading took     315.403000 us
  Sample 45...
Starting computation...
    Writing took     8.685865 ms
    Computation took 372.461934 ms
    Reading took     551.027000 us
  Sample 46...
Starting computation...
    Writing took     15.407512 ms
    Computation took 373.485620 ms
    Reading took     311.403000 us
  Sample 47...
Starting computation...
    Writing took     8.650846 ms
    Computation took 372.749043 ms
    Reading took     335.588000 us
  Sample 48...
Starting computation...
    Writing took     9.451931 ms
    Computation took 371.731864 ms
    Reading took     310.892000 us
  Sample 49...
Starting computation...
    Writing took     8.381827 ms
    Computation took 371.425705 ms
    Reading took     321.692000 us
  Sample 50...
Starting computation...
    Writing took     8.645877 ms
    Computation took 371.366378 ms
    Reading took     502.339000 us
  Sample 51...
Starting computation...
    Writing took     15.090906 ms
    Computation took 370.661113 ms
    Reading took     319.945000 us
  Sample 52...
Starting computation...
    Writing took     9.076813 ms
    Computation took 371.368917 ms
    Reading took     312.699000 us
  Sample 53...
Starting computation...
    Writing took     8.629618 ms
    Computation took 373.349422 ms
    Reading took     311.440000 us
  Sample 54...
Starting computation...
    Writing took     8.904657 ms
    Computation took 372.324060 ms
    Reading took     373.041000 us
  Sample 55...
Starting computation...
    Writing took     8.793713 ms
    Computation took 370.805075 ms
    Reading took     313.610000 us
  Sample 56...
Starting computation...
    Writing took     8.659377 ms
    Computation took 370.519802 ms
    Reading took     313.377000 us
  Sample 57...
Starting computation...
    Writing took     8.638892 ms
    Computation took 370.836218 ms
    Reading took     313.841000 us
  Sample 58...
Starting computation...
    Writing took     9.950608 ms
    Computation took 371.264793 ms
    Reading took     312.363000 us
  Sample 59...
Starting computation...
    Writing took     9.634415 ms
    Computation took 371.079513 ms
    Reading took     311.293000 us
  Sample 60...
Starting computation...
    Writing took     8.670746 ms
    Computation took 371.657800 ms
    Reading took     314.058000 us
  Sample 61...
Starting computation...
    Writing took     8.668538 ms
    Computation took 371.852733 ms
    Reading took     367.310000 us
  Sample 62...
Starting computation...
    Writing took     10.847419 ms
    Computation took 371.160048 ms
    Reading took     321.794000 us
  Sample 63...
Starting computation...
    Writing took     8.663503 ms
    Computation took 370.802091 ms
    Reading took     312.450000 us
  Sample 64...
Starting computation...
    Writing took     8.664260 ms
    Computation took 371.349281 ms
    Reading took     311.300000 us
  Sample 65...
Starting computation...
    Writing took     9.339396 ms
    Computation took 370.985527 ms
    Reading took     312.565000 us
  Sample 66...
Starting computation...
    Writing took     8.984095 ms
    Computation took 370.647734 ms
    Reading took     314.434000 us
  Sample 67...
Starting computation...
    Writing took     8.678052 ms
    Computation took 370.780441 ms
    Reading took     312.502000 us
  Sample 68...
Starting computation...
    Writing took     8.666723 ms
    Computation took 370.423418 ms
    Reading took     314.142000 us
  Sample 69...
Starting computation...
    Writing took     8.644097 ms
    Computation took 370.582114 ms
    Reading took     312.554000 us
  Sample 70...
Starting computation...
    Writing took     8.648972 ms
    Computation took 370.973427 ms
    Reading took     313.561000 us
  Sample 71...
Starting computation...
    Writing took     8.659828 ms
    Computation took 370.972307 ms
    Reading took     314.048000 us
  Sample 72...
Starting computation...
    Writing took     8.674169 ms
    Computation took 371.136896 ms
    Reading took     311.990000 us
  Sample 73...
Starting computation...
    Writing took     10.029885 ms
    Computation took 371.329580 ms
    Reading took     311.320000 us
  Sample 74...
Starting computation...
    Writing took     8.690046 ms
    Computation took 370.675128 ms
    Reading took     311.273000 us
  Sample 75...
Starting computation...
    Writing took     8.657619 ms
    Computation took 370.554381 ms
    Reading took     327.795000 us
  Sample 76...
Starting computation...
    Writing took     9.013162 ms
    Computation took 370.641130 ms
    Reading took     403.728000 us
  Sample 77...
Starting computation...
    Writing took     12.754350 ms
    Computation took 371.320727 ms
    Reading took     311.690000 us
  Sample 78...
Starting computation...
    Writing took     8.644320 ms
    Computation took 371.758636 ms
    Reading took     313.941000 us
  Sample 79...
Starting computation...
    Writing took     8.650670 ms
    Computation took 372.830044 ms
    Reading took     313.387000 us
  Sample 80...
Starting computation...
    Writing took     8.652735 ms
    Computation took 373.232748 ms
    Reading took     311.555000 us
  Sample 81...
Starting computation...
    Writing took     8.650300 ms
    Computation took 374.521644 ms
    Reading took     311.220000 us
  Sample 82...
Starting computation...
    Writing took     8.635454 ms
    Computation took 375.910370 ms
    Reading took     323.133000 us
  Sample 83...
Starting computation...
    Writing took     8.658481 ms
    Computation took 374.265343 ms
    Reading took     311.316000 us
  Sample 84...
Starting computation...
    Writing took     8.660744 ms
    Computation took 373.400484 ms
    Reading took     314.617000 us
  Sample 85...
Starting computation...
    Writing took     8.677080 ms
    Computation took 373.904276 ms
    Reading took     313.663000 us
  Sample 86...
Starting computation...
    Writing took     8.672614 ms
    Computation took 375.148317 ms
    Reading took     314.161000 us
  Sample 87...
Starting computation...
    Writing took     8.658884 ms
    Computation took 375.310345 ms
    Reading took     311.622000 us
  Sample 88...
Starting computation...
    Writing took     10.073103 ms
    Computation took 374.471698 ms
    Reading took     312.602000 us
  Sample 89...
Starting computation...
    Writing took     8.651453 ms
    Computation took 372.590513 ms
    Reading took     303.406000 us
  Sample 90...
Starting computation...
    Writing took     8.451395 ms
    Computation took 372.512153 ms
    Reading took     326.732000 us
  Sample 91...
Starting computation...
    Writing took     8.720947 ms
    Computation took 371.729236 ms
    Reading took     341.065000 us
  Sample 92...
Starting computation...
    Writing took     8.766553 ms
    Computation took 371.317994 ms
    Reading took     337.801000 us
  Sample 93...
Starting computation...
    Writing took     8.793364 ms
    Computation took 371.542333 ms
    Reading took     360.544000 us
  Sample 94...
Starting computation...
    Writing took     8.999738 ms
    Computation took 372.276308 ms
    Reading took     484.816000 us
  Sample 95...
Starting computation...
    Writing took     10.966374 ms
    Computation took 376.256054 ms
    Reading took     502.810000 us
  Sample 96...
Starting computation...
    Writing took     16.416436 ms
    Computation took 374.813891 ms
    Reading took     461.806000 us
  Sample 97...
Starting computation...
    Writing took     12.365079 ms
    Computation took 379.643325 ms
    Reading took     424.227000 us
  Sample 98...
Starting computation...
    Writing took     9.382498 ms
    Computation took 376.303647 ms
    Reading took     363.574000 us
  Sample 99...
Starting computation...
    Writing took     11.358093 ms
    Computation took 375.273596 ms
    Reading took     456.734000 us
Mean computation time: 372.394246 ms
Mean deviation: 1.419011 ms (0.381051%)
Mean computation time (per hash): 3.182856 ms
Mean deviation (per hash): 12.128000 us
