Using device #0: CUDA Device 'GeForce GTX 1080 Ti'
  Sample 0...
Starting computation...
    Writing took     3.413942 ms
    Computation took 199.087639 ms
    Reading took     109.082000 us
  Sample 1...
Starting computation...
    Writing took     2.788280 ms
    Computation took 198.937137 ms
    Reading took     109.953000 us
  Sample 2...
Starting computation...
    Writing took     2.875886 ms
    Computation took 199.011820 ms
    Reading took     112.584000 us
  Sample 3...
Starting computation...
    Writing took     2.993089 ms
    Computation took 199.059664 ms
    Reading took     115.659000 us
  Sample 4...
Starting computation...
    Writing took     2.910059 ms
    Computation took 199.010619 ms
    Reading took     124.785000 us
  Sample 5...
Starting computation...
    Writing took     3.131503 ms
    Computation took 198.982063 ms
    Reading took     113.926000 us
  Sample 6...
Starting computation...
    Writing took     3.096578 ms
    Computation took 198.969243 ms
    Reading took     122.727000 us
  Sample 7...
Starting computation...
    Writing took     3.170464 ms
    Computation took 198.988722 ms
    Reading took     119.125000 us
  Sample 8...
Starting computation...
    Writing took     3.314416 ms
    Computation took 198.934167 ms
    Reading took     129.230000 us
  Sample 9...
Starting computation...
    Writing took     3.405261 ms
    Computation took 199.069736 ms
    Reading took     203.797000 us
  Sample 10...
Starting computation...
    Writing took     5.870748 ms
    Computation took 199.016635 ms
    Reading took     128.674000 us
  Sample 11...
Starting computation...
    Writing took     3.423860 ms
    Computation took 199.065097 ms
    Reading took     128.432000 us
  Sample 12...
Starting computation...
    Writing took     3.481082 ms
    Computation took 199.004553 ms
    Reading took     130.520000 us
  Sample 13...
Starting computation...
    Writing took     3.464050 ms
    Computation took 199.059677 ms
    Reading took     127.491000 us
  Sample 14...
Starting computation...
    Writing took     3.461999 ms
    Computation took 199.021870 ms
    Reading took     128.154000 us
  Sample 15...
Starting computation...
    Writing took     3.471073 ms
    Computation took 199.065997 ms
    Reading took     127.373000 us
  Sample 16...
Starting computation...
    Writing took     3.433835 ms
    Computation took 199.084066 ms
    Reading took     135.070000 us
  Sample 17...
Starting computation...
    Writing took     3.417609 ms
    Computation took 199.057064 ms
    Reading took     127.501000 us
  Sample 18...
Starting computation...
    Writing took     3.450633 ms
    Computation took 199.099243 ms
    Reading took     131.880000 us
  Sample 19...
Starting computation...
    Writing took     3.291737 ms
    Computation took 199.072028 ms
    Reading took     131.203000 us
  Sample 20...
Starting computation...
    Writing took     3.418629 ms
    Computation took 199.005175 ms
    Reading took     130.890000 us
  Sample 21...
Starting computation...
    Writing took     3.440345 ms
    Computation took 199.011745 ms
    Reading took     128.291000 us
  Sample 22...
Starting computation...
    Writing took     3.434663 ms
    Computation took 199.068460 ms
    Reading took     129.690000 us
  Sample 23...
Starting computation...
    Writing took     3.414691 ms
    Computation took 199.023129 ms
    Reading took     127.901000 us
  Sample 24...
Starting computation...
    Writing took     3.454881 ms
    Computation took 199.039135 ms
    Reading took     129.339000 us
  Sample 25...
Starting computation...
    Writing took     3.428361 ms
    Computation took 199.042992 ms
    Reading took     131.549000 us
  Sample 26...
Starting computation...
    Writing took     3.445781 ms
    Computation took 199.016594 ms
    Reading took     130.358000 us
  Sample 27...
Starting computation...
    Writing took     3.442578 ms
    Computation took 199.066893 ms
    Reading took     134.876000 us
  Sample 28...
Starting computation...
    Writing took     3.422197 ms
    Computation took 199.004675 ms
    Reading took     128.937000 us
  Sample 29...
Starting computation...
    Writing took     3.425511 ms
    Computation took 199.016240 ms
    Reading took     134.057000 us
  Sample 30...
Starting computation...
    Writing took     3.434654 ms
    Computation took 198.975122 ms
    Reading took     128.479000 us
  Sample 31...
Starting computation...
    Writing took     3.422797 ms
    Computation took 199.146739 ms
    Reading took     128.850000 us
  Sample 32...
Starting computation...
    Writing took     3.444687 ms
    Computation took 199.024300 ms
    Reading took     110.130000 us
  Sample 33...
Starting computation...
    Writing took     2.845883 ms
    Computation took 199.148931 ms
    Reading took     198.276000 us
  Sample 34...
Starting computation...
    Writing took     6.093242 ms
    Computation took 199.143771 ms
    Reading took     109.937000 us
  Sample 35...
Starting computation...
    Writing took     2.597477 ms
    Computation took 199.026186 ms
    Reading took     114.606000 us
  Sample 36...
Starting computation...
    Writing took     2.765041 ms
    Computation took 199.047207 ms
    Reading took     115.269000 us
  Sample 37...
Starting computation...
    Writing took     2.769254 ms
    Computation took 199.044205 ms
    Reading took     116.635000 us
  Sample 38...
Starting computation...
    Writing took     2.910604 ms
    Computation took 199.106294 ms
    Reading took     115.119000 us
  Sample 39...
Starting computation...
    Writing took     2.691396 ms
    Computation took 199.010486 ms
    Reading took     132.151000 us
  Sample 40...
Starting computation...
    Writing took     3.164977 ms
    Computation took 199.049952 ms
    Reading took     128.203000 us
  Sample 41...
Starting computation...
    Writing took     3.120289 ms
    Computation took 199.041512 ms
    Reading took     130.969000 us
  Sample 42...
Starting computation...
    Writing took     3.206860 ms
    Computation took 199.007945 ms
    Reading took     129.642000 us
  Sample 43...
Starting computation...
    Writing took     3.352156 ms
    Computation took 198.977160 ms
    Reading took     111.027000 us
  Sample 44...
Starting computation...
    Writing took     2.646938 ms
    Computation took 199.009498 ms
    Reading took     150.626000 us
  Sample 45...
Starting computation...
    Writing took     3.765330 ms
    Computation took 199.019296 ms
    Reading took     112.523000 us
  Sample 46...
Starting computation...
    Writing took     2.668301 ms
    Computation took 199.089860 ms
    Reading took     139.095000 us
  Sample 47...
Starting computation...
    Writing took     3.452144 ms
    Computation took 199.070744 ms
    Reading took     143.552000 us
  Sample 48...
Starting computation...
    Writing took     3.489854 ms
    Computation took 199.096375 ms
    Reading took     110.169000 us
  Sample 49...
Starting computation...
    Writing took     2.726256 ms
    Computation took 199.036555 ms
    Reading took     207.750000 us
  Sample 50...
Starting computation...
    Writing took     5.643871 ms
    Computation took 199.112618 ms
    Reading took     137.244000 us
  Sample 51...
Starting computation...
    Writing took     3.449747 ms
    Computation took 199.086586 ms
    Reading took     139.269000 us
  Sample 52...
Starting computation...
    Writing took     3.526002 ms
    Computation took 199.119556 ms
    Reading took     219.306000 us
  Sample 53...
Starting computation...
    Writing took     5.846754 ms
    Computation took 199.075399 ms
    Reading took     137.162000 us
  Sample 54...
Starting computation...
    Writing took     3.493914 ms
    Computation took 199.071793 ms
    Reading took     136.543000 us
  Sample 55...
Starting computation...
    Writing took     3.499569 ms
    Computation took 199.036317 ms
    Reading took     154.548000 us
  Sample 56...
Starting computation...
    Writing took     3.414673 ms
    Computation took 199.095808 ms
    Reading took     137.856000 us
  Sample 57...
Starting computation...
    Writing took     3.464497 ms
    Computation took 199.114567 ms
    Reading took     137.209000 us
  Sample 58...
Starting computation...
    Writing took     3.470304 ms
    Computation took 199.179256 ms
    Reading took     142.777000 us
  Sample 59...
Starting computation...
    Writing took     3.429913 ms
    Computation took 199.076818 ms
    Reading took     138.596000 us
  Sample 60...
Starting computation...
    Writing took     3.466185 ms
    Computation took 199.080684 ms
    Reading took     136.638000 us
  Sample 61...
Starting computation...
    Writing took     3.536074 ms
    Computation took 199.069245 ms
    Reading took     138.496000 us
  Sample 62...
Starting computation...
    Writing took     3.442078 ms
    Computation took 199.025087 ms
    Reading took     138.175000 us
  Sample 63...
Starting computation...
    Writing took     3.456751 ms
    Computation took 199.075177 ms
    Reading took     138.604000 us
  Sample 64...
Starting computation...
    Writing took     3.466781 ms
    Computation took 199.064408 ms
    Reading took     134.823000 us
  Sample 65...
Starting computation...
    Writing took     3.422841 ms
    Computation took 199.150228 ms
    Reading took     138.621000 us
  Sample 66...
Starting computation...
    Writing took     3.459085 ms
    Computation took 199.045191 ms
    Reading took     138.536000 us
  Sample 67...
Starting computation...
    Writing took     3.480003 ms
    Computation took 199.112106 ms
    Reading took     137.281000 us
  Sample 68...
Starting computation...
    Writing took     3.437054 ms
    Computation took 199.108651 ms
    Reading took     123.495000 us
  Sample 69...
Starting computation...
    Writing took     3.129221 ms
    Computation took 199.107635 ms
    Reading took     133.467000 us
  Sample 70...
Starting computation...
    Writing took     3.391129 ms
    Computation took 199.087309 ms
    Reading took     144.576000 us
  Sample 71...
Starting computation...
    Writing took     3.413476 ms
    Computation took 199.168968 ms
    Reading took     133.542000 us
  Sample 72...
Starting computation...
    Writing took     3.460163 ms
    Computation took 199.103797 ms
    Reading took     135.353000 us
  Sample 73...
Starting computation...
    Writing took     3.481609 ms
    Computation took 199.228726 ms
    Reading took     138.682000 us
  Sample 74...
Starting computation...
    Writing took     3.447919 ms
    Computation took 200.104617 ms
    Reading took     134.650000 us
  Sample 75...
Starting computation...
    Writing took     3.445428 ms
    Computation took 200.900914 ms
    Reading took     140.920000 us
  Sample 76...
Starting computation...
    Writing took     3.459762 ms
    Computation took 200.382303 ms
    Reading took     137.584000 us
  Sample 77...
Starting computation...
    Writing took     3.480979 ms
    Computation took 200.913233 ms
    Reading took     137.506000 us
  Sample 78...
Starting computation...
    Writing took     3.481351 ms
    Computation took 201.087034 ms
    Reading took     136.400000 us
  Sample 79...
Starting computation...
    Writing took     3.514411 ms
    Computation took 202.215279 ms
    Reading took     137.969000 us
  Sample 80...
Starting computation...
    Writing took     3.430359 ms
    Computation took 202.985436 ms
    Reading took     137.252000 us
  Sample 81...
Starting computation...
    Writing took     3.463785 ms
    Computation took 202.332818 ms
    Reading took     176.142000 us
  Sample 82...
Starting computation...
    Writing took     5.414835 ms
    Computation took 203.130325 ms
    Reading took     139.043000 us
  Sample 83...
Starting computation...
    Writing took     3.504534 ms
    Computation took 203.152096 ms
    Reading took     140.190000 us
  Sample 84...
Starting computation...
    Writing took     3.433354 ms
    Computation took 203.508399 ms
    Reading took     149.247000 us
  Sample 85...
Starting computation...
    Writing took     3.445744 ms
    Computation took 204.004323 ms
    Reading took     137.270000 us
  Sample 86...
Starting computation...
    Writing took     3.474511 ms
    Computation took 204.274843 ms
    Reading took     181.834000 us
  Sample 87...
Starting computation...
    Writing took     3.371776 ms
    Computation took 203.532742 ms
    Reading took     136.313000 us
  Sample 88...
Starting computation...
    Writing took     3.566439 ms
    Computation took 203.027593 ms
    Reading took     138.839000 us
  Sample 89...
Starting computation...
    Writing took     3.453924 ms
    Computation took 203.306171 ms
    Reading took     149.830000 us
  Sample 90...
Starting computation...
    Writing took     3.943328 ms
    Computation took 204.157392 ms
    Reading took     139.500000 us
  Sample 91...
Starting computation...
    Writing took     3.419876 ms
    Computation took 204.216094 ms
    Reading took     144.870000 us
  Sample 92...
Starting computation...
    Writing took     3.437949 ms
    Computation took 203.677367 ms
    Reading took     139.320000 us
  Sample 93...
Starting computation...
    Writing took     3.515550 ms
    Computation took 201.336881 ms
    Reading took     137.506000 us
  Sample 94...
Starting computation...
    Writing took     3.422941 ms
    Computation took 199.504101 ms
    Reading took     136.750000 us
  Sample 95...
Starting computation...
    Writing took     3.462696 ms
    Computation took 200.133575 ms
    Reading took     137.088000 us
  Sample 96...
Starting computation...
    Writing took     3.452802 ms
    Computation took 201.304324 ms
    Reading took     225.383000 us
  Sample 97...
Starting computation...
    Writing took     5.967608 ms
    Computation took 201.308196 ms
    Reading took     217.075000 us
  Sample 98...
Starting computation...
    Writing took     5.856332 ms
    Computation took 200.060779 ms
    Reading took     114.269000 us
  Sample 99...
Starting computation...
    Writing took     2.686033 ms
    Computation took 200.213809 ms
    Reading took     118.328000 us
Mean computation time: 199.851307 ms
Mean deviation: 1.179676 ms (0.590277%)
Mean computation time (per hash): 4.344593 ms
Mean deviation (per hash): 25.645000 us
