Using device #0: CUDA Device 'GeForce GTX 1080 Ti'
  Sample 0...
Starting computation...
    Writing took     3.636061 ms
    Computation took 208.695139 ms
    Reading took     70.858000 us
  Sample 1...
Starting computation...
    Writing took     1.637447 ms
    Computation took 207.977182 ms
    Reading took     65.076000 us
  Sample 2...
Starting computation...
    Writing took     1.660935 ms
    Computation took 207.867641 ms
    Reading took     68.600000 us
  Sample 3...
Starting computation...
    Writing took     1.730882 ms
    Computation took 207.744118 ms
    Reading took     65.239000 us
  Sample 4...
Starting computation...
    Writing took     1.688683 ms
    Computation took 208.068677 ms
    Reading took     67.184000 us
  Sample 5...
Starting computation...
    Writing took     1.746940 ms
    Computation took 208.450421 ms
    Reading took     61.732000 us
  Sample 6...
Starting computation...
    Writing took     1.574423 ms
    Computation took 208.053686 ms
    Reading took     61.336000 us
  Sample 7...
Starting computation...
    Writing took     1.569926 ms
    Computation took 207.712559 ms
    Reading took     63.462000 us
  Sample 8...
Starting computation...
    Writing took     1.627324 ms
    Computation took 207.912805 ms
    Reading took     83.005000 us
  Sample 9...
Starting computation...
    Writing took     2.000695 ms
    Computation took 207.906607 ms
    Reading took     62.276000 us
  Sample 10...
Starting computation...
    Writing took     1.561109 ms
    Computation took 208.338680 ms
    Reading took     60.975000 us
  Sample 11...
Starting computation...
    Writing took     1.560191 ms
    Computation took 208.119111 ms
    Reading took     64.769000 us
  Sample 12...
Starting computation...
    Writing took     1.671525 ms
    Computation took 208.525507 ms
    Reading took     60.642000 us
  Sample 13...
Starting computation...
    Writing took     1.633967 ms
    Computation took 207.649818 ms
    Reading took     69.134000 us
  Sample 14...
Starting computation...
    Writing took     1.705067 ms
    Computation took 207.906641 ms
    Reading took     61.630000 us
  Sample 15...
Starting computation...
    Writing took     1.609924 ms
    Computation took 207.666284 ms
    Reading took     59.714000 us
  Sample 16...
Starting computation...
    Writing took     1.643180 ms
    Computation took 207.689263 ms
    Reading took     65.146000 us
  Sample 17...
Starting computation...
    Writing took     1.658494 ms
    Computation took 207.797137 ms
    Reading took     62.967000 us
  Sample 18...
Starting computation...
    Writing took     1.574965 ms
    Computation took 208.499434 ms
    Reading took     61.497000 us
  Sample 19...
Starting computation...
    Writing took     1.567355 ms
    Computation took 208.579144 ms
    Reading took     65.960000 us
  Sample 20...
Starting computation...
    Writing took     1.664339 ms
    Computation took 209.792809 ms
    Reading took     61.369000 us
  Sample 21...
Starting computation...
    Writing took     1.569572 ms
    Computation took 207.970015 ms
    Reading took     61.314000 us
  Sample 22...
Starting computation...
    Writing took     1.611089 ms
    Computation took 208.099975 ms
    Reading took     61.859000 us
  Sample 23...
Starting computation...
    Writing took     1.565201 ms
    Computation took 208.510459 ms
    Reading took     62.334000 us
  Sample 24...
Starting computation...
    Writing took     1.685080 ms
    Computation took 208.233475 ms
    Reading took     60.375000 us
  Sample 25...
Starting computation...
    Writing took     1.519966 ms
    Computation took 208.545949 ms
    Reading took     65.609000 us
  Sample 26...
Starting computation...
    Writing took     1.714110 ms
    Computation took 208.541799 ms
    Reading took     66.355000 us
  Sample 27...
Starting computation...
    Writing took     1.678138 ms
    Computation took 208.361691 ms
    Reading took     67.329000 us
  Sample 28...
Starting computation...
    Writing took     1.697488 ms
    Computation took 208.522783 ms
    Reading took     61.576000 us
  Sample 29...
Starting computation...
    Writing took     1.610649 ms
    Computation took 207.706977 ms
    Reading took     64.864000 us
  Sample 30...
Starting computation...
    Writing took     1.589174 ms
    Computation took 208.194760 ms
    Reading took     66.102000 us
  Sample 31...
Starting computation...
    Writing took     1.580108 ms
    Computation took 207.904341 ms
    Reading took     65.719000 us
  Sample 32...
Starting computation...
    Writing took     1.732195 ms
    Computation took 208.167790 ms
    Reading took     61.288000 us
  Sample 33...
Starting computation...
    Writing took     1.555680 ms
    Computation took 209.704734 ms
    Reading took     64.388000 us
  Sample 34...
Starting computation...
    Writing took     1.649218 ms
    Computation took 208.607315 ms
    Reading took     61.414000 us
  Sample 35...
Starting computation...
    Writing took     1.645209 ms
    Computation took 209.300350 ms
    Reading took     62.136000 us
  Sample 36...
Starting computation...
    Writing took     1.559681 ms
    Computation took 207.763365 ms
    Reading took     109.360000 us
  Sample 37...
Starting computation...
    Writing took     2.885095 ms
    Computation took 209.219465 ms
    Reading took     81.316000 us
  Sample 38...
Starting computation...
    Writing took     2.205432 ms
    Computation took 208.154265 ms
    Reading took     83.022000 us
  Sample 39...
Starting computation...
    Writing took     2.203547 ms
    Computation took 209.653131 ms
    Reading took     63.880000 us
  Sample 40...
Starting computation...
    Writing took     1.626620 ms
    Computation took 207.980626 ms
    Reading took     67.263000 us
  Sample 41...
Starting computation...
    Writing took     1.779593 ms
    Computation took 207.711971 ms
    Reading took     61.880000 us
  Sample 42...
Starting computation...
    Writing took     1.533049 ms
    Computation took 207.835222 ms
    Reading took     60.466000 us
  Sample 43...
Starting computation...
    Writing took     1.577922 ms
    Computation took 207.780042 ms
    Reading took     68.676000 us
  Sample 44...
Starting computation...
    Writing took     1.671197 ms
    Computation took 208.184296 ms
    Reading took     62.710000 us
  Sample 45...
Starting computation...
    Writing took     1.562120 ms
    Computation took 207.898519 ms
    Reading took     120.734000 us
  Sample 46...
Starting computation...
    Writing took     3.106296 ms
    Computation took 209.275956 ms
    Reading took     73.339000 us
  Sample 47...
Starting computation...
    Writing took     1.677512 ms
    Computation took 208.526488 ms
    Reading took     66.083000 us
  Sample 48...
Starting computation...
    Writing took     1.527452 ms
    Computation took 209.426723 ms
    Reading took     67.534000 us
  Sample 49...
Starting computation...
    Writing took     1.553734 ms
    Computation took 207.722748 ms
    Reading took     88.046000 us
  Sample 50...
Starting computation...
    Writing took     3.196073 ms
    Computation took 207.814810 ms
    Reading took     70.774000 us
  Sample 51...
Starting computation...
    Writing took     1.590125 ms
    Computation took 208.100758 ms
    Reading took     71.247000 us
  Sample 52...
Starting computation...
    Writing took     1.628988 ms
    Computation took 207.897580 ms
    Reading took     69.962000 us
  Sample 53...
Starting computation...
    Writing took     1.584440 ms
    Computation took 208.118016 ms
    Reading took     68.321000 us
  Sample 54...
Starting computation...
    Writing took     1.680082 ms
    Computation took 208.130525 ms
    Reading took     72.205000 us
  Sample 55...
Starting computation...
    Writing took     1.721737 ms
    Computation took 208.475080 ms
    Reading took     85.198000 us
  Sample 56...
Starting computation...
    Writing took     2.065463 ms
    Computation took 208.105930 ms
    Reading took     82.144000 us
  Sample 57...
Starting computation...
    Writing took     2.068935 ms
    Computation took 207.911977 ms
    Reading took     82.430000 us
  Sample 58...
Starting computation...
    Writing took     2.050233 ms
    Computation took 207.962300 ms
    Reading took     82.348000 us
  Sample 59...
Starting computation...
    Writing took     2.084194 ms
    Computation took 208.406503 ms
    Reading took     84.737000 us
  Sample 60...
Starting computation...
    Writing took     2.027243 ms
    Computation took 209.172912 ms
    Reading took     83.727000 us
  Sample 61...
Starting computation...
    Writing took     2.036644 ms
    Computation took 208.137627 ms
    Reading took     83.570000 us
  Sample 62...
Starting computation...
    Writing took     2.062785 ms
    Computation took 209.209596 ms
    Reading took     81.212000 us
  Sample 63...
Starting computation...
    Writing took     2.014297 ms
    Computation took 207.749109 ms
    Reading took     82.037000 us
  Sample 64...
Starting computation...
    Writing took     2.034383 ms
    Computation took 208.584673 ms
    Reading took     98.007000 us
  Sample 65...
Starting computation...
    Writing took     2.434616 ms
    Computation took 209.437543 ms
    Reading took     84.670000 us
  Sample 66...
Starting computation...
    Writing took     2.043380 ms
    Computation took 207.883952 ms
    Reading took     69.221000 us
  Sample 67...
Starting computation...
    Writing took     1.572366 ms
    Computation took 208.287927 ms
    Reading took     67.555000 us
  Sample 68...
Starting computation...
    Writing took     1.525849 ms
    Computation took 207.729363 ms
    Reading took     65.404000 us
  Sample 69...
Starting computation...
    Writing took     1.523925 ms
    Computation took 207.629659 ms
    Reading took     69.521000 us
  Sample 70...
Starting computation...
    Writing took     1.636871 ms
    Computation took 207.966003 ms
    Reading took     66.737000 us
  Sample 71...
Starting computation...
    Writing took     1.613434 ms
    Computation took 207.768161 ms
    Reading took     77.210000 us
  Sample 72...
Starting computation...
    Writing took     1.782110 ms
    Computation took 207.787329 ms
    Reading took     72.665000 us
  Sample 73...
Starting computation...
    Writing took     1.677176 ms
    Computation took 212.475737 ms
    Reading took     78.216000 us
  Sample 74...
Starting computation...
    Writing took     2.005588 ms
    Computation took 208.684788 ms
    Reading took     125.698000 us
  Sample 75...
Starting computation...
    Writing took     3.468351 ms
    Computation took 207.984564 ms
    Reading took     98.092000 us
  Sample 76...
Starting computation...
    Writing took     2.666559 ms
    Computation took 207.739779 ms
    Reading took     69.350000 us
  Sample 77...
Starting computation...
    Writing took     1.530283 ms
    Computation took 208.035127 ms
    Reading took     68.331000 us
  Sample 78...
Starting computation...
    Writing took     1.673411 ms
    Computation took 209.152383 ms
    Reading took     70.021000 us
  Sample 79...
Starting computation...
    Writing took     1.625558 ms
    Computation took 207.676273 ms
    Reading took     69.026000 us
  Sample 80...
Starting computation...
    Writing took     1.632221 ms
    Computation took 209.487517 ms
    Reading took     67.700000 us
  Sample 81...
Starting computation...
    Writing took     1.624547 ms
    Computation took 209.063253 ms
    Reading took     71.296000 us
  Sample 82...
Starting computation...
    Writing took     1.657301 ms
    Computation took 207.768354 ms
    Reading took     68.386000 us
  Sample 83...
Starting computation...
    Writing took     1.630681 ms
    Computation took 207.951214 ms
    Reading took     72.294000 us
  Sample 84...
Starting computation...
    Writing took     1.698790 ms
    Computation took 207.901546 ms
    Reading took     68.846000 us
  Sample 85...
Starting computation...
    Writing took     1.581436 ms
    Computation took 208.172348 ms
    Reading took     68.478000 us
  Sample 86...
Starting computation...
    Writing took     1.694244 ms
    Computation took 207.695155 ms
    Reading took     110.607000 us
  Sample 87...
Starting computation...
    Writing took     2.616481 ms
    Computation took 207.960409 ms
    Reading took     81.400000 us
  Sample 88...
Starting computation...
    Writing took     1.703135 ms
    Computation took 207.873053 ms
    Reading took     75.529000 us
  Sample 89...
Starting computation...
    Writing took     1.810206 ms
    Computation took 209.047883 ms
    Reading took     73.775000 us
  Sample 90...
Starting computation...
    Writing took     1.747905 ms
    Computation took 208.822967 ms
    Reading took     72.392000 us
  Sample 91...
Starting computation...
    Writing took     1.692382 ms
    Computation took 208.688070 ms
    Reading took     70.911000 us
  Sample 92...
Starting computation...
    Writing took     1.654103 ms
    Computation took 208.875011 ms
    Reading took     70.192000 us
  Sample 93...
Starting computation...
    Writing took     1.625711 ms
    Computation took 207.768897 ms
    Reading took     132.312000 us
  Sample 94...
Starting computation...
    Writing took     3.725128 ms
    Computation took 207.781408 ms
    Reading took     62.348000 us
  Sample 95...
Starting computation...
    Writing took     1.526519 ms
    Computation took 209.057133 ms
    Reading took     66.005000 us
  Sample 96...
Starting computation...
    Writing took     1.652378 ms
    Computation took 208.002718 ms
    Reading took     62.324000 us
  Sample 97...
Starting computation...
    Writing took     1.664658 ms
    Computation took 207.731867 ms
    Reading took     62.705000 us
  Sample 98...
Starting computation...
    Writing took     1.628885 ms
    Computation took 208.102479 ms
    Reading took     66.543000 us
  Sample 99...
Starting computation...
    Writing took     1.678830 ms
    Computation took 208.022046 ms
    Reading took     65.540000 us
Mean computation time: 208.302472 ms
Mean deviation: 496.600000 us (0.238403%)
Mean computation time (per hash): 7.714905 ms
Mean deviation (per hash): 18.392000 us
