Using device #0: CUDA Device 'GeForce GTX 1080 Ti'
  Sample 0...
Starting computation...
    Writing took     4.865665 ms
    Computation took 219.654089 ms
    Reading took     113.008000 us
  Sample 1...
Starting computation...
    Writing took     2.923472 ms
    Computation took 219.435532 ms
    Reading took     87.623000 us
  Sample 2...
Starting computation...
    Writing took     2.242038 ms
    Computation took 219.395212 ms
    Reading took     88.123000 us
  Sample 3...
Starting computation...
    Writing took     2.233372 ms
    Computation took 219.401410 ms
    Reading took     85.536000 us
  Sample 4...
Starting computation...
    Writing took     2.246212 ms
    Computation took 219.339124 ms
    Reading took     83.886000 us
  Sample 5...
Starting computation...
    Writing took     2.164976 ms
    Computation took 219.358586 ms
    Reading took     82.996000 us
  Sample 6...
Starting computation...
    Writing took     2.353164 ms
    Computation took 219.387226 ms
    Reading took     86.927000 us
  Sample 7...
Starting computation...
    Writing took     2.054929 ms
    Computation took 219.398339 ms
    Reading took     86.280000 us
  Sample 8...
Starting computation...
    Writing took     2.222003 ms
    Computation took 219.386378 ms
    Reading took     153.146000 us
  Sample 9...
Starting computation...
    Writing took     3.058039 ms
    Computation took 219.428812 ms
    Reading took     101.061000 us
  Sample 10...
Starting computation...
    Writing took     2.612512 ms
    Computation took 219.379949 ms
    Reading took     100.191000 us
  Sample 11...
Starting computation...
    Writing took     2.083428 ms
    Computation took 219.371660 ms
    Reading took     79.927000 us
  Sample 12...
Starting computation...
    Writing took     2.032147 ms
    Computation took 219.353150 ms
    Reading took     79.676000 us
  Sample 13...
Starting computation...
    Writing took     2.171459 ms
    Computation took 219.380420 ms
    Reading took     85.672000 us
  Sample 14...
Starting computation...
    Writing took     2.227739 ms
    Computation took 219.410780 ms
    Reading took     86.421000 us
  Sample 15...
Starting computation...
    Writing took     2.195277 ms
    Computation took 219.400417 ms
    Reading took     82.133000 us
  Sample 16...
Starting computation...
    Writing took     2.062365 ms
    Computation took 219.365855 ms
    Reading took     85.916000 us
  Sample 17...
Starting computation...
    Writing took     2.185359 ms
    Computation took 219.373456 ms
    Reading took     82.230000 us
  Sample 18...
Starting computation...
    Writing took     2.133502 ms
    Computation took 219.392828 ms
    Reading took     151.094000 us
  Sample 19...
Starting computation...
    Writing took     4.581063 ms
    Computation took 219.424695 ms
    Reading took     160.956000 us
  Sample 20...
Starting computation...
    Writing took     4.235418 ms
    Computation took 219.388861 ms
    Reading took     89.190000 us
  Sample 21...
Starting computation...
    Writing took     2.038701 ms
    Computation took 219.372648 ms
    Reading took     87.420000 us
  Sample 22...
Starting computation...
    Writing took     2.095187 ms
    Computation took 219.383689 ms
    Reading took     89.369000 us
  Sample 23...
Starting computation...
    Writing took     2.083098 ms
    Computation took 219.405141 ms
    Reading took     86.904000 us
  Sample 24...
Starting computation...
    Writing took     2.034745 ms
    Computation took 219.415078 ms
    Reading took     94.606000 us
  Sample 25...
Starting computation...
    Writing took     2.281837 ms
    Computation took 219.408047 ms
    Reading took     102.250000 us
  Sample 26...
Starting computation...
    Writing took     2.494960 ms
    Computation took 219.418362 ms
    Reading took     99.855000 us
  Sample 27...
Starting computation...
    Writing took     2.428114 ms
    Computation took 219.407489 ms
    Reading took     102.618000 us
  Sample 28...
Starting computation...
    Writing took     2.538086 ms
    Computation took 219.420318 ms
    Reading took     89.407000 us
  Sample 29...
Starting computation...
    Writing took     2.164402 ms
    Computation took 219.397283 ms
    Reading took     95.731000 us
  Sample 30...
Starting computation...
    Writing took     2.251040 ms
    Computation took 219.410258 ms
    Reading took     99.367000 us
  Sample 31...
Starting computation...
    Writing took     2.511295 ms
    Computation took 219.434440 ms
    Reading took     95.091000 us
  Sample 32...
Starting computation...
    Writing took     2.225285 ms
    Computation took 219.392424 ms
    Reading took     96.418000 us
  Sample 33...
Starting computation...
    Writing took     2.271067 ms
    Computation took 219.363978 ms
    Reading took     97.855000 us
  Sample 34...
Starting computation...
    Writing took     2.308423 ms
    Computation took 219.380793 ms
    Reading took     93.389000 us
  Sample 35...
Starting computation...
    Writing took     2.176129 ms
    Computation took 219.407305 ms
    Reading took     98.490000 us
  Sample 36...
Starting computation...
    Writing took     2.231022 ms
    Computation took 219.388995 ms
    Reading took     97.028000 us
  Sample 37...
Starting computation...
    Writing took     2.415851 ms
    Computation took 219.426471 ms
    Reading took     138.649000 us
  Sample 38...
Starting computation...
    Writing took     3.744231 ms
    Computation took 219.441782 ms
    Reading took     85.961000 us
  Sample 39...
Starting computation...
    Writing took     2.322111 ms
    Computation took 219.366954 ms
    Reading took     81.291000 us
  Sample 40...
Starting computation...
    Writing took     2.060155 ms
    Computation took 219.367544 ms
    Reading took     85.762000 us
  Sample 41...
Starting computation...
    Writing took     2.326539 ms
    Computation took 219.352481 ms
    Reading took     113.127000 us
  Sample 42...
Starting computation...
    Writing took     2.213139 ms
    Computation took 219.382554 ms
    Reading took     81.317000 us
  Sample 43...
Starting computation...
    Writing took     2.062383 ms
    Computation took 219.376223 ms
    Reading took     85.885000 us
  Sample 44...
Starting computation...
    Writing took     2.254967 ms
    Computation took 219.361292 ms
    Reading took     81.701000 us
  Sample 45...
Starting computation...
    Writing took     2.056892 ms
    Computation took 219.401877 ms
    Reading took     82.522000 us
  Sample 46...
Starting computation...
    Writing took     2.100407 ms
    Computation took 219.415382 ms
    Reading took     90.715000 us
  Sample 47...
Starting computation...
    Writing took     2.090054 ms
    Computation took 219.403524 ms
    Reading took     91.739000 us
  Sample 48...
Starting computation...
    Writing took     2.236474 ms
    Computation took 219.382570 ms
    Reading took     89.925000 us
  Sample 49...
Starting computation...
    Writing took     2.068255 ms
    Computation took 219.372427 ms
    Reading took     97.385000 us
  Sample 50...
Starting computation...
    Writing took     2.286543 ms
    Computation took 219.360607 ms
    Reading took     95.157000 us
  Sample 51...
Starting computation...
    Writing took     2.276088 ms
    Computation took 219.406978 ms
    Reading took     109.553000 us
  Sample 52...
Starting computation...
    Writing took     2.700550 ms
    Computation took 219.447942 ms
    Reading took     153.146000 us
  Sample 53...
Starting computation...
    Writing took     4.165788 ms
    Computation took 219.446649 ms
    Reading took     109.731000 us
  Sample 54...
Starting computation...
    Writing took     2.734333 ms
    Computation took 219.408209 ms
    Reading took     110.806000 us
  Sample 55...
Starting computation...
    Writing took     2.704530 ms
    Computation took 219.414559 ms
    Reading took     111.533000 us
  Sample 56...
Starting computation...
    Writing took     2.727360 ms
    Computation took 219.410712 ms
    Reading took     109.403000 us
  Sample 57...
Starting computation...
    Writing took     2.743822 ms
    Computation took 219.381370 ms
    Reading took     110.006000 us
  Sample 58...
Starting computation...
    Writing took     2.707702 ms
    Computation took 219.383358 ms
    Reading took     111.721000 us
  Sample 59...
Starting computation...
    Writing took     2.745005 ms
    Computation took 219.365299 ms
    Reading took     108.398000 us
  Sample 60...
Starting computation...
    Writing took     2.694434 ms
    Computation took 219.391783 ms
    Reading took     110.159000 us
  Sample 61...
Starting computation...
    Writing took     2.750937 ms
    Computation took 219.396862 ms
    Reading took     111.395000 us
  Sample 62...
Starting computation...
    Writing took     2.716103 ms
    Computation took 219.363566 ms
    Reading took     111.408000 us
  Sample 63...
Starting computation...
    Writing took     2.703641 ms
    Computation took 219.404655 ms
    Reading took     169.231000 us
  Sample 64...
Starting computation...
    Writing took     4.658168 ms
    Computation took 219.417409 ms
    Reading took     90.356000 us
  Sample 65...
Starting computation...
    Writing took     2.156618 ms
    Computation took 219.391607 ms
    Reading took     91.342000 us
  Sample 66...
Starting computation...
    Writing took     2.171329 ms
    Computation took 219.413030 ms
    Reading took     94.149000 us
  Sample 67...
Starting computation...
    Writing took     2.230614 ms
    Computation took 219.364395 ms
    Reading took     87.160000 us
  Sample 68...
Starting computation...
    Writing took     2.034480 ms
    Computation took 219.343366 ms
    Reading took     91.203000 us
  Sample 69...
Starting computation...
    Writing took     2.166569 ms
    Computation took 219.335330 ms
    Reading took     90.912000 us
  Sample 70...
Starting computation...
    Writing took     2.134080 ms
    Computation took 219.378477 ms
    Reading took     87.074000 us
  Sample 71...
Starting computation...
    Writing took     2.030023 ms
    Computation took 219.337273 ms
    Reading took     94.199000 us
  Sample 72...
Starting computation...
    Writing took     2.232484 ms
    Computation took 219.364963 ms
    Reading took     108.876000 us
  Sample 73...
Starting computation...
    Writing took     3.356591 ms
    Computation took 219.380899 ms
    Reading took     95.060000 us
  Sample 74...
Starting computation...
    Writing took     2.298871 ms
    Computation took 219.366507 ms
    Reading took     96.335000 us
  Sample 75...
Starting computation...
    Writing took     2.289741 ms
    Computation took 219.366383 ms
    Reading took     96.903000 us
  Sample 76...
Starting computation...
    Writing took     2.320083 ms
    Computation took 219.351748 ms
    Reading took     99.705000 us
  Sample 77...
Starting computation...
    Writing took     2.433823 ms
    Computation took 219.366655 ms
    Reading took     99.204000 us
  Sample 78...
Starting computation...
    Writing took     2.434042 ms
    Computation took 219.391210 ms
    Reading took     89.140000 us
  Sample 79...
Starting computation...
    Writing took     2.362210 ms
    Computation took 219.369693 ms
    Reading took     92.923000 us
  Sample 80...
Starting computation...
    Writing took     2.243781 ms
    Computation took 219.345567 ms
    Reading took     100.221000 us
  Sample 81...
Starting computation...
    Writing took     2.531041 ms
    Computation took 219.398469 ms
    Reading took     102.409000 us
  Sample 82...
Starting computation...
    Writing took     2.331426 ms
    Computation took 219.349955 ms
    Reading took     97.123000 us
  Sample 83...
Starting computation...
    Writing took     2.370069 ms
    Computation took 219.399596 ms
    Reading took     95.140000 us
  Sample 84...
Starting computation...
    Writing took     2.317051 ms
    Computation took 219.367294 ms
    Reading took     95.067000 us
  Sample 85...
Starting computation...
    Writing took     2.339816 ms
    Computation took 219.368659 ms
    Reading took     130.422000 us
  Sample 86...
Starting computation...
    Writing took     3.202418 ms
    Computation took 219.397830 ms
    Reading took     98.384000 us
  Sample 87...
Starting computation...
    Writing took     2.382368 ms
    Computation took 219.361319 ms
    Reading took     95.858000 us
  Sample 88...
Starting computation...
    Writing took     2.239900 ms
    Computation took 219.378570 ms
    Reading took     98.148000 us
  Sample 89...
Starting computation...
    Writing took     2.343482 ms
    Computation took 219.425479 ms
    Reading took     155.216000 us
  Sample 90...
Starting computation...
    Writing took     3.777704 ms
    Computation took 219.390022 ms
    Reading took     179.513000 us
  Sample 91...
Starting computation...
    Writing took     14.307839 ms
    Computation took 219.409140 ms
    Reading took     81.754000 us
  Sample 92...
Starting computation...
    Writing took     2.076736 ms
    Computation took 219.379239 ms
    Reading took     82.150000 us
  Sample 93...
Starting computation...
    Writing took     2.109503 ms
    Computation took 219.356414 ms
    Reading took     86.079000 us
  Sample 94...
Starting computation...
    Writing took     2.169475 ms
    Computation took 219.357956 ms
    Reading took     82.430000 us
  Sample 95...
Starting computation...
    Writing took     2.131122 ms
    Computation took 219.379125 ms
    Reading took     86.387000 us
  Sample 96...
Starting computation...
    Writing took     2.063223 ms
    Computation took 219.360179 ms
    Reading took     80.472000 us
  Sample 97...
Starting computation...
    Writing took     2.024256 ms
    Computation took 219.342999 ms
    Reading took     82.226000 us
  Sample 98...
Starting computation...
    Writing took     2.102202 ms
    Computation took 219.362757 ms
    Reading took     79.687000 us
  Sample 99...
Starting computation...
    Writing took     2.026382 ms
    Computation took 219.347675 ms
    Reading took     82.560000 us
Mean computation time: 219.388838 ms
Mean deviation: 24.237000 us (0.0110475%)
Mean computation time (per hash): 6.094133 ms
Mean deviation (per hash): 673 ns
