Using device #0: CUDA Device 'GeForce GTX 1080 Ti'
  Sample 0...
Starting computation...
    Writing took     3.593277 ms
    Computation took 199.967411 ms
    Reading took     146.311000 us
  Sample 1...
Starting computation...
    Writing took     3.574189 ms
    Computation took 199.837906 ms
    Reading took     138.204000 us
  Sample 2...
Starting computation...
    Writing took     3.561934 ms
    Computation took 199.855295 ms
    Reading took     137.494000 us
  Sample 3...
Starting computation...
    Writing took     3.531521 ms
    Computation took 199.888411 ms
    Reading took     140.516000 us
  Sample 4...
Starting computation...
    Writing took     3.556828 ms
    Computation took 200.000528 ms
    Reading took     147.636000 us
  Sample 5...
Starting computation...
    Writing took     3.509511 ms
    Computation took 199.879078 ms
    Reading took     222.452000 us
  Sample 6...
Starting computation...
    Writing took     6.070037 ms
    Computation took 199.949759 ms
    Reading took     205.463000 us
  Sample 7...
Starting computation...
    Writing took     6.095251 ms
    Computation took 199.877612 ms
    Reading took     139.256000 us
  Sample 8...
Starting computation...
    Writing took     3.524422 ms
    Computation took 199.940542 ms
    Reading took     143.680000 us
  Sample 9...
Starting computation...
    Writing took     3.503745 ms
    Computation took 199.928888 ms
    Reading took     141.581000 us
  Sample 10...
Starting computation...
    Writing took     3.512882 ms
    Computation took 199.946950 ms
    Reading took     209.181000 us
  Sample 11...
Starting computation...
    Writing took     6.010591 ms
    Computation took 199.930028 ms
    Reading took     150.215000 us
  Sample 12...
Starting computation...
    Writing took     3.563554 ms
    Computation took 199.875760 ms
    Reading took     140.831000 us
  Sample 13...
Starting computation...
    Writing took     3.601706 ms
    Computation took 199.890784 ms
    Reading took     139.573000 us
  Sample 14...
Starting computation...
    Writing took     3.500890 ms
    Computation took 199.855115 ms
    Reading took     140.650000 us
  Sample 15...
Starting computation...
    Writing took     3.517842 ms
    Computation took 199.969062 ms
    Reading took     141.191000 us
  Sample 16...
Starting computation...
    Writing took     3.521306 ms
    Computation took 199.895714 ms
    Reading took     113.362000 us
  Sample 17...
Starting computation...
    Writing took     2.724969 ms
    Computation took 199.866335 ms
    Reading took     111.389000 us
  Sample 18...
Starting computation...
    Writing took     2.722527 ms
    Computation took 199.849833 ms
    Reading took     122.489000 us
  Sample 19...
Starting computation...
    Writing took     2.897871 ms
    Computation took 199.821237 ms
    Reading took     116.180000 us
  Sample 20...
Starting computation...
    Writing took     2.800589 ms
    Computation took 199.865363 ms
    Reading took     115.223000 us
  Sample 21...
Starting computation...
    Writing took     2.890067 ms
    Computation took 199.873881 ms
    Reading took     124.376000 us
  Sample 22...
Starting computation...
    Writing took     2.965351 ms
    Computation took 199.851382 ms
    Reading took     125.065000 us
  Sample 23...
Starting computation...
    Writing took     3.053126 ms
    Computation took 199.950196 ms
    Reading took     127.825000 us
  Sample 24...
Starting computation...
    Writing took     3.045947 ms
    Computation took 199.871891 ms
    Reading took     131.555000 us
  Sample 25...
Starting computation...
    Writing took     3.311702 ms
    Computation took 199.846574 ms
    Reading took     130.283000 us
  Sample 26...
Starting computation...
    Writing took     3.203060 ms
    Computation took 199.814508 ms
    Reading took     134.221000 us
  Sample 27...
Starting computation...
    Writing took     3.111871 ms
    Computation took 199.844455 ms
    Reading took     120.721000 us
  Sample 28...
Starting computation...
    Writing took     2.984453 ms
    Computation took 199.836462 ms
    Reading took     127.887000 us
  Sample 29...
Starting computation...
    Writing took     3.323979 ms
    Computation took 199.799899 ms
    Reading took     112.599000 us
  Sample 30...
Starting computation...
    Writing took     2.805366 ms
    Computation took 199.778690 ms
    Reading took     148.929000 us
  Sample 31...
Starting computation...
    Writing took     3.885872 ms
    Computation took 199.886457 ms
    Reading took     250.917000 us
  Sample 32...
Starting computation...
    Writing took     6.957184 ms
    Computation took 200.017533 ms
    Reading took     151.236000 us
  Sample 33...
Starting computation...
    Writing took     3.876510 ms
    Computation took 199.876131 ms
    Reading took     165.393000 us
  Sample 34...
Starting computation...
    Writing took     3.895074 ms
    Computation took 199.922951 ms
    Reading took     150.440000 us
  Sample 35...
Starting computation...
    Writing took     3.835874 ms
    Computation took 199.857404 ms
    Reading took     139.223000 us
  Sample 36...
Starting computation...
    Writing took     3.519111 ms
    Computation took 199.935327 ms
    Reading took     142.257000 us
  Sample 37...
Starting computation...
    Writing took     3.507362 ms
    Computation took 199.900956 ms
    Reading took     141.248000 us
  Sample 38...
Starting computation...
    Writing took     3.508645 ms
    Computation took 199.906904 ms
    Reading took     207.707000 us
  Sample 39...
Starting computation...
    Writing took     4.297370 ms
    Computation took 200.133001 ms
    Reading took     139.913000 us
  Sample 40...
Starting computation...
    Writing took     3.511100 ms
    Computation took 200.558267 ms
    Reading took     137.625000 us
  Sample 41...
Starting computation...
    Writing took     3.506031 ms
    Computation took 200.566536 ms
    Reading took     138.966000 us
  Sample 42...
Starting computation...
    Writing took     3.532465 ms
    Computation took 200.457056 ms
    Reading took     140.384000 us
  Sample 43...
Starting computation...
    Writing took     3.511164 ms
    Computation took 200.728300 ms
    Reading took     138.007000 us
  Sample 44...
Starting computation...
    Writing took     8.128724 ms
    Computation took 201.096185 ms
    Reading took     227.303000 us
  Sample 45...
Starting computation...
    Writing took     5.992080 ms
    Computation took 200.147429 ms
    Reading took     114.169000 us
  Sample 46...
Starting computation...
    Writing took     2.714593 ms
    Computation took 199.995823 ms
    Reading took     113.310000 us
  Sample 47...
Starting computation...
    Writing took     2.722029 ms
    Computation took 200.525717 ms
    Reading took     116.331000 us
  Sample 48...
Starting computation...
    Writing took     2.841656 ms
    Computation took 200.570065 ms
    Reading took     129.302000 us
  Sample 49...
Starting computation...
    Writing took     3.255872 ms
    Computation took 200.520261 ms
    Reading took     125.080000 us
  Sample 50...
Starting computation...
    Writing took     3.238949 ms
    Computation took 200.966418 ms
    Reading took     127.924000 us
  Sample 51...
Starting computation...
    Writing took     3.145071 ms
    Computation took 200.506685 ms
    Reading took     124.188000 us
  Sample 52...
Starting computation...
    Writing took     3.098228 ms
    Computation took 200.615119 ms
    Reading took     133.028000 us
  Sample 53...
Starting computation...
    Writing took     3.441038 ms
    Computation took 201.579810 ms
    Reading took     141.608000 us
  Sample 54...
Starting computation...
    Writing took     3.349052 ms
    Computation took 200.977665 ms
    Reading took     138.338000 us
  Sample 55...
Starting computation...
    Writing took     3.488019 ms
    Computation took 200.659113 ms
    Reading took     140.472000 us
  Sample 56...
Starting computation...
    Writing took     3.515386 ms
    Computation took 201.698350 ms
    Reading took     135.190000 us
  Sample 57...
Starting computation...
    Writing took     3.351796 ms
    Computation took 201.661335 ms
    Reading took     134.799000 us
  Sample 58...
Starting computation...
    Writing took     3.363320 ms
    Computation took 201.622972 ms
    Reading took     136.441000 us
  Sample 59...
Starting computation...
    Writing took     3.355003 ms
    Computation took 201.395638 ms
    Reading took     135.824000 us
  Sample 60...
Starting computation...
    Writing took     3.386439 ms
    Computation took 202.467155 ms
    Reading took     141.594000 us
  Sample 61...
Starting computation...
    Writing took     3.500338 ms
    Computation took 203.099924 ms
    Reading took     137.984000 us
  Sample 62...
Starting computation...
    Writing took     3.550185 ms
    Computation took 203.560065 ms
    Reading took     135.701000 us
  Sample 63...
Starting computation...
    Writing took     3.452677 ms
    Computation took 202.521546 ms
    Reading took     113.521000 us
  Sample 64...
Starting computation...
    Writing took     2.750885 ms
    Computation took 202.823068 ms
    Reading took     138.610000 us
  Sample 65...
Starting computation...
    Writing took     3.005644 ms
    Computation took 204.196124 ms
    Reading took     113.848000 us
  Sample 66...
Starting computation...
    Writing took     2.710203 ms
    Computation took 204.448997 ms
    Reading took     151.602000 us
  Sample 67...
Starting computation...
    Writing took     3.022362 ms
    Computation took 204.995184 ms
    Reading took     131.105000 us
  Sample 68...
Starting computation...
    Writing took     3.015802 ms
    Computation took 204.941290 ms
    Reading took     120.984000 us
  Sample 69...
Starting computation...
    Writing took     2.730980 ms
    Computation took 205.192933 ms
    Reading took     140.468000 us
  Sample 70...
Starting computation...
    Writing took     2.908550 ms
    Computation took 206.189261 ms
    Reading took     115.594000 us
  Sample 71...
Starting computation...
    Writing took     2.810079 ms
    Computation took 206.673251 ms
    Reading took     119.254000 us
  Sample 72...
Starting computation...
    Writing took     2.900470 ms
    Computation took 206.534166 ms
    Reading took     120.371000 us
  Sample 73...
Starting computation...
    Writing took     2.893338 ms
    Computation took 207.758685 ms
    Reading took     120.812000 us
  Sample 74...
Starting computation...
    Writing took     3.115233 ms
    Computation took 208.236775 ms
    Reading took     123.544000 us
  Sample 75...
Starting computation...
    Writing took     3.041406 ms
    Computation took 208.281563 ms
    Reading took     120.582000 us
  Sample 76...
Starting computation...
    Writing took     3.021415 ms
    Computation took 206.835230 ms
    Reading took     123.456000 us
  Sample 77...
Starting computation...
    Writing took     2.982699 ms
    Computation took 207.501942 ms
    Reading took     131.231000 us
  Sample 78...
Starting computation...
    Writing took     3.324325 ms
    Computation took 205.638619 ms
    Reading took     137.614000 us
  Sample 79...
Starting computation...
    Writing took     3.348636 ms
    Computation took 204.075213 ms
    Reading took     134.676000 us
  Sample 80...
Starting computation...
    Writing took     3.362434 ms
    Computation took 205.301179 ms
    Reading took     151.794000 us
  Sample 81...
Starting computation...
    Writing took     3.381114 ms
    Computation took 207.020850 ms
    Reading took     133.390000 us
  Sample 82...
Starting computation...
    Writing took     3.317964 ms
    Computation took 206.918003 ms
    Reading took     140.750000 us
  Sample 83...
Starting computation...
    Writing took     3.502408 ms
    Computation took 205.860088 ms
    Reading took     139.732000 us
  Sample 84...
Starting computation...
    Writing took     3.521752 ms
    Computation took 205.005513 ms
    Reading took     150.643000 us
  Sample 85...
Starting computation...
    Writing took     3.504591 ms
    Computation took 204.865995 ms
    Reading took     141.800000 us
  Sample 86...
Starting computation...
    Writing took     3.501677 ms
    Computation took 204.573574 ms
    Reading took     145.897000 us
  Sample 87...
Starting computation...
    Writing took     3.471061 ms
    Computation took 203.482907 ms
    Reading took     138.909000 us
  Sample 88...
Starting computation...
    Writing took     3.504344 ms
    Computation took 202.535982 ms
    Reading took     235.768000 us
  Sample 89...
Starting computation...
    Writing took     6.133856 ms
    Computation took 204.215267 ms
    Reading took     124.760000 us
  Sample 90...
Starting computation...
    Writing took     3.082675 ms
    Computation took 204.474284 ms
    Reading took     140.400000 us
  Sample 91...
Starting computation...
    Writing took     3.215743 ms
    Computation took 207.202062 ms
    Reading took     123.769000 us
  Sample 92...
Starting computation...
    Writing took     3.326368 ms
    Computation took 209.499583 ms
    Reading took     134.894000 us
  Sample 93...
Starting computation...
    Writing took     3.465266 ms
    Computation took 211.135596 ms
    Reading took     106.696000 us
  Sample 94...
Starting computation...
    Writing took     2.848756 ms
    Computation took 210.347222 ms
    Reading took     109.892000 us
  Sample 95...
Starting computation...
    Writing took     2.697560 ms
    Computation took 207.182323 ms
    Reading took     114.480000 us
  Sample 96...
Starting computation...
    Writing took     3.004638 ms
    Computation took 205.044603 ms
    Reading took     106.462000 us
  Sample 97...
Starting computation...
    Writing took     2.800131 ms
    Computation took 204.696204 ms
    Reading took     106.731000 us
  Sample 98...
Starting computation...
    Writing took     2.751936 ms
    Computation took 203.659529 ms
    Reading took     104.169000 us
  Sample 99...
Starting computation...
    Writing took     2.691132 ms
    Computation took 201.657765 ms
    Reading took     112.597000 us
Mean computation time: 202.332944 ms
Mean deviation: 2.560138 ms (1.26531%)
Mean computation time (per hash): 4.304955 ms
Mean deviation (per hash): 54.470000 us
