Using device #0: CUDA Device 'GeForce GTX 1080 Ti'
  Sample 0...
Starting computation...
    Writing took     2.047732 ms
    Computation took 178.932616 ms
    Reading took     79.855000 us
  Sample 1...
Starting computation...
    Writing took     2.000188 ms
    Computation took 178.975851 ms
    Reading took     76.850000 us
  Sample 2...
Starting computation...
    Writing took     2.027169 ms
    Computation took 178.935602 ms
    Reading took     75.463000 us
  Sample 3...
Starting computation...
    Writing took     2.035520 ms
    Computation took 178.964669 ms
    Reading took     76.173000 us
  Sample 4...
Starting computation...
    Writing took     2.047052 ms
    Computation took 178.915724 ms
    Reading took     56.321000 us
  Sample 5...
Starting computation...
    Writing took     1.414661 ms
    Computation took 178.909090 ms
    Reading took     60.477000 us
  Sample 6...
Starting computation...
    Writing took     1.525330 ms
    Computation took 178.907385 ms
    Reading took     56.447000 us
  Sample 7...
Starting computation...
    Writing took     1.428706 ms
    Computation took 178.931933 ms
    Reading took     60.808000 us
  Sample 8...
Starting computation...
    Writing took     1.512209 ms
    Computation took 178.955226 ms
    Reading took     59.656000 us
  Sample 9...
Starting computation...
    Writing took     1.557113 ms
    Computation took 178.933567 ms
    Reading took     61.412000 us
  Sample 10...
Starting computation...
    Writing took     1.559821 ms
    Computation took 178.972172 ms
    Reading took     66.666000 us
  Sample 11...
Starting computation...
    Writing took     1.664992 ms
    Computation took 178.961207 ms
    Reading took     63.772000 us
  Sample 12...
Starting computation...
    Writing took     1.742712 ms
    Computation took 178.927301 ms
    Reading took     57.187000 us
  Sample 13...
Starting computation...
    Writing took     1.561817 ms
    Computation took 178.937342 ms
    Reading took     57.084000 us
  Sample 14...
Starting computation...
    Writing took     1.435956 ms
    Computation took 178.936046 ms
    Reading took     56.922000 us
  Sample 15...
Starting computation...
    Writing took     1.478400 ms
    Computation took 178.927126 ms
    Reading took     58.076000 us
  Sample 16...
Starting computation...
    Writing took     1.443327 ms
    Computation took 178.948923 ms
    Reading took     65.271000 us
  Sample 17...
Starting computation...
    Writing took     1.648963 ms
    Computation took 178.925784 ms
    Reading took     61.196000 us
  Sample 18...
Starting computation...
    Writing took     1.566540 ms
    Computation took 178.949263 ms
    Reading took     62.070000 us
  Sample 19...
Starting computation...
    Writing took     1.700138 ms
    Computation took 178.961881 ms
    Reading took     72.392000 us
  Sample 20...
Starting computation...
    Writing took     1.596884 ms
    Computation took 178.913794 ms
    Reading took     66.599000 us
  Sample 21...
Starting computation...
    Writing took     1.691198 ms
    Computation took 178.942667 ms
    Reading took     67.170000 us
  Sample 22...
Starting computation...
    Writing took     1.725911 ms
    Computation took 178.922741 ms
    Reading took     65.664000 us
  Sample 23...
Starting computation...
    Writing took     1.614621 ms
    Computation took 178.932981 ms
    Reading took     97.511000 us
  Sample 24...
Starting computation...
    Writing took     2.617744 ms
    Computation took 178.968777 ms
    Reading took     76.304000 us
  Sample 25...
Starting computation...
    Writing took     2.026826 ms
    Computation took 178.941037 ms
    Reading took     75.720000 us
  Sample 26...
Starting computation...
    Writing took     2.048390 ms
    Computation took 178.924138 ms
    Reading took     75.785000 us
  Sample 27...
Starting computation...
    Writing took     1.997726 ms
    Computation took 178.950034 ms
    Reading took     59.689000 us
  Sample 28...
Starting computation...
    Writing took     1.513340 ms
    Computation took 178.899101 ms
    Reading took     63.511000 us
  Sample 29...
Starting computation...
    Writing took     1.566522 ms
    Computation took 178.972197 ms
    Reading took     57.933000 us
  Sample 30...
Starting computation...
    Writing took     1.453121 ms
    Computation took 179.003724 ms
    Reading took     87.467000 us
  Sample 31...
Starting computation...
    Writing took     2.316787 ms
    Computation took 179.012204 ms
    Reading took     66.670000 us
  Sample 32...
Starting computation...
    Writing took     1.753088 ms
    Computation took 178.942789 ms
    Reading took     64.978000 us
  Sample 33...
Starting computation...
    Writing took     1.740003 ms
    Computation took 178.961521 ms
    Reading took     59.266000 us
  Sample 34...
Starting computation...
    Writing took     1.507663 ms
    Computation took 178.888283 ms
    Reading took     64.139000 us
  Sample 35...
Starting computation...
    Writing took     1.657371 ms
    Computation took 178.965424 ms
    Reading took     98.911000 us
  Sample 36...
Starting computation...
    Writing took     2.640126 ms
    Computation took 178.991286 ms
    Reading took     76.994000 us
  Sample 37...
Starting computation...
    Writing took     2.032000 ms
    Computation took 178.947811 ms
    Reading took     76.314000 us
  Sample 38...
Starting computation...
    Writing took     1.995728 ms
    Computation took 178.913832 ms
    Reading took     74.592000 us
  Sample 39...
Starting computation...
    Writing took     1.986294 ms
    Computation took 178.938625 ms
    Reading took     62.221000 us
  Sample 40...
Starting computation...
    Writing took     1.607675 ms
    Computation took 178.958064 ms
    Reading took     97.402000 us
  Sample 41...
Starting computation...
    Writing took     2.617802 ms
    Computation took 178.966255 ms
    Reading took     77.420000 us
  Sample 42...
Starting computation...
    Writing took     2.043485 ms
    Computation took 178.959494 ms
    Reading took     77.642000 us
  Sample 43...
Starting computation...
    Writing took     2.039405 ms
    Computation took 178.964117 ms
    Reading took     74.765000 us
  Sample 44...
Starting computation...
    Writing took     1.990601 ms
    Computation took 178.957923 ms
    Reading took     64.127000 us
  Sample 45...
Starting computation...
    Writing took     1.572808 ms
    Computation took 178.973541 ms
    Reading took     64.698000 us
  Sample 46...
Starting computation...
    Writing took     1.641641 ms
    Computation took 179.017720 ms
    Reading took     63.171000 us
  Sample 47...
Starting computation...
    Writing took     1.606021 ms
    Computation took 179.022224 ms
    Reading took     100.016000 us
  Sample 48...
Starting computation...
    Writing took     2.788912 ms
    Computation took 178.987659 ms
    Reading took     76.118000 us
  Sample 49...
Starting computation...
    Writing took     2.023643 ms
    Computation took 179.016520 ms
    Reading took     76.384000 us
  Sample 50...
Starting computation...
    Writing took     2.024204 ms
    Computation took 178.962504 ms
    Reading took     74.169000 us
  Sample 51...
Starting computation...
    Writing took     1.990261 ms
    Computation took 178.986258 ms
    Reading took     58.625000 us
  Sample 52...
Starting computation...
    Writing took     1.558090 ms
    Computation took 178.988122 ms
    Reading took     84.202000 us
  Sample 53...
Starting computation...
    Writing took     1.577816 ms
    Computation took 178.993015 ms
    Reading took     59.795000 us
  Sample 54...
Starting computation...
    Writing took     1.462527 ms
    Computation took 178.982565 ms
    Reading took     60.050000 us
  Sample 55...
Starting computation...
    Writing took     1.557933 ms
    Computation took 178.951991 ms
    Reading took     65.858000 us
  Sample 56...
Starting computation...
    Writing took     1.660009 ms
    Computation took 178.986560 ms
    Reading took     63.473000 us
  Sample 57...
Starting computation...
    Writing took     1.569739 ms
    Computation took 178.970435 ms
    Reading took     59.365000 us
  Sample 58...
Starting computation...
    Writing took     1.510921 ms
    Computation took 178.985265 ms
    Reading took     118.300000 us
  Sample 59...
Starting computation...
    Writing took     3.249970 ms
    Computation took 179.091338 ms
    Reading took     71.949000 us
  Sample 60...
Starting computation...
    Writing took     1.899035 ms
    Computation took 179.017815 ms
    Reading took     71.324000 us
  Sample 61...
Starting computation...
    Writing took     1.889308 ms
    Computation took 178.964573 ms
    Reading took     71.700000 us
  Sample 62...
Starting computation...
    Writing took     1.893564 ms
    Computation took 178.965036 ms
    Reading took     71.061000 us
  Sample 63...
Starting computation...
    Writing took     1.884797 ms
    Computation took 178.981573 ms
    Reading took     57.638000 us
  Sample 64...
Starting computation...
    Writing took     1.458480 ms
    Computation took 178.957460 ms
    Reading took     59.439000 us
  Sample 65...
Starting computation...
    Writing took     1.534972 ms
    Computation took 178.965557 ms
    Reading took     60.570000 us
  Sample 66...
Starting computation...
    Writing took     1.569125 ms
    Computation took 178.971543 ms
    Reading took     58.008000 us
  Sample 67...
Starting computation...
    Writing took     1.465628 ms
    Computation took 178.965570 ms
    Reading took     59.921000 us
  Sample 68...
Starting computation...
    Writing took     1.505569 ms
    Computation took 178.955747 ms
    Reading took     59.659000 us
  Sample 69...
Starting computation...
    Writing took     1.524382 ms
    Computation took 178.967404 ms
    Reading took     66.184000 us
  Sample 70...
Starting computation...
    Writing took     1.784963 ms
    Computation took 178.977745 ms
    Reading took     63.144000 us
  Sample 71...
Starting computation...
    Writing took     1.576177 ms
    Computation took 179.010872 ms
    Reading took     62.825000 us
  Sample 72...
Starting computation...
    Writing took     1.660428 ms
    Computation took 178.977644 ms
    Reading took     62.752000 us
  Sample 73...
Starting computation...
    Writing took     1.609958 ms
    Computation took 179.007792 ms
    Reading took     62.049000 us
  Sample 74...
Starting computation...
    Writing took     1.600415 ms
    Computation took 178.969649 ms
    Reading took     62.890000 us
  Sample 75...
Starting computation...
    Writing took     1.580284 ms
    Computation took 178.990422 ms
    Reading took     62.521000 us
  Sample 76...
Starting computation...
    Writing took     1.602652 ms
    Computation took 178.969911 ms
    Reading took     62.934000 us
  Sample 77...
Starting computation...
    Writing took     1.648778 ms
    Computation took 178.960220 ms
    Reading took     62.302000 us
  Sample 78...
Starting computation...
    Writing took     1.607386 ms
    Computation took 178.943286 ms
    Reading took     58.087000 us
  Sample 79...
Starting computation...
    Writing took     1.439159 ms
    Computation took 178.996162 ms
    Reading took     112.560000 us
  Sample 80...
Starting computation...
    Writing took     3.096275 ms
    Computation took 179.000836 ms
    Reading took     64.905000 us
  Sample 81...
Starting computation...
    Writing took     1.606585 ms
    Computation took 178.995075 ms
    Reading took     79.344000 us
  Sample 82...
Starting computation...
    Writing took     1.471957 ms
    Computation took 178.978442 ms
    Reading took     63.525000 us
  Sample 83...
Starting computation...
    Writing took     1.507852 ms
    Computation took 179.020132 ms
    Reading took     60.938000 us
  Sample 84...
Starting computation...
    Writing took     1.406087 ms
    Computation took 178.938989 ms
    Reading took     61.845000 us
  Sample 85...
Starting computation...
    Writing took     1.422708 ms
    Computation took 178.980224 ms
    Reading took     61.098000 us
  Sample 86...
Starting computation...
    Writing took     1.410362 ms
    Computation took 178.977219 ms
    Reading took     110.307000 us
  Sample 87...
Starting computation...
    Writing took     3.396427 ms
    Computation took 179.030395 ms
    Reading took     76.235000 us
  Sample 88...
Starting computation...
    Writing took     2.034892 ms
    Computation took 178.955064 ms
    Reading took     76.785000 us
  Sample 89...
Starting computation...
    Writing took     2.043393 ms
    Computation took 178.984533 ms
    Reading took     74.017000 us
  Sample 90...
Starting computation...
    Writing took     1.910350 ms
    Computation took 179.017065 ms
    Reading took     71.054000 us
  Sample 91...
Starting computation...
    Writing took     1.878283 ms
    Computation took 179.010209 ms
    Reading took     72.172000 us
  Sample 92...
Starting computation...
    Writing took     1.884531 ms
    Computation took 178.974384 ms
    Reading took     71.322000 us
  Sample 93...
Starting computation...
    Writing took     1.880034 ms
    Computation took 178.948520 ms
    Reading took     74.791000 us
  Sample 94...
Starting computation...
    Writing took     1.893178 ms
    Computation took 178.961663 ms
    Reading took     72.348000 us
  Sample 95...
Starting computation...
    Writing took     1.897611 ms
    Computation took 178.995737 ms
    Reading took     160.689000 us
  Sample 96...
Starting computation...
    Writing took     4.039224 ms
    Computation took 178.964355 ms
    Reading took     72.267000 us
  Sample 97...
Starting computation...
    Writing took     1.888921 ms
    Computation took 178.990988 ms
    Reading took     70.847000 us
  Sample 98...
Starting computation...
    Writing took     1.860065 ms
    Computation took 178.969887 ms
    Reading took     76.079000 us
  Sample 99...
Starting computation...
    Writing took     1.854340 ms
    Computation took 178.990777 ms
    Reading took     71.412000 us
Mean computation time: 178.966637 ms
Mean deviation: 24.398000 us (0.0136327%)
Mean computation time (per hash): 7.158664 ms
Mean deviation (per hash): 975 ns
