Using device #0: CUDA Device 'GeForce GTX 1080 Ti'
  Sample 0...
Starting computation...
    Writing took     6.223216 ms
    Computation took 272.352517 ms
    Reading took     231.088000 us
  Sample 1...
Starting computation...
    Writing took     6.270584 ms
    Computation took 272.137167 ms
    Reading took     227.710000 us
  Sample 2...
Starting computation...
    Writing took     6.232880 ms
    Computation took 272.145589 ms
    Reading took     227.705000 us
  Sample 3...
Starting computation...
    Writing took     6.187271 ms
    Computation took 272.014539 ms
    Reading took     219.381000 us
  Sample 4...
Starting computation...
    Writing took     6.092326 ms
    Computation took 272.119446 ms
    Reading took     219.992000 us
  Sample 5...
Starting computation...
    Writing took     6.026694 ms
    Computation took 276.305325 ms
    Reading took     289.049000 us
  Sample 6...
Starting computation...
    Writing took     9.433356 ms
    Computation took 272.169046 ms
    Reading took     325.873000 us
  Sample 7...
Starting computation...
    Writing took     9.381781 ms
    Computation took 272.172432 ms
    Reading took     267.132000 us
  Sample 8...
Starting computation...
    Writing took     7.867960 ms
    Computation took 272.250360 ms
    Reading took     225.129000 us
  Sample 9...
Starting computation...
    Writing took     6.138952 ms
    Computation took 272.141306 ms
    Reading took     238.060000 us
  Sample 10...
Starting computation...
    Writing took     6.247612 ms
    Computation took 272.267183 ms
    Reading took     215.462000 us
  Sample 11...
Starting computation...
    Writing took     5.745771 ms
    Computation took 272.382067 ms
    Reading took     269.508000 us
  Sample 12...
Starting computation...
    Writing took     6.687463 ms
    Computation took 272.553703 ms
    Reading took     227.068000 us
  Sample 13...
Starting computation...
    Writing took     7.420548 ms
    Computation took 272.655334 ms
    Reading took     226.103000 us
  Sample 14...
Starting computation...
    Writing took     6.004830 ms
    Computation took 272.218816 ms
    Reading took     314.362000 us
  Sample 15...
Starting computation...
    Writing took     6.243087 ms
    Computation took 272.414685 ms
    Reading took     221.992000 us
  Sample 16...
Starting computation...
    Writing took     5.928826 ms
    Computation took 272.793978 ms
    Reading took     224.571000 us
  Sample 17...
Starting computation...
    Writing took     7.009226 ms
    Computation took 273.228039 ms
    Reading took     245.787000 us
  Sample 18...
Starting computation...
    Writing took     6.822680 ms
    Computation took 273.472057 ms
    Reading took     245.128000 us
  Sample 19...
Starting computation...
    Writing took     6.819153 ms
    Computation took 273.939122 ms
    Reading took     244.745000 us
  Sample 20...
Starting computation...
    Writing took     6.858677 ms
    Computation took 274.363128 ms
    Reading took     241.478000 us
  Sample 21...
Starting computation...
    Writing took     6.069169 ms
    Computation took 274.911498 ms
    Reading took     212.046000 us
  Sample 22...
Starting computation...
    Writing took     5.854101 ms
    Computation took 274.859914 ms
    Reading took     216.249000 us
  Sample 23...
Starting computation...
    Writing took     5.916285 ms
    Computation took 274.574759 ms
    Reading took     210.259000 us
  Sample 24...
Starting computation...
    Writing took     5.910563 ms
    Computation took 274.534487 ms
    Reading took     220.478000 us
  Sample 25...
Starting computation...
    Writing took     6.010096 ms
    Computation took 275.406089 ms
    Reading took     212.850000 us
  Sample 26...
Starting computation...
    Writing took     5.835326 ms
    Computation took 275.451516 ms
    Reading took     215.714000 us
  Sample 27...
Starting computation...
    Writing took     5.617404 ms
    Computation took 274.960026 ms
    Reading took     310.027000 us
  Sample 28...
Starting computation...
    Writing took     5.822926 ms
    Computation took 273.904953 ms
    Reading took     253.554000 us
  Sample 29...
Starting computation...
    Writing took     6.769530 ms
    Computation took 272.879901 ms
    Reading took     258.877000 us
  Sample 30...
Starting computation...
    Writing took     6.788830 ms
    Computation took 273.044203 ms
    Reading took     215.727000 us
  Sample 31...
Starting computation...
    Writing took     5.606569 ms
    Computation took 272.717160 ms
    Reading took     215.433000 us
  Sample 32...
Starting computation...
    Writing took     5.852673 ms
    Computation took 272.519217 ms
    Reading took     319.507000 us
  Sample 33...
Starting computation...
    Writing took     6.128317 ms
    Computation took 272.823615 ms
    Reading took     218.109000 us
  Sample 34...
Starting computation...
    Writing took     5.893397 ms
    Computation took 272.492853 ms
    Reading took     220.068000 us
  Sample 35...
Starting computation...
    Writing took     6.127785 ms
    Computation took 273.309287 ms
    Reading took     256.226000 us
  Sample 36...
Starting computation...
    Writing took     7.128502 ms
    Computation took 273.937814 ms
    Reading took     243.106000 us
  Sample 37...
Starting computation...
    Writing took     6.778399 ms
    Computation took 274.165145 ms
    Reading took     240.371000 us
  Sample 38...
Starting computation...
    Writing took     6.688594 ms
    Computation took 275.893869 ms
    Reading took     352.787000 us
  Sample 39...
Starting computation...
    Writing took     10.405289 ms
    Computation took 274.376648 ms
    Reading took     229.794000 us
  Sample 40...
Starting computation...
    Writing took     6.237941 ms
    Computation took 273.742404 ms
    Reading took     233.783000 us
  Sample 41...
Starting computation...
    Writing took     6.298964 ms
    Computation took 273.466004 ms
    Reading took     226.265000 us
  Sample 42...
Starting computation...
    Writing took     6.235244 ms
    Computation took 273.363748 ms
    Reading took     309.061000 us
  Sample 43...
Starting computation...
    Writing took     8.659385 ms
    Computation took 273.484438 ms
    Reading took     242.622000 us
  Sample 44...
Starting computation...
    Writing took     6.211855 ms
    Computation took 273.523593 ms
    Reading took     248.876000 us
  Sample 45...
Starting computation...
    Writing took     6.183705 ms
    Computation took 273.432379 ms
    Reading took     252.231000 us
  Sample 46...
Starting computation...
    Writing took     6.168416 ms
    Computation took 274.102562 ms
    Reading took     245.082000 us
  Sample 47...
Starting computation...
    Writing took     6.772021 ms
    Computation took 275.478656 ms
    Reading took     246.158000 us
  Sample 48...
Starting computation...
    Writing took     6.788301 ms
    Computation took 276.569181 ms
    Reading took     244.106000 us
  Sample 49...
Starting computation...
    Writing took     6.812121 ms
    Computation took 275.901287 ms
    Reading took     227.239000 us
  Sample 50...
Starting computation...
    Writing took     6.245287 ms
    Computation took 275.195371 ms
    Reading took     218.947000 us
  Sample 51...
Starting computation...
    Writing took     6.489396 ms
    Computation took 275.204668 ms
    Reading took     226.596000 us
  Sample 52...
Starting computation...
    Writing took     6.209732 ms
    Computation took 275.097802 ms
    Reading took     226.097000 us
  Sample 53...
Starting computation...
    Writing took     6.209445 ms
    Computation took 275.100799 ms
    Reading took     245.616000 us
  Sample 54...
Starting computation...
    Writing took     6.776721 ms
    Computation took 275.985918 ms
    Reading took     337.129000 us
  Sample 55...
Starting computation...
    Writing took     10.762960 ms
    Computation took 275.787740 ms
    Reading took     262.280000 us
  Sample 56...
Starting computation...
    Writing took     6.875157 ms
    Computation took 275.132255 ms
    Reading took     226.173000 us
  Sample 57...
Starting computation...
    Writing took     6.209877 ms
    Computation took 274.348318 ms
    Reading took     229.775000 us
  Sample 58...
Starting computation...
    Writing took     6.205563 ms
    Computation took 274.087181 ms
    Reading took     227.291000 us
  Sample 59...
Starting computation...
    Writing took     6.219976 ms
    Computation took 273.866706 ms
    Reading took     231.952000 us
  Sample 60...
Starting computation...
    Writing took     6.652608 ms
    Computation took 273.386273 ms
    Reading took     227.599000 us
  Sample 61...
Starting computation...
    Writing took     6.261967 ms
    Computation took 273.426333 ms
    Reading took     228.553000 us
  Sample 62...
Starting computation...
    Writing took     6.231969 ms
    Computation took 273.487696 ms
    Reading took     283.172000 us
  Sample 63...
Starting computation...
    Writing took     8.883453 ms
    Computation took 273.641856 ms
    Reading took     277.669000 us
  Sample 64...
Starting computation...
    Writing took     7.264797 ms
    Computation took 274.049317 ms
    Reading took     245.716000 us
  Sample 65...
Starting computation...
    Writing took     7.070422 ms
    Computation took 273.984432 ms
    Reading took     226.449000 us
  Sample 66...
Starting computation...
    Writing took     6.206565 ms
    Computation took 273.313617 ms
    Reading took     226.092000 us
  Sample 67...
Starting computation...
    Writing took     6.199156 ms
    Computation took 274.104002 ms
    Reading took     226.300000 us
  Sample 68...
Starting computation...
    Writing took     6.239651 ms
    Computation took 275.143842 ms
    Reading took     225.155000 us
  Sample 69...
Starting computation...
    Writing took     6.230812 ms
    Computation took 275.319457 ms
    Reading took     238.765000 us
  Sample 70...
Starting computation...
    Writing took     6.266353 ms
    Computation took 275.998185 ms
    Reading took     226.306000 us
  Sample 71...
Starting computation...
    Writing took     6.243231 ms
    Computation took 276.335515 ms
    Reading took     311.216000 us
  Sample 72...
Starting computation...
    Writing took     9.805436 ms
    Computation took 274.699186 ms
    Reading took     225.113000 us
  Sample 73...
Starting computation...
    Writing took     6.237178 ms
    Computation took 274.881967 ms
    Reading took     238.933000 us
  Sample 74...
Starting computation...
    Writing took     6.210129 ms
    Computation took 274.679507 ms
    Reading took     293.538000 us
  Sample 75...
Starting computation...
    Writing took     9.021327 ms
    Computation took 275.035314 ms
    Reading took     227.265000 us
  Sample 76...
Starting computation...
    Writing took     6.224195 ms
    Computation took 274.533010 ms
    Reading took     228.391000 us
  Sample 77...
Starting computation...
    Writing took     6.255770 ms
    Computation took 274.800288 ms
    Reading took     242.640000 us
  Sample 78...
Starting computation...
    Writing took     6.256729 ms
    Computation took 274.547523 ms
    Reading took     328.560000 us
  Sample 79...
Starting computation...
    Writing took     10.169301 ms
    Computation took 276.066427 ms
    Reading took     268.104000 us
  Sample 80...
Starting computation...
    Writing took     6.351367 ms
    Computation took 278.397601 ms
    Reading took     228.458000 us
  Sample 81...
Starting computation...
    Writing took     6.239636 ms
    Computation took 278.224000 ms
    Reading took     225.549000 us
  Sample 82...
Starting computation...
    Writing took     6.222273 ms
    Computation took 277.402765 ms
    Reading took     228.638000 us
  Sample 83...
Starting computation...
    Writing took     7.111547 ms
    Computation took 276.442621 ms
    Reading took     227.531000 us
  Sample 84...
Starting computation...
    Writing took     6.202362 ms
    Computation took 275.952639 ms
    Reading took     228.725000 us
  Sample 85...
Starting computation...
    Writing took     6.236155 ms
    Computation took 275.900932 ms
    Reading took     245.791000 us
  Sample 86...
Starting computation...
    Writing took     7.535911 ms
    Computation took 275.941444 ms
    Reading took     275.407000 us
  Sample 87...
Starting computation...
    Writing took     6.744083 ms
    Computation took 275.730146 ms
    Reading took     227.166000 us
  Sample 88...
Starting computation...
    Writing took     6.207631 ms
    Computation took 275.034241 ms
    Reading took     227.893000 us
  Sample 89...
Starting computation...
    Writing took     6.227286 ms
    Computation took 275.664373 ms
    Reading took     282.212000 us
  Sample 90...
Starting computation...
    Writing took     6.810600 ms
    Computation took 275.705262 ms
    Reading took     232.413000 us
  Sample 91...
Starting computation...
    Writing took     6.162743 ms
    Computation took 273.639472 ms
    Reading took     314.057000 us
  Sample 92...
Starting computation...
    Writing took     6.558857 ms
    Computation took 274.878631 ms
    Reading took     223.331000 us
  Sample 93...
Starting computation...
    Writing took     5.781496 ms
    Computation took 277.575472 ms
    Reading took     237.230000 us
  Sample 94...
Starting computation...
    Writing took     5.593593 ms
    Computation took 276.076102 ms
    Reading took     239.640000 us
  Sample 95...
Starting computation...
    Writing took     6.284253 ms
    Computation took 275.464799 ms
    Reading took     239.844000 us
  Sample 96...
Starting computation...
    Writing took     6.252161 ms
    Computation took 274.843149 ms
    Reading took     250.664000 us
  Sample 97...
Starting computation...
    Writing took     7.461758 ms
    Computation took 275.079285 ms
    Reading took     246.675000 us
  Sample 98...
Starting computation...
    Writing took     7.713946 ms
    Computation took 274.742380 ms
    Reading took     230.752000 us
  Sample 99...
Starting computation...
    Writing took     6.148591 ms
    Computation took 274.640316 ms
    Reading took     229.508000 us
Mean computation time: 274.364991 ms
Mean deviation: 1.196992 ms (0.436277%)
Mean computation time (per hash): 3.266249 ms
Mean deviation (per hash): 14.249000 us
