Using device #0: CUDA Device 'GeForce GTX 1080 Ti'
  Sample 0...
Starting computation...
    Writing took     4.055461 ms
    Computation took 251.667406 ms
    Reading took     256.264000 us
  Sample 1...
Starting computation...
    Writing took     6.755569 ms
    Computation took 251.431925 ms
    Reading took     131.651000 us
  Sample 2...
Starting computation...
    Writing took     3.442923 ms
    Computation took 251.340503 ms
    Reading took     134.186000 us
  Sample 3...
Starting computation...
    Writing took     3.631155 ms
    Computation took 251.356761 ms
    Reading took     132.801000 us
  Sample 4...
Starting computation...
    Writing took     3.586454 ms
    Computation took 251.398304 ms
    Reading took     268.809000 us
  Sample 5...
Starting computation...
    Writing took     7.277088 ms
    Computation took 251.431052 ms
    Reading took     192.600000 us
  Sample 6...
Starting computation...
    Writing took     4.587366 ms
    Computation took 251.395780 ms
    Reading took     283.733000 us
  Sample 7...
Starting computation...
    Writing took     7.774089 ms
    Computation took 251.393327 ms
    Reading took     180.935000 us
  Sample 8...
Starting computation...
    Writing took     4.592442 ms
    Computation took 251.416973 ms
    Reading took     190.074000 us
  Sample 9...
Starting computation...
    Writing took     4.548355 ms
    Computation took 254.328229 ms
    Reading took     178.356000 us
  Sample 10...
Starting computation...
    Writing took     4.574310 ms
    Computation took 260.034255 ms
    Reading took     143.875000 us
  Sample 11...
Starting computation...
    Writing took     3.541735 ms
    Computation took 261.974096 ms
    Reading took     154.044000 us
  Sample 12...
Starting computation...
    Writing took     3.918476 ms
    Computation took 260.720397 ms
    Reading took     145.092000 us
  Sample 13...
Starting computation...
    Writing took     3.620804 ms
    Computation took 260.032622 ms
    Reading took     141.575000 us
  Sample 14...
Starting computation...
    Writing took     3.446524 ms
    Computation took 255.826847 ms
    Reading took     268.567000 us
  Sample 15...
Starting computation...
    Writing took     7.768002 ms
    Computation took 254.000813 ms
    Reading took     177.161000 us
  Sample 16...
Starting computation...
    Writing took     4.574057 ms
    Computation took 251.760619 ms
    Reading took     196.790000 us
  Sample 17...
Starting computation...
    Writing took     4.588738 ms
    Computation took 251.646734 ms
    Reading took     179.200000 us
  Sample 18...
Starting computation...
    Writing took     4.603826 ms
    Computation took 251.411927 ms
    Reading took     191.160000 us
  Sample 19...
Starting computation...
    Writing took     4.585441 ms
    Computation took 251.378213 ms
    Reading took     179.638000 us
  Sample 20...
Starting computation...
    Writing took     4.601568 ms
    Computation took 252.270790 ms
    Reading took     181.504000 us
  Sample 21...
Starting computation...
    Writing took     4.577318 ms
    Computation took 251.402007 ms
    Reading took     279.817000 us
  Sample 22...
Starting computation...
    Writing took     7.844631 ms
    Computation took 251.428197 ms
    Reading took     232.101000 us
  Sample 23...
Starting computation...
    Writing took     4.590909 ms
    Computation took 251.405493 ms
    Reading took     179.969000 us
  Sample 24...
Starting computation...
    Writing took     5.237179 ms
    Computation took 251.445590 ms
    Reading took     269.836000 us
  Sample 25...
Starting computation...
    Writing took     7.574711 ms
    Computation took 251.424008 ms
    Reading took     180.895000 us
  Sample 26...
Starting computation...
    Writing took     4.585060 ms
    Computation took 251.400756 ms
    Reading took     179.333000 us
  Sample 27...
Starting computation...
    Writing took     4.598970 ms
    Computation took 251.415150 ms
    Reading took     179.051000 us
  Sample 28...
Starting computation...
    Writing took     5.050417 ms
    Computation took 251.365445 ms
    Reading took     147.868000 us
  Sample 29...
Starting computation...
    Writing took     3.581939 ms
    Computation took 251.341350 ms
    Reading took     163.823000 us
  Sample 30...
Starting computation...
    Writing took     4.177985 ms
    Computation took 251.393181 ms
    Reading took     239.112000 us
  Sample 31...
Starting computation...
    Writing took     6.184826 ms
    Computation took 251.395183 ms
    Reading took     196.395000 us
  Sample 32...
Starting computation...
    Writing took     4.355685 ms
    Computation took 251.400011 ms
    Reading took     165.835000 us
  Sample 33...
Starting computation...
    Writing took     4.207803 ms
    Computation took 251.359646 ms
    Reading took     163.739000 us
  Sample 34...
Starting computation...
    Writing took     4.116031 ms
    Computation took 251.352387 ms
    Reading took     185.265000 us
  Sample 35...
Starting computation...
    Writing took     4.538490 ms
    Computation took 251.394612 ms
    Reading took     168.603000 us
  Sample 36...
Starting computation...
    Writing took     4.050336 ms
    Computation took 251.376377 ms
    Reading took     159.256000 us
  Sample 37...
Starting computation...
    Writing took     4.047129 ms
    Computation took 251.437164 ms
    Reading took     168.556000 us
  Sample 38...
Starting computation...
    Writing took     4.204803 ms
    Computation took 251.403574 ms
    Reading took     168.701000 us
  Sample 39...
Starting computation...
    Writing took     4.246382 ms
    Computation took 251.349971 ms
    Reading took     162.536000 us
  Sample 40...
Starting computation...
    Writing took     3.948273 ms
    Computation took 251.406288 ms
    Reading took     157.375000 us
  Sample 41...
Starting computation...
    Writing took     4.169570 ms
    Computation took 251.414926 ms
    Reading took     168.096000 us
  Sample 42...
Starting computation...
    Writing took     4.259257 ms
    Computation took 251.390838 ms
    Reading took     166.548000 us
  Sample 43...
Starting computation...
    Writing took     4.277811 ms
    Computation took 251.346049 ms
    Reading took     172.059000 us
  Sample 44...
Starting computation...
    Writing took     4.538761 ms
    Computation took 251.416567 ms
    Reading took     171.081000 us
  Sample 45...
Starting computation...
    Writing took     4.521608 ms
    Computation took 251.439625 ms
    Reading took     178.661000 us
  Sample 46...
Starting computation...
    Writing took     4.581117 ms
    Computation took 251.422534 ms
    Reading took     262.741000 us
  Sample 47...
Starting computation...
    Writing took     7.781514 ms
    Computation took 251.455931 ms
    Reading took     187.214000 us
  Sample 48...
Starting computation...
    Writing took     4.674076 ms
    Computation took 251.386335 ms
    Reading took     182.121000 us
  Sample 49...
Starting computation...
    Writing took     4.604777 ms
    Computation took 251.362506 ms
    Reading took     273.221000 us
  Sample 50...
Starting computation...
    Writing took     7.695675 ms
    Computation took 251.399548 ms
    Reading took     179.613000 us
  Sample 51...
Starting computation...
    Writing took     4.606618 ms
    Computation took 251.433623 ms
    Reading took     179.256000 us
  Sample 52...
Starting computation...
    Writing took     4.598830 ms
    Computation took 251.363191 ms
    Reading took     179.863000 us
  Sample 53...
Starting computation...
    Writing took     4.601483 ms
    Computation took 251.376519 ms
    Reading took     146.850000 us
  Sample 54...
Starting computation...
    Writing took     3.575418 ms
    Computation took 251.498594 ms
    Reading took     177.047000 us
  Sample 55...
Starting computation...
    Writing took     4.565192 ms
    Computation took 251.586657 ms
    Reading took     178.766000 us
  Sample 56...
Starting computation...
    Writing took     4.566082 ms
    Computation took 251.373301 ms
    Reading took     177.359000 us
  Sample 57...
Starting computation...
    Writing took     4.535511 ms
    Computation took 251.411551 ms
    Reading took     178.435000 us
  Sample 58...
Starting computation...
    Writing took     4.576301 ms
    Computation took 251.420734 ms
    Reading took     269.286000 us
  Sample 59...
Starting computation...
    Writing took     6.344475 ms
    Computation took 251.411733 ms
    Reading took     178.880000 us
  Sample 60...
Starting computation...
    Writing took     5.470644 ms
    Computation took 251.386252 ms
    Reading took     178.176000 us
  Sample 61...
Starting computation...
    Writing took     4.587596 ms
    Computation took 251.410547 ms
    Reading took     147.099000 us
  Sample 62...
Starting computation...
    Writing took     3.614694 ms
    Computation took 251.334360 ms
    Reading took     161.775000 us
  Sample 63...
Starting computation...
    Writing took     4.009282 ms
    Computation took 251.338252 ms
    Reading took     157.167000 us
  Sample 64...
Starting computation...
    Writing took     4.004132 ms
    Computation took 251.411959 ms
    Reading took     213.846000 us
  Sample 65...
Starting computation...
    Writing took     6.812189 ms
    Computation took 251.435336 ms
    Reading took     163.411000 us
  Sample 66...
Starting computation...
    Writing took     4.119816 ms
    Computation took 251.373913 ms
    Reading took     162.816000 us
  Sample 67...
Starting computation...
    Writing took     4.174005 ms
    Computation took 251.428616 ms
    Reading took     265.759000 us
  Sample 68...
Starting computation...
    Writing took     7.759942 ms
    Computation took 251.437100 ms
    Reading took     178.629000 us
  Sample 69...
Starting computation...
    Writing took     4.581500 ms
    Computation took 251.389639 ms
    Reading took     178.003000 us
  Sample 70...
Starting computation...
    Writing took     4.581718 ms
    Computation took 251.401641 ms
    Reading took     194.386000 us
  Sample 71...
Starting computation...
    Writing took     4.998835 ms
    Computation took 251.420811 ms
    Reading took     155.875000 us
  Sample 72...
Starting computation...
    Writing took     3.861265 ms
    Computation took 251.357022 ms
    Reading took     152.435000 us
  Sample 73...
Starting computation...
    Writing took     3.858066 ms
    Computation took 251.361752 ms
    Reading took     155.802000 us
  Sample 74...
Starting computation...
    Writing took     4.348371 ms
    Computation took 251.360645 ms
    Reading took     179.846000 us
  Sample 75...
Starting computation...
    Writing took     4.192403 ms
    Computation took 251.379171 ms
    Reading took     163.206000 us
  Sample 76...
Starting computation...
    Writing took     4.122770 ms
    Computation took 251.445962 ms
    Reading took     429.054000 us
  Sample 77...
Starting computation...
    Writing took     12.899823 ms
    Computation took 251.471699 ms
    Reading took     192.200000 us
  Sample 78...
Starting computation...
    Writing took     5.054319 ms
    Computation took 251.368181 ms
    Reading took     189.042000 us
  Sample 79...
Starting computation...
    Writing took     4.978095 ms
    Computation took 251.349163 ms
    Reading took     154.856000 us
  Sample 80...
Starting computation...
    Writing took     3.729698 ms
    Computation took 251.382944 ms
    Reading took     146.184000 us
  Sample 81...
Starting computation...
    Writing took     3.689720 ms
    Computation took 251.406663 ms
    Reading took     179.049000 us
  Sample 82...
Starting computation...
    Writing took     6.071280 ms
    Computation took 251.462351 ms
    Reading took     178.346000 us
  Sample 83...
Starting computation...
    Writing took     4.572048 ms
    Computation took 251.460831 ms
    Reading took     177.780000 us
  Sample 84...
Starting computation...
    Writing took     4.590612 ms
    Computation took 251.787398 ms
    Reading took     265.867000 us
  Sample 85...
Starting computation...
    Writing took     7.873678 ms
    Computation took 251.422438 ms
    Reading took     179.364000 us
  Sample 86...
Starting computation...
    Writing took     4.602301 ms
    Computation took 251.497108 ms
    Reading took     180.895000 us
  Sample 87...
Starting computation...
    Writing took     4.697123 ms
    Computation took 251.378452 ms
    Reading took     178.246000 us
  Sample 88...
Starting computation...
    Writing took     4.601060 ms
    Computation took 251.358184 ms
    Reading took     177.027000 us
  Sample 89...
Starting computation...
    Writing took     4.631172 ms
    Computation took 251.376222 ms
    Reading took     178.506000 us
  Sample 90...
Starting computation...
    Writing took     4.591425 ms
    Computation took 251.383472 ms
    Reading took     194.610000 us
  Sample 91...
Starting computation...
    Writing took     4.547634 ms
    Computation took 251.590642 ms
    Reading took     187.231000 us
  Sample 92...
Starting computation...
    Writing took     4.604697 ms
    Computation took 251.935121 ms
    Reading took     176.866000 us
  Sample 93...
Starting computation...
    Writing took     4.576294 ms
    Computation took 252.722031 ms
    Reading took     270.588000 us
  Sample 94...
Starting computation...
    Writing took     7.879054 ms
    Computation took 251.663324 ms
    Reading took     179.759000 us
  Sample 95...
Starting computation...
    Writing took     4.561127 ms
    Computation took 251.423634 ms
    Reading took     180.210000 us
  Sample 96...
Starting computation...
    Writing took     4.570458 ms
    Computation took 251.384970 ms
    Reading took     149.259000 us
  Sample 97...
Starting computation...
    Writing took     3.530308 ms
    Computation took 251.366367 ms
    Reading took     148.838000 us
  Sample 98...
Starting computation...
    Writing took     3.721949 ms
    Computation took 251.327241 ms
    Reading took     156.474000 us
  Sample 99...
Starting computation...
    Writing took     3.931955 ms
    Computation took 251.386156 ms
    Reading took     149.994000 us
Mean computation time: 251.916022 ms
Mean deviation: 893.698000 us (0.35476%)
Mean computation time (per hash): 4.129770 ms
Mean deviation (per hash): 14.650000 us
