Using device #0: CUDA Device 'GeForce GTX 1080 Ti'
  Sample 0...
Starting computation...
    Writing took     315.082000 us
    Computation took 167.334067 ms
    Reading took     22.030000 us
  Sample 1...
Starting computation...
    Writing took     382.650000 us
    Computation took 167.311406 ms
    Reading took     16.142000 us
  Sample 2...
Starting computation...
    Writing took     334.044000 us
    Computation took 167.323777 ms
    Reading took     16.483000 us
  Sample 3...
Starting computation...
    Writing took     332.450000 us
    Computation took 167.298846 ms
    Reading took     14.925000 us
  Sample 4...
Starting computation...
    Writing took     264.995000 us
    Computation took 167.285232 ms
    Reading took     22.635000 us
  Sample 5...
Starting computation...
    Writing took     468.011000 us
    Computation took 167.319720 ms
    Reading took     13.666000 us
  Sample 6...
Starting computation...
    Writing took     255.643000 us
    Computation took 167.269398 ms
    Reading took     15.425000 us
  Sample 7...
Starting computation...
    Writing took     307.511000 us
    Computation took 167.275749 ms
    Reading took     15.963000 us
  Sample 8...
Starting computation...
    Writing took     312.744000 us
    Computation took 167.308657 ms
    Reading took     14.841000 us
  Sample 9...
Starting computation...
    Writing took     295.640000 us
    Computation took 167.303124 ms
    Reading took     15.251000 us
  Sample 10...
Starting computation...
    Writing took     305.357000 us
    Computation took 167.275749 ms
    Reading took     21.560000 us
  Sample 11...
Starting computation...
    Writing took     478.857000 us
    Computation took 167.341131 ms
    Reading took     16.971000 us
  Sample 12...
Starting computation...
    Writing took     341.884000 us
    Computation took 167.290669 ms
    Reading took     18.882000 us
  Sample 13...
Starting computation...
    Writing took     401.420000 us
    Computation took 167.311697 ms
    Reading took     15.676000 us
  Sample 14...
Starting computation...
    Writing took     333.413000 us
    Computation took 167.306140 ms
    Reading took     24.722000 us
  Sample 15...
Starting computation...
    Writing took     560.133000 us
    Computation took 167.291597 ms
    Reading took     16.154000 us
  Sample 16...
Starting computation...
    Writing took     331.808000 us
    Computation took 167.294012 ms
    Reading took     26.457000 us
  Sample 17...
Starting computation...
    Writing took     522.727000 us
    Computation took 167.313761 ms
    Reading took     29.444000 us
  Sample 18...
Starting computation...
    Writing took     471.789000 us
    Computation took 167.324232 ms
    Reading took     16.780000 us
  Sample 19...
Starting computation...
    Writing took     337.800000 us
    Computation took 167.258673 ms
    Reading took     16.757000 us
  Sample 20...
Starting computation...
    Writing took     335.566000 us
    Computation took 167.298926 ms
    Reading took     13.630000 us
  Sample 21...
Starting computation...
    Writing took     277.156000 us
    Computation took 167.284832 ms
    Reading took     15.285000 us
  Sample 22...
Starting computation...
    Writing took     304.786000 us
    Computation took 167.269077 ms
    Reading took     15.521000 us
  Sample 23...
Starting computation...
    Writing took     326.868000 us
    Computation took 167.268040 ms
    Reading took     13.895000 us
  Sample 24...
Starting computation...
    Writing took     256.101000 us
    Computation took 167.271151 ms
    Reading took     26.038000 us
  Sample 25...
Starting computation...
    Writing took     396.151000 us
    Computation took 167.313635 ms
    Reading took     16.525000 us
  Sample 26...
Starting computation...
    Writing took     334.391000 us
    Computation took 167.295299 ms
    Reading took     16.396000 us
  Sample 27...
Starting computation...
    Writing took     331.971000 us
    Computation took 167.271879 ms
    Reading took     16.589000 us
  Sample 28...
Starting computation...
    Writing took     331.954000 us
    Computation took 167.245834 ms
    Reading took     14.950000 us
  Sample 29...
Starting computation...
    Writing took     274.406000 us
    Computation took 167.280778 ms
    Reading took     15.770000 us
  Sample 30...
Starting computation...
    Writing took     305.767000 us
    Computation took 167.279257 ms
    Reading took     15.424000 us
  Sample 31...
Starting computation...
    Writing took     307.637000 us
    Computation took 167.287695 ms
    Reading took     15.681000 us
  Sample 32...
Starting computation...
    Writing took     306.434000 us
    Computation took 167.297637 ms
    Reading took     15.806000 us
  Sample 33...
Starting computation...
    Writing took     306.012000 us
    Computation took 167.286539 ms
    Reading took     14.804000 us
  Sample 34...
Starting computation...
    Writing took     285.113000 us
    Computation took 167.285354 ms
    Reading took     15.689000 us
  Sample 35...
Starting computation...
    Writing took     305.074000 us
    Computation took 167.288138 ms
    Reading took     15.351000 us
  Sample 36...
Starting computation...
    Writing took     284.135000 us
    Computation took 167.294288 ms
    Reading took     15.418000 us
  Sample 37...
Starting computation...
    Writing took     327.842000 us
    Computation took 167.324161 ms
    Reading took     15.576000 us
  Sample 38...
Starting computation...
    Writing took     329.224000 us
    Computation took 167.285696 ms
    Reading took     14.437000 us
  Sample 39...
Starting computation...
    Writing took     303.665000 us
    Computation took 167.284327 ms
    Reading took     14.435000 us
  Sample 40...
Starting computation...
    Writing took     341.590000 us
    Computation took 167.295700 ms
    Reading took     13.193000 us
  Sample 41...
Starting computation...
    Writing took     292.137000 us
    Computation took 167.278671 ms
    Reading took     14.839000 us
  Sample 42...
Starting computation...
    Writing took     269.285000 us
    Computation took 167.305873 ms
    Reading took     15.752000 us
  Sample 43...
Starting computation...
    Writing took     330.673000 us
    Computation took 167.303974 ms
    Reading took     15.120000 us
  Sample 44...
Starting computation...
    Writing took     344.896000 us
    Computation took 167.248408 ms
    Reading took     14.687000 us
  Sample 45...
Starting computation...
    Writing took     327.174000 us
    Computation took 167.284634 ms
    Reading took     21.286000 us
  Sample 46...
Starting computation...
    Writing took     524.017000 us
    Computation took 167.321200 ms
    Reading took     14.521000 us
  Sample 47...
Starting computation...
    Writing took     307.334000 us
    Computation took 167.285770 ms
    Reading took     15.344000 us
  Sample 48...
Starting computation...
    Writing took     330.291000 us
    Computation took 167.269082 ms
    Reading took     15.747000 us
  Sample 49...
Starting computation...
    Writing took     346.431000 us
    Computation took 167.307793 ms
    Reading took     13.631000 us
  Sample 50...
Starting computation...
    Writing took     268.410000 us
    Computation took 167.279178 ms
    Reading took     12.777000 us
  Sample 51...
Starting computation...
    Writing took     253.058000 us
    Computation took 167.303217 ms
    Reading took     22.585000 us
  Sample 52...
Starting computation...
    Writing took     493.225000 us
    Computation took 167.299896 ms
    Reading took     14.480000 us
  Sample 53...
Starting computation...
    Writing took     330.359000 us
    Computation took 167.266262 ms
    Reading took     14.097000 us
  Sample 54...
Starting computation...
    Writing took     301.550000 us
    Computation took 167.304304 ms
    Reading took     38.844000 us
  Sample 55...
Starting computation...
    Writing took     370.988000 us
    Computation took 167.301004 ms
    Reading took     16.311000 us
  Sample 56...
Starting computation...
    Writing took     342.449000 us
    Computation took 167.272544 ms
    Reading took     27.589000 us
  Sample 57...
Starting computation...
    Writing took     611.533000 us
    Computation took 167.316737 ms
    Reading took     14.296000 us
  Sample 58...
Starting computation...
    Writing took     319.363000 us
    Computation took 167.286073 ms
    Reading took     14.309000 us
  Sample 59...
Starting computation...
    Writing took     307.419000 us
    Computation took 168.837203 ms
    Reading took     13.867000 us
  Sample 60...
Starting computation...
    Writing took     291.331000 us
    Computation took 168.937282 ms
    Reading took     13.476000 us
  Sample 61...
Starting computation...
    Writing took     279.548000 us
    Computation took 168.898741 ms
    Reading took     13.530000 us
  Sample 62...
Starting computation...
    Writing took     306.107000 us
    Computation took 168.923014 ms
    Reading took     14.210000 us
  Sample 63...
Starting computation...
    Writing took     302.644000 us
    Computation took 168.906688 ms
    Reading took     15.660000 us
  Sample 64...
Starting computation...
    Writing took     301.621000 us
    Computation took 168.860918 ms
    Reading took     11.879000 us
  Sample 65...
Starting computation...
    Writing took     279.432000 us
    Computation took 168.943570 ms
    Reading took     25.254000 us
  Sample 66...
Starting computation...
    Writing took     537.645000 us
    Computation took 168.962635 ms
    Reading took     13.160000 us
  Sample 67...
Starting computation...
    Writing took     278.897000 us
    Computation took 168.906918 ms
    Reading took     13.987000 us
  Sample 68...
Starting computation...
    Writing took     328.519000 us
    Computation took 168.922429 ms
    Reading took     13.969000 us
  Sample 69...
Starting computation...
    Writing took     307.628000 us
    Computation took 168.917268 ms
    Reading took     14.608000 us
  Sample 70...
Starting computation...
    Writing took     318.230000 us
    Computation took 168.955620 ms
    Reading took     15.068000 us
  Sample 71...
Starting computation...
    Writing took     313.468000 us
    Computation took 168.890362 ms
    Reading took     14.258000 us
  Sample 72...
Starting computation...
    Writing took     302.226000 us
    Computation took 168.936652 ms
    Reading took     14.251000 us
  Sample 73...
Starting computation...
    Writing took     317.501000 us
    Computation took 168.939854 ms
    Reading took     15.744000 us
  Sample 74...
Starting computation...
    Writing took     300.612000 us
    Computation took 168.944654 ms
    Reading took     22.970000 us
  Sample 75...
Starting computation...
    Writing took     561.521000 us
    Computation took 168.923711 ms
    Reading took     15.520000 us
  Sample 76...
Starting computation...
    Writing took     326.824000 us
    Computation took 168.929701 ms
    Reading took     16.178000 us
  Sample 77...
Starting computation...
    Writing took     335.922000 us
    Computation took 168.895763 ms
    Reading took     14.529000 us
  Sample 78...
Starting computation...
    Writing took     304.171000 us
    Computation took 168.920189 ms
    Reading took     15.171000 us
  Sample 79...
Starting computation...
    Writing took     301.793000 us
    Computation took 168.850606 ms
    Reading took     14.147000 us
  Sample 80...
Starting computation...
    Writing took     303.200000 us
    Computation took 168.877346 ms
    Reading took     14.667000 us
  Sample 81...
Starting computation...
    Writing took     290.161000 us
    Computation took 168.895307 ms
    Reading took     13.356000 us
  Sample 82...
Starting computation...
    Writing took     288.445000 us
    Computation took 168.919556 ms
    Reading took     21.879000 us
  Sample 83...
Starting computation...
    Writing took     390.418000 us
    Computation took 168.936899 ms
    Reading took     13.447000 us
  Sample 84...
Starting computation...
    Writing took     282.331000 us
    Computation took 168.944264 ms
    Reading took     29.969000 us
  Sample 85...
Starting computation...
    Writing took     537.693000 us
    Computation took 168.963790 ms
    Reading took     15.106000 us
  Sample 86...
Starting computation...
    Writing took     301.976000 us
    Computation took 168.924497 ms
    Reading took     14.389000 us
  Sample 87...
Starting computation...
    Writing took     303.561000 us
    Computation took 168.914356 ms
    Reading took     14.550000 us
  Sample 88...
Starting computation...
    Writing took     301.085000 us
    Computation took 168.903382 ms
    Reading took     15.695000 us
  Sample 89...
Starting computation...
    Writing took     404.353000 us
    Computation took 168.934151 ms
    Reading took     14.560000 us
  Sample 90...
Starting computation...
    Writing took     316.119000 us
    Computation took 168.918580 ms
    Reading took     14.455000 us
  Sample 91...
Starting computation...
    Writing took     315.408000 us
    Computation took 168.907980 ms
    Reading took     14.430000 us
  Sample 92...
Starting computation...
    Writing took     323.220000 us
    Computation took 168.876023 ms
    Reading took     13.924000 us
  Sample 93...
Starting computation...
    Writing took     289.890000 us
    Computation took 168.854602 ms
    Reading took     11.833000 us
  Sample 94...
Starting computation...
    Writing took     291.974000 us
    Computation took 168.910688 ms
    Reading took     14.576000 us
  Sample 95...
Starting computation...
    Writing took     303.939000 us
    Computation took 168.900365 ms
    Reading took     14.451000 us
  Sample 96...
Starting computation...
    Writing took     301.814000 us
    Computation took 168.896528 ms
    Reading took     14.378000 us
  Sample 97...
Starting computation...
    Writing took     303.818000 us
    Computation took 168.869607 ms
    Reading took     14.396000 us
  Sample 98...
Starting computation...
    Writing took     301.662000 us
    Computation took 168.915099 ms
    Reading took     20.549000 us
  Sample 99...
Starting computation...
    Writing took     427.350000 us
    Computation took 168.910001 ms
    Reading took     13.924000 us
Mean computation time: 167.956572 ms
Mean deviation: 783.145000 us (0.466278%)
Mean computation time (per hash): 41.989142 ms
Mean deviation (per hash): 195.786000 us
