Using device #0: CUDA Device 'GeForce GTX 1080 Ti'
  Sample 0...
Starting computation...
    Writing took     8.562148 ms
    Computation took 365.475479 ms
    Reading took     328.087000 us
  Sample 1...
Starting computation...
    Writing took     8.585177 ms
    Computation took 363.716551 ms
    Reading took     290.204000 us
  Sample 2...
Starting computation...
    Writing took     8.210287 ms
    Computation took 364.164724 ms
    Reading took     455.227000 us
  Sample 3...
Starting computation...
    Writing took     9.295960 ms
    Computation took 366.530129 ms
    Reading took     349.790000 us
  Sample 4...
Starting computation...
    Writing took     8.718066 ms
    Computation took 372.963768 ms
    Reading took     342.171000 us
  Sample 5...
Starting computation...
    Writing took     9.159773 ms
    Computation took 371.854378 ms
    Reading took     379.588000 us
  Sample 6...
Starting computation...
    Writing took     9.198614 ms
    Computation took 367.904734 ms
    Reading took     397.959000 us
  Sample 7...
Starting computation...
    Writing took     9.134719 ms
    Computation took 367.970729 ms
    Reading took     300.102000 us
  Sample 8...
Starting computation...
    Writing took     7.876043 ms
    Computation took 365.789051 ms
    Reading took     320.574000 us
  Sample 9...
Starting computation...
    Writing took     8.402032 ms
    Computation took 364.056658 ms
    Reading took     320.060000 us
  Sample 10...
Starting computation...
    Writing took     8.279060 ms
    Computation took 362.511665 ms
    Reading took     280.154000 us
  Sample 11...
Starting computation...
    Writing took     7.470145 ms
    Computation took 362.006162 ms
    Reading took     319.631000 us
  Sample 12...
Starting computation...
    Writing took     8.544814 ms
    Computation took 361.632283 ms
    Reading took     306.369000 us
  Sample 13...
Starting computation...
    Writing took     8.065402 ms
    Computation took 362.123826 ms
    Reading took     321.072000 us
  Sample 14...
Starting computation...
    Writing took     7.876021 ms
    Computation took 362.658402 ms
    Reading took     330.719000 us
  Sample 15...
Starting computation...
    Writing took     8.645947 ms
    Computation took 362.641578 ms
    Reading took     347.391000 us
  Sample 16...
Starting computation...
    Writing took     9.205277 ms
    Computation took 362.699806 ms
    Reading took     344.115000 us
  Sample 17...
Starting computation...
    Writing took     10.955394 ms
    Computation took 362.226962 ms
    Reading took     509.342000 us
  Sample 18...
Starting computation...
    Writing took     14.131926 ms
    Computation took 361.862967 ms
    Reading took     342.390000 us
  Sample 19...
Starting computation...
    Writing took     9.220439 ms
    Computation took 362.390727 ms
    Reading took     318.826000 us
  Sample 20...
Starting computation...
    Writing took     9.235231 ms
    Computation took 362.439779 ms
    Reading took     530.201000 us
  Sample 21...
Starting computation...
    Writing took     15.282081 ms
    Computation took 362.864670 ms
    Reading took     344.115000 us
  Sample 22...
Starting computation...
    Writing took     9.220575 ms
    Computation took 362.686312 ms
    Reading took     329.257000 us
  Sample 23...
Starting computation...
    Writing took     7.870789 ms
    Computation took 361.848192 ms
    Reading took     432.687000 us
  Sample 24...
Starting computation...
    Writing took     12.449824 ms
    Computation took 362.159177 ms
    Reading took     326.200000 us
  Sample 25...
Starting computation...
    Writing took     9.147861 ms
    Computation took 362.387708 ms
    Reading took     302.320000 us
  Sample 26...
Starting computation...
    Writing took     8.368321 ms
    Computation took 363.345949 ms
    Reading took     324.891000 us
  Sample 27...
Starting computation...
    Writing took     9.105991 ms
    Computation took 364.299558 ms
    Reading took     323.413000 us
  Sample 28...
Starting computation...
    Writing took     9.138447 ms
    Computation took 363.050259 ms
    Reading took     323.827000 us
  Sample 29...
Starting computation...
    Writing took     10.385587 ms
    Computation took 361.642115 ms
    Reading took     342.790000 us
  Sample 30...
Starting computation...
    Writing took     9.162799 ms
    Computation took 362.814527 ms
    Reading took     293.750000 us
  Sample 31...
Starting computation...
    Writing took     8.043726 ms
    Computation took 362.885252 ms
    Reading took     322.873000 us
  Sample 32...
Starting computation...
    Writing took     9.177224 ms
    Computation took 363.590565 ms
    Reading took     310.520000 us
  Sample 33...
Starting computation...
    Writing took     8.400209 ms
    Computation took 362.629774 ms
    Reading took     541.095000 us
  Sample 34...
Starting computation...
    Writing took     14.540100 ms
    Computation took 361.716475 ms
    Reading took     290.382000 us
  Sample 35...
Starting computation...
    Writing took     8.074097 ms
    Computation took 361.788674 ms
    Reading took     330.584000 us
  Sample 36...
Starting computation...
    Writing took     9.119254 ms
    Computation took 362.250246 ms
    Reading took     397.953000 us
  Sample 37...
Starting computation...
    Writing took     9.142241 ms
    Computation took 362.897808 ms
    Reading took     484.704000 us
  Sample 38...
Starting computation...
    Writing took     14.317329 ms
    Computation took 361.560075 ms
    Reading took     301.850000 us
  Sample 39...
Starting computation...
    Writing took     8.390778 ms
    Computation took 361.396717 ms
    Reading took     367.377000 us
  Sample 40...
Starting computation...
    Writing took     8.330081 ms
    Computation took 361.647234 ms
    Reading took     314.444000 us
  Sample 41...
Starting computation...
    Writing took     8.327793 ms
    Computation took 362.221416 ms
    Reading took     291.461000 us
  Sample 42...
Starting computation...
    Writing took     8.240527 ms
    Computation took 362.584461 ms
    Reading took     266.795000 us
  Sample 43...
Starting computation...
    Writing took     7.345794 ms
    Computation took 362.889666 ms
    Reading took     325.993000 us
  Sample 44...
Starting computation...
    Writing took     9.127090 ms
    Computation took 362.440167 ms
    Reading took     330.815000 us
  Sample 45...
Starting computation...
    Writing took     9.157499 ms
    Computation took 361.845696 ms
    Reading took     598.491000 us
  Sample 46...
Starting computation...
    Writing took     17.054758 ms
    Computation took 361.994863 ms
    Reading took     300.789000 us
  Sample 47...
Starting computation...
    Writing took     8.385608 ms
    Computation took 361.851891 ms
    Reading took     340.388000 us
  Sample 48...
Starting computation...
    Writing took     9.201713 ms
    Computation took 363.621008 ms
    Reading took     319.024000 us
  Sample 49...
Starting computation...
    Writing took     8.402604 ms
    Computation took 365.166517 ms
    Reading took     319.624000 us
  Sample 50...
Starting computation...
    Writing took     8.646290 ms
    Computation took 364.589899 ms
    Reading took     343.348000 us
  Sample 51...
Starting computation...
    Writing took     9.239900 ms
    Computation took 362.841461 ms
    Reading took     474.801000 us
  Sample 52...
Starting computation...
    Writing took     16.294004 ms
    Computation took 362.869772 ms
    Reading took     340.718000 us
  Sample 53...
Starting computation...
    Writing took     9.225339 ms
    Computation took 363.134004 ms
    Reading took     318.030000 us
  Sample 54...
Starting computation...
    Writing took     7.253670 ms
    Computation took 365.436416 ms
    Reading took     280.190000 us
  Sample 55...
Starting computation...
    Writing took     7.404740 ms
    Computation took 367.716617 ms
    Reading took     515.158000 us
  Sample 56...
Starting computation...
    Writing took     14.131834 ms
    Computation took 364.872869 ms
    Reading took     353.030000 us
  Sample 57...
Starting computation...
    Writing took     9.467326 ms
    Computation took 364.058222 ms
    Reading took     301.486000 us
  Sample 58...
Starting computation...
    Writing took     9.210093 ms
    Computation took 364.833919 ms
    Reading took     301.120000 us
  Sample 59...
Starting computation...
    Writing took     9.541523 ms
    Computation took 365.582234 ms
    Reading took     301.635000 us
  Sample 60...
Starting computation...
    Writing took     8.345425 ms
    Computation took 367.446914 ms
    Reading took     501.433000 us
  Sample 61...
Starting computation...
    Writing took     14.632461 ms
    Computation took 371.912980 ms
    Reading took     255.358000 us
  Sample 62...
Starting computation...
    Writing took     7.222025 ms
    Computation took 369.269278 ms
    Reading took     365.026000 us
  Sample 63...
Starting computation...
    Writing took     9.553797 ms
    Computation took 368.316029 ms
    Reading took     345.908000 us
  Sample 64...
Starting computation...
    Writing took     9.188784 ms
    Computation took 367.433656 ms
    Reading took     290.715000 us
  Sample 65...
Starting computation...
    Writing took     7.434487 ms
    Computation took 369.549592 ms
    Reading took     398.924000 us
  Sample 66...
Starting computation...
    Writing took     12.206976 ms
    Computation took 366.674171 ms
    Reading took     309.324000 us
  Sample 67...
Starting computation...
    Writing took     9.757562 ms
    Computation took 366.325747 ms
    Reading took     291.206000 us
  Sample 68...
Starting computation...
    Writing took     7.304469 ms
    Computation took 369.496959 ms
    Reading took     317.611000 us
  Sample 69...
Starting computation...
    Writing took     8.263790 ms
    Computation took 369.242874 ms
    Reading took     319.856000 us
  Sample 70...
Starting computation...
    Writing took     8.396040 ms
    Computation took 366.962198 ms
    Reading took     277.406000 us
  Sample 71...
Starting computation...
    Writing took     7.069676 ms
    Computation took 365.395858 ms
    Reading took     307.739000 us
  Sample 72...
Starting computation...
    Writing took     8.152585 ms
    Computation took 362.793543 ms
    Reading took     321.420000 us
  Sample 73...
Starting computation...
    Writing took     8.610328 ms
    Computation took 363.438322 ms
    Reading took     283.692000 us
  Sample 74...
Starting computation...
    Writing took     7.418461 ms
    Computation took 362.806307 ms
    Reading took     320.664000 us
  Sample 75...
Starting computation...
    Writing took     8.466422 ms
    Computation took 362.430103 ms
    Reading took     384.489000 us
  Sample 76...
Starting computation...
    Writing took     10.729697 ms
    Computation took 362.217110 ms
    Reading took     358.939000 us
  Sample 77...
Starting computation...
    Writing took     9.708903 ms
    Computation took 362.989063 ms
    Reading took     358.430000 us
  Sample 78...
Starting computation...
    Writing took     9.267912 ms
    Computation took 364.520298 ms
    Reading took     277.834000 us
  Sample 79...
Starting computation...
    Writing took     7.108600 ms
    Computation took 367.711487 ms
    Reading took     320.954000 us
  Sample 80...
Starting computation...
    Writing took     8.441569 ms
    Computation took 367.546284 ms
    Reading took     289.836000 us
  Sample 81...
Starting computation...
    Writing took     7.587256 ms
    Computation took 364.641410 ms
    Reading took     318.711000 us
  Sample 82...
Starting computation...
    Writing took     8.347947 ms
    Computation took 364.487861 ms
    Reading took     320.100000 us
  Sample 83...
Starting computation...
    Writing took     13.789888 ms
    Computation took 363.747435 ms
    Reading took     317.859000 us
  Sample 84...
Starting computation...
    Writing took     10.024038 ms
    Computation took 363.024828 ms
    Reading took     331.882000 us
  Sample 85...
Starting computation...
    Writing took     9.115322 ms
    Computation took 363.513580 ms
    Reading took     327.564000 us
  Sample 86...
Starting computation...
    Writing took     8.423565 ms
    Computation took 363.683365 ms
    Reading took     326.024000 us
  Sample 87...
Starting computation...
    Writing took     7.836385 ms
    Computation took 364.106881 ms
    Reading took     319.495000 us
  Sample 88...
Starting computation...
    Writing took     8.410902 ms
    Computation took 363.747808 ms
    Reading took     291.548000 us
  Sample 89...
Starting computation...
    Writing took     7.584285 ms
    Computation took 363.626953 ms
    Reading took     296.947000 us
  Sample 90...
Starting computation...
    Writing took     7.004615 ms
    Computation took 362.369716 ms
    Reading took     291.790000 us
  Sample 91...
Starting computation...
    Writing took     8.483034 ms
    Computation took 363.122207 ms
    Reading took     400.392000 us
  Sample 92...
Starting computation...
    Writing took     8.607668 ms
    Computation took 362.653939 ms
    Reading took     275.495000 us
  Sample 93...
Starting computation...
    Writing took     7.104440 ms
    Computation took 363.536868 ms
    Reading took     368.642000 us
  Sample 94...
Starting computation...
    Writing took     8.358459 ms
    Computation took 363.687740 ms
    Reading took     302.452000 us
  Sample 95...
Starting computation...
    Writing took     8.909448 ms
    Computation took 364.127099 ms
    Reading took     303.642000 us
  Sample 96...
Starting computation...
    Writing took     8.229569 ms
    Computation took 364.261911 ms
    Reading took     265.489000 us
  Sample 97...
Starting computation...
    Writing took     13.060641 ms
    Computation took 363.055576 ms
    Reading took     344.405000 us
  Sample 98...
Starting computation...
    Writing took     9.173337 ms
    Computation took 363.069587 ms
    Reading took     341.133000 us
  Sample 99...
Starting computation...
    Writing took     9.174350 ms
    Computation took 361.891359 ms
    Reading took     273.431000 us
Mean computation time: 364.164676 ms
Mean deviation: 1.894950 ms (0.520355%)
Mean computation time (per hash): 3.222695 ms
Mean deviation (per hash): 16.769000 us
