Using device #0: CUDA Device 'GeForce GTX 1080 Ti'
  Sample 0...
Starting computation...
    Writing took     11.564077 ms
    Computation took 316.023542 ms
    Reading took     471.133000 us
  Sample 1...
Starting computation...
    Writing took     11.438523 ms
    Computation took 323.661803 ms
    Reading took     266.392000 us
  Sample 2...
Starting computation...
    Writing took     7.357472 ms
    Computation took 325.474037 ms
    Reading took     267.584000 us
  Sample 3...
Starting computation...
    Writing took     7.996358 ms
    Computation took 324.431284 ms
    Reading took     267.579000 us
  Sample 4...
Starting computation...
    Writing took     7.353044 ms
    Computation took 322.344291 ms
    Reading took     267.366000 us
  Sample 5...
Starting computation...
    Writing took     7.359749 ms
    Computation took 320.092146 ms
    Reading took     251.089000 us
  Sample 6...
Starting computation...
    Writing took     7.138259 ms
    Computation took 318.204848 ms
    Reading took     263.823000 us
  Sample 7...
Starting computation...
    Writing took     7.275984 ms
    Computation took 317.581909 ms
    Reading took     251.933000 us
  Sample 8...
Starting computation...
    Writing took     7.001328 ms
    Computation took 316.076187 ms
    Reading took     338.923000 us
  Sample 9...
Starting computation...
    Writing took     9.169321 ms
    Computation took 315.077484 ms
    Reading took     346.936000 us
  Sample 10...
Starting computation...
    Writing took     8.007074 ms
    Computation took 314.066131 ms
    Reading took     319.120000 us
  Sample 11...
Starting computation...
    Writing took     8.271423 ms
    Computation took 313.364099 ms
    Reading took     382.446000 us
  Sample 12...
Starting computation...
    Writing took     7.812733 ms
    Computation took 313.273498 ms
    Reading took     320.539000 us
  Sample 13...
Starting computation...
    Writing took     9.328243 ms
    Computation took 313.317321 ms
    Reading took     321.480000 us
  Sample 14...
Starting computation...
    Writing took     9.005060 ms
    Computation took 313.445417 ms
    Reading took     344.014000 us
  Sample 15...
Starting computation...
    Writing took     11.122132 ms
    Computation took 314.356831 ms
    Reading took     262.600000 us
  Sample 16...
Starting computation...
    Writing took     8.610172 ms
    Computation took 317.856239 ms
    Reading took     251.020000 us
  Sample 17...
Starting computation...
    Writing took     7.247565 ms
    Computation took 319.860103 ms
    Reading took     267.866000 us
  Sample 18...
Starting computation...
    Writing took     6.854752 ms
    Computation took 319.649159 ms
    Reading took     469.131000 us
  Sample 19...
Starting computation...
    Writing took     12.874032 ms
    Computation took 318.289311 ms
    Reading took     294.572000 us
  Sample 20...
Starting computation...
    Writing took     7.993365 ms
    Computation took 316.250811 ms
    Reading took     285.531000 us
  Sample 21...
Starting computation...
    Writing took     8.029623 ms
    Computation took 315.775414 ms
    Reading took     286.178000 us
  Sample 22...
Starting computation...
    Writing took     7.409102 ms
    Computation took 314.871172 ms
    Reading took     290.354000 us
  Sample 23...
Starting computation...
    Writing took     7.612805 ms
    Computation took 314.060664 ms
    Reading took     289.169000 us
  Sample 24...
Starting computation...
    Writing took     8.076481 ms
    Computation took 313.680225 ms
    Reading took     289.199000 us
  Sample 25...
Starting computation...
    Writing took     8.026370 ms
    Computation took 313.477924 ms
    Reading took     267.099000 us
  Sample 26...
Starting computation...
    Writing took     7.379102 ms
    Computation took 313.395776 ms
    Reading took     257.088000 us
  Sample 27...
Starting computation...
    Writing took     7.193839 ms
    Computation took 313.673189 ms
    Reading took     266.587000 us
  Sample 28...
Starting computation...
    Writing took     8.129484 ms
    Computation took 314.032848 ms
    Reading took     269.702000 us
  Sample 29...
Starting computation...
    Writing took     7.365214 ms
    Computation took 314.240879 ms
    Reading took     267.461000 us
  Sample 30...
Starting computation...
    Writing took     8.220001 ms
    Computation took 314.207463 ms
    Reading took     339.408000 us
  Sample 31...
Starting computation...
    Writing took     8.589274 ms
    Computation took 313.765260 ms
    Reading took     282.591000 us
  Sample 32...
Starting computation...
    Writing took     7.420564 ms
    Computation took 314.006462 ms
    Reading took     283.803000 us
  Sample 33...
Starting computation...
    Writing took     7.423723 ms
    Computation took 313.961515 ms
    Reading took     468.951000 us
  Sample 34...
Starting computation...
    Writing took     13.487761 ms
    Computation took 315.647235 ms
    Reading took     282.525000 us
  Sample 35...
Starting computation...
    Writing took     7.490863 ms
    Computation took 319.542169 ms
    Reading took     283.150000 us
  Sample 36...
Starting computation...
    Writing took     7.471016 ms
    Computation took 320.454576 ms
    Reading took     272.505000 us
  Sample 37...
Starting computation...
    Writing took     7.236822 ms
    Computation took 318.199305 ms
    Reading took     266.434000 us
  Sample 38...
Starting computation...
    Writing took     6.925970 ms
    Computation took 317.615382 ms
    Reading took     264.704000 us
  Sample 39...
Starting computation...
    Writing took     6.884904 ms
    Computation took 316.780300 ms
    Reading took     283.358000 us
  Sample 40...
Starting computation...
    Writing took     8.312014 ms
    Computation took 315.581792 ms
    Reading took     306.855000 us
  Sample 41...
Starting computation...
    Writing took     8.058974 ms
    Computation took 314.839215 ms
    Reading took     389.357000 us
  Sample 42...
Starting computation...
    Writing took     9.635345 ms
    Computation took 313.555093 ms
    Reading took     282.677000 us
  Sample 43...
Starting computation...
    Writing took     7.403751 ms
    Computation took 313.470128 ms
    Reading took     359.981000 us
  Sample 44...
Starting computation...
    Writing took     9.788143 ms
    Computation took 314.466221 ms
    Reading took     334.787000 us
  Sample 45...
Starting computation...
    Writing took     8.523924 ms
    Computation took 314.940975 ms
    Reading took     284.210000 us
  Sample 46...
Starting computation...
    Writing took     7.764850 ms
    Computation took 315.213334 ms
    Reading took     283.979000 us
  Sample 47...
Starting computation...
    Writing took     8.090046 ms
    Computation took 314.785912 ms
    Reading took     478.670000 us
  Sample 48...
Starting computation...
    Writing took     7.369836 ms
    Computation took 314.579148 ms
    Reading took     462.531000 us
  Sample 49...
Starting computation...
    Writing took     12.959303 ms
    Computation took 314.153585 ms
    Reading took     284.630000 us
  Sample 50...
Starting computation...
    Writing took     7.473749 ms
    Computation took 313.657464 ms
    Reading took     287.543000 us
  Sample 51...
Starting computation...
    Writing took     7.427946 ms
    Computation took 314.493443 ms
    Reading took     300.916000 us
  Sample 52...
Starting computation...
    Writing took     7.757355 ms
    Computation took 314.814125 ms
    Reading took     281.854000 us
  Sample 53...
Starting computation...
    Writing took     6.858436 ms
    Computation took 315.608758 ms
    Reading took     282.638000 us
  Sample 54...
Starting computation...
    Writing took     12.605379 ms
    Computation took 316.445678 ms
    Reading took     287.474000 us
  Sample 55...
Starting computation...
    Writing took     7.534206 ms
    Computation took 315.785205 ms
    Reading took     284.036000 us
  Sample 56...
Starting computation...
    Writing took     7.402463 ms
    Computation took 315.026517 ms
    Reading took     276.542000 us
  Sample 57...
Starting computation...
    Writing took     7.214234 ms
    Computation took 314.648263 ms
    Reading took     283.670000 us
  Sample 58...
Starting computation...
    Writing took     7.407423 ms
    Computation took 315.569875 ms
    Reading took     295.282000 us
  Sample 59...
Starting computation...
    Writing took     9.497957 ms
    Computation took 316.024929 ms
    Reading took     378.445000 us
  Sample 60...
Starting computation...
    Writing took     8.414222 ms
    Computation took 315.199911 ms
    Reading took     485.832000 us
  Sample 61...
Starting computation...
    Writing took     7.999013 ms
    Computation took 314.655013 ms
    Reading took     271.149000 us
  Sample 62...
Starting computation...
    Writing took     7.131718 ms
    Computation took 313.897620 ms
    Reading took     283.859000 us
  Sample 63...
Starting computation...
    Writing took     7.514014 ms
    Computation took 313.991865 ms
    Reading took     272.450000 us
  Sample 64...
Starting computation...
    Writing took     7.155451 ms
    Computation took 314.107323 ms
    Reading took     283.798000 us
  Sample 65...
Starting computation...
    Writing took     7.469581 ms
    Computation took 315.263612 ms
    Reading took     282.915000 us
  Sample 66...
Starting computation...
    Writing took     7.426184 ms
    Computation took 317.695938 ms
    Reading took     282.130000 us
  Sample 67...
Starting computation...
    Writing took     7.444348 ms
    Computation took 317.574917 ms
    Reading took     287.588000 us
  Sample 68...
Starting computation...
    Writing took     7.389871 ms
    Computation took 317.733622 ms
    Reading took     283.471000 us
  Sample 69...
Starting computation...
    Writing took     7.791446 ms
    Computation took 317.312523 ms
    Reading took     285.832000 us
  Sample 70...
Starting computation...
    Writing took     7.413647 ms
    Computation took 318.201557 ms
    Reading took     284.287000 us
  Sample 71...
Starting computation...
    Writing took     7.417563 ms
    Computation took 322.088439 ms
    Reading took     289.417000 us
  Sample 72...
Starting computation...
    Writing took     8.028350 ms
    Computation took 323.078283 ms
    Reading took     285.292000 us
  Sample 73...
Starting computation...
    Writing took     7.499495 ms
    Computation took 321.379943 ms
    Reading took     284.375000 us
  Sample 74...
Starting computation...
    Writing took     7.442587 ms
    Computation took 319.623661 ms
    Reading took     284.961000 us
  Sample 75...
Starting computation...
    Writing took     7.438507 ms
    Computation took 318.299757 ms
    Reading took     286.850000 us
  Sample 76...
Starting computation...
    Writing took     7.411252 ms
    Computation took 317.724455 ms
    Reading took     283.050000 us
  Sample 77...
Starting computation...
    Writing took     8.322726 ms
    Computation took 315.956028 ms
    Reading took     273.818000 us
  Sample 78...
Starting computation...
    Writing took     7.286947 ms
    Computation took 314.972294 ms
    Reading took     487.799000 us
  Sample 79...
Starting computation...
    Writing took     13.883798 ms
    Computation took 313.989061 ms
    Reading took     284.881000 us
  Sample 80...
Starting computation...
    Writing took     7.448370 ms
    Computation took 313.947235 ms
    Reading took     282.819000 us
  Sample 81...
Starting computation...
    Writing took     7.413474 ms
    Computation took 314.062347 ms
    Reading took     283.249000 us
  Sample 82...
Starting computation...
    Writing took     7.416369 ms
    Computation took 314.238381 ms
    Reading took     284.309000 us
  Sample 83...
Starting computation...
    Writing took     7.399350 ms
    Computation took 313.915891 ms
    Reading took     281.767000 us
  Sample 84...
Starting computation...
    Writing took     10.199203 ms
    Computation took 313.707863 ms
    Reading took     310.308000 us
  Sample 85...
Starting computation...
    Writing took     8.700656 ms
    Computation took 313.473831 ms
    Reading took     405.230000 us
  Sample 86...
Starting computation...
    Writing took     9.557851 ms
    Computation took 313.604380 ms
    Reading took     288.007000 us
  Sample 87...
Starting computation...
    Writing took     8.023490 ms
    Computation took 314.187751 ms
    Reading took     285.013000 us
  Sample 88...
Starting computation...
    Writing took     8.052666 ms
    Computation took 314.666257 ms
    Reading took     264.796000 us
  Sample 89...
Starting computation...
    Writing took     7.412536 ms
    Computation took 314.502310 ms
    Reading took     284.185000 us
  Sample 90...
Starting computation...
    Writing took     18.601144 ms
    Computation took 314.805870 ms
    Reading took     283.221000 us
  Sample 91...
Starting computation...
    Writing took     7.405474 ms
    Computation took 314.005593 ms
    Reading took     282.627000 us
  Sample 92...
Starting computation...
    Writing took     7.429433 ms
    Computation took 313.985004 ms
    Reading took     286.659000 us
  Sample 93...
Starting computation...
    Writing took     7.414277 ms
    Computation took 313.834381 ms
    Reading took     285.119000 us
  Sample 94...
Starting computation...
    Writing took     7.450847 ms
    Computation took 315.021755 ms
    Reading took     282.304000 us
  Sample 95...
Starting computation...
    Writing took     7.390293 ms
    Computation took 316.955311 ms
    Reading took     369.675000 us
  Sample 96...
Starting computation...
    Writing took     11.399018 ms
    Computation took 316.492887 ms
    Reading took     283.953000 us
  Sample 97...
Starting computation...
    Writing took     7.450813 ms
    Computation took 315.876988 ms
    Reading took     284.796000 us
  Sample 98...
Starting computation...
    Writing took     7.432352 ms
    Computation took 315.316395 ms
    Reading took     285.450000 us
  Sample 99...
Starting computation...
    Writing took     11.862156 ms
    Computation took 316.435819 ms
    Reading took     284.397000 us
Mean computation time: 315.975259 ms
Mean deviation: 2.046420 ms (0.647652%)
Mean computation time (per hash): 3.159752 ms
Mean deviation (per hash): 20.464000 us
