Using device #0: CUDA Device 'GeForce GTX 1080 Ti'
  Sample 0...
Starting computation...
    Writing took     11.337883 ms
    Computation took 391.412922 ms
    Reading took     520.965000 us
  Sample 1...
Starting computation...
    Writing took     15.060430 ms
    Computation took 391.944702 ms
    Reading took     312.705000 us
  Sample 2...
Starting computation...
    Writing took     8.660647 ms
    Computation took 390.841753 ms
    Reading took     312.450000 us
  Sample 3...
Starting computation...
    Writing took     8.647039 ms
    Computation took 389.719769 ms
    Reading took     312.198000 us
  Sample 4...
Starting computation...
    Writing took     8.562546 ms
    Computation took 390.408028 ms
    Reading took     312.395000 us
  Sample 5...
Starting computation...
    Writing took     8.653488 ms
    Computation took 390.042252 ms
    Reading took     314.325000 us
  Sample 6...
Starting computation...
    Writing took     10.078932 ms
    Computation took 389.310054 ms
    Reading took     314.177000 us
  Sample 7...
Starting computation...
    Writing took     8.127679 ms
    Computation took 390.093942 ms
    Reading took     335.014000 us
  Sample 8...
Starting computation...
    Writing took     8.187077 ms
    Computation took 389.750877 ms
    Reading took     333.534000 us
  Sample 9...
Starting computation...
    Writing took     8.889171 ms
    Computation took 390.111824 ms
    Reading took     311.840000 us
  Sample 10...
Starting computation...
    Writing took     8.652394 ms
    Computation took 390.088018 ms
    Reading took     329.740000 us
  Sample 11...
Starting computation...
    Writing took     8.700736 ms
    Computation took 391.514370 ms
    Reading took     326.954000 us
  Sample 12...
Starting computation...
    Writing took     8.731154 ms
    Computation took 391.794395 ms
    Reading took     329.106000 us
  Sample 13...
Starting computation...
    Writing took     8.740731 ms
    Computation took 391.457578 ms
    Reading took     331.235000 us
  Sample 14...
Starting computation...
    Writing took     8.716101 ms
    Computation took 391.268256 ms
    Reading took     329.034000 us
  Sample 15...
Starting computation...
    Writing took     10.378433 ms
    Computation took 390.283767 ms
    Reading took     331.950000 us
  Sample 16...
Starting computation...
    Writing took     8.876722 ms
    Computation took 388.281968 ms
    Reading took     450.949000 us
  Sample 17...
Starting computation...
    Writing took     16.008326 ms
    Computation took 389.508911 ms
    Reading took     327.675000 us
  Sample 18...
Starting computation...
    Writing took     8.970804 ms
    Computation took 389.609068 ms
    Reading took     330.370000 us
  Sample 19...
Starting computation...
    Writing took     8.717327 ms
    Computation took 389.258459 ms
    Reading took     329.022000 us
  Sample 20...
Starting computation...
    Writing took     10.405386 ms
    Computation took 389.940949 ms
    Reading took     339.324000 us
  Sample 21...
Starting computation...
    Writing took     8.696947 ms
    Computation took 388.904412 ms
    Reading took     337.317000 us
  Sample 22...
Starting computation...
    Writing took     8.795484 ms
    Computation took 389.276833 ms
    Reading took     329.312000 us
  Sample 23...
Starting computation...
    Writing took     8.722225 ms
    Computation took 389.571711 ms
    Reading took     330.712000 us
  Sample 24...
Starting computation...
    Writing took     13.666382 ms
    Computation took 390.003382 ms
    Reading took     338.042000 us
  Sample 25...
Starting computation...
    Writing took     16.566527 ms
    Computation took 389.380088 ms
    Reading took     311.896000 us
  Sample 26...
Starting computation...
    Writing took     8.649844 ms
    Computation took 389.258344 ms
    Reading took     315.153000 us
  Sample 27...
Starting computation...
    Writing took     8.906698 ms
    Computation took 390.329601 ms
    Reading took     312.651000 us
  Sample 28...
Starting computation...
    Writing took     8.643535 ms
    Computation took 389.724107 ms
    Reading took     338.473000 us
  Sample 29...
Starting computation...
    Writing took     9.423243 ms
    Computation took 390.261630 ms
    Reading took     301.687000 us
  Sample 30...
Starting computation...
    Writing took     8.328369 ms
    Computation took 390.543096 ms
    Reading took     301.951000 us
  Sample 31...
Starting computation...
    Writing took     8.398708 ms
    Computation took 391.543972 ms
    Reading took     322.357000 us
  Sample 32...
Starting computation...
    Writing took     8.624747 ms
    Computation took 391.876417 ms
    Reading took     367.523000 us
  Sample 33...
Starting computation...
    Writing took     9.273176 ms
    Computation took 393.165097 ms
    Reading took     314.226000 us
  Sample 34...
Starting computation...
    Writing took     8.667799 ms
    Computation took 396.604867 ms
    Reading took     330.806000 us
  Sample 35...
Starting computation...
    Writing took     8.714844 ms
    Computation took 394.023059 ms
    Reading took     329.608000 us
  Sample 36...
Starting computation...
    Writing took     8.757313 ms
    Computation took 393.203554 ms
    Reading took     330.290000 us
  Sample 37...
Starting computation...
    Writing took     8.745768 ms
    Computation took 393.064172 ms
    Reading took     332.107000 us
  Sample 38...
Starting computation...
    Writing took     8.733112 ms
    Computation took 391.109707 ms
    Reading took     329.454000 us
  Sample 39...
Starting computation...
    Writing took     8.722665 ms
    Computation took 390.487102 ms
    Reading took     331.361000 us
  Sample 40...
Starting computation...
    Writing took     8.736866 ms
    Computation took 390.308643 ms
    Reading took     331.046000 us
  Sample 41...
Starting computation...
    Writing took     8.753579 ms
    Computation took 389.577198 ms
    Reading took     417.140000 us
  Sample 42...
Starting computation...
    Writing took     13.278217 ms
    Computation took 390.263614 ms
    Reading took     332.221000 us
  Sample 43...
Starting computation...
    Writing took     8.735457 ms
    Computation took 388.649489 ms
    Reading took     332.201000 us
  Sample 44...
Starting computation...
    Writing took     8.734744 ms
    Computation took 388.211308 ms
    Reading took     318.428000 us
  Sample 45...
Starting computation...
    Writing took     8.477446 ms
    Computation took 389.420470 ms
    Reading took     333.335000 us
  Sample 46...
Starting computation...
    Writing took     8.973094 ms
    Computation took 389.975694 ms
    Reading took     330.245000 us
  Sample 47...
Starting computation...
    Writing took     8.815052 ms
    Computation took 389.479965 ms
    Reading took     331.565000 us
  Sample 48...
Starting computation...
    Writing took     9.709338 ms
    Computation took 390.620716 ms
    Reading took     331.456000 us
  Sample 49...
Starting computation...
    Writing took     8.803098 ms
    Computation took 389.289410 ms
    Reading took     327.938000 us
  Sample 50...
Starting computation...
    Writing took     10.665176 ms
    Computation took 388.877854 ms
    Reading took     329.561000 us
  Sample 51...
Starting computation...
    Writing took     8.959020 ms
    Computation took 389.318675 ms
    Reading took     535.143000 us
  Sample 52...
Starting computation...
    Writing took     15.203543 ms
    Computation took 389.358926 ms
    Reading took     309.043000 us
  Sample 53...
Starting computation...
    Writing took     8.155941 ms
    Computation took 389.656265 ms
    Reading took     336.248000 us
  Sample 54...
Starting computation...
    Writing took     9.474866 ms
    Computation took 389.911765 ms
    Reading took     331.072000 us
  Sample 55...
Starting computation...
    Writing took     8.810923 ms
    Computation took 391.559231 ms
    Reading took     330.660000 us
  Sample 56...
Starting computation...
    Writing took     8.725262 ms
    Computation took 392.594425 ms
    Reading took     329.992000 us
  Sample 57...
Starting computation...
    Writing took     8.698758 ms
    Computation took 394.375350 ms
    Reading took     336.756000 us
  Sample 58...
Starting computation...
    Writing took     9.107962 ms
    Computation took 393.899505 ms
    Reading took     352.440000 us
  Sample 59...
Starting computation...
    Writing took     9.803576 ms
    Computation took 390.545408 ms
    Reading took     329.586000 us
  Sample 60...
Starting computation...
    Writing took     8.717441 ms
    Computation took 390.568058 ms
    Reading took     327.622000 us
  Sample 61...
Starting computation...
    Writing took     9.288257 ms
    Computation took 390.126477 ms
    Reading took     329.220000 us
  Sample 62...
Starting computation...
    Writing took     8.709794 ms
    Computation took 390.064113 ms
    Reading took     329.380000 us
  Sample 63...
Starting computation...
    Writing took     8.716794 ms
    Computation took 389.882197 ms
    Reading took     342.721000 us
  Sample 64...
Starting computation...
    Writing took     9.784413 ms
    Computation took 389.003061 ms
    Reading took     393.639000 us
  Sample 65...
Starting computation...
    Writing took     11.121350 ms
    Computation took 389.499173 ms
    Reading took     332.832000 us
  Sample 66...
Starting computation...
    Writing took     8.801415 ms
    Computation took 390.144950 ms
    Reading took     329.606000 us
  Sample 67...
Starting computation...
    Writing took     8.701382 ms
    Computation took 388.671041 ms
    Reading took     317.458000 us
  Sample 68...
Starting computation...
    Writing took     8.497464 ms
    Computation took 389.201576 ms
    Reading took     380.632000 us
  Sample 69...
Starting computation...
    Writing took     10.235424 ms
    Computation took 390.676318 ms
    Reading took     354.609000 us
  Sample 70...
Starting computation...
    Writing took     9.500387 ms
    Computation took 388.735070 ms
    Reading took     337.506000 us
  Sample 71...
Starting computation...
    Writing took     9.426952 ms
    Computation took 390.494722 ms
    Reading took     313.952000 us
  Sample 72...
Starting computation...
    Writing took     8.636907 ms
    Computation took 389.889243 ms
    Reading took     312.300000 us
  Sample 73...
Starting computation...
    Writing took     8.651649 ms
    Computation took 388.853959 ms
    Reading took     322.156000 us
  Sample 74...
Starting computation...
    Writing took     8.653744 ms
    Computation took 390.114299 ms
    Reading took     312.183000 us
  Sample 75...
Starting computation...
    Writing took     8.651297 ms
    Computation took 389.379785 ms
    Reading took     312.075000 us
  Sample 76...
Starting computation...
    Writing took     8.660793 ms
    Computation took 392.683805 ms
    Reading took     313.113000 us
  Sample 77...
Starting computation...
    Writing took     8.755927 ms
    Computation took 394.123789 ms
    Reading took     311.464000 us
  Sample 78...
Starting computation...
    Writing took     8.641714 ms
    Computation took 391.719575 ms
    Reading took     313.914000 us
  Sample 79...
Starting computation...
    Writing took     8.650195 ms
    Computation took 391.294977 ms
    Reading took     311.400000 us
  Sample 80...
Starting computation...
    Writing took     8.651921 ms
    Computation took 391.558849 ms
    Reading took     528.962000 us
  Sample 81...
Starting computation...
    Writing took     15.182696 ms
    Computation took 389.651644 ms
    Reading took     311.032000 us
  Sample 82...
Starting computation...
    Writing took     8.723115 ms
    Computation took 390.473071 ms
    Reading took     324.176000 us
  Sample 83...
Starting computation...
    Writing took     9.377569 ms
    Computation took 390.724541 ms
    Reading took     545.528000 us
  Sample 84...
Starting computation...
    Writing took     15.583089 ms
    Computation took 388.368796 ms
    Reading took     313.237000 us
  Sample 85...
Starting computation...
    Writing took     8.695064 ms
    Computation took 389.060662 ms
    Reading took     315.654000 us
  Sample 86...
Starting computation...
    Writing took     8.652427 ms
    Computation took 389.333184 ms
    Reading took     313.525000 us
  Sample 87...
Starting computation...
    Writing took     8.642236 ms
    Computation took 388.936168 ms
    Reading took     310.859000 us
  Sample 88...
Starting computation...
    Writing took     9.415532 ms
    Computation took 389.507668 ms
    Reading took     415.059000 us
  Sample 89...
Starting computation...
    Writing took     11.013968 ms
    Computation took 389.944919 ms
    Reading took     301.225000 us
  Sample 90...
Starting computation...
    Writing took     9.206224 ms
    Computation took 389.347907 ms
    Reading took     316.933000 us
  Sample 91...
Starting computation...
    Writing took     9.322591 ms
    Computation took 390.518368 ms
    Reading took     313.728000 us
  Sample 92...
Starting computation...
    Writing took     8.687641 ms
    Computation took 389.059954 ms
    Reading took     284.303000 us
  Sample 93...
Starting computation...
    Writing took     7.840093 ms
    Computation took 389.726041 ms
    Reading took     531.337000 us
  Sample 94...
Starting computation...
    Writing took     11.783409 ms
    Computation took 389.707008 ms
    Reading took     311.698000 us
  Sample 95...
Starting computation...
    Writing took     8.641429 ms
    Computation took 390.210648 ms
    Reading took     312.365000 us
  Sample 96...
Starting computation...
    Writing took     8.647510 ms
    Computation took 389.473511 ms
    Reading took     296.008000 us
  Sample 97...
Starting computation...
    Writing took     8.022787 ms
    Computation took 390.032752 ms
    Reading took     313.426000 us
  Sample 98...
Starting computation...
    Writing took     11.066965 ms
    Computation took 391.934384 ms
    Reading took     473.949000 us
  Sample 99...
Starting computation...
    Writing took     13.109970 ms
    Computation took 394.450541 ms
    Reading took     312.580000 us
Mean computation time: 390.420137 ms
Mean deviation: 1.110914 ms (0.284543%)
Mean computation time (per hash): 3.336923 ms
Mean deviation (per hash): 9.494000 us
