Using device #0: CUDA Device 'GeForce GTX 1080 Ti'
  Sample 0...
Starting computation...
    Writing took     2.119580 ms
    Computation took 186.367003 ms
    Reading took     92.962000 us
  Sample 1...
Starting computation...
    Writing took     2.132923 ms
    Computation took 186.383325 ms
    Reading took     70.248000 us
  Sample 2...
Starting computation...
    Writing took     1.638934 ms
    Computation took 186.360733 ms
    Reading took     151.757000 us
  Sample 3...
Starting computation...
    Writing took     4.097719 ms
    Computation took 186.427454 ms
    Reading took     91.281000 us
  Sample 4...
Starting computation...
    Writing took     1.977083 ms
    Computation took 186.359587 ms
    Reading took     69.099000 us
  Sample 5...
Starting computation...
    Writing took     1.636714 ms
    Computation took 186.372293 ms
    Reading took     71.330000 us
  Sample 6...
Starting computation...
    Writing took     1.685280 ms
    Computation took 186.339245 ms
    Reading took     78.786000 us
  Sample 7...
Starting computation...
    Writing took     1.836285 ms
    Computation took 186.386192 ms
    Reading took     73.829000 us
  Sample 8...
Starting computation...
    Writing took     1.753237 ms
    Computation took 186.297969 ms
    Reading took     133.846000 us
  Sample 9...
Starting computation...
    Writing took     3.531269 ms
    Computation took 186.415610 ms
    Reading took     88.746000 us
  Sample 10...
Starting computation...
    Writing took     2.160457 ms
    Computation took 186.382074 ms
    Reading took     86.223000 us
  Sample 11...
Starting computation...
    Writing took     2.131462 ms
    Computation took 186.403906 ms
    Reading took     86.830000 us
  Sample 12...
Starting computation...
    Writing took     2.120233 ms
    Computation took 186.365640 ms
    Reading took     87.760000 us
  Sample 13...
Starting computation...
    Writing took     2.133196 ms
    Computation took 186.442715 ms
    Reading took     71.439000 us
  Sample 14...
Starting computation...
    Writing took     1.627959 ms
    Computation took 186.359626 ms
    Reading took     69.726000 us
  Sample 15...
Starting computation...
    Writing took     1.589769 ms
    Computation took 186.395117 ms
    Reading took     70.360000 us
  Sample 16...
Starting computation...
    Writing took     1.592157 ms
    Computation took 186.407558 ms
    Reading took     73.121000 us
  Sample 17...
Starting computation...
    Writing took     1.717547 ms
    Computation took 186.403580 ms
    Reading took     82.224000 us
  Sample 18...
Starting computation...
    Writing took     1.962475 ms
    Computation took 186.410955 ms
    Reading took     137.125000 us
  Sample 19...
Starting computation...
    Writing took     3.512198 ms
    Computation took 186.456404 ms
    Reading took     87.769000 us
  Sample 20...
Starting computation...
    Writing took     2.115111 ms
    Computation took 186.416687 ms
    Reading took     86.686000 us
  Sample 21...
Starting computation...
    Writing took     2.178771 ms
    Computation took 186.440926 ms
    Reading took     87.153000 us
  Sample 22...
Starting computation...
    Writing took     2.145407 ms
    Computation took 186.411377 ms
    Reading took     74.789000 us
  Sample 23...
Starting computation...
    Writing took     1.866757 ms
    Computation took 186.365104 ms
    Reading took     74.017000 us
  Sample 24...
Starting computation...
    Writing took     1.773057 ms
    Computation took 186.375972 ms
    Reading took     94.593000 us
  Sample 25...
Starting computation...
    Writing took     2.288707 ms
    Computation took 186.404872 ms
    Reading took     73.158000 us
  Sample 26...
Starting computation...
    Writing took     1.683532 ms
    Computation took 186.324847 ms
    Reading took     79.455000 us
  Sample 27...
Starting computation...
    Writing took     1.867783 ms
    Computation took 186.389267 ms
    Reading took     76.926000 us
  Sample 28...
Starting computation...
    Writing took     1.823302 ms
    Computation took 186.362756 ms
    Reading took     71.662000 us
  Sample 29...
Starting computation...
    Writing took     1.646931 ms
    Computation took 186.381525 ms
    Reading took     75.146000 us
  Sample 30...
Starting computation...
    Writing took     1.754275 ms
    Computation took 186.398960 ms
    Reading took     73.577000 us
  Sample 31...
Starting computation...
    Writing took     1.697554 ms
    Computation took 186.373403 ms
    Reading took     71.909000 us
  Sample 32...
Starting computation...
    Writing took     1.685199 ms
    Computation took 186.367561 ms
    Reading took     74.988000 us
  Sample 33...
Starting computation...
    Writing took     1.735971 ms
    Computation took 186.397697 ms
    Reading took     74.268000 us
  Sample 34...
Starting computation...
    Writing took     1.804388 ms
    Computation took 186.402250 ms
    Reading took     71.441000 us
  Sample 35...
Starting computation...
    Writing took     1.734607 ms
    Computation took 186.293919 ms
    Reading took     86.906000 us
  Sample 36...
Starting computation...
    Writing took     2.188666 ms
    Computation took 186.373746 ms
    Reading took     86.900000 us
  Sample 37...
Starting computation...
    Writing took     2.138843 ms
    Computation took 186.388733 ms
    Reading took     86.757000 us
  Sample 38...
Starting computation...
    Writing took     2.120621 ms
    Computation took 186.375938 ms
    Reading took     86.325000 us
  Sample 39...
Starting computation...
    Writing took     2.113560 ms
    Computation took 186.423336 ms
    Reading took     86.047000 us
  Sample 40...
Starting computation...
    Writing took     2.111565 ms
    Computation took 186.356486 ms
    Reading took     71.818000 us
  Sample 41...
Starting computation...
    Writing took     1.651760 ms
    Computation took 186.313800 ms
    Reading took     67.186000 us
  Sample 42...
Starting computation...
    Writing took     1.576451 ms
    Computation took 186.389046 ms
    Reading took     71.928000 us
  Sample 43...
Starting computation...
    Writing took     1.693990 ms
    Computation took 186.319703 ms
    Reading took     73.752000 us
  Sample 44...
Starting computation...
    Writing took     1.643564 ms
    Computation took 186.362632 ms
    Reading took     70.685000 us
  Sample 45...
Starting computation...
    Writing took     1.592016 ms
    Computation took 186.428758 ms
    Reading took     80.118000 us
  Sample 46...
Starting computation...
    Writing took     1.969387 ms
    Computation took 186.364226 ms
    Reading took     78.223000 us
  Sample 47...
Starting computation...
    Writing took     1.889117 ms
    Computation took 186.420453 ms
    Reading took     85.905000 us
  Sample 48...
Starting computation...
    Writing took     2.045552 ms
    Computation took 186.333958 ms
    Reading took     84.214000 us
  Sample 49...
Starting computation...
    Writing took     2.032070 ms
    Computation took 186.431849 ms
    Reading took     86.281000 us
  Sample 50...
Starting computation...
    Writing took     2.113786 ms
    Computation took 186.397388 ms
    Reading took     80.559000 us
  Sample 51...
Starting computation...
    Writing took     1.938383 ms
    Computation took 186.339620 ms
    Reading took     83.571000 us
  Sample 52...
Starting computation...
    Writing took     2.014762 ms
    Computation took 186.382883 ms
    Reading took     69.727000 us
  Sample 53...
Starting computation...
    Writing took     1.583298 ms
    Computation took 186.375425 ms
    Reading took     73.745000 us
  Sample 54...
Starting computation...
    Writing took     1.731754 ms
    Computation took 186.392281 ms
    Reading took     113.952000 us
  Sample 55...
Starting computation...
    Writing took     2.782412 ms
    Computation took 186.418036 ms
    Reading took     88.215000 us
  Sample 56...
Starting computation...
    Writing took     2.225586 ms
    Computation took 186.354000 ms
    Reading took     78.026000 us
  Sample 57...
Starting computation...
    Writing took     1.677415 ms
    Computation took 186.374402 ms
    Reading took     76.754000 us
  Sample 58...
Starting computation...
    Writing took     1.853555 ms
    Computation took 186.410723 ms
    Reading took     72.644000 us
  Sample 59...
Starting computation...
    Writing took     1.744759 ms
    Computation took 186.422631 ms
    Reading took     154.430000 us
  Sample 60...
Starting computation...
    Writing took     4.236685 ms
    Computation took 186.416872 ms
    Reading took     93.385000 us
  Sample 61...
Starting computation...
    Writing took     2.302186 ms
    Computation took 186.434731 ms
    Reading took     98.528000 us
  Sample 62...
Starting computation...
    Writing took     2.397861 ms
    Computation took 186.350000 ms
    Reading took     92.529000 us
  Sample 63...
Starting computation...
    Writing took     2.222399 ms
    Computation took 186.439441 ms
    Reading took     94.434000 us
  Sample 64...
Starting computation...
    Writing took     2.299907 ms
    Computation took 186.332346 ms
    Reading took     79.629000 us
  Sample 65...
Starting computation...
    Writing took     1.887878 ms
    Computation took 186.339593 ms
    Reading took     82.663000 us
  Sample 66...
Starting computation...
    Writing took     2.037287 ms
    Computation took 186.371804 ms
    Reading took     77.477000 us
  Sample 67...
Starting computation...
    Writing took     1.630582 ms
    Computation took 186.322120 ms
    Reading took     68.485000 us
  Sample 68...
Starting computation...
    Writing took     1.575684 ms
    Computation took 186.379257 ms
    Reading took     74.650000 us
  Sample 69...
Starting computation...
    Writing took     1.640215 ms
    Computation took 186.333377 ms
    Reading took     72.037000 us
  Sample 70...
Starting computation...
    Writing took     1.689980 ms
    Computation took 186.350523 ms
    Reading took     68.999000 us
  Sample 71...
Starting computation...
    Writing took     1.626415 ms
    Computation took 186.310525 ms
    Reading took     76.534000 us
  Sample 72...
Starting computation...
    Writing took     1.776206 ms
    Computation took 186.363438 ms
    Reading took     75.104000 us
  Sample 73...
Starting computation...
    Writing took     1.763224 ms
    Computation took 186.345399 ms
    Reading took     75.337000 us
  Sample 74...
Starting computation...
    Writing took     1.796915 ms
    Computation took 186.301189 ms
    Reading took     74.687000 us
  Sample 75...
Starting computation...
    Writing took     1.744715 ms
    Computation took 186.351948 ms
    Reading took     76.375000 us
  Sample 76...
Starting computation...
    Writing took     1.801837 ms
    Computation took 186.353822 ms
    Reading took     82.313000 us
  Sample 77...
Starting computation...
    Writing took     1.889983 ms
    Computation took 186.364617 ms
    Reading took     77.538000 us
  Sample 78...
Starting computation...
    Writing took     1.808489 ms
    Computation took 186.361904 ms
    Reading took     76.503000 us
  Sample 79...
Starting computation...
    Writing took     1.855346 ms
    Computation took 186.340888 ms
    Reading took     75.953000 us
  Sample 80...
Starting computation...
    Writing took     1.763525 ms
    Computation took 186.315716 ms
    Reading took     70.348000 us
  Sample 81...
Starting computation...
    Writing took     1.582848 ms
    Computation took 186.353697 ms
    Reading took     69.114000 us
  Sample 82...
Starting computation...
    Writing took     1.605607 ms
    Computation took 186.359759 ms
    Reading took     79.064000 us
  Sample 83...
Starting computation...
    Writing took     1.966909 ms
    Computation took 186.338558 ms
    Reading took     77.404000 us
  Sample 84...
Starting computation...
    Writing took     1.908357 ms
    Computation took 186.314333 ms
    Reading took     81.249000 us
  Sample 85...
Starting computation...
    Writing took     1.903038 ms
    Computation took 186.388167 ms
    Reading took     79.901000 us
  Sample 86...
Starting computation...
    Writing took     1.992202 ms
    Computation took 186.405161 ms
    Reading took     81.655000 us
  Sample 87...
Starting computation...
    Writing took     1.880774 ms
    Computation took 186.327380 ms
    Reading took     79.456000 us
  Sample 88...
Starting computation...
    Writing took     1.866648 ms
    Computation took 186.338071 ms
    Reading took     77.585000 us
  Sample 89...
Starting computation...
    Writing took     1.890827 ms
    Computation took 186.368666 ms
    Reading took     74.112000 us
  Sample 90...
Starting computation...
    Writing took     1.743920 ms
    Computation took 186.313420 ms
    Reading took     85.425000 us
  Sample 91...
Starting computation...
    Writing took     2.110258 ms
    Computation took 186.435768 ms
    Reading took     87.081000 us
  Sample 92...
Starting computation...
    Writing took     2.081471 ms
    Computation took 186.368432 ms
    Reading took     82.450000 us
  Sample 93...
Starting computation...
    Writing took     2.100901 ms
    Computation took 186.390418 ms
    Reading took     88.534000 us
  Sample 94...
Starting computation...
    Writing took     2.143004 ms
    Computation took 186.369764 ms
    Reading took     82.941000 us
  Sample 95...
Starting computation...
    Writing took     1.984754 ms
    Computation took 186.340695 ms
    Reading took     81.674000 us
  Sample 96...
Starting computation...
    Writing took     1.964452 ms
    Computation took 186.399317 ms
    Reading took     82.160000 us
  Sample 97...
Starting computation...
    Writing took     1.969323 ms
    Computation took 186.410384 ms
    Reading took     87.104000 us
  Sample 98...
Starting computation...
    Writing took     2.124090 ms
    Computation took 186.463356 ms
    Reading took     106.853000 us
  Sample 99...
Starting computation...
    Writing took     2.133076 ms
    Computation took 186.385281 ms
    Reading took     91.707000 us
Mean computation time: 186.375442 ms
Mean deviation: 30.376000 us (0.0162983%)
Mean computation time (per hash): 6.656265 ms
Mean deviation (per hash): 1.084000 us
