Using device #0: CUDA Device 'GeForce GTX 1080 Ti'
  Sample 0...
Starting computation...
    Writing took     10.410308 ms
    Computation took 268.248589 ms
    Reading took     243.262000 us
  Sample 1...
Starting computation...
    Writing took     6.977121 ms
    Computation took 273.352378 ms
    Reading took     220.556000 us
  Sample 2...
Starting computation...
    Writing took     5.883576 ms
    Computation took 277.193597 ms
    Reading took     293.096000 us
  Sample 3...
Starting computation...
    Writing took     7.465874 ms
    Computation took 275.856463 ms
    Reading took     252.958000 us
  Sample 4...
Starting computation...
    Writing took     6.787887 ms
    Computation took 272.445541 ms
    Reading took     254.849000 us
  Sample 5...
Starting computation...
    Writing took     6.856861 ms
    Computation took 272.266133 ms
    Reading took     237.710000 us
  Sample 6...
Starting computation...
    Writing took     6.161033 ms
    Computation took 271.484101 ms
    Reading took     256.378000 us
  Sample 7...
Starting computation...
    Writing took     6.737396 ms
    Computation took 269.311127 ms
    Reading took     263.100000 us
  Sample 8...
Starting computation...
    Writing took     6.736759 ms
    Computation took 268.446197 ms
    Reading took     215.916000 us
  Sample 9...
Starting computation...
    Writing took     5.638911 ms
    Computation took 267.822016 ms
    Reading took     459.840000 us
  Sample 10...
Starting computation...
    Writing took     11.674317 ms
    Computation took 267.482528 ms
    Reading took     438.741000 us
  Sample 11...
Starting computation...
    Writing took     12.629430 ms
    Computation took 267.746323 ms
    Reading took     254.398000 us
  Sample 12...
Starting computation...
    Writing took     6.813726 ms
    Computation took 267.451783 ms
    Reading took     252.715000 us
  Sample 13...
Starting computation...
    Writing took     6.751709 ms
    Computation took 267.565650 ms
    Reading took     236.464000 us
  Sample 14...
Starting computation...
    Writing took     6.220517 ms
    Computation took 267.707261 ms
    Reading took     203.597000 us
  Sample 15...
Starting computation...
    Writing took     5.178926 ms
    Computation took 267.568400 ms
    Reading took     205.535000 us
  Sample 16...
Starting computation...
    Writing took     5.237053 ms
    Computation took 267.914544 ms
    Reading took     210.716000 us
  Sample 17...
Starting computation...
    Writing took     5.483075 ms
    Computation took 268.702481 ms
    Reading took     256.580000 us
  Sample 18...
Starting computation...
    Writing took     6.777881 ms
    Computation took 268.358358 ms
    Reading took     275.420000 us
  Sample 19...
Starting computation...
    Writing took     6.778212 ms
    Computation took 269.121962 ms
    Reading took     235.096000 us
  Sample 20...
Starting computation...
    Writing took     6.172045 ms
    Computation took 269.540306 ms
    Reading took     295.491000 us
  Sample 21...
Starting computation...
    Writing took     6.708064 ms
    Computation took 268.606513 ms
    Reading took     229.951000 us
  Sample 22...
Starting computation...
    Writing took     6.003333 ms
    Computation took 268.963208 ms
    Reading took     209.315000 us
  Sample 23...
Starting computation...
    Writing took     4.907696 ms
    Computation took 269.288311 ms
    Reading took     255.604000 us
  Sample 24...
Starting computation...
    Writing took     6.765572 ms
    Computation took 269.619328 ms
    Reading took     338.886000 us
  Sample 25...
Starting computation...
    Writing took     9.218362 ms
    Computation took 269.287487 ms
    Reading took     222.615000 us
  Sample 26...
Starting computation...
    Writing took     5.822122 ms
    Computation took 269.116689 ms
    Reading took     215.269000 us
  Sample 27...
Starting computation...
    Writing took     5.457896 ms
    Computation took 271.013055 ms
    Reading took     306.623000 us
  Sample 28...
Starting computation...
    Writing took     11.152871 ms
    Computation took 271.232364 ms
    Reading took     254.838000 us
  Sample 29...
Starting computation...
    Writing took     6.768184 ms
    Computation took 270.812160 ms
    Reading took     268.688000 us
  Sample 30...
Starting computation...
    Writing took     6.144960 ms
    Computation took 270.229558 ms
    Reading took     248.154000 us
  Sample 31...
Starting computation...
    Writing took     6.516368 ms
    Computation took 269.966045 ms
    Reading took     239.240000 us
  Sample 32...
Starting computation...
    Writing took     6.228584 ms
    Computation took 268.692724 ms
    Reading took     203.591000 us
  Sample 33...
Starting computation...
    Writing took     5.023826 ms
    Computation took 269.130367 ms
    Reading took     314.513000 us
  Sample 34...
Starting computation...
    Writing took     8.895444 ms
    Computation took 269.218148 ms
    Reading took     201.583000 us
  Sample 35...
Starting computation...
    Writing took     4.832656 ms
    Computation took 268.717741 ms
    Reading took     235.563000 us
  Sample 36...
Starting computation...
    Writing took     6.212182 ms
    Computation took 269.234573 ms
    Reading took     205.825000 us
  Sample 37...
Starting computation...
    Writing took     5.237223 ms
    Computation took 269.173804 ms
    Reading took     237.199000 us
  Sample 38...
Starting computation...
    Writing took     6.932006 ms
    Computation took 268.273366 ms
    Reading took     221.685000 us
  Sample 39...
Starting computation...
    Writing took     6.257353 ms
    Computation took 269.171825 ms
    Reading took     264.120000 us
  Sample 40...
Starting computation...
    Writing took     6.732358 ms
    Computation took 270.267110 ms
    Reading took     255.758000 us
  Sample 41...
Starting computation...
    Writing took     7.017998 ms
    Computation took 269.095146 ms
    Reading took     192.031000 us
  Sample 42...
Starting computation...
    Writing took     4.859402 ms
    Computation took 269.041246 ms
    Reading took     203.504000 us
  Sample 43...
Starting computation...
    Writing took     5.134349 ms
    Computation took 270.053879 ms
    Reading took     239.273000 us
  Sample 44...
Starting computation...
    Writing took     5.986651 ms
    Computation took 270.685696 ms
    Reading took     196.070000 us
  Sample 45...
Starting computation...
    Writing took     4.817057 ms
    Computation took 270.825127 ms
    Reading took     260.398000 us
  Sample 46...
Starting computation...
    Writing took     6.022397 ms
    Computation took 270.480189 ms
    Reading took     253.498000 us
  Sample 47...
Starting computation...
    Writing took     6.735707 ms
    Computation took 269.330598 ms
    Reading took     253.942000 us
  Sample 48...
Starting computation...
    Writing took     6.740398 ms
    Computation took 268.894523 ms
    Reading took     238.269000 us
  Sample 49...
Starting computation...
    Writing took     6.200646 ms
    Computation took 268.776496 ms
    Reading took     299.363000 us
  Sample 50...
Starting computation...
    Writing took     6.960657 ms
    Computation took 269.033252 ms
    Reading took     376.307000 us
  Sample 51...
Starting computation...
    Writing took     6.764637 ms
    Computation took 269.400072 ms
    Reading took     236.411000 us
  Sample 52...
Starting computation...
    Writing took     7.484584 ms
    Computation took 268.109370 ms
    Reading took     206.052000 us
  Sample 53...
Starting computation...
    Writing took     5.170565 ms
    Computation took 268.321955 ms
    Reading took     204.236000 us
  Sample 54...
Starting computation...
    Writing took     5.132072 ms
    Computation took 268.881601 ms
    Reading took     214.127000 us
  Sample 55...
Starting computation...
    Writing took     6.053554 ms
    Computation took 268.427405 ms
    Reading took     202.330000 us
  Sample 56...
Starting computation...
    Writing took     4.915361 ms
    Computation took 268.892921 ms
    Reading took     236.130000 us
  Sample 57...
Starting computation...
    Writing took     6.250876 ms
    Computation took 268.892561 ms
    Reading took     257.024000 us
  Sample 58...
Starting computation...
    Writing took     6.747793 ms
    Computation took 268.752528 ms
    Reading took     236.093000 us
  Sample 59...
Starting computation...
    Writing took     6.153846 ms
    Computation took 268.085140 ms
    Reading took     222.108000 us
  Sample 60...
Starting computation...
    Writing took     5.018871 ms
    Computation took 268.290500 ms
    Reading took     188.887000 us
  Sample 61...
Starting computation...
    Writing took     4.754064 ms
    Computation took 268.111059 ms
    Reading took     232.662000 us
  Sample 62...
Starting computation...
    Writing took     6.060023 ms
    Computation took 268.340169 ms
    Reading took     241.085000 us
  Sample 63...
Starting computation...
    Writing took     6.207225 ms
    Computation took 268.365902 ms
    Reading took     194.145000 us
  Sample 64...
Starting computation...
    Writing took     4.974032 ms
    Computation took 267.927179 ms
    Reading took     192.809000 us
  Sample 65...
Starting computation...
    Writing took     5.632506 ms
    Computation took 268.581918 ms
    Reading took     330.258000 us
  Sample 66...
Starting computation...
    Writing took     6.335655 ms
    Computation took 268.643636 ms
    Reading took     194.907000 us
  Sample 67...
Starting computation...
    Writing took     4.900854 ms
    Computation took 268.504505 ms
    Reading took     242.413000 us
  Sample 68...
Starting computation...
    Writing took     5.579899 ms
    Computation took 268.897271 ms
    Reading took     202.728000 us
  Sample 69...
Starting computation...
    Writing took     5.356216 ms
    Computation took 269.270271 ms
    Reading took     204.025000 us
  Sample 70...
Starting computation...
    Writing took     5.203073 ms
    Computation took 269.190805 ms
    Reading took     193.451000 us
  Sample 71...
Starting computation...
    Writing took     4.870615 ms
    Computation took 270.470916 ms
    Reading took     386.405000 us
  Sample 72...
Starting computation...
    Writing took     12.015976 ms
    Computation took 271.355205 ms
    Reading took     313.753000 us
  Sample 73...
Starting computation...
    Writing took     8.106372 ms
    Computation took 272.022825 ms
    Reading took     251.509000 us
  Sample 74...
Starting computation...
    Writing took     6.673473 ms
    Computation took 270.810785 ms
    Reading took     210.466000 us
  Sample 75...
Starting computation...
    Writing took     5.905761 ms
    Computation took 272.638225 ms
    Reading took     240.013000 us
  Sample 76...
Starting computation...
    Writing took     6.709718 ms
    Computation took 275.302230 ms
    Reading took     241.953000 us
  Sample 77...
Starting computation...
    Writing took     6.725464 ms
    Computation took 273.967998 ms
    Reading took     210.458000 us
  Sample 78...
Starting computation...
    Writing took     5.737674 ms
    Computation took 272.378400 ms
    Reading took     214.069000 us
  Sample 79...
Starting computation...
    Writing took     5.989214 ms
    Computation took 272.013255 ms
    Reading took     224.358000 us
  Sample 80...
Starting computation...
    Writing took     6.154643 ms
    Computation took 271.451792 ms
    Reading took     225.650000 us
  Sample 81...
Starting computation...
    Writing took     6.331798 ms
    Computation took 270.715183 ms
    Reading took     179.191000 us
  Sample 82...
Starting computation...
    Writing took     4.801079 ms
    Computation took 270.219988 ms
    Reading took     225.310000 us
  Sample 83...
Starting computation...
    Writing took     6.150695 ms
    Computation took 268.563447 ms
    Reading took     223.790000 us
  Sample 84...
Starting computation...
    Writing took     6.184322 ms
    Computation took 268.882558 ms
    Reading took     211.471000 us
  Sample 85...
Starting computation...
    Writing took     5.710313 ms
    Computation took 269.556370 ms
    Reading took     223.311000 us
  Sample 86...
Starting computation...
    Writing took     6.148710 ms
    Computation took 269.683612 ms
    Reading took     224.453000 us
  Sample 87...
Starting computation...
    Writing took     6.134900 ms
    Computation took 270.691173 ms
    Reading took     214.993000 us
  Sample 88...
Starting computation...
    Writing took     6.171198 ms
    Computation took 270.801480 ms
    Reading took     223.175000 us
  Sample 89...
Starting computation...
    Writing took     6.140471 ms
    Computation took 270.760793 ms
    Reading took     212.587000 us
  Sample 90...
Starting computation...
    Writing took     5.926996 ms
    Computation took 270.622728 ms
    Reading took     187.286000 us
  Sample 91...
Starting computation...
    Writing took     4.816449 ms
    Computation took 270.361059 ms
    Reading took     215.290000 us
  Sample 92...
Starting computation...
    Writing took     5.992321 ms
    Computation took 270.474839 ms
    Reading took     240.131000 us
  Sample 93...
Starting computation...
    Writing took     6.707174 ms
    Computation took 270.947947 ms
    Reading took     203.671000 us
  Sample 94...
Starting computation...
    Writing took     5.674820 ms
    Computation took 270.747130 ms
    Reading took     210.493000 us
  Sample 95...
Starting computation...
    Writing took     5.100063 ms
    Computation took 270.279419 ms
    Reading took     179.395000 us
  Sample 96...
Starting computation...
    Writing took     4.764834 ms
    Computation took 270.252736 ms
    Reading took     196.389000 us
  Sample 97...
Starting computation...
    Writing took     5.330995 ms
    Computation took 270.071625 ms
    Reading took     204.732000 us
  Sample 98...
Starting computation...
    Writing took     5.692952 ms
    Computation took 269.297568 ms
    Reading took     179.794000 us
  Sample 99...
Starting computation...
    Writing took     4.813305 ms
    Computation took 269.636420 ms
    Reading took     223.172000 us
Mean computation time: 269.786807 ms
Mean deviation: 1.316712 ms (0.488056%)
Mean computation time (per hash): 3.250443 ms
Mean deviation (per hash): 15.863000 us
