Using device #0: CUDA Device 'GeForce GTX 1080 Ti'
  Sample 0...
Starting computation...
    Writing took     6.447552 ms
    Computation took 232.851490 ms
    Reading took     144.241000 us
  Sample 1...
Starting computation...
    Writing took     3.621556 ms
    Computation took 232.835833 ms
    Reading took     153.944000 us
  Sample 2...
Starting computation...
    Writing took     3.087763 ms
    Computation took 233.756735 ms
    Reading took     134.060000 us
  Sample 3...
Starting computation...
    Writing took     3.612675 ms
    Computation took 232.687416 ms
    Reading took     238.730000 us
  Sample 4...
Starting computation...
    Writing took     4.815292 ms
    Computation took 233.317605 ms
    Reading took     147.815000 us
  Sample 5...
Starting computation...
    Writing took     3.905052 ms
    Computation took 232.836806 ms
    Reading took     147.409000 us
  Sample 6...
Starting computation...
    Writing took     3.960586 ms
    Computation took 232.863836 ms
    Reading took     145.850000 us
  Sample 7...
Starting computation...
    Writing took     3.956456 ms
    Computation took 233.178768 ms
    Reading took     150.911000 us
  Sample 8...
Starting computation...
    Writing took     3.923616 ms
    Computation took 232.722403 ms
    Reading took     166.309000 us
  Sample 9...
Starting computation...
    Writing took     3.909171 ms
    Computation took 232.767506 ms
    Reading took     146.731000 us
  Sample 10...
Starting computation...
    Writing took     3.971591 ms
    Computation took 233.328399 ms
    Reading took     145.645000 us
  Sample 11...
Starting computation...
    Writing took     3.945657 ms
    Computation took 233.014197 ms
    Reading took     147.280000 us
  Sample 12...
Starting computation...
    Writing took     3.906774 ms
    Computation took 233.121236 ms
    Reading took     145.427000 us
  Sample 13...
Starting computation...
    Writing took     3.947516 ms
    Computation took 232.897602 ms
    Reading took     147.451000 us
  Sample 14...
Starting computation...
    Writing took     3.977957 ms
    Computation took 233.963221 ms
    Reading took     284.670000 us
  Sample 15...
Starting computation...
    Writing took     7.618905 ms
    Computation took 232.676133 ms
    Reading took     162.729000 us
  Sample 16...
Starting computation...
    Writing took     4.201025 ms
    Computation took 232.671390 ms
    Reading took     166.676000 us
  Sample 17...
Starting computation...
    Writing took     4.295933 ms
    Computation took 232.889032 ms
    Reading took     169.424000 us
  Sample 18...
Starting computation...
    Writing took     4.278934 ms
    Computation took 232.760683 ms
    Reading took     145.671000 us
  Sample 19...
Starting computation...
    Writing took     3.935017 ms
    Computation took 232.740865 ms
    Reading took     115.752000 us
  Sample 20...
Starting computation...
    Writing took     3.004362 ms
    Computation took 232.663428 ms
    Reading took     118.870000 us
  Sample 21...
Starting computation...
    Writing took     3.032392 ms
    Computation took 232.728205 ms
    Reading took     124.193000 us
  Sample 22...
Starting computation...
    Writing took     3.330220 ms
    Computation took 232.662727 ms
    Reading took     118.426000 us
  Sample 23...
Starting computation...
    Writing took     3.062554 ms
    Computation took 232.754630 ms
    Reading took     129.120000 us
  Sample 24...
Starting computation...
    Writing took     3.459114 ms
    Computation took 233.717903 ms
    Reading took     123.338000 us
  Sample 25...
Starting computation...
    Writing took     3.410398 ms
    Computation took 232.691052 ms
    Reading took     124.620000 us
  Sample 26...
Starting computation...
    Writing took     3.214957 ms
    Computation took 233.135054 ms
    Reading took     129.364000 us
  Sample 27...
Starting computation...
    Writing took     3.425201 ms
    Computation took 232.806330 ms
    Reading took     131.614000 us
  Sample 28...
Starting computation...
    Writing took     3.507912 ms
    Computation took 233.162869 ms
    Reading took     132.550000 us
  Sample 29...
Starting computation...
    Writing took     3.472614 ms
    Computation took 233.373490 ms
    Reading took     138.256000 us
  Sample 30...
Starting computation...
    Writing took     3.715306 ms
    Computation took 232.789738 ms
    Reading took     220.732000 us
  Sample 31...
Starting computation...
    Writing took     6.482394 ms
    Computation took 233.350123 ms
    Reading took     147.335000 us
  Sample 32...
Starting computation...
    Writing took     3.951089 ms
    Computation took 233.400705 ms
    Reading took     146.431000 us
  Sample 33...
Starting computation...
    Writing took     3.912256 ms
    Computation took 233.463079 ms
    Reading took     148.579000 us
  Sample 34...
Starting computation...
    Writing took     4.006763 ms
    Computation took 234.019681 ms
    Reading took     136.022000 us
  Sample 35...
Starting computation...
    Writing took     3.502125 ms
    Computation took 235.370097 ms
    Reading took     145.078000 us
  Sample 36...
Starting computation...
    Writing took     3.929714 ms
    Computation took 234.286733 ms
    Reading took     146.714000 us
  Sample 37...
Starting computation...
    Writing took     3.666232 ms
    Computation took 232.991165 ms
    Reading took     117.171000 us
  Sample 38...
Starting computation...
    Writing took     2.982716 ms
    Computation took 235.801352 ms
    Reading took     119.201000 us
  Sample 39...
Starting computation...
    Writing took     3.027396 ms
    Computation took 233.073078 ms
    Reading took     145.857000 us
  Sample 40...
Starting computation...
    Writing took     3.876028 ms
    Computation took 233.322583 ms
    Reading took     137.787000 us
  Sample 41...
Starting computation...
    Writing took     3.692744 ms
    Computation took 232.787947 ms
    Reading took     134.315000 us
  Sample 42...
Starting computation...
    Writing took     3.560237 ms
    Computation took 232.743291 ms
    Reading took     136.287000 us
  Sample 43...
Starting computation...
    Writing took     3.609509 ms
    Computation took 233.300900 ms
    Reading took     138.357000 us
  Sample 44...
Starting computation...
    Writing took     3.634555 ms
    Computation took 233.282872 ms
    Reading took     119.737000 us
  Sample 45...
Starting computation...
    Writing took     3.127594 ms
    Computation took 233.513500 ms
    Reading took     126.489000 us
  Sample 46...
Starting computation...
    Writing took     3.313821 ms
    Computation took 233.458711 ms
    Reading took     123.348000 us
  Sample 47...
Starting computation...
    Writing took     3.162059 ms
    Computation took 233.380121 ms
    Reading took     238.563000 us
  Sample 48...
Starting computation...
    Writing took     6.684659 ms
    Computation took 233.268029 ms
    Reading took     228.776000 us
  Sample 49...
Starting computation...
    Writing took     6.749365 ms
    Computation took 232.972673 ms
    Reading took     128.119000 us
  Sample 50...
Starting computation...
    Writing took     3.059030 ms
    Computation took 233.122530 ms
    Reading took     117.616000 us
  Sample 51...
Starting computation...
    Writing took     3.012318 ms
    Computation took 233.176905 ms
    Reading took     388.686000 us
  Sample 52...
Starting computation...
    Writing took     10.910811 ms
    Computation took 233.112671 ms
    Reading took     225.592000 us
  Sample 53...
Starting computation...
    Writing took     5.728225 ms
    Computation took 233.130267 ms
    Reading took     175.104000 us
  Sample 54...
Starting computation...
    Writing took     4.304234 ms
    Computation took 232.829597 ms
    Reading took     171.155000 us
  Sample 55...
Starting computation...
    Writing took     4.269490 ms
    Computation took 233.745671 ms
    Reading took     172.797000 us
  Sample 56...
Starting computation...
    Writing took     3.516027 ms
    Computation took 233.420521 ms
    Reading took     128.661000 us
  Sample 57...
Starting computation...
    Writing took     3.298162 ms
    Computation took 233.706291 ms
    Reading took     119.242000 us
  Sample 58...
Starting computation...
    Writing took     3.096812 ms
    Computation took 234.251165 ms
    Reading took     126.387000 us
  Sample 59...
Starting computation...
    Writing took     3.423016 ms
    Computation took 232.839080 ms
    Reading took     129.035000 us
  Sample 60...
Starting computation...
    Writing took     3.223698 ms
    Computation took 233.005126 ms
    Reading took     129.735000 us
  Sample 61...
Starting computation...
    Writing took     3.218493 ms
    Computation took 233.570360 ms
    Reading took     127.447000 us
  Sample 62...
Starting computation...
    Writing took     3.277316 ms
    Computation took 233.092763 ms
    Reading took     125.405000 us
  Sample 63...
Starting computation...
    Writing took     3.286519 ms
    Computation took 233.306334 ms
    Reading took     132.510000 us
  Sample 64...
Starting computation...
    Writing took     3.450501 ms
    Computation took 233.168570 ms
    Reading took     124.773000 us
  Sample 65...
Starting computation...
    Writing took     3.252704 ms
    Computation took 234.491321 ms
    Reading took     239.537000 us
  Sample 66...
Starting computation...
    Writing took     6.628214 ms
    Computation took 234.371119 ms
    Reading took     147.357000 us
  Sample 67...
Starting computation...
    Writing took     3.947446 ms
    Computation took 235.225607 ms
    Reading took     145.573000 us
  Sample 68...
Starting computation...
    Writing took     3.949126 ms
    Computation took 235.987637 ms
    Reading took     181.918000 us
  Sample 69...
Starting computation...
    Writing took     5.525882 ms
    Computation took 232.818482 ms
    Reading took     119.960000 us
  Sample 70...
Starting computation...
    Writing took     3.015838 ms
    Computation took 233.343923 ms
    Reading took     115.803000 us
  Sample 71...
Starting computation...
    Writing took     3.039133 ms
    Computation took 235.429298 ms
    Reading took     157.794000 us
  Sample 72...
Starting computation...
    Writing took     3.104551 ms
    Computation took 234.041756 ms
    Reading took     125.722000 us
  Sample 73...
Starting computation...
    Writing took     3.114686 ms
    Computation took 233.964599 ms
    Reading took     118.247000 us
  Sample 74...
Starting computation...
    Writing took     3.141344 ms
    Computation took 234.320312 ms
    Reading took     135.563000 us
  Sample 75...
Starting computation...
    Writing took     3.465924 ms
    Computation took 233.124395 ms
    Reading took     133.942000 us
  Sample 76...
Starting computation...
    Writing took     3.480558 ms
    Computation took 233.218642 ms
    Reading took     130.752000 us
  Sample 77...
Starting computation...
    Writing took     3.600280 ms
    Computation took 233.228839 ms
    Reading took     276.907000 us
  Sample 78...
Starting computation...
    Writing took     7.369179 ms
    Computation took 233.391162 ms
    Reading took     159.503000 us
  Sample 79...
Starting computation...
    Writing took     4.233332 ms
    Computation took 234.077978 ms
    Reading took     161.097000 us
  Sample 80...
Starting computation...
    Writing took     4.284421 ms
    Computation took 232.749520 ms
    Reading took     129.938000 us
  Sample 81...
Starting computation...
    Writing took     3.535199 ms
    Computation took 233.391082 ms
    Reading took     128.538000 us
  Sample 82...
Starting computation...
    Writing took     3.336360 ms
    Computation took 234.586203 ms
    Reading took     118.475000 us
  Sample 83...
Starting computation...
    Writing took     3.125954 ms
    Computation took 236.154634 ms
    Reading took     124.665000 us
  Sample 84...
Starting computation...
    Writing took     3.262380 ms
    Computation took 235.353038 ms
    Reading took     147.032000 us
  Sample 85...
Starting computation...
    Writing took     3.935028 ms
    Computation took 232.917767 ms
    Reading took     124.589000 us
  Sample 86...
Starting computation...
    Writing took     3.267072 ms
    Computation took 232.953793 ms
    Reading took     249.809000 us
  Sample 87...
Starting computation...
    Writing took     6.817942 ms
    Computation took 233.089754 ms
    Reading took     158.337000 us
  Sample 88...
Starting computation...
    Writing took     4.289288 ms
    Computation took 233.332926 ms
    Reading took     163.901000 us
  Sample 89...
Starting computation...
    Writing took     4.238422 ms
    Computation took 233.371562 ms
    Reading took     159.247000 us
  Sample 90...
Starting computation...
    Writing took     4.279524 ms
    Computation took 233.045658 ms
    Reading took     158.969000 us
  Sample 91...
Starting computation...
    Writing took     4.250465 ms
    Computation took 233.373347 ms
    Reading took     155.884000 us
  Sample 92...
Starting computation...
    Writing took     4.333137 ms
    Computation took 233.895711 ms
    Reading took     133.561000 us
  Sample 93...
Starting computation...
    Writing took     3.260675 ms
    Computation took 232.793090 ms
    Reading took     172.169000 us
  Sample 94...
Starting computation...
    Writing took     4.979676 ms
    Computation took 232.801738 ms
    Reading took     117.406000 us
  Sample 95...
Starting computation...
    Writing took     3.110275 ms
    Computation took 233.228972 ms
    Reading took     160.687000 us
  Sample 96...
Starting computation...
    Writing took     4.295577 ms
    Computation took 232.669288 ms
    Reading took     159.759000 us
  Sample 97...
Starting computation...
    Writing took     4.283923 ms
    Computation took 232.896026 ms
    Reading took     155.926000 us
  Sample 98...
Starting computation...
    Writing took     4.291257 ms
    Computation took 232.791391 ms
    Reading took     137.294000 us
  Sample 99...
Starting computation...
    Writing took     3.676926 ms
    Computation took 233.111660 ms
    Reading took     229.308000 us
Mean computation time: 233.391733 ms
Mean deviation: 539.693000 us (0.231239%)
Mean computation time (per hash): 4.403617 ms
Mean deviation (per hash): 10.182000 us
