Using device #0: CUDA Device 'GeForce GTX 1080 Ti'
  Sample 0...
Starting computation...
    Writing took     11.113324 ms
    Computation took 355.029519 ms
    Reading took     303.971000 us
  Sample 1...
Starting computation...
    Writing took     8.303035 ms
    Computation took 352.988952 ms
    Reading took     288.029000 us
  Sample 2...
Starting computation...
    Writing took     7.722282 ms
    Computation took 352.033721 ms
    Reading took     433.207000 us
  Sample 3...
Starting computation...
    Writing took     10.377031 ms
    Computation took 351.645654 ms
    Reading took     301.286000 us
  Sample 4...
Starting computation...
    Writing took     8.290822 ms
    Computation took 351.787990 ms
    Reading took     372.828000 us
  Sample 5...
Starting computation...
    Writing took     8.279377 ms
    Computation took 352.539776 ms
    Reading took     298.933000 us
  Sample 6...
Starting computation...
    Writing took     13.870505 ms
    Computation took 351.609846 ms
    Reading took     299.831000 us
  Sample 7...
Starting computation...
    Writing took     8.325357 ms
    Computation took 351.538828 ms
    Reading took     306.320000 us
  Sample 8...
Starting computation...
    Writing took     9.980460 ms
    Computation took 351.441074 ms
    Reading took     299.034000 us
  Sample 9...
Starting computation...
    Writing took     8.338325 ms
    Computation took 351.483691 ms
    Reading took     428.725000 us
  Sample 10...
Starting computation...
    Writing took     10.827439 ms
    Computation took 351.419106 ms
    Reading took     298.754000 us
  Sample 11...
Starting computation...
    Writing took     8.637644 ms
    Computation took 351.352488 ms
    Reading took     320.821000 us
  Sample 12...
Starting computation...
    Writing took     8.032816 ms
    Computation took 350.785581 ms
    Reading took     324.864000 us
  Sample 13...
Starting computation...
    Writing took     10.321288 ms
    Computation took 351.339057 ms
    Reading took     326.352000 us
  Sample 14...
Starting computation...
    Writing took     9.153651 ms
    Computation took 353.011252 ms
    Reading took     300.982000 us
  Sample 15...
Starting computation...
    Writing took     8.350657 ms
    Computation took 352.476376 ms
    Reading took     299.475000 us
  Sample 16...
Starting computation...
    Writing took     8.330769 ms
    Computation took 351.399944 ms
    Reading took     300.267000 us
  Sample 17...
Starting computation...
    Writing took     8.324997 ms
    Computation took 350.391473 ms
    Reading took     549.376000 us
  Sample 18...
Starting computation...
    Writing took     15.847566 ms
    Computation took 349.971900 ms
    Reading took     301.223000 us
  Sample 19...
Starting computation...
    Writing took     8.061642 ms
    Computation took 349.691596 ms
    Reading took     284.811000 us
  Sample 20...
Starting computation...
    Writing took     7.752763 ms
    Computation took 349.538822 ms
    Reading took     300.730000 us
  Sample 21...
Starting computation...
    Writing took     8.318834 ms
    Computation took 350.447659 ms
    Reading took     297.858000 us
  Sample 22...
Starting computation...
    Writing took     8.731005 ms
    Computation took 351.114740 ms
    Reading took     300.718000 us
  Sample 23...
Starting computation...
    Writing took     8.337438 ms
    Computation took 351.363476 ms
    Reading took     298.605000 us
  Sample 24...
Starting computation...
    Writing took     8.317964 ms
    Computation took 351.736424 ms
    Reading took     290.296000 us
  Sample 25...
Starting computation...
    Writing took     7.987439 ms
    Computation took 351.332194 ms
    Reading took     298.651000 us
  Sample 26...
Starting computation...
    Writing took     8.382436 ms
    Computation took 350.451527 ms
    Reading took     335.642000 us
  Sample 27...
Starting computation...
    Writing took     10.626283 ms
    Computation took 350.330231 ms
    Reading took     322.442000 us
  Sample 28...
Starting computation...
    Writing took     9.061492 ms
    Computation took 349.838438 ms
    Reading took     298.450000 us
  Sample 29...
Starting computation...
    Writing took     8.326381 ms
    Computation took 350.190521 ms
    Reading took     306.853000 us
  Sample 30...
Starting computation...
    Writing took     8.303218 ms
    Computation took 350.329209 ms
    Reading took     301.137000 us
  Sample 31...
Starting computation...
    Writing took     8.323165 ms
    Computation took 349.822785 ms
    Reading took     302.153000 us
  Sample 32...
Starting computation...
    Writing took     8.348975 ms
    Computation took 349.628355 ms
    Reading took     325.029000 us
  Sample 33...
Starting computation...
    Writing took     8.311069 ms
    Computation took 350.679952 ms
    Reading took     319.135000 us
  Sample 34...
Starting computation...
    Writing took     8.205758 ms
    Computation took 350.778325 ms
    Reading took     316.316000 us
  Sample 35...
Starting computation...
    Writing took     10.560637 ms
    Computation took 351.517581 ms
    Reading took     318.800000 us
  Sample 36...
Starting computation...
    Writing took     8.361116 ms
    Computation took 350.591394 ms
    Reading took     320.624000 us
  Sample 37...
Starting computation...
    Writing took     8.370730 ms
    Computation took 350.805566 ms
    Reading took     383.669000 us
  Sample 38...
Starting computation...
    Writing took     11.340044 ms
    Computation took 351.339446 ms
    Reading took     319.525000 us
  Sample 39...
Starting computation...
    Writing took     10.984789 ms
    Computation took 353.643446 ms
    Reading took     329.909000 us
  Sample 40...
Starting computation...
    Writing took     8.378802 ms
    Computation took 352.807229 ms
    Reading took     318.160000 us
  Sample 41...
Starting computation...
    Writing took     8.338217 ms
    Computation took 353.202990 ms
    Reading took     307.764000 us
  Sample 42...
Starting computation...
    Writing took     8.196609 ms
    Computation took 353.958183 ms
    Reading took     336.840000 us
  Sample 43...
Starting computation...
    Writing took     8.184135 ms
    Computation took 354.435543 ms
    Reading took     347.960000 us
  Sample 44...
Starting computation...
    Writing took     9.189621 ms
    Computation took 354.074449 ms
    Reading took     346.889000 us
  Sample 45...
Starting computation...
    Writing took     9.262169 ms
    Computation took 352.228604 ms
    Reading took     411.420000 us
  Sample 46...
Starting computation...
    Writing took     11.800036 ms
    Computation took 350.799547 ms
    Reading took     298.407000 us
  Sample 47...
Starting computation...
    Writing took     7.860049 ms
    Computation took 351.164482 ms
    Reading took     305.995000 us
  Sample 48...
Starting computation...
    Writing took     7.871597 ms
    Computation took 351.745600 ms
    Reading took     317.541000 us
  Sample 49...
Starting computation...
    Writing took     7.862902 ms
    Computation took 351.756999 ms
    Reading took     305.087000 us
  Sample 50...
Starting computation...
    Writing took     7.869938 ms
    Computation took 352.493793 ms
    Reading took     299.201000 us
  Sample 51...
Starting computation...
    Writing took     7.919535 ms
    Computation took 352.994759 ms
    Reading took     293.260000 us
  Sample 52...
Starting computation...
    Writing took     7.573116 ms
    Computation took 351.913566 ms
    Reading took     281.440000 us
  Sample 53...
Starting computation...
    Writing took     7.352013 ms
    Computation took 350.237897 ms
    Reading took     310.336000 us
  Sample 54...
Starting computation...
    Writing took     7.484203 ms
    Computation took 350.788081 ms
    Reading took     352.409000 us
  Sample 55...
Starting computation...
    Writing took     9.184650 ms
    Computation took 350.963709 ms
    Reading took     352.000000 us
  Sample 56...
Starting computation...
    Writing took     9.160961 ms
    Computation took 352.186009 ms
    Reading took     283.100000 us
  Sample 57...
Starting computation...
    Writing took     7.290791 ms
    Computation took 352.333158 ms
    Reading took     288.862000 us
  Sample 58...
Starting computation...
    Writing took     7.537317 ms
    Computation took 351.963476 ms
    Reading took     304.775000 us
  Sample 59...
Starting computation...
    Writing took     8.161958 ms
    Computation took 351.361901 ms
    Reading took     306.133000 us
  Sample 60...
Starting computation...
    Writing took     8.144772 ms
    Computation took 350.826432 ms
    Reading took     319.143000 us
  Sample 61...
Starting computation...
    Writing took     8.370345 ms
    Computation took 351.104142 ms
    Reading took     349.958000 us
  Sample 62...
Starting computation...
    Writing took     8.061849 ms
    Computation took 350.898841 ms
    Reading took     306.234000 us
  Sample 63...
Starting computation...
    Writing took     8.100661 ms
    Computation took 351.077557 ms
    Reading took     318.359000 us
  Sample 64...
Starting computation...
    Writing took     8.351559 ms
    Computation took 351.807775 ms
    Reading took     307.076000 us
  Sample 65...
Starting computation...
    Writing took     7.999169 ms
    Computation took 352.119566 ms
    Reading took     355.753000 us
  Sample 66...
Starting computation...
    Writing took     9.111125 ms
    Computation took 351.696800 ms
    Reading took     321.604000 us
  Sample 67...
Starting computation...
    Writing took     8.389519 ms
    Computation took 351.147490 ms
    Reading took     345.600000 us
  Sample 68...
Starting computation...
    Writing took     8.615584 ms
    Computation took 351.510466 ms
    Reading took     341.190000 us
  Sample 69...
Starting computation...
    Writing took     9.141501 ms
    Computation took 351.530684 ms
    Reading took     391.062000 us
  Sample 70...
Starting computation...
    Writing took     9.172334 ms
    Computation took 350.687819 ms
    Reading took     317.766000 us
  Sample 71...
Starting computation...
    Writing took     8.358377 ms
    Computation took 350.214035 ms
    Reading took     319.594000 us
  Sample 72...
Starting computation...
    Writing took     8.440394 ms
    Computation took 350.141877 ms
    Reading took     323.473000 us
  Sample 73...
Starting computation...
    Writing took     8.417123 ms
    Computation took 349.621231 ms
    Reading took     367.896000 us
  Sample 74...
Starting computation...
    Writing took     10.306768 ms
    Computation took 349.861907 ms
    Reading took     299.758000 us
  Sample 75...
Starting computation...
    Writing took     11.218198 ms
    Computation took 350.235164 ms
    Reading took     298.616000 us
  Sample 76...
Starting computation...
    Writing took     8.320598 ms
    Computation took 350.985011 ms
    Reading took     413.886000 us
  Sample 77...
Starting computation...
    Writing took     9.856887 ms
    Computation took 352.078074 ms
    Reading took     299.593000 us
  Sample 78...
Starting computation...
    Writing took     8.294752 ms
    Computation took 352.407295 ms
    Reading took     298.655000 us
  Sample 79...
Starting computation...
    Writing took     12.460568 ms
    Computation took 352.657546 ms
    Reading took     323.345000 us
  Sample 80...
Starting computation...
    Writing took     9.067934 ms
    Computation took 352.633312 ms
    Reading took     314.379000 us
  Sample 81...
Starting computation...
    Writing took     7.853614 ms
    Computation took 355.971703 ms
    Reading took     314.841000 us
  Sample 82...
Starting computation...
    Writing took     8.158416 ms
    Computation took 355.713558 ms
    Reading took     302.264000 us
  Sample 83...
Starting computation...
    Writing took     8.328171 ms
    Computation took 354.115447 ms
    Reading took     287.912000 us
  Sample 84...
Starting computation...
    Writing took     8.036537 ms
    Computation took 352.208495 ms
    Reading took     298.927000 us
  Sample 85...
Starting computation...
    Writing took     7.842000 ms
    Computation took 350.961807 ms
    Reading took     298.614000 us
  Sample 86...
Starting computation...
    Writing took     8.315692 ms
    Computation took 350.055329 ms
    Reading took     299.916000 us
  Sample 87...
Starting computation...
    Writing took     8.315599 ms
    Computation took 350.211201 ms
    Reading took     299.403000 us
  Sample 88...
Starting computation...
    Writing took     8.305889 ms
    Computation took 350.624863 ms
    Reading took     305.753000 us
  Sample 89...
Starting computation...
    Writing took     8.307802 ms
    Computation took 350.727951 ms
    Reading took     300.845000 us
  Sample 90...
Starting computation...
    Writing took     8.311152 ms
    Computation took 350.489124 ms
    Reading took     298.478000 us
  Sample 91...
Starting computation...
    Writing took     8.340697 ms
    Computation took 350.334236 ms
    Reading took     292.565000 us
  Sample 92...
Starting computation...
    Writing took     7.991034 ms
    Computation took 350.188893 ms
    Reading took     296.932000 us
  Sample 93...
Starting computation...
    Writing took     8.382747 ms
    Computation took 350.319497 ms
    Reading took     298.506000 us
  Sample 94...
Starting computation...
    Writing took     8.682845 ms
    Computation took 350.440633 ms
    Reading took     300.735000 us
  Sample 95...
Starting computation...
    Writing took     8.828785 ms
    Computation took 349.907515 ms
    Reading took     298.310000 us
  Sample 96...
Starting computation...
    Writing took     8.809604 ms
    Computation took 350.448132 ms
    Reading took     298.587000 us
  Sample 97...
Starting computation...
    Writing took     8.542105 ms
    Computation took 350.680460 ms
    Reading took     298.021000 us
  Sample 98...
Starting computation...
    Writing took     8.319078 ms
    Computation took 350.106017 ms
    Reading took     300.969000 us
  Sample 99...
Starting computation...
    Writing took     8.293931 ms
    Computation took 350.165157 ms
    Reading took     301.250000 us
Mean computation time: 351.417409 ms
Mean deviation: 989.994000 us (0.281715%)
Mean computation time (per hash): 3.137654 ms
Mean deviation (per hash): 8.839000 us
