Using device #0: CUDA Device 'GeForce GTX 1080 Ti'
  Sample 0...
Starting computation...
    Writing took     1.866018 ms
    Computation took 189.868365 ms
    Reading took     83.877000 us
  Sample 1...
Starting computation...
    Writing took     2.011113 ms
    Computation took 189.923326 ms
    Reading took     77.883000 us
  Sample 2...
Starting computation...
    Writing took     1.939608 ms
    Computation took 189.880837 ms
    Reading took     72.498000 us
  Sample 3...
Starting computation...
    Writing took     1.851916 ms
    Computation took 189.853138 ms
    Reading took     82.382000 us
  Sample 4...
Starting computation...
    Writing took     2.095165 ms
    Computation took 189.921746 ms
    Reading took     80.317000 us
  Sample 5...
Starting computation...
    Writing took     2.042453 ms
    Computation took 189.920068 ms
    Reading took     94.322000 us
  Sample 6...
Starting computation...
    Writing took     2.448319 ms
    Computation took 189.970760 ms
    Reading took     93.578000 us
  Sample 7...
Starting computation...
    Writing took     2.479361 ms
    Computation took 189.902866 ms
    Reading took     77.278000 us
  Sample 8...
Starting computation...
    Writing took     1.963940 ms
    Computation took 189.924408 ms
    Reading took     76.754000 us
  Sample 9...
Starting computation...
    Writing took     1.858824 ms
    Computation took 189.911204 ms
    Reading took     77.036000 us
  Sample 10...
Starting computation...
    Writing took     2.027994 ms
    Computation took 189.931900 ms
    Reading took     75.798000 us
  Sample 11...
Starting computation...
    Writing took     1.961395 ms
    Computation took 189.953296 ms
    Reading took     72.828000 us
  Sample 12...
Starting computation...
    Writing took     1.951161 ms
    Computation took 189.941713 ms
    Reading took     84.007000 us
  Sample 13...
Starting computation...
    Writing took     2.063274 ms
    Computation took 189.891580 ms
    Reading took     82.063000 us
  Sample 14...
Starting computation...
    Writing took     2.058858 ms
    Computation took 189.898298 ms
    Reading took     82.727000 us
  Sample 15...
Starting computation...
    Writing took     2.092025 ms
    Computation took 189.958152 ms
    Reading took     76.137000 us
  Sample 16...
Starting computation...
    Writing took     2.120523 ms
    Computation took 189.920344 ms
    Reading took     76.357000 us
  Sample 17...
Starting computation...
    Writing took     2.023001 ms
    Computation took 189.923887 ms
    Reading took     77.205000 us
  Sample 18...
Starting computation...
    Writing took     2.023262 ms
    Computation took 189.936478 ms
    Reading took     93.722000 us
  Sample 19...
Starting computation...
    Writing took     2.474958 ms
    Computation took 189.891204 ms
    Reading took     94.135000 us
  Sample 20...
Starting computation...
    Writing took     2.490627 ms
    Computation took 189.961435 ms
    Reading took     147.238000 us
  Sample 21...
Starting computation...
    Writing took     3.480920 ms
    Computation took 189.932547 ms
    Reading took     94.353000 us
  Sample 22...
Starting computation...
    Writing took     2.105126 ms
    Computation took 189.978967 ms
    Reading took     99.546000 us
  Sample 23...
Starting computation...
    Writing took     2.514106 ms
    Computation took 189.967446 ms
    Reading took     122.680000 us
  Sample 24...
Starting computation...
    Writing took     3.218169 ms
    Computation took 189.924248 ms
    Reading took     74.750000 us
  Sample 25...
Starting computation...
    Writing took     1.862722 ms
    Computation took 189.904193 ms
    Reading took     82.959000 us
  Sample 26...
Starting computation...
    Writing took     1.956229 ms
    Computation took 189.946611 ms
    Reading took     77.648000 us
  Sample 27...
Starting computation...
    Writing took     1.918034 ms
    Computation took 189.915226 ms
    Reading took     80.929000 us
  Sample 28...
Starting computation...
    Writing took     1.905969 ms
    Computation took 189.895265 ms
    Reading took     76.999000 us
  Sample 29...
Starting computation...
    Writing took     1.931450 ms
    Computation took 189.938183 ms
    Reading took     80.290000 us
  Sample 30...
Starting computation...
    Writing took     1.963794 ms
    Computation took 189.908529 ms
    Reading took     74.108000 us
  Sample 31...
Starting computation...
    Writing took     1.913060 ms
    Computation took 189.872410 ms
    Reading took     81.590000 us
  Sample 32...
Starting computation...
    Writing took     2.250538 ms
    Computation took 189.967254 ms
    Reading took     88.571000 us
  Sample 33...
Starting computation...
    Writing took     2.204745 ms
    Computation took 189.969651 ms
    Reading took     101.113000 us
  Sample 34...
Starting computation...
    Writing took     2.656980 ms
    Computation took 189.988907 ms
    Reading took     99.922000 us
  Sample 35...
Starting computation...
    Writing took     2.645320 ms
    Computation took 189.916942 ms
    Reading took     101.923000 us
  Sample 36...
Starting computation...
    Writing took     2.689591 ms
    Computation took 189.935855 ms
    Reading took     82.155000 us
  Sample 37...
Starting computation...
    Writing took     2.149387 ms
    Computation took 189.887571 ms
    Reading took     84.683000 us
  Sample 38...
Starting computation...
    Writing took     2.173332 ms
    Computation took 189.844213 ms
    Reading took     83.172000 us
  Sample 39...
Starting computation...
    Writing took     2.138660 ms
    Computation took 189.867242 ms
    Reading took     84.215000 us
  Sample 40...
Starting computation...
    Writing took     2.206351 ms
    Computation took 189.881149 ms
    Reading took     82.228000 us
  Sample 41...
Starting computation...
    Writing took     2.139047 ms
    Computation took 189.809343 ms
    Reading took     87.860000 us
  Sample 42...
Starting computation...
    Writing took     2.280595 ms
    Computation took 189.908250 ms
    Reading took     88.373000 us
  Sample 43...
Starting computation...
    Writing took     2.283673 ms
    Computation took 189.944396 ms
    Reading took     88.776000 us
  Sample 44...
Starting computation...
    Writing took     2.223357 ms
    Computation took 189.905208 ms
    Reading took     86.490000 us
  Sample 45...
Starting computation...
    Writing took     2.262567 ms
    Computation took 189.957845 ms
    Reading took     111.296000 us
  Sample 46...
Starting computation...
    Writing took     2.286074 ms
    Computation took 189.908995 ms
    Reading took     103.276000 us
  Sample 47...
Starting computation...
    Writing took     2.668784 ms
    Computation took 189.889182 ms
    Reading took     101.578000 us
  Sample 48...
Starting computation...
    Writing took     2.665660 ms
    Computation took 189.890223 ms
    Reading took     100.818000 us
  Sample 49...
Starting computation...
    Writing took     2.660684 ms
    Computation took 189.862086 ms
    Reading took     80.049000 us
  Sample 50...
Starting computation...
    Writing took     2.058190 ms
    Computation took 189.854711 ms
    Reading took     77.764000 us
  Sample 51...
Starting computation...
    Writing took     1.987654 ms
    Computation took 189.913173 ms
    Reading took     81.881000 us
  Sample 52...
Starting computation...
    Writing took     2.139334 ms
    Computation took 189.946426 ms
    Reading took     144.010000 us
  Sample 53...
Starting computation...
    Writing took     4.137479 ms
    Computation took 189.984200 ms
    Reading took     82.868000 us
  Sample 54...
Starting computation...
    Writing took     1.946873 ms
    Computation took 189.939297 ms
    Reading took     81.112000 us
  Sample 55...
Starting computation...
    Writing took     1.918307 ms
    Computation took 189.890555 ms
    Reading took     81.131000 us
  Sample 56...
Starting computation...
    Writing took     1.871632 ms
    Computation took 193.443347 ms
    Reading took     180.220000 us
  Sample 57...
Starting computation...
    Writing took     4.938061 ms
    Computation took 190.003469 ms
    Reading took     82.083000 us
  Sample 58...
Starting computation...
    Writing took     2.012478 ms
    Computation took 189.945114 ms
    Reading took     82.156000 us
  Sample 59...
Starting computation...
    Writing took     1.974249 ms
    Computation took 189.938148 ms
    Reading took     86.621000 us
  Sample 60...
Starting computation...
    Writing took     2.033740 ms
    Computation took 189.915045 ms
    Reading took     85.440000 us
  Sample 61...
Starting computation...
    Writing took     2.100464 ms
    Computation took 189.957837 ms
    Reading took     86.283000 us
  Sample 62...
Starting computation...
    Writing took     2.083725 ms
    Computation took 189.908314 ms
    Reading took     84.951000 us
  Sample 63...
Starting computation...
    Writing took     2.068509 ms
    Computation took 189.938219 ms
    Reading took     85.619000 us
  Sample 64...
Starting computation...
    Writing took     2.027863 ms
    Computation took 189.945806 ms
    Reading took     108.039000 us
  Sample 65...
Starting computation...
    Writing took     2.058690 ms
    Computation took 189.932793 ms
    Reading took     85.006000 us
  Sample 66...
Starting computation...
    Writing took     2.044800 ms
    Computation took 189.931970 ms
    Reading took     89.171000 us
  Sample 67...
Starting computation...
    Writing took     2.112817 ms
    Computation took 189.993284 ms
    Reading took     100.642000 us
  Sample 68...
Starting computation...
    Writing took     2.053532 ms
    Computation took 189.863436 ms
    Reading took     154.775000 us
  Sample 69...
Starting computation...
    Writing took     4.115208 ms
    Computation took 189.973991 ms
    Reading took     76.698000 us
  Sample 70...
Starting computation...
    Writing took     1.933562 ms
    Computation took 189.898132 ms
    Reading took     74.449000 us
  Sample 71...
Starting computation...
    Writing took     1.933912 ms
    Computation took 190.042205 ms
    Reading took     77.005000 us
  Sample 72...
Starting computation...
    Writing took     1.989443 ms
    Computation took 190.923213 ms
    Reading took     75.213000 us
  Sample 73...
Starting computation...
    Writing took     1.888927 ms
    Computation took 190.852553 ms
    Reading took     74.536000 us
  Sample 74...
Starting computation...
    Writing took     1.911832 ms
    Computation took 190.880414 ms
    Reading took     74.773000 us
  Sample 75...
Starting computation...
    Writing took     1.861654 ms
    Computation took 190.856905 ms
    Reading took     72.003000 us
  Sample 76...
Starting computation...
    Writing took     1.857912 ms
    Computation took 190.899383 ms
    Reading took     78.128000 us
  Sample 77...
Starting computation...
    Writing took     1.970095 ms
    Computation took 190.835860 ms
    Reading took     75.916000 us
  Sample 78...
Starting computation...
    Writing took     1.866298 ms
    Computation took 190.825306 ms
    Reading took     73.786000 us
  Sample 79...
Starting computation...
    Writing took     1.858303 ms
    Computation took 190.830531 ms
    Reading took     94.293000 us
  Sample 80...
Starting computation...
    Writing took     2.467072 ms
    Computation took 190.938002 ms
    Reading took     86.558000 us
  Sample 81...
Starting computation...
    Writing took     2.007599 ms
    Computation took 190.836293 ms
    Reading took     85.996000 us
  Sample 82...
Starting computation...
    Writing took     1.886757 ms
    Computation took 190.858457 ms
    Reading took     91.973000 us
  Sample 83...
Starting computation...
    Writing took     2.045952 ms
    Computation took 190.914102 ms
    Reading took     82.209000 us
  Sample 84...
Starting computation...
    Writing took     1.951537 ms
    Computation took 190.834397 ms
    Reading took     87.278000 us
  Sample 85...
Starting computation...
    Writing took     2.166899 ms
    Computation took 190.918499 ms
    Reading took     88.463000 us
  Sample 86...
Starting computation...
    Writing took     2.018274 ms
    Computation took 190.916742 ms
    Reading took     81.380000 us
  Sample 87...
Starting computation...
    Writing took     1.920249 ms
    Computation took 190.892184 ms
    Reading took     86.935000 us
  Sample 88...
Starting computation...
    Writing took     2.034530 ms
    Computation took 190.903601 ms
    Reading took     151.049000 us
  Sample 89...
Starting computation...
    Writing took     4.286643 ms
    Computation took 190.918404 ms
    Reading took     94.072000 us
  Sample 90...
Starting computation...
    Writing took     2.508903 ms
    Computation took 190.877521 ms
    Reading took     93.133000 us
  Sample 91...
Starting computation...
    Writing took     2.463183 ms
    Computation took 190.852375 ms
    Reading took     93.335000 us
  Sample 92...
Starting computation...
    Writing took     2.471503 ms
    Computation took 190.903756 ms
    Reading took     93.219000 us
  Sample 93...
Starting computation...
    Writing took     2.469521 ms
    Computation took 190.942018 ms
    Reading took     92.042000 us
  Sample 94...
Starting computation...
    Writing took     2.439209 ms
    Computation took 190.894037 ms
    Reading took     93.449000 us
  Sample 95...
Starting computation...
    Writing took     2.490643 ms
    Computation took 190.895791 ms
    Reading took     99.628000 us
  Sample 96...
Starting computation...
    Writing took     2.463013 ms
    Computation took 190.884455 ms
    Reading took     93.621000 us
  Sample 97...
Starting computation...
    Writing took     2.428036 ms
    Computation took 190.881523 ms
    Reading took     93.045000 us
  Sample 98...
Starting computation...
    Writing took     2.476715 ms
    Computation took 190.929201 ms
    Reading took     79.742000 us
  Sample 99...
Starting computation...
    Writing took     1.947058 ms
    Computation took 190.839602 ms
    Reading took     76.373000 us
Mean computation time: 190.226975 ms
Mean deviation: 431.923000 us (0.227057%)
Mean computation time (per hash): 5.764453 ms
Mean deviation (per hash): 13.088000 us
