Using device #0: CUDA Device 'GeForce GTX 1080 Ti'
  Sample 0...
Starting computation...
    Writing took     2.021454 ms
    Computation took 200.988502 ms
    Reading took     48.970000 us
  Sample 1...
Starting computation...
    Writing took     1.127030 ms
    Computation took 200.909104 ms
    Reading took     45.134000 us
  Sample 2...
Starting computation...
    Writing took     1.191319 ms
    Computation took 200.857800 ms
    Reading took     45.307000 us
  Sample 3...
Starting computation...
    Writing took     1.131828 ms
    Computation took 200.982241 ms
    Reading took     39.258000 us
  Sample 4...
Starting computation...
    Writing took     970.948000 us
    Computation took 200.877948 ms
    Reading took     58.433000 us
  Sample 5...
Starting computation...
    Writing took     1.467390 ms
    Computation took 201.004342 ms
    Reading took     38.521000 us
  Sample 6...
Starting computation...
    Writing took     922.647000 us
    Computation took 200.964370 ms
    Reading took     36.513000 us
  Sample 7...
Starting computation...
    Writing took     901.542000 us
    Computation took 200.847043 ms
    Reading took     36.530000 us
  Sample 8...
Starting computation...
    Writing took     952.743000 us
    Computation took 200.955738 ms
    Reading took     36.457000 us
  Sample 9...
Starting computation...
    Writing took     902.892000 us
    Computation took 200.872450 ms
    Reading took     38.651000 us
  Sample 10...
Starting computation...
    Writing took     960.797000 us
    Computation took 200.953532 ms
    Reading took     37.717000 us
  Sample 11...
Starting computation...
    Writing took     933.762000 us
    Computation took 200.841694 ms
    Reading took     38.564000 us
  Sample 12...
Starting computation...
    Writing took     1.002649 ms
    Computation took 200.861461 ms
    Reading took     39.266000 us
  Sample 13...
Starting computation...
    Writing took     935.243000 us
    Computation took 200.990886 ms
    Reading took     74.458000 us
  Sample 14...
Starting computation...
    Writing took     1.902725 ms
    Computation took 200.895707 ms
    Reading took     45.593000 us
  Sample 15...
Starting computation...
    Writing took     1.146583 ms
    Computation took 200.846215 ms
    Reading took     33.764000 us
  Sample 16...
Starting computation...
    Writing took     844.322000 us
    Computation took 200.935233 ms
    Reading took     36.962000 us
  Sample 17...
Starting computation...
    Writing took     876.478000 us
    Computation took 200.880358 ms
    Reading took     51.981000 us
  Sample 18...
Starting computation...
    Writing took     1.389511 ms
    Computation took 201.261249 ms
    Reading took     38.567000 us
  Sample 19...
Starting computation...
    Writing took     938.707000 us
    Computation took 200.908992 ms
    Reading took     67.030000 us
  Sample 20...
Starting computation...
    Writing took     1.776504 ms
    Computation took 200.894948 ms
    Reading took     47.260000 us
  Sample 21...
Starting computation...
    Writing took     1.225484 ms
    Computation took 200.891292 ms
    Reading took     34.046000 us
  Sample 22...
Starting computation...
    Writing took     843.208000 us
    Computation took 200.878051 ms
    Reading took     38.715000 us
  Sample 23...
Starting computation...
    Writing took     951.647000 us
    Computation took 200.944290 ms
    Reading took     74.437000 us
  Sample 24...
Starting computation...
    Writing took     1.836000 ms
    Computation took 200.983660 ms
    Reading took     45.219000 us
  Sample 25...
Starting computation...
    Writing took     1.121756 ms
    Computation took 200.883449 ms
    Reading took     46.436000 us
  Sample 26...
Starting computation...
    Writing took     1.127658 ms
    Computation took 200.859050 ms
    Reading took     44.780000 us
  Sample 27...
Starting computation...
    Writing took     1.132517 ms
    Computation took 200.858367 ms
    Reading took     44.503000 us
  Sample 28...
Starting computation...
    Writing took     1.118391 ms
    Computation took 201.037066 ms
    Reading took     53.737000 us
  Sample 29...
Starting computation...
    Writing took     1.128143 ms
    Computation took 200.878634 ms
    Reading took     36.590000 us
  Sample 30...
Starting computation...
    Writing took     876.765000 us
    Computation took 200.852626 ms
    Reading took     37.119000 us
  Sample 31...
Starting computation...
    Writing took     856.719000 us
    Computation took 200.854793 ms
    Reading took     33.235000 us
  Sample 32...
Starting computation...
    Writing took     843.024000 us
    Computation took 200.815929 ms
    Reading took     36.892000 us
  Sample 33...
Starting computation...
    Writing took     918.865000 us
    Computation took 200.862075 ms
    Reading took     34.567000 us
  Sample 34...
Starting computation...
    Writing took     843.104000 us
    Computation took 200.850222 ms
    Reading took     39.822000 us
  Sample 35...
Starting computation...
    Writing took     982.194000 us
    Computation took 200.920050 ms
    Reading took     39.215000 us
  Sample 36...
Starting computation...
    Writing took     938.162000 us
    Computation took 200.953254 ms
    Reading took     39.738000 us
  Sample 37...
Starting computation...
    Writing took     962.700000 us
    Computation took 200.880763 ms
    Reading took     37.696000 us
  Sample 38...
Starting computation...
    Writing took     902.646000 us
    Computation took 200.816196 ms
    Reading took     33.196000 us
  Sample 39...
Starting computation...
    Writing took     885.547000 us
    Computation took 200.853405 ms
    Reading took     37.506000 us
  Sample 40...
Starting computation...
    Writing took     876.506000 us
    Computation took 200.971265 ms
    Reading took     44.909000 us
  Sample 41...
Starting computation...
    Writing took     1.128696 ms
    Computation took 200.857550 ms
    Reading took     43.440000 us
  Sample 42...
Starting computation...
    Writing took     1.111578 ms
    Computation took 200.826928 ms
    Reading took     44.664000 us
  Sample 43...
Starting computation...
    Writing took     1.117426 ms
    Computation took 200.923498 ms
    Reading took     68.691000 us
  Sample 44...
Starting computation...
    Writing took     1.935722 ms
    Computation took 200.904265 ms
    Reading took     45.148000 us
  Sample 45...
Starting computation...
    Writing took     1.123307 ms
    Computation took 201.096599 ms
    Reading took     44.940000 us
  Sample 46...
Starting computation...
    Writing took     1.123733 ms
    Computation took 200.946441 ms
    Reading took     45.551000 us
  Sample 47...
Starting computation...
    Writing took     1.123645 ms
    Computation took 201.114295 ms
    Reading took     43.814000 us
  Sample 48...
Starting computation...
    Writing took     1.131395 ms
    Computation took 200.969153 ms
    Reading took     44.370000 us
  Sample 49...
Starting computation...
    Writing took     1.129718 ms
    Computation took 200.871336 ms
    Reading took     45.096000 us
  Sample 50...
Starting computation...
    Writing took     1.151572 ms
    Computation took 200.855558 ms
    Reading took     44.862000 us
  Sample 51...
Starting computation...
    Writing took     1.123365 ms
    Computation took 200.834197 ms
    Reading took     44.096000 us
  Sample 52...
Starting computation...
    Writing took     1.119222 ms
    Computation took 201.052013 ms
    Reading took     43.072000 us
  Sample 53...
Starting computation...
    Writing took     1.112610 ms
    Computation took 201.272855 ms
    Reading took     57.965000 us
  Sample 54...
Starting computation...
    Writing took     1.656022 ms
    Computation took 200.941404 ms
    Reading took     53.218000 us
  Sample 55...
Starting computation...
    Writing took     1.118246 ms
    Computation took 200.826715 ms
    Reading took     43.860000 us
  Sample 56...
Starting computation...
    Writing took     1.106209 ms
    Computation took 200.978331 ms
    Reading took     42.890000 us
  Sample 57...
Starting computation...
    Writing took     1.104938 ms
    Computation took 200.892821 ms
    Reading took     44.421000 us
  Sample 58...
Starting computation...
    Writing took     1.149193 ms
    Computation took 200.974331 ms
    Reading took     35.774000 us
  Sample 59...
Starting computation...
    Writing took     1.003410 ms
    Computation took 201.047171 ms
    Reading took     44.514000 us
  Sample 60...
Starting computation...
    Writing took     1.126341 ms
    Computation took 201.003122 ms
    Reading took     45.207000 us
  Sample 61...
Starting computation...
    Writing took     1.127605 ms
    Computation took 201.585930 ms
    Reading took     49.788000 us
  Sample 62...
Starting computation...
    Writing took     1.122507 ms
    Computation took 200.965266 ms
    Reading took     43.358000 us
  Sample 63...
Starting computation...
    Writing took     1.102118 ms
    Computation took 201.005269 ms
    Reading took     36.399000 us
  Sample 64...
Starting computation...
    Writing took     875.554000 us
    Computation took 200.966807 ms
    Reading took     35.440000 us
  Sample 65...
Starting computation...
    Writing took     865.885000 us
    Computation took 200.875095 ms
    Reading took     33.842000 us
  Sample 66...
Starting computation...
    Writing took     844.076000 us
    Computation took 201.093809 ms
    Reading took     50.376000 us
  Sample 67...
Starting computation...
    Writing took     890.401000 us
    Computation took 200.845706 ms
    Reading took     35.666000 us
  Sample 68...
Starting computation...
    Writing took     867.811000 us
    Computation took 201.205805 ms
    Reading took     37.248000 us
  Sample 69...
Starting computation...
    Writing took     922.321000 us
    Computation took 201.016940 ms
    Reading took     104.487000 us
  Sample 70...
Starting computation...
    Writing took     2.909661 ms
    Computation took 200.919689 ms
    Reading took     47.815000 us
  Sample 71...
Starting computation...
    Writing took     1.143943 ms
    Computation took 200.875292 ms
    Reading took     55.274000 us
  Sample 72...
Starting computation...
    Writing took     1.151349 ms
    Computation took 201.049799 ms
    Reading took     48.040000 us
  Sample 73...
Starting computation...
    Writing took     1.160064 ms
    Computation took 201.312583 ms
    Reading took     47.334000 us
  Sample 74...
Starting computation...
    Writing took     1.144574 ms
    Computation took 200.856381 ms
    Reading took     46.857000 us
  Sample 75...
Starting computation...
    Writing took     1.152786 ms
    Computation took 200.832678 ms
    Reading took     46.627000 us
  Sample 76...
Starting computation...
    Writing took     1.145240 ms
    Computation took 200.854530 ms
    Reading took     41.648000 us
  Sample 77...
Starting computation...
    Writing took     1.051909 ms
    Computation took 200.878360 ms
    Reading took     38.519000 us
  Sample 78...
Starting computation...
    Writing took     970.348000 us
    Computation took 200.886239 ms
    Reading took     34.146000 us
  Sample 79...
Starting computation...
    Writing took     849.600000 us
    Computation took 200.849712 ms
    Reading took     36.623000 us
  Sample 80...
Starting computation...
    Writing took     876.647000 us
    Computation took 200.924979 ms
    Reading took     34.387000 us
  Sample 81...
Starting computation...
    Writing took     844.157000 us
    Computation took 200.935274 ms
    Reading took     37.181000 us
  Sample 82...
Starting computation...
    Writing took     878.688000 us
    Computation took 200.898062 ms
    Reading took     36.619000 us
  Sample 83...
Starting computation...
    Writing took     875.136000 us
    Computation took 200.870523 ms
    Reading took     35.619000 us
  Sample 84...
Starting computation...
    Writing took     849.005000 us
    Computation took 200.929892 ms
    Reading took     39.320000 us
  Sample 85...
Starting computation...
    Writing took     935.538000 us
    Computation took 201.395869 ms
    Reading took     39.392000 us
  Sample 86...
Starting computation...
    Writing took     966.967000 us
    Computation took 201.030896 ms
    Reading took     40.958000 us
  Sample 87...
Starting computation...
    Writing took     968.145000 us
    Computation took 200.996023 ms
    Reading took     34.604000 us
  Sample 88...
Starting computation...
    Writing took     845.539000 us
    Computation took 200.872349 ms
    Reading took     36.879000 us
  Sample 89...
Starting computation...
    Writing took     883.018000 us
    Computation took 200.883652 ms
    Reading took     53.151000 us
  Sample 90...
Starting computation...
    Writing took     878.631000 us
    Computation took 200.846114 ms
    Reading took     37.105000 us
  Sample 91...
Starting computation...
    Writing took     900.894000 us
    Computation took 200.922610 ms
    Reading took     41.015000 us
  Sample 92...
Starting computation...
    Writing took     994.313000 us
    Computation took 201.010981 ms
    Reading took     36.721000 us
  Sample 93...
Starting computation...
    Writing took     866.718000 us
    Computation took 200.835513 ms
    Reading took     35.515000 us
  Sample 94...
Starting computation...
    Writing took     948.094000 us
    Computation took 200.845453 ms
    Reading took     55.201000 us
  Sample 95...
Starting computation...
    Writing took     1.412995 ms
    Computation took 201.067666 ms
    Reading took     47.015000 us
  Sample 96...
Starting computation...
    Writing took     1.217342 ms
    Computation took 200.852333 ms
    Reading took     47.194000 us
  Sample 97...
Starting computation...
    Writing took     1.221552 ms
    Computation took 200.862813 ms
    Reading took     42.035000 us
  Sample 98...
Starting computation...
    Writing took     1.033913 ms
    Computation took 200.838616 ms
    Reading took     39.586000 us
  Sample 99...
Starting computation...
    Writing took     999.696000 us
    Computation took 200.814889 ms
    Reading took     40.047000 us
Mean computation time: 200.940732 ms
Mean deviation: 86.838000 us (0.0432157%)
Mean computation time (per hash): 13.396048 ms
Mean deviation (per hash): 5.789000 us
