Using device #0: CUDA Device 'GeForce GTX 1080 Ti'
  Sample 0...
Starting computation...
    Writing took     3.897327 ms
    Computation took 210.434204 ms
    Reading took     240.034000 us
  Sample 1...
Starting computation...
    Writing took     6.855841 ms
    Computation took 210.366237 ms
    Reading took     146.718000 us
  Sample 2...
Starting computation...
    Writing took     3.676131 ms
    Computation took 210.287491 ms
    Reading took     147.041000 us
  Sample 3...
Starting computation...
    Writing took     3.650644 ms
    Computation took 210.304705 ms
    Reading took     147.693000 us
  Sample 4...
Starting computation...
    Writing took     3.692901 ms
    Computation took 210.279496 ms
    Reading took     147.963000 us
  Sample 5...
Starting computation...
    Writing took     3.633213 ms
    Computation took 210.328638 ms
    Reading took     145.623000 us
  Sample 6...
Starting computation...
    Writing took     3.708384 ms
    Computation took 210.307887 ms
    Reading took     149.317000 us
  Sample 7...
Starting computation...
    Writing took     3.640038 ms
    Computation took 210.236573 ms
    Reading took     147.295000 us
  Sample 8...
Starting computation...
    Writing took     3.691233 ms
    Computation took 210.260396 ms
    Reading took     159.476000 us
  Sample 9...
Starting computation...
    Writing took     3.648201 ms
    Computation took 210.363003 ms
    Reading took     145.756000 us
  Sample 10...
Starting computation...
    Writing took     3.689230 ms
    Computation took 210.317597 ms
    Reading took     145.795000 us
  Sample 11...
Starting computation...
    Writing took     3.644773 ms
    Computation took 210.303073 ms
    Reading took     147.927000 us
  Sample 12...
Starting computation...
    Writing took     3.676175 ms
    Computation took 210.312109 ms
    Reading took     149.242000 us
  Sample 13...
Starting computation...
    Writing took     3.670792 ms
    Computation took 210.363964 ms
    Reading took     146.110000 us
  Sample 14...
Starting computation...
    Writing took     3.682135 ms
    Computation took 210.737416 ms
    Reading took     143.720000 us
  Sample 15...
Starting computation...
    Writing took     3.700039 ms
    Computation took 210.933037 ms
    Reading took     152.378000 us
  Sample 16...
Starting computation...
    Writing took     3.695361 ms
    Computation took 210.909543 ms
    Reading took     145.205000 us
  Sample 17...
Starting computation...
    Writing took     3.680652 ms
    Computation took 210.879625 ms
    Reading took     130.016000 us
  Sample 18...
Starting computation...
    Writing took     3.180138 ms
    Computation took 210.411962 ms
    Reading took     119.246000 us
  Sample 19...
Starting computation...
    Writing took     2.815288 ms
    Computation took 211.030637 ms
    Reading took     219.496000 us
  Sample 20...
Starting computation...
    Writing took     6.128733 ms
    Computation took 210.991555 ms
    Reading took     149.429000 us
  Sample 21...
Starting computation...
    Writing took     3.660239 ms
    Computation took 210.876714 ms
    Reading took     219.418000 us
  Sample 22...
Starting computation...
    Writing took     6.189982 ms
    Computation took 210.917057 ms
    Reading took     225.078000 us
  Sample 23...
Starting computation...
    Writing took     6.320256 ms
    Computation took 211.089722 ms
    Reading took     151.106000 us
  Sample 24...
Starting computation...
    Writing took     3.709221 ms
    Computation took 211.473400 ms
    Reading took     145.607000 us
  Sample 25...
Starting computation...
    Writing took     3.674288 ms
    Computation took 211.459210 ms
    Reading took     221.678000 us
  Sample 26...
Starting computation...
    Writing took     6.274742 ms
    Computation took 211.994220 ms
    Reading took     147.453000 us
  Sample 27...
Starting computation...
    Writing took     3.699870 ms
    Computation took 213.663159 ms
    Reading took     247.147000 us
  Sample 28...
Starting computation...
    Writing took     6.234429 ms
    Computation took 216.688603 ms
    Reading took     147.519000 us
  Sample 29...
Starting computation...
    Writing took     3.706057 ms
    Computation took 218.510786 ms
    Reading took     144.793000 us
  Sample 30...
Starting computation...
    Writing took     3.700001 ms
    Computation took 217.530101 ms
    Reading took     147.810000 us
  Sample 31...
Starting computation...
    Writing took     3.674766 ms
    Computation took 215.277136 ms
    Reading took     145.361000 us
  Sample 32...
Starting computation...
    Writing took     3.697202 ms
    Computation took 214.322317 ms
    Reading took     145.000000 us
  Sample 33...
Starting computation...
    Writing took     3.624246 ms
    Computation took 212.766637 ms
    Reading took     117.824000 us
  Sample 34...
Starting computation...
    Writing took     2.804374 ms
    Computation took 210.845160 ms
    Reading took     130.382000 us
  Sample 35...
Starting computation...
    Writing took     3.175741 ms
    Computation took 210.332358 ms
    Reading took     120.320000 us
  Sample 36...
Starting computation...
    Writing took     2.886240 ms
    Computation took 210.581264 ms
    Reading took     119.363000 us
  Sample 37...
Starting computation...
    Writing took     2.887600 ms
    Computation took 210.937646 ms
    Reading took     235.149000 us
  Sample 38...
Starting computation...
    Writing took     5.340567 ms
    Computation took 210.613064 ms
    Reading took     163.790000 us
  Sample 39...
Starting computation...
    Writing took     3.702675 ms
    Computation took 211.249836 ms
    Reading took     145.629000 us
  Sample 40...
Starting computation...
    Writing took     3.652572 ms
    Computation took 212.418776 ms
    Reading took     145.117000 us
  Sample 41...
Starting computation...
    Writing took     3.639941 ms
    Computation took 212.635892 ms
    Reading took     179.583000 us
  Sample 42...
Starting computation...
    Writing took     3.656863 ms
    Computation took 213.249521 ms
    Reading took     160.855000 us
  Sample 43...
Starting computation...
    Writing took     4.005550 ms
    Computation took 214.213451 ms
    Reading took     154.142000 us
  Sample 44...
Starting computation...
    Writing took     3.939515 ms
    Computation took 214.308592 ms
    Reading took     154.918000 us
  Sample 45...
Starting computation...
    Writing took     3.931924 ms
    Computation took 214.126399 ms
    Reading took     134.787000 us
  Sample 46...
Starting computation...
    Writing took     3.117964 ms
    Computation took 213.908354 ms
    Reading took     133.360000 us
  Sample 47...
Starting computation...
    Writing took     3.334528 ms
    Computation took 211.351923 ms
    Reading took     132.903000 us
  Sample 48...
Starting computation...
    Writing took     3.126164 ms
    Computation took 210.769993 ms
    Reading took     127.245000 us
  Sample 49...
Starting computation...
    Writing took     3.073691 ms
    Computation took 210.619850 ms
    Reading took     131.873000 us
  Sample 50...
Starting computation...
    Writing took     3.309840 ms
    Computation took 210.978990 ms
    Reading took     138.402000 us
  Sample 51...
Starting computation...
    Writing took     3.444037 ms
    Computation took 210.897526 ms
    Reading took     124.978000 us
  Sample 52...
Starting computation...
    Writing took     3.030113 ms
    Computation took 211.172173 ms
    Reading took     126.797000 us
  Sample 53...
Starting computation...
    Writing took     2.966257 ms
    Computation took 211.821673 ms
    Reading took     149.077000 us
  Sample 54...
Starting computation...
    Writing took     3.271811 ms
    Computation took 212.223584 ms
    Reading took     129.555000 us
  Sample 55...
Starting computation...
    Writing took     3.285999 ms
    Computation took 212.870917 ms
    Reading took     125.260000 us
  Sample 56...
Starting computation...
    Writing took     3.053189 ms
    Computation took 211.868136 ms
    Reading took     136.255000 us
  Sample 57...
Starting computation...
    Writing took     3.348745 ms
    Computation took 213.193057 ms
    Reading took     135.116000 us
  Sample 58...
Starting computation...
    Writing took     3.407999 ms
    Computation took 213.381739 ms
    Reading took     133.734000 us
  Sample 59...
Starting computation...
    Writing took     3.493615 ms
    Computation took 213.533373 ms
    Reading took     133.404000 us
  Sample 60...
Starting computation...
    Writing took     3.223145 ms
    Computation took 212.908949 ms
    Reading took     244.857000 us
  Sample 61...
Starting computation...
    Writing took     7.585033 ms
    Computation took 211.278992 ms
    Reading took     159.105000 us
  Sample 62...
Starting computation...
    Writing took     3.960755 ms
    Computation took 211.282035 ms
    Reading took     156.879000 us
  Sample 63...
Starting computation...
    Writing took     3.991592 ms
    Computation took 214.621739 ms
    Reading took     157.199000 us
  Sample 64...
Starting computation...
    Writing took     4.006786 ms
    Computation took 214.135401 ms
    Reading took     129.452000 us
  Sample 65...
Starting computation...
    Writing took     3.231998 ms
    Computation took 212.535557 ms
    Reading took     150.178000 us
  Sample 66...
Starting computation...
    Writing took     3.223700 ms
    Computation took 211.571978 ms
    Reading took     129.259000 us
  Sample 67...
Starting computation...
    Writing took     3.161127 ms
    Computation took 212.044888 ms
    Reading took     129.327000 us
  Sample 68...
Starting computation...
    Writing took     3.186452 ms
    Computation took 213.050163 ms
    Reading took     124.455000 us
  Sample 69...
Starting computation...
    Writing took     3.056165 ms
    Computation took 212.066226 ms
    Reading took     146.131000 us
  Sample 70...
Starting computation...
    Writing took     3.699442 ms
    Computation took 212.099244 ms
    Reading took     211.855000 us
  Sample 71...
Starting computation...
    Writing took     3.722666 ms
    Computation took 212.073808 ms
    Reading took     147.844000 us
  Sample 72...
Starting computation...
    Writing took     3.698389 ms
    Computation took 212.048297 ms
    Reading took     147.800000 us
  Sample 73...
Starting computation...
    Writing took     3.801406 ms
    Computation took 210.899060 ms
    Reading took     245.385000 us
  Sample 74...
Starting computation...
    Writing took     6.326903 ms
    Computation took 210.974577 ms
    Reading took     120.668000 us
  Sample 75...
Starting computation...
    Writing took     3.203378 ms
    Computation took 211.513186 ms
    Reading took     120.994000 us
  Sample 76...
Starting computation...
    Writing took     3.146239 ms
    Computation took 211.922640 ms
    Reading took     126.912000 us
  Sample 77...
Starting computation...
    Writing took     3.365313 ms
    Computation took 212.117813 ms
    Reading took     122.686000 us
  Sample 78...
Starting computation...
    Writing took     3.156690 ms
    Computation took 213.585767 ms
    Reading took     128.026000 us
  Sample 79...
Starting computation...
    Writing took     3.424856 ms
    Computation took 216.417798 ms
    Reading took     135.235000 us
  Sample 80...
Starting computation...
    Writing took     3.676156 ms
    Computation took 219.655385 ms
    Reading took     135.956000 us
  Sample 81...
Starting computation...
    Writing took     3.639697 ms
    Computation took 218.519431 ms
    Reading took     128.879000 us
  Sample 82...
Starting computation...
    Writing took     3.533059 ms
    Computation took 215.631134 ms
    Reading took     204.365000 us
  Sample 83...
Starting computation...
    Writing took     4.208486 ms
    Computation took 213.173738 ms
    Reading took     138.907000 us
  Sample 84...
Starting computation...
    Writing took     3.607328 ms
    Computation took 213.246044 ms
    Reading took     137.164000 us
  Sample 85...
Starting computation...
    Writing took     3.730617 ms
    Computation took 212.659975 ms
    Reading took     136.958000 us
  Sample 86...
Starting computation...
    Writing took     3.644135 ms
    Computation took 210.948335 ms
    Reading took     214.966000 us
  Sample 87...
Starting computation...
    Writing took     6.357134 ms
    Computation took 210.971376 ms
    Reading took     125.475000 us
  Sample 88...
Starting computation...
    Writing took     3.158308 ms
    Computation took 211.173512 ms
    Reading took     222.346000 us
  Sample 89...
Starting computation...
    Writing took     6.211903 ms
    Computation took 211.417725 ms
    Reading took     125.590000 us
  Sample 90...
Starting computation...
    Writing took     2.881807 ms
    Computation took 210.956536 ms
    Reading took     119.630000 us
  Sample 91...
Starting computation...
    Writing took     2.755692 ms
    Computation took 212.054721 ms
    Reading took     129.578000 us
  Sample 92...
Starting computation...
    Writing took     2.968995 ms
    Computation took 212.669492 ms
    Reading took     130.242000 us
  Sample 93...
Starting computation...
    Writing took     3.143085 ms
    Computation took 212.847562 ms
    Reading took     131.043000 us
  Sample 94...
Starting computation...
    Writing took     3.940120 ms
    Computation took 213.250106 ms
    Reading took     162.017000 us
  Sample 95...
Starting computation...
    Writing took     3.977570 ms
    Computation took 214.706792 ms
    Reading took     170.796000 us
  Sample 96...
Starting computation...
    Writing took     4.289307 ms
    Computation took 213.678242 ms
    Reading took     152.751000 us
  Sample 97...
Starting computation...
    Writing took     4.006393 ms
    Computation took 213.055402 ms
    Reading took     153.193000 us
  Sample 98...
Starting computation...
    Writing took     3.978099 ms
    Computation took 211.757918 ms
    Reading took     139.590000 us
  Sample 99...
Starting computation...
    Writing took     2.948138 ms
    Computation took 210.895863 ms
    Reading took     133.819000 us
Mean computation time: 212.234488 ms
Mean deviation: 1.485427 ms (0.699899%)
Mean computation time (per hash): 4.331315 ms
Mean deviation (per hash): 30.314000 us
