Using device #0: CUDA Device 'GeForce GTX 1080 Ti'
  Sample 0...
Starting computation...
    Writing took     8.144913 ms
    Computation took 280.051889 ms
    Reading took     314.780000 us
  Sample 1...
Starting computation...
    Writing took     7.507203 ms
    Computation took 280.038162 ms
    Reading took     258.678000 us
  Sample 2...
Starting computation...
    Writing took     6.879474 ms
    Computation took 280.062222 ms
    Reading took     229.493000 us
  Sample 3...
Starting computation...
    Writing took     6.014691 ms
    Computation took 280.219094 ms
    Reading took     231.281000 us
  Sample 4...
Starting computation...
    Writing took     6.233958 ms
    Computation took 280.056250 ms
    Reading took     230.416000 us
  Sample 5...
Starting computation...
    Writing took     6.334740 ms
    Computation took 280.252797 ms
    Reading took     228.404000 us
  Sample 6...
Starting computation...
    Writing took     5.568022 ms
    Computation took 280.454623 ms
    Reading took     247.673000 us
  Sample 7...
Starting computation...
    Writing took     6.814705 ms
    Computation took 283.192639 ms
    Reading took     248.629000 us
  Sample 8...
Starting computation...
    Writing took     6.852009 ms
    Computation took 296.253656 ms
    Reading took     248.409000 us
  Sample 9...
Starting computation...
    Writing took     6.847714 ms
    Computation took 298.238284 ms
    Reading took     246.717000 us
  Sample 10...
Starting computation...
    Writing took     6.864816 ms
    Computation took 294.420943 ms
    Reading took     247.904000 us
  Sample 11...
Starting computation...
    Writing took     6.815999 ms
    Computation took 291.174514 ms
    Reading took     246.071000 us
  Sample 12...
Starting computation...
    Writing took     6.822647 ms
    Computation took 288.933440 ms
    Reading took     246.971000 us
  Sample 13...
Starting computation...
    Writing took     6.844113 ms
    Computation took 285.335980 ms
    Reading took     248.104000 us
  Sample 14...
Starting computation...
    Writing took     6.960963 ms
    Computation took 284.823177 ms
    Reading took     228.923000 us
  Sample 15...
Starting computation...
    Writing took     6.276224 ms
    Computation took 283.478679 ms
    Reading took     229.670000 us
  Sample 16...
Starting computation...
    Writing took     6.252846 ms
    Computation took 283.057608 ms
    Reading took     246.857000 us
  Sample 17...
Starting computation...
    Writing took     6.821268 ms
    Computation took 281.065089 ms
    Reading took     232.176000 us
  Sample 18...
Starting computation...
    Writing took     6.770242 ms
    Computation took 280.673958 ms
    Reading took     214.594000 us
  Sample 19...
Starting computation...
    Writing took     6.086135 ms
    Computation took 280.353914 ms
    Reading took     208.307000 us
  Sample 20...
Starting computation...
    Writing took     5.669707 ms
    Computation took 280.097550 ms
    Reading took     230.372000 us
  Sample 21...
Starting computation...
    Writing took     6.120732 ms
    Computation took 280.401481 ms
    Reading took     230.923000 us
  Sample 22...
Starting computation...
    Writing took     6.294477 ms
    Computation took 280.439598 ms
    Reading took     227.918000 us
  Sample 23...
Starting computation...
    Writing took     6.258702 ms
    Computation took 280.059718 ms
    Reading took     229.393000 us
  Sample 24...
Starting computation...
    Writing took     6.267229 ms
    Computation took 280.186382 ms
    Reading took     245.391000 us
  Sample 25...
Starting computation...
    Writing took     7.963033 ms
    Computation took 280.588627 ms
    Reading took     202.959000 us
  Sample 26...
Starting computation...
    Writing took     5.365433 ms
    Computation took 280.805595 ms
    Reading took     335.944000 us
  Sample 27...
Starting computation...
    Writing took     10.848053 ms
    Computation took 280.493578 ms
    Reading took     214.073000 us
  Sample 28...
Starting computation...
    Writing took     6.007106 ms
    Computation took 281.027066 ms
    Reading took     206.533000 us
  Sample 29...
Starting computation...
    Writing took     5.572937 ms
    Computation took 281.644205 ms
    Reading took     223.410000 us
  Sample 30...
Starting computation...
    Writing took     6.044034 ms
    Computation took 281.384957 ms
    Reading took     210.551000 us
  Sample 31...
Starting computation...
    Writing took     5.610236 ms
    Computation took 280.674146 ms
    Reading took     230.595000 us
  Sample 32...
Starting computation...
    Writing took     6.287871 ms
    Computation took 280.864671 ms
    Reading took     218.992000 us
  Sample 33...
Starting computation...
    Writing took     5.783864 ms
    Computation took 281.795922 ms
    Reading took     348.193000 us
  Sample 34...
Starting computation...
    Writing took     10.050569 ms
    Computation took 281.958228 ms
    Reading took     245.797000 us
  Sample 35...
Starting computation...
    Writing took     6.859957 ms
    Computation took 282.071887 ms
    Reading took     245.956000 us
  Sample 36...
Starting computation...
    Writing took     6.831790 ms
    Computation took 281.228168 ms
    Reading took     213.152000 us
  Sample 37...
Starting computation...
    Writing took     5.606294 ms
    Computation took 280.893160 ms
    Reading took     246.643000 us
  Sample 38...
Starting computation...
    Writing took     6.846719 ms
    Computation took 281.502187 ms
    Reading took     249.421000 us
  Sample 39...
Starting computation...
    Writing took     6.840496 ms
    Computation took 283.353942 ms
    Reading took     207.861000 us
  Sample 40...
Starting computation...
    Writing took     5.569096 ms
    Computation took 282.148777 ms
    Reading took     222.654000 us
  Sample 41...
Starting computation...
    Writing took     6.022075 ms
    Computation took 280.568961 ms
    Reading took     295.601000 us
  Sample 42...
Starting computation...
    Writing took     9.051985 ms
    Computation took 280.662374 ms
    Reading took     390.905000 us
  Sample 43...
Starting computation...
    Writing took     10.441237 ms
    Computation took 283.100787 ms
    Reading took     243.342000 us
  Sample 44...
Starting computation...
    Writing took     6.285251 ms
    Computation took 287.153402 ms
    Reading took     379.096000 us
  Sample 45...
Starting computation...
    Writing took     10.420548 ms
    Computation took 283.299262 ms
    Reading took     242.597000 us
  Sample 46...
Starting computation...
    Writing took     6.268832 ms
    Computation took 283.242115 ms
    Reading took     236.080000 us
  Sample 47...
Starting computation...
    Writing took     6.185452 ms
    Computation took 282.002242 ms
    Reading took     242.242000 us
  Sample 48...
Starting computation...
    Writing took     6.354131 ms
    Computation took 280.269451 ms
    Reading took     234.197000 us
  Sample 49...
Starting computation...
    Writing took     6.119120 ms
    Computation took 280.558634 ms
    Reading took     241.804000 us
  Sample 50...
Starting computation...
    Writing took     6.911899 ms
    Computation took 282.538729 ms
    Reading took     257.221000 us
  Sample 51...
Starting computation...
    Writing took     7.782892 ms
    Computation took 285.759174 ms
    Reading took     279.915000 us
  Sample 52...
Starting computation...
    Writing took     6.853759 ms
    Computation took 281.863254 ms
    Reading took     243.449000 us
  Sample 53...
Starting computation...
    Writing took     6.302753 ms
    Computation took 282.516067 ms
    Reading took     242.464000 us
  Sample 54...
Starting computation...
    Writing took     6.332597 ms
    Computation took 281.559097 ms
    Reading took     246.111000 us
  Sample 55...
Starting computation...
    Writing took     6.315177 ms
    Computation took 280.830952 ms
    Reading took     241.480000 us
  Sample 56...
Starting computation...
    Writing took     6.314947 ms
    Computation took 280.671352 ms
    Reading took     242.933000 us
  Sample 57...
Starting computation...
    Writing took     7.175843 ms
    Computation took 280.799618 ms
    Reading took     244.668000 us
  Sample 58...
Starting computation...
    Writing took     7.070481 ms
    Computation took 280.438629 ms
    Reading took     242.272000 us
  Sample 59...
Starting computation...
    Writing took     6.306741 ms
    Computation took 280.192738 ms
    Reading took     241.267000 us
  Sample 60...
Starting computation...
    Writing took     6.301883 ms
    Computation took 281.045916 ms
    Reading took     241.227000 us
  Sample 61...
Starting computation...
    Writing took     7.803245 ms
    Computation took 283.427502 ms
    Reading took     242.126000 us
  Sample 62...
Starting computation...
    Writing took     6.299206 ms
    Computation took 283.139052 ms
    Reading took     241.102000 us
  Sample 63...
Starting computation...
    Writing took     6.294109 ms
    Computation took 282.525645 ms
    Reading took     242.816000 us
  Sample 64...
Starting computation...
    Writing took     6.356109 ms
    Computation took 281.393779 ms
    Reading took     366.800000 us
  Sample 65...
Starting computation...
    Writing took     9.747799 ms
    Computation took 280.846873 ms
    Reading took     237.642000 us
  Sample 66...
Starting computation...
    Writing took     6.102419 ms
    Computation took 280.545188 ms
    Reading took     265.791000 us
  Sample 67...
Starting computation...
    Writing took     6.106515 ms
    Computation took 281.586398 ms
    Reading took     253.727000 us
  Sample 68...
Starting computation...
    Writing took     6.305228 ms
    Computation took 282.627882 ms
    Reading took     361.002000 us
  Sample 69...
Starting computation...
    Writing took     9.605815 ms
    Computation took 281.575147 ms
    Reading took     258.357000 us
  Sample 70...
Starting computation...
    Writing took     6.864719 ms
    Computation took 280.472962 ms
    Reading took     259.460000 us
  Sample 71...
Starting computation...
    Writing took     6.830254 ms
    Computation took 280.469460 ms
    Reading took     248.519000 us
  Sample 72...
Starting computation...
    Writing took     8.420526 ms
    Computation took 281.556414 ms
    Reading took     241.541000 us
  Sample 73...
Starting computation...
    Writing took     6.391809 ms
    Computation took 283.500809 ms
    Reading took     415.145000 us
  Sample 74...
Starting computation...
    Writing took     9.720826 ms
    Computation took 282.634409 ms
    Reading took     242.824000 us
  Sample 75...
Starting computation...
    Writing took     6.325582 ms
    Computation took 281.599326 ms
    Reading took     241.877000 us
  Sample 76...
Starting computation...
    Writing took     6.302906 ms
    Computation took 280.723957 ms
    Reading took     267.077000 us
  Sample 77...
Starting computation...
    Writing took     6.842214 ms
    Computation took 281.039558 ms
    Reading took     243.016000 us
  Sample 78...
Starting computation...
    Writing took     6.299004 ms
    Computation took 284.670039 ms
    Reading took     447.697000 us
  Sample 79...
Starting computation...
    Writing took     7.712728 ms
    Computation took 281.964546 ms
    Reading took     233.652000 us
  Sample 80...
Starting computation...
    Writing took     6.786089 ms
    Computation took 281.520184 ms
    Reading took     355.912000 us
  Sample 81...
Starting computation...
    Writing took     6.999817 ms
    Computation took 280.939822 ms
    Reading took     232.385000 us
  Sample 82...
Starting computation...
    Writing took     6.422737 ms
    Computation took 280.929345 ms
    Reading took     275.990000 us
  Sample 83...
Starting computation...
    Writing took     7.985846 ms
    Computation took 280.518825 ms
    Reading took     219.945000 us
  Sample 84...
Starting computation...
    Writing took     6.066296 ms
    Computation took 282.197170 ms
    Reading took     229.424000 us
  Sample 85...
Starting computation...
    Writing took     6.295736 ms
    Computation took 285.093368 ms
    Reading took     250.080000 us
  Sample 86...
Starting computation...
    Writing took     6.167165 ms
    Computation took 282.956850 ms
    Reading took     228.965000 us
  Sample 87...
Starting computation...
    Writing took     6.248316 ms
    Computation took 282.303332 ms
    Reading took     234.428000 us
  Sample 88...
Starting computation...
    Writing took     7.298285 ms
    Computation took 281.005520 ms
    Reading took     228.848000 us
  Sample 89...
Starting computation...
    Writing took     6.302051 ms
    Computation took 280.859101 ms
    Reading took     265.197000 us
  Sample 90...
Starting computation...
    Writing took     6.369243 ms
    Computation took 280.698488 ms
    Reading took     228.978000 us
  Sample 91...
Starting computation...
    Writing took     6.263777 ms
    Computation took 280.376790 ms
    Reading took     316.800000 us
  Sample 92...
Starting computation...
    Writing took     9.467822 ms
    Computation took 280.150754 ms
    Reading took     228.181000 us
  Sample 93...
Starting computation...
    Writing took     6.283169 ms
    Computation took 280.265671 ms
    Reading took     229.016000 us
  Sample 94...
Starting computation...
    Writing took     6.283735 ms
    Computation took 282.202986 ms
    Reading took     219.252000 us
  Sample 95...
Starting computation...
    Writing took     6.025121 ms
    Computation took 285.466147 ms
    Reading took     227.883000 us
  Sample 96...
Starting computation...
    Writing took     6.287435 ms
    Computation took 284.133136 ms
    Reading took     228.639000 us
  Sample 97...
Starting computation...
    Writing took     6.274534 ms
    Computation took 283.460810 ms
    Reading took     220.726000 us
  Sample 98...
Starting computation...
    Writing took     6.051425 ms
    Computation took 282.800873 ms
    Reading took     206.203000 us
  Sample 99...
Starting computation...
    Writing took     5.631613 ms
    Computation took 281.987484 ms
    Reading took     229.504000 us
Mean computation time: 282.309951 ms
Mean deviation: 1.894008 ms (0.670897%)
Mean computation time (per hash): 3.321293 ms
Mean deviation (per hash): 22.282000 us
