Using device #0: CUDA Device 'GeForce GTX 1080 Ti'
  Sample 0...
Starting computation...
    Writing took     3.851875 ms
    Computation took 220.074673 ms
    Reading took     153.080000 us
  Sample 1...
Starting computation...
    Writing took     3.854455 ms
    Computation took 219.966903 ms
    Reading took     151.461000 us
  Sample 2...
Starting computation...
    Writing took     4.196058 ms
    Computation took 220.024417 ms
    Reading took     126.959000 us
  Sample 3...
Starting computation...
    Writing took     3.395174 ms
    Computation took 219.963879 ms
    Reading took     128.939000 us
  Sample 4...
Starting computation...
    Writing took     3.223929 ms
    Computation took 220.189062 ms
    Reading took     141.430000 us
  Sample 5...
Starting computation...
    Writing took     3.498317 ms
    Computation took 220.082615 ms
    Reading took     134.610000 us
  Sample 6...
Starting computation...
    Writing took     3.477845 ms
    Computation took 220.018511 ms
    Reading took     136.688000 us
  Sample 7...
Starting computation...
    Writing took     3.484373 ms
    Computation took 220.023342 ms
    Reading took     255.418000 us
  Sample 8...
Starting computation...
    Writing took     6.242079 ms
    Computation took 220.052633 ms
    Reading took     160.558000 us
  Sample 9...
Starting computation...
    Writing took     4.243517 ms
    Computation took 220.144384 ms
    Reading took     138.819000 us
  Sample 10...
Starting computation...
    Writing took     3.563242 ms
    Computation took 220.073240 ms
    Reading took     139.464000 us
  Sample 11...
Starting computation...
    Writing took     3.706755 ms
    Computation took 220.128389 ms
    Reading took     147.790000 us
  Sample 12...
Starting computation...
    Writing took     3.824226 ms
    Computation took 220.124981 ms
    Reading took     147.389000 us
  Sample 13...
Starting computation...
    Writing took     3.888590 ms
    Computation took 220.131348 ms
    Reading took     155.378000 us
  Sample 14...
Starting computation...
    Writing took     4.275902 ms
    Computation took 220.013232 ms
    Reading took     249.603000 us
  Sample 15...
Starting computation...
    Writing took     7.052577 ms
    Computation took 220.124200 ms
    Reading took     161.522000 us
  Sample 16...
Starting computation...
    Writing took     4.255575 ms
    Computation took 220.300004 ms
    Reading took     136.669000 us
  Sample 17...
Starting computation...
    Writing took     3.634114 ms
    Computation took 220.519203 ms
    Reading took     142.504000 us
  Sample 18...
Starting computation...
    Writing took     3.708650 ms
    Computation took 221.070097 ms
    Reading took     166.356000 us
  Sample 19...
Starting computation...
    Writing took     4.225295 ms
    Computation took 222.422980 ms
    Reading took     135.525000 us
  Sample 20...
Starting computation...
    Writing took     3.536476 ms
    Computation took 222.470309 ms
    Reading took     131.410000 us
  Sample 21...
Starting computation...
    Writing took     3.344532 ms
    Computation took 221.802728 ms
    Reading took     130.475000 us
  Sample 22...
Starting computation...
    Writing took     3.274552 ms
    Computation took 221.573714 ms
    Reading took     140.521000 us
  Sample 23...
Starting computation...
    Writing took     3.703857 ms
    Computation took 222.379203 ms
    Reading took     164.280000 us
  Sample 24...
Starting computation...
    Writing took     4.325236 ms
    Computation took 221.427119 ms
    Reading took     165.041000 us
  Sample 25...
Starting computation...
    Writing took     3.508988 ms
    Computation took 220.095258 ms
    Reading took     134.908000 us
  Sample 26...
Starting computation...
    Writing took     3.494512 ms
    Computation took 220.816239 ms
    Reading took     153.484000 us
  Sample 27...
Starting computation...
    Writing took     3.441819 ms
    Computation took 221.844694 ms
    Reading took     135.630000 us
  Sample 28...
Starting computation...
    Writing took     3.501859 ms
    Computation took 223.129771 ms
    Reading took     130.412000 us
  Sample 29...
Starting computation...
    Writing took     3.252398 ms
    Computation took 224.336305 ms
    Reading took     198.316000 us
  Sample 30...
Starting computation...
    Writing took     3.379883 ms
    Computation took 225.899079 ms
    Reading took     133.584000 us
  Sample 31...
Starting computation...
    Writing took     3.364761 ms
    Computation took 226.190252 ms
    Reading took     130.499000 us
  Sample 32...
Starting computation...
    Writing took     3.483754 ms
    Computation took 224.404657 ms
    Reading took     234.242000 us
  Sample 33...
Starting computation...
    Writing took     7.346681 ms
    Computation took 221.927815 ms
    Reading took     240.970000 us
  Sample 34...
Starting computation...
    Writing took     6.612425 ms
    Computation took 221.186786 ms
    Reading took     162.042000 us
  Sample 35...
Starting computation...
    Writing took     4.252322 ms
    Computation took 220.610364 ms
    Reading took     164.946000 us
  Sample 36...
Starting computation...
    Writing took     4.287168 ms
    Computation took 221.140666 ms
    Reading took     162.698000 us
  Sample 37...
Starting computation...
    Writing took     4.209529 ms
    Computation took 222.180669 ms
    Reading took     131.316000 us
  Sample 38...
Starting computation...
    Writing took     3.291561 ms
    Computation took 224.298719 ms
    Reading took     176.994000 us
  Sample 39...
Starting computation...
    Writing took     3.925384 ms
    Computation took 225.539176 ms
    Reading took     172.138000 us
  Sample 40...
Starting computation...
    Writing took     3.536653 ms
    Computation took 226.601148 ms
    Reading took     138.984000 us
  Sample 41...
Starting computation...
    Writing took     3.393040 ms
    Computation took 225.761356 ms
    Reading took     140.933000 us
  Sample 42...
Starting computation...
    Writing took     3.595224 ms
    Computation took 225.014332 ms
    Reading took     232.462000 us
  Sample 43...
Starting computation...
    Writing took     5.841353 ms
    Computation took 223.059481 ms
    Reading took     137.680000 us
  Sample 44...
Starting computation...
    Writing took     3.324648 ms
    Computation took 221.419556 ms
    Reading took     142.922000 us
  Sample 45...
Starting computation...
    Writing took     3.444378 ms
    Computation took 222.793195 ms
    Reading took     135.609000 us
  Sample 46...
Starting computation...
    Writing took     3.320577 ms
    Computation took 225.157219 ms
    Reading took     147.457000 us
  Sample 47...
Starting computation...
    Writing took     3.680451 ms
    Computation took 228.312113 ms
    Reading took     151.378000 us
  Sample 48...
Starting computation...
    Writing took     3.848114 ms
    Computation took 228.817790 ms
    Reading took     136.637000 us
  Sample 49...
Starting computation...
    Writing took     3.458441 ms
    Computation took 227.482414 ms
    Reading took     147.542000 us
  Sample 50...
Starting computation...
    Writing took     3.664727 ms
    Computation took 224.354362 ms
    Reading took     147.212000 us
  Sample 51...
Starting computation...
    Writing took     3.687512 ms
    Computation took 223.863581 ms
    Reading took     138.432000 us
  Sample 52...
Starting computation...
    Writing took     3.298645 ms
    Computation took 222.833290 ms
    Reading took     142.694000 us
  Sample 53...
Starting computation...
    Writing took     3.634306 ms
    Computation took 221.255530 ms
    Reading took     137.608000 us
  Sample 54...
Starting computation...
    Writing took     3.520976 ms
    Computation took 221.195746 ms
    Reading took     146.276000 us
  Sample 55...
Starting computation...
    Writing took     3.864707 ms
    Computation took 225.235551 ms
    Reading took     150.690000 us
  Sample 56...
Starting computation...
    Writing took     4.024682 ms
    Computation took 227.811993 ms
    Reading took     148.885000 us
  Sample 57...
Starting computation...
    Writing took     3.959540 ms
    Computation took 227.544821 ms
    Reading took     162.030000 us
  Sample 58...
Starting computation...
    Writing took     4.238932 ms
    Computation took 225.772002 ms
    Reading took     145.084000 us
  Sample 59...
Starting computation...
    Writing took     3.766417 ms
    Computation took 224.546543 ms
    Reading took     150.541000 us
  Sample 60...
Starting computation...
    Writing took     3.951714 ms
    Computation took 222.931084 ms
    Reading took     155.763000 us
  Sample 61...
Starting computation...
    Writing took     3.648792 ms
    Computation took 221.118895 ms
    Reading took     148.077000 us
  Sample 62...
Starting computation...
    Writing took     3.294713 ms
    Computation took 221.403660 ms
    Reading took     131.236000 us
  Sample 63...
Starting computation...
    Writing took     3.301303 ms
    Computation took 222.539299 ms
    Reading took     159.308000 us
  Sample 64...
Starting computation...
    Writing took     3.490681 ms
    Computation took 224.187558 ms
    Reading took     245.644000 us
  Sample 65...
Starting computation...
    Writing took     7.101543 ms
    Computation took 223.523749 ms
    Reading took     161.980000 us
  Sample 66...
Starting computation...
    Writing took     4.302383 ms
    Computation took 223.214098 ms
    Reading took     165.431000 us
  Sample 67...
Starting computation...
    Writing took     4.278846 ms
    Computation took 223.478785 ms
    Reading took     163.081000 us
  Sample 68...
Starting computation...
    Writing took     4.296052 ms
    Computation took 223.489337 ms
    Reading took     160.718000 us
  Sample 69...
Starting computation...
    Writing took     4.357128 ms
    Computation took 223.327812 ms
    Reading took     161.752000 us
  Sample 70...
Starting computation...
    Writing took     4.283581 ms
    Computation took 223.916001 ms
    Reading took     164.926000 us
  Sample 71...
Starting computation...
    Writing took     4.322226 ms
    Computation took 225.061120 ms
    Reading took     164.767000 us
  Sample 72...
Starting computation...
    Writing took     4.323417 ms
    Computation took 224.596672 ms
    Reading took     162.305000 us
  Sample 73...
Starting computation...
    Writing took     5.276106 ms
    Computation took 224.780766 ms
    Reading took     188.700000 us
  Sample 74...
Starting computation...
    Writing took     4.308817 ms
    Computation took 222.673241 ms
    Reading took     174.033000 us
  Sample 75...
Starting computation...
    Writing took     4.226244 ms
    Computation took 222.525121 ms
    Reading took     163.101000 us
  Sample 76...
Starting computation...
    Writing took     4.316392 ms
    Computation took 222.448782 ms
    Reading took     252.741000 us
  Sample 77...
Starting computation...
    Writing took     7.122500 ms
    Computation took 221.723814 ms
    Reading took     159.680000 us
  Sample 78...
Starting computation...
    Writing took     4.248848 ms
    Computation took 222.779053 ms
    Reading took     161.947000 us
  Sample 79...
Starting computation...
    Writing took     4.360756 ms
    Computation took 223.749822 ms
    Reading took     161.051000 us
  Sample 80...
Starting computation...
    Writing took     4.254589 ms
    Computation took 224.319433 ms
    Reading took     165.579000 us
  Sample 81...
Starting computation...
    Writing took     4.316186 ms
    Computation took 225.212376 ms
    Reading took     138.361000 us
  Sample 82...
Starting computation...
    Writing took     3.265579 ms
    Computation took 224.467821 ms
    Reading took     188.418000 us
  Sample 83...
Starting computation...
    Writing took     4.839325 ms
    Computation took 223.948897 ms
    Reading took     146.310000 us
  Sample 84...
Starting computation...
    Writing took     3.859012 ms
    Computation took 223.855724 ms
    Reading took     143.327000 us
  Sample 85...
Starting computation...
    Writing took     3.562345 ms
    Computation took 223.014759 ms
    Reading took     148.491000 us
  Sample 86...
Starting computation...
    Writing took     3.887409 ms
    Computation took 221.475702 ms
    Reading took     156.804000 us
  Sample 87...
Starting computation...
    Writing took     4.145411 ms
    Computation took 221.885628 ms
    Reading took     160.961000 us
  Sample 88...
Starting computation...
    Writing took     4.225274 ms
    Computation took 223.623372 ms
    Reading took     161.403000 us
  Sample 89...
Starting computation...
    Writing took     4.225641 ms
    Computation took 224.186165 ms
    Reading took     159.502000 us
  Sample 90...
Starting computation...
    Writing took     4.241769 ms
    Computation took 225.129745 ms
    Reading took     161.414000 us
  Sample 91...
Starting computation...
    Writing took     4.261433 ms
    Computation took 224.577667 ms
    Reading took     164.424000 us
  Sample 92...
Starting computation...
    Writing took     4.253298 ms
    Computation took 224.090053 ms
    Reading took     128.335000 us
  Sample 93...
Starting computation...
    Writing took     3.341832 ms
    Computation took 225.061733 ms
    Reading took     134.454000 us
  Sample 94...
Starting computation...
    Writing took     3.477760 ms
    Computation took 224.276635 ms
    Reading took     138.335000 us
  Sample 95...
Starting computation...
    Writing took     3.525146 ms
    Computation took 223.998209 ms
    Reading took     132.681000 us
  Sample 96...
Starting computation...
    Writing took     3.331339 ms
    Computation took 223.795149 ms
    Reading took     143.968000 us
  Sample 97...
Starting computation...
    Writing took     3.749253 ms
    Computation took 223.294634 ms
    Reading took     137.752000 us
  Sample 98...
Starting computation...
    Writing took     3.575850 ms
    Computation took 225.010103 ms
    Reading took     136.705000 us
  Sample 99...
Starting computation...
    Writing took     3.612509 ms
    Computation took 226.858766 ms
    Reading took     211.136000 us
Mean computation time: 223.030848 ms
Mean deviation: 1.812448 ms (0.812645%)
Mean computation time (per hash): 3.912821 ms
Mean deviation (per hash): 31.797000 us
