Using device #0: CUDA Device 'GeForce GTX 1080 Ti'
  Sample 0...
Starting computation...
    Writing took     4.060690 ms
    Computation took 217.040723 ms
    Reading took     103.956000 us
  Sample 1...
Starting computation...
    Writing took     2.489536 ms
    Computation took 216.834090 ms
    Reading took     97.217000 us
  Sample 2...
Starting computation...
    Writing took     2.392627 ms
    Computation took 216.854037 ms
    Reading took     97.760000 us
  Sample 3...
Starting computation...
    Writing took     2.472689 ms
    Computation took 216.913230 ms
    Reading took     146.468000 us
  Sample 4...
Starting computation...
    Writing took     3.818610 ms
    Computation took 216.897592 ms
    Reading took     115.419000 us
  Sample 5...
Starting computation...
    Writing took     3.129237 ms
    Computation took 216.952562 ms
    Reading took     107.464000 us
  Sample 6...
Starting computation...
    Writing took     2.948426 ms
    Computation took 216.895779 ms
    Reading took     68.683000 us
  Sample 7...
Starting computation...
    Writing took     1.698797 ms
    Computation took 216.856892 ms
    Reading took     65.933000 us
  Sample 8...
Starting computation...
    Writing took     1.786029 ms
    Computation took 216.893726 ms
    Reading took     98.051000 us
  Sample 9...
Starting computation...
    Writing took     2.473031 ms
    Computation took 216.897144 ms
    Reading took     98.245000 us
  Sample 10...
Starting computation...
    Writing took     2.488468 ms
    Computation took 216.882134 ms
    Reading took     94.443000 us
  Sample 11...
Starting computation...
    Writing took     2.305070 ms
    Computation took 216.926035 ms
    Reading took     92.418000 us
  Sample 12...
Starting computation...
    Writing took     2.271962 ms
    Computation took 216.864894 ms
    Reading took     92.197000 us
  Sample 13...
Starting computation...
    Writing took     2.268341 ms
    Computation took 216.924370 ms
    Reading took     93.300000 us
  Sample 14...
Starting computation...
    Writing took     2.261871 ms
    Computation took 216.881433 ms
    Reading took     95.154000 us
  Sample 15...
Starting computation...
    Writing took     2.263580 ms
    Computation took 216.934524 ms
    Reading took     91.038000 us
  Sample 16...
Starting computation...
    Writing took     2.290487 ms
    Computation took 216.893371 ms
    Reading took     91.549000 us
  Sample 17...
Starting computation...
    Writing took     2.302716 ms
    Computation took 216.888315 ms
    Reading took     91.220000 us
  Sample 18...
Starting computation...
    Writing took     2.268724 ms
    Computation took 216.885545 ms
    Reading took     93.035000 us
  Sample 19...
Starting computation...
    Writing took     2.246961 ms
    Computation took 216.900026 ms
    Reading took     98.204000 us
  Sample 20...
Starting computation...
    Writing took     2.253026 ms
    Computation took 216.900390 ms
    Reading took     100.339000 us
  Sample 21...
Starting computation...
    Writing took     2.268704 ms
    Computation took 216.855162 ms
    Reading took     94.776000 us
  Sample 22...
Starting computation...
    Writing took     2.294123 ms
    Computation took 216.880991 ms
    Reading took     90.958000 us
  Sample 23...
Starting computation...
    Writing took     2.269149 ms
    Computation took 216.920375 ms
    Reading took     94.663000 us
  Sample 24...
Starting computation...
    Writing took     2.251641 ms
    Computation took 216.837208 ms
    Reading took     138.163000 us
  Sample 25...
Starting computation...
    Writing took     3.761668 ms
    Computation took 216.903930 ms
    Reading took     75.561000 us
  Sample 26...
Starting computation...
    Writing took     1.761422 ms
    Computation took 216.848403 ms
    Reading took     73.834000 us
  Sample 27...
Starting computation...
    Writing took     1.709698 ms
    Computation took 216.823429 ms
    Reading took     94.992000 us
  Sample 28...
Starting computation...
    Writing took     1.903569 ms
    Computation took 216.810927 ms
    Reading took     74.802000 us
  Sample 29...
Starting computation...
    Writing took     1.745069 ms
    Computation took 216.805607 ms
    Reading took     74.558000 us
  Sample 30...
Starting computation...
    Writing took     1.740478 ms
    Computation took 216.858194 ms
    Reading took     75.734000 us
  Sample 31...
Starting computation...
    Writing took     1.867443 ms
    Computation took 216.863046 ms
    Reading took     72.734000 us
  Sample 32...
Starting computation...
    Writing took     1.693575 ms
    Computation took 216.845324 ms
    Reading took     72.548000 us
  Sample 33...
Starting computation...
    Writing took     1.695572 ms
    Computation took 216.841074 ms
    Reading took     75.598000 us
  Sample 34...
Starting computation...
    Writing took     1.778313 ms
    Computation took 216.815897 ms
    Reading took     128.550000 us
  Sample 35...
Starting computation...
    Writing took     3.329982 ms
    Computation took 216.851439 ms
    Reading took     79.925000 us
  Sample 36...
Starting computation...
    Writing took     1.820693 ms
    Computation took 216.853075 ms
    Reading took     77.630000 us
  Sample 37...
Starting computation...
    Writing took     1.754171 ms
    Computation took 216.858550 ms
    Reading took     73.288000 us
  Sample 38...
Starting computation...
    Writing took     1.698389 ms
    Computation took 216.855677 ms
    Reading took     79.829000 us
  Sample 39...
Starting computation...
    Writing took     1.857042 ms
    Computation took 216.874644 ms
    Reading took     129.080000 us
  Sample 40...
Starting computation...
    Writing took     3.366604 ms
    Computation took 216.877793 ms
    Reading took     73.882000 us
  Sample 41...
Starting computation...
    Writing took     1.692092 ms
    Computation took 216.835855 ms
    Reading took     77.897000 us
  Sample 42...
Starting computation...
    Writing took     1.836256 ms
    Computation took 216.839887 ms
    Reading took     82.715000 us
  Sample 43...
Starting computation...
    Writing took     2.049380 ms
    Computation took 216.856011 ms
    Reading took     78.799000 us
  Sample 44...
Starting computation...
    Writing took     1.905913 ms
    Computation took 216.887296 ms
    Reading took     87.747000 us
  Sample 45...
Starting computation...
    Writing took     2.235903 ms
    Computation took 216.890208 ms
    Reading took     85.809000 us
  Sample 46...
Starting computation...
    Writing took     2.238780 ms
    Computation took 216.926539 ms
    Reading took     85.345000 us
  Sample 47...
Starting computation...
    Writing took     2.240919 ms
    Computation took 216.850898 ms
    Reading took     85.889000 us
  Sample 48...
Starting computation...
    Writing took     2.260009 ms
    Computation took 216.943705 ms
    Reading took     85.054000 us
  Sample 49...
Starting computation...
    Writing took     2.252674 ms
    Computation took 216.902263 ms
    Reading took     85.674000 us
  Sample 50...
Starting computation...
    Writing took     2.239717 ms
    Computation took 216.823228 ms
    Reading took     84.947000 us
  Sample 51...
Starting computation...
    Writing took     2.235974 ms
    Computation took 216.861694 ms
    Reading took     83.954000 us
  Sample 52...
Starting computation...
    Writing took     2.241595 ms
    Computation took 216.891426 ms
    Reading took     129.939000 us
  Sample 53...
Starting computation...
    Writing took     2.652081 ms
    Computation took 216.865849 ms
    Reading took     143.958000 us
  Sample 54...
Starting computation...
    Writing took     3.843937 ms
    Computation took 216.893750 ms
    Reading took     79.903000 us
  Sample 55...
Starting computation...
    Writing took     1.889536 ms
    Computation took 216.877237 ms
    Reading took     83.184000 us
  Sample 56...
Starting computation...
    Writing took     2.084113 ms
    Computation took 216.865853 ms
    Reading took     79.240000 us
  Sample 57...
Starting computation...
    Writing took     1.883222 ms
    Computation took 216.876535 ms
    Reading took     76.557000 us
  Sample 58...
Starting computation...
    Writing took     1.755802 ms
    Computation took 216.890724 ms
    Reading took     91.139000 us
  Sample 59...
Starting computation...
    Writing took     2.323958 ms
    Computation took 216.883797 ms
    Reading took     69.162000 us
  Sample 60...
Starting computation...
    Writing took     1.760704 ms
    Computation took 216.885287 ms
    Reading took     73.463000 us
  Sample 61...
Starting computation...
    Writing took     1.876708 ms
    Computation took 216.829480 ms
    Reading took     102.524000 us
  Sample 62...
Starting computation...
    Writing took     2.109247 ms
    Computation took 216.833538 ms
    Reading took     68.606000 us
  Sample 63...
Starting computation...
    Writing took     1.802447 ms
    Computation took 216.882123 ms
    Reading took     92.589000 us
  Sample 64...
Starting computation...
    Writing took     2.460249 ms
    Computation took 216.873079 ms
    Reading took     92.238000 us
  Sample 65...
Starting computation...
    Writing took     2.431119 ms
    Computation took 216.869807 ms
    Reading took     85.685000 us
  Sample 66...
Starting computation...
    Writing took     2.235991 ms
    Computation took 216.881234 ms
    Reading took     90.243000 us
  Sample 67...
Starting computation...
    Writing took     2.220772 ms
    Computation took 216.922686 ms
    Reading took     84.509000 us
  Sample 68...
Starting computation...
    Writing took     2.250800 ms
    Computation took 216.908097 ms
    Reading took     139.355000 us
  Sample 69...
Starting computation...
    Writing took     3.758017 ms
    Computation took 216.866542 ms
    Reading took     84.021000 us
  Sample 70...
Starting computation...
    Writing took     2.218712 ms
    Computation took 216.811064 ms
    Reading took     84.773000 us
  Sample 71...
Starting computation...
    Writing took     2.261627 ms
    Computation took 216.939862 ms
    Reading took     74.019000 us
  Sample 72...
Starting computation...
    Writing took     1.728398 ms
    Computation took 216.876912 ms
    Reading took     68.214000 us
  Sample 73...
Starting computation...
    Writing took     2.205232 ms
    Computation took 216.854326 ms
    Reading took     68.677000 us
  Sample 74...
Starting computation...
    Writing took     2.145906 ms
    Computation took 216.853239 ms
    Reading took     93.981000 us
  Sample 75...
Starting computation...
    Writing took     2.475010 ms
    Computation took 216.855873 ms
    Reading took     75.352000 us
  Sample 76...
Starting computation...
    Writing took     1.883111 ms
    Computation took 216.901212 ms
    Reading took     73.462000 us
  Sample 77...
Starting computation...
    Writing took     1.766032 ms
    Computation took 216.868475 ms
    Reading took     74.690000 us
  Sample 78...
Starting computation...
    Writing took     1.952367 ms
    Computation took 216.858220 ms
    Reading took     72.758000 us
  Sample 79...
Starting computation...
    Writing took     1.965817 ms
    Computation took 216.890696 ms
    Reading took     87.561000 us
  Sample 80...
Starting computation...
    Writing took     2.000318 ms
    Computation took 216.822691 ms
    Reading took     74.042000 us
  Sample 81...
Starting computation...
    Writing took     1.842786 ms
    Computation took 216.888548 ms
    Reading took     93.976000 us
  Sample 82...
Starting computation...
    Writing took     2.301836 ms
    Computation took 216.764972 ms
    Reading took     91.801000 us
  Sample 83...
Starting computation...
    Writing took     2.307697 ms
    Computation took 216.839504 ms
    Reading took     92.039000 us
  Sample 84...
Starting computation...
    Writing took     2.306865 ms
    Computation took 216.875874 ms
    Reading took     96.036000 us
  Sample 85...
Starting computation...
    Writing took     2.263441 ms
    Computation took 216.862808 ms
    Reading took     94.863000 us
  Sample 86...
Starting computation...
    Writing took     2.262304 ms
    Computation took 216.888210 ms
    Reading took     95.874000 us
  Sample 87...
Starting computation...
    Writing took     2.256881 ms
    Computation took 216.916450 ms
    Reading took     93.207000 us
  Sample 88...
Starting computation...
    Writing took     2.276044 ms
    Computation took 216.880974 ms
    Reading took     93.724000 us
  Sample 89...
Starting computation...
    Writing took     2.295170 ms
    Computation took 216.858719 ms
    Reading took     77.876000 us
  Sample 90...
Starting computation...
    Writing took     1.754642 ms
    Computation took 216.782158 ms
    Reading took     74.240000 us
  Sample 91...
Starting computation...
    Writing took     1.695335 ms
    Computation took 216.855404 ms
    Reading took     75.892000 us
  Sample 92...
Starting computation...
    Writing took     1.859375 ms
    Computation took 216.865132 ms
    Reading took     76.275000 us
  Sample 93...
Starting computation...
    Writing took     1.756428 ms
    Computation took 216.824435 ms
    Reading took     71.523000 us
  Sample 94...
Starting computation...
    Writing took     1.694198 ms
    Computation took 216.818114 ms
    Reading took     80.460000 us
  Sample 95...
Starting computation...
    Writing took     1.906321 ms
    Computation took 216.850542 ms
    Reading took     76.464000 us
  Sample 96...
Starting computation...
    Writing took     1.751813 ms
    Computation took 216.852081 ms
    Reading took     73.871000 us
  Sample 97...
Starting computation...
    Writing took     1.707908 ms
    Computation took 216.879796 ms
    Reading took     80.190000 us
  Sample 98...
Starting computation...
    Writing took     1.901468 ms
    Computation took 216.886477 ms
    Reading took     79.875000 us
  Sample 99...
Starting computation...
    Writing took     1.897756 ms
    Computation took 216.807243 ms
    Reading took     79.899000 us
Mean computation time: 216.871421 ms
Mean deviation: 28.690000 us (0.013229%)
Mean computation time (per hash): 7.229046 ms
Mean deviation (per hash): 956 ns
