Using device #0: CUDA Device 'GeForce GTX 1080 Ti'
  Sample 0...
Starting computation...
    Writing took     5.956495 ms
    Computation took 228.097933 ms
    Reading took     143.570000 us
  Sample 1...
Starting computation...
    Writing took     4.252145 ms
    Computation took 227.751891 ms
    Reading took     139.440000 us
  Sample 2...
Starting computation...
    Writing took     3.828326 ms
    Computation took 227.659347 ms
    Reading took     141.940000 us
  Sample 3...
Starting computation...
    Writing took     3.744880 ms
    Computation took 227.795700 ms
    Reading took     139.183000 us
  Sample 4...
Starting computation...
    Writing took     3.803601 ms
    Computation took 227.816302 ms
    Reading took     116.640000 us
  Sample 5...
Starting computation...
    Writing took     3.142591 ms
    Computation took 227.837404 ms
    Reading took     122.015000 us
  Sample 6...
Starting computation...
    Writing took     3.262348 ms
    Computation took 228.060990 ms
    Reading took     129.008000 us
  Sample 7...
Starting computation...
    Writing took     3.332854 ms
    Computation took 227.913132 ms
    Reading took     129.715000 us
  Sample 8...
Starting computation...
    Writing took     3.481451 ms
    Computation took 227.707852 ms
    Reading took     189.104000 us
  Sample 9...
Starting computation...
    Writing took     4.705931 ms
    Computation took 227.635641 ms
    Reading took     121.996000 us
  Sample 10...
Starting computation...
    Writing took     2.936709 ms
    Computation took 228.619256 ms
    Reading took     116.761000 us
  Sample 11...
Starting computation...
    Writing took     2.866403 ms
    Computation took 227.983176 ms
    Reading took     120.498000 us
  Sample 12...
Starting computation...
    Writing took     2.929522 ms
    Computation took 228.105112 ms
    Reading took     122.106000 us
  Sample 13...
Starting computation...
    Writing took     2.912857 ms
    Computation took 227.550539 ms
    Reading took     114.868000 us
  Sample 14...
Starting computation...
    Writing took     2.642537 ms
    Computation took 227.916627 ms
    Reading took     126.369000 us
  Sample 15...
Starting computation...
    Writing took     3.063379 ms
    Computation took 227.839971 ms
    Reading took     116.030000 us
  Sample 16...
Starting computation...
    Writing took     2.790434 ms
    Computation took 227.803893 ms
    Reading took     121.649000 us
  Sample 17...
Starting computation...
    Writing took     2.872861 ms
    Computation took 228.033633 ms
    Reading took     124.584000 us
  Sample 18...
Starting computation...
    Writing took     3.055742 ms
    Computation took 228.170708 ms
    Reading took     122.749000 us
  Sample 19...
Starting computation...
    Writing took     3.044440 ms
    Computation took 227.569089 ms
    Reading took     153.797000 us
  Sample 20...
Starting computation...
    Writing took     3.993630 ms
    Computation took 227.847256 ms
    Reading took     149.669000 us
  Sample 21...
Starting computation...
    Writing took     3.849126 ms
    Computation took 227.731715 ms
    Reading took     212.384000 us
  Sample 22...
Starting computation...
    Writing took     5.905009 ms
    Computation took 227.540540 ms
    Reading took     140.364000 us
  Sample 23...
Starting computation...
    Writing took     3.506768 ms
    Computation took 227.742232 ms
    Reading took     139.296000 us
  Sample 24...
Starting computation...
    Writing took     3.552488 ms
    Computation took 230.096044 ms
    Reading took     205.190000 us
  Sample 25...
Starting computation...
    Writing took     3.973806 ms
    Computation took 227.704396 ms
    Reading took     148.710000 us
  Sample 26...
Starting computation...
    Writing took     3.529742 ms
    Computation took 228.032398 ms
    Reading took     139.639000 us
  Sample 27...
Starting computation...
    Writing took     3.494910 ms
    Computation took 227.780884 ms
    Reading took     222.511000 us
  Sample 28...
Starting computation...
    Writing took     5.348542 ms
    Computation took 227.901300 ms
    Reading took     141.676000 us
  Sample 29...
Starting computation...
    Writing took     3.531204 ms
    Computation took 227.687283 ms
    Reading took     141.578000 us
  Sample 30...
Starting computation...
    Writing took     3.521791 ms
    Computation took 227.715248 ms
    Reading took     156.945000 us
  Sample 31...
Starting computation...
    Writing took     3.490882 ms
    Computation took 227.990517 ms
    Reading took     144.270000 us
  Sample 32...
Starting computation...
    Writing took     3.487308 ms
    Computation took 227.559943 ms
    Reading took     139.588000 us
  Sample 33...
Starting computation...
    Writing took     3.517990 ms
    Computation took 227.751266 ms
    Reading took     152.903000 us
  Sample 34...
Starting computation...
    Writing took     3.556498 ms
    Computation took 228.107214 ms
    Reading took     141.143000 us
  Sample 35...
Starting computation...
    Writing took     3.543365 ms
    Computation took 227.809684 ms
    Reading took     139.400000 us
  Sample 36...
Starting computation...
    Writing took     3.558025 ms
    Computation took 228.650003 ms
    Reading took     143.370000 us
  Sample 37...
Starting computation...
    Writing took     4.521980 ms
    Computation took 228.220906 ms
    Reading took     122.534000 us
  Sample 38...
Starting computation...
    Writing took     3.093304 ms
    Computation took 227.616875 ms
    Reading took     120.414000 us
  Sample 39...
Starting computation...
    Writing took     3.047465 ms
    Computation took 227.626021 ms
    Reading took     120.166000 us
  Sample 40...
Starting computation...
    Writing took     2.841883 ms
    Computation took 227.871038 ms
    Reading took     127.157000 us
  Sample 41...
Starting computation...
    Writing took     3.149524 ms
    Computation took 227.555989 ms
    Reading took     126.300000 us
  Sample 42...
Starting computation...
    Writing took     4.542409 ms
    Computation took 227.754297 ms
    Reading took     138.330000 us
  Sample 43...
Starting computation...
    Writing took     3.533901 ms
    Computation took 227.969435 ms
    Reading took     141.913000 us
  Sample 44...
Starting computation...
    Writing took     3.566484 ms
    Computation took 227.705155 ms
    Reading took     145.362000 us
  Sample 45...
Starting computation...
    Writing took     3.542376 ms
    Computation took 229.584775 ms
    Reading took     140.589000 us
  Sample 46...
Starting computation...
    Writing took     3.518312 ms
    Computation took 228.601295 ms
    Reading took     140.674000 us
  Sample 47...
Starting computation...
    Writing took     3.523671 ms
    Computation took 227.692854 ms
    Reading took     139.942000 us
  Sample 48...
Starting computation...
    Writing took     3.517292 ms
    Computation took 227.923837 ms
    Reading took     139.269000 us
  Sample 49...
Starting computation...
    Writing took     3.542898 ms
    Computation took 227.861739 ms
    Reading took     150.724000 us
  Sample 50...
Starting computation...
    Writing took     3.317082 ms
    Computation took 228.207444 ms
    Reading took     155.877000 us
  Sample 51...
Starting computation...
    Writing took     3.556705 ms
    Computation took 227.581112 ms
    Reading took     139.540000 us
  Sample 52...
Starting computation...
    Writing took     3.522080 ms
    Computation took 229.670590 ms
    Reading took     138.088000 us
  Sample 53...
Starting computation...
    Writing took     3.550903 ms
    Computation took 227.842140 ms
    Reading took     138.914000 us
  Sample 54...
Starting computation...
    Writing took     3.562408 ms
    Computation took 227.784488 ms
    Reading took     138.613000 us
  Sample 55...
Starting computation...
    Writing took     3.579591 ms
    Computation took 227.955524 ms
    Reading took     139.199000 us
  Sample 56...
Starting computation...
    Writing took     3.547950 ms
    Computation took 227.938442 ms
    Reading took     139.353000 us
  Sample 57...
Starting computation...
    Writing took     3.529959 ms
    Computation took 227.803217 ms
    Reading took     141.211000 us
  Sample 58...
Starting computation...
    Writing took     3.505717 ms
    Computation took 227.710965 ms
    Reading took     158.244000 us
  Sample 59...
Starting computation...
    Writing took     3.486958 ms
    Computation took 227.865433 ms
    Reading took     138.904000 us
  Sample 60...
Starting computation...
    Writing took     3.468282 ms
    Computation took 228.045532 ms
    Reading took     138.324000 us
  Sample 61...
Starting computation...
    Writing took     3.510759 ms
    Computation took 227.487818 ms
    Reading took     140.634000 us
  Sample 62...
Starting computation...
    Writing took     3.496757 ms
    Computation took 230.516040 ms
    Reading took     188.737000 us
  Sample 63...
Starting computation...
    Writing took     4.872608 ms
    Computation took 228.070427 ms
    Reading took     115.814000 us
  Sample 64...
Starting computation...
    Writing took     2.658261 ms
    Computation took 227.965217 ms
    Reading took     132.052000 us
  Sample 65...
Starting computation...
    Writing took     4.928800 ms
    Computation took 228.048236 ms
    Reading took     130.041000 us
  Sample 66...
Starting computation...
    Writing took     3.515897 ms
    Computation took 227.860668 ms
    Reading took     130.466000 us
  Sample 67...
Starting computation...
    Writing took     3.496810 ms
    Computation took 227.810026 ms
    Reading took     131.485000 us
  Sample 68...
Starting computation...
    Writing took     3.507830 ms
    Computation took 227.700355 ms
    Reading took     197.720000 us
  Sample 69...
Starting computation...
    Writing took     5.923627 ms
    Computation took 229.569170 ms
    Reading took     129.111000 us
  Sample 70...
Starting computation...
    Writing took     3.507793 ms
    Computation took 227.954210 ms
    Reading took     104.945000 us
  Sample 71...
Starting computation...
    Writing took     2.705470 ms
    Computation took 228.244450 ms
    Reading took     207.001000 us
  Sample 72...
Starting computation...
    Writing took     5.810301 ms
    Computation took 227.897418 ms
    Reading took     204.926000 us
  Sample 73...
Starting computation...
    Writing took     5.951988 ms
    Computation took 227.551844 ms
    Reading took     130.496000 us
  Sample 74...
Starting computation...
    Writing took     3.575061 ms
    Computation took 227.510588 ms
    Reading took     183.838000 us
  Sample 75...
Starting computation...
    Writing took     5.775556 ms
    Computation took 227.961453 ms
    Reading took     129.016000 us
  Sample 76...
Starting computation...
    Writing took     3.567190 ms
    Computation took 227.696942 ms
    Reading took     131.580000 us
  Sample 77...
Starting computation...
    Writing took     3.565240 ms
    Computation took 227.678363 ms
    Reading took     132.720000 us
  Sample 78...
Starting computation...
    Writing took     3.586953 ms
    Computation took 228.008346 ms
    Reading took     127.169000 us
  Sample 79...
Starting computation...
    Writing took     3.503586 ms
    Computation took 227.861386 ms
    Reading took     129.918000 us
  Sample 80...
Starting computation...
    Writing took     3.489944 ms
    Computation took 228.077511 ms
    Reading took     130.542000 us
  Sample 81...
Starting computation...
    Writing took     3.499603 ms
    Computation took 228.204476 ms
    Reading took     128.366000 us
  Sample 82...
Starting computation...
    Writing took     3.493209 ms
    Computation took 228.026408 ms
    Reading took     130.257000 us
  Sample 83...
Starting computation...
    Writing took     3.479639 ms
    Computation took 228.101847 ms
    Reading took     130.766000 us
  Sample 84...
Starting computation...
    Writing took     3.494560 ms
    Computation took 227.669643 ms
    Reading took     137.495000 us
  Sample 85...
Starting computation...
    Writing took     3.464092 ms
    Computation took 227.753066 ms
    Reading took     112.904000 us
  Sample 86...
Starting computation...
    Writing took     5.214781 ms
    Computation took 228.079172 ms
    Reading took     129.629000 us
  Sample 87...
Starting computation...
    Writing took     3.479979 ms
    Computation took 228.093794 ms
    Reading took     132.107000 us
  Sample 88...
Starting computation...
    Writing took     3.475328 ms
    Computation took 227.699962 ms
    Reading took     130.050000 us
  Sample 89...
Starting computation...
    Writing took     3.486515 ms
    Computation took 227.745290 ms
    Reading took     106.478000 us
  Sample 90...
Starting computation...
    Writing took     2.767289 ms
    Computation took 227.520368 ms
    Reading took     110.494000 us
  Sample 91...
Starting computation...
    Writing took     2.914872 ms
    Computation took 227.839930 ms
    Reading took     114.116000 us
  Sample 92...
Starting computation...
    Writing took     2.897950 ms
    Computation took 228.815519 ms
    Reading took     138.011000 us
  Sample 93...
Starting computation...
    Writing took     2.738600 ms
    Computation took 227.922314 ms
    Reading took     105.400000 us
  Sample 94...
Starting computation...
    Writing took     2.785664 ms
    Computation took 227.691940 ms
    Reading took     114.331000 us
  Sample 95...
Starting computation...
    Writing took     3.070261 ms
    Computation took 228.430639 ms
    Reading took     110.722000 us
  Sample 96...
Starting computation...
    Writing took     2.883035 ms
    Computation took 227.643089 ms
    Reading took     118.069000 us
  Sample 97...
Starting computation...
    Writing took     2.968327 ms
    Computation took 227.701845 ms
    Reading took     106.338000 us
  Sample 98...
Starting computation...
    Writing took     2.918857 ms
    Computation took 227.989029 ms
    Reading took     114.376000 us
  Sample 99...
Starting computation...
    Writing took     3.076503 ms
    Computation took 227.964559 ms
    Reading took     114.065000 us
Mean computation time: 227.982685 ms
Mean deviation: 302.478000 us (0.132676%)
Mean computation time (per hash): 4.850694 ms
Mean deviation (per hash): 6.435000 us
