Using device #0: CUDA Device 'GeForce GTX 1080 Ti'
  Sample 0...
Starting computation...
    Writing took     6.009227 ms
    Computation took 249.979093 ms
    Reading took     190.974000 us
  Sample 1...
Starting computation...
    Writing took     5.340479 ms
    Computation took 251.192227 ms
    Reading took     190.689000 us
  Sample 2...
Starting computation...
    Writing took     4.567875 ms
    Computation took 251.798622 ms
    Reading took     183.656000 us
  Sample 3...
Starting computation...
    Writing took     4.594142 ms
    Computation took 252.218897 ms
    Reading took     247.887000 us
  Sample 4...
Starting computation...
    Writing took     7.625188 ms
    Computation took 250.790022 ms
    Reading took     186.547000 us
  Sample 5...
Starting computation...
    Writing took     4.893814 ms
    Computation took 250.282355 ms
    Reading took     182.451000 us
  Sample 6...
Starting computation...
    Writing took     4.901015 ms
    Computation took 250.841139 ms
    Reading took     422.320000 us
  Sample 7...
Starting computation...
    Writing took     11.021034 ms
    Computation took 251.364508 ms
    Reading took     247.043000 us
  Sample 8...
Starting computation...
    Writing took     5.970706 ms
    Computation took 250.668861 ms
    Reading took     253.670000 us
  Sample 9...
Starting computation...
    Writing took     6.031874 ms
    Computation took 251.156346 ms
    Reading took     191.882000 us
  Sample 10...
Starting computation...
    Writing took     4.452889 ms
    Computation took 250.902569 ms
    Reading took     184.890000 us
  Sample 11...
Starting computation...
    Writing took     4.637404 ms
    Computation took 251.823612 ms
    Reading took     364.068000 us
  Sample 12...
Starting computation...
    Writing took     9.515173 ms
    Computation took 251.648853 ms
    Reading took     228.679000 us
  Sample 13...
Starting computation...
    Writing took     6.142765 ms
    Computation took 251.792646 ms
    Reading took     239.051000 us
  Sample 14...
Starting computation...
    Writing took     6.033475 ms
    Computation took 252.354540 ms
    Reading took     228.860000 us
  Sample 15...
Starting computation...
    Writing took     5.958625 ms
    Computation took 252.173658 ms
    Reading took     191.009000 us
  Sample 16...
Starting computation...
    Writing took     5.031506 ms
    Computation took 252.351889 ms
    Reading took     202.963000 us
  Sample 17...
Starting computation...
    Writing took     8.342485 ms
    Computation took 251.436882 ms
    Reading took     232.896000 us
  Sample 18...
Starting computation...
    Writing took     6.444339 ms
    Computation took 251.363639 ms
    Reading took     221.465000 us
  Sample 19...
Starting computation...
    Writing took     4.731754 ms
    Computation took 251.612942 ms
    Reading took     184.777000 us
  Sample 20...
Starting computation...
    Writing took     4.633481 ms
    Computation took 251.691130 ms
    Reading took     219.385000 us
  Sample 21...
Starting computation...
    Writing took     5.010963 ms
    Computation took 251.747935 ms
    Reading took     200.520000 us
  Sample 22...
Starting computation...
    Writing took     4.372072 ms
    Computation took 252.702221 ms
    Reading took     189.301000 us
  Sample 23...
Starting computation...
    Writing took     4.658565 ms
    Computation took 252.886065 ms
    Reading took     195.456000 us
  Sample 24...
Starting computation...
    Writing took     5.127152 ms
    Computation took 253.487759 ms
    Reading took     197.051000 us
  Sample 25...
Starting computation...
    Writing took     5.380497 ms
    Computation took 252.517653 ms
    Reading took     184.951000 us
  Sample 26...
Starting computation...
    Writing took     4.392450 ms
    Computation took 253.466433 ms
    Reading took     183.080000 us
  Sample 27...
Starting computation...
    Writing took     4.679036 ms
    Computation took 254.502044 ms
    Reading took     190.917000 us
  Sample 28...
Starting computation...
    Writing took     4.765093 ms
    Computation took 256.403871 ms
    Reading took     194.405000 us
  Sample 29...
Starting computation...
    Writing took     4.973713 ms
    Computation took 258.881786 ms
    Reading took     418.243000 us
  Sample 30...
Starting computation...
    Writing took     10.993643 ms
    Computation took 254.169298 ms
    Reading took     229.720000 us
  Sample 31...
Starting computation...
    Writing took     6.016882 ms
    Computation took 252.344741 ms
    Reading took     229.509000 us
  Sample 32...
Starting computation...
    Writing took     5.988080 ms
    Computation took 251.737340 ms
    Reading took     188.679000 us
  Sample 33...
Starting computation...
    Writing took     4.881534 ms
    Computation took 251.706763 ms
    Reading took     189.350000 us
  Sample 34...
Starting computation...
    Writing took     4.731435 ms
    Computation took 252.943072 ms
    Reading took     185.663000 us
  Sample 35...
Starting computation...
    Writing took     4.571889 ms
    Computation took 253.634063 ms
    Reading took     185.113000 us
  Sample 36...
Starting computation...
    Writing took     4.401990 ms
    Computation took 253.138568 ms
    Reading took     193.991000 us
  Sample 37...
Starting computation...
    Writing took     4.927722 ms
    Computation took 253.004084 ms
    Reading took     220.197000 us
  Sample 38...
Starting computation...
    Writing took     7.320227 ms
    Computation took 253.197315 ms
    Reading took     217.106000 us
  Sample 39...
Starting computation...
    Writing took     5.012925 ms
    Computation took 255.483466 ms
    Reading took     196.487000 us
  Sample 40...
Starting computation...
    Writing took     4.887057 ms
    Computation took 255.576274 ms
    Reading took     185.287000 us
  Sample 41...
Starting computation...
    Writing took     4.614111 ms
    Computation took 255.054030 ms
    Reading took     187.002000 us
  Sample 42...
Starting computation...
    Writing took     4.551885 ms
    Computation took 254.229024 ms
    Reading took     182.841000 us
  Sample 43...
Starting computation...
    Writing took     4.624351 ms
    Computation took 251.237459 ms
    Reading took     184.692000 us
  Sample 44...
Starting computation...
    Writing took     4.810806 ms
    Computation took 250.798601 ms
    Reading took     208.044000 us
  Sample 45...
Starting computation...
    Writing took     4.876189 ms
    Computation took 251.368716 ms
    Reading took     189.022000 us
  Sample 46...
Starting computation...
    Writing took     4.831396 ms
    Computation took 252.294996 ms
    Reading took     184.395000 us
  Sample 47...
Starting computation...
    Writing took     4.584116 ms
    Computation took 252.642748 ms
    Reading took     199.607000 us
  Sample 48...
Starting computation...
    Writing took     5.058876 ms
    Computation took 253.193820 ms
    Reading took     193.272000 us
  Sample 49...
Starting computation...
    Writing took     4.945042 ms
    Computation took 253.197087 ms
    Reading took     197.152000 us
  Sample 50...
Starting computation...
    Writing took     5.110079 ms
    Computation took 253.698680 ms
    Reading took     193.128000 us
  Sample 51...
Starting computation...
    Writing took     4.958220 ms
    Computation took 253.843728 ms
    Reading took     218.722000 us
  Sample 52...
Starting computation...
    Writing took     5.985240 ms
    Computation took 253.037994 ms
    Reading took     162.580000 us
  Sample 53...
Starting computation...
    Writing took     4.265995 ms
    Computation took 251.717202 ms
    Reading took     162.640000 us
  Sample 54...
Starting computation...
    Writing took     4.315039 ms
    Computation took 251.470617 ms
    Reading took     171.605000 us
  Sample 55...
Starting computation...
    Writing took     4.579838 ms
    Computation took 251.999745 ms
    Reading took     161.107000 us
  Sample 56...
Starting computation...
    Writing took     4.222801 ms
    Computation took 253.265288 ms
    Reading took     162.821000 us
  Sample 57...
Starting computation...
    Writing took     4.286136 ms
    Computation took 253.057462 ms
    Reading took     157.400000 us
  Sample 58...
Starting computation...
    Writing took     4.295607 ms
    Computation took 251.380188 ms
    Reading took     162.859000 us
  Sample 59...
Starting computation...
    Writing took     4.305287 ms
    Computation took 250.811096 ms
    Reading took     162.208000 us
  Sample 60...
Starting computation...
    Writing took     4.408755 ms
    Computation took 251.498593 ms
    Reading took     163.728000 us
  Sample 61...
Starting computation...
    Writing took     4.324691 ms
    Computation took 252.035141 ms
    Reading took     170.931000 us
  Sample 62...
Starting computation...
    Writing took     4.502476 ms
    Computation took 252.134304 ms
    Reading took     173.640000 us
  Sample 63...
Starting computation...
    Writing took     4.817283 ms
    Computation took 252.322884 ms
    Reading took     169.700000 us
  Sample 64...
Starting computation...
    Writing took     4.316151 ms
    Computation took 252.546665 ms
    Reading took     160.924000 us
  Sample 65...
Starting computation...
    Writing took     4.252530 ms
    Computation took 252.608871 ms
    Reading took     242.351000 us
  Sample 66...
Starting computation...
    Writing took     6.570992 ms
    Computation took 253.086027 ms
    Reading took     222.326000 us
  Sample 67...
Starting computation...
    Writing took     5.973357 ms
    Computation took 251.662599 ms
    Reading took     218.653000 us
  Sample 68...
Starting computation...
    Writing took     5.951584 ms
    Computation took 251.763524 ms
    Reading took     167.606000 us
  Sample 69...
Starting computation...
    Writing took     4.353290 ms
    Computation took 252.203453 ms
    Reading took     174.819000 us
  Sample 70...
Starting computation...
    Writing took     4.449475 ms
    Computation took 255.013666 ms
    Reading took     170.545000 us
  Sample 71...
Starting computation...
    Writing took     4.562000 ms
    Computation took 255.060530 ms
    Reading took     163.239000 us
  Sample 72...
Starting computation...
    Writing took     4.296084 ms
    Computation took 254.710180 ms
    Reading took     171.217000 us
  Sample 73...
Starting computation...
    Writing took     4.543010 ms
    Computation took 252.920279 ms
    Reading took     163.438000 us
  Sample 74...
Starting computation...
    Writing took     4.241316 ms
    Computation took 252.009772 ms
    Reading took     178.175000 us
  Sample 75...
Starting computation...
    Writing took     4.837567 ms
    Computation took 250.560812 ms
    Reading took     173.363000 us
  Sample 76...
Starting computation...
    Writing took     4.230650 ms
    Computation took 250.619576 ms
    Reading took     159.847000 us
  Sample 77...
Starting computation...
    Writing took     4.161473 ms
    Computation took 250.947348 ms
    Reading took     194.562000 us
  Sample 78...
Starting computation...
    Writing took     5.050912 ms
    Computation took 251.191749 ms
    Reading took     176.532000 us
  Sample 79...
Starting computation...
    Writing took     5.267017 ms
    Computation took 251.422839 ms
    Reading took     192.487000 us
  Sample 80...
Starting computation...
    Writing took     4.988360 ms
    Computation took 251.419287 ms
    Reading took     180.942000 us
  Sample 81...
Starting computation...
    Writing took     5.126662 ms
    Computation took 251.482727 ms
    Reading took     204.779000 us
  Sample 82...
Starting computation...
    Writing took     5.023109 ms
    Computation took 251.895503 ms
    Reading took     215.002000 us
  Sample 83...
Starting computation...
    Writing took     5.280350 ms
    Computation took 252.577875 ms
    Reading took     177.094000 us
  Sample 84...
Starting computation...
    Writing took     5.250861 ms
    Computation took 252.549502 ms
    Reading took     226.076000 us
  Sample 85...
Starting computation...
    Writing took     5.406175 ms
    Computation took 252.421623 ms
    Reading took     210.506000 us
  Sample 86...
Starting computation...
    Writing took     5.319407 ms
    Computation took 252.539714 ms
    Reading took     190.553000 us
  Sample 87...
Starting computation...
    Writing took     5.109559 ms
    Computation took 253.241761 ms
    Reading took     181.448000 us
  Sample 88...
Starting computation...
    Writing took     8.832456 ms
    Computation took 253.401249 ms
    Reading took     202.308000 us
  Sample 89...
Starting computation...
    Writing took     6.289403 ms
    Computation took 254.395259 ms
    Reading took     209.119000 us
  Sample 90...
Starting computation...
    Writing took     5.880272 ms
    Computation took 252.096734 ms
    Reading took     218.553000 us
  Sample 91...
Starting computation...
    Writing took     7.001332 ms
    Computation took 252.240475 ms
    Reading took     307.318000 us
  Sample 92...
Starting computation...
    Writing took     5.777339 ms
    Computation took 251.879921 ms
    Reading took     298.166000 us
  Sample 93...
Starting computation...
    Writing took     6.505891 ms
    Computation took 251.734161 ms
    Reading took     189.682000 us
  Sample 94...
Starting computation...
    Writing took     5.027841 ms
    Computation took 252.012357 ms
    Reading took     172.340000 us
  Sample 95...
Starting computation...
    Writing took     4.553497 ms
    Computation took 252.752260 ms
    Reading took     182.787000 us
  Sample 96...
Starting computation...
    Writing took     4.940517 ms
    Computation took 253.194882 ms
    Reading took     201.757000 us
  Sample 97...
Starting computation...
    Writing took     5.483732 ms
    Computation took 252.866753 ms
    Reading took     231.957000 us
  Sample 98...
Starting computation...
    Writing took     6.245655 ms
    Computation took 252.196799 ms
    Reading took     239.151000 us
  Sample 99...
Starting computation...
    Writing took     5.940986 ms
    Computation took 251.431487 ms
    Reading took     241.180000 us
Mean computation time: 252.459228 ms
Mean deviation: 1.027834 ms (0.407129%)
Mean computation time (per hash): 3.411610 ms
Mean deviation (per hash): 13.889000 us
