Using device #0: CUDA Device 'GeForce GTX 1080 Ti'
  Sample 0...
Starting computation...
    Writing took     3.554092 ms
    Computation took 221.551221 ms
    Reading took     157.973000 us
  Sample 1...
Starting computation...
    Writing took     3.859789 ms
    Computation took 221.583214 ms
    Reading took     155.383000 us
  Sample 2...
Starting computation...
    Writing took     3.878267 ms
    Computation took 221.236219 ms
    Reading took     152.610000 us
  Sample 3...
Starting computation...
    Writing took     3.856233 ms
    Computation took 221.428495 ms
    Reading took     149.666000 us
  Sample 4...
Starting computation...
    Writing took     3.700551 ms
    Computation took 222.041669 ms
    Reading took     152.033000 us
  Sample 5...
Starting computation...
    Writing took     3.734960 ms
    Computation took 222.221688 ms
    Reading took     151.465000 us
  Sample 6...
Starting computation...
    Writing took     3.742414 ms
    Computation took 222.870789 ms
    Reading took     153.417000 us
  Sample 7...
Starting computation...
    Writing took     3.873010 ms
    Computation took 222.534527 ms
    Reading took     154.548000 us
  Sample 8...
Starting computation...
    Writing took     3.873154 ms
    Computation took 223.493404 ms
    Reading took     165.582000 us
  Sample 9...
Starting computation...
    Writing took     4.000010 ms
    Computation took 224.644455 ms
    Reading took     184.722000 us
  Sample 10...
Starting computation...
    Writing took     4.743923 ms
    Computation took 224.545244 ms
    Reading took     156.756000 us
  Sample 11...
Starting computation...
    Writing took     4.430037 ms
    Computation took 224.463733 ms
    Reading took     140.805000 us
  Sample 12...
Starting computation...
    Writing took     3.404204 ms
    Computation took 224.778516 ms
    Reading took     163.581000 us
  Sample 13...
Starting computation...
    Writing took     3.729888 ms
    Computation took 224.606662 ms
    Reading took     147.784000 us
  Sample 14...
Starting computation...
    Writing took     3.440492 ms
    Computation took 224.697268 ms
    Reading took     147.193000 us
  Sample 15...
Starting computation...
    Writing took     3.568268 ms
    Computation took 224.418926 ms
    Reading took     178.252000 us
  Sample 16...
Starting computation...
    Writing took     3.991468 ms
    Computation took 223.457255 ms
    Reading took     148.543000 us
  Sample 17...
Starting computation...
    Writing took     3.573914 ms
    Computation took 223.465395 ms
    Reading took     142.899000 us
  Sample 18...
Starting computation...
    Writing took     3.546340 ms
    Computation took 222.643297 ms
    Reading took     146.307000 us
  Sample 19...
Starting computation...
    Writing took     4.032398 ms
    Computation took 222.525605 ms
    Reading took     174.834000 us
  Sample 20...
Starting computation...
    Writing took     3.591865 ms
    Computation took 223.098936 ms
    Reading took     278.704000 us
  Sample 21...
Starting computation...
    Writing took     8.108074 ms
    Computation took 222.892686 ms
    Reading took     171.729000 us
  Sample 22...
Starting computation...
    Writing took     6.280191 ms
    Computation took 221.922224 ms
    Reading took     171.319000 us
  Sample 23...
Starting computation...
    Writing took     4.384021 ms
    Computation took 221.740289 ms
    Reading took     171.319000 us
  Sample 24...
Starting computation...
    Writing took     4.406580 ms
    Computation took 222.148357 ms
    Reading took     139.771000 us
  Sample 25...
Starting computation...
    Writing took     3.445795 ms
    Computation took 222.924648 ms
    Reading took     247.530000 us
  Sample 26...
Starting computation...
    Writing took     7.385768 ms
    Computation took 222.948730 ms
    Reading took     131.289000 us
  Sample 27...
Starting computation...
    Writing took     3.363766 ms
    Computation took 223.523414 ms
    Reading took     158.386000 us
  Sample 28...
Starting computation...
    Writing took     3.536254 ms
    Computation took 224.979325 ms
    Reading took     136.993000 us
  Sample 29...
Starting computation...
    Writing took     3.606594 ms
    Computation took 226.759248 ms
    Reading took     160.494000 us
  Sample 30...
Starting computation...
    Writing took     4.313937 ms
    Computation took 227.172641 ms
    Reading took     161.343000 us
  Sample 31...
Starting computation...
    Writing took     4.306829 ms
    Computation took 227.898432 ms
    Reading took     159.697000 us
  Sample 32...
Starting computation...
    Writing took     4.330601 ms
    Computation took 226.675072 ms
    Reading took     131.516000 us
  Sample 33...
Starting computation...
    Writing took     3.375387 ms
    Computation took 224.532093 ms
    Reading took     135.215000 us
  Sample 34...
Starting computation...
    Writing took     3.585872 ms
    Computation took 224.462112 ms
    Reading took     127.592000 us
  Sample 35...
Starting computation...
    Writing took     3.410511 ms
    Computation took 224.169911 ms
    Reading took     128.259000 us
  Sample 36...
Starting computation...
    Writing took     3.351712 ms
    Computation took 224.736909 ms
    Reading took     147.853000 us
  Sample 37...
Starting computation...
    Writing took     3.682289 ms
    Computation took 225.000926 ms
    Reading took     140.689000 us
  Sample 38...
Starting computation...
    Writing took     4.291482 ms
    Computation took 224.572444 ms
    Reading took     163.313000 us
  Sample 39...
Starting computation...
    Writing took     4.415065 ms
    Computation took 224.442707 ms
    Reading took     160.307000 us
  Sample 40...
Starting computation...
    Writing took     4.337912 ms
    Computation took 224.068631 ms
    Reading took     159.162000 us
  Sample 41...
Starting computation...
    Writing took     4.318104 ms
    Computation took 222.859024 ms
    Reading took     161.853000 us
  Sample 42...
Starting computation...
    Writing took     4.335941 ms
    Computation took 222.728977 ms
    Reading took     128.079000 us
  Sample 43...
Starting computation...
    Writing took     3.369204 ms
    Computation took 223.180651 ms
    Reading took     127.358000 us
  Sample 44...
Starting computation...
    Writing took     3.419249 ms
    Computation took 223.527063 ms
    Reading took     134.309000 us
  Sample 45...
Starting computation...
    Writing took     3.533392 ms
    Computation took 224.497392 ms
    Reading took     147.667000 us
  Sample 46...
Starting computation...
    Writing took     3.412047 ms
    Computation took 224.885196 ms
    Reading took     145.018000 us
  Sample 47...
Starting computation...
    Writing took     3.886884 ms
    Computation took 225.134035 ms
    Reading took     129.296000 us
  Sample 48...
Starting computation...
    Writing took     3.317551 ms
    Computation took 225.803846 ms
    Reading took     127.008000 us
  Sample 49...
Starting computation...
    Writing took     3.280211 ms
    Computation took 225.163429 ms
    Reading took     154.525000 us
  Sample 50...
Starting computation...
    Writing took     3.622720 ms
    Computation took 223.455556 ms
    Reading took     296.122000 us
  Sample 51...
Starting computation...
    Writing took     7.987870 ms
    Computation took 223.267833 ms
    Reading took     174.218000 us
  Sample 52...
Starting computation...
    Writing took     4.712519 ms
    Computation took 222.873668 ms
    Reading took     173.840000 us
  Sample 53...
Starting computation...
    Writing took     4.717068 ms
    Computation took 224.227557 ms
    Reading took     130.919000 us
  Sample 54...
Starting computation...
    Writing took     3.359567 ms
    Computation took 225.716728 ms
    Reading took     134.193000 us
  Sample 55...
Starting computation...
    Writing took     3.471759 ms
    Computation took 226.614238 ms
    Reading took     250.101000 us
  Sample 56...
Starting computation...
    Writing took     7.216743 ms
    Computation took 226.701913 ms
    Reading took     165.871000 us
  Sample 57...
Starting computation...
    Writing took     4.311827 ms
    Computation took 225.525293 ms
    Reading took     159.928000 us
  Sample 58...
Starting computation...
    Writing took     4.326095 ms
    Computation took 224.510393 ms
    Reading took     161.560000 us
  Sample 59...
Starting computation...
    Writing took     4.304893 ms
    Computation took 223.621464 ms
    Reading took     159.275000 us
  Sample 60...
Starting computation...
    Writing took     4.304047 ms
    Computation took 222.454796 ms
    Reading took     160.104000 us
  Sample 61...
Starting computation...
    Writing took     4.352833 ms
    Computation took 222.947893 ms
    Reading took     160.153000 us
  Sample 62...
Starting computation...
    Writing took     5.355871 ms
    Computation took 224.717150 ms
    Reading took     160.306000 us
  Sample 63...
Starting computation...
    Writing took     4.323664 ms
    Computation took 228.172769 ms
    Reading took     213.583000 us
  Sample 64...
Starting computation...
    Writing took     4.604448 ms
    Computation took 227.441231 ms
    Reading took     160.854000 us
  Sample 65...
Starting computation...
    Writing took     4.321697 ms
    Computation took 225.336812 ms
    Reading took     161.162000 us
  Sample 66...
Starting computation...
    Writing took     4.822492 ms
    Computation took 224.694269 ms
    Reading took     166.179000 us
  Sample 67...
Starting computation...
    Writing took     4.320875 ms
    Computation took 224.864200 ms
    Reading took     221.183000 us
  Sample 68...
Starting computation...
    Writing took     5.946906 ms
    Computation took 224.007901 ms
    Reading took     160.035000 us
  Sample 69...
Starting computation...
    Writing took     4.301251 ms
    Computation took 224.192530 ms
    Reading took     166.974000 us
  Sample 70...
Starting computation...
    Writing took     4.322840 ms
    Computation took 224.934510 ms
    Reading took     162.520000 us
  Sample 71...
Starting computation...
    Writing took     4.327189 ms
    Computation took 224.334150 ms
    Reading took     161.001000 us
  Sample 72...
Starting computation...
    Writing took     4.322143 ms
    Computation took 224.728575 ms
    Reading took     150.188000 us
  Sample 73...
Starting computation...
    Writing took     3.314936 ms
    Computation took 224.610558 ms
    Reading took     129.091000 us
  Sample 74...
Starting computation...
    Writing took     3.364270 ms
    Computation took 224.370031 ms
    Reading took     130.239000 us
  Sample 75...
Starting computation...
    Writing took     3.300727 ms
    Computation took 224.460511 ms
    Reading took     159.308000 us
  Sample 76...
Starting computation...
    Writing took     3.847250 ms
    Computation took 224.387480 ms
    Reading took     253.227000 us
  Sample 77...
Starting computation...
    Writing took     7.340164 ms
    Computation took 224.839485 ms
    Reading took     164.607000 us
  Sample 78...
Starting computation...
    Writing took     4.343640 ms
    Computation took 224.959423 ms
    Reading took     160.509000 us
  Sample 79...
Starting computation...
    Writing took     4.345016 ms
    Computation took 224.938893 ms
    Reading took     164.421000 us
  Sample 80...
Starting computation...
    Writing took     4.321409 ms
    Computation took 225.036419 ms
    Reading took     159.964000 us
  Sample 81...
Starting computation...
    Writing took     4.371653 ms
    Computation took 225.216738 ms
    Reading took     140.426000 us
  Sample 82...
Starting computation...
    Writing took     3.811007 ms
    Computation took 225.550754 ms
    Reading took     149.199000 us
  Sample 83...
Starting computation...
    Writing took     3.980450 ms
    Computation took 225.712054 ms
    Reading took     157.198000 us
  Sample 84...
Starting computation...
    Writing took     3.797123 ms
    Computation took 225.192803 ms
    Reading took     170.380000 us
  Sample 85...
Starting computation...
    Writing took     3.294452 ms
    Computation took 224.410420 ms
    Reading took     238.278000 us
  Sample 86...
Starting computation...
    Writing took     6.459284 ms
    Computation took 225.012402 ms
    Reading took     162.246000 us
  Sample 87...
Starting computation...
    Writing took     4.333673 ms
    Computation took 228.024043 ms
    Reading took     161.295000 us
  Sample 88...
Starting computation...
    Writing took     4.317104 ms
    Computation took 229.642884 ms
    Reading took     163.571000 us
  Sample 89...
Starting computation...
    Writing took     4.337039 ms
    Computation took 228.743654 ms
    Reading took     128.422000 us
  Sample 90...
Starting computation...
    Writing took     3.331311 ms
    Computation took 226.566151 ms
    Reading took     136.817000 us
  Sample 91...
Starting computation...
    Writing took     3.639081 ms
    Computation took 225.335908 ms
    Reading took     139.169000 us
  Sample 92...
Starting computation...
    Writing took     3.673738 ms
    Computation took 223.944455 ms
    Reading took     145.474000 us
  Sample 93...
Starting computation...
    Writing took     3.885855 ms
    Computation took 222.011795 ms
    Reading took     127.655000 us
  Sample 94...
Starting computation...
    Writing took     3.317604 ms
    Computation took 221.840908 ms
    Reading took     129.281000 us
  Sample 95...
Starting computation...
    Writing took     3.495158 ms
    Computation took 222.225767 ms
    Reading took     150.744000 us
  Sample 96...
Starting computation...
    Writing took     3.309858 ms
    Computation took 223.113692 ms
    Reading took     136.720000 us
  Sample 97...
Starting computation...
    Writing took     3.660739 ms
    Computation took 223.499546 ms
    Reading took     137.010000 us
  Sample 98...
Starting computation...
    Writing took     3.655205 ms
    Computation took 223.349499 ms
    Reading took     141.245000 us
  Sample 99...
Starting computation...
    Writing took     3.536432 ms
    Computation took 224.312674 ms
    Reading took     155.169000 us
Mean computation time: 224.323073 ms
Mean deviation: 1.241627 ms (0.553499%)
Mean computation time (per hash): 3.867638 ms
Mean deviation (per hash): 21.407000 us
