Using device #0: CUDA Device 'GeForce GTX 1080 Ti'
  Sample 0...
Starting computation...
    Writing took     7.879027 ms
    Computation took 329.486918 ms
    Reading took     277.997000 us
  Sample 1...
Starting computation...
    Writing took     7.905884 ms
    Computation took 328.249101 ms
    Reading took     296.713000 us
  Sample 2...
Starting computation...
    Writing took     8.608771 ms
    Computation took 328.109732 ms
    Reading took     309.885000 us
  Sample 3...
Starting computation...
    Writing took     8.806396 ms
    Computation took 329.874140 ms
    Reading took     273.947000 us
  Sample 4...
Starting computation...
    Writing took     7.913706 ms
    Computation took 335.173248 ms
    Reading took     273.347000 us
  Sample 5...
Starting computation...
    Writing took     7.911913 ms
    Computation took 334.341936 ms
    Reading took     284.161000 us
  Sample 6...
Starting computation...
    Writing took     7.883075 ms
    Computation took 333.486370 ms
    Reading took     327.937000 us
  Sample 7...
Starting computation...
    Writing took     9.091520 ms
    Computation took 331.369208 ms
    Reading took     455.718000 us
  Sample 8...
Starting computation...
    Writing took     9.359962 ms
    Computation took 328.772673 ms
    Reading took     271.676000 us
  Sample 9...
Starting computation...
    Writing took     8.115799 ms
    Computation took 328.192316 ms
    Reading took     271.882000 us
  Sample 10...
Starting computation...
    Writing took     7.911544 ms
    Computation took 326.028227 ms
    Reading took     283.114000 us
  Sample 11...
Starting computation...
    Writing took     7.917998 ms
    Computation took 324.974105 ms
    Reading took     402.295000 us
  Sample 12...
Starting computation...
    Writing took     13.234468 ms
    Computation took 323.929619 ms
    Reading took     275.027000 us
  Sample 13...
Starting computation...
    Writing took     8.149338 ms
    Computation took 323.846604 ms
    Reading took     272.463000 us
  Sample 14...
Starting computation...
    Writing took     7.877984 ms
    Computation took 324.370632 ms
    Reading took     317.035000 us
  Sample 15...
Starting computation...
    Writing took     9.067930 ms
    Computation took 324.360991 ms
    Reading took     261.759000 us
  Sample 16...
Starting computation...
    Writing took     7.668488 ms
    Computation took 323.742217 ms
    Reading took     274.597000 us
  Sample 17...
Starting computation...
    Writing took     7.903525 ms
    Computation took 324.646142 ms
    Reading took     270.444000 us
  Sample 18...
Starting computation...
    Writing took     7.912889 ms
    Computation took 324.611590 ms
    Reading took     264.582000 us
  Sample 19...
Starting computation...
    Writing took     7.940358 ms
    Computation took 323.422417 ms
    Reading took     273.550000 us
  Sample 20...
Starting computation...
    Writing took     7.966652 ms
    Computation took 324.224379 ms
    Reading took     294.470000 us
  Sample 21...
Starting computation...
    Writing took     7.921939 ms
    Computation took 324.386137 ms
    Reading took     311.837000 us
  Sample 22...
Starting computation...
    Writing took     10.984767 ms
    Computation took 324.358222 ms
    Reading took     306.691000 us
  Sample 23...
Starting computation...
    Writing took     7.953620 ms
    Computation took 324.232301 ms
    Reading took     404.413000 us
  Sample 24...
Starting computation...
    Writing took     9.521790 ms
    Computation took 323.427345 ms
    Reading took     391.530000 us
  Sample 25...
Starting computation...
    Writing took     10.522406 ms
    Computation took 324.492101 ms
    Reading took     404.397000 us
  Sample 26...
Starting computation...
    Writing took     11.069420 ms
    Computation took 324.315440 ms
    Reading took     289.702000 us
  Sample 27...
Starting computation...
    Writing took     7.934480 ms
    Computation took 324.190133 ms
    Reading took     290.387000 us
  Sample 28...
Starting computation...
    Writing took     7.958990 ms
    Computation took 325.122475 ms
    Reading took     289.900000 us
  Sample 29...
Starting computation...
    Writing took     7.957153 ms
    Computation took 327.419643 ms
    Reading took     291.800000 us
  Sample 30...
Starting computation...
    Writing took     7.972482 ms
    Computation took 327.754998 ms
    Reading took     291.838000 us
  Sample 31...
Starting computation...
    Writing took     7.953596 ms
    Computation took 326.966385 ms
    Reading took     290.086000 us
  Sample 32...
Starting computation...
    Writing took     8.550460 ms
    Computation took 326.844989 ms
    Reading took     284.598000 us
  Sample 33...
Starting computation...
    Writing took     7.706192 ms
    Computation took 327.625947 ms
    Reading took     322.202000 us
  Sample 34...
Starting computation...
    Writing took     10.022474 ms
    Computation took 327.202915 ms
    Reading took     290.061000 us
  Sample 35...
Starting computation...
    Writing took     7.959289 ms
    Computation took 325.970927 ms
    Reading took     288.578000 us
  Sample 36...
Starting computation...
    Writing took     7.969429 ms
    Computation took 326.765468 ms
    Reading took     289.320000 us
  Sample 37...
Starting computation...
    Writing took     7.954743 ms
    Computation took 328.542609 ms
    Reading took     275.121000 us
  Sample 38...
Starting computation...
    Writing took     7.900810 ms
    Computation took 327.945438 ms
    Reading took     429.627000 us
  Sample 39...
Starting computation...
    Writing took     13.011526 ms
    Computation took 328.165437 ms
    Reading took     337.034000 us
  Sample 40...
Starting computation...
    Writing took     8.876447 ms
    Computation took 328.468829 ms
    Reading took     272.583000 us
  Sample 41...
Starting computation...
    Writing took     7.883368 ms
    Computation took 327.648259 ms
    Reading took     465.570000 us
  Sample 42...
Starting computation...
    Writing took     11.096501 ms
    Computation took 328.870089 ms
    Reading took     273.121000 us
  Sample 43...
Starting computation...
    Writing took     7.887442 ms
    Computation took 335.215587 ms
    Reading took     283.483000 us
  Sample 44...
Starting computation...
    Writing took     7.863571 ms
    Computation took 335.248296 ms
    Reading took     272.643000 us
  Sample 45...
Starting computation...
    Writing took     7.977187 ms
    Computation took 335.016465 ms
    Reading took     274.833000 us
  Sample 46...
Starting computation...
    Writing took     7.920572 ms
    Computation took 335.127705 ms
    Reading took     352.749000 us
  Sample 47...
Starting computation...
    Writing took     8.359135 ms
    Computation took 333.301098 ms
    Reading took     283.989000 us
  Sample 48...
Starting computation...
    Writing took     7.885574 ms
    Computation took 330.894335 ms
    Reading took     272.121000 us
  Sample 49...
Starting computation...
    Writing took     7.886862 ms
    Computation took 328.505016 ms
    Reading took     380.219000 us
  Sample 50...
Starting computation...
    Writing took     8.904708 ms
    Computation took 325.523349 ms
    Reading took     288.240000 us
  Sample 51...
Starting computation...
    Writing took     8.048588 ms
    Computation took 324.751652 ms
    Reading took     299.440000 us
  Sample 52...
Starting computation...
    Writing took     7.947219 ms
    Computation took 324.296686 ms
    Reading took     274.026000 us
  Sample 53...
Starting computation...
    Writing took     8.311337 ms
    Computation took 323.400910 ms
    Reading took     283.567000 us
  Sample 54...
Starting computation...
    Writing took     7.891539 ms
    Computation took 323.342929 ms
    Reading took     312.349000 us
  Sample 55...
Starting computation...
    Writing took     9.121509 ms
    Computation took 323.766907 ms
    Reading took     444.189000 us
  Sample 56...
Starting computation...
    Writing took     13.218867 ms
    Computation took 323.661638 ms
    Reading took     314.400000 us
  Sample 57...
Starting computation...
    Writing took     8.678794 ms
    Computation took 324.030225 ms
    Reading took     280.520000 us
  Sample 58...
Starting computation...
    Writing took     7.753485 ms
    Computation took 323.358434 ms
    Reading took     289.642000 us
  Sample 59...
Starting computation...
    Writing took     7.950330 ms
    Computation took 323.949039 ms
    Reading took     444.616000 us
  Sample 60...
Starting computation...
    Writing took     10.579251 ms
    Computation took 324.224976 ms
    Reading took     466.808000 us
  Sample 61...
Starting computation...
    Writing took     13.503766 ms
    Computation took 323.918747 ms
    Reading took     292.229000 us
  Sample 62...
Starting computation...
    Writing took     8.044462 ms
    Computation took 323.792298 ms
    Reading took     282.194000 us
  Sample 63...
Starting computation...
    Writing took     9.028727 ms
    Computation took 323.577383 ms
    Reading took     292.176000 us
  Sample 64...
Starting computation...
    Writing took     8.055162 ms
    Computation took 324.482968 ms
    Reading took     290.081000 us
  Sample 65...
Starting computation...
    Writing took     9.686896 ms
    Computation took 324.647804 ms
    Reading took     444.083000 us
  Sample 66...
Starting computation...
    Writing took     9.125627 ms
    Computation took 324.025344 ms
    Reading took     288.807000 us
  Sample 67...
Starting computation...
    Writing took     8.813742 ms
    Computation took 325.060154 ms
    Reading took     291.106000 us
  Sample 68...
Starting computation...
    Writing took     8.039414 ms
    Computation took 327.085752 ms
    Reading took     290.711000 us
  Sample 69...
Starting computation...
    Writing took     8.068210 ms
    Computation took 326.969774 ms
    Reading took     334.547000 us
  Sample 70...
Starting computation...
    Writing took     8.003860 ms
    Computation took 326.437033 ms
    Reading took     378.526000 us
  Sample 71...
Starting computation...
    Writing took     8.550794 ms
    Computation took 326.193214 ms
    Reading took     407.517000 us
  Sample 72...
Starting computation...
    Writing took     12.187057 ms
    Computation took 326.869598 ms
    Reading took     290.310000 us
  Sample 73...
Starting computation...
    Writing took     7.977205 ms
    Computation took 326.147951 ms
    Reading took     299.765000 us
  Sample 74...
Starting computation...
    Writing took     7.912769 ms
    Computation took 325.794564 ms
    Reading took     289.430000 us
  Sample 75...
Starting computation...
    Writing took     7.964833 ms
    Computation took 327.113678 ms
    Reading took     290.972000 us
  Sample 76...
Starting computation...
    Writing took     7.936809 ms
    Computation took 326.762865 ms
    Reading took     318.822000 us
  Sample 77...
Starting computation...
    Writing took     7.786228 ms
    Computation took 326.176040 ms
    Reading took     279.014000 us
  Sample 78...
Starting computation...
    Writing took     7.728747 ms
    Computation took 327.598233 ms
    Reading took     280.418000 us
  Sample 79...
Starting computation...
    Writing took     7.786772 ms
    Computation took 329.724847 ms
    Reading took     302.002000 us
  Sample 80...
Starting computation...
    Writing took     7.924068 ms
    Computation took 328.925449 ms
    Reading took     283.602000 us
  Sample 81...
Starting computation...
    Writing took     7.717356 ms
    Computation took 328.318883 ms
    Reading took     271.277000 us
  Sample 82...
Starting computation...
    Writing took     7.438004 ms
    Computation took 326.983292 ms
    Reading took     294.478000 us
  Sample 83...
Starting computation...
    Writing took     7.527413 ms
    Computation took 325.411567 ms
    Reading took     292.324000 us
  Sample 84...
Starting computation...
    Writing took     7.928214 ms
    Computation took 325.169641 ms
    Reading took     282.081000 us
  Sample 85...
Starting computation...
    Writing took     7.527496 ms
    Computation took 324.717685 ms
    Reading took     289.650000 us
  Sample 86...
Starting computation...
    Writing took     7.912143 ms
    Computation took 326.392670 ms
    Reading took     272.307000 us
  Sample 87...
Starting computation...
    Writing took     7.533622 ms
    Computation took 327.777980 ms
    Reading took     273.959000 us
  Sample 88...
Starting computation...
    Writing took     7.642063 ms
    Computation took 327.631623 ms
    Reading took     281.957000 us
  Sample 89...
Starting computation...
    Writing took     7.689579 ms
    Computation took 327.920647 ms
    Reading took     279.131000 us
  Sample 90...
Starting computation...
    Writing took     7.736157 ms
    Computation took 326.386955 ms
    Reading took     277.656000 us
  Sample 91...
Starting computation...
    Writing took     7.679652 ms
    Computation took 325.693455 ms
    Reading took     273.331000 us
  Sample 92...
Starting computation...
    Writing took     7.277012 ms
    Computation took 326.239919 ms
    Reading took     271.526000 us
  Sample 93...
Starting computation...
    Writing took     7.471564 ms
    Computation took 326.019739 ms
    Reading took     279.880000 us
  Sample 94...
Starting computation...
    Writing took     7.727756 ms
    Computation took 326.560424 ms
    Reading took     527.246000 us
  Sample 95...
Starting computation...
    Writing took     13.568542 ms
    Computation took 326.705947 ms
    Reading took     317.149000 us
  Sample 96...
Starting computation...
    Writing took     8.722238 ms
    Computation took 325.548234 ms
    Reading took     290.792000 us
  Sample 97...
Starting computation...
    Writing took     7.912611 ms
    Computation took 325.234736 ms
    Reading took     409.389000 us
  Sample 98...
Starting computation...
    Writing took     13.728873 ms
    Computation took 325.313403 ms
    Reading took     412.953000 us
  Sample 99...
Starting computation...
    Writing took     13.675768 ms
    Computation took 324.392039 ms
    Reading took     290.404000 us
Mean computation time: 326.732664 ms
Mean deviation: 2.215264 ms (0.678005%)
Mean computation time (per hash): 3.203260 ms
Mean deviation (per hash): 21.718000 us
