Using device #0: CUDA Device 'GeForce GTX 1080 Ti'
  Sample 0...
Starting computation...
    Writing took     3.426409 ms
    Computation took 201.245238 ms
    Reading took     140.544000 us
  Sample 1...
Starting computation...
    Writing took     3.354196 ms
    Computation took 201.691397 ms
    Reading took     136.645000 us
  Sample 2...
Starting computation...
    Writing took     3.363260 ms
    Computation took 202.282546 ms
    Reading took     241.970000 us
  Sample 3...
Starting computation...
    Writing took     6.323461 ms
    Computation took 202.136731 ms
    Reading took     133.772000 us
  Sample 4...
Starting computation...
    Writing took     3.296641 ms
    Computation took 201.596513 ms
    Reading took     138.243000 us
  Sample 5...
Starting computation...
    Writing took     3.340842 ms
    Computation took 201.718255 ms
    Reading took     130.058000 us
  Sample 6...
Starting computation...
    Writing took     3.201257 ms
    Computation took 201.705072 ms
    Reading took     123.531000 us
  Sample 7...
Starting computation...
    Writing took     3.049891 ms
    Computation took 202.662587 ms
    Reading took     142.126000 us
  Sample 8...
Starting computation...
    Writing took     3.429000 ms
    Computation took 203.442727 ms
    Reading took     131.582000 us
  Sample 9...
Starting computation...
    Writing took     3.201665 ms
    Computation took 203.053799 ms
    Reading took     134.550000 us
  Sample 10...
Starting computation...
    Writing took     3.329337 ms
    Computation took 203.420593 ms
    Reading took     131.496000 us
  Sample 11...
Starting computation...
    Writing took     3.139564 ms
    Computation took 203.660803 ms
    Reading took     132.305000 us
  Sample 12...
Starting computation...
    Writing took     3.345553 ms
    Computation took 204.591745 ms
    Reading took     238.877000 us
  Sample 13...
Starting computation...
    Writing took     6.253852 ms
    Computation took 204.612629 ms
    Reading took     160.073000 us
  Sample 14...
Starting computation...
    Writing took     4.199627 ms
    Computation took 205.188161 ms
    Reading took     185.782000 us
  Sample 15...
Starting computation...
    Writing took     4.215342 ms
    Computation took 205.340017 ms
    Reading took     171.878000 us
  Sample 16...
Starting computation...
    Writing took     4.148540 ms
    Computation took 205.731057 ms
    Reading took     137.481000 us
  Sample 17...
Starting computation...
    Writing took     3.523595 ms
    Computation took 204.574370 ms
    Reading took     143.876000 us
  Sample 18...
Starting computation...
    Writing took     3.729453 ms
    Computation took 205.267985 ms
    Reading took     142.649000 us
  Sample 19...
Starting computation...
    Writing took     3.545238 ms
    Computation took 205.138463 ms
    Reading took     137.770000 us
  Sample 20...
Starting computation...
    Writing took     3.387808 ms
    Computation took 205.173245 ms
    Reading took     141.221000 us
  Sample 21...
Starting computation...
    Writing took     3.558892 ms
    Computation took 205.570885 ms
    Reading took     223.233000 us
  Sample 22...
Starting computation...
    Writing took     6.352611 ms
    Computation took 205.330353 ms
    Reading took     150.805000 us
  Sample 23...
Starting computation...
    Writing took     3.904704 ms
    Computation took 205.134020 ms
    Reading took     188.144000 us
  Sample 24...
Starting computation...
    Writing took     3.812740 ms
    Computation took 205.177982 ms
    Reading took     233.581000 us
  Sample 25...
Starting computation...
    Writing took     6.347079 ms
    Computation took 205.206123 ms
    Reading took     221.150000 us
  Sample 26...
Starting computation...
    Writing took     6.405049 ms
    Computation took 204.074701 ms
    Reading took     154.513000 us
  Sample 27...
Starting computation...
    Writing took     3.832354 ms
    Computation took 204.580270 ms
    Reading took     154.243000 us
  Sample 28...
Starting computation...
    Writing took     3.830152 ms
    Computation took 204.783796 ms
    Reading took     152.130000 us
  Sample 29...
Starting computation...
    Writing took     3.864173 ms
    Computation took 205.412663 ms
    Reading took     209.401000 us
  Sample 30...
Starting computation...
    Writing took     6.550532 ms
    Computation took 206.173793 ms
    Reading took     238.700000 us
  Sample 31...
Starting computation...
    Writing took     6.538394 ms
    Computation took 205.311783 ms
    Reading took     155.097000 us
  Sample 32...
Starting computation...
    Writing took     3.813620 ms
    Computation took 205.687740 ms
    Reading took     149.924000 us
  Sample 33...
Starting computation...
    Writing took     3.880158 ms
    Computation took 206.185394 ms
    Reading took     214.782000 us
  Sample 34...
Starting computation...
    Writing took     6.533515 ms
    Computation took 207.303347 ms
    Reading took     212.071000 us
  Sample 35...
Starting computation...
    Writing took     4.967047 ms
    Computation took 206.279065 ms
    Reading took     157.977000 us
  Sample 36...
Starting computation...
    Writing took     3.850068 ms
    Computation took 205.548608 ms
    Reading took     231.889000 us
  Sample 37...
Starting computation...
    Writing took     6.974019 ms
    Computation took 205.277726 ms
    Reading took     230.031000 us
  Sample 38...
Starting computation...
    Writing took     7.189495 ms
    Computation took 206.390243 ms
    Reading took     142.880000 us
  Sample 39...
Starting computation...
    Writing took     3.840199 ms
    Computation took 208.802856 ms
    Reading took     142.892000 us
  Sample 40...
Starting computation...
    Writing took     3.846739 ms
    Computation took 210.786833 ms
    Reading took     219.274000 us
  Sample 41...
Starting computation...
    Writing took     6.295970 ms
    Computation took 207.918727 ms
    Reading took     141.442000 us
  Sample 42...
Starting computation...
    Writing took     3.866685 ms
    Computation took 208.195313 ms
    Reading took     142.376000 us
  Sample 43...
Starting computation...
    Writing took     3.815788 ms
    Computation took 206.876658 ms
    Reading took     141.440000 us
  Sample 44...
Starting computation...
    Writing took     3.844577 ms
    Computation took 204.730544 ms
    Reading took     142.023000 us
  Sample 45...
Starting computation...
    Writing took     3.802997 ms
    Computation took 203.408600 ms
    Reading took     142.889000 us
  Sample 46...
Starting computation...
    Writing took     3.803908 ms
    Computation took 204.449800 ms
    Reading took     153.363000 us
  Sample 47...
Starting computation...
    Writing took     3.808250 ms
    Computation took 204.559351 ms
    Reading took     141.336000 us
  Sample 48...
Starting computation...
    Writing took     3.853958 ms
    Computation took 203.371277 ms
    Reading took     211.727000 us
  Sample 49...
Starting computation...
    Writing took     6.545192 ms
    Computation took 202.766399 ms
    Reading took     231.748000 us
  Sample 50...
Starting computation...
    Writing took     6.445025 ms
    Computation took 203.210131 ms
    Reading took     231.943000 us
  Sample 51...
Starting computation...
    Writing took     6.549142 ms
    Computation took 201.597600 ms
    Reading took     150.710000 us
  Sample 52...
Starting computation...
    Writing took     3.864399 ms
    Computation took 202.173122 ms
    Reading took     226.319000 us
  Sample 53...
Starting computation...
    Writing took     6.512793 ms
    Computation took 201.379470 ms
    Reading took     140.030000 us
  Sample 54...
Starting computation...
    Writing took     3.831938 ms
    Computation took 201.504650 ms
    Reading took     141.010000 us
  Sample 55...
Starting computation...
    Writing took     3.818579 ms
    Computation took 201.401018 ms
    Reading took     143.657000 us
  Sample 56...
Starting computation...
    Writing took     3.792789 ms
    Computation took 201.612995 ms
    Reading took     145.280000 us
  Sample 57...
Starting computation...
    Writing took     3.822960 ms
    Computation took 201.521350 ms
    Reading took     217.419000 us
  Sample 58...
Starting computation...
    Writing took     5.715041 ms
    Computation took 201.559561 ms
    Reading took     141.624000 us
  Sample 59...
Starting computation...
    Writing took     3.843775 ms
    Computation took 201.671878 ms
    Reading took     217.207000 us
  Sample 60...
Starting computation...
    Writing took     6.414681 ms
    Computation took 201.997476 ms
    Reading took     142.811000 us
  Sample 61...
Starting computation...
    Writing took     3.859397 ms
    Computation took 201.350875 ms
    Reading took     222.036000 us
  Sample 62...
Starting computation...
    Writing took     6.428745 ms
    Computation took 201.679121 ms
    Reading took     141.384000 us
  Sample 63...
Starting computation...
    Writing took     3.807305 ms
    Computation took 201.600318 ms
    Reading took     140.616000 us
  Sample 64...
Starting computation...
    Writing took     3.893642 ms
    Computation took 201.486542 ms
    Reading took     233.143000 us
  Sample 65...
Starting computation...
    Writing took     6.544074 ms
    Computation took 201.377197 ms
    Reading took     233.025000 us
  Sample 66...
Starting computation...
    Writing took     6.468538 ms
    Computation took 201.215704 ms
    Reading took     142.514000 us
  Sample 67...
Starting computation...
    Writing took     3.841049 ms
    Computation took 201.645403 ms
    Reading took     140.586000 us
  Sample 68...
Starting computation...
    Writing took     3.791225 ms
    Computation took 201.671320 ms
    Reading took     142.568000 us
  Sample 69...
Starting computation...
    Writing took     3.822617 ms
    Computation took 201.782071 ms
    Reading took     141.296000 us
  Sample 70...
Starting computation...
    Writing took     3.791912 ms
    Computation took 202.074028 ms
    Reading took     140.890000 us
  Sample 71...
Starting computation...
    Writing took     3.851638 ms
    Computation took 202.326974 ms
    Reading took     159.956000 us
  Sample 72...
Starting computation...
    Writing took     3.779095 ms
    Computation took 201.778924 ms
    Reading took     145.056000 us
  Sample 73...
Starting computation...
    Writing took     3.847182 ms
    Computation took 202.397793 ms
    Reading took     140.149000 us
  Sample 74...
Starting computation...
    Writing took     3.771195 ms
    Computation took 202.107657 ms
    Reading took     143.140000 us
  Sample 75...
Starting computation...
    Writing took     3.831147 ms
    Computation took 201.587213 ms
    Reading took     206.352000 us
  Sample 76...
Starting computation...
    Writing took     6.366667 ms
    Computation took 201.700083 ms
    Reading took     141.304000 us
  Sample 77...
Starting computation...
    Writing took     3.800661 ms
    Computation took 201.927554 ms
    Reading took     146.316000 us
  Sample 78...
Starting computation...
    Writing took     3.829788 ms
    Computation took 202.075317 ms
    Reading took     141.320000 us
  Sample 79...
Starting computation...
    Writing took     3.520083 ms
    Computation took 201.449988 ms
    Reading took     149.266000 us
  Sample 80...
Starting computation...
    Writing took     3.830788 ms
    Computation took 201.735304 ms
    Reading took     142.112000 us
  Sample 81...
Starting computation...
    Writing took     3.902831 ms
    Computation took 202.584080 ms
    Reading took     140.056000 us
  Sample 82...
Starting computation...
    Writing took     3.905927 ms
    Computation took 202.181547 ms
    Reading took     148.257000 us
  Sample 83...
Starting computation...
    Writing took     3.766831 ms
    Computation took 201.927093 ms
    Reading took     209.150000 us
  Sample 84...
Starting computation...
    Writing took     6.442375 ms
    Computation took 202.429886 ms
    Reading took     143.346000 us
  Sample 85...
Starting computation...
    Writing took     3.889664 ms
    Computation took 202.523072 ms
    Reading took     227.466000 us
  Sample 86...
Starting computation...
    Writing took     6.466228 ms
    Computation took 202.121865 ms
    Reading took     141.116000 us
  Sample 87...
Starting computation...
    Writing took     3.818826 ms
    Computation took 202.694188 ms
    Reading took     144.704000 us
  Sample 88...
Starting computation...
    Writing took     3.807462 ms
    Computation took 203.483701 ms
    Reading took     215.679000 us
  Sample 89...
Starting computation...
    Writing took     6.526044 ms
    Computation took 203.453971 ms
    Reading took     194.278000 us
  Sample 90...
Starting computation...
    Writing took     5.713732 ms
    Computation took 203.406218 ms
    Reading took     140.756000 us
  Sample 91...
Starting computation...
    Writing took     3.810412 ms
    Computation took 202.990202 ms
    Reading took     139.930000 us
  Sample 92...
Starting computation...
    Writing took     3.821296 ms
    Computation took 203.771794 ms
    Reading took     141.587000 us
  Sample 93...
Starting computation...
    Writing took     3.863551 ms
    Computation took 204.889410 ms
    Reading took     230.073000 us
  Sample 94...
Starting computation...
    Writing took     6.443918 ms
    Computation took 204.635602 ms
    Reading took     141.708000 us
  Sample 95...
Starting computation...
    Writing took     3.816825 ms
    Computation took 205.126143 ms
    Reading took     139.899000 us
  Sample 96...
Starting computation...
    Writing took     3.797915 ms
    Computation took 205.273737 ms
    Reading took     141.115000 us
  Sample 97...
Starting computation...
    Writing took     3.818654 ms
    Computation took 206.431427 ms
    Reading took     142.593000 us
  Sample 98...
Starting computation...
    Writing took     3.792044 ms
    Computation took 207.673819 ms
    Reading took     148.041000 us
  Sample 99...
Starting computation...
    Writing took     3.787971 ms
    Computation took 209.306210 ms
    Reading took     216.300000 us
Mean computation time: 203.710313 ms
Mean deviation: 1.778617 ms (0.873111%)
Mean computation time (per hash): 3.994319 ms
Mean deviation (per hash): 34.874000 us
