Using device #0: CUDA Device 'GeForce GTX 1080 Ti'
  Sample 0...
Starting computation...
    Writing took     6.462144 ms
    Computation took 258.965030 ms
    Reading took     234.332000 us
  Sample 1...
Starting computation...
    Writing took     7.087738 ms
    Computation took 259.360517 ms
    Reading took     213.002000 us
  Sample 2...
Starting computation...
    Writing took     7.849307 ms
    Computation took 259.093205 ms
    Reading took     181.289000 us
  Sample 3...
Starting computation...
    Writing took     4.821546 ms
    Computation took 259.143679 ms
    Reading took     189.277000 us
  Sample 4...
Starting computation...
    Writing took     5.018470 ms
    Computation took 259.075890 ms
    Reading took     192.260000 us
  Sample 5...
Starting computation...
    Writing took     4.932163 ms
    Computation took 259.226723 ms
    Reading took     169.240000 us
  Sample 6...
Starting computation...
    Writing took     4.421367 ms
    Computation took 259.284670 ms
    Reading took     210.188000 us
  Sample 7...
Starting computation...
    Writing took     5.817721 ms
    Computation took 259.170740 ms
    Reading took     218.859000 us
  Sample 8...
Starting computation...
    Writing took     6.044916 ms
    Computation took 259.221503 ms
    Reading took     229.873000 us
  Sample 9...
Starting computation...
    Writing took     5.992189 ms
    Computation took 259.055594 ms
    Reading took     212.336000 us
  Sample 10...
Starting computation...
    Writing took     5.831057 ms
    Computation took 259.046699 ms
    Reading took     231.107000 us
  Sample 11...
Starting computation...
    Writing took     5.228632 ms
    Computation took 259.381685 ms
    Reading took     206.875000 us
  Sample 12...
Starting computation...
    Writing took     5.567878 ms
    Computation took 259.334633 ms
    Reading took     323.777000 us
  Sample 13...
Starting computation...
    Writing took     9.460716 ms
    Computation took 259.425017 ms
    Reading took     188.746000 us
  Sample 14...
Starting computation...
    Writing took     4.976727 ms
    Computation took 259.381711 ms
    Reading took     207.531000 us
  Sample 15...
Starting computation...
    Writing took     5.588606 ms
    Computation took 259.284029 ms
    Reading took     172.292000 us
  Sample 16...
Starting computation...
    Writing took     4.570434 ms
    Computation took 259.156634 ms
    Reading took     210.890000 us
  Sample 17...
Starting computation...
    Writing took     5.804079 ms
    Computation took 259.401344 ms
    Reading took     176.161000 us
  Sample 18...
Starting computation...
    Writing took     4.525395 ms
    Computation took 260.207507 ms
    Reading took     211.905000 us
  Sample 19...
Starting computation...
    Writing took     5.812239 ms
    Computation took 260.837192 ms
    Reading took     170.546000 us
  Sample 20...
Starting computation...
    Writing took     4.626479 ms
    Computation took 260.487304 ms
    Reading took     186.220000 us
  Sample 21...
Starting computation...
    Writing took     4.862627 ms
    Computation took 260.973818 ms
    Reading took     368.521000 us
  Sample 22...
Starting computation...
    Writing took     7.026766 ms
    Computation took 261.420262 ms
    Reading took     210.994000 us
  Sample 23...
Starting computation...
    Writing took     6.127505 ms
    Computation took 261.429069 ms
    Reading took     171.031000 us
  Sample 24...
Starting computation...
    Writing took     4.508900 ms
    Computation took 261.727846 ms
    Reading took     239.679000 us
  Sample 25...
Starting computation...
    Writing took     6.913747 ms
    Computation took 262.196207 ms
    Reading took     200.547000 us
  Sample 26...
Starting computation...
    Writing took     5.431491 ms
    Computation took 262.244243 ms
    Reading took     210.472000 us
  Sample 27...
Starting computation...
    Writing took     5.836877 ms
    Computation took 261.460757 ms
    Reading took     211.700000 us
  Sample 28...
Starting computation...
    Writing took     5.797004 ms
    Computation took 262.296491 ms
    Reading took     231.557000 us
  Sample 29...
Starting computation...
    Writing took     6.336694 ms
    Computation took 262.212761 ms
    Reading took     226.967000 us
  Sample 30...
Starting computation...
    Writing took     6.361723 ms
    Computation took 261.755777 ms
    Reading took     230.259000 us
  Sample 31...
Starting computation...
    Writing took     6.259258 ms
    Computation took 261.931515 ms
    Reading took     208.805000 us
  Sample 32...
Starting computation...
    Writing took     5.168555 ms
    Computation took 262.961241 ms
    Reading took     170.682000 us
  Sample 33...
Starting computation...
    Writing took     4.668353 ms
    Computation took 263.141989 ms
    Reading took     228.244000 us
  Sample 34...
Starting computation...
    Writing took     4.870357 ms
    Computation took 262.683668 ms
    Reading took     206.503000 us
  Sample 35...
Starting computation...
    Writing took     5.283443 ms
    Computation took 262.791358 ms
    Reading took     182.635000 us
  Sample 36...
Starting computation...
    Writing took     4.501993 ms
    Computation took 261.370407 ms
    Reading took     170.471000 us
  Sample 37...
Starting computation...
    Writing took     4.579251 ms
    Computation took 260.367592 ms
    Reading took     316.507000 us
  Sample 38...
Starting computation...
    Writing took     8.975795 ms
    Computation took 260.936222 ms
    Reading took     284.206000 us
  Sample 39...
Starting computation...
    Writing took     7.140066 ms
    Computation took 262.059695 ms
    Reading took     181.882000 us
  Sample 40...
Starting computation...
    Writing took     5.035871 ms
    Computation took 266.230127 ms
    Reading took     170.645000 us
  Sample 41...
Starting computation...
    Writing took     4.485308 ms
    Computation took 265.290662 ms
    Reading took     191.800000 us
  Sample 42...
Starting computation...
    Writing took     5.196210 ms
    Computation took 263.534269 ms
    Reading took     172.450000 us
  Sample 43...
Starting computation...
    Writing took     4.554313 ms
    Computation took 262.947240 ms
    Reading took     216.773000 us
  Sample 44...
Starting computation...
    Writing took     5.799932 ms
    Computation took 261.400708 ms
    Reading took     211.905000 us
  Sample 45...
Starting computation...
    Writing took     6.251341 ms
    Computation took 259.998484 ms
    Reading took     210.339000 us
  Sample 46...
Starting computation...
    Writing took     5.807746 ms
    Computation took 260.006939 ms
    Reading took     235.730000 us
  Sample 47...
Starting computation...
    Writing took     6.995277 ms
    Computation took 260.189739 ms
    Reading took     191.261000 us
  Sample 48...
Starting computation...
    Writing took     5.099355 ms
    Computation took 260.703823 ms
    Reading took     192.737000 us
  Sample 49...
Starting computation...
    Writing took     5.637733 ms
    Computation took 259.635747 ms
    Reading took     181.942000 us
  Sample 50...
Starting computation...
    Writing took     4.873560 ms
    Computation took 260.416871 ms
    Reading took     203.108000 us
  Sample 51...
Starting computation...
    Writing took     4.624202 ms
    Computation took 261.273995 ms
    Reading took     239.293000 us
  Sample 52...
Starting computation...
    Writing took     7.734884 ms
    Computation took 263.013439 ms
    Reading took     229.831000 us
  Sample 53...
Starting computation...
    Writing took     7.347976 ms
    Computation took 266.369749 ms
    Reading took     232.069000 us
  Sample 54...
Starting computation...
    Writing took     6.321457 ms
    Computation took 265.681408 ms
    Reading took     199.914000 us
  Sample 55...
Starting computation...
    Writing took     5.349421 ms
    Computation took 264.532390 ms
    Reading took     214.063000 us
  Sample 56...
Starting computation...
    Writing took     7.500983 ms
    Computation took 263.109307 ms
    Reading took     239.997000 us
  Sample 57...
Starting computation...
    Writing took     5.683773 ms
    Computation took 261.437460 ms
    Reading took     182.407000 us
  Sample 58...
Starting computation...
    Writing took     4.527279 ms
    Computation took 261.608943 ms
    Reading took     211.002000 us
  Sample 59...
Starting computation...
    Writing took     4.796925 ms
    Computation took 261.633722 ms
    Reading took     187.499000 us
  Sample 60...
Starting computation...
    Writing took     5.011014 ms
    Computation took 261.058764 ms
    Reading took     189.076000 us
  Sample 61...
Starting computation...
    Writing took     4.917502 ms
    Computation took 259.993781 ms
    Reading took     182.423000 us
  Sample 62...
Starting computation...
    Writing took     4.825725 ms
    Computation took 260.230551 ms
    Reading took     201.477000 us
  Sample 63...
Starting computation...
    Writing took     5.456014 ms
    Computation took 260.864142 ms
    Reading took     172.365000 us
  Sample 64...
Starting computation...
    Writing took     4.521735 ms
    Computation took 259.841768 ms
    Reading took     270.303000 us
  Sample 65...
Starting computation...
    Writing took     6.896041 ms
    Computation took 260.157449 ms
    Reading took     198.940000 us
  Sample 66...
Starting computation...
    Writing took     5.431719 ms
    Computation took 261.667150 ms
    Reading took     187.070000 us
  Sample 67...
Starting computation...
    Writing took     5.203741 ms
    Computation took 261.847667 ms
    Reading took     243.998000 us
  Sample 68...
Starting computation...
    Writing took     6.552698 ms
    Computation took 261.769244 ms
    Reading took     172.197000 us
  Sample 69...
Starting computation...
    Writing took     4.667073 ms
    Computation took 262.496217 ms
    Reading took     179.461000 us
  Sample 70...
Starting computation...
    Writing took     4.505426 ms
    Computation took 262.921491 ms
    Reading took     218.171000 us
  Sample 71...
Starting computation...
    Writing took     5.804372 ms
    Computation took 262.299235 ms
    Reading took     181.829000 us
  Sample 72...
Starting computation...
    Writing took     4.508167 ms
    Computation took 262.151642 ms
    Reading took     188.257000 us
  Sample 73...
Starting computation...
    Writing took     4.422699 ms
    Computation took 263.080608 ms
    Reading took     200.522000 us
  Sample 74...
Starting computation...
    Writing took     5.375011 ms
    Computation took 262.489641 ms
    Reading took     222.225000 us
  Sample 75...
Starting computation...
    Writing took     6.042942 ms
    Computation took 262.502051 ms
    Reading took     220.568000 us
  Sample 76...
Starting computation...
    Writing took     6.457746 ms
    Computation took 263.716129 ms
    Reading took     210.958000 us
  Sample 77...
Starting computation...
    Writing took     5.807889 ms
    Computation took 263.182992 ms
    Reading took     218.385000 us
  Sample 78...
Starting computation...
    Writing took     5.399098 ms
    Computation took 263.025096 ms
    Reading took     229.642000 us
  Sample 79...
Starting computation...
    Writing took     6.326961 ms
    Computation took 260.869736 ms
    Reading took     250.289000 us
  Sample 80...
Starting computation...
    Writing took     6.322475 ms
    Computation took 260.587688 ms
    Reading took     204.183000 us
  Sample 81...
Starting computation...
    Writing took     5.577934 ms
    Computation took 261.226592 ms
    Reading took     181.544000 us
  Sample 82...
Starting computation...
    Writing took     4.838645 ms
    Computation took 262.403673 ms
    Reading took     259.597000 us
  Sample 83...
Starting computation...
    Writing took     7.534423 ms
    Computation took 262.047940 ms
    Reading took     229.142000 us
  Sample 84...
Starting computation...
    Writing took     6.313630 ms
    Computation took 261.173694 ms
    Reading took     229.682000 us
  Sample 85...
Starting computation...
    Writing took     6.334799 ms
    Computation took 261.489244 ms
    Reading took     200.548000 us
  Sample 86...
Starting computation...
    Writing took     6.054832 ms
    Computation took 261.100200 ms
    Reading took     198.947000 us
  Sample 87...
Starting computation...
    Writing took     5.474934 ms
    Computation took 262.164775 ms
    Reading took     204.619000 us
  Sample 88...
Starting computation...
    Writing took     5.608392 ms
    Computation took 262.101957 ms
    Reading took     212.828000 us
  Sample 89...
Starting computation...
    Writing took     5.643643 ms
    Computation took 262.331955 ms
    Reading took     172.588000 us
  Sample 90...
Starting computation...
    Writing took     4.595340 ms
    Computation took 263.225231 ms
    Reading took     250.384000 us
  Sample 91...
Starting computation...
    Writing took     6.391074 ms
    Computation took 263.452534 ms
    Reading took     271.503000 us
  Sample 92...
Starting computation...
    Writing took     7.726167 ms
    Computation took 262.348299 ms
    Reading took     213.154000 us
  Sample 93...
Starting computation...
    Writing took     6.200516 ms
    Computation took 262.408888 ms
    Reading took     211.649000 us
  Sample 94...
Starting computation...
    Writing took     5.871652 ms
    Computation took 261.372255 ms
    Reading took     210.808000 us
  Sample 95...
Starting computation...
    Writing took     5.795558 ms
    Computation took 262.235498 ms
    Reading took     180.838000 us
  Sample 96...
Starting computation...
    Writing took     4.666205 ms
    Computation took 262.105411 ms
    Reading took     211.646000 us
  Sample 97...
Starting computation...
    Writing took     5.860563 ms
    Computation took 261.601343 ms
    Reading took     259.103000 us
  Sample 98...
Starting computation...
    Writing took     7.063663 ms
    Computation took 261.277086 ms
    Reading took     231.465000 us
  Sample 99...
Starting computation...
    Writing took     6.358505 ms
    Computation took 261.738425 ms
    Reading took     263.642000 us
Mean computation time: 261.470752 ms
Mean deviation: 1.264414 ms (0.483578%)
Mean computation time (per hash): 3.352188 ms
Mean deviation (per hash): 16.210000 us
