Using device #0: CUDA Device 'GeForce GTX 1080 Ti'
  Sample 0...
Starting computation...
    Writing took     9.003533 ms
    Computation took 385.072152 ms
    Reading took     305.926000 us
  Sample 1...
Starting computation...
    Writing took     8.322849 ms
    Computation took 388.845990 ms
    Reading took     247.792000 us
  Sample 2...
Starting computation...
    Writing took     6.597053 ms
    Computation took 388.987092 ms
    Reading took     312.670000 us
  Sample 3...
Starting computation...
    Writing took     8.337762 ms
    Computation took 388.493595 ms
    Reading took     257.333000 us
  Sample 4...
Starting computation...
    Writing took     7.006363 ms
    Computation took 384.649316 ms
    Reading took     297.034000 us
  Sample 5...
Starting computation...
    Writing took     8.012005 ms
    Computation took 383.921298 ms
    Reading took     291.566000 us
  Sample 6...
Starting computation...
    Writing took     8.121308 ms
    Computation took 383.153947 ms
    Reading took     300.885000 us
  Sample 7...
Starting computation...
    Writing took     11.290465 ms
    Computation took 381.223212 ms
    Reading took     281.603000 us
  Sample 8...
Starting computation...
    Writing took     7.822458 ms
    Computation took 380.549100 ms
    Reading took     273.495000 us
  Sample 9...
Starting computation...
    Writing took     7.436388 ms
    Computation took 381.310634 ms
    Reading took     273.860000 us
  Sample 10...
Starting computation...
    Writing took     7.965441 ms
    Computation took 379.218113 ms
    Reading took     273.772000 us
  Sample 11...
Starting computation...
    Writing took     7.842239 ms
    Computation took 379.343201 ms
    Reading took     333.716000 us
  Sample 12...
Starting computation...
    Writing took     9.972715 ms
    Computation took 384.021967 ms
    Reading took     318.389000 us
  Sample 13...
Starting computation...
    Writing took     8.214549 ms
    Computation took 386.466692 ms
    Reading took     291.570000 us
  Sample 14...
Starting computation...
    Writing took     7.228234 ms
    Computation took 387.307421 ms
    Reading took     307.372000 us
  Sample 15...
Starting computation...
    Writing took     7.614550 ms
    Computation took 385.944668 ms
    Reading took     310.058000 us
  Sample 16...
Starting computation...
    Writing took     7.970747 ms
    Computation took 382.794835 ms
    Reading took     368.683000 us
  Sample 17...
Starting computation...
    Writing took     9.274099 ms
    Computation took 382.543056 ms
    Reading took     318.901000 us
  Sample 18...
Starting computation...
    Writing took     7.200033 ms
    Computation took 380.415250 ms
    Reading took     340.910000 us
  Sample 19...
Starting computation...
    Writing took     8.839552 ms
    Computation took 380.579735 ms
    Reading took     310.705000 us
  Sample 20...
Starting computation...
    Writing took     7.973056 ms
    Computation took 379.121954 ms
    Reading took     298.733000 us
  Sample 21...
Starting computation...
    Writing took     7.912960 ms
    Computation took 379.471731 ms
    Reading took     309.577000 us
  Sample 22...
Starting computation...
    Writing took     8.007444 ms
    Computation took 379.718367 ms
    Reading took     319.287000 us
  Sample 23...
Starting computation...
    Writing took     8.655108 ms
    Computation took 379.538815 ms
    Reading took     321.997000 us
  Sample 24...
Starting computation...
    Writing took     8.480885 ms
    Computation took 378.623153 ms
    Reading took     323.496000 us
  Sample 25...
Starting computation...
    Writing took     8.935862 ms
    Computation took 380.111772 ms
    Reading took     299.359000 us
  Sample 26...
Starting computation...
    Writing took     7.623722 ms
    Computation took 378.863758 ms
    Reading took     402.121000 us
  Sample 27...
Starting computation...
    Writing took     9.151389 ms
    Computation took 380.288876 ms
    Reading took     289.058000 us
  Sample 28...
Starting computation...
    Writing took     7.580143 ms
    Computation took 380.785597 ms
    Reading took     318.133000 us
  Sample 29...
Starting computation...
    Writing took     9.051522 ms
    Computation took 379.774270 ms
    Reading took     318.179000 us
  Sample 30...
Starting computation...
    Writing took     8.381480 ms
    Computation took 380.739647 ms
    Reading took     680.875000 us
  Sample 31...
Starting computation...
    Writing took     16.023380 ms
    Computation took 379.979508 ms
    Reading took     343.942000 us
  Sample 32...
Starting computation...
    Writing took     9.105118 ms
    Computation took 380.556152 ms
    Reading took     343.267000 us
  Sample 33...
Starting computation...
    Writing took     9.859988 ms
    Computation took 380.341517 ms
    Reading took     357.204000 us
  Sample 34...
Starting computation...
    Writing took     8.472334 ms
    Computation took 379.895303 ms
    Reading took     344.119000 us
  Sample 35...
Starting computation...
    Writing took     9.305049 ms
    Computation took 380.586698 ms
    Reading took     323.892000 us
  Sample 36...
Starting computation...
    Writing took     8.342061 ms
    Computation took 378.716450 ms
    Reading took     346.077000 us
  Sample 37...
Starting computation...
    Writing took     9.188646 ms
    Computation took 379.605123 ms
    Reading took     353.429000 us
  Sample 38...
Starting computation...
    Writing took     7.125319 ms
    Computation took 380.809889 ms
    Reading took     321.289000 us
  Sample 39...
Starting computation...
    Writing took     7.802551 ms
    Computation took 379.225003 ms
    Reading took     278.837000 us
  Sample 40...
Starting computation...
    Writing took     7.252980 ms
    Computation took 381.339081 ms
    Reading took     476.456000 us
  Sample 41...
Starting computation...
    Writing took     8.582729 ms
    Computation took 379.101228 ms
    Reading took     299.824000 us
  Sample 42...
Starting computation...
    Writing took     7.814428 ms
    Computation took 380.300105 ms
    Reading took     341.849000 us
  Sample 43...
Starting computation...
    Writing took     9.139273 ms
    Computation took 380.508117 ms
    Reading took     342.807000 us
  Sample 44...
Starting computation...
    Writing took     10.719638 ms
    Computation took 380.565802 ms
    Reading took     307.977000 us
  Sample 45...
Starting computation...
    Writing took     7.784777 ms
    Computation took 380.027643 ms
    Reading took     298.899000 us
  Sample 46...
Starting computation...
    Writing took     7.431627 ms
    Computation took 378.893697 ms
    Reading took     318.932000 us
  Sample 47...
Starting computation...
    Writing took     12.374155 ms
    Computation took 378.919709 ms
    Reading took     299.622000 us
  Sample 48...
Starting computation...
    Writing took     7.811341 ms
    Computation took 380.305087 ms
    Reading took     288.618000 us
  Sample 49...
Starting computation...
    Writing took     7.578496 ms
    Computation took 380.127122 ms
    Reading took     588.717000 us
  Sample 50...
Starting computation...
    Writing took     15.476093 ms
    Computation took 380.126567 ms
    Reading took     344.391000 us
  Sample 51...
Starting computation...
    Writing took     9.153524 ms
    Computation took 379.274193 ms
    Reading took     390.071000 us
  Sample 52...
Starting computation...
    Writing took     10.716848 ms
    Computation took 379.942974 ms
    Reading took     298.533000 us
  Sample 53...
Starting computation...
    Writing took     8.278575 ms
    Computation took 381.726843 ms
    Reading took     330.288000 us
  Sample 54...
Starting computation...
    Writing took     8.128396 ms
    Computation took 381.891790 ms
    Reading took     319.633000 us
  Sample 55...
Starting computation...
    Writing took     8.366212 ms
    Computation took 380.582658 ms
    Reading took     349.356000 us
  Sample 56...
Starting computation...
    Writing took     8.100573 ms
    Computation took 378.885558 ms
    Reading took     318.623000 us
  Sample 57...
Starting computation...
    Writing took     9.542206 ms
    Computation took 379.146098 ms
    Reading took     358.497000 us
  Sample 58...
Starting computation...
    Writing took     9.134033 ms
    Computation took 380.570358 ms
    Reading took     302.341000 us
  Sample 59...
Starting computation...
    Writing took     7.404645 ms
    Computation took 380.262686 ms
    Reading took     305.234000 us
  Sample 60...
Starting computation...
    Writing took     8.323419 ms
    Computation took 380.298927 ms
    Reading took     359.633000 us
  Sample 61...
Starting computation...
    Writing took     10.033614 ms
    Computation took 380.436933 ms
    Reading took     281.858000 us
  Sample 62...
Starting computation...
    Writing took     7.456592 ms
    Computation took 380.208789 ms
    Reading took     340.726000 us
  Sample 63...
Starting computation...
    Writing took     9.264260 ms
    Computation took 384.201350 ms
    Reading took     271.994000 us
  Sample 64...
Starting computation...
    Writing took     6.913242 ms
    Computation took 387.001648 ms
    Reading took     319.713000 us
  Sample 65...
Starting computation...
    Writing took     8.481654 ms
    Computation took 383.592367 ms
    Reading took     291.063000 us
  Sample 66...
Starting computation...
    Writing took     7.574465 ms
    Computation took 381.235149 ms
    Reading took     326.271000 us
  Sample 67...
Starting computation...
    Writing took     7.011092 ms
    Computation took 381.036741 ms
    Reading took     291.990000 us
  Sample 68...
Starting computation...
    Writing took     7.162830 ms
    Computation took 381.592002 ms
    Reading took     274.985000 us
  Sample 69...
Starting computation...
    Writing took     7.100638 ms
    Computation took 380.754982 ms
    Reading took     273.515000 us
  Sample 70...
Starting computation...
    Writing took     7.067141 ms
    Computation took 380.203000 ms
    Reading took     275.735000 us
  Sample 71...
Starting computation...
    Writing took     7.208234 ms
    Computation took 380.575060 ms
    Reading took     275.870000 us
  Sample 72...
Starting computation...
    Writing took     7.054113 ms
    Computation took 380.101657 ms
    Reading took     307.181000 us
  Sample 73...
Starting computation...
    Writing took     8.042258 ms
    Computation took 380.045956 ms
    Reading took     318.803000 us
  Sample 74...
Starting computation...
    Writing took     9.847835 ms
    Computation took 380.822247 ms
    Reading took     318.555000 us
  Sample 75...
Starting computation...
    Writing took     8.356773 ms
    Computation took 380.064442 ms
    Reading took     341.092000 us
  Sample 76...
Starting computation...
    Writing took     10.427487 ms
    Computation took 379.987014 ms
    Reading took     365.748000 us
  Sample 77...
Starting computation...
    Writing took     9.412360 ms
    Computation took 379.614178 ms
    Reading took     275.194000 us
  Sample 78...
Starting computation...
    Writing took     7.088239 ms
    Computation took 380.001745 ms
    Reading took     284.291000 us
  Sample 79...
Starting computation...
    Writing took     7.857845 ms
    Computation took 380.783069 ms
    Reading took     316.899000 us
  Sample 80...
Starting computation...
    Writing took     8.099954 ms
    Computation took 379.697475 ms
    Reading took     255.828000 us
  Sample 81...
Starting computation...
    Writing took     6.930676 ms
    Computation took 380.259543 ms
    Reading took     274.406000 us
  Sample 82...
Starting computation...
    Writing took     7.570399 ms
    Computation took 380.486407 ms
    Reading took     275.208000 us
  Sample 83...
Starting computation...
    Writing took     7.564763 ms
    Computation took 384.458606 ms
    Reading took     333.373000 us
  Sample 84...
Starting computation...
    Writing took     9.108929 ms
    Computation took 384.290601 ms
    Reading took     280.921000 us
  Sample 85...
Starting computation...
    Writing took     7.538486 ms
    Computation took 381.858232 ms
    Reading took     257.072000 us
  Sample 86...
Starting computation...
    Writing took     7.012107 ms
    Computation took 380.375570 ms
    Reading took     273.044000 us
  Sample 87...
Starting computation...
    Writing took     7.366891 ms
    Computation took 380.164341 ms
    Reading took     276.346000 us
  Sample 88...
Starting computation...
    Writing took     7.567466 ms
    Computation took 380.037084 ms
    Reading took     340.406000 us
  Sample 89...
Starting computation...
    Writing took     9.175622 ms
    Computation took 379.104451 ms
    Reading took     324.151000 us
  Sample 90...
Starting computation...
    Writing took     8.489607 ms
    Computation took 379.125384 ms
    Reading took     273.904000 us
  Sample 91...
Starting computation...
    Writing took     7.534839 ms
    Computation took 380.286910 ms
    Reading took     303.071000 us
  Sample 92...
Starting computation...
    Writing took     8.353447 ms
    Computation took 380.759655 ms
    Reading took     285.101000 us
  Sample 93...
Starting computation...
    Writing took     8.084806 ms
    Computation took 381.738851 ms
    Reading took     309.962000 us
  Sample 94...
Starting computation...
    Writing took     8.380939 ms
    Computation took 384.895419 ms
    Reading took     274.081000 us
  Sample 95...
Starting computation...
    Writing took     7.536399 ms
    Computation took 387.108814 ms
    Reading took     510.440000 us
  Sample 96...
Starting computation...
    Writing took     15.150358 ms
    Computation took 388.038875 ms
    Reading took     301.477000 us
  Sample 97...
Starting computation...
    Writing took     8.317619 ms
    Computation took 386.989404 ms
    Reading took     280.846000 us
  Sample 98...
Starting computation...
    Writing took     7.162479 ms
    Computation took 387.736716 ms
    Reading took     301.606000 us
  Sample 99...
Starting computation...
    Writing took     8.305997 ms
    Computation took 384.122657 ms
    Reading took     274.834000 us
Mean computation time: 381.481844 ms
Mean deviation: 2.009454 ms (0.52675%)
Mean computation time (per hash): 3.375945 ms
Mean deviation (per hash): 17.782000 us
