Using device #0: CUDA Device 'GeForce GTX 1080 Ti'
  Sample 0...
Starting computation...
    Writing took     12.464975 ms
    Computation took 338.259513 ms
    Reading took     275.733000 us
  Sample 1...
Starting computation...
    Writing took     7.491909 ms
    Computation took 338.883600 ms
    Reading took     340.530000 us
  Sample 2...
Starting computation...
    Writing took     8.261923 ms
    Computation took 338.805840 ms
    Reading took     270.005000 us
  Sample 3...
Starting computation...
    Writing took     8.422404 ms
    Computation took 338.240487 ms
    Reading took     268.356000 us
  Sample 4...
Starting computation...
    Writing took     7.207501 ms
    Computation took 337.754050 ms
    Reading took     279.551000 us
  Sample 5...
Starting computation...
    Writing took     8.281389 ms
    Computation took 337.058542 ms
    Reading took     270.110000 us
  Sample 6...
Starting computation...
    Writing took     8.368151 ms
    Computation took 337.229878 ms
    Reading took     269.973000 us
  Sample 7...
Starting computation...
    Writing took     7.936118 ms
    Computation took 336.731414 ms
    Reading took     491.028000 us
  Sample 8...
Starting computation...
    Writing took     14.310833 ms
    Computation took 336.806426 ms
    Reading took     297.993000 us
  Sample 9...
Starting computation...
    Writing took     8.136237 ms
    Computation took 337.025419 ms
    Reading took     270.150000 us
  Sample 10...
Starting computation...
    Writing took     7.498708 ms
    Computation took 336.906004 ms
    Reading took     261.765000 us
  Sample 11...
Starting computation...
    Writing took     7.303953 ms
    Computation took 338.268327 ms
    Reading took     268.843000 us
  Sample 12...
Starting computation...
    Writing took     7.327549 ms
    Computation took 339.274785 ms
    Reading took     716.903000 us
  Sample 13...
Starting computation...
    Writing took     19.791345 ms
    Computation took 343.251649 ms
    Reading took     304.744000 us
  Sample 14...
Starting computation...
    Writing took     8.158013 ms
    Computation took 347.766633 ms
    Reading took     270.350000 us
  Sample 15...
Starting computation...
    Writing took     7.483984 ms
    Computation took 347.589025 ms
    Reading took     252.609000 us
  Sample 16...
Starting computation...
    Writing took     6.990649 ms
    Computation took 346.812437 ms
    Reading took     292.071000 us
  Sample 17...
Starting computation...
    Writing took     8.134090 ms
    Computation took 341.767705 ms
    Reading took     328.342000 us
  Sample 18...
Starting computation...
    Writing took     8.358785 ms
    Computation took 340.874299 ms
    Reading took     288.224000 us
  Sample 19...
Starting computation...
    Writing took     6.988336 ms
    Computation took 338.256285 ms
    Reading took     254.474000 us
  Sample 20...
Starting computation...
    Writing took     8.278441 ms
    Computation took 337.974047 ms
    Reading took     261.898000 us
  Sample 21...
Starting computation...
    Writing took     7.174110 ms
    Computation took 336.776743 ms
    Reading took     299.112000 us
  Sample 22...
Starting computation...
    Writing took     8.156308 ms
    Computation took 335.482312 ms
    Reading took     290.500000 us
  Sample 23...
Starting computation...
    Writing took     8.169790 ms
    Computation took 336.099477 ms
    Reading took     271.912000 us
  Sample 24...
Starting computation...
    Writing took     7.492385 ms
    Computation took 337.099428 ms
    Reading took     270.039000 us
  Sample 25...
Starting computation...
    Writing took     7.492740 ms
    Computation took 337.556985 ms
    Reading took     269.970000 us
  Sample 26...
Starting computation...
    Writing took     7.365042 ms
    Computation took 338.400388 ms
    Reading took     275.894000 us
  Sample 27...
Starting computation...
    Writing took     7.490814 ms
    Computation took 338.341598 ms
    Reading took     267.727000 us
  Sample 28...
Starting computation...
    Writing took     7.450330 ms
    Computation took 338.041025 ms
    Reading took     270.985000 us
  Sample 29...
Starting computation...
    Writing took     7.473532 ms
    Computation took 337.406515 ms
    Reading took     268.287000 us
  Sample 30...
Starting computation...
    Writing took     7.477417 ms
    Computation took 338.639574 ms
    Reading took     477.293000 us
  Sample 31...
Starting computation...
    Writing took     14.198726 ms
    Computation took 337.936163 ms
    Reading took     292.647000 us
  Sample 32...
Starting computation...
    Writing took     7.568834 ms
    Computation took 337.798400 ms
    Reading took     270.608000 us
  Sample 33...
Starting computation...
    Writing took     7.473086 ms
    Computation took 336.653360 ms
    Reading took     290.174000 us
  Sample 34...
Starting computation...
    Writing took     7.664557 ms
    Computation took 338.623071 ms
    Reading took     270.016000 us
  Sample 35...
Starting computation...
    Writing took     7.473478 ms
    Computation took 338.679682 ms
    Reading took     268.330000 us
  Sample 36...
Starting computation...
    Writing took     7.465928 ms
    Computation took 337.938929 ms
    Reading took     268.462000 us
  Sample 37...
Starting computation...
    Writing took     7.474677 ms
    Computation took 336.520913 ms
    Reading took     270.077000 us
  Sample 38...
Starting computation...
    Writing took     7.510856 ms
    Computation took 337.687125 ms
    Reading took     270.489000 us
  Sample 39...
Starting computation...
    Writing took     7.457514 ms
    Computation took 337.085240 ms
    Reading took     272.358000 us
  Sample 40...
Starting computation...
    Writing took     7.486784 ms
    Computation took 338.134367 ms
    Reading took     271.355000 us
  Sample 41...
Starting computation...
    Writing took     7.462614 ms
    Computation took 337.803295 ms
    Reading took     271.034000 us
  Sample 42...
Starting computation...
    Writing took     7.488608 ms
    Computation took 337.129199 ms
    Reading took     271.571000 us
  Sample 43...
Starting computation...
    Writing took     7.499365 ms
    Computation took 337.589645 ms
    Reading took     269.793000 us
  Sample 44...
Starting computation...
    Writing took     7.488513 ms
    Computation took 337.672132 ms
    Reading took     271.075000 us
  Sample 45...
Starting computation...
    Writing took     7.459644 ms
    Computation took 338.096538 ms
    Reading took     269.343000 us
  Sample 46...
Starting computation...
    Writing took     7.483006 ms
    Computation took 337.688101 ms
    Reading took     392.615000 us
  Sample 47...
Starting computation...
    Writing took     11.504288 ms
    Computation took 337.742287 ms
    Reading took     311.532000 us
  Sample 48...
Starting computation...
    Writing took     7.846103 ms
    Computation took 337.521179 ms
    Reading took     270.873000 us
  Sample 49...
Starting computation...
    Writing took     7.452866 ms
    Computation took 339.330810 ms
    Reading took     270.884000 us
  Sample 50...
Starting computation...
    Writing took     7.484964 ms
    Computation took 339.427706 ms
    Reading took     270.161000 us
  Sample 51...
Starting computation...
    Writing took     7.487379 ms
    Computation took 337.982461 ms
    Reading took     269.405000 us
  Sample 52...
Starting computation...
    Writing took     7.470516 ms
    Computation took 338.203446 ms
    Reading took     260.646000 us
  Sample 53...
Starting computation...
    Writing took     7.256751 ms
    Computation took 337.923045 ms
    Reading took     421.876000 us
  Sample 54...
Starting computation...
    Writing took     7.716363 ms
    Computation took 337.680035 ms
    Reading took     280.815000 us
  Sample 55...
Starting computation...
    Writing took     7.334316 ms
    Computation took 338.461151 ms
    Reading took     354.105000 us
  Sample 56...
Starting computation...
    Writing took     11.040967 ms
    Computation took 336.978381 ms
    Reading took     261.078000 us
  Sample 57...
Starting computation...
    Writing took     7.198144 ms
    Computation took 337.388082 ms
    Reading took     271.399000 us
  Sample 58...
Starting computation...
    Writing took     7.471830 ms
    Computation took 337.258536 ms
    Reading took     270.836000 us
  Sample 59...
Starting computation...
    Writing took     7.427787 ms
    Computation took 338.696321 ms
    Reading took     446.629000 us
  Sample 60...
Starting computation...
    Writing took     13.048157 ms
    Computation took 338.713047 ms
    Reading took     270.824000 us
  Sample 61...
Starting computation...
    Writing took     7.462842 ms
    Computation took 339.064234 ms
    Reading took     260.133000 us
  Sample 62...
Starting computation...
    Writing took     7.189128 ms
    Computation took 339.936360 ms
    Reading took     269.715000 us
  Sample 63...
Starting computation...
    Writing took     7.937760 ms
    Computation took 339.711581 ms
    Reading took     254.289000 us
  Sample 64...
Starting computation...
    Writing took     6.933094 ms
    Computation took 339.533489 ms
    Reading took     451.052000 us
  Sample 65...
Starting computation...
    Writing took     13.976712 ms
    Computation took 338.954987 ms
    Reading took     314.775000 us
  Sample 66...
Starting computation...
    Writing took     8.244923 ms
    Computation took 336.208074 ms
    Reading took     308.291000 us
  Sample 67...
Starting computation...
    Writing took     8.153977 ms
    Computation took 336.095951 ms
    Reading took     305.609000 us
  Sample 68...
Starting computation...
    Writing took     7.476796 ms
    Computation took 337.040626 ms
    Reading took     285.743000 us
  Sample 69...
Starting computation...
    Writing took     8.443860 ms
    Computation took 338.360255 ms
    Reading took     455.990000 us
  Sample 70...
Starting computation...
    Writing took     11.165378 ms
    Computation took 338.234302 ms
    Reading took     287.480000 us
  Sample 71...
Starting computation...
    Writing took     7.615833 ms
    Computation took 337.559899 ms
    Reading took     285.207000 us
  Sample 72...
Starting computation...
    Writing took     7.522303 ms
    Computation took 340.620909 ms
    Reading took     292.684000 us
  Sample 73...
Starting computation...
    Writing took     7.496960 ms
    Computation took 340.950594 ms
    Reading took     287.197000 us
  Sample 74...
Starting computation...
    Writing took     7.503518 ms
    Computation took 342.056490 ms
    Reading took     285.683000 us
  Sample 75...
Starting computation...
    Writing took     7.557080 ms
    Computation took 341.487521 ms
    Reading took     293.840000 us
  Sample 76...
Starting computation...
    Writing took     7.508341 ms
    Computation took 340.205612 ms
    Reading took     301.436000 us
  Sample 77...
Starting computation...
    Writing took     7.501710 ms
    Computation took 340.101347 ms
    Reading took     298.508000 us
  Sample 78...
Starting computation...
    Writing took     7.498269 ms
    Computation took 338.161721 ms
    Reading took     286.677000 us
  Sample 79...
Starting computation...
    Writing took     7.540902 ms
    Computation took 338.677070 ms
    Reading took     291.912000 us
  Sample 80...
Starting computation...
    Writing took     7.499154 ms
    Computation took 337.239546 ms
    Reading took     287.401000 us
  Sample 81...
Starting computation...
    Writing took     7.559344 ms
    Computation took 338.986447 ms
    Reading took     287.800000 us
  Sample 82...
Starting computation...
    Writing took     7.504554 ms
    Computation took 340.282085 ms
    Reading took     316.927000 us
  Sample 83...
Starting computation...
    Writing took     8.220558 ms
    Computation took 340.517100 ms
    Reading took     287.479000 us
  Sample 84...
Starting computation...
    Writing took     7.559080 ms
    Computation took 339.266166 ms
    Reading took     457.194000 us
  Sample 85...
Starting computation...
    Writing took     12.248353 ms
    Computation took 337.785434 ms
    Reading took     284.814000 us
  Sample 86...
Starting computation...
    Writing took     7.522271 ms
    Computation took 339.036808 ms
    Reading took     269.349000 us
  Sample 87...
Starting computation...
    Writing took     7.318509 ms
    Computation took 338.561759 ms
    Reading took     506.619000 us
  Sample 88...
Starting computation...
    Writing took     14.041339 ms
    Computation took 338.347181 ms
    Reading took     269.897000 us
  Sample 89...
Starting computation...
    Writing took     7.538790 ms
    Computation took 337.554560 ms
    Reading took     262.308000 us
  Sample 90...
Starting computation...
    Writing took     7.643505 ms
    Computation took 337.552796 ms
    Reading took     292.940000 us
  Sample 91...
Starting computation...
    Writing took     8.308762 ms
    Computation took 336.862624 ms
    Reading took     292.398000 us
  Sample 92...
Starting computation...
    Writing took     11.110215 ms
    Computation took 338.386484 ms
    Reading took     270.902000 us
  Sample 93...
Starting computation...
    Writing took     7.566347 ms
    Computation took 338.588923 ms
    Reading took     260.379000 us
  Sample 94...
Starting computation...
    Writing took     7.324287 ms
    Computation took 339.376860 ms
    Reading took     272.327000 us
  Sample 95...
Starting computation...
    Writing took     7.837872 ms
    Computation took 339.906969 ms
    Reading took     281.241000 us
  Sample 96...
Starting computation...
    Writing took     7.185300 ms
    Computation took 338.665785 ms
    Reading took     271.420000 us
  Sample 97...
Starting computation...
    Writing took     9.769127 ms
    Computation took 339.109046 ms
    Reading took     302.246000 us
  Sample 98...
Starting computation...
    Writing took     9.312329 ms
    Computation took 338.585546 ms
    Reading took     271.659000 us
  Sample 99...
Starting computation...
    Writing took     7.602553 ms
    Computation took 338.282228 ms
    Reading took     270.357000 us
Mean computation time: 338.615784 ms
Mean deviation: 1.295992 ms (0.382732%)
Mean computation time (per hash): 3.352631 ms
Mean deviation (per hash): 12.831000 us
