Using device #0: CUDA Device 'GeForce GTX 1080 Ti'
  Sample 0...
Starting computation...
    Writing took     8.839511 ms
    Computation took 242.411473 ms
    Reading took     221.387000 us
  Sample 1...
Starting computation...
    Writing took     5.736706 ms
    Computation took 241.940790 ms
    Reading took     214.698000 us
  Sample 2...
Starting computation...
    Writing took     5.568283 ms
    Computation took 241.977372 ms
    Reading took     190.549000 us
  Sample 3...
Starting computation...
    Writing took     4.985502 ms
    Computation took 242.688482 ms
    Reading took     185.050000 us
  Sample 4...
Starting computation...
    Writing took     4.761033 ms
    Computation took 243.659955 ms
    Reading took     194.411000 us
  Sample 5...
Starting computation...
    Writing took     5.224298 ms
    Computation took 243.030423 ms
    Reading took     210.946000 us
  Sample 6...
Starting computation...
    Writing took     5.210904 ms
    Computation took 243.180091 ms
    Reading took     196.190000 us
  Sample 7...
Starting computation...
    Writing took     5.226734 ms
    Computation took 242.989966 ms
    Reading took     191.987000 us
  Sample 8...
Starting computation...
    Writing took     5.196560 ms
    Computation took 243.336869 ms
    Reading took     191.564000 us
  Sample 9...
Starting computation...
    Writing took     5.206060 ms
    Computation took 244.833882 ms
    Reading took     197.316000 us
  Sample 10...
Starting computation...
    Writing took     5.228704 ms
    Computation took 244.762644 ms
    Reading took     192.154000 us
  Sample 11...
Starting computation...
    Writing took     5.238327 ms
    Computation took 245.140494 ms
    Reading took     195.476000 us
  Sample 12...
Starting computation...
    Writing took     5.223165 ms
    Computation took 245.023224 ms
    Reading took     192.495000 us
  Sample 13...
Starting computation...
    Writing took     5.221580 ms
    Computation took 245.399240 ms
    Reading took     193.163000 us
  Sample 14...
Starting computation...
    Writing took     5.202796 ms
    Computation took 244.986478 ms
    Reading took     193.137000 us
  Sample 15...
Starting computation...
    Writing took     5.204251 ms
    Computation took 243.724564 ms
    Reading took     193.279000 us
  Sample 16...
Starting computation...
    Writing took     5.249087 ms
    Computation took 243.893603 ms
    Reading took     191.290000 us
  Sample 17...
Starting computation...
    Writing took     5.200607 ms
    Computation took 245.367200 ms
    Reading took     196.246000 us
  Sample 18...
Starting computation...
    Writing took     5.205835 ms
    Computation took 249.980648 ms
    Reading took     152.790000 us
  Sample 19...
Starting computation...
    Writing took     4.087162 ms
    Computation took 248.837447 ms
    Reading took     165.403000 us
  Sample 20...
Starting computation...
    Writing took     4.417573 ms
    Computation took 249.196951 ms
    Reading took     209.647000 us
  Sample 21...
Starting computation...
    Writing took     4.430671 ms
    Computation took 247.835013 ms
    Reading took     167.348000 us
  Sample 22...
Starting computation...
    Writing took     4.592159 ms
    Computation took 246.982217 ms
    Reading took     177.940000 us
  Sample 23...
Starting computation...
    Writing took     4.861524 ms
    Computation took 245.498102 ms
    Reading took     199.997000 us
  Sample 24...
Starting computation...
    Writing took     5.238351 ms
    Computation took 244.811654 ms
    Reading took     191.313000 us
  Sample 25...
Starting computation...
    Writing took     5.222224 ms
    Computation took 245.326283 ms
    Reading took     195.985000 us
  Sample 26...
Starting computation...
    Writing took     5.191318 ms
    Computation took 244.719232 ms
    Reading took     192.976000 us
  Sample 27...
Starting computation...
    Writing took     5.219633 ms
    Computation took 244.800403 ms
    Reading took     192.903000 us
  Sample 28...
Starting computation...
    Writing took     5.212605 ms
    Computation took 244.886213 ms
    Reading took     191.450000 us
  Sample 29...
Starting computation...
    Writing took     5.249046 ms
    Computation took 243.278014 ms
    Reading took     190.974000 us
  Sample 30...
Starting computation...
    Writing took     8.773951 ms
    Computation took 246.290156 ms
    Reading took     196.620000 us
  Sample 31...
Starting computation...
    Writing took     5.229928 ms
    Computation took 251.105765 ms
    Reading took     190.088000 us
  Sample 32...
Starting computation...
    Writing took     5.341328 ms
    Computation took 250.202331 ms
    Reading took     191.931000 us
  Sample 33...
Starting computation...
    Writing took     5.215907 ms
    Computation took 248.991541 ms
    Reading took     189.970000 us
  Sample 34...
Starting computation...
    Writing took     5.226692 ms
    Computation took 246.127133 ms
    Reading took     154.708000 us
  Sample 35...
Starting computation...
    Writing took     4.190056 ms
    Computation took 245.376042 ms
    Reading took     153.143000 us
  Sample 36...
Starting computation...
    Writing took     4.106893 ms
    Computation took 245.222773 ms
    Reading took     160.581000 us
  Sample 37...
Starting computation...
    Writing took     4.282087 ms
    Computation took 245.299290 ms
    Reading took     166.937000 us
  Sample 38...
Starting computation...
    Writing took     4.297876 ms
    Computation took 244.998516 ms
    Reading took     152.848000 us
  Sample 39...
Starting computation...
    Writing took     4.000935 ms
    Computation took 245.657489 ms
    Reading took     152.961000 us
  Sample 40...
Starting computation...
    Writing took     4.126849 ms
    Computation took 244.997506 ms
    Reading took     160.811000 us
  Sample 41...
Starting computation...
    Writing took     4.389824 ms
    Computation took 245.258658 ms
    Reading took     177.066000 us
  Sample 42...
Starting computation...
    Writing took     4.553156 ms
    Computation took 244.920595 ms
    Reading took     167.238000 us
  Sample 43...
Starting computation...
    Writing took     4.564766 ms
    Computation took 246.173334 ms
    Reading took     165.643000 us
  Sample 44...
Starting computation...
    Writing took     4.505522 ms
    Computation took 247.377207 ms
    Reading took     173.094000 us
  Sample 45...
Starting computation...
    Writing took     4.509268 ms
    Computation took 246.563610 ms
    Reading took     177.737000 us
  Sample 46...
Starting computation...
    Writing took     4.539634 ms
    Computation took 245.781069 ms
    Reading took     169.702000 us
  Sample 47...
Starting computation...
    Writing took     4.595515 ms
    Computation took 246.018692 ms
    Reading took     188.866000 us
  Sample 48...
Starting computation...
    Writing took     5.185061 ms
    Computation took 245.519730 ms
    Reading took     190.453000 us
  Sample 49...
Starting computation...
    Writing took     5.202883 ms
    Computation took 245.072854 ms
    Reading took     190.697000 us
  Sample 50...
Starting computation...
    Writing took     5.190775 ms
    Computation took 244.536795 ms
    Reading took     204.084000 us
  Sample 51...
Starting computation...
    Writing took     5.208222 ms
    Computation took 244.262007 ms
    Reading took     313.893000 us
  Sample 52...
Starting computation...
    Writing took     8.924684 ms
    Computation took 244.154984 ms
    Reading took     197.183000 us
  Sample 53...
Starting computation...
    Writing took     5.207883 ms
    Computation took 243.188978 ms
    Reading took     194.554000 us
  Sample 54...
Starting computation...
    Writing took     5.207512 ms
    Computation took 242.839268 ms
    Reading took     195.991000 us
  Sample 55...
Starting computation...
    Writing took     5.211616 ms
    Computation took 242.385952 ms
    Reading took     190.724000 us
  Sample 56...
Starting computation...
    Writing took     5.205585 ms
    Computation took 242.358775 ms
    Reading took     192.749000 us
  Sample 57...
Starting computation...
    Writing took     5.206875 ms
    Computation took 243.733256 ms
    Reading took     192.715000 us
  Sample 58...
Starting computation...
    Writing took     5.212991 ms
    Computation took 246.825565 ms
    Reading took     178.356000 us
  Sample 59...
Starting computation...
    Writing took     4.960202 ms
    Computation took 245.125399 ms
    Reading took     190.294000 us
  Sample 60...
Starting computation...
    Writing took     5.187950 ms
    Computation took 245.629750 ms
    Reading took     190.552000 us
  Sample 61...
Starting computation...
    Writing took     5.199274 ms
    Computation took 244.715796 ms
    Reading took     312.816000 us
  Sample 62...
Starting computation...
    Writing took     9.008454 ms
    Computation took 245.614267 ms
    Reading took     190.963000 us
  Sample 63...
Starting computation...
    Writing took     5.185673 ms
    Computation took 244.538219 ms
    Reading took     189.986000 us
  Sample 64...
Starting computation...
    Writing took     5.190422 ms
    Computation took 244.987869 ms
    Reading took     189.425000 us
  Sample 65...
Starting computation...
    Writing took     5.180450 ms
    Computation took 244.925557 ms
    Reading took     190.534000 us
  Sample 66...
Starting computation...
    Writing took     5.748774 ms
    Computation took 246.867183 ms
    Reading took     192.135000 us
  Sample 67...
Starting computation...
    Writing took     5.223969 ms
    Computation took 249.348852 ms
    Reading took     191.002000 us
  Sample 68...
Starting computation...
    Writing took     5.197362 ms
    Computation took 249.463723 ms
    Reading took     194.844000 us
  Sample 69...
Starting computation...
    Writing took     5.223448 ms
    Computation took 245.354738 ms
    Reading took     194.626000 us
  Sample 70...
Starting computation...
    Writing took     5.193901 ms
    Computation took 246.862096 ms
    Reading took     191.405000 us
  Sample 71...
Starting computation...
    Writing took     5.195791 ms
    Computation took 249.353242 ms
    Reading took     327.836000 us
  Sample 72...
Starting computation...
    Writing took     8.972402 ms
    Computation took 248.975985 ms
    Reading took     197.129000 us
  Sample 73...
Starting computation...
    Writing took     5.211415 ms
    Computation took 249.082360 ms
    Reading took     315.078000 us
  Sample 74...
Starting computation...
    Writing took     8.697641 ms
    Computation took 250.024440 ms
    Reading took     199.618000 us
  Sample 75...
Starting computation...
    Writing took     5.218047 ms
    Computation took 246.031500 ms
    Reading took     190.516000 us
  Sample 76...
Starting computation...
    Writing took     5.212112 ms
    Computation took 245.996518 ms
    Reading took     191.368000 us
  Sample 77...
Starting computation...
    Writing took     5.211770 ms
    Computation took 242.645522 ms
    Reading took     156.358000 us
  Sample 78...
Starting computation...
    Writing took     4.025272 ms
    Computation took 242.682772 ms
    Reading took     160.999000 us
  Sample 79...
Starting computation...
    Writing took     4.272208 ms
    Computation took 243.104957 ms
    Reading took     189.958000 us
  Sample 80...
Starting computation...
    Writing took     5.215063 ms
    Computation took 242.861552 ms
    Reading took     184.897000 us
  Sample 81...
Starting computation...
    Writing took     5.009360 ms
    Computation took 242.322681 ms
    Reading took     193.001000 us
  Sample 82...
Starting computation...
    Writing took     5.118527 ms
    Computation took 242.395665 ms
    Reading took     191.940000 us
  Sample 83...
Starting computation...
    Writing took     5.285371 ms
    Computation took 242.523469 ms
    Reading took     192.244000 us
  Sample 84...
Starting computation...
    Writing took     5.217761 ms
    Computation took 243.062831 ms
    Reading took     190.223000 us
  Sample 85...
Starting computation...
    Writing took     5.260446 ms
    Computation took 242.331564 ms
    Reading took     191.085000 us
  Sample 86...
Starting computation...
    Writing took     5.290799 ms
    Computation took 242.603502 ms
    Reading took     326.650000 us
  Sample 87...
Starting computation...
    Writing took     9.613469 ms
    Computation took 242.612940 ms
    Reading took     217.733000 us
  Sample 88...
Starting computation...
    Writing took     5.706898 ms
    Computation took 243.650029 ms
    Reading took     218.569000 us
  Sample 89...
Starting computation...
    Writing took     5.752954 ms
    Computation took 243.798940 ms
    Reading took     210.450000 us
  Sample 90...
Starting computation...
    Writing took     5.380485 ms
    Computation took 243.105035 ms
    Reading took     204.841000 us
  Sample 91...
Starting computation...
    Writing took     5.261233 ms
    Computation took 242.914766 ms
    Reading took     205.578000 us
  Sample 92...
Starting computation...
    Writing took     5.246814 ms
    Computation took 243.012792 ms
    Reading took     166.345000 us
  Sample 93...
Starting computation...
    Writing took     4.177704 ms
    Computation took 243.193786 ms
    Reading took     165.300000 us
  Sample 94...
Starting computation...
    Writing took     4.113473 ms
    Computation took 243.218401 ms
    Reading took     189.867000 us
  Sample 95...
Starting computation...
    Writing took     4.860762 ms
    Computation took 242.670136 ms
    Reading took     188.547000 us
  Sample 96...
Starting computation...
    Writing took     4.687429 ms
    Computation took 242.425099 ms
    Reading took     195.394000 us
  Sample 97...
Starting computation...
    Writing took     5.058573 ms
    Computation took 242.747553 ms
    Reading took     184.766000 us
  Sample 98...
Starting computation...
    Writing took     4.709319 ms
    Computation took 244.023555 ms
    Reading took     191.254000 us
  Sample 99...
Starting computation...
    Writing took     4.908198 ms
    Computation took 243.683549 ms
    Reading took     196.588000 us
Mean computation time: 244.962273 ms
Mean deviation: 1.678472 ms (0.685196%)
Mean computation time (per hash): 3.499460 ms
Mean deviation (per hash): 23.978000 us
