Using device #0: CUDA Device 'GeForce GTX 1080 Ti'
  Sample 0...
Starting computation...
    Writing took     3.187686 ms
    Computation took 200.061882 ms
    Reading took     142.662000 us
  Sample 1...
Starting computation...
    Writing took     2.856561 ms
    Computation took 200.089624 ms
    Reading took     127.297000 us
  Sample 2...
Starting computation...
    Writing took     3.017555 ms
    Computation took 200.073667 ms
    Reading took     131.690000 us
  Sample 3...
Starting computation...
    Writing took     3.166438 ms
    Computation took 200.062053 ms
    Reading took     120.078000 us
  Sample 4...
Starting computation...
    Writing took     2.973832 ms
    Computation took 200.262943 ms
    Reading took     224.077000 us
  Sample 5...
Starting computation...
    Writing took     6.325101 ms
    Computation took 200.692891 ms
    Reading took     234.904000 us
  Sample 6...
Starting computation...
    Writing took     6.420799 ms
    Computation took 200.556630 ms
    Reading took     121.503000 us
  Sample 7...
Starting computation...
    Writing took     2.892164 ms
    Computation took 200.565068 ms
    Reading took     130.246000 us
  Sample 8...
Starting computation...
    Writing took     3.019112 ms
    Computation took 200.743901 ms
    Reading took     129.282000 us
  Sample 9...
Starting computation...
    Writing took     3.210817 ms
    Computation took 200.619778 ms
    Reading took     211.633000 us
  Sample 10...
Starting computation...
    Writing took     5.181104 ms
    Computation took 200.761949 ms
    Reading took     130.630000 us
  Sample 11...
Starting computation...
    Writing took     3.194802 ms
    Computation took 200.762705 ms
    Reading took     128.509000 us
  Sample 12...
Starting computation...
    Writing took     3.290205 ms
    Computation took 201.547616 ms
    Reading took     133.466000 us
  Sample 13...
Starting computation...
    Writing took     3.237567 ms
    Computation took 201.463195 ms
    Reading took     133.177000 us
  Sample 14...
Starting computation...
    Writing took     3.345362 ms
    Computation took 201.590768 ms
    Reading took     141.563000 us
  Sample 15...
Starting computation...
    Writing took     3.316340 ms
    Computation took 201.949152 ms
    Reading took     158.586000 us
  Sample 16...
Starting computation...
    Writing took     4.075502 ms
    Computation took 202.900460 ms
    Reading took     157.889000 us
  Sample 17...
Starting computation...
    Writing took     4.020120 ms
    Computation took 203.635826 ms
    Reading took     143.644000 us
  Sample 18...
Starting computation...
    Writing took     3.535246 ms
    Computation took 204.322466 ms
    Reading took     139.003000 us
  Sample 19...
Starting computation...
    Writing took     3.517421 ms
    Computation took 204.387849 ms
    Reading took     216.050000 us
  Sample 20...
Starting computation...
    Writing took     6.409475 ms
    Computation took 203.881016 ms
    Reading took     122.324000 us
  Sample 21...
Starting computation...
    Writing took     2.972984 ms
    Computation took 204.031985 ms
    Reading took     134.576000 us
  Sample 22...
Starting computation...
    Writing took     3.124875 ms
    Computation took 204.245781 ms
    Reading took     129.756000 us
  Sample 23...
Starting computation...
    Writing took     3.539670 ms
    Computation took 204.489897 ms
    Reading took     159.695000 us
  Sample 24...
Starting computation...
    Writing took     4.039768 ms
    Computation took 205.350165 ms
    Reading took     127.797000 us
  Sample 25...
Starting computation...
    Writing took     3.047060 ms
    Computation took 205.170090 ms
    Reading took     150.797000 us
  Sample 26...
Starting computation...
    Writing took     3.779521 ms
    Computation took 205.804539 ms
    Reading took     147.100000 us
  Sample 27...
Starting computation...
    Writing took     3.812146 ms
    Computation took 206.530780 ms
    Reading took     146.669000 us
  Sample 28...
Starting computation...
    Writing took     3.776431 ms
    Computation took 206.581147 ms
    Reading took     236.915000 us
  Sample 29...
Starting computation...
    Writing took     6.441864 ms
    Computation took 205.040009 ms
    Reading took     148.506000 us
  Sample 30...
Starting computation...
    Writing took     3.722411 ms
    Computation took 204.467083 ms
    Reading took     149.969000 us
  Sample 31...
Starting computation...
    Writing took     3.753899 ms
    Computation took 205.432569 ms
    Reading took     147.422000 us
  Sample 32...
Starting computation...
    Writing took     3.785087 ms
    Computation took 205.704687 ms
    Reading took     148.191000 us
  Sample 33...
Starting computation...
    Writing took     3.522498 ms
    Computation took 206.240759 ms
    Reading took     147.491000 us
  Sample 34...
Starting computation...
    Writing took     3.780643 ms
    Computation took 204.629267 ms
    Reading took     221.236000 us
  Sample 35...
Starting computation...
    Writing took     6.446949 ms
    Computation took 205.585133 ms
    Reading took     150.852000 us
  Sample 36...
Starting computation...
    Writing took     3.790493 ms
    Computation took 204.968902 ms
    Reading took     146.310000 us
  Sample 37...
Starting computation...
    Writing took     3.701347 ms
    Computation took 204.545154 ms
    Reading took     159.536000 us
  Sample 38...
Starting computation...
    Writing took     3.731841 ms
    Computation took 204.890996 ms
    Reading took     222.010000 us
  Sample 39...
Starting computation...
    Writing took     6.224512 ms
    Computation took 205.256264 ms
    Reading took     147.931000 us
  Sample 40...
Starting computation...
    Writing took     3.743935 ms
    Computation took 204.279672 ms
    Reading took     149.741000 us
  Sample 41...
Starting computation...
    Writing took     3.769504 ms
    Computation took 204.547152 ms
    Reading took     119.312000 us
  Sample 42...
Starting computation...
    Writing took     2.891897 ms
    Computation took 205.900118 ms
    Reading took     118.814000 us
  Sample 43...
Starting computation...
    Writing took     2.820396 ms
    Computation took 206.591299 ms
    Reading took     156.511000 us
  Sample 44...
Starting computation...
    Writing took     4.909667 ms
    Computation took 206.303136 ms
    Reading took     149.811000 us
  Sample 45...
Starting computation...
    Writing took     3.775201 ms
    Computation took 204.363072 ms
    Reading took     152.430000 us
  Sample 46...
Starting computation...
    Writing took     3.740422 ms
    Computation took 203.770390 ms
    Reading took     147.909000 us
  Sample 47...
Starting computation...
    Writing took     3.762983 ms
    Computation took 204.538086 ms
    Reading took     150.053000 us
  Sample 48...
Starting computation...
    Writing took     3.725197 ms
    Computation took 205.043481 ms
    Reading took     155.632000 us
  Sample 49...
Starting computation...
    Writing took     3.770466 ms
    Computation took 205.206676 ms
    Reading took     120.992000 us
  Sample 50...
Starting computation...
    Writing took     2.973429 ms
    Computation took 205.071645 ms
    Reading took     116.598000 us
  Sample 51...
Starting computation...
    Writing took     2.846105 ms
    Computation took 205.762778 ms
    Reading took     120.015000 us
  Sample 52...
Starting computation...
    Writing took     3.155171 ms
    Computation took 207.336951 ms
    Reading took     128.036000 us
  Sample 53...
Starting computation...
    Writing took     3.015906 ms
    Computation took 206.351953 ms
    Reading took     211.412000 us
  Sample 54...
Starting computation...
    Writing took     5.572403 ms
    Computation took 206.666525 ms
    Reading took     130.969000 us
  Sample 55...
Starting computation...
    Writing took     3.135975 ms
    Computation took 208.609520 ms
    Reading took     132.445000 us
  Sample 56...
Starting computation...
    Writing took     3.214431 ms
    Computation took 209.166301 ms
    Reading took     135.985000 us
  Sample 57...
Starting computation...
    Writing took     3.239369 ms
    Computation took 207.188923 ms
    Reading took     153.649000 us
  Sample 58...
Starting computation...
    Writing took     3.708439 ms
    Computation took 206.643731 ms
    Reading took     147.666000 us
  Sample 59...
Starting computation...
    Writing took     3.805162 ms
    Computation took 204.136832 ms
    Reading took     235.569000 us
  Sample 60...
Starting computation...
    Writing took     6.350209 ms
    Computation took 203.058856 ms
    Reading took     151.121000 us
  Sample 61...
Starting computation...
    Writing took     3.772676 ms
    Computation took 202.103647 ms
    Reading took     149.691000 us
  Sample 62...
Starting computation...
    Writing took     3.789339 ms
    Computation took 201.334874 ms
    Reading took     149.684000 us
  Sample 63...
Starting computation...
    Writing took     7.497556 ms
    Computation took 202.594361 ms
    Reading took     131.596000 us
  Sample 64...
Starting computation...
    Writing took     3.317860 ms
    Computation took 201.468724 ms
    Reading took     126.060000 us
  Sample 65...
Starting computation...
    Writing took     3.397578 ms
    Computation took 201.215900 ms
    Reading took     116.780000 us
  Sample 66...
Starting computation...
    Writing took     3.088507 ms
    Computation took 201.778142 ms
    Reading took     119.408000 us
  Sample 67...
Starting computation...
    Writing took     3.169985 ms
    Computation took 202.621678 ms
    Reading took     112.767000 us
  Sample 68...
Starting computation...
    Writing took     2.857822 ms
    Computation took 203.469784 ms
    Reading took     138.780000 us
  Sample 69...
Starting computation...
    Writing took     3.791574 ms
    Computation took 202.913307 ms
    Reading took     138.046000 us
  Sample 70...
Starting computation...
    Writing took     3.825136 ms
    Computation took 202.890152 ms
    Reading took     138.379000 us
  Sample 71...
Starting computation...
    Writing took     3.757536 ms
    Computation took 203.888770 ms
    Reading took     138.392000 us
  Sample 72...
Starting computation...
    Writing took     3.522429 ms
    Computation took 204.329081 ms
    Reading took     138.221000 us
  Sample 73...
Starting computation...
    Writing took     3.735111 ms
    Computation took 204.416754 ms
    Reading took     139.214000 us
  Sample 74...
Starting computation...
    Writing took     3.730026 ms
    Computation took 204.914198 ms
    Reading took     137.492000 us
  Sample 75...
Starting computation...
    Writing took     3.726054 ms
    Computation took 205.430036 ms
    Reading took     135.842000 us
  Sample 76...
Starting computation...
    Writing took     3.755617 ms
    Computation took 204.375440 ms
    Reading took     137.090000 us
  Sample 77...
Starting computation...
    Writing took     3.691655 ms
    Computation took 204.192389 ms
    Reading took     148.481000 us
  Sample 78...
Starting computation...
    Writing took     3.684405 ms
    Computation took 204.245786 ms
    Reading took     136.800000 us
  Sample 79...
Starting computation...
    Writing took     3.684431 ms
    Computation took 204.451120 ms
    Reading took     152.539000 us
  Sample 80...
Starting computation...
    Writing took     3.708117 ms
    Computation took 205.245310 ms
    Reading took     137.643000 us
  Sample 81...
Starting computation...
    Writing took     3.715142 ms
    Computation took 204.837488 ms
    Reading took     138.766000 us
  Sample 82...
Starting computation...
    Writing took     3.753091 ms
    Computation took 205.017090 ms
    Reading took     112.970000 us
  Sample 83...
Starting computation...
    Writing took     2.936063 ms
    Computation took 205.563841 ms
    Reading took     115.303000 us
  Sample 84...
Starting computation...
    Writing took     2.906665 ms
    Computation took 206.942737 ms
    Reading took     142.543000 us
  Sample 85...
Starting computation...
    Writing took     3.717837 ms
    Computation took 207.547078 ms
    Reading took     111.512000 us
  Sample 86...
Starting computation...
    Writing took     2.914465 ms
    Computation took 207.275218 ms
    Reading took     123.268000 us
  Sample 87...
Starting computation...
    Writing took     3.163910 ms
    Computation took 205.290970 ms
    Reading took     120.818000 us
  Sample 88...
Starting computation...
    Writing took     3.073595 ms
    Computation took 205.585047 ms
    Reading took     110.410000 us
  Sample 89...
Starting computation...
    Writing took     2.867130 ms
    Computation took 204.965439 ms
    Reading took     121.392000 us
  Sample 90...
Starting computation...
    Writing took     3.168997 ms
    Computation took 204.193226 ms
    Reading took     125.190000 us
  Sample 91...
Starting computation...
    Writing took     3.184954 ms
    Computation took 204.430696 ms
    Reading took     126.127000 us
  Sample 92...
Starting computation...
    Writing took     3.168365 ms
    Computation took 205.196371 ms
    Reading took     201.606000 us
  Sample 93...
Starting computation...
    Writing took     5.170192 ms
    Computation took 205.004747 ms
    Reading took     131.706000 us
  Sample 94...
Starting computation...
    Writing took     3.160495 ms
    Computation took 204.101995 ms
    Reading took     143.394000 us
  Sample 95...
Starting computation...
    Writing took     2.951553 ms
    Computation took 204.254810 ms
    Reading took     122.224000 us
  Sample 96...
Starting computation...
    Writing took     2.905077 ms
    Computation took 204.364085 ms
    Reading took     132.820000 us
  Sample 97...
Starting computation...
    Writing took     3.219367 ms
    Computation took 205.487146 ms
    Reading took     130.210000 us
  Sample 98...
Starting computation...
    Writing took     3.135982 ms
    Computation took 205.361673 ms
    Reading took     129.658000 us
  Sample 99...
Starting computation...
    Writing took     3.309467 ms
    Computation took 206.903517 ms
    Reading took     127.540000 us
Mean computation time: 204.206363 ms
Mean deviation: 1.592986 ms (0.780086%)
Mean computation time (per hash): 4.084126 ms
Mean deviation (per hash): 31.859000 us
