Using device #0: CUDA Device 'GeForce GTX 1080 Ti'
  Sample 0...
Starting computation...
    Writing took     11.167989 ms
    Computation took 361.571244 ms
    Reading took     312.805000 us
  Sample 1...
Starting computation...
    Writing took     8.314004 ms
    Computation took 361.049026 ms
    Reading took     310.242000 us
  Sample 2...
Starting computation...
    Writing took     8.680649 ms
    Computation took 361.557718 ms
    Reading took     291.429000 us
  Sample 3...
Starting computation...
    Writing took     8.075923 ms
    Computation took 361.381080 ms
    Reading took     285.043000 us
  Sample 4...
Starting computation...
    Writing took     7.695629 ms
    Computation took 361.198369 ms
    Reading took     309.849000 us
  Sample 5...
Starting computation...
    Writing took     8.500154 ms
    Computation took 361.279652 ms
    Reading took     316.210000 us
  Sample 6...
Starting computation...
    Writing took     9.102727 ms
    Computation took 361.573213 ms
    Reading took     311.281000 us
  Sample 7...
Starting computation...
    Writing took     8.490897 ms
    Computation took 361.981195 ms
    Reading took     301.260000 us
  Sample 8...
Starting computation...
    Writing took     8.511488 ms
    Computation took 361.740748 ms
    Reading took     305.409000 us
  Sample 9...
Starting computation...
    Writing took     10.043211 ms
    Computation took 362.465732 ms
    Reading took     370.407000 us
  Sample 10...
Starting computation...
    Writing took     8.869587 ms
    Computation took 363.205558 ms
    Reading took     309.626000 us
  Sample 11...
Starting computation...
    Writing took     8.522956 ms
    Computation took 362.615432 ms
    Reading took     311.241000 us
  Sample 12...
Starting computation...
    Writing took     8.499079 ms
    Computation took 362.534038 ms
    Reading took     309.780000 us
  Sample 13...
Starting computation...
    Writing took     8.504241 ms
    Computation took 362.319236 ms
    Reading took     444.934000 us
  Sample 14...
Starting computation...
    Writing took     13.587020 ms
    Computation took 364.903874 ms
    Reading took     310.727000 us
  Sample 15...
Starting computation...
    Writing took     8.697342 ms
    Computation took 370.682890 ms
    Reading took     311.283000 us
  Sample 16...
Starting computation...
    Writing took     8.559105 ms
    Computation took 370.536564 ms
    Reading took     309.496000 us
  Sample 17...
Starting computation...
    Writing took     8.522736 ms
    Computation took 369.735353 ms
    Reading took     308.480000 us
  Sample 18...
Starting computation...
    Writing took     9.879792 ms
    Computation took 366.705679 ms
    Reading took     290.088000 us
  Sample 19...
Starting computation...
    Writing took     7.933997 ms
    Computation took 367.113071 ms
    Reading took     325.246000 us
  Sample 20...
Starting computation...
    Writing took     8.869045 ms
    Computation took 365.058965 ms
    Reading took     309.998000 us
  Sample 21...
Starting computation...
    Writing took     8.471674 ms
    Computation took 363.361977 ms
    Reading took     391.831000 us
  Sample 22...
Starting computation...
    Writing took     9.557129 ms
    Computation took 362.264211 ms
    Reading took     309.433000 us
  Sample 23...
Starting computation...
    Writing took     8.446598 ms
    Computation took 361.507193 ms
    Reading took     312.442000 us
  Sample 24...
Starting computation...
    Writing took     7.855003 ms
    Computation took 361.171810 ms
    Reading took     308.452000 us
  Sample 25...
Starting computation...
    Writing took     8.498251 ms
    Computation took 361.476689 ms
    Reading took     309.123000 us
  Sample 26...
Starting computation...
    Writing took     8.501561 ms
    Computation took 364.662964 ms
    Reading took     290.620000 us
  Sample 27...
Starting computation...
    Writing took     8.801427 ms
    Computation took 370.513407 ms
    Reading took     299.544000 us
  Sample 28...
Starting computation...
    Writing took     8.477625 ms
    Computation took 370.708802 ms
    Reading took     301.282000 us
  Sample 29...
Starting computation...
    Writing took     8.268669 ms
    Computation took 369.716492 ms
    Reading took     310.683000 us
  Sample 30...
Starting computation...
    Writing took     8.503728 ms
    Computation took 366.387994 ms
    Reading took     324.189000 us
  Sample 31...
Starting computation...
    Writing took     8.499356 ms
    Computation took 363.739736 ms
    Reading took     300.698000 us
  Sample 32...
Starting computation...
    Writing took     8.108306 ms
    Computation took 363.400715 ms
    Reading took     405.422000 us
  Sample 33...
Starting computation...
    Writing took     12.420914 ms
    Computation took 362.348296 ms
    Reading took     364.934000 us
  Sample 34...
Starting computation...
    Writing took     9.939419 ms
    Computation took 361.750153 ms
    Reading took     335.673000 us
  Sample 35...
Starting computation...
    Writing took     9.294928 ms
    Computation took 361.149246 ms
    Reading took     309.047000 us
  Sample 36...
Starting computation...
    Writing took     9.491863 ms
    Computation took 361.176772 ms
    Reading took     404.019000 us
  Sample 37...
Starting computation...
    Writing took     10.686552 ms
    Computation took 361.181989 ms
    Reading took     309.537000 us
  Sample 38...
Starting computation...
    Writing took     8.493847 ms
    Computation took 361.583610 ms
    Reading took     499.849000 us
  Sample 39...
Starting computation...
    Writing took     13.934573 ms
    Computation took 361.441156 ms
    Reading took     320.093000 us
  Sample 40...
Starting computation...
    Writing took     8.511060 ms
    Computation took 361.533469 ms
    Reading took     505.574000 us
  Sample 41...
Starting computation...
    Writing took     13.922667 ms
    Computation took 361.772269 ms
    Reading took     395.593000 us
  Sample 42...
Starting computation...
    Writing took     10.250012 ms
    Computation took 361.780216 ms
    Reading took     309.002000 us
  Sample 43...
Starting computation...
    Writing took     8.472636 ms
    Computation took 365.037905 ms
    Reading took     406.117000 us
  Sample 44...
Starting computation...
    Writing took     9.353692 ms
    Computation took 370.656994 ms
    Reading took     310.534000 us
  Sample 45...
Starting computation...
    Writing took     8.513844 ms
    Computation took 369.676701 ms
    Reading took     298.860000 us
  Sample 46...
Starting computation...
    Writing took     8.464670 ms
    Computation took 370.303738 ms
    Reading took     309.706000 us
  Sample 47...
Starting computation...
    Writing took     8.487571 ms
    Computation took 368.385842 ms
    Reading took     311.986000 us
  Sample 48...
Starting computation...
    Writing took     8.514576 ms
    Computation took 365.551515 ms
    Reading took     485.465000 us
  Sample 49...
Starting computation...
    Writing took     8.762316 ms
    Computation took 363.318375 ms
    Reading took     299.511000 us
  Sample 50...
Starting computation...
    Writing took     8.290257 ms
    Computation took 363.317107 ms
    Reading took     309.941000 us
  Sample 51...
Starting computation...
    Writing took     8.495159 ms
    Computation took 362.205823 ms
    Reading took     308.996000 us
  Sample 52...
Starting computation...
    Writing took     8.515357 ms
    Computation took 361.657576 ms
    Reading took     292.668000 us
  Sample 53...
Starting computation...
    Writing took     7.944776 ms
    Computation took 361.457467 ms
    Reading took     540.980000 us
  Sample 54...
Starting computation...
    Writing took     15.883343 ms
    Computation took 361.043065 ms
    Reading took     333.332000 us
  Sample 55...
Starting computation...
    Writing took     7.941099 ms
    Computation took 361.188678 ms
    Reading took     308.271000 us
  Sample 56...
Starting computation...
    Writing took     8.503521 ms
    Computation took 361.380142 ms
    Reading took     320.014000 us
  Sample 57...
Starting computation...
    Writing took     8.488935 ms
    Computation took 361.278508 ms
    Reading took     309.221000 us
  Sample 58...
Starting computation...
    Writing took     8.496254 ms
    Computation took 361.386799 ms
    Reading took     413.924000 us
  Sample 59...
Starting computation...
    Writing took     11.439518 ms
    Computation took 361.311082 ms
    Reading took     310.432000 us
  Sample 60...
Starting computation...
    Writing took     8.495012 ms
    Computation took 364.667036 ms
    Reading took     453.779000 us
  Sample 61...
Starting computation...
    Writing took     13.711947 ms
    Computation took 370.604996 ms
    Reading took     320.883000 us
  Sample 62...
Starting computation...
    Writing took     8.473355 ms
    Computation took 370.505058 ms
    Reading took     310.052000 us
  Sample 63...
Starting computation...
    Writing took     8.482603 ms
    Computation took 367.640013 ms
    Reading took     315.129000 us
  Sample 64...
Starting computation...
    Writing took     8.806145 ms
    Computation took 367.893137 ms
    Reading took     308.819000 us
  Sample 65...
Starting computation...
    Writing took     8.503327 ms
    Computation took 365.913686 ms
    Reading took     310.310000 us
  Sample 66...
Starting computation...
    Writing took     8.133150 ms
    Computation took 364.019852 ms
    Reading took     328.489000 us
  Sample 67...
Starting computation...
    Writing took     8.476824 ms
    Computation took 362.685723 ms
    Reading took     309.846000 us
  Sample 68...
Starting computation...
    Writing took     8.471644 ms
    Computation took 362.150323 ms
    Reading took     311.423000 us
  Sample 69...
Starting computation...
    Writing took     8.501059 ms
    Computation took 361.411909 ms
    Reading took     310.196000 us
  Sample 70...
Starting computation...
    Writing took     8.504006 ms
    Computation took 361.261704 ms
    Reading took     310.185000 us
  Sample 71...
Starting computation...
    Writing took     8.486034 ms
    Computation took 361.342676 ms
    Reading took     421.632000 us
  Sample 72...
Starting computation...
    Writing took     9.085998 ms
    Computation took 361.292535 ms
    Reading took     362.959000 us
  Sample 73...
Starting computation...
    Writing took     10.014739 ms
    Computation took 361.264147 ms
    Reading took     331.253000 us
  Sample 74...
Starting computation...
    Writing took     8.560126 ms
    Computation took 361.222199 ms
    Reading took     327.236000 us
  Sample 75...
Starting computation...
    Writing took     8.564953 ms
    Computation took 361.456197 ms
    Reading took     319.207000 us
  Sample 76...
Starting computation...
    Writing took     8.271766 ms
    Computation took 361.555309 ms
    Reading took     432.663000 us
  Sample 77...
Starting computation...
    Writing took     8.614015 ms
    Computation took 363.365258 ms
    Reading took     328.219000 us
  Sample 78...
Starting computation...
    Writing took     8.549539 ms
    Computation took 366.345306 ms
    Reading took     328.641000 us
  Sample 79...
Starting computation...
    Writing took     8.577864 ms
    Computation took 366.403645 ms
    Reading took     328.109000 us
  Sample 80...
Starting computation...
    Writing took     8.572459 ms
    Computation took 364.884332 ms
    Reading took     330.271000 us
  Sample 81...
Starting computation...
    Writing took     8.533832 ms
    Computation took 363.126437 ms
    Reading took     305.472000 us
  Sample 82...
Starting computation...
    Writing took     7.967544 ms
    Computation took 361.866237 ms
    Reading took     330.764000 us
  Sample 83...
Starting computation...
    Writing took     8.565305 ms
    Computation took 362.174405 ms
    Reading took     308.308000 us
  Sample 84...
Starting computation...
    Writing took     8.068315 ms
    Computation took 361.916969 ms
    Reading took     327.798000 us
  Sample 85...
Starting computation...
    Writing took     8.573921 ms
    Computation took 361.620055 ms
    Reading took     332.173000 us
  Sample 86...
Starting computation...
    Writing took     10.939129 ms
    Computation took 362.010691 ms
    Reading took     415.217000 us
  Sample 87...
Starting computation...
    Writing took     11.314103 ms
    Computation took 361.795220 ms
    Reading took     328.072000 us
  Sample 88...
Starting computation...
    Writing took     8.545954 ms
    Computation took 363.535319 ms
    Reading took     329.435000 us
  Sample 89...
Starting computation...
    Writing took     8.575495 ms
    Computation took 366.409044 ms
    Reading took     344.777000 us
  Sample 90...
Starting computation...
    Writing took     8.557183 ms
    Computation took 366.538664 ms
    Reading took     502.700000 us
  Sample 91...
Starting computation...
    Writing took     9.909070 ms
    Computation took 363.960213 ms
    Reading took     423.011000 us
  Sample 92...
Starting computation...
    Writing took     10.384358 ms
    Computation took 363.615241 ms
    Reading took     326.323000 us
  Sample 93...
Starting computation...
    Writing took     9.562273 ms
    Computation took 362.538992 ms
    Reading took     328.154000 us
  Sample 94...
Starting computation...
    Writing took     8.566830 ms
    Computation took 362.401888 ms
    Reading took     393.219000 us
  Sample 95...
Starting computation...
    Writing took     10.434552 ms
    Computation took 361.781419 ms
    Reading took     326.270000 us
  Sample 96...
Starting computation...
    Writing took     8.589165 ms
    Computation took 361.480841 ms
    Reading took     328.203000 us
  Sample 97...
Starting computation...
    Writing took     8.544835 ms
    Computation took 361.838453 ms
    Reading took     329.847000 us
  Sample 98...
Starting computation...
    Writing took     9.027935 ms
    Computation took 361.824663 ms
    Reading took     330.511000 us
  Sample 99...
Starting computation...
    Writing took     8.518704 ms
    Computation took 363.086017 ms
    Reading took     340.726000 us
Mean computation time: 363.664009 ms
Mean deviation: 2.372303 ms (0.652334%)
Mean computation time (per hash): 3.162295 ms
Mean deviation (per hash): 20.628000 us
