Using device #0: CUDA Device 'GeForce GTX 1080 Ti'
  Sample 0...
Starting computation...
    Writing took     3.505240 ms
    Computation took 208.912001 ms
    Reading took     109.722000 us
  Sample 1...
Starting computation...
    Writing took     2.837592 ms
    Computation took 208.839817 ms
    Reading took     109.508000 us
  Sample 2...
Starting computation...
    Writing took     2.825514 ms
    Computation took 208.843189 ms
    Reading took     103.247000 us
  Sample 3...
Starting computation...
    Writing took     2.785281 ms
    Computation took 208.930993 ms
    Reading took     101.549000 us
  Sample 4...
Starting computation...
    Writing took     2.604585 ms
    Computation took 208.879305 ms
    Reading took     122.916000 us
  Sample 5...
Starting computation...
    Writing took     3.194632 ms
    Computation took 208.873836 ms
    Reading took     116.082000 us
  Sample 6...
Starting computation...
    Writing took     2.983822 ms
    Computation took 208.907902 ms
    Reading took     241.984000 us
  Sample 7...
Starting computation...
    Writing took     6.780345 ms
    Computation took 208.938974 ms
    Reading took     142.933000 us
  Sample 8...
Starting computation...
    Writing took     3.465119 ms
    Computation took 208.918414 ms
    Reading took     139.822000 us
  Sample 9...
Starting computation...
    Writing took     3.449718 ms
    Computation took 208.930988 ms
    Reading took     135.701000 us
  Sample 10...
Starting computation...
    Writing took     3.809983 ms
    Computation took 208.976559 ms
    Reading took     137.113000 us
  Sample 11...
Starting computation...
    Writing took     3.409137 ms
    Computation took 208.902747 ms
    Reading took     135.534000 us
  Sample 12...
Starting computation...
    Writing took     3.432451 ms
    Computation took 208.880041 ms
    Reading took     114.284000 us
  Sample 13...
Starting computation...
    Writing took     2.644704 ms
    Computation took 208.912165 ms
    Reading took     117.625000 us
  Sample 14...
Starting computation...
    Writing took     3.140650 ms
    Computation took 208.950781 ms
    Reading took     112.456000 us
  Sample 15...
Starting computation...
    Writing took     2.648967 ms
    Computation took 208.886103 ms
    Reading took     108.561000 us
  Sample 16...
Starting computation...
    Writing took     2.596885 ms
    Computation took 208.876271 ms
    Reading took     211.255000 us
  Sample 17...
Starting computation...
    Writing took     9.720662 ms
    Computation took 208.982327 ms
    Reading took     112.863000 us
  Sample 18...
Starting computation...
    Writing took     2.758791 ms
    Computation took 208.851913 ms
    Reading took     122.700000 us
  Sample 19...
Starting computation...
    Writing took     2.947747 ms
    Computation took 208.908831 ms
    Reading took     118.094000 us
  Sample 20...
Starting computation...
    Writing took     2.909471 ms
    Computation took 208.867776 ms
    Reading took     110.807000 us
  Sample 21...
Starting computation...
    Writing took     2.772607 ms
    Computation took 208.844065 ms
    Reading took     136.497000 us
  Sample 22...
Starting computation...
    Writing took     3.429349 ms
    Computation took 208.938866 ms
    Reading took     133.864000 us
  Sample 23...
Starting computation...
    Writing took     3.423130 ms
    Computation took 208.912354 ms
    Reading took     137.490000 us
  Sample 24...
Starting computation...
    Writing took     3.361104 ms
    Computation took 208.935338 ms
    Reading took     128.455000 us
  Sample 25...
Starting computation...
    Writing took     3.476881 ms
    Computation took 208.913780 ms
    Reading took     104.933000 us
  Sample 26...
Starting computation...
    Writing took     2.623000 ms
    Computation took 208.898930 ms
    Reading took     103.779000 us
  Sample 27...
Starting computation...
    Writing took     2.616608 ms
    Computation took 208.872602 ms
    Reading took     164.458000 us
  Sample 28...
Starting computation...
    Writing took     2.976424 ms
    Computation took 208.892155 ms
    Reading took     130.080000 us
  Sample 29...
Starting computation...
    Writing took     3.444263 ms
    Computation took 208.924184 ms
    Reading took     127.998000 us
  Sample 30...
Starting computation...
    Writing took     3.447512 ms
    Computation took 208.896500 ms
    Reading took     128.629000 us
  Sample 31...
Starting computation...
    Writing took     3.480773 ms
    Computation took 208.948312 ms
    Reading took     139.971000 us
  Sample 32...
Starting computation...
    Writing took     3.351054 ms
    Computation took 208.968458 ms
    Reading took     132.318000 us
  Sample 33...
Starting computation...
    Writing took     3.317554 ms
    Computation took 208.956835 ms
    Reading took     113.754000 us
  Sample 34...
Starting computation...
    Writing took     2.650746 ms
    Computation took 208.915470 ms
    Reading took     141.328000 us
  Sample 35...
Starting computation...
    Writing took     3.046985 ms
    Computation took 209.015616 ms
    Reading took     194.260000 us
  Sample 36...
Starting computation...
    Writing took     5.722684 ms
    Computation took 209.308760 ms
    Reading took     233.989000 us
  Sample 37...
Starting computation...
    Writing took     5.996613 ms
    Computation took 209.286248 ms
    Reading took     112.925000 us
  Sample 38...
Starting computation...
    Writing took     2.615793 ms
    Computation took 209.205759 ms
    Reading took     205.284000 us
  Sample 39...
Starting computation...
    Writing took     5.833486 ms
    Computation took 209.361759 ms
    Reading took     209.123000 us
  Sample 40...
Starting computation...
    Writing took     5.718390 ms
    Computation took 209.354992 ms
    Reading took     128.797000 us
  Sample 41...
Starting computation...
    Writing took     5.470071 ms
    Computation took 209.345554 ms
    Reading took     129.842000 us
  Sample 42...
Starting computation...
    Writing took     3.461263 ms
    Computation took 209.340769 ms
    Reading took     130.380000 us
  Sample 43...
Starting computation...
    Writing took     3.436193 ms
    Computation took 209.346636 ms
    Reading took     196.103000 us
  Sample 44...
Starting computation...
    Writing took     5.902657 ms
    Computation took 209.274378 ms
    Reading took     105.145000 us
  Sample 45...
Starting computation...
    Writing took     2.663087 ms
    Computation took 209.240229 ms
    Reading took     102.184000 us
  Sample 46...
Starting computation...
    Writing took     2.601991 ms
    Computation took 209.226152 ms
    Reading took     129.639000 us
  Sample 47...
Starting computation...
    Writing took     3.443656 ms
    Computation took 209.263824 ms
    Reading took     201.308000 us
  Sample 48...
Starting computation...
    Writing took     5.764327 ms
    Computation took 209.316629 ms
    Reading took     127.359000 us
  Sample 49...
Starting computation...
    Writing took     3.136218 ms
    Computation took 209.237405 ms
    Reading took     127.189000 us
  Sample 50...
Starting computation...
    Writing took     3.464643 ms
    Computation took 209.236824 ms
    Reading took     128.676000 us
  Sample 51...
Starting computation...
    Writing took     3.475074 ms
    Computation took 209.249299 ms
    Reading took     132.667000 us
  Sample 52...
Starting computation...
    Writing took     3.554609 ms
    Computation took 209.298424 ms
    Reading took     139.929000 us
  Sample 53...
Starting computation...
    Writing took     3.411290 ms
    Computation took 209.246337 ms
    Reading took     127.494000 us
  Sample 54...
Starting computation...
    Writing took     3.455481 ms
    Computation took 209.282046 ms
    Reading took     104.621000 us
  Sample 55...
Starting computation...
    Writing took     2.690841 ms
    Computation took 209.196724 ms
    Reading took     107.510000 us
  Sample 56...
Starting computation...
    Writing took     2.814975 ms
    Computation took 209.195283 ms
    Reading took     120.920000 us
  Sample 57...
Starting computation...
    Writing took     3.249115 ms
    Computation took 209.313658 ms
    Reading took     129.972000 us
  Sample 58...
Starting computation...
    Writing took     3.475150 ms
    Computation took 209.251451 ms
    Reading took     128.918000 us
  Sample 59...
Starting computation...
    Writing took     3.441195 ms
    Computation took 209.206420 ms
    Reading took     129.319000 us
  Sample 60...
Starting computation...
    Writing took     3.435527 ms
    Computation took 209.269812 ms
    Reading took     128.996000 us
  Sample 61...
Starting computation...
    Writing took     3.471525 ms
    Computation took 209.197199 ms
    Reading took     127.760000 us
  Sample 62...
Starting computation...
    Writing took     3.438233 ms
    Computation took 209.274005 ms
    Reading took     155.334000 us
  Sample 63...
Starting computation...
    Writing took     3.324621 ms
    Computation took 209.281333 ms
    Reading took     137.503000 us
  Sample 64...
Starting computation...
    Writing took     3.414189 ms
    Computation took 209.247046 ms
    Reading took     135.303000 us
  Sample 65...
Starting computation...
    Writing took     3.408834 ms
    Computation took 209.212320 ms
    Reading took     133.364000 us
  Sample 66...
Starting computation...
    Writing took     3.422441 ms
    Computation took 209.219248 ms
    Reading took     139.560000 us
  Sample 67...
Starting computation...
    Writing took     3.449271 ms
    Computation took 209.280639 ms
    Reading took     136.535000 us
  Sample 68...
Starting computation...
    Writing took     3.446691 ms
    Computation took 209.250145 ms
    Reading took     139.444000 us
  Sample 69...
Starting computation...
    Writing took     3.418396 ms
    Computation took 209.343349 ms
    Reading took     135.000000 us
  Sample 70...
Starting computation...
    Writing took     3.422449 ms
    Computation took 209.266398 ms
    Reading took     135.037000 us
  Sample 71...
Starting computation...
    Writing took     3.417769 ms
    Computation took 209.214700 ms
    Reading took     136.723000 us
  Sample 72...
Starting computation...
    Writing took     3.392477 ms
    Computation took 209.219440 ms
    Reading took     134.990000 us
  Sample 73...
Starting computation...
    Writing took     3.424774 ms
    Computation took 210.749340 ms
    Reading took     138.384000 us
  Sample 74...
Starting computation...
    Writing took     3.437159 ms
    Computation took 211.596882 ms
    Reading took     138.840000 us
  Sample 75...
Starting computation...
    Writing took     3.448703 ms
    Computation took 211.574886 ms
    Reading took     158.610000 us
  Sample 76...
Starting computation...
    Writing took     3.414472 ms
    Computation took 211.533357 ms
    Reading took     135.773000 us
  Sample 77...
Starting computation...
    Writing took     3.445369 ms
    Computation took 211.594881 ms
    Reading took     136.681000 us
  Sample 78...
Starting computation...
    Writing took     3.465814 ms
    Computation took 211.557570 ms
    Reading took     141.541000 us
  Sample 79...
Starting computation...
    Writing took     3.476759 ms
    Computation took 211.608214 ms
    Reading took     134.998000 us
  Sample 80...
Starting computation...
    Writing took     3.447661 ms
    Computation took 211.601258 ms
    Reading took     169.281000 us
  Sample 81...
Starting computation...
    Writing took     3.400029 ms
    Computation took 211.585053 ms
    Reading took     137.837000 us
  Sample 82...
Starting computation...
    Writing took     3.470200 ms
    Computation took 211.571595 ms
    Reading took     137.265000 us
  Sample 83...
Starting computation...
    Writing took     3.476514 ms
    Computation took 211.607332 ms
    Reading took     140.838000 us
  Sample 84...
Starting computation...
    Writing took     3.478165 ms
    Computation took 211.536074 ms
    Reading took     162.482000 us
  Sample 85...
Starting computation...
    Writing took     3.454798 ms
    Computation took 211.515236 ms
    Reading took     172.380000 us
  Sample 86...
Starting computation...
    Writing took     3.399408 ms
    Computation took 211.609167 ms
    Reading took     142.653000 us
  Sample 87...
Starting computation...
    Writing took     3.419299 ms
    Computation took 211.586070 ms
    Reading took     107.865000 us
  Sample 88...
Starting computation...
    Writing took     2.698553 ms
    Computation took 211.487660 ms
    Reading took     111.127000 us
  Sample 89...
Starting computation...
    Writing took     2.680133 ms
    Computation took 211.588210 ms
    Reading took     111.070000 us
  Sample 90...
Starting computation...
    Writing took     2.725646 ms
    Computation took 211.628235 ms
    Reading took     114.417000 us
  Sample 91...
Starting computation...
    Writing took     2.707197 ms
    Computation took 211.538941 ms
    Reading took     135.374000 us
  Sample 92...
Starting computation...
    Writing took     2.626503 ms
    Computation took 211.588124 ms
    Reading took     137.016000 us
  Sample 93...
Starting computation...
    Writing took     3.449041 ms
    Computation took 211.556783 ms
    Reading took     136.710000 us
  Sample 94...
Starting computation...
    Writing took     3.445298 ms
    Computation took 211.538043 ms
    Reading took     139.136000 us
  Sample 95...
Starting computation...
    Writing took     3.420913 ms
    Computation took 211.602829 ms
    Reading took     143.231000 us
  Sample 96...
Starting computation...
    Writing took     3.399095 ms
    Computation took 211.597513 ms
    Reading took     135.210000 us
  Sample 97...
Starting computation...
    Writing took     3.446385 ms
    Computation took 211.631640 ms
    Reading took     135.618000 us
  Sample 98...
Starting computation...
    Writing took     3.543385 ms
    Computation took 211.640552 ms
    Reading took     143.250000 us
  Sample 99...
Starting computation...
    Writing took     3.446814 ms
    Computation took 211.615762 ms
    Reading took     137.221000 us
Mean computation time: 209.755067 ms
Mean deviation: 969.086000 us (0.462008%)
Mean computation time (per hash): 4.559892 ms
Mean deviation (per hash): 21.066000 us
