Using device #0: CUDA Device 'GeForce GTX 1080 Ti'
  Sample 0...
Starting computation...
    Writing took     4.005124 ms
    Computation took 266.077556 ms
    Reading took     167.204000 us
  Sample 1...
Starting computation...
    Writing took     4.250771 ms
    Computation took 278.698699 ms
    Reading took     174.146000 us
  Sample 2...
Starting computation...
    Writing took     4.380254 ms
    Computation took 282.499482 ms
    Reading took     231.886000 us
  Sample 3...
Starting computation...
    Writing took     4.959416 ms
    Computation took 279.947811 ms
    Reading took     181.545000 us
  Sample 4...
Starting computation...
    Writing took     4.678027 ms
    Computation took 273.847087 ms
    Reading took     194.427000 us
  Sample 5...
Starting computation...
    Writing took     4.749760 ms
    Computation took 273.486594 ms
    Reading took     183.364000 us
  Sample 6...
Starting computation...
    Writing took     4.615625 ms
    Computation took 269.487916 ms
    Reading took     217.471000 us
  Sample 7...
Starting computation...
    Writing took     5.631283 ms
    Computation took 268.660273 ms
    Reading took     215.048000 us
  Sample 8...
Starting computation...
    Writing took     5.601339 ms
    Computation took 266.293565 ms
    Reading took     171.965000 us
  Sample 9...
Starting computation...
    Writing took     3.937585 ms
    Computation took 263.698359 ms
    Reading took     179.864000 us
  Sample 10...
Starting computation...
    Writing took     4.435387 ms
    Computation took 262.758533 ms
    Reading took     178.234000 us
  Sample 11...
Starting computation...
    Writing took     4.432686 ms
    Computation took 262.030119 ms
    Reading took     184.389000 us
  Sample 12...
Starting computation...
    Writing took     4.644855 ms
    Computation took 261.750550 ms
    Reading took     179.639000 us
  Sample 13...
Starting computation...
    Writing took     4.397224 ms
    Computation took 261.667175 ms
    Reading took     193.807000 us
  Sample 14...
Starting computation...
    Writing took     4.865428 ms
    Computation took 261.728470 ms
    Reading took     180.530000 us
  Sample 15...
Starting computation...
    Writing took     4.716975 ms
    Computation took 262.026975 ms
    Reading took     187.743000 us
  Sample 16...
Starting computation...
    Writing took     4.465677 ms
    Computation took 262.235134 ms
    Reading took     203.310000 us
  Sample 17...
Starting computation...
    Writing took     5.182976 ms
    Computation took 261.714940 ms
    Reading took     202.325000 us
  Sample 18...
Starting computation...
    Writing took     5.165761 ms
    Computation took 261.820695 ms
    Reading took     255.422000 us
  Sample 19...
Starting computation...
    Writing took     7.298654 ms
    Computation took 261.702570 ms
    Reading took     176.880000 us
  Sample 20...
Starting computation...
    Writing took     4.476619 ms
    Computation took 262.209362 ms
    Reading took     209.169000 us
  Sample 21...
Starting computation...
    Writing took     4.991579 ms
    Computation took 261.765442 ms
    Reading took     220.435000 us
  Sample 22...
Starting computation...
    Writing took     5.209924 ms
    Computation took 261.865415 ms
    Reading took     202.361000 us
  Sample 23...
Starting computation...
    Writing took     5.216539 ms
    Computation took 264.068764 ms
    Reading took     311.161000 us
  Sample 24...
Starting computation...
    Writing took     8.945918 ms
    Computation took 261.846975 ms
    Reading took     199.636000 us
  Sample 25...
Starting computation...
    Writing took     5.803989 ms
    Computation took 261.663377 ms
    Reading took     209.095000 us
  Sample 26...
Starting computation...
    Writing took     5.196380 ms
    Computation took 261.940513 ms
    Reading took     202.376000 us
  Sample 27...
Starting computation...
    Writing took     5.212704 ms
    Computation took 263.170337 ms
    Reading took     324.564000 us
  Sample 28...
Starting computation...
    Writing took     8.884399 ms
    Computation took 263.014013 ms
    Reading took     199.497000 us
  Sample 29...
Starting computation...
    Writing took     5.197516 ms
    Computation took 262.365794 ms
    Reading took     299.430000 us
  Sample 30...
Starting computation...
    Writing took     8.875889 ms
    Computation took 265.830826 ms
    Reading took     201.226000 us
  Sample 31...
Starting computation...
    Writing took     5.199135 ms
    Computation took 274.277811 ms
    Reading took     202.772000 us
  Sample 32...
Starting computation...
    Writing took     5.183896 ms
    Computation took 275.024002 ms
    Reading took     202.436000 us
  Sample 33...
Starting computation...
    Writing took     5.180753 ms
    Computation took 272.595713 ms
    Reading took     201.703000 us
  Sample 34...
Starting computation...
    Writing took     5.153869 ms
    Computation took 270.898428 ms
    Reading took     199.127000 us
  Sample 35...
Starting computation...
    Writing took     5.183089 ms
    Computation took 268.533596 ms
    Reading took     199.615000 us
  Sample 36...
Starting computation...
    Writing took     5.193364 ms
    Computation took 266.541807 ms
    Reading took     214.470000 us
  Sample 37...
Starting computation...
    Writing took     5.222878 ms
    Computation took 264.236552 ms
    Reading took     205.569000 us
  Sample 38...
Starting computation...
    Writing took     5.202728 ms
    Computation took 262.576628 ms
    Reading took     201.023000 us
  Sample 39...
Starting computation...
    Writing took     5.152621 ms
    Computation took 261.983695 ms
    Reading took     199.148000 us
  Sample 40...
Starting computation...
    Writing took     5.141568 ms
    Computation took 261.575589 ms
    Reading took     163.705000 us
  Sample 41...
Starting computation...
    Writing took     3.919328 ms
    Computation took 263.027315 ms
    Reading took     171.634000 us
  Sample 42...
Starting computation...
    Writing took     4.338840 ms
    Computation took 261.581508 ms
    Reading took     171.524000 us
  Sample 43...
Starting computation...
    Writing took     4.134388 ms
    Computation took 262.542069 ms
    Reading took     149.676000 us
  Sample 44...
Starting computation...
    Writing took     5.344980 ms
    Computation took 261.607822 ms
    Reading took     163.699000 us
  Sample 45...
Starting computation...
    Writing took     4.827230 ms
    Computation took 261.548891 ms
    Reading took     151.764000 us
  Sample 46...
Starting computation...
    Writing took     4.808406 ms
    Computation took 262.777993 ms
    Reading took     158.618000 us
  Sample 47...
Starting computation...
    Writing took     4.230923 ms
    Computation took 261.766108 ms
    Reading took     162.347000 us
  Sample 48...
Starting computation...
    Writing took     4.248134 ms
    Computation took 261.834984 ms
    Reading took     159.306000 us
  Sample 49...
Starting computation...
    Writing took     4.690418 ms
    Computation took 263.050410 ms
    Reading took     162.276000 us
  Sample 50...
Starting computation...
    Writing took     4.185659 ms
    Computation took 262.382827 ms
    Reading took     165.213000 us
  Sample 51...
Starting computation...
    Writing took     4.381606 ms
    Computation took 263.010586 ms
    Reading took     175.091000 us
  Sample 52...
Starting computation...
    Writing took     4.418406 ms
    Computation took 262.610269 ms
    Reading took     171.991000 us
  Sample 53...
Starting computation...
    Writing took     4.370943 ms
    Computation took 262.678911 ms
    Reading took     176.819000 us
  Sample 54...
Starting computation...
    Writing took     4.723953 ms
    Computation took 262.372002 ms
    Reading took     264.481000 us
  Sample 55...
Starting computation...
    Writing took     6.817452 ms
    Computation took 261.772298 ms
    Reading took     172.917000 us
  Sample 56...
Starting computation...
    Writing took     4.209826 ms
    Computation took 261.583865 ms
    Reading took     167.811000 us
  Sample 57...
Starting computation...
    Writing took     4.116935 ms
    Computation took 261.681752 ms
    Reading took     169.365000 us
  Sample 58...
Starting computation...
    Writing took     3.888597 ms
    Computation took 262.105013 ms
    Reading took     178.712000 us
  Sample 59...
Starting computation...
    Writing took     4.531435 ms
    Computation took 262.114569 ms
    Reading took     176.107000 us
  Sample 60...
Starting computation...
    Writing took     4.271221 ms
    Computation took 262.345330 ms
    Reading took     173.221000 us
  Sample 61...
Starting computation...
    Writing took     4.273900 ms
    Computation took 262.514898 ms
    Reading took     320.258000 us
  Sample 62...
Starting computation...
    Writing took     8.673135 ms
    Computation took 262.554390 ms
    Reading took     216.542000 us
  Sample 63...
Starting computation...
    Writing took     5.536489 ms
    Computation took 262.913239 ms
    Reading took     213.894000 us
  Sample 64...
Starting computation...
    Writing took     5.586188 ms
    Computation took 262.707437 ms
    Reading took     176.752000 us
  Sample 65...
Starting computation...
    Writing took     4.472941 ms
    Computation took 265.477258 ms
    Reading took     181.822000 us
  Sample 66...
Starting computation...
    Writing took     4.655939 ms
    Computation took 273.111165 ms
    Reading took     179.114000 us
  Sample 67...
Starting computation...
    Writing took     4.418097 ms
    Computation took 273.554917 ms
    Reading took     185.977000 us
  Sample 68...
Starting computation...
    Writing took     4.587313 ms
    Computation took 272.188235 ms
    Reading took     172.299000 us
  Sample 69...
Starting computation...
    Writing took     4.608529 ms
    Computation took 270.551107 ms
    Reading took     318.208000 us
  Sample 70...
Starting computation...
    Writing took     10.440419 ms
    Computation took 265.414010 ms
    Reading took     199.059000 us
  Sample 71...
Starting computation...
    Writing took     5.182108 ms
    Computation took 265.524765 ms
    Reading took     206.476000 us
  Sample 72...
Starting computation...
    Writing took     5.258867 ms
    Computation took 264.647807 ms
    Reading took     195.273000 us
  Sample 73...
Starting computation...
    Writing took     5.195222 ms
    Computation took 263.201371 ms
    Reading took     203.496000 us
  Sample 74...
Starting computation...
    Writing took     5.850708 ms
    Computation took 262.013795 ms
    Reading took     202.550000 us
  Sample 75...
Starting computation...
    Writing took     5.227427 ms
    Computation took 261.706256 ms
    Reading took     309.535000 us
  Sample 76...
Starting computation...
    Writing took     8.760514 ms
    Computation took 261.961744 ms
    Reading took     313.286000 us
  Sample 77...
Starting computation...
    Writing took     8.835111 ms
    Computation took 261.785729 ms
    Reading took     201.627000 us
  Sample 78...
Starting computation...
    Writing took     5.184357 ms
    Computation took 262.339184 ms
    Reading took     202.036000 us
  Sample 79...
Starting computation...
    Writing took     5.192332 ms
    Computation took 261.712104 ms
    Reading took     202.532000 us
  Sample 80...
Starting computation...
    Writing took     5.192860 ms
    Computation took 262.291062 ms
    Reading took     204.367000 us
  Sample 81...
Starting computation...
    Writing took     5.621172 ms
    Computation took 261.665020 ms
    Reading took     200.610000 us
  Sample 82...
Starting computation...
    Writing took     5.180932 ms
    Computation took 261.668028 ms
    Reading took     207.430000 us
  Sample 83...
Starting computation...
    Writing took     6.415140 ms
    Computation took 263.182121 ms
    Reading took     201.291000 us
  Sample 84...
Starting computation...
    Writing took     5.258378 ms
    Computation took 262.019905 ms
    Reading took     163.331000 us
  Sample 85...
Starting computation...
    Writing took     4.083114 ms
    Computation took 262.407628 ms
    Reading took     203.770000 us
  Sample 86...
Starting computation...
    Writing took     5.093911 ms
    Computation took 263.348351 ms
    Reading took     317.946000 us
  Sample 87...
Starting computation...
    Writing took     8.659976 ms
    Computation took 263.504148 ms
    Reading took     203.258000 us
  Sample 88...
Starting computation...
    Writing took     5.598455 ms
    Computation took 264.089894 ms
    Reading took     203.018000 us
  Sample 89...
Starting computation...
    Writing took     5.566674 ms
    Computation took 264.875148 ms
    Reading took     204.702000 us
  Sample 90...
Starting computation...
    Writing took     5.604272 ms
    Computation took 264.789230 ms
    Reading took     156.667000 us
  Sample 91...
Starting computation...
    Writing took     4.265481 ms
    Computation took 262.603722 ms
    Reading took     185.242000 us
  Sample 92...
Starting computation...
    Writing took     4.637924 ms
    Computation took 262.786795 ms
    Reading took     161.036000 us
  Sample 93...
Starting computation...
    Writing took     4.335561 ms
    Computation took 261.977264 ms
    Reading took     149.019000 us
  Sample 94...
Starting computation...
    Writing took     3.941534 ms
    Computation took 262.217020 ms
    Reading took     149.478000 us
  Sample 95...
Starting computation...
    Writing took     4.145193 ms
    Computation took 262.288404 ms
    Reading took     329.481000 us
  Sample 96...
Starting computation...
    Writing took     8.712596 ms
    Computation took 262.457029 ms
    Reading took     207.133000 us
  Sample 97...
Starting computation...
    Writing took     5.570646 ms
    Computation took 263.057883 ms
    Reading took     204.486000 us
  Sample 98...
Starting computation...
    Writing took     5.560456 ms
    Computation took 262.538259 ms
    Reading took     202.848000 us
  Sample 99...
Starting computation...
    Writing took     4.890554 ms
    Computation took 262.450674 ms
    Reading took     166.892000 us
Mean computation time: 264.466086 ms
Mean deviation: 3.134330 ms (1.18515%)
Mean computation time (per hash): 3.832841 ms
Mean deviation (per hash): 45.424000 us
