Using device #0: CUDA Device 'GeForce GTX 1080 Ti'
  Sample 0...
Starting computation...
    Writing took     1.361972 ms
    Computation took 198.198796 ms
    Reading took     35.299000 us
  Sample 1...
Starting computation...
    Writing took     813.740000 us
    Computation took 198.118299 ms
    Reading took     32.893000 us
  Sample 2...
Starting computation...
    Writing took     819.718000 us
    Computation took 198.084274 ms
    Reading took     33.428000 us
  Sample 3...
Starting computation...
    Writing took     821.626000 us
    Computation took 198.054684 ms
    Reading took     25.161000 us
  Sample 4...
Starting computation...
    Writing took     562.195000 us
    Computation took 198.051033 ms
    Reading took     23.755000 us
  Sample 5...
Starting computation...
    Writing took     566.454000 us
    Computation took 198.070202 ms
    Reading took     25.246000 us
  Sample 6...
Starting computation...
    Writing took     586.111000 us
    Computation took 198.090070 ms
    Reading took     24.960000 us
  Sample 7...
Starting computation...
    Writing took     604.868000 us
    Computation took 198.079549 ms
    Reading took     25.745000 us
  Sample 8...
Starting computation...
    Writing took     625.588000 us
    Computation took 198.052307 ms
    Reading took     24.556000 us
  Sample 9...
Starting computation...
    Writing took     585.263000 us
    Computation took 198.087147 ms
    Reading took     24.407000 us
  Sample 10...
Starting computation...
    Writing took     581.717000 us
    Computation took 198.105564 ms
    Reading took     45.474000 us
  Sample 11...
Starting computation...
    Writing took     1.130701 ms
    Computation took 198.117311 ms
    Reading took     37.215000 us
  Sample 12...
Starting computation...
    Writing took     823.122000 us
    Computation took 198.118908 ms
    Reading took     44.896000 us
  Sample 13...
Starting computation...
    Writing took     1.063365 ms
    Computation took 198.086854 ms
    Reading took     32.927000 us
  Sample 14...
Starting computation...
    Writing took     793.368000 us
    Computation took 198.086166 ms
    Reading took     34.615000 us
  Sample 15...
Starting computation...
    Writing took     809.977000 us
    Computation took 198.068525 ms
    Reading took     26.086000 us
  Sample 16...
Starting computation...
    Writing took     604.304000 us
    Computation took 198.078994 ms
    Reading took     29.907000 us
  Sample 17...
Starting computation...
    Writing took     598.025000 us
    Computation took 198.106483 ms
    Reading took     43.915000 us
  Sample 18...
Starting computation...
    Writing took     1.099755 ms
    Computation took 198.114146 ms
    Reading took     31.994000 us
  Sample 19...
Starting computation...
    Writing took     800.697000 us
    Computation took 198.045870 ms
    Reading took     30.757000 us
  Sample 20...
Starting computation...
    Writing took     793.846000 us
    Computation took 198.061007 ms
    Reading took     33.341000 us
  Sample 21...
Starting computation...
    Writing took     818.706000 us
    Computation took 198.075388 ms
    Reading took     33.820000 us
  Sample 22...
Starting computation...
    Writing took     821.244000 us
    Computation took 198.083303 ms
    Reading took     25.234000 us
  Sample 23...
Starting computation...
    Writing took     579.332000 us
    Computation took 198.065814 ms
    Reading took     24.834000 us
  Sample 24...
Starting computation...
    Writing took     570.022000 us
    Computation took 198.090469 ms
    Reading took     24.554000 us
  Sample 25...
Starting computation...
    Writing took     591.720000 us
    Computation took 198.114548 ms
    Reading took     22.597000 us
  Sample 26...
Starting computation...
    Writing took     563.103000 us
    Computation took 198.075212 ms
    Reading took     23.604000 us
  Sample 27...
Starting computation...
    Writing took     568.459000 us
    Computation took 198.071073 ms
    Reading took     26.294000 us
  Sample 28...
Starting computation...
    Writing took     640.812000 us
    Computation took 198.061576 ms
    Reading took     24.537000 us
  Sample 29...
Starting computation...
    Writing took     578.130000 us
    Computation took 198.047216 ms
    Reading took     22.402000 us
  Sample 30...
Starting computation...
    Writing took     562.307000 us
    Computation took 198.071857 ms
    Reading took     26.135000 us
  Sample 31...
Starting computation...
    Writing took     626.017000 us
    Computation took 198.080584 ms
    Reading took     24.954000 us
  Sample 32...
Starting computation...
    Writing took     586.794000 us
    Computation took 198.025396 ms
    Reading took     24.791000 us
  Sample 33...
Starting computation...
    Writing took     579.439000 us
    Computation took 198.075173 ms
    Reading took     26.375000 us
  Sample 34...
Starting computation...
    Writing took     620.501000 us
    Computation took 198.076580 ms
    Reading took     25.386000 us
  Sample 35...
Starting computation...
    Writing took     624.916000 us
    Computation took 198.057964 ms
    Reading took     22.982000 us
  Sample 36...
Starting computation...
    Writing took     562.302000 us
    Computation took 198.045624 ms
    Reading took     24.618000 us
  Sample 37...
Starting computation...
    Writing took     602.456000 us
    Computation took 198.055743 ms
    Reading took     26.188000 us
  Sample 38...
Starting computation...
    Writing took     662.659000 us
    Computation took 198.138110 ms
    Reading took     24.796000 us
  Sample 39...
Starting computation...
    Writing took     588.329000 us
    Computation took 198.079357 ms
    Reading took     25.271000 us
  Sample 40...
Starting computation...
    Writing took     609.042000 us
    Computation took 198.115283 ms
    Reading took     28.650000 us
  Sample 41...
Starting computation...
    Writing took     680.515000 us
    Computation took 198.143985 ms
    Reading took     25.037000 us
  Sample 42...
Starting computation...
    Writing took     587.558000 us
    Computation took 198.055054 ms
    Reading took     22.092000 us
  Sample 43...
Starting computation...
    Writing took     562.597000 us
    Computation took 198.082216 ms
    Reading took     24.449000 us
  Sample 44...
Starting computation...
    Writing took     575.179000 us
    Computation took 198.065922 ms
    Reading took     22.640000 us
  Sample 45...
Starting computation...
    Writing took     562.459000 us
    Computation took 198.058045 ms
    Reading took     21.878000 us
  Sample 46...
Starting computation...
    Writing took     562.493000 us
    Computation took 198.071501 ms
    Reading took     22.005000 us
  Sample 47...
Starting computation...
    Writing took     562.460000 us
    Computation took 198.048052 ms
    Reading took     25.213000 us
  Sample 48...
Starting computation...
    Writing took     576.016000 us
    Computation took 198.111826 ms
    Reading took     23.717000 us
  Sample 49...
Starting computation...
    Writing took     572.222000 us
    Computation took 198.110721 ms
    Reading took     25.095000 us
  Sample 50...
Starting computation...
    Writing took     584.069000 us
    Computation took 198.101361 ms
    Reading took     24.918000 us
  Sample 51...
Starting computation...
    Writing took     587.875000 us
    Computation took 198.089428 ms
    Reading took     22.236000 us
  Sample 52...
Starting computation...
    Writing took     562.437000 us
    Computation took 198.107209 ms
    Reading took     51.728000 us
  Sample 53...
Starting computation...
    Writing took     1.365069 ms
    Computation took 198.107711 ms
    Reading took     32.604000 us
  Sample 54...
Starting computation...
    Writing took     824.095000 us
    Computation took 198.079343 ms
    Reading took     30.727000 us
  Sample 55...
Starting computation...
    Writing took     794.158000 us
    Computation took 198.076225 ms
    Reading took     31.887000 us
  Sample 56...
Starting computation...
    Writing took     797.955000 us
    Computation took 198.029547 ms
    Reading took     22.327000 us
  Sample 57...
Starting computation...
    Writing took     562.677000 us
    Computation took 198.078795 ms
    Reading took     24.529000 us
  Sample 58...
Starting computation...
    Writing took     580.865000 us
    Computation took 198.071225 ms
    Reading took     25.955000 us
  Sample 59...
Starting computation...
    Writing took     624.574000 us
    Computation took 198.090763 ms
    Reading took     25.218000 us
  Sample 60...
Starting computation...
    Writing took     627.365000 us
    Computation took 198.074025 ms
    Reading took     24.803000 us
  Sample 61...
Starting computation...
    Writing took     592.176000 us
    Computation took 198.069214 ms
    Reading took     26.595000 us
  Sample 62...
Starting computation...
    Writing took     624.644000 us
    Computation took 198.095975 ms
    Reading took     24.235000 us
  Sample 63...
Starting computation...
    Writing took     587.166000 us
    Computation took 198.059190 ms
    Reading took     24.469000 us
  Sample 64...
Starting computation...
    Writing took     590.366000 us
    Computation took 198.061101 ms
    Reading took     24.367000 us
  Sample 65...
Starting computation...
    Writing took     608.772000 us
    Computation took 198.080715 ms
    Reading took     24.387000 us
  Sample 66...
Starting computation...
    Writing took     585.892000 us
    Computation took 198.090273 ms
    Reading took     24.149000 us
  Sample 67...
Starting computation...
    Writing took     578.921000 us
    Computation took 198.044974 ms
    Reading took     22.371000 us
  Sample 68...
Starting computation...
    Writing took     562.105000 us
    Computation took 198.063336 ms
    Reading took     22.650000 us
  Sample 69...
Starting computation...
    Writing took     562.321000 us
    Computation took 198.046224 ms
    Reading took     32.394000 us
  Sample 70...
Starting computation...
    Writing took     586.245000 us
    Computation took 198.090169 ms
    Reading took     24.445000 us
  Sample 71...
Starting computation...
    Writing took     582.150000 us
    Computation took 198.070302 ms
    Reading took     23.571000 us
  Sample 72...
Starting computation...
    Writing took     568.677000 us
    Computation took 198.097369 ms
    Reading took     40.563000 us
  Sample 73...
Starting computation...
    Writing took     912.206000 us
    Computation took 198.088933 ms
    Reading took     28.110000 us
  Sample 74...
Starting computation...
    Writing took     588.751000 us
    Computation took 198.064304 ms
    Reading took     27.553000 us
  Sample 75...
Starting computation...
    Writing took     594.020000 us
    Computation took 198.085113 ms
    Reading took     28.836000 us
  Sample 76...
Starting computation...
    Writing took     655.351000 us
    Computation took 198.090842 ms
    Reading took     28.959000 us
  Sample 77...
Starting computation...
    Writing took     700.217000 us
    Computation took 198.110545 ms
    Reading took     28.401000 us
  Sample 78...
Starting computation...
    Writing took     610.256000 us
    Computation took 198.082506 ms
    Reading took     27.659000 us
  Sample 79...
Starting computation...
    Writing took     597.024000 us
    Computation took 198.110208 ms
    Reading took     30.375000 us
  Sample 80...
Starting computation...
    Writing took     683.290000 us
    Computation took 198.087835 ms
    Reading took     29.587000 us
  Sample 81...
Starting computation...
    Writing took     602.770000 us
    Computation took 198.043513 ms
    Reading took     28.366000 us
  Sample 82...
Starting computation...
    Writing took     597.905000 us
    Computation took 198.065550 ms
    Reading took     28.560000 us
  Sample 83...
Starting computation...
    Writing took     593.639000 us
    Computation took 198.057708 ms
    Reading took     28.120000 us
  Sample 84...
Starting computation...
    Writing took     693.353000 us
    Computation took 198.087576 ms
    Reading took     27.911000 us
  Sample 85...
Starting computation...
    Writing took     597.990000 us
    Computation took 198.096078 ms
    Reading took     27.990000 us
  Sample 86...
Starting computation...
    Writing took     596.644000 us
    Computation took 198.101435 ms
    Reading took     27.067000 us
  Sample 87...
Starting computation...
    Writing took     585.278000 us
    Computation took 198.112016 ms
    Reading took     44.368000 us
  Sample 88...
Starting computation...
    Writing took     1.120036 ms
    Computation took 198.114809 ms
    Reading took     30.646000 us
  Sample 89...
Starting computation...
    Writing took     793.844000 us
    Computation took 198.076033 ms
    Reading took     31.737000 us
  Sample 90...
Starting computation...
    Writing took     794.166000 us
    Computation took 198.069067 ms
    Reading took     32.771000 us
  Sample 91...
Starting computation...
    Writing took     822.662000 us
    Computation took 198.109066 ms
    Reading took     24.688000 us
  Sample 92...
Starting computation...
    Writing took     588.334000 us
    Computation took 198.128096 ms
    Reading took     34.675000 us
  Sample 93...
Starting computation...
    Writing took     821.011000 us
    Computation took 198.130641 ms
    Reading took     31.646000 us
  Sample 94...
Starting computation...
    Writing took     798.665000 us
    Computation took 198.099040 ms
    Reading took     29.440000 us
  Sample 95...
Starting computation...
    Writing took     795.246000 us
    Computation took 198.128123 ms
    Reading took     32.129000 us
  Sample 96...
Starting computation...
    Writing took     822.865000 us
    Computation took 198.103323 ms
    Reading took     21.866000 us
  Sample 97...
Starting computation...
    Writing took     564.685000 us
    Computation took 198.781773 ms
    Reading took     53.223000 us
  Sample 98...
Starting computation...
    Writing took     834.080000 us
    Computation took 198.085789 ms
    Reading took     35.825000 us
  Sample 99...
Starting computation...
    Writing took     836.251000 us
    Computation took 198.076114 ms
    Reading took     36.364000 us
Mean computation time: 198.090902 ms
Mean deviation: 28.615000 us (0.0144454%)
Mean computation time (per hash): 19.809089 ms
Mean deviation (per hash): 2.861000 us
