Using device #0: CUDA Device 'GeForce GTX 1080 Ti'
  Sample 0...
Starting computation...
    Writing took     4.042059 ms
    Computation took 242.267846 ms
    Reading took     182.625000 us
  Sample 1...
Starting computation...
    Writing took     4.649516 ms
    Computation took 242.259531 ms
    Reading took     173.184000 us
  Sample 2...
Starting computation...
    Writing took     4.631293 ms
    Computation took 242.503529 ms
    Reading took     189.328000 us
  Sample 3...
Starting computation...
    Writing took     5.208619 ms
    Computation took 242.592540 ms
    Reading took     252.476000 us
  Sample 4...
Starting computation...
    Writing took     7.061031 ms
    Computation took 242.456630 ms
    Reading took     184.314000 us
  Sample 5...
Starting computation...
    Writing took     4.641571 ms
    Computation took 242.511647 ms
    Reading took     190.001000 us
  Sample 6...
Starting computation...
    Writing took     4.337495 ms
    Computation took 242.450941 ms
    Reading took     185.691000 us
  Sample 7...
Starting computation...
    Writing took     4.626820 ms
    Computation took 242.421626 ms
    Reading took     202.509000 us
  Sample 8...
Starting computation...
    Writing took     5.253229 ms
    Computation took 242.355354 ms
    Reading took     203.518000 us
  Sample 9...
Starting computation...
    Writing took     5.268987 ms
    Computation took 242.742924 ms
    Reading took     332.972000 us
  Sample 10...
Starting computation...
    Writing took     7.917233 ms
    Computation took 243.408021 ms
    Reading took     308.805000 us
  Sample 11...
Starting computation...
    Writing took     9.112067 ms
    Computation took 243.061652 ms
    Reading took     204.568000 us
  Sample 12...
Starting computation...
    Writing took     5.255709 ms
    Computation took 242.535677 ms
    Reading took     204.319000 us
  Sample 13...
Starting computation...
    Writing took     5.358718 ms
    Computation took 242.527687 ms
    Reading took     203.099000 us
  Sample 14...
Starting computation...
    Writing took     5.243091 ms
    Computation took 243.689390 ms
    Reading took     203.403000 us
  Sample 15...
Starting computation...
    Writing took     5.294569 ms
    Computation took 244.806124 ms
    Reading took     205.410000 us
  Sample 16...
Starting computation...
    Writing took     6.070446 ms
    Computation took 244.708859 ms
    Reading took     212.561000 us
  Sample 17...
Starting computation...
    Writing took     5.240747 ms
    Computation took 245.434970 ms
    Reading took     182.716000 us
  Sample 18...
Starting computation...
    Writing took     4.396717 ms
    Computation took 245.032978 ms
    Reading took     258.562000 us
  Sample 19...
Starting computation...
    Writing took     4.006351 ms
    Computation took 245.570657 ms
    Reading took     175.035000 us
  Sample 20...
Starting computation...
    Writing took     4.371890 ms
    Computation took 244.721824 ms
    Reading took     166.257000 us
  Sample 21...
Starting computation...
    Writing took     4.535205 ms
    Computation took 243.265920 ms
    Reading took     175.700000 us
  Sample 22...
Starting computation...
    Writing took     4.280914 ms
    Computation took 243.122353 ms
    Reading took     407.142000 us
  Sample 23...
Starting computation...
    Writing took     6.556557 ms
    Computation took 244.424333 ms
    Reading took     222.789000 us
  Sample 24...
Starting computation...
    Writing took     5.691973 ms
    Computation took 247.142540 ms
    Reading took     337.163000 us
  Sample 25...
Starting computation...
    Writing took     9.017753 ms
    Computation took 245.763792 ms
    Reading took     205.099000 us
  Sample 26...
Starting computation...
    Writing took     5.754762 ms
    Computation took 244.726306 ms
    Reading took     203.156000 us
  Sample 27...
Starting computation...
    Writing took     5.278702 ms
    Computation took 245.563192 ms
    Reading took     206.833000 us
  Sample 28...
Starting computation...
    Writing took     5.250331 ms
    Computation took 246.648842 ms
    Reading took     204.486000 us
  Sample 29...
Starting computation...
    Writing took     5.264526 ms
    Computation took 245.624854 ms
    Reading took     223.370000 us
  Sample 30...
Starting computation...
    Writing took     5.253243 ms
    Computation took 244.726169 ms
    Reading took     179.075000 us
  Sample 31...
Starting computation...
    Writing took     4.607160 ms
    Computation took 244.563315 ms
    Reading took     179.955000 us
  Sample 32...
Starting computation...
    Writing took     4.589628 ms
    Computation took 244.666180 ms
    Reading took     151.596000 us
  Sample 33...
Starting computation...
    Writing took     4.000344 ms
    Computation took 244.878165 ms
    Reading took     164.307000 us
  Sample 34...
Starting computation...
    Writing took     4.406468 ms
    Computation took 245.527564 ms
    Reading took     167.185000 us
  Sample 35...
Starting computation...
    Writing took     4.639282 ms
    Computation took 245.387460 ms
    Reading took     166.835000 us
  Sample 36...
Starting computation...
    Writing took     4.116257 ms
    Computation took 246.679447 ms
    Reading took     163.245000 us
  Sample 37...
Starting computation...
    Writing took     4.093889 ms
    Computation took 246.434765 ms
    Reading took     163.724000 us
  Sample 38...
Starting computation...
    Writing took     4.083688 ms
    Computation took 246.942230 ms
    Reading took     182.289000 us
  Sample 39...
Starting computation...
    Writing took     4.304060 ms
    Computation took 245.399859 ms
    Reading took     222.165000 us
  Sample 40...
Starting computation...
    Writing took     6.831758 ms
    Computation took 244.840346 ms
    Reading took     307.771000 us
  Sample 41...
Starting computation...
    Writing took     7.777389 ms
    Computation took 243.276837 ms
    Reading took     201.483000 us
  Sample 42...
Starting computation...
    Writing took     5.811330 ms
    Computation took 243.048123 ms
    Reading took     203.269000 us
  Sample 43...
Starting computation...
    Writing took     5.290523 ms
    Computation took 242.640175 ms
    Reading took     165.472000 us
  Sample 44...
Starting computation...
    Writing took     4.079822 ms
    Computation took 242.275862 ms
    Reading took     176.618000 us
  Sample 45...
Starting computation...
    Writing took     4.465170 ms
    Computation took 242.206564 ms
    Reading took     179.884000 us
  Sample 46...
Starting computation...
    Writing took     4.364893 ms
    Computation took 242.609978 ms
    Reading took     176.944000 us
  Sample 47...
Starting computation...
    Writing took     4.517289 ms
    Computation took 242.700398 ms
    Reading took     214.125000 us
  Sample 48...
Starting computation...
    Writing took     5.253492 ms
    Computation took 242.544411 ms
    Reading took     204.529000 us
  Sample 49...
Starting computation...
    Writing took     5.231373 ms
    Computation took 242.506540 ms
    Reading took     204.994000 us
  Sample 50...
Starting computation...
    Writing took     5.234812 ms
    Computation took 243.838479 ms
    Reading took     164.720000 us
  Sample 51...
Starting computation...
    Writing took     4.124261 ms
    Computation took 245.884781 ms
    Reading took     171.960000 us
  Sample 52...
Starting computation...
    Writing took     3.944669 ms
    Computation took 245.614915 ms
    Reading took     182.782000 us
  Sample 53...
Starting computation...
    Writing took     4.660625 ms
    Computation took 244.697783 ms
    Reading took     179.445000 us
  Sample 54...
Starting computation...
    Writing took     4.568066 ms
    Computation took 245.223438 ms
    Reading took     178.117000 us
  Sample 55...
Starting computation...
    Writing took     4.400685 ms
    Computation took 245.248472 ms
    Reading took     302.357000 us
  Sample 56...
Starting computation...
    Writing took     5.273096 ms
    Computation took 245.390617 ms
    Reading took     185.598000 us
  Sample 57...
Starting computation...
    Writing took     4.324353 ms
    Computation took 245.273575 ms
    Reading took     202.378000 us
  Sample 58...
Starting computation...
    Writing took     5.262060 ms
    Computation took 245.680214 ms
    Reading took     206.082000 us
  Sample 59...
Starting computation...
    Writing took     5.268500 ms
    Computation took 247.213555 ms
    Reading took     167.692000 us
  Sample 60...
Starting computation...
    Writing took     4.071655 ms
    Computation took 250.117424 ms
    Reading took     189.169000 us
  Sample 61...
Starting computation...
    Writing took     4.316277 ms
    Computation took 249.916677 ms
    Reading took     164.830000 us
  Sample 62...
Starting computation...
    Writing took     4.161744 ms
    Computation took 250.220274 ms
    Reading took     180.945000 us
  Sample 63...
Starting computation...
    Writing took     4.387515 ms
    Computation took 250.429765 ms
    Reading took     302.660000 us
  Sample 64...
Starting computation...
    Writing took     8.958057 ms
    Computation took 250.044956 ms
    Reading took     205.790000 us
  Sample 65...
Starting computation...
    Writing took     5.261301 ms
    Computation took 247.714985 ms
    Reading took     206.182000 us
  Sample 66...
Starting computation...
    Writing took     5.304650 ms
    Computation took 247.810543 ms
    Reading took     205.791000 us
  Sample 67...
Starting computation...
    Writing took     5.254030 ms
    Computation took 246.726415 ms
    Reading took     307.678000 us
  Sample 68...
Starting computation...
    Writing took     9.092253 ms
    Computation took 247.013230 ms
    Reading took     203.513000 us
  Sample 69...
Starting computation...
    Writing took     5.336798 ms
    Computation took 244.612870 ms
    Reading took     203.256000 us
  Sample 70...
Starting computation...
    Writing took     5.298047 ms
    Computation took 244.895652 ms
    Reading took     275.994000 us
  Sample 71...
Starting computation...
    Writing took     9.052360 ms
    Computation took 244.983961 ms
    Reading took     201.071000 us
  Sample 72...
Starting computation...
    Writing took     5.261369 ms
    Computation took 246.572427 ms
    Reading took     203.176000 us
  Sample 73...
Starting computation...
    Writing took     5.268051 ms
    Computation took 246.544376 ms
    Reading took     325.303000 us
  Sample 74...
Starting computation...
    Writing took     9.064253 ms
    Computation took 246.916496 ms
    Reading took     204.612000 us
  Sample 75...
Starting computation...
    Writing took     5.238881 ms
    Computation took 246.748716 ms
    Reading took     201.713000 us
  Sample 76...
Starting computation...
    Writing took     5.240769 ms
    Computation took 249.388185 ms
    Reading took     202.471000 us
  Sample 77...
Starting computation...
    Writing took     5.250509 ms
    Computation took 249.611185 ms
    Reading took     204.219000 us
  Sample 78...
Starting computation...
    Writing took     5.269822 ms
    Computation took 249.691714 ms
    Reading took     219.828000 us
  Sample 79...
Starting computation...
    Writing took     5.240365 ms
    Computation took 249.965181 ms
    Reading took     204.986000 us
  Sample 80...
Starting computation...
    Writing took     5.235598 ms
    Computation took 252.409567 ms
    Reading took     205.377000 us
  Sample 81...
Starting computation...
    Writing took     5.269137 ms
    Computation took 252.460429 ms
    Reading took     294.300000 us
  Sample 82...
Starting computation...
    Writing took     7.905590 ms
    Computation took 251.782633 ms
    Reading took     206.619000 us
  Sample 83...
Starting computation...
    Writing took     5.295189 ms
    Computation took 251.001896 ms
    Reading took     202.409000 us
  Sample 84...
Starting computation...
    Writing took     5.268215 ms
    Computation took 252.273035 ms
    Reading took     205.782000 us
  Sample 85...
Starting computation...
    Writing took     5.658301 ms
    Computation took 255.017748 ms
    Reading took     179.139000 us
  Sample 86...
Starting computation...
    Writing took     4.878786 ms
    Computation took 253.051568 ms
    Reading took     182.899000 us
  Sample 87...
Starting computation...
    Writing took     5.065687 ms
    Computation took 251.742490 ms
    Reading took     189.458000 us
  Sample 88...
Starting computation...
    Writing took     5.175571 ms
    Computation took 248.045066 ms
    Reading took     180.813000 us
  Sample 89...
Starting computation...
    Writing took     4.930237 ms
    Computation took 246.620330 ms
    Reading took     179.705000 us
  Sample 90...
Starting computation...
    Writing took     4.798728 ms
    Computation took 245.779003 ms
    Reading took     150.360000 us
  Sample 91...
Starting computation...
    Writing took     4.082314 ms
    Computation took 245.434275 ms
    Reading took     153.339000 us
  Sample 92...
Starting computation...
    Writing took     4.105645 ms
    Computation took 247.412632 ms
    Reading took     163.093000 us
  Sample 93...
Starting computation...
    Writing took     4.313718 ms
    Computation took 250.825658 ms
    Reading took     171.082000 us
  Sample 94...
Starting computation...
    Writing took     4.585322 ms
    Computation took 250.104304 ms
    Reading took     152.637000 us
  Sample 95...
Starting computation...
    Writing took     4.063088 ms
    Computation took 248.676968 ms
    Reading took     168.740000 us
  Sample 96...
Starting computation...
    Writing took     4.095188 ms
    Computation took 248.201007 ms
    Reading took     162.196000 us
  Sample 97...
Starting computation...
    Writing took     4.330301 ms
    Computation took 250.653483 ms
    Reading took     177.008000 us
  Sample 98...
Starting computation...
    Writing took     4.903462 ms
    Computation took 249.626632 ms
    Reading took     189.613000 us
  Sample 99...
Starting computation...
    Writing took     5.025068 ms
    Computation took 250.538128 ms
    Reading took     188.663000 us
Mean computation time: 246.158446 ms
Mean deviation: 2.488823 ms (1.01107%)
Mean computation time (per hash): 3.516548 ms
Mean deviation (per hash): 35.554000 us
