Using device #0: CUDA Device 'GeForce GTX 1080 Ti'
  Sample 0...
Starting computation...
    Writing took     6.712109 ms
    Computation took 315.153785 ms
    Reading took     437.895000 us
  Sample 1...
Starting computation...
    Writing took     12.735779 ms
    Computation took 315.839906 ms
    Reading took     246.994000 us
  Sample 2...
Starting computation...
    Writing took     6.792893 ms
    Computation took 315.844293 ms
    Reading took     263.730000 us
  Sample 3...
Starting computation...
    Writing took     6.632655 ms
    Computation took 316.195224 ms
    Reading took     253.124000 us
  Sample 4...
Starting computation...
    Writing took     6.802240 ms
    Computation took 319.444930 ms
    Reading took     293.450000 us
  Sample 5...
Starting computation...
    Writing took     7.857468 ms
    Computation took 320.318497 ms
    Reading took     247.934000 us
  Sample 6...
Starting computation...
    Writing took     7.066203 ms
    Computation took 319.743044 ms
    Reading took     248.258000 us
  Sample 7...
Starting computation...
    Writing took     6.789965 ms
    Computation took 319.452725 ms
    Reading took     418.980000 us
  Sample 8...
Starting computation...
    Writing took     11.246692 ms
    Computation took 316.958715 ms
    Reading took     281.021000 us
  Sample 9...
Starting computation...
    Writing took     6.832242 ms
    Computation took 315.935855 ms
    Reading took     263.620000 us
  Sample 10...
Starting computation...
    Writing took     6.884241 ms
    Computation took 315.927725 ms
    Reading took     262.517000 us
  Sample 11...
Starting computation...
    Writing took     7.114731 ms
    Computation took 318.104315 ms
    Reading took     263.705000 us
  Sample 12...
Starting computation...
    Writing took     6.928285 ms
    Computation took 316.119195 ms
    Reading took     262.524000 us
  Sample 13...
Starting computation...
    Writing took     6.912875 ms
    Computation took 315.861561 ms
    Reading took     265.179000 us
  Sample 14...
Starting computation...
    Writing took     7.015942 ms
    Computation took 314.268282 ms
    Reading took     309.546000 us
  Sample 15...
Starting computation...
    Writing took     8.404549 ms
    Computation took 316.548122 ms
    Reading took     260.940000 us
  Sample 16...
Starting computation...
    Writing took     6.867092 ms
    Computation took 315.774443 ms
    Reading took     312.593000 us
  Sample 17...
Starting computation...
    Writing took     7.302807 ms
    Computation took 316.120773 ms
    Reading took     261.498000 us
  Sample 18...
Starting computation...
    Writing took     6.865526 ms
    Computation took 316.321556 ms
    Reading took     263.240000 us
  Sample 19...
Starting computation...
    Writing took     6.868077 ms
    Computation took 314.672730 ms
    Reading took     263.286000 us
  Sample 20...
Starting computation...
    Writing took     6.838776 ms
    Computation took 315.365634 ms
    Reading took     261.575000 us
  Sample 21...
Starting computation...
    Writing took     6.864798 ms
    Computation took 316.803407 ms
    Reading took     260.808000 us
  Sample 22...
Starting computation...
    Writing took     6.849765 ms
    Computation took 315.617448 ms
    Reading took     312.237000 us
  Sample 23...
Starting computation...
    Writing took     7.528823 ms
    Computation took 316.574347 ms
    Reading took     246.598000 us
  Sample 24...
Starting computation...
    Writing took     6.817423 ms
    Computation took 317.571463 ms
    Reading took     246.956000 us
  Sample 25...
Starting computation...
    Writing took     6.915315 ms
    Computation took 316.663261 ms
    Reading took     256.136000 us
  Sample 26...
Starting computation...
    Writing took     8.913133 ms
    Computation took 315.354141 ms
    Reading took     247.182000 us
  Sample 27...
Starting computation...
    Writing took     6.790349 ms
    Computation took 316.330614 ms
    Reading took     432.435000 us
  Sample 28...
Starting computation...
    Writing took     7.900882 ms
    Computation took 318.739854 ms
    Reading took     246.208000 us
  Sample 29...
Starting computation...
    Writing took     6.824371 ms
    Computation took 320.035766 ms
    Reading took     418.695000 us
  Sample 30...
Starting computation...
    Writing took     7.835704 ms
    Computation took 319.049755 ms
    Reading took     247.370000 us
  Sample 31...
Starting computation...
    Writing took     6.789944 ms
    Computation took 317.741281 ms
    Reading took     252.243000 us
  Sample 32...
Starting computation...
    Writing took     7.532581 ms
    Computation took 317.841698 ms
    Reading took     276.079000 us
  Sample 33...
Starting computation...
    Writing took     7.883132 ms
    Computation took 318.016332 ms
    Reading took     269.207000 us
  Sample 34...
Starting computation...
    Writing took     8.670924 ms
    Computation took 320.350911 ms
    Reading took     355.770000 us
  Sample 35...
Starting computation...
    Writing took     10.794094 ms
    Computation took 318.378000 ms
    Reading took     252.683000 us
  Sample 36...
Starting computation...
    Writing took     6.799552 ms
    Computation took 318.005212 ms
    Reading took     339.416000 us
  Sample 37...
Starting computation...
    Writing took     10.403752 ms
    Computation took 316.443420 ms
    Reading took     246.914000 us
  Sample 38...
Starting computation...
    Writing took     6.790796 ms
    Computation took 317.288050 ms
    Reading took     246.811000 us
  Sample 39...
Starting computation...
    Writing took     6.801643 ms
    Computation took 316.552964 ms
    Reading took     255.918000 us
  Sample 40...
Starting computation...
    Writing took     6.820538 ms
    Computation took 319.316075 ms
    Reading took     247.199000 us
  Sample 41...
Starting computation...
    Writing took     6.741910 ms
    Computation took 317.645516 ms
    Reading took     264.110000 us
  Sample 42...
Starting computation...
    Writing took     6.790847 ms
    Computation took 317.799408 ms
    Reading took     251.751000 us
  Sample 43...
Starting computation...
    Writing took     7.015873 ms
    Computation took 316.720315 ms
    Reading took     235.619000 us
  Sample 44...
Starting computation...
    Writing took     6.838766 ms
    Computation took 316.855696 ms
    Reading took     246.078000 us
  Sample 45...
Starting computation...
    Writing took     6.830837 ms
    Computation took 317.296511 ms
    Reading took     246.036000 us
  Sample 46...
Starting computation...
    Writing took     6.772935 ms
    Computation took 318.937517 ms
    Reading took     247.104000 us
  Sample 47...
Starting computation...
    Writing took     6.798310 ms
    Computation took 317.715334 ms
    Reading took     257.253000 us
  Sample 48...
Starting computation...
    Writing took     6.795072 ms
    Computation took 317.377971 ms
    Reading took     248.479000 us
  Sample 49...
Starting computation...
    Writing took     6.689037 ms
    Computation took 316.654066 ms
    Reading took     257.356000 us
  Sample 50...
Starting computation...
    Writing took     6.789419 ms
    Computation took 317.465979 ms
    Reading took     249.910000 us
  Sample 51...
Starting computation...
    Writing took     6.794142 ms
    Computation took 321.979378 ms
    Reading took     334.219000 us
  Sample 52...
Starting computation...
    Writing took     10.738319 ms
    Computation took 319.930495 ms
    Reading took     299.046000 us
  Sample 53...
Starting computation...
    Writing took     8.274037 ms
    Computation took 318.965950 ms
    Reading took     256.483000 us
  Sample 54...
Starting computation...
    Writing took     6.527449 ms
    Computation took 318.608211 ms
    Reading took     248.090000 us
  Sample 55...
Starting computation...
    Writing took     6.808737 ms
    Computation took 321.763671 ms
    Reading took     245.797000 us
  Sample 56...
Starting computation...
    Writing took     6.823943 ms
    Computation took 331.115307 ms
    Reading took     252.222000 us
  Sample 57...
Starting computation...
    Writing took     6.811063 ms
    Computation took 331.648512 ms
    Reading took     247.287000 us
  Sample 58...
Starting computation...
    Writing took     6.828122 ms
    Computation took 326.411079 ms
    Reading took     332.611000 us
  Sample 59...
Starting computation...
    Writing took     14.140537 ms
    Computation took 323.610157 ms
    Reading took     385.833000 us
  Sample 60...
Starting computation...
    Writing took     11.368094 ms
    Computation took 319.817147 ms
    Reading took     246.604000 us
  Sample 61...
Starting computation...
    Writing took     6.805314 ms
    Computation took 319.070789 ms
    Reading took     247.840000 us
  Sample 62...
Starting computation...
    Writing took     6.770064 ms
    Computation took 318.951016 ms
    Reading took     248.046000 us
  Sample 63...
Starting computation...
    Writing took     6.809447 ms
    Computation took 318.749984 ms
    Reading took     246.913000 us
  Sample 64...
Starting computation...
    Writing took     6.767682 ms
    Computation took 316.064870 ms
    Reading took     256.540000 us
  Sample 65...
Starting computation...
    Writing took     9.663715 ms
    Computation took 315.488283 ms
    Reading took     249.557000 us
  Sample 66...
Starting computation...
    Writing took     6.792502 ms
    Computation took 315.912860 ms
    Reading took     245.884000 us
  Sample 67...
Starting computation...
    Writing took     6.778009 ms
    Computation took 315.580404 ms
    Reading took     247.109000 us
  Sample 68...
Starting computation...
    Writing took     6.809388 ms
    Computation took 316.275175 ms
    Reading took     246.387000 us
  Sample 69...
Starting computation...
    Writing took     6.854853 ms
    Computation took 317.259673 ms
    Reading took     247.727000 us
  Sample 70...
Starting computation...
    Writing took     6.807521 ms
    Computation took 318.172088 ms
    Reading took     254.176000 us
  Sample 71...
Starting computation...
    Writing took     6.790302 ms
    Computation took 320.321540 ms
    Reading took     247.917000 us
  Sample 72...
Starting computation...
    Writing took     7.216382 ms
    Computation took 319.488368 ms
    Reading took     249.199000 us
  Sample 73...
Starting computation...
    Writing took     8.343950 ms
    Computation took 317.837670 ms
    Reading took     271.106000 us
  Sample 74...
Starting computation...
    Writing took     6.901863 ms
    Computation took 316.676274 ms
    Reading took     281.320000 us
  Sample 75...
Starting computation...
    Writing took     7.466136 ms
    Computation took 319.313327 ms
    Reading took     268.843000 us
  Sample 76...
Starting computation...
    Writing took     6.584702 ms
    Computation took 323.468055 ms
    Reading took     275.387000 us
  Sample 77...
Starting computation...
    Writing took     9.576257 ms
    Computation took 323.904875 ms
    Reading took     263.476000 us
  Sample 78...
Starting computation...
    Writing took     6.834475 ms
    Computation took 321.983756 ms
    Reading took     246.737000 us
  Sample 79...
Starting computation...
    Writing took     6.800127 ms
    Computation took 320.073463 ms
    Reading took     246.548000 us
  Sample 80...
Starting computation...
    Writing took     6.771870 ms
    Computation took 320.313289 ms
    Reading took     393.683000 us
  Sample 81...
Starting computation...
    Writing took     11.119375 ms
    Computation took 317.757165 ms
    Reading took     247.546000 us
  Sample 82...
Starting computation...
    Writing took     7.000974 ms
    Computation took 317.995257 ms
    Reading took     232.600000 us
  Sample 83...
Starting computation...
    Writing took     6.456408 ms
    Computation took 314.500744 ms
    Reading took     249.101000 us
  Sample 84...
Starting computation...
    Writing took     6.811101 ms
    Computation took 315.442155 ms
    Reading took     240.140000 us
  Sample 85...
Starting computation...
    Writing took     6.554370 ms
    Computation took 317.930153 ms
    Reading took     247.159000 us
  Sample 86...
Starting computation...
    Writing took     6.816045 ms
    Computation took 319.393225 ms
    Reading took     247.144000 us
  Sample 87...
Starting computation...
    Writing took     6.792561 ms
    Computation took 316.945718 ms
    Reading took     262.909000 us
  Sample 88...
Starting computation...
    Writing took     7.094937 ms
    Computation took 318.347160 ms
    Reading took     246.957000 us
  Sample 89...
Starting computation...
    Writing took     6.822570 ms
    Computation took 316.975565 ms
    Reading took     246.691000 us
  Sample 90...
Starting computation...
    Writing took     6.816853 ms
    Computation took 317.026806 ms
    Reading took     263.796000 us
  Sample 91...
Starting computation...
    Writing took     6.974912 ms
    Computation took 317.160024 ms
    Reading took     270.307000 us
  Sample 92...
Starting computation...
    Writing took     6.636619 ms
    Computation took 317.504116 ms
    Reading took     384.425000 us
  Sample 93...
Starting computation...
    Writing took     11.323385 ms
    Computation took 317.257583 ms
    Reading took     246.684000 us
  Sample 94...
Starting computation...
    Writing took     6.794403 ms
    Computation took 316.705116 ms
    Reading took     249.260000 us
  Sample 95...
Starting computation...
    Writing took     6.802822 ms
    Computation took 316.274847 ms
    Reading took     248.992000 us
  Sample 96...
Starting computation...
    Writing took     6.796461 ms
    Computation took 316.498980 ms
    Reading took     273.170000 us
  Sample 97...
Starting computation...
    Writing took     7.406763 ms
    Computation took 316.531714 ms
    Reading took     246.400000 us
  Sample 98...
Starting computation...
    Writing took     6.787800 ms
    Computation took 317.199682 ms
    Reading took     248.996000 us
  Sample 99...
Starting computation...
    Writing took     6.775523 ms
    Computation took 317.314003 ms
    Reading took     271.121000 us
Mean computation time: 318.106293 ms
Mean deviation: 1.908953 ms (0.600099%)
Mean computation time (per hash): 3.457676 ms
Mean deviation (per hash): 20.749000 us
