Using device #0: CUDA Device 'GeForce GTX 1080 Ti'
  Sample 0...
Starting computation...
    Writing took     2.780138 ms
    Computation took 203.645633 ms
    Reading took     51.372000 us
  Sample 1...
Starting computation...
    Writing took     1.261531 ms
    Computation took 204.912770 ms
    Reading took     57.522000 us
  Sample 2...
Starting computation...
    Writing took     1.404905 ms
    Computation took 204.237035 ms
    Reading took     52.811000 us
  Sample 3...
Starting computation...
    Writing took     1.292789 ms
    Computation took 203.667355 ms
    Reading took     48.466000 us
  Sample 4...
Starting computation...
    Writing took     1.223280 ms
    Computation took 203.482236 ms
    Reading took     54.024000 us
  Sample 5...
Starting computation...
    Writing took     1.449912 ms
    Computation took 203.620964 ms
    Reading took     50.883000 us
  Sample 6...
Starting computation...
    Writing took     1.266425 ms
    Computation took 203.898656 ms
    Reading took     54.634000 us
  Sample 7...
Starting computation...
    Writing took     1.346709 ms
    Computation took 203.785444 ms
    Reading took     53.322000 us
  Sample 8...
Starting computation...
    Writing took     1.359339 ms
    Computation took 203.686767 ms
    Reading took     47.798000 us
  Sample 9...
Starting computation...
    Writing took     1.197426 ms
    Computation took 203.740033 ms
    Reading took     51.299000 us
  Sample 10...
Starting computation...
    Writing took     1.307279 ms
    Computation took 203.573150 ms
    Reading took     52.930000 us
  Sample 11...
Starting computation...
    Writing took     1.337149 ms
    Computation took 204.995907 ms
    Reading took     49.991000 us
  Sample 12...
Starting computation...
    Writing took     1.213968 ms
    Computation took 203.552538 ms
    Reading took     49.303000 us
  Sample 13...
Starting computation...
    Writing took     1.211708 ms
    Computation took 203.532083 ms
    Reading took     52.382000 us
  Sample 14...
Starting computation...
    Writing took     1.354545 ms
    Computation took 203.684756 ms
    Reading took     51.471000 us
  Sample 15...
Starting computation...
    Writing took     1.205756 ms
    Computation took 205.080137 ms
    Reading took     48.098000 us
  Sample 16...
Starting computation...
    Writing took     1.179672 ms
    Computation took 203.686179 ms
    Reading took     51.694000 us
  Sample 17...
Starting computation...
    Writing took     1.338282 ms
    Computation took 203.461033 ms
    Reading took     49.070000 us
  Sample 18...
Starting computation...
    Writing took     1.233064 ms
    Computation took 203.476309 ms
    Reading took     52.269000 us
  Sample 19...
Starting computation...
    Writing took     1.297482 ms
    Computation took 203.811202 ms
    Reading took     56.282000 us
  Sample 20...
Starting computation...
    Writing took     1.299734 ms
    Computation took 203.504535 ms
    Reading took     48.223000 us
  Sample 21...
Starting computation...
    Writing took     1.200283 ms
    Computation took 203.776642 ms
    Reading took     49.770000 us
  Sample 22...
Starting computation...
    Writing took     1.267174 ms
    Computation took 203.460621 ms
    Reading took     51.606000 us
  Sample 23...
Starting computation...
    Writing took     1.306184 ms
    Computation took 203.793775 ms
    Reading took     47.684000 us
  Sample 24...
Starting computation...
    Writing took     1.202247 ms
    Computation took 203.639841 ms
    Reading took     54.997000 us
  Sample 25...
Starting computation...
    Writing took     1.399074 ms
    Computation took 203.559360 ms
    Reading took     54.415000 us
  Sample 26...
Starting computation...
    Writing took     1.400418 ms
    Computation took 203.553407 ms
    Reading took     52.805000 us
  Sample 27...
Starting computation...
    Writing took     1.355156 ms
    Computation took 203.767018 ms
    Reading took     54.039000 us
  Sample 28...
Starting computation...
    Writing took     1.343802 ms
    Computation took 203.507225 ms
    Reading took     51.983000 us
  Sample 29...
Starting computation...
    Writing took     1.354839 ms
    Computation took 203.706081 ms
    Reading took     48.787000 us
  Sample 30...
Starting computation...
    Writing took     1.228726 ms
    Computation took 203.473742 ms
    Reading took     47.246000 us
  Sample 31...
Starting computation...
    Writing took     1.180276 ms
    Computation took 203.722839 ms
    Reading took     51.703000 us
  Sample 32...
Starting computation...
    Writing took     1.286041 ms
    Computation took 203.483223 ms
    Reading took     48.276000 us
  Sample 33...
Starting computation...
    Writing took     1.223050 ms
    Computation took 203.542019 ms
    Reading took     62.207000 us
  Sample 34...
Starting computation...
    Writing took     1.265653 ms
    Computation took 203.749567 ms
    Reading took     63.201000 us
  Sample 35...
Starting computation...
    Writing took     1.223169 ms
    Computation took 203.565322 ms
    Reading took     46.816000 us
  Sample 36...
Starting computation...
    Writing took     1.178877 ms
    Computation took 203.768010 ms
    Reading took     49.923000 us
  Sample 37...
Starting computation...
    Writing took     1.268451 ms
    Computation took 203.473086 ms
    Reading took     49.075000 us
  Sample 38...
Starting computation...
    Writing took     1.301179 ms
    Computation took 203.961420 ms
    Reading took     46.791000 us
  Sample 39...
Starting computation...
    Writing took     1.180757 ms
    Computation took 203.887625 ms
    Reading took     48.493000 us
  Sample 40...
Starting computation...
    Writing took     1.220728 ms
    Computation took 203.835263 ms
    Reading took     49.488000 us
  Sample 41...
Starting computation...
    Writing took     1.223317 ms
    Computation took 203.486117 ms
    Reading took     47.365000 us
  Sample 42...
Starting computation...
    Writing took     1.187502 ms
    Computation took 204.557054 ms
    Reading took     65.981000 us
  Sample 43...
Starting computation...
    Writing took     1.706022 ms
    Computation took 203.800627 ms
    Reading took     66.375000 us
  Sample 44...
Starting computation...
    Writing took     1.716282 ms
    Computation took 203.566034 ms
    Reading took     46.340000 us
  Sample 45...
Starting computation...
    Writing took     1.182021 ms
    Computation took 203.561203 ms
    Reading took     48.645000 us
  Sample 46...
Starting computation...
    Writing took     1.205544 ms
    Computation took 203.640790 ms
    Reading took     48.718000 us
  Sample 47...
Starting computation...
    Writing took     1.193123 ms
    Computation took 203.669461 ms
    Reading took     66.329000 us
  Sample 48...
Starting computation...
    Writing took     1.710346 ms
    Computation took 203.461074 ms
    Reading took     67.755000 us
  Sample 49...
Starting computation...
    Writing took     1.685739 ms
    Computation took 203.791169 ms
    Reading took     64.083000 us
  Sample 50...
Starting computation...
    Writing took     1.687514 ms
    Computation took 203.714670 ms
    Reading took     50.132000 us
  Sample 51...
Starting computation...
    Writing took     1.269134 ms
    Computation took 203.899417 ms
    Reading took     52.233000 us
  Sample 52...
Starting computation...
    Writing took     1.373345 ms
    Computation took 203.529710 ms
    Reading took     50.111000 us
  Sample 53...
Starting computation...
    Writing took     1.227417 ms
    Computation took 203.794621 ms
    Reading took     52.020000 us
  Sample 54...
Starting computation...
    Writing took     1.308833 ms
    Computation took 203.483689 ms
    Reading took     53.413000 us
  Sample 55...
Starting computation...
    Writing took     1.400061 ms
    Computation took 203.661489 ms
    Reading took     54.529000 us
  Sample 56...
Starting computation...
    Writing took     1.393748 ms
    Computation took 203.544719 ms
    Reading took     112.071000 us
  Sample 57...
Starting computation...
    Writing took     3.100461 ms
    Computation took 203.792551 ms
    Reading took     51.113000 us
  Sample 58...
Starting computation...
    Writing took     1.311841 ms
    Computation took 203.631677 ms
    Reading took     52.912000 us
  Sample 59...
Starting computation...
    Writing took     1.343959 ms
    Computation took 203.545376 ms
    Reading took     49.499000 us
  Sample 60...
Starting computation...
    Writing took     1.261979 ms
    Computation took 203.769554 ms
    Reading took     49.202000 us
  Sample 61...
Starting computation...
    Writing took     1.325927 ms
    Computation took 203.586966 ms
    Reading took     96.930000 us
  Sample 62...
Starting computation...
    Writing took     2.565702 ms
    Computation took 203.582107 ms
    Reading took     61.560000 us
  Sample 63...
Starting computation...
    Writing took     1.583749 ms
    Computation took 203.850276 ms
    Reading took     95.618000 us
  Sample 64...
Starting computation...
    Writing took     2.221080 ms
    Computation took 203.751810 ms
    Reading took     58.268000 us
  Sample 65...
Starting computation...
    Writing took     1.374960 ms
    Computation took 203.605494 ms
    Reading took     53.682000 us
  Sample 66...
Starting computation...
    Writing took     1.288105 ms
    Computation took 203.629097 ms
    Reading took     53.275000 us
  Sample 67...
Starting computation...
    Writing took     1.245188 ms
    Computation took 204.675702 ms
    Reading took     97.773000 us
  Sample 68...
Starting computation...
    Writing took     2.697151 ms
    Computation took 204.285406 ms
    Reading took     78.127000 us
  Sample 69...
Starting computation...
    Writing took     2.088272 ms
    Computation took 203.544430 ms
    Reading took     52.959000 us
  Sample 70...
Starting computation...
    Writing took     1.272460 ms
    Computation took 204.387581 ms
    Reading took     51.328000 us
  Sample 71...
Starting computation...
    Writing took     1.291425 ms
    Computation took 203.491145 ms
    Reading took     75.348000 us
  Sample 72...
Starting computation...
    Writing took     1.984925 ms
    Computation took 204.069138 ms
    Reading took     50.472000 us
  Sample 73...
Starting computation...
    Writing took     1.264579 ms
    Computation took 203.857338 ms
    Reading took     53.696000 us
  Sample 74...
Starting computation...
    Writing took     1.311814 ms
    Computation took 203.849174 ms
    Reading took     50.108000 us
  Sample 75...
Starting computation...
    Writing took     1.229596 ms
    Computation took 204.486880 ms
    Reading took     51.673000 us
  Sample 76...
Starting computation...
    Writing took     1.264869 ms
    Computation took 203.466588 ms
    Reading took     78.727000 us
  Sample 77...
Starting computation...
    Writing took     2.086755 ms
    Computation took 203.701052 ms
    Reading took     66.062000 us
  Sample 78...
Starting computation...
    Writing took     1.721836 ms
    Computation took 203.702303 ms
    Reading took     64.222000 us
  Sample 79...
Starting computation...
    Writing took     1.666555 ms
    Computation took 203.538199 ms
    Reading took     49.178000 us
  Sample 80...
Starting computation...
    Writing took     1.312304 ms
    Computation took 203.542648 ms
    Reading took     49.883000 us
  Sample 81...
Starting computation...
    Writing took     1.235427 ms
    Computation took 203.597374 ms
    Reading took     48.658000 us
  Sample 82...
Starting computation...
    Writing took     1.271259 ms
    Computation took 203.434769 ms
    Reading took     52.570000 us
  Sample 83...
Starting computation...
    Writing took     1.355330 ms
    Computation took 203.672250 ms
    Reading took     50.924000 us
  Sample 84...
Starting computation...
    Writing took     1.278286 ms
    Computation took 203.755019 ms
    Reading took     51.197000 us
  Sample 85...
Starting computation...
    Writing took     1.308348 ms
    Computation took 204.426906 ms
    Reading took     111.470000 us
  Sample 86...
Starting computation...
    Writing took     3.102144 ms
    Computation took 203.746802 ms
    Reading took     66.404000 us
  Sample 87...
Starting computation...
    Writing took     1.719996 ms
    Computation took 203.505097 ms
    Reading took     62.795000 us
  Sample 88...
Starting computation...
    Writing took     1.664197 ms
    Computation took 203.896640 ms
    Reading took     62.532000 us
  Sample 89...
Starting computation...
    Writing took     1.670449 ms
    Computation took 204.540251 ms
    Reading took     47.035000 us
  Sample 90...
Starting computation...
    Writing took     1.182428 ms
    Computation took 203.641752 ms
    Reading took     51.427000 us
  Sample 91...
Starting computation...
    Writing took     1.298089 ms
    Computation took 203.470645 ms
    Reading took     48.199000 us
  Sample 92...
Starting computation...
    Writing took     1.219329 ms
    Computation took 203.556899 ms
    Reading took     67.076000 us
  Sample 93...
Starting computation...
    Writing took     1.722157 ms
    Computation took 204.737276 ms
    Reading took     63.608000 us
  Sample 94...
Starting computation...
    Writing took     1.663386 ms
    Computation took 203.574320 ms
    Reading took     57.162000 us
  Sample 95...
Starting computation...
    Writing took     1.516133 ms
    Computation took 203.597855 ms
    Reading took     55.478000 us
  Sample 96...
Starting computation...
    Writing took     1.392726 ms
    Computation took 203.624038 ms
    Reading took     51.509000 us
  Sample 97...
Starting computation...
    Writing took     1.304920 ms
    Computation took 204.192538 ms
    Reading took     51.786000 us
  Sample 98...
Starting computation...
    Writing took     1.417781 ms
    Computation took 203.559733 ms
    Reading took     46.603000 us
  Sample 99...
Starting computation...
    Writing took     1.180041 ms
    Computation took 203.766614 ms
    Reading took     51.597000 us
Mean computation time: 203.770619 ms
Mean deviation: 239.544000 us (0.117556%)
Mean computation time (per hash): 9.703362 ms
Mean deviation (per hash): 11.406000 us
