Using device #0: CUDA Device 'GeForce GTX 1080 Ti'
  Sample 0...
Starting computation...
    Writing took     10.683561 ms
    Computation took 328.653415 ms
    Reading took     288.251000 us
  Sample 1...
Starting computation...
    Writing took     8.552567 ms
    Computation took 330.574890 ms
    Reading took     262.707000 us
  Sample 2...
Starting computation...
    Writing took     8.354974 ms
    Computation took 329.691358 ms
    Reading took     262.082000 us
  Sample 3...
Starting computation...
    Writing took     7.215641 ms
    Computation took 330.030358 ms
    Reading took     419.167000 us
  Sample 4...
Starting computation...
    Writing took     11.502262 ms
    Computation took 330.800560 ms
    Reading took     282.811000 us
  Sample 5...
Starting computation...
    Writing took     8.272608 ms
    Computation took 329.196307 ms
    Reading took     283.142000 us
  Sample 6...
Starting computation...
    Writing took     7.862391 ms
    Computation took 329.557324 ms
    Reading took     264.887000 us
  Sample 7...
Starting computation...
    Writing took     7.237244 ms
    Computation took 329.946747 ms
    Reading took     271.242000 us
  Sample 8...
Starting computation...
    Writing took     7.500729 ms
    Computation took 329.366512 ms
    Reading took     263.043000 us
  Sample 9...
Starting computation...
    Writing took     7.233507 ms
    Computation took 330.005866 ms
    Reading took     349.659000 us
  Sample 10...
Starting computation...
    Writing took     10.530885 ms
    Computation took 329.049182 ms
    Reading took     415.266000 us
  Sample 11...
Starting computation...
    Writing took     10.829806 ms
    Computation took 330.341981 ms
    Reading took     260.543000 us
  Sample 12...
Starting computation...
    Writing took     7.190179 ms
    Computation took 330.788546 ms
    Reading took     256.247000 us
  Sample 13...
Starting computation...
    Writing took     7.355990 ms
    Computation took 329.754955 ms
    Reading took     263.074000 us
  Sample 14...
Starting computation...
    Writing took     8.364951 ms
    Computation took 329.000010 ms
    Reading took     246.806000 us
  Sample 15...
Starting computation...
    Writing took     7.106865 ms
    Computation took 331.786394 ms
    Reading took     261.346000 us
  Sample 16...
Starting computation...
    Writing took     7.230534 ms
    Computation took 332.072112 ms
    Reading took     291.969000 us
  Sample 17...
Starting computation...
    Writing took     7.865417 ms
    Computation took 332.612224 ms
    Reading took     246.485000 us
  Sample 18...
Starting computation...
    Writing took     6.660539 ms
    Computation took 332.344999 ms
    Reading took     262.815000 us
  Sample 19...
Starting computation...
    Writing took     7.197297 ms
    Computation took 332.265508 ms
    Reading took     264.907000 us
  Sample 20...
Starting computation...
    Writing took     7.277034 ms
    Computation took 331.193682 ms
    Reading took     263.533000 us
  Sample 21...
Starting computation...
    Writing took     7.206870 ms
    Computation took 331.670679 ms
    Reading took     263.584000 us
  Sample 22...
Starting computation...
    Writing took     7.247204 ms
    Computation took 335.791303 ms
    Reading took     265.017000 us
  Sample 23...
Starting computation...
    Writing took     7.822057 ms
    Computation took 335.578001 ms
    Reading took     261.423000 us
  Sample 24...
Starting computation...
    Writing took     7.210434 ms
    Computation took 333.023181 ms
    Reading took     261.843000 us
  Sample 25...
Starting computation...
    Writing took     7.246705 ms
    Computation took 331.292606 ms
    Reading took     245.531000 us
  Sample 26...
Starting computation...
    Writing took     6.770234 ms
    Computation took 332.448208 ms
    Reading took     269.112000 us
  Sample 27...
Starting computation...
    Writing took     6.496896 ms
    Computation took 330.774253 ms
    Reading took     260.670000 us
  Sample 28...
Starting computation...
    Writing took     7.250535 ms
    Computation took 330.226748 ms
    Reading took     252.697000 us
  Sample 29...
Starting computation...
    Writing took     7.010295 ms
    Computation took 330.508949 ms
    Reading took     264.164000 us
  Sample 30...
Starting computation...
    Writing took     7.250766 ms
    Computation took 330.695169 ms
    Reading took     264.057000 us
  Sample 31...
Starting computation...
    Writing took     7.206453 ms
    Computation took 330.784818 ms
    Reading took     341.061000 us
  Sample 32...
Starting computation...
    Writing took     7.785941 ms
    Computation took 329.391649 ms
    Reading took     315.420000 us
  Sample 33...
Starting computation...
    Writing took     10.367779 ms
    Computation took 330.406357 ms
    Reading took     341.916000 us
  Sample 34...
Starting computation...
    Writing took     8.483103 ms
    Computation took 330.370281 ms
    Reading took     275.180000 us
  Sample 35...
Starting computation...
    Writing took     7.181242 ms
    Computation took 329.497864 ms
    Reading took     262.204000 us
  Sample 36...
Starting computation...
    Writing took     8.139486 ms
    Computation took 329.788260 ms
    Reading took     254.719000 us
  Sample 37...
Starting computation...
    Writing took     6.779594 ms
    Computation took 329.194046 ms
    Reading took     245.649000 us
  Sample 38...
Starting computation...
    Writing took     6.662958 ms
    Computation took 331.192736 ms
    Reading took     262.206000 us
  Sample 39...
Starting computation...
    Writing took     7.224935 ms
    Computation took 330.719826 ms
    Reading took     269.687000 us
  Sample 40...
Starting computation...
    Writing took     7.282174 ms
    Computation took 330.290423 ms
    Reading took     262.797000 us
  Sample 41...
Starting computation...
    Writing took     7.239639 ms
    Computation took 330.351942 ms
    Reading took     276.690000 us
  Sample 42...
Starting computation...
    Writing took     6.933838 ms
    Computation took 331.586469 ms
    Reading took     262.087000 us
  Sample 43...
Starting computation...
    Writing took     7.261916 ms
    Computation took 330.737453 ms
    Reading took     263.119000 us
  Sample 44...
Starting computation...
    Writing took     7.234417 ms
    Computation took 331.786156 ms
    Reading took     272.927000 us
  Sample 45...
Starting computation...
    Writing took     7.562352 ms
    Computation took 331.191679 ms
    Reading took     421.890000 us
  Sample 46...
Starting computation...
    Writing took     12.597907 ms
    Computation took 331.520464 ms
    Reading took     270.386000 us
  Sample 47...
Starting computation...
    Writing took     7.218871 ms
    Computation took 332.733291 ms
    Reading took     268.947000 us
  Sample 48...
Starting computation...
    Writing took     7.189766 ms
    Computation took 333.696406 ms
    Reading took     277.061000 us
  Sample 49...
Starting computation...
    Writing took     7.229646 ms
    Computation took 332.008539 ms
    Reading took     262.183000 us
  Sample 50...
Starting computation...
    Writing took     8.860969 ms
    Computation took 335.840358 ms
    Reading took     262.002000 us
  Sample 51...
Starting computation...
    Writing took     7.231861 ms
    Computation took 345.014623 ms
    Reading took     262.260000 us
  Sample 52...
Starting computation...
    Writing took     7.313402 ms
    Computation took 343.326697 ms
    Reading took     263.036000 us
  Sample 53...
Starting computation...
    Writing took     7.224105 ms
    Computation took 340.586438 ms
    Reading took     262.979000 us
  Sample 54...
Starting computation...
    Writing took     7.608961 ms
    Computation took 337.020557 ms
    Reading took     266.469000 us
  Sample 55...
Starting computation...
    Writing took     8.147608 ms
    Computation took 335.516747 ms
    Reading took     261.840000 us
  Sample 56...
Starting computation...
    Writing took     7.240702 ms
    Computation took 336.103756 ms
    Reading took     262.145000 us
  Sample 57...
Starting computation...
    Writing took     7.241930 ms
    Computation took 332.680017 ms
    Reading took     264.924000 us
  Sample 58...
Starting computation...
    Writing took     7.246520 ms
    Computation took 330.236785 ms
    Reading took     262.969000 us
  Sample 59...
Starting computation...
    Writing took     7.213946 ms
    Computation took 330.799665 ms
    Reading took     340.230000 us
  Sample 60...
Starting computation...
    Writing took     10.359716 ms
    Computation took 330.774798 ms
    Reading took     262.502000 us
  Sample 61...
Starting computation...
    Writing took     7.211113 ms
    Computation took 329.156880 ms
    Reading took     261.959000 us
  Sample 62...
Starting computation...
    Writing took     7.188969 ms
    Computation took 329.480274 ms
    Reading took     253.956000 us
  Sample 63...
Starting computation...
    Writing took     7.006491 ms
    Computation took 330.592493 ms
    Reading took     309.075000 us
  Sample 64...
Starting computation...
    Writing took     7.244254 ms
    Computation took 329.790348 ms
    Reading took     262.741000 us
  Sample 65...
Starting computation...
    Writing took     7.185594 ms
    Computation took 330.035794 ms
    Reading took     263.179000 us
  Sample 66...
Starting computation...
    Writing took     7.249002 ms
    Computation took 330.409727 ms
    Reading took     291.784000 us
  Sample 67...
Starting computation...
    Writing took     7.181109 ms
    Computation took 328.947664 ms
    Reading took     263.804000 us
  Sample 68...
Starting computation...
    Writing took     7.190142 ms
    Computation took 331.305377 ms
    Reading took     262.413000 us
  Sample 69...
Starting computation...
    Writing took     7.211486 ms
    Computation took 332.214815 ms
    Reading took     310.851000 us
  Sample 70...
Starting computation...
    Writing took     8.280477 ms
    Computation took 330.742536 ms
    Reading took     252.206000 us
  Sample 71...
Starting computation...
    Writing took     7.029962 ms
    Computation took 332.740152 ms
    Reading took     411.670000 us
  Sample 72...
Starting computation...
    Writing took     9.513424 ms
    Computation took 335.993072 ms
    Reading took     267.153000 us
  Sample 73...
Starting computation...
    Writing took     8.339584 ms
    Computation took 333.984159 ms
    Reading took     262.023000 us
  Sample 74...
Starting computation...
    Writing took     7.232355 ms
    Computation took 333.197568 ms
    Reading took     263.330000 us
  Sample 75...
Starting computation...
    Writing took     7.203217 ms
    Computation took 331.936552 ms
    Reading took     262.891000 us
  Sample 76...
Starting computation...
    Writing took     7.226300 ms
    Computation took 330.296712 ms
    Reading took     261.920000 us
  Sample 77...
Starting computation...
    Writing took     7.268704 ms
    Computation took 330.000744 ms
    Reading took     260.733000 us
  Sample 78...
Starting computation...
    Writing took     7.228304 ms
    Computation took 329.264224 ms
    Reading took     263.417000 us
  Sample 79...
Starting computation...
    Writing took     7.218514 ms
    Computation took 330.438401 ms
    Reading took     283.475000 us
  Sample 80...
Starting computation...
    Writing took     7.892497 ms
    Computation took 332.163251 ms
    Reading took     246.414000 us
  Sample 81...
Starting computation...
    Writing took     6.661882 ms
    Computation took 339.579775 ms
    Reading took     262.280000 us
  Sample 82...
Starting computation...
    Writing took     10.760744 ms
    Computation took 339.714971 ms
    Reading took     263.401000 us
  Sample 83...
Starting computation...
    Writing took     8.380060 ms
    Computation took 337.853585 ms
    Reading took     262.666000 us
  Sample 84...
Starting computation...
    Writing took     7.019358 ms
    Computation took 336.106807 ms
    Reading took     252.353000 us
  Sample 85...
Starting computation...
    Writing took     7.097124 ms
    Computation took 333.842265 ms
    Reading took     263.455000 us
  Sample 86...
Starting computation...
    Writing took     7.237534 ms
    Computation took 333.232570 ms
    Reading took     236.211000 us
  Sample 87...
Starting computation...
    Writing took     6.494885 ms
    Computation took 331.592008 ms
    Reading took     262.129000 us
  Sample 88...
Starting computation...
    Writing took     6.974035 ms
    Computation took 330.127902 ms
    Reading took     265.025000 us
  Sample 89...
Starting computation...
    Writing took     7.228025 ms
    Computation took 330.274818 ms
    Reading took     261.140000 us
  Sample 90...
Starting computation...
    Writing took     7.194000 ms
    Computation took 330.332908 ms
    Reading took     262.928000 us
  Sample 91...
Starting computation...
    Writing took     7.618633 ms
    Computation took 329.686208 ms
    Reading took     271.053000 us
  Sample 92...
Starting computation...
    Writing took     7.213000 ms
    Computation took 330.896786 ms
    Reading took     254.609000 us
  Sample 93...
Starting computation...
    Writing took     7.266607 ms
    Computation took 332.625848 ms
    Reading took     296.513000 us
  Sample 94...
Starting computation...
    Writing took     7.543174 ms
    Computation took 334.384557 ms
    Reading took     263.303000 us
  Sample 95...
Starting computation...
    Writing took     7.199213 ms
    Computation took 333.752459 ms
    Reading took     263.600000 us
  Sample 96...
Starting computation...
    Writing took     7.228297 ms
    Computation took 331.920326 ms
    Reading took     245.900000 us
  Sample 97...
Starting computation...
    Writing took     8.501257 ms
    Computation took 329.638475 ms
    Reading took     269.898000 us
  Sample 98...
Starting computation...
    Writing took     7.178253 ms
    Computation took 329.164805 ms
    Reading took     262.790000 us
  Sample 99...
Starting computation...
    Writing took     7.205189 ms
    Computation took 328.918429 ms
    Reading took     262.160000 us
Mean computation time: 331.925273 ms
Mean deviation: 2.132015 ms (0.642318%)
Mean computation time (per hash): 3.386992 ms
Mean deviation (per hash): 21.755000 us
