Using device #0: CUDA Device 'GeForce GTX 1080 Ti'
  Sample 0...
Starting computation...
    Writing took     6.394408 ms
    Computation took 295.786425 ms
    Reading took     228.827000 us
  Sample 1...
Starting computation...
    Writing took     6.158599 ms
    Computation took 296.055838 ms
    Reading took     203.337000 us
  Sample 2...
Starting computation...
    Writing took     5.549420 ms
    Computation took 295.906392 ms
    Reading took     238.880000 us
  Sample 3...
Starting computation...
    Writing took     6.325517 ms
    Computation took 295.791841 ms
    Reading took     208.482000 us
  Sample 4...
Starting computation...
    Writing took     5.784430 ms
    Computation took 295.941941 ms
    Reading took     237.069000 us
  Sample 5...
Starting computation...
    Writing took     6.096247 ms
    Computation took 296.019940 ms
    Reading took     223.600000 us
  Sample 6...
Starting computation...
    Writing took     6.160224 ms
    Computation took 295.660582 ms
    Reading took     202.252000 us
  Sample 7...
Starting computation...
    Writing took     5.510291 ms
    Computation took 295.927077 ms
    Reading took     269.171000 us
  Sample 8...
Starting computation...
    Writing took     7.198057 ms
    Computation took 295.670204 ms
    Reading took     261.235000 us
  Sample 9...
Starting computation...
    Writing took     7.389562 ms
    Computation took 295.770107 ms
    Reading took     204.442000 us
  Sample 10...
Starting computation...
    Writing took     5.514364 ms
    Computation took 295.568756 ms
    Reading took     268.816000 us
  Sample 11...
Starting computation...
    Writing took     6.474811 ms
    Computation took 295.752715 ms
    Reading took     252.305000 us
  Sample 12...
Starting computation...
    Writing took     6.632444 ms
    Computation took 295.948338 ms
    Reading took     265.987000 us
  Sample 13...
Starting computation...
    Writing took     6.625421 ms
    Computation took 295.811614 ms
    Reading took     252.486000 us
  Sample 14...
Starting computation...
    Writing took     6.656494 ms
    Computation took 295.784257 ms
    Reading took     256.244000 us
  Sample 15...
Starting computation...
    Writing took     6.655036 ms
    Computation took 295.913651 ms
    Reading took     281.647000 us
  Sample 16...
Starting computation...
    Writing took     6.645836 ms
    Computation took 296.058458 ms
    Reading took     253.193000 us
  Sample 17...
Starting computation...
    Writing took     6.669196 ms
    Computation took 296.033377 ms
    Reading took     432.889000 us
  Sample 18...
Starting computation...
    Writing took     12.372381 ms
    Computation took 295.698001 ms
    Reading took     433.664000 us
  Sample 19...
Starting computation...
    Writing took     7.028403 ms
    Computation took 295.998094 ms
    Reading took     247.268000 us
  Sample 20...
Starting computation...
    Writing took     6.568567 ms
    Computation took 296.363895 ms
    Reading took     405.545000 us
  Sample 21...
Starting computation...
    Writing took     11.418568 ms
    Computation took 295.902292 ms
    Reading took     294.233000 us
  Sample 22...
Starting computation...
    Writing took     11.175392 ms
    Computation took 296.009966 ms
    Reading took     254.570000 us
  Sample 23...
Starting computation...
    Writing took     6.622240 ms
    Computation took 295.726392 ms
    Reading took     255.684000 us
  Sample 24...
Starting computation...
    Writing took     6.636662 ms
    Computation took 295.904453 ms
    Reading took     253.930000 us
  Sample 25...
Starting computation...
    Writing took     6.685934 ms
    Computation took 295.777298 ms
    Reading took     250.947000 us
  Sample 26...
Starting computation...
    Writing took     6.598527 ms
    Computation took 295.707337 ms
    Reading took     254.747000 us
  Sample 27...
Starting computation...
    Writing took     6.708770 ms
    Computation took 296.003842 ms
    Reading took     246.804000 us
  Sample 28...
Starting computation...
    Writing took     6.677769 ms
    Computation took 295.941547 ms
    Reading took     254.934000 us
  Sample 29...
Starting computation...
    Writing took     6.632466 ms
    Computation took 295.635654 ms
    Reading took     265.846000 us
  Sample 30...
Starting computation...
    Writing took     6.617196 ms
    Computation took 295.514775 ms
    Reading took     275.193000 us
  Sample 31...
Starting computation...
    Writing took     7.247993 ms
    Computation took 296.058828 ms
    Reading took     274.227000 us
  Sample 32...
Starting computation...
    Writing took     7.388722 ms
    Computation took 296.150501 ms
    Reading took     277.631000 us
  Sample 33...
Starting computation...
    Writing took     6.700498 ms
    Computation took 296.042096 ms
    Reading took     245.803000 us
  Sample 34...
Starting computation...
    Writing took     6.490032 ms
    Computation took 295.644588 ms
    Reading took     252.877000 us
  Sample 35...
Starting computation...
    Writing took     6.647045 ms
    Computation took 296.058024 ms
    Reading took     256.392000 us
  Sample 36...
Starting computation...
    Writing took     6.502847 ms
    Computation took 296.136522 ms
    Reading took     254.528000 us
  Sample 37...
Starting computation...
    Writing took     6.635776 ms
    Computation took 295.840641 ms
    Reading took     239.855000 us
  Sample 38...
Starting computation...
    Writing took     6.611777 ms
    Computation took 295.825822 ms
    Reading took     240.021000 us
  Sample 39...
Starting computation...
    Writing took     6.366211 ms
    Computation took 295.981739 ms
    Reading took     231.683000 us
  Sample 40...
Starting computation...
    Writing took     6.372064 ms
    Computation took 295.646567 ms
    Reading took     233.000000 us
  Sample 41...
Starting computation...
    Writing took     6.428823 ms
    Computation took 295.992040 ms
    Reading took     248.944000 us
  Sample 42...
Starting computation...
    Writing took     6.413698 ms
    Computation took 295.970785 ms
    Reading took     346.003000 us
  Sample 43...
Starting computation...
    Writing took     11.282497 ms
    Computation took 295.720145 ms
    Reading took     238.566000 us
  Sample 44...
Starting computation...
    Writing took     6.572304 ms
    Computation took 296.062838 ms
    Reading took     238.664000 us
  Sample 45...
Starting computation...
    Writing took     6.622893 ms
    Computation took 295.886615 ms
    Reading took     236.987000 us
  Sample 46...
Starting computation...
    Writing took     7.812491 ms
    Computation took 295.915400 ms
    Reading took     294.287000 us
  Sample 47...
Starting computation...
    Writing took     8.321205 ms
    Computation took 296.211325 ms
    Reading took     241.123000 us
  Sample 48...
Starting computation...
    Writing took     7.184832 ms
    Computation took 296.879929 ms
    Reading took     239.800000 us
  Sample 49...
Starting computation...
    Writing took     7.799777 ms
    Computation took 297.164580 ms
    Reading took     379.857000 us
  Sample 50...
Starting computation...
    Writing took     11.152871 ms
    Computation took 296.984770 ms
    Reading took     239.775000 us
  Sample 51...
Starting computation...
    Writing took     6.594318 ms
    Computation took 296.380815 ms
    Reading took     238.599000 us
  Sample 52...
Starting computation...
    Writing took     6.584933 ms
    Computation took 295.933567 ms
    Reading took     239.401000 us
  Sample 53...
Starting computation...
    Writing took     6.599463 ms
    Computation took 295.883291 ms
    Reading took     238.907000 us
  Sample 54...
Starting computation...
    Writing took     6.616661 ms
    Computation took 296.206996 ms
    Reading took     249.769000 us
  Sample 55...
Starting computation...
    Writing took     6.579728 ms
    Computation took 296.269675 ms
    Reading took     239.634000 us
  Sample 56...
Starting computation...
    Writing took     6.580342 ms
    Computation took 296.672677 ms
    Reading took     238.268000 us
  Sample 57...
Starting computation...
    Writing took     6.835556 ms
    Computation took 296.660419 ms
    Reading took     239.413000 us
  Sample 58...
Starting computation...
    Writing took     6.549388 ms
    Computation took 297.360193 ms
    Reading took     245.549000 us
  Sample 59...
Starting computation...
    Writing took     6.396584 ms
    Computation took 297.405869 ms
    Reading took     225.387000 us
  Sample 60...
Starting computation...
    Writing took     6.159433 ms
    Computation took 297.887853 ms
    Reading took     330.413000 us
  Sample 61...
Starting computation...
    Writing took     6.823099 ms
    Computation took 297.120014 ms
    Reading took     262.585000 us
  Sample 62...
Starting computation...
    Writing took     7.262188 ms
    Computation took 297.560750 ms
    Reading took     239.513000 us
  Sample 63...
Starting computation...
    Writing took     6.646124 ms
    Computation took 298.050889 ms
    Reading took     239.186000 us
  Sample 64...
Starting computation...
    Writing took     6.640194 ms
    Computation took 298.686774 ms
    Reading took     273.447000 us
  Sample 65...
Starting computation...
    Writing took     6.976693 ms
    Computation took 298.979498 ms
    Reading took     294.913000 us
  Sample 66...
Starting computation...
    Writing took     8.213072 ms
    Computation took 298.763644 ms
    Reading took     261.270000 us
  Sample 67...
Starting computation...
    Writing took     6.407100 ms
    Computation took 299.223435 ms
    Reading took     299.589000 us
  Sample 68...
Starting computation...
    Writing took     9.368161 ms
    Computation took 300.185039 ms
    Reading took     391.263000 us
  Sample 69...
Starting computation...
    Writing took     10.670120 ms
    Computation took 298.422624 ms
    Reading took     239.034000 us
  Sample 70...
Starting computation...
    Writing took     6.623814 ms
    Computation took 299.289755 ms
    Reading took     239.503000 us
  Sample 71...
Starting computation...
    Writing took     6.600432 ms
    Computation took 299.667163 ms
    Reading took     245.553000 us
  Sample 72...
Starting computation...
    Writing took     6.590878 ms
    Computation took 299.879584 ms
    Reading took     240.890000 us
  Sample 73...
Starting computation...
    Writing took     6.632079 ms
    Computation took 300.077025 ms
    Reading took     239.184000 us
  Sample 74...
Starting computation...
    Writing took     6.602055 ms
    Computation took 299.852719 ms
    Reading took     237.886000 us
  Sample 75...
Starting computation...
    Writing took     6.571374 ms
    Computation took 299.568144 ms
    Reading took     239.203000 us
  Sample 76...
Starting computation...
    Writing took     9.560180 ms
    Computation took 299.098892 ms
    Reading took     229.673000 us
  Sample 77...
Starting computation...
    Writing took     6.517104 ms
    Computation took 298.012096 ms
    Reading took     238.584000 us
  Sample 78...
Starting computation...
    Writing took     6.560663 ms
    Computation took 298.879388 ms
    Reading took     240.317000 us
  Sample 79...
Starting computation...
    Writing took     6.606004 ms
    Computation took 299.412311 ms
    Reading took     453.634000 us
  Sample 80...
Starting computation...
    Writing took     10.026493 ms
    Computation took 299.500911 ms
    Reading took     369.415000 us
  Sample 81...
Starting computation...
    Writing took     9.624375 ms
    Computation took 298.864754 ms
    Reading took     255.570000 us
  Sample 82...
Starting computation...
    Writing took     6.630827 ms
    Computation took 299.021026 ms
    Reading took     255.003000 us
  Sample 83...
Starting computation...
    Writing took     6.608511 ms
    Computation took 298.811515 ms
    Reading took     253.752000 us
  Sample 84...
Starting computation...
    Writing took     6.652820 ms
    Computation took 299.059384 ms
    Reading took     245.458000 us
  Sample 85...
Starting computation...
    Writing took     6.358102 ms
    Computation took 299.690887 ms
    Reading took     264.595000 us
  Sample 86...
Starting computation...
    Writing took     6.927269 ms
    Computation took 299.893850 ms
    Reading took     244.590000 us
  Sample 87...
Starting computation...
    Writing took     6.495552 ms
    Computation took 298.983218 ms
    Reading took     254.310000 us
  Sample 88...
Starting computation...
    Writing took     6.643787 ms
    Computation took 299.127345 ms
    Reading took     256.301000 us
  Sample 89...
Starting computation...
    Writing took     6.673691 ms
    Computation took 298.977801 ms
    Reading took     435.178000 us
  Sample 90...
Starting computation...
    Writing took     11.578285 ms
    Computation took 298.785270 ms
    Reading took     289.206000 us
  Sample 91...
Starting computation...
    Writing took     9.150148 ms
    Computation took 299.009965 ms
    Reading took     273.969000 us
  Sample 92...
Starting computation...
    Writing took     7.273511 ms
    Computation took 299.653037 ms
    Reading took     254.276000 us
  Sample 93...
Starting computation...
    Writing took     6.675410 ms
    Computation took 298.106071 ms
    Reading took     272.418000 us
  Sample 94...
Starting computation...
    Writing took     6.470665 ms
    Computation took 298.885100 ms
    Reading took     243.259000 us
  Sample 95...
Starting computation...
    Writing took     7.109883 ms
    Computation took 298.902000 ms
    Reading took     262.278000 us
  Sample 96...
Starting computation...
    Writing took     6.615016 ms
    Computation took 299.522605 ms
    Reading took     256.360000 us
  Sample 97...
Starting computation...
    Writing took     7.556752 ms
    Computation took 298.694926 ms
    Reading took     235.190000 us
  Sample 98...
Starting computation...
    Writing took     6.219602 ms
    Computation took 296.782822 ms
    Reading took     328.853000 us
  Sample 99...
Starting computation...
    Writing took     8.786068 ms
    Computation took 296.661169 ms
    Reading took     254.938000 us
Mean computation time: 297.180835 ms
Mean deviation: 1.394014 ms (0.469079%)
Mean computation time (per hash): 3.339110 ms
Mean deviation (per hash): 15.663000 us
