Using device #0: CUDA Device 'GeForce GTX 1080 Ti'
  Sample 0...
Starting computation...
    Writing took     10.448311 ms
    Computation took 289.359182 ms
    Reading took     274.990000 us
  Sample 1...
Starting computation...
    Writing took     7.359836 ms
    Computation took 291.993942 ms
    Reading took     257.536000 us
  Sample 2...
Starting computation...
    Writing took     7.260388 ms
    Computation took 291.282777 ms
    Reading took     231.698000 us
  Sample 3...
Starting computation...
    Writing took     6.414713 ms
    Computation took 291.830079 ms
    Reading took     238.850000 us
  Sample 4...
Starting computation...
    Writing took     7.508046 ms
    Computation took 290.774366 ms
    Reading took     240.514000 us
  Sample 5...
Starting computation...
    Writing took     6.823754 ms
    Computation took 289.509537 ms
    Reading took     380.330000 us
  Sample 6...
Starting computation...
    Writing took     11.427174 ms
    Computation took 288.712274 ms
    Reading took     239.583000 us
  Sample 7...
Starting computation...
    Writing took     6.693910 ms
    Computation took 288.959862 ms
    Reading took     231.865000 us
  Sample 8...
Starting computation...
    Writing took     6.428617 ms
    Computation took 288.576622 ms
    Reading took     236.651000 us
  Sample 9...
Starting computation...
    Writing took     6.661029 ms
    Computation took 288.934892 ms
    Reading took     229.334000 us
  Sample 10...
Starting computation...
    Writing took     6.481519 ms
    Computation took 291.026032 ms
    Reading took     231.047000 us
  Sample 11...
Starting computation...
    Writing took     6.449397 ms
    Computation took 291.469247 ms
    Reading took     237.222000 us
  Sample 12...
Starting computation...
    Writing took     6.660948 ms
    Computation took 295.526520 ms
    Reading took     272.951000 us
  Sample 13...
Starting computation...
    Writing took     6.790404 ms
    Computation took 300.552242 ms
    Reading took     249.170000 us
  Sample 14...
Starting computation...
    Writing took     6.533836 ms
    Computation took 297.187757 ms
    Reading took     249.388000 us
  Sample 15...
Starting computation...
    Writing took     6.681688 ms
    Computation took 294.952141 ms
    Reading took     404.264000 us
  Sample 16...
Starting computation...
    Writing took     7.361283 ms
    Computation took 293.060093 ms
    Reading took     300.488000 us
  Sample 17...
Starting computation...
    Writing took     9.575784 ms
    Computation took 292.433350 ms
    Reading took     264.981000 us
  Sample 18...
Starting computation...
    Writing took     6.578563 ms
    Computation took 291.611353 ms
    Reading took     223.768000 us
  Sample 19...
Starting computation...
    Writing took     6.206369 ms
    Computation took 291.684759 ms
    Reading took     225.057000 us
  Sample 20...
Starting computation...
    Writing took     6.700999 ms
    Computation took 289.051775 ms
    Reading took     238.848000 us
  Sample 21...
Starting computation...
    Writing took     6.652478 ms
    Computation took 288.784528 ms
    Reading took     239.038000 us
  Sample 22...
Starting computation...
    Writing took     6.640140 ms
    Computation took 289.053548 ms
    Reading took     239.921000 us
  Sample 23...
Starting computation...
    Writing took     6.627916 ms
    Computation took 289.203929 ms
    Reading took     420.350000 us
  Sample 24...
Starting computation...
    Writing took     12.096263 ms
    Computation took 289.214850 ms
    Reading took     261.049000 us
  Sample 25...
Starting computation...
    Writing took     7.247846 ms
    Computation took 290.060802 ms
    Reading took     257.417000 us
  Sample 26...
Starting computation...
    Writing took     7.252739 ms
    Computation took 292.360015 ms
    Reading took     370.720000 us
  Sample 27...
Starting computation...
    Writing took     11.524808 ms
    Computation took 292.564859 ms
    Reading took     241.976000 us
  Sample 28...
Starting computation...
    Writing took     6.266320 ms
    Computation took 294.611481 ms
    Reading took     253.530000 us
  Sample 29...
Starting computation...
    Writing took     6.698357 ms
    Computation took 293.468851 ms
    Reading took     254.674000 us
  Sample 30...
Starting computation...
    Writing took     6.712690 ms
    Computation took 293.982450 ms
    Reading took     266.479000 us
  Sample 31...
Starting computation...
    Writing took     6.633693 ms
    Computation took 293.922571 ms
    Reading took     317.936000 us
  Sample 32...
Starting computation...
    Writing took     8.279192 ms
    Computation took 293.032867 ms
    Reading took     236.752000 us
  Sample 33...
Starting computation...
    Writing took     7.806185 ms
    Computation took 292.461483 ms
    Reading took     234.571000 us
  Sample 34...
Starting computation...
    Writing took     6.275709 ms
    Computation took 291.791891 ms
    Reading took     326.566000 us
  Sample 35...
Starting computation...
    Writing took     7.743030 ms
    Computation took 291.620335 ms
    Reading took     355.570000 us
  Sample 36...
Starting computation...
    Writing took     11.540019 ms
    Computation took 291.053690 ms
    Reading took     293.397000 us
  Sample 37...
Starting computation...
    Writing took     7.555176 ms
    Computation took 290.207682 ms
    Reading took     251.845000 us
  Sample 38...
Starting computation...
    Writing took     6.698354 ms
    Computation took 289.907818 ms
    Reading took     240.697000 us
  Sample 39...
Starting computation...
    Writing took     6.267382 ms
    Computation took 289.425687 ms
    Reading took     255.442000 us
  Sample 40...
Starting computation...
    Writing took     10.590034 ms
    Computation took 291.137298 ms
    Reading took     258.537000 us
  Sample 41...
Starting computation...
    Writing took     6.410824 ms
    Computation took 293.630114 ms
    Reading took     316.577000 us
  Sample 42...
Starting computation...
    Writing took     6.784434 ms
    Computation took 293.108490 ms
    Reading took     252.314000 us
  Sample 43...
Starting computation...
    Writing took     6.697226 ms
    Computation took 290.708750 ms
    Reading took     267.143000 us
  Sample 44...
Starting computation...
    Writing took     6.685045 ms
    Computation took 290.814325 ms
    Reading took     325.960000 us
  Sample 45...
Starting computation...
    Writing took     8.601263 ms
    Computation took 289.772295 ms
    Reading took     261.311000 us
  Sample 46...
Starting computation...
    Writing took     7.683210 ms
    Computation took 289.047259 ms
    Reading took     253.382000 us
  Sample 47...
Starting computation...
    Writing took     6.643925 ms
    Computation took 289.123605 ms
    Reading took     431.290000 us
  Sample 48...
Starting computation...
    Writing took     7.467214 ms
    Computation took 289.097492 ms
    Reading took     251.726000 us
  Sample 49...
Starting computation...
    Writing took     6.698813 ms
    Computation took 289.768468 ms
    Reading took     287.833000 us
  Sample 50...
Starting computation...
    Writing took     7.791847 ms
    Computation took 289.587753 ms
    Reading took     254.156000 us
  Sample 51...
Starting computation...
    Writing took     6.644772 ms
    Computation took 291.162898 ms
    Reading took     271.916000 us
  Sample 52...
Starting computation...
    Writing took     7.321785 ms
    Computation took 292.140009 ms
    Reading took     244.706000 us
  Sample 53...
Starting computation...
    Writing took     6.444752 ms
    Computation took 292.667250 ms
    Reading took     252.733000 us
  Sample 54...
Starting computation...
    Writing took     6.696463 ms
    Computation took 295.576413 ms
    Reading took     255.643000 us
  Sample 55...
Starting computation...
    Writing took     7.728239 ms
    Computation took 293.979969 ms
    Reading took     313.241000 us
  Sample 56...
Starting computation...
    Writing took     6.771391 ms
    Computation took 291.996506 ms
    Reading took     253.555000 us
  Sample 57...
Starting computation...
    Writing took     7.793456 ms
    Computation took 291.387552 ms
    Reading took     253.461000 us
  Sample 58...
Starting computation...
    Writing took     6.657357 ms
    Computation took 291.199181 ms
    Reading took     272.024000 us
  Sample 59...
Starting computation...
    Writing took     7.264164 ms
    Computation took 290.939904 ms
    Reading took     244.265000 us
  Sample 60...
Starting computation...
    Writing took     6.659986 ms
    Computation took 290.101215 ms
    Reading took     252.741000 us
  Sample 61...
Starting computation...
    Writing took     6.784123 ms
    Computation took 288.837346 ms
    Reading took     237.569000 us
  Sample 62...
Starting computation...
    Writing took     6.253479 ms
    Computation took 289.693703 ms
    Reading took     254.940000 us
  Sample 63...
Starting computation...
    Writing took     6.697819 ms
    Computation took 291.416381 ms
    Reading took     252.346000 us
  Sample 64...
Starting computation...
    Writing took     6.655412 ms
    Computation took 294.230806 ms
    Reading took     608.472000 us
  Sample 65...
Starting computation...
    Writing took     18.970131 ms
    Computation took 298.366483 ms
    Reading took     272.184000 us
  Sample 66...
Starting computation...
    Writing took     7.246991 ms
    Computation took 299.134302 ms
    Reading took     272.534000 us
  Sample 67...
Starting computation...
    Writing took     7.282272 ms
    Computation took 302.080343 ms
    Reading took     252.885000 us
  Sample 68...
Starting computation...
    Writing took     6.652269 ms
    Computation took 298.222746 ms
    Reading took     251.986000 us
  Sample 69...
Starting computation...
    Writing took     6.679855 ms
    Computation took 295.595209 ms
    Reading took     236.791000 us
  Sample 70...
Starting computation...
    Writing took     6.261006 ms
    Computation took 294.737674 ms
    Reading took     244.776000 us
  Sample 71...
Starting computation...
    Writing took     6.518470 ms
    Computation took 291.418810 ms
    Reading took     304.833000 us
  Sample 72...
Starting computation...
    Writing took     7.969826 ms
    Computation took 291.701054 ms
    Reading took     288.384000 us
  Sample 73...
Starting computation...
    Writing took     7.259305 ms
    Computation took 291.064165 ms
    Reading took     251.852000 us
  Sample 74...
Starting computation...
    Writing took     8.057153 ms
    Computation took 289.585983 ms
    Reading took     235.950000 us
  Sample 75...
Starting computation...
    Writing took     6.169876 ms
    Computation took 288.806938 ms
    Reading took     264.144000 us
  Sample 76...
Starting computation...
    Writing took     6.677022 ms
    Computation took 288.957455 ms
    Reading took     258.033000 us
  Sample 77...
Starting computation...
    Writing took     6.633762 ms
    Computation took 288.993657 ms
    Reading took     273.802000 us
  Sample 78...
Starting computation...
    Writing took     6.819483 ms
    Computation took 288.997843 ms
    Reading took     306.533000 us
  Sample 79...
Starting computation...
    Writing took     8.552281 ms
    Computation took 290.761978 ms
    Reading took     251.254000 us
  Sample 80...
Starting computation...
    Writing took     6.795709 ms
    Computation took 291.583227 ms
    Reading took     253.121000 us
  Sample 81...
Starting computation...
    Writing took     7.087830 ms
    Computation took 295.266848 ms
    Reading took     252.077000 us
  Sample 82...
Starting computation...
    Writing took     6.666388 ms
    Computation took 300.580792 ms
    Reading took     254.554000 us
  Sample 83...
Starting computation...
    Writing took     6.628647 ms
    Computation took 298.524896 ms
    Reading took     321.263000 us
  Sample 84...
Starting computation...
    Writing took     10.073859 ms
    Computation took 298.142376 ms
    Reading took     237.331000 us
  Sample 85...
Starting computation...
    Writing took     6.740247 ms
    Computation took 296.207157 ms
    Reading took     251.946000 us
  Sample 86...
Starting computation...
    Writing took     6.705997 ms
    Computation took 295.521196 ms
    Reading took     253.812000 us
  Sample 87...
Starting computation...
    Writing took     6.777658 ms
    Computation took 294.987566 ms
    Reading took     244.658000 us
  Sample 88...
Starting computation...
    Writing took     15.292855 ms
    Computation took 294.509360 ms
    Reading took     277.160000 us
  Sample 89...
Starting computation...
    Writing took     6.909345 ms
    Computation took 293.285876 ms
    Reading took     252.841000 us
  Sample 90...
Starting computation...
    Writing took     6.656473 ms
    Computation took 290.389759 ms
    Reading took     254.979000 us
  Sample 91...
Starting computation...
    Writing took     6.708208 ms
    Computation took 290.732844 ms
    Reading took     264.949000 us
  Sample 92...
Starting computation...
    Writing took     7.565943 ms
    Computation took 289.922268 ms
    Reading took     237.575000 us
  Sample 93...
Starting computation...
    Writing took     6.212367 ms
    Computation took 289.298621 ms
    Reading took     252.340000 us
  Sample 94...
Starting computation...
    Writing took     6.676298 ms
    Computation took 289.055286 ms
    Reading took     245.312000 us
  Sample 95...
Starting computation...
    Writing took     6.428904 ms
    Computation took 289.055178 ms
    Reading took     246.136000 us
  Sample 96...
Starting computation...
    Writing took     6.436459 ms
    Computation took 290.003050 ms
    Reading took     252.056000 us
  Sample 97...
Starting computation...
    Writing took     12.667283 ms
    Computation took 291.735165 ms
    Reading took     351.002000 us
  Sample 98...
Starting computation...
    Writing took     8.520244 ms
    Computation took 292.727864 ms
    Reading took     263.239000 us
  Sample 99...
Starting computation...
    Writing took     6.580659 ms
    Computation took 293.325873 ms
    Reading took     253.860000 us
Mean computation time: 292.096229 ms
Mean deviation: 2.340191 ms (0.801171%)
Mean computation time (per hash): 3.281979 ms
Mean deviation (per hash): 26.294000 us
