Using device #0: CUDA Device 'GeForce GTX 1080 Ti'
  Sample 0...
Starting computation...
    Writing took     4.723889 ms
    Computation took 218.181649 ms
    Reading took     110.859000 us
  Sample 1...
Starting computation...
    Writing took     2.824299 ms
    Computation took 218.001580 ms
    Reading took     107.105000 us
  Sample 2...
Starting computation...
    Writing took     2.830558 ms
    Computation took 218.003596 ms
    Reading took     87.700000 us
  Sample 3...
Starting computation...
    Writing took     2.277708 ms
    Computation took 218.041428 ms
    Reading took     109.991000 us
  Sample 4...
Starting computation...
    Writing took     2.853731 ms
    Computation took 218.059516 ms
    Reading took     107.878000 us
  Sample 5...
Starting computation...
    Writing took     2.830159 ms
    Computation took 218.022556 ms
    Reading took     107.206000 us
  Sample 6...
Starting computation...
    Writing took     2.823204 ms
    Computation took 218.043331 ms
    Reading took     184.273000 us
  Sample 7...
Starting computation...
    Writing took     4.999512 ms
    Computation took 218.123647 ms
    Reading took     112.231000 us
  Sample 8...
Starting computation...
    Writing took     2.597165 ms
    Computation took 218.056723 ms
    Reading took     108.606000 us
  Sample 9...
Starting computation...
    Writing took     2.852733 ms
    Computation took 218.056085 ms
    Reading took     107.125000 us
  Sample 10...
Starting computation...
    Writing took     2.782802 ms
    Computation took 218.047283 ms
    Reading took     105.228000 us
  Sample 11...
Starting computation...
    Writing took     2.794758 ms
    Computation took 218.039898 ms
    Reading took     84.585000 us
  Sample 12...
Starting computation...
    Writing took     2.012602 ms
    Computation took 217.990372 ms
    Reading took     78.585000 us
  Sample 13...
Starting computation...
    Writing took     1.966513 ms
    Computation took 217.965761 ms
    Reading took     86.441000 us
  Sample 14...
Starting computation...
    Writing took     2.152999 ms
    Computation took 218.023423 ms
    Reading took     87.459000 us
  Sample 15...
Starting computation...
    Writing took     2.151112 ms
    Computation took 218.056055 ms
    Reading took     89.352000 us
  Sample 16...
Starting computation...
    Writing took     2.223083 ms
    Computation took 218.019407 ms
    Reading took     86.280000 us
  Sample 17...
Starting computation...
    Writing took     2.155162 ms
    Computation took 217.991843 ms
    Reading took     107.498000 us
  Sample 18...
Starting computation...
    Writing took     2.821938 ms
    Computation took 218.011644 ms
    Reading took     104.676000 us
  Sample 19...
Starting computation...
    Writing took     2.794819 ms
    Computation took 217.983716 ms
    Reading took     105.986000 us
  Sample 20...
Starting computation...
    Writing took     2.829407 ms
    Computation took 217.993350 ms
    Reading took     77.018000 us
  Sample 21...
Starting computation...
    Writing took     1.969677 ms
    Computation took 217.994934 ms
    Reading took     112.631000 us
  Sample 22...
Starting computation...
    Writing took     2.831199 ms
    Computation took 218.003859 ms
    Reading took     108.582000 us
  Sample 23...
Starting computation...
    Writing took     2.842273 ms
    Computation took 217.973029 ms
    Reading took     104.443000 us
  Sample 24...
Starting computation...
    Writing took     2.779031 ms
    Computation took 218.005075 ms
    Reading took     79.146000 us
  Sample 25...
Starting computation...
    Writing took     1.974033 ms
    Computation took 218.019323 ms
    Reading took     87.707000 us
  Sample 26...
Starting computation...
    Writing took     2.172760 ms
    Computation took 218.012100 ms
    Reading took     123.125000 us
  Sample 27...
Starting computation...
    Writing took     2.792415 ms
    Computation took 218.026985 ms
    Reading took     107.150000 us
  Sample 28...
Starting computation...
    Writing took     2.825684 ms
    Computation took 217.994096 ms
    Reading took     102.302000 us
  Sample 29...
Starting computation...
    Writing took     2.782522 ms
    Computation took 217.995728 ms
    Reading took     77.678000 us
  Sample 30...
Starting computation...
    Writing took     1.978601 ms
    Computation took 218.031574 ms
    Reading took     160.296000 us
  Sample 31...
Starting computation...
    Writing took     3.637999 ms
    Computation took 218.082579 ms
    Reading took     105.937000 us
  Sample 32...
Starting computation...
    Writing took     2.625118 ms
    Computation took 218.051527 ms
    Reading took     114.013000 us
  Sample 33...
Starting computation...
    Writing took     2.659999 ms
    Computation took 218.012407 ms
    Reading took     104.951000 us
  Sample 34...
Starting computation...
    Writing took     2.671708 ms
    Computation took 218.077816 ms
    Reading took     104.911000 us
  Sample 35...
Starting computation...
    Writing took     2.647683 ms
    Computation took 218.050572 ms
    Reading took     114.550000 us
  Sample 36...
Starting computation...
    Writing took     2.615949 ms
    Computation took 218.056182 ms
    Reading took     109.636000 us
  Sample 37...
Starting computation...
    Writing took     2.613363 ms
    Computation took 218.053219 ms
    Reading took     107.367000 us
  Sample 38...
Starting computation...
    Writing took     2.666290 ms
    Computation took 218.058545 ms
    Reading took     105.218000 us
  Sample 39...
Starting computation...
    Writing took     2.696390 ms
    Computation took 218.065537 ms
    Reading took     172.408000 us
  Sample 40...
Starting computation...
    Writing took     4.455692 ms
    Computation took 218.042690 ms
    Reading took     108.244000 us
  Sample 41...
Starting computation...
    Writing took     2.680489 ms
    Computation took 218.050829 ms
    Reading took     99.597000 us
  Sample 42...
Starting computation...
    Writing took     2.604771 ms
    Computation took 218.033068 ms
    Reading took     105.323000 us
  Sample 43...
Starting computation...
    Writing took     2.452502 ms
    Computation took 218.013994 ms
    Reading took     99.725000 us
  Sample 44...
Starting computation...
    Writing took     2.582396 ms
    Computation took 218.044772 ms
    Reading took     91.890000 us
  Sample 45...
Starting computation...
    Writing took     2.240983 ms
    Computation took 217.992184 ms
    Reading took     84.150000 us
  Sample 46...
Starting computation...
    Writing took     2.127207 ms
    Computation took 217.993297 ms
    Reading took     81.903000 us
  Sample 47...
Starting computation...
    Writing took     2.133303 ms
    Computation took 218.021981 ms
    Reading took     83.993000 us
  Sample 48...
Starting computation...
    Writing took     2.172641 ms
    Computation took 218.029752 ms
    Reading took     83.057000 us
  Sample 49...
Starting computation...
    Writing took     2.181563 ms
    Computation took 218.042592 ms
    Reading took     87.113000 us
  Sample 50...
Starting computation...
    Writing took     2.272793 ms
    Computation took 218.026928 ms
    Reading took     80.847000 us
  Sample 51...
Starting computation...
    Writing took     2.052547 ms
    Computation took 218.000099 ms
    Reading took     75.014000 us
  Sample 52...
Starting computation...
    Writing took     2.026049 ms
    Computation took 217.991582 ms
    Reading took     83.954000 us
  Sample 53...
Starting computation...
    Writing took     2.392144 ms
    Computation took 218.073001 ms
    Reading took     101.431000 us
  Sample 54...
Starting computation...
    Writing took     2.618451 ms
    Computation took 218.026948 ms
    Reading took     100.739000 us
  Sample 55...
Starting computation...
    Writing took     2.595848 ms
    Computation took 218.052060 ms
    Reading took     102.717000 us
  Sample 56...
Starting computation...
    Writing took     2.621496 ms
    Computation took 218.033946 ms
    Reading took     101.283000 us
  Sample 57...
Starting computation...
    Writing took     2.658896 ms
    Computation took 218.005110 ms
    Reading took     100.850000 us
  Sample 58...
Starting computation...
    Writing took     2.644234 ms
    Computation took 217.955808 ms
    Reading took     116.717000 us
  Sample 59...
Starting computation...
    Writing took     2.613248 ms
    Computation took 217.986637 ms
    Reading took     101.585000 us
  Sample 60...
Starting computation...
    Writing took     2.607069 ms
    Computation took 218.004802 ms
    Reading took     100.041000 us
  Sample 61...
Starting computation...
    Writing took     2.469417 ms
    Computation took 218.003747 ms
    Reading took     100.716000 us
  Sample 62...
Starting computation...
    Writing took     2.639339 ms
    Computation took 218.010104 ms
    Reading took     82.703000 us
  Sample 63...
Starting computation...
    Writing took     2.058795 ms
    Computation took 218.061618 ms
    Reading took     84.886000 us
  Sample 64...
Starting computation...
    Writing took     2.161678 ms
    Computation took 218.034153 ms
    Reading took     78.265000 us
  Sample 65...
Starting computation...
    Writing took     1.977891 ms
    Computation took 217.976289 ms
    Reading took     77.924000 us
  Sample 66...
Starting computation...
    Writing took     1.979221 ms
    Computation took 218.014151 ms
    Reading took     80.827000 us
  Sample 67...
Starting computation...
    Writing took     2.009075 ms
    Computation took 218.002217 ms
    Reading took     77.475000 us
  Sample 68...
Starting computation...
    Writing took     1.973587 ms
    Computation took 217.999743 ms
    Reading took     77.591000 us
  Sample 69...
Starting computation...
    Writing took     1.976002 ms
    Computation took 218.030208 ms
    Reading took     82.047000 us
  Sample 70...
Starting computation...
    Writing took     2.015843 ms
    Computation took 217.985370 ms
    Reading took     106.566000 us
  Sample 71...
Starting computation...
    Writing took     2.247978 ms
    Computation took 218.049300 ms
    Reading took     105.684000 us
  Sample 72...
Starting computation...
    Writing took     2.628296 ms
    Computation took 218.062115 ms
    Reading took     106.212000 us
  Sample 73...
Starting computation...
    Writing took     2.614902 ms
    Computation took 218.094453 ms
    Reading took     106.571000 us
  Sample 74...
Starting computation...
    Writing took     2.687816 ms
    Computation took 218.090487 ms
    Reading took     109.624000 us
  Sample 75...
Starting computation...
    Writing took     2.864708 ms
    Computation took 218.043119 ms
    Reading took     115.710000 us
  Sample 76...
Starting computation...
    Writing took     2.816082 ms
    Computation took 217.994879 ms
    Reading took     105.844000 us
  Sample 77...
Starting computation...
    Writing took     2.774340 ms
    Computation took 217.998767 ms
    Reading took     86.085000 us
  Sample 78...
Starting computation...
    Writing took     2.225513 ms
    Computation took 218.023348 ms
    Reading took     83.779000 us
  Sample 79...
Starting computation...
    Writing took     2.094632 ms
    Computation took 218.018538 ms
    Reading took     82.829000 us
  Sample 80...
Starting computation...
    Writing took     2.114314 ms
    Computation took 217.995480 ms
    Reading took     94.321000 us
  Sample 81...
Starting computation...
    Writing took     2.440201 ms
    Computation took 218.033038 ms
    Reading took     95.320000 us
  Sample 82...
Starting computation...
    Writing took     2.417954 ms
    Computation took 218.049437 ms
    Reading took     103.011000 us
  Sample 83...
Starting computation...
    Writing took     2.487963 ms
    Computation took 218.036754 ms
    Reading took     80.540000 us
  Sample 84...
Starting computation...
    Writing took     2.009562 ms
    Computation took 217.999749 ms
    Reading took     76.016000 us
  Sample 85...
Starting computation...
    Writing took     1.969233 ms
    Computation took 218.031103 ms
    Reading took     81.754000 us
  Sample 86...
Starting computation...
    Writing took     2.018635 ms
    Computation took 218.035577 ms
    Reading took     82.999000 us
  Sample 87...
Starting computation...
    Writing took     2.018039 ms
    Computation took 217.980872 ms
    Reading took     78.217000 us
  Sample 88...
Starting computation...
    Writing took     1.978326 ms
    Computation took 218.002929 ms
    Reading took     84.576000 us
  Sample 89...
Starting computation...
    Writing took     2.105612 ms
    Computation took 218.035672 ms
    Reading took     90.525000 us
  Sample 90...
Starting computation...
    Writing took     2.236037 ms
    Computation took 218.014545 ms
    Reading took     94.620000 us
  Sample 91...
Starting computation...
    Writing took     2.285294 ms
    Computation took 217.975912 ms
    Reading took     91.967000 us
  Sample 92...
Starting computation...
    Writing took     2.370887 ms
    Computation took 218.039501 ms
    Reading took     87.407000 us
  Sample 93...
Starting computation...
    Writing took     2.273519 ms
    Computation took 218.032437 ms
    Reading took     151.184000 us
  Sample 94...
Starting computation...
    Writing took     4.322006 ms
    Computation took 218.029265 ms
    Reading took     100.732000 us
  Sample 95...
Starting computation...
    Writing took     2.618704 ms
    Computation took 218.038947 ms
    Reading took     85.097000 us
  Sample 96...
Starting computation...
    Writing took     2.174784 ms
    Computation took 217.986709 ms
    Reading took     78.122000 us
  Sample 97...
Starting computation...
    Writing took     2.063220 ms
    Computation took 218.034651 ms
    Reading took     99.967000 us
  Sample 98...
Starting computation...
    Writing took     2.652143 ms
    Computation took 218.092678 ms
    Reading took     107.917000 us
  Sample 99...
Starting computation...
    Writing took     2.853857 ms
    Computation took 218.082192 ms
    Reading took     110.666000 us
Mean computation time: 218.027200 ms
Mean deviation: 26.794000 us (0.0122893%)
Mean computation time (per hash): 6.229348 ms
Mean deviation (per hash): 765 ns
