Using device #0: CUDA Device 'GeForce GTX 1080 Ti'
  Sample 0...
Starting computation...
    Writing took     2.708413 ms
    Computation took 204.818737 ms
    Reading took     115.331000 us
  Sample 1...
Starting computation...
    Writing took     2.695969 ms
    Computation took 204.812069 ms
    Reading took     110.528000 us
  Sample 2...
Starting computation...
    Writing took     2.657489 ms
    Computation took 204.762873 ms
    Reading took     111.443000 us
  Sample 3...
Starting computation...
    Writing took     2.781068 ms
    Computation took 204.817954 ms
    Reading took     116.122000 us
  Sample 4...
Starting computation...
    Writing took     2.917453 ms
    Computation took 204.799532 ms
    Reading took     120.190000 us
  Sample 5...
Starting computation...
    Writing took     3.007487 ms
    Computation took 204.789971 ms
    Reading took     110.737000 us
  Sample 6...
Starting computation...
    Writing took     2.778067 ms
    Computation took 204.824798 ms
    Reading took     117.122000 us
  Sample 7...
Starting computation...
    Writing took     2.983262 ms
    Computation took 204.835600 ms
    Reading took     121.090000 us
  Sample 8...
Starting computation...
    Writing took     3.118573 ms
    Computation took 204.846434 ms
    Reading took     184.743000 us
  Sample 9...
Starting computation...
    Writing took     5.228318 ms
    Computation took 204.790059 ms
    Reading took     125.127000 us
  Sample 10...
Starting computation...
    Writing took     3.108050 ms
    Computation took 204.857326 ms
    Reading took     138.093000 us
  Sample 11...
Starting computation...
    Writing took     3.109274 ms
    Computation took 204.858479 ms
    Reading took     123.072000 us
  Sample 12...
Starting computation...
    Writing took     3.105562 ms
    Computation took 204.369456 ms
    Reading took     124.856000 us
  Sample 13...
Starting computation...
    Writing took     3.113668 ms
    Computation took 204.190323 ms
    Reading took     136.561000 us
  Sample 14...
Starting computation...
    Writing took     3.088933 ms
    Computation took 204.185206 ms
    Reading took     123.253000 us
  Sample 15...
Starting computation...
    Writing took     3.061624 ms
    Computation took 204.177951 ms
    Reading took     123.414000 us
  Sample 16...
Starting computation...
    Writing took     3.093014 ms
    Computation took 204.172034 ms
    Reading took     186.587000 us
  Sample 17...
Starting computation...
    Writing took     5.286161 ms
    Computation took 204.178506 ms
    Reading took     123.770000 us
  Sample 18...
Starting computation...
    Writing took     3.072359 ms
    Computation took 204.170949 ms
    Reading took     100.292000 us
  Sample 19...
Starting computation...
    Writing took     2.432049 ms
    Computation took 204.138883 ms
    Reading took     122.611000 us
  Sample 20...
Starting computation...
    Writing took     3.100626 ms
    Computation took 204.152370 ms
    Reading took     128.426000 us
  Sample 21...
Starting computation...
    Writing took     3.067622 ms
    Computation took 204.189993 ms
    Reading took     193.014000 us
  Sample 22...
Starting computation...
    Writing took     5.296373 ms
    Computation took 204.216739 ms
    Reading took     151.879000 us
  Sample 23...
Starting computation...
    Writing took     4.709645 ms
    Computation took 204.241646 ms
    Reading took     123.470000 us
  Sample 24...
Starting computation...
    Writing took     3.057234 ms
    Computation took 204.183823 ms
    Reading took     127.168000 us
  Sample 25...
Starting computation...
    Writing took     3.081975 ms
    Computation took 204.177740 ms
    Reading took     123.057000 us
  Sample 26...
Starting computation...
    Writing took     3.107506 ms
    Computation took 204.189552 ms
    Reading took     122.600000 us
  Sample 27...
Starting computation...
    Writing took     3.116486 ms
    Computation took 204.193588 ms
    Reading took     124.080000 us
  Sample 28...
Starting computation...
    Writing took     3.123911 ms
    Computation took 204.217596 ms
    Reading took     123.842000 us
  Sample 29...
Starting computation...
    Writing took     3.112583 ms
    Computation took 204.216057 ms
    Reading took     122.870000 us
  Sample 30...
Starting computation...
    Writing took     3.075946 ms
    Computation took 204.247925 ms
    Reading took     121.540000 us
  Sample 31...
Starting computation...
    Writing took     3.052128 ms
    Computation took 204.160611 ms
    Reading took     182.406000 us
  Sample 32...
Starting computation...
    Writing took     5.276569 ms
    Computation took 204.229638 ms
    Reading took     189.243000 us
  Sample 33...
Starting computation...
    Writing took     4.014575 ms
    Computation took 204.175107 ms
    Reading took     123.728000 us
  Sample 34...
Starting computation...
    Writing took     3.123449 ms
    Computation took 204.202256 ms
    Reading took     123.301000 us
  Sample 35...
Starting computation...
    Writing took     3.094371 ms
    Computation took 204.235913 ms
    Reading took     122.254000 us
  Sample 36...
Starting computation...
    Writing took     3.070861 ms
    Computation took 204.176379 ms
    Reading took     135.923000 us
  Sample 37...
Starting computation...
    Writing took     3.053725 ms
    Computation took 204.148394 ms
    Reading took     123.616000 us
  Sample 38...
Starting computation...
    Writing took     3.090138 ms
    Computation took 204.203757 ms
    Reading took     123.214000 us
  Sample 39...
Starting computation...
    Writing took     3.108106 ms
    Computation took 204.208776 ms
    Reading took     123.099000 us
  Sample 40...
Starting computation...
    Writing took     3.140588 ms
    Computation took 204.205667 ms
    Reading took     123.058000 us
  Sample 41...
Starting computation...
    Writing took     3.797867 ms
    Computation took 204.237903 ms
    Reading took     130.227000 us
  Sample 42...
Starting computation...
    Writing took     3.132477 ms
    Computation took 204.183244 ms
    Reading took     124.004000 us
  Sample 43...
Starting computation...
    Writing took     3.116232 ms
    Computation took 204.200671 ms
    Reading took     123.299000 us
  Sample 44...
Starting computation...
    Writing took     3.078451 ms
    Computation took 204.134566 ms
    Reading took     124.163000 us
  Sample 45...
Starting computation...
    Writing took     3.056892 ms
    Computation took 204.166083 ms
    Reading took     144.977000 us
  Sample 46...
Starting computation...
    Writing took     3.069961 ms
    Computation took 204.189633 ms
    Reading took     124.327000 us
  Sample 47...
Starting computation...
    Writing took     3.089025 ms
    Computation took 204.209815 ms
    Reading took     123.597000 us
  Sample 48...
Starting computation...
    Writing took     3.113152 ms
    Computation took 204.799917 ms
    Reading took     123.513000 us
  Sample 49...
Starting computation...
    Writing took     3.113553 ms
    Computation took 205.769250 ms
    Reading took     162.460000 us
  Sample 50...
Starting computation...
    Writing took     3.075105 ms
    Computation took 205.756120 ms
    Reading took     125.109000 us
  Sample 51...
Starting computation...
    Writing took     2.820899 ms
    Computation took 205.694318 ms
    Reading took     101.441000 us
  Sample 52...
Starting computation...
    Writing took     2.417436 ms
    Computation took 205.652503 ms
    Reading took     101.998000 us
  Sample 53...
Starting computation...
    Writing took     2.415074 ms
    Computation took 205.678471 ms
    Reading took     99.660000 us
  Sample 54...
Starting computation...
    Writing took     2.330881 ms
    Computation took 205.669146 ms
    Reading took     107.137000 us
  Sample 55...
Starting computation...
    Writing took     2.556296 ms
    Computation took 205.655973 ms
    Reading took     101.112000 us
  Sample 56...
Starting computation...
    Writing took     2.431492 ms
    Computation took 205.722861 ms
    Reading took     196.349000 us
  Sample 57...
Starting computation...
    Writing took     5.210450 ms
    Computation took 205.750658 ms
    Reading took     101.269000 us
  Sample 58...
Starting computation...
    Writing took     2.337809 ms
    Computation took 205.654523 ms
    Reading took     101.026000 us
  Sample 59...
Starting computation...
    Writing took     2.378460 ms
    Computation took 205.703875 ms
    Reading took     101.732000 us
  Sample 60...
Starting computation...
    Writing took     2.324759 ms
    Computation took 205.657210 ms
    Reading took     110.174000 us
  Sample 61...
Starting computation...
    Writing took     2.573564 ms
    Computation took 205.664942 ms
    Reading took     104.134000 us
  Sample 62...
Starting computation...
    Writing took     2.494595 ms
    Computation took 205.706785 ms
    Reading took     105.419000 us
  Sample 63...
Starting computation...
    Writing took     2.480447 ms
    Computation took 205.685835 ms
    Reading took     111.496000 us
  Sample 64...
Starting computation...
    Writing took     2.703232 ms
    Computation took 205.605199 ms
    Reading took     109.996000 us
  Sample 65...
Starting computation...
    Writing took     2.527730 ms
    Computation took 205.699719 ms
    Reading took     110.671000 us
  Sample 66...
Starting computation...
    Writing took     2.709022 ms
    Computation took 205.648269 ms
    Reading took     136.047000 us
  Sample 67...
Starting computation...
    Writing took     3.532641 ms
    Computation took 205.645410 ms
    Reading took     131.331000 us
  Sample 68...
Starting computation...
    Writing took     3.393187 ms
    Computation took 205.661342 ms
    Reading took     131.258000 us
  Sample 69...
Starting computation...
    Writing took     3.318490 ms
    Computation took 205.659478 ms
    Reading took     111.807000 us
  Sample 70...
Starting computation...
    Writing took     2.707740 ms
    Computation took 205.704008 ms
    Reading took     111.048000 us
  Sample 71...
Starting computation...
    Writing took     2.762624 ms
    Computation took 205.631022 ms
    Reading took     111.408000 us
  Sample 72...
Starting computation...
    Writing took     2.764231 ms
    Computation took 205.620690 ms
    Reading took     115.225000 us
  Sample 73...
Starting computation...
    Writing took     2.927212 ms
    Computation took 205.667715 ms
    Reading took     113.913000 us
  Sample 74...
Starting computation...
    Writing took     2.781819 ms
    Computation took 205.698366 ms
    Reading took     105.748000 us
  Sample 75...
Starting computation...
    Writing took     2.608764 ms
    Computation took 205.689554 ms
    Reading took     105.827000 us
  Sample 76...
Starting computation...
    Writing took     2.649187 ms
    Computation took 205.691168 ms
    Reading took     122.771000 us
  Sample 77...
Starting computation...
    Writing took     3.046244 ms
    Computation took 205.707275 ms
    Reading took     185.007000 us
  Sample 78...
Starting computation...
    Writing took     5.229843 ms
    Computation took 205.719445 ms
    Reading took     123.711000 us
  Sample 79...
Starting computation...
    Writing took     3.059917 ms
    Computation took 205.723754 ms
    Reading took     123.612000 us
  Sample 80...
Starting computation...
    Writing took     3.107180 ms
    Computation took 205.736076 ms
    Reading took     189.462000 us
  Sample 81...
Starting computation...
    Writing took     5.257011 ms
    Computation took 205.764386 ms
    Reading took     109.066000 us
  Sample 82...
Starting computation...
    Writing took     2.600620 ms
    Computation took 205.700551 ms
    Reading took     108.447000 us
  Sample 83...
Starting computation...
    Writing took     2.663744 ms
    Computation took 205.657228 ms
    Reading took     114.563000 us
  Sample 84...
Starting computation...
    Writing took     2.855810 ms
    Computation took 205.654953 ms
    Reading took     99.835000 us
  Sample 85...
Starting computation...
    Writing took     2.534694 ms
    Computation took 205.682491 ms
    Reading took     140.556000 us
  Sample 86...
Starting computation...
    Writing took     3.865874 ms
    Computation took 205.719939 ms
    Reading took     116.206000 us
  Sample 87...
Starting computation...
    Writing took     3.100749 ms
    Computation took 205.694655 ms
    Reading took     115.581000 us
  Sample 88...
Starting computation...
    Writing took     3.092058 ms
    Computation took 205.706837 ms
    Reading took     115.517000 us
  Sample 89...
Starting computation...
    Writing took     3.065470 ms
    Computation took 205.709603 ms
    Reading took     113.549000 us
  Sample 90...
Starting computation...
    Writing took     3.046271 ms
    Computation took 208.839160 ms
    Reading took     145.069000 us
  Sample 91...
Starting computation...
    Writing took     4.602437 ms
    Computation took 205.754073 ms
    Reading took     114.249000 us
  Sample 92...
Starting computation...
    Writing took     3.156820 ms
    Computation took 205.698404 ms
    Reading took     113.769000 us
  Sample 93...
Starting computation...
    Writing took     3.051668 ms
    Computation took 205.680308 ms
    Reading took     114.244000 us
  Sample 94...
Starting computation...
    Writing took     3.049797 ms
    Computation took 206.135222 ms
    Reading took     165.528000 us
  Sample 95...
Starting computation...
    Writing took     4.226123 ms
    Computation took 207.054288 ms
    Reading took     115.079000 us
  Sample 96...
Starting computation...
    Writing took     3.060772 ms
    Computation took 206.980925 ms
    Reading took     116.409000 us
  Sample 97...
Starting computation...
    Writing took     3.063271 ms
    Computation took 206.982426 ms
    Reading took     113.509000 us
  Sample 98...
Starting computation...
    Writing took     3.095337 ms
    Computation took 206.958480 ms
    Reading took     137.589000 us
  Sample 99...
Starting computation...
    Writing took     3.042594 ms
    Computation took 207.007728 ms
    Reading took     118.938000 us
Mean computation time: 205.140051 ms
Mean deviation: 763.400000 us (0.372136%)
Mean computation time (per hash): 5.003415 ms
Mean deviation (per hash): 18.619000 us
