Using device #0: CUDA Device 'GeForce GTX 1080 Ti'
  Sample 0...
Starting computation...
    Writing took     3.091623 ms
    Computation took 189.253732 ms
    Reading took     95.931000 us
  Sample 1...
Starting computation...
    Writing took     2.321765 ms
    Computation took 189.019230 ms
    Reading took     67.117000 us
  Sample 2...
Starting computation...
    Writing took     1.640707 ms
    Computation took 188.972869 ms
    Reading took     66.615000 us
  Sample 3...
Starting computation...
    Writing took     1.581586 ms
    Computation took 188.985490 ms
    Reading took     69.714000 us
  Sample 4...
Starting computation...
    Writing took     1.818777 ms
    Computation took 188.998938 ms
    Reading took     72.406000 us
  Sample 5...
Starting computation...
    Writing took     1.812351 ms
    Computation took 188.993601 ms
    Reading took     71.795000 us
  Sample 6...
Starting computation...
    Writing took     1.713798 ms
    Computation took 188.946765 ms
    Reading took     73.470000 us
  Sample 7...
Starting computation...
    Writing took     1.719870 ms
    Computation took 189.016572 ms
    Reading took     76.957000 us
  Sample 8...
Starting computation...
    Writing took     1.803206 ms
    Computation took 188.987100 ms
    Reading took     75.424000 us
  Sample 9...
Starting computation...
    Writing took     1.893200 ms
    Computation took 188.909861 ms
    Reading took     67.698000 us
  Sample 10...
Starting computation...
    Writing took     1.631407 ms
    Computation took 189.059743 ms
    Reading took     71.009000 us
  Sample 11...
Starting computation...
    Writing took     1.646598 ms
    Computation took 189.015281 ms
    Reading took     67.751000 us
  Sample 12...
Starting computation...
    Writing took     1.639515 ms
    Computation took 188.990747 ms
    Reading took     67.319000 us
  Sample 13...
Starting computation...
    Writing took     1.581830 ms
    Computation took 189.015446 ms
    Reading took     86.668000 us
  Sample 14...
Starting computation...
    Writing took     2.098069 ms
    Computation took 189.034768 ms
    Reading took     85.326000 us
  Sample 15...
Starting computation...
    Writing took     2.121791 ms
    Computation took 189.008220 ms
    Reading took     87.140000 us
  Sample 16...
Starting computation...
    Writing took     2.152440 ms
    Computation took 189.059791 ms
    Reading took     104.732000 us
  Sample 17...
Starting computation...
    Writing took     2.705984 ms
    Computation took 189.028243 ms
    Reading took     89.931000 us
  Sample 18...
Starting computation...
    Writing took     2.233615 ms
    Computation took 189.002378 ms
    Reading took     90.047000 us
  Sample 19...
Starting computation...
    Writing took     2.230645 ms
    Computation took 188.994066 ms
    Reading took     88.057000 us
  Sample 20...
Starting computation...
    Writing took     2.221532 ms
    Computation took 189.007500 ms
    Reading took     70.978000 us
  Sample 21...
Starting computation...
    Writing took     1.645274 ms
    Computation took 188.994939 ms
    Reading took     68.855000 us
  Sample 22...
Starting computation...
    Writing took     1.586507 ms
    Computation took 189.024374 ms
    Reading took     77.666000 us
  Sample 23...
Starting computation...
    Writing took     1.809060 ms
    Computation took 188.966873 ms
    Reading took     75.421000 us
  Sample 24...
Starting computation...
    Writing took     1.745774 ms
    Computation took 188.999218 ms
    Reading took     72.663000 us
  Sample 25...
Starting computation...
    Writing took     1.728031 ms
    Computation took 188.976549 ms
    Reading took     74.030000 us
  Sample 26...
Starting computation...
    Writing took     1.754610 ms
    Computation took 188.950732 ms
    Reading took     72.818000 us
  Sample 27...
Starting computation...
    Writing took     1.759393 ms
    Computation took 188.968575 ms
    Reading took     71.911000 us
  Sample 28...
Starting computation...
    Writing took     1.754683 ms
    Computation took 188.993164 ms
    Reading took     78.331000 us
  Sample 29...
Starting computation...
    Writing took     1.925287 ms
    Computation took 188.989503 ms
    Reading took     79.740000 us
  Sample 30...
Starting computation...
    Writing took     1.923056 ms
    Computation took 188.948979 ms
    Reading took     78.164000 us
  Sample 31...
Starting computation...
    Writing took     1.883189 ms
    Computation took 188.989035 ms
    Reading took     67.790000 us
  Sample 32...
Starting computation...
    Writing took     1.960760 ms
    Computation took 188.992445 ms
    Reading took     80.019000 us
  Sample 33...
Starting computation...
    Writing took     1.968863 ms
    Computation took 188.952321 ms
    Reading took     76.658000 us
  Sample 34...
Starting computation...
    Writing took     1.886071 ms
    Computation took 189.004447 ms
    Reading took     79.108000 us
  Sample 35...
Starting computation...
    Writing took     1.884282 ms
    Computation took 189.039717 ms
    Reading took     78.274000 us
  Sample 36...
Starting computation...
    Writing took     1.957108 ms
    Computation took 189.046506 ms
    Reading took     104.555000 us
  Sample 37...
Starting computation...
    Writing took     2.686641 ms
    Computation took 189.086651 ms
    Reading took     143.391000 us
  Sample 38...
Starting computation...
    Writing took     3.880536 ms
    Computation took 189.028929 ms
    Reading took     92.009000 us
  Sample 39...
Starting computation...
    Writing took     2.301436 ms
    Computation took 189.031550 ms
    Reading took     87.514000 us
  Sample 40...
Starting computation...
    Writing took     2.154698 ms
    Computation took 189.038188 ms
    Reading took     84.621000 us
  Sample 41...
Starting computation...
    Writing took     2.165523 ms
    Computation took 189.044487 ms
    Reading took     86.439000 us
  Sample 42...
Starting computation...
    Writing took     2.138606 ms
    Computation took 189.085372 ms
    Reading took     90.584000 us
  Sample 43...
Starting computation...
    Writing took     2.099927 ms
    Computation took 189.053206 ms
    Reading took     83.749000 us
  Sample 44...
Starting computation...
    Writing took     2.089243 ms
    Computation took 189.011703 ms
    Reading took     87.333000 us
  Sample 45...
Starting computation...
    Writing took     2.132105 ms
    Computation took 189.011377 ms
    Reading took     134.958000 us
  Sample 46...
Starting computation...
    Writing took     3.609075 ms
    Computation took 189.038081 ms
    Reading took     105.838000 us
  Sample 47...
Starting computation...
    Writing took     2.133626 ms
    Computation took 189.041146 ms
    Reading took     86.329000 us
  Sample 48...
Starting computation...
    Writing took     2.142613 ms
    Computation took 189.029106 ms
    Reading took     86.953000 us
  Sample 49...
Starting computation...
    Writing took     2.164945 ms
    Computation took 188.984733 ms
    Reading took     87.325000 us
  Sample 50...
Starting computation...
    Writing took     2.126982 ms
    Computation took 189.008056 ms
    Reading took     74.605000 us
  Sample 51...
Starting computation...
    Writing took     1.749103 ms
    Computation took 189.034689 ms
    Reading took     74.251000 us
  Sample 52...
Starting computation...
    Writing took     1.652046 ms
    Computation took 189.030533 ms
    Reading took     72.323000 us
  Sample 53...
Starting computation...
    Writing took     1.725316 ms
    Computation took 189.017852 ms
    Reading took     66.258000 us
  Sample 54...
Starting computation...
    Writing took     1.581100 ms
    Computation took 188.983016 ms
    Reading took     84.340000 us
  Sample 55...
Starting computation...
    Writing took     1.691917 ms
    Computation took 189.021952 ms
    Reading took     132.172000 us
  Sample 56...
Starting computation...
    Writing took     3.433241 ms
    Computation took 189.039036 ms
    Reading took     85.798000 us
  Sample 57...
Starting computation...
    Writing took     2.277081 ms
    Computation took 189.025375 ms
    Reading took     67.821000 us
  Sample 58...
Starting computation...
    Writing took     1.804434 ms
    Computation took 188.999842 ms
    Reading took     63.800000 us
  Sample 59...
Starting computation...
    Writing took     1.621888 ms
    Computation took 188.988232 ms
    Reading took     63.797000 us
  Sample 60...
Starting computation...
    Writing took     1.609403 ms
    Computation took 188.982184 ms
    Reading took     66.347000 us
  Sample 61...
Starting computation...
    Writing took     1.755936 ms
    Computation took 189.027152 ms
    Reading took     68.533000 us
  Sample 62...
Starting computation...
    Writing took     1.791931 ms
    Computation took 189.010433 ms
    Reading took     62.487000 us
  Sample 63...
Starting computation...
    Writing took     1.678169 ms
    Computation took 189.008098 ms
    Reading took     94.004000 us
  Sample 64...
Starting computation...
    Writing took     2.507405 ms
    Computation took 189.010720 ms
    Reading took     84.409000 us
  Sample 65...
Starting computation...
    Writing took     2.290099 ms
    Computation took 188.978277 ms
    Reading took     82.162000 us
  Sample 66...
Starting computation...
    Writing took     2.239569 ms
    Computation took 188.987524 ms
    Reading took     81.817000 us
  Sample 67...
Starting computation...
    Writing took     2.235617 ms
    Computation took 189.004446 ms
    Reading took     64.704000 us
  Sample 68...
Starting computation...
    Writing took     1.628269 ms
    Computation took 188.987468 ms
    Reading took     63.789000 us
  Sample 69...
Starting computation...
    Writing took     1.625909 ms
    Computation took 188.986638 ms
    Reading took     61.933000 us
  Sample 70...
Starting computation...
    Writing took     1.668741 ms
    Computation took 188.962015 ms
    Reading took     62.596000 us
  Sample 71...
Starting computation...
    Writing took     1.580288 ms
    Computation took 188.952313 ms
    Reading took     62.799000 us
  Sample 72...
Starting computation...
    Writing took     1.580820 ms
    Computation took 189.003026 ms
    Reading took     64.036000 us
  Sample 73...
Starting computation...
    Writing took     1.658046 ms
    Computation took 188.994334 ms
    Reading took     66.604000 us
  Sample 74...
Starting computation...
    Writing took     1.729717 ms
    Computation took 189.002040 ms
    Reading took     64.277000 us
  Sample 75...
Starting computation...
    Writing took     1.636167 ms
    Computation took 188.970025 ms
    Reading took     62.492000 us
  Sample 76...
Starting computation...
    Writing took     1.588159 ms
    Computation took 189.000826 ms
    Reading took     67.069000 us
  Sample 77...
Starting computation...
    Writing took     1.757692 ms
    Computation took 188.990190 ms
    Reading took     67.690000 us
  Sample 78...
Starting computation...
    Writing took     1.737561 ms
    Computation took 188.991718 ms
    Reading took     63.212000 us
  Sample 79...
Starting computation...
    Writing took     1.746520 ms
    Computation took 189.008679 ms
    Reading took     85.742000 us
  Sample 80...
Starting computation...
    Writing took     2.291637 ms
    Computation took 188.955665 ms
    Reading took     84.774000 us
  Sample 81...
Starting computation...
    Writing took     2.287320 ms
    Computation took 188.987626 ms
    Reading took     83.909000 us
  Sample 82...
Starting computation...
    Writing took     2.248458 ms
    Computation took 190.430018 ms
    Reading took     62.235000 us
  Sample 83...
Starting computation...
    Writing took     1.580373 ms
    Computation took 190.362623 ms
    Reading took     79.907000 us
  Sample 84...
Starting computation...
    Writing took     2.103005 ms
    Computation took 190.391187 ms
    Reading took     78.929000 us
  Sample 85...
Starting computation...
    Writing took     2.107413 ms
    Computation took 190.369328 ms
    Reading took     79.099000 us
  Sample 86...
Starting computation...
    Writing took     2.172532 ms
    Computation took 190.387491 ms
    Reading took     126.285000 us
  Sample 87...
Starting computation...
    Writing took     3.128260 ms
    Computation took 190.401543 ms
    Reading took     74.539000 us
  Sample 88...
Starting computation...
    Writing took     1.747946 ms
    Computation took 190.466162 ms
    Reading took     141.578000 us
  Sample 89...
Starting computation...
    Writing took     3.692731 ms
    Computation took 190.519108 ms
    Reading took     79.395000 us
  Sample 90...
Starting computation...
    Writing took     1.902956 ms
    Computation took 190.447471 ms
    Reading took     77.018000 us
  Sample 91...
Starting computation...
    Writing took     1.823480 ms
    Computation took 190.353664 ms
    Reading took     86.454000 us
  Sample 92...
Starting computation...
    Writing took     2.088751 ms
    Computation took 190.356109 ms
    Reading took     85.275000 us
  Sample 93...
Starting computation...
    Writing took     1.785452 ms
    Computation took 190.356804 ms
    Reading took     84.633000 us
  Sample 94...
Starting computation...
    Writing took     2.131710 ms
    Computation took 190.360470 ms
    Reading took     85.445000 us
  Sample 95...
Starting computation...
    Writing took     2.098796 ms
    Computation took 190.368121 ms
    Reading took     84.153000 us
  Sample 96...
Starting computation...
    Writing took     2.083275 ms
    Computation took 190.376089 ms
    Reading took     91.412000 us
  Sample 97...
Starting computation...
    Writing took     2.069175 ms
    Computation took 190.413544 ms
    Reading took     70.493000 us
  Sample 98...
Starting computation...
    Writing took     2.041202 ms
    Computation took 190.436412 ms
    Reading took     104.217000 us
  Sample 99...
Starting computation...
    Writing took     3.189724 ms
    Computation took 190.395771 ms
    Reading took     94.040000 us
Mean computation time: 189.257641 ms
Mean deviation: 411.087000 us (0.21721%)
Mean computation time (per hash): 6.759200 ms
Mean deviation (per hash): 14.681000 us
