Using device #0: CUDA Device 'GeForce GTX 1080 Ti'
  Sample 0...
Starting computation...
    Writing took     3.377679 ms
    Computation took 177.698013 ms
    Reading took     79.532000 us
  Sample 1...
Starting computation...
    Writing took     1.875309 ms
    Computation took 177.826433 ms
    Reading took     96.820000 us
  Sample 2...
Starting computation...
    Writing took     2.612583 ms
    Computation took 177.670979 ms
    Reading took     74.593000 us
  Sample 3...
Starting computation...
    Writing took     1.987441 ms
    Computation took 177.652597 ms
    Reading took     77.809000 us
  Sample 4...
Starting computation...
    Writing took     2.039714 ms
    Computation took 177.983819 ms
    Reading took     73.222000 us
  Sample 5...
Starting computation...
    Writing took     1.989936 ms
    Computation took 178.451443 ms
    Reading took     63.966000 us
  Sample 6...
Starting computation...
    Writing took     1.553214 ms
    Computation took 178.434031 ms
    Reading took     78.054000 us
  Sample 7...
Starting computation...
    Writing took     2.213417 ms
    Computation took 178.417535 ms
    Reading took     58.927000 us
  Sample 8...
Starting computation...
    Writing took     1.454315 ms
    Computation took 178.392627 ms
    Reading took     60.227000 us
  Sample 9...
Starting computation...
    Writing took     1.550465 ms
    Computation took 178.403647 ms
    Reading took     58.561000 us
  Sample 10...
Starting computation...
    Writing took     1.510703 ms
    Computation took 178.415650 ms
    Reading took     55.274000 us
  Sample 11...
Starting computation...
    Writing took     1.413192 ms
    Computation took 178.459693 ms
    Reading took     61.919000 us
  Sample 12...
Starting computation...
    Writing took     1.539968 ms
    Computation took 181.213089 ms
    Reading took     68.135000 us
  Sample 13...
Starting computation...
    Writing took     3.673777 ms
    Computation took 178.447349 ms
    Reading took     62.350000 us
  Sample 14...
Starting computation...
    Writing took     1.475818 ms
    Computation took 178.445453 ms
    Reading took     64.742000 us
  Sample 15...
Starting computation...
    Writing took     1.557154 ms
    Computation took 178.509769 ms
    Reading took     135.677000 us
  Sample 16...
Starting computation...
    Writing took     3.751826 ms
    Computation took 178.439216 ms
    Reading took     67.235000 us
  Sample 17...
Starting computation...
    Writing took     1.580545 ms
    Computation took 178.452081 ms
    Reading took     95.938000 us
  Sample 18...
Starting computation...
    Writing took     2.494400 ms
    Computation took 178.428775 ms
    Reading took     63.596000 us
  Sample 19...
Starting computation...
    Writing took     1.469142 ms
    Computation took 178.416648 ms
    Reading took     65.951000 us
  Sample 20...
Starting computation...
    Writing took     1.599439 ms
    Computation took 178.376123 ms
    Reading took     62.264000 us
  Sample 21...
Starting computation...
    Writing took     1.469962 ms
    Computation took 178.463068 ms
    Reading took     63.359000 us
  Sample 22...
Starting computation...
    Writing took     1.493235 ms
    Computation took 178.391160 ms
    Reading took     65.054000 us
  Sample 23...
Starting computation...
    Writing took     1.569588 ms
    Computation took 178.421060 ms
    Reading took     64.150000 us
  Sample 24...
Starting computation...
    Writing took     1.478009 ms
    Computation took 178.423560 ms
    Reading took     71.997000 us
  Sample 25...
Starting computation...
    Writing took     1.511443 ms
    Computation took 178.400451 ms
    Reading took     62.741000 us
  Sample 26...
Starting computation...
    Writing took     1.484708 ms
    Computation took 178.406482 ms
    Reading took     60.149000 us
  Sample 27...
Starting computation...
    Writing took     1.412642 ms
    Computation took 178.427064 ms
    Reading took     59.900000 us
  Sample 28...
Starting computation...
    Writing took     1.452909 ms
    Computation took 178.487630 ms
    Reading took     110.424000 us
  Sample 29...
Starting computation...
    Writing took     2.325012 ms
    Computation took 178.470545 ms
    Reading took     127.338000 us
  Sample 30...
Starting computation...
    Writing took     3.292334 ms
    Computation took 178.483113 ms
    Reading took     82.055000 us
  Sample 31...
Starting computation...
    Writing took     2.058692 ms
    Computation took 178.481797 ms
    Reading took     81.679000 us
  Sample 32...
Starting computation...
    Writing took     2.039967 ms
    Computation took 178.434506 ms
    Reading took     62.543000 us
  Sample 33...
Starting computation...
    Writing took     1.485054 ms
    Computation took 178.426306 ms
    Reading took     66.027000 us
  Sample 34...
Starting computation...
    Writing took     1.556941 ms
    Computation took 178.429414 ms
    Reading took     63.596000 us
  Sample 35...
Starting computation...
    Writing took     1.521805 ms
    Computation took 178.452139 ms
    Reading took     65.854000 us
  Sample 36...
Starting computation...
    Writing took     1.587241 ms
    Computation took 178.458388 ms
    Reading took     62.888000 us
  Sample 37...
Starting computation...
    Writing took     1.516239 ms
    Computation took 178.456180 ms
    Reading took     63.004000 us
  Sample 38...
Starting computation...
    Writing took     1.467604 ms
    Computation took 178.470112 ms
    Reading took     119.383000 us
  Sample 39...
Starting computation...
    Writing took     3.205265 ms
    Computation took 178.484788 ms
    Reading took     80.369000 us
  Sample 40...
Starting computation...
    Writing took     2.051742 ms
    Computation took 178.447102 ms
    Reading took     79.934000 us
  Sample 41...
Starting computation...
    Writing took     2.013771 ms
    Computation took 178.404967 ms
    Reading took     79.262000 us
  Sample 42...
Starting computation...
    Writing took     2.044598 ms
    Computation took 178.486950 ms
    Reading took     62.704000 us
  Sample 43...
Starting computation...
    Writing took     1.467695 ms
    Computation took 178.412912 ms
    Reading took     63.827000 us
  Sample 44...
Starting computation...
    Writing took     1.474680 ms
    Computation took 178.445403 ms
    Reading took     68.953000 us
  Sample 45...
Starting computation...
    Writing took     1.630595 ms
    Computation took 178.470696 ms
    Reading took     121.880000 us
  Sample 46...
Starting computation...
    Writing took     3.425187 ms
    Computation took 178.488656 ms
    Reading took     62.172000 us
  Sample 47...
Starting computation...
    Writing took     1.543315 ms
    Computation took 178.429697 ms
    Reading took     62.143000 us
  Sample 48...
Starting computation...
    Writing took     1.549009 ms
    Computation took 178.484493 ms
    Reading took     60.506000 us
  Sample 49...
Starting computation...
    Writing took     1.470201 ms
    Computation took 178.486605 ms
    Reading took     59.477000 us
  Sample 50...
Starting computation...
    Writing took     1.444082 ms
    Computation took 178.442132 ms
    Reading took     82.225000 us
  Sample 51...
Starting computation...
    Writing took     2.131425 ms
    Computation took 178.482934 ms
    Reading took     58.709000 us
  Sample 52...
Starting computation...
    Writing took     1.455012 ms
    Computation took 178.427082 ms
    Reading took     64.779000 us
  Sample 53...
Starting computation...
    Writing took     1.600765 ms
    Computation took 178.404867 ms
    Reading took     63.886000 us
  Sample 54...
Starting computation...
    Writing took     1.599056 ms
    Computation took 178.421148 ms
    Reading took     57.929000 us
  Sample 55...
Starting computation...
    Writing took     1.462115 ms
    Computation took 178.409510 ms
    Reading took     77.270000 us
  Sample 56...
Starting computation...
    Writing took     1.537968 ms
    Computation took 178.415182 ms
    Reading took     63.115000 us
  Sample 57...
Starting computation...
    Writing took     1.601293 ms
    Computation took 178.445714 ms
    Reading took     63.611000 us
  Sample 58...
Starting computation...
    Writing took     1.578230 ms
    Computation took 178.422121 ms
    Reading took     61.011000 us
  Sample 59...
Starting computation...
    Writing took     1.560564 ms
    Computation took 178.372019 ms
    Reading took     58.175000 us
  Sample 60...
Starting computation...
    Writing took     1.467778 ms
    Computation took 178.435269 ms
    Reading took     61.399000 us
  Sample 61...
Starting computation...
    Writing took     1.522012 ms
    Computation took 178.448007 ms
    Reading took     61.557000 us
  Sample 62...
Starting computation...
    Writing took     1.549902 ms
    Computation took 178.490046 ms
    Reading took     99.118000 us
  Sample 63...
Starting computation...
    Writing took     2.610267 ms
    Computation took 178.517054 ms
    Reading took     77.896000 us
  Sample 64...
Starting computation...
    Writing took     2.008723 ms
    Computation took 178.500622 ms
    Reading took     78.009000 us
  Sample 65...
Starting computation...
    Writing took     2.051765 ms
    Computation took 178.468287 ms
    Reading took     132.503000 us
  Sample 66...
Starting computation...
    Writing took     3.692072 ms
    Computation took 178.463973 ms
    Reading took     78.543000 us
  Sample 67...
Starting computation...
    Writing took     2.050416 ms
    Computation took 178.461594 ms
    Reading took     83.558000 us
  Sample 68...
Starting computation...
    Writing took     2.067154 ms
    Computation took 178.416526 ms
    Reading took     78.561000 us
  Sample 69...
Starting computation...
    Writing took     2.032361 ms
    Computation took 178.477866 ms
    Reading took     59.165000 us
  Sample 70...
Starting computation...
    Writing took     1.458243 ms
    Computation took 178.422083 ms
    Reading took     58.840000 us
  Sample 71...
Starting computation...
    Writing took     1.509325 ms
    Computation took 178.420081 ms
    Reading took     61.640000 us
  Sample 72...
Starting computation...
    Writing took     1.554562 ms
    Computation took 178.455738 ms
    Reading took     64.137000 us
  Sample 73...
Starting computation...
    Writing took     1.602739 ms
    Computation took 178.494397 ms
    Reading took     98.122000 us
  Sample 74...
Starting computation...
    Writing took     2.611195 ms
    Computation took 178.450075 ms
    Reading took     77.966000 us
  Sample 75...
Starting computation...
    Writing took     2.050678 ms
    Computation took 178.516369 ms
    Reading took     79.573000 us
  Sample 76...
Starting computation...
    Writing took     2.056825 ms
    Computation took 178.416845 ms
    Reading took     78.293000 us
  Sample 77...
Starting computation...
    Writing took     2.054876 ms
    Computation took 178.406419 ms
    Reading took     59.031000 us
  Sample 78...
Starting computation...
    Writing took     1.553998 ms
    Computation took 178.448952 ms
    Reading took     89.893000 us
  Sample 79...
Starting computation...
    Writing took     1.580457 ms
    Computation took 178.463427 ms
    Reading took     79.331000 us
  Sample 80...
Starting computation...
    Writing took     2.033703 ms
    Computation took 178.449339 ms
    Reading took     77.496000 us
  Sample 81...
Starting computation...
    Writing took     2.027743 ms
    Computation took 178.488615 ms
    Reading took     78.282000 us
  Sample 82...
Starting computation...
    Writing took     2.039206 ms
    Computation took 178.457905 ms
    Reading took     62.448000 us
  Sample 83...
Starting computation...
    Writing took     1.561291 ms
    Computation took 178.653043 ms
    Reading took     59.806000 us
  Sample 84...
Starting computation...
    Writing took     1.453572 ms
    Computation took 178.860736 ms
    Reading took     63.803000 us
  Sample 85...
Starting computation...
    Writing took     1.679453 ms
    Computation took 178.862455 ms
    Reading took     61.280000 us
  Sample 86...
Starting computation...
    Writing took     1.650979 ms
    Computation took 178.836061 ms
    Reading took     61.746000 us
  Sample 87...
Starting computation...
    Writing took     1.608866 ms
    Computation took 178.878742 ms
    Reading took     61.533000 us
  Sample 88...
Starting computation...
    Writing took     1.555914 ms
    Computation took 178.868047 ms
    Reading took     61.792000 us
  Sample 89...
Starting computation...
    Writing took     1.550645 ms
    Computation took 178.879412 ms
    Reading took     61.062000 us
  Sample 90...
Starting computation...
    Writing took     1.552941 ms
    Computation took 178.865607 ms
    Reading took     58.755000 us
  Sample 91...
Starting computation...
    Writing took     1.464510 ms
    Computation took 178.856621 ms
    Reading took     60.579000 us
  Sample 92...
Starting computation...
    Writing took     1.557921 ms
    Computation took 178.893090 ms
    Reading took     62.152000 us
  Sample 93...
Starting computation...
    Writing took     1.621091 ms
    Computation took 178.838735 ms
    Reading took     58.319000 us
  Sample 94...
Starting computation...
    Writing took     1.605422 ms
    Computation took 178.855523 ms
    Reading took     102.008000 us
  Sample 95...
Starting computation...
    Writing took     1.625397 ms
    Computation took 178.923301 ms
    Reading took     77.904000 us
  Sample 96...
Starting computation...
    Writing took     2.024943 ms
    Computation took 178.894006 ms
    Reading took     75.840000 us
  Sample 97...
Starting computation...
    Writing took     2.030643 ms
    Computation took 178.905434 ms
    Reading took     77.376000 us
  Sample 98...
Starting computation...
    Writing took     2.107023 ms
    Computation took 178.874391 ms
    Reading took     62.896000 us
  Sample 99...
Starting computation...
    Writing took     1.614759 ms
    Computation took 178.887612 ms
    Reading took     58.365000 us
Mean computation time: 178.510052 ms
Mean deviation: 173.565000 us (0.0972298%)
Mean computation time (per hash): 7.140401 ms
Mean deviation (per hash): 6.942000 us
