Using device #0: CUDA Device 'GeForce GTX 1080 Ti'
  Sample 0...
Starting computation...
    Writing took     1.624592 ms
    Computation took 183.939038 ms
    Reading took     45.906000 us
  Sample 1...
Starting computation...
    Writing took     983.844000 us
    Computation took 183.788619 ms
    Reading took     33.202000 us
  Sample 2...
Starting computation...
    Writing took     765.867000 us
    Computation took 183.745235 ms
    Reading took     33.902000 us
  Sample 3...
Starting computation...
    Writing took     889.032000 us
    Computation took 183.778194 ms
    Reading took     37.211000 us
  Sample 4...
Starting computation...
    Writing took     908.995000 us
    Computation took 183.790729 ms
    Reading took     29.291000 us
  Sample 5...
Starting computation...
    Writing took     735.448000 us
    Computation took 183.751170 ms
    Reading took     34.001000 us
  Sample 6...
Starting computation...
    Writing took     807.923000 us
    Computation took 183.791860 ms
    Reading took     33.240000 us
  Sample 7...
Starting computation...
    Writing took     766.477000 us
    Computation took 183.796131 ms
    Reading took     32.122000 us
  Sample 8...
Starting computation...
    Writing took     756.701000 us
    Computation took 183.723516 ms
    Reading took     29.814000 us
  Sample 9...
Starting computation...
    Writing took     758.925000 us
    Computation took 183.739267 ms
    Reading took     30.225000 us
  Sample 10...
Starting computation...
    Writing took     792.308000 us
    Computation took 183.759071 ms
    Reading took     32.462000 us
  Sample 11...
Starting computation...
    Writing took     765.331000 us
    Computation took 183.750821 ms
    Reading took     33.338000 us
  Sample 12...
Starting computation...
    Writing took     765.354000 us
    Computation took 183.776576 ms
    Reading took     32.921000 us
  Sample 13...
Starting computation...
    Writing took     787.708000 us
    Computation took 183.810291 ms
    Reading took     32.983000 us
  Sample 14...
Starting computation...
    Writing took     764.810000 us
    Computation took 183.799539 ms
    Reading took     31.750000 us
  Sample 15...
Starting computation...
    Writing took     749.843000 us
    Computation took 183.799932 ms
    Reading took     31.983000 us
  Sample 16...
Starting computation...
    Writing took     861.648000 us
    Computation took 183.841409 ms
    Reading took     73.580000 us
  Sample 17...
Starting computation...
    Writing took     1.925491 ms
    Computation took 183.873122 ms
    Reading took     42.524000 us
  Sample 18...
Starting computation...
    Writing took     1.065053 ms
    Computation took 183.778107 ms
    Reading took     32.042000 us
  Sample 19...
Starting computation...
    Writing took     754.897000 us
    Computation took 183.748299 ms
    Reading took     35.312000 us
  Sample 20...
Starting computation...
    Writing took     902.215000 us
    Computation took 183.781166 ms
    Reading took     49.715000 us
  Sample 21...
Starting computation...
    Writing took     818.509000 us
    Computation took 183.808159 ms
    Reading took     31.607000 us
  Sample 22...
Starting computation...
    Writing took     786.440000 us
    Computation took 183.795741 ms
    Reading took     36.610000 us
  Sample 23...
Starting computation...
    Writing took     866.116000 us
    Computation took 183.798935 ms
    Reading took     61.093000 us
  Sample 24...
Starting computation...
    Writing took     1.670255 ms
    Computation took 183.793640 ms
    Reading took     57.139000 us
  Sample 25...
Starting computation...
    Writing took     973.570000 us
    Computation took 183.805698 ms
    Reading took     44.422000 us
  Sample 26...
Starting computation...
    Writing took     987.860000 us
    Computation took 183.805698 ms
    Reading took     39.951000 us
  Sample 27...
Starting computation...
    Writing took     986.104000 us
    Computation took 183.836657 ms
    Reading took     39.806000 us
  Sample 28...
Starting computation...
    Writing took     981.797000 us
    Computation took 183.834199 ms
    Reading took     39.670000 us
  Sample 29...
Starting computation...
    Writing took     990.230000 us
    Computation took 183.784106 ms
    Reading took     39.693000 us
  Sample 30...
Starting computation...
    Writing took     979.142000 us
    Computation took 183.828401 ms
    Reading took     41.874000 us
  Sample 31...
Starting computation...
    Writing took     980.979000 us
    Computation took 183.767179 ms
    Reading took     39.686000 us
  Sample 32...
Starting computation...
    Writing took     972.158000 us
    Computation took 183.786894 ms
    Reading took     38.337000 us
  Sample 33...
Starting computation...
    Writing took     971.392000 us
    Computation took 183.807638 ms
    Reading took     39.822000 us
  Sample 34...
Starting computation...
    Writing took     1.001954 ms
    Computation took 183.826244 ms
    Reading took     39.301000 us
  Sample 35...
Starting computation...
    Writing took     943.267000 us
    Computation took 183.795058 ms
    Reading took     34.572000 us
  Sample 36...
Starting computation...
    Writing took     811.481000 us
    Computation took 183.760738 ms
    Reading took     36.374000 us
  Sample 37...
Starting computation...
    Writing took     808.602000 us
    Computation took 183.797372 ms
    Reading took     32.971000 us
  Sample 38...
Starting computation...
    Writing took     768.719000 us
    Computation took 183.778229 ms
    Reading took     40.479000 us
  Sample 39...
Starting computation...
    Writing took     986.001000 us
    Computation took 183.805323 ms
    Reading took     56.177000 us
  Sample 40...
Starting computation...
    Writing took     1.605222 ms
    Computation took 183.814014 ms
    Reading took     62.635000 us
  Sample 41...
Starting computation...
    Writing took     1.663355 ms
    Computation took 183.792671 ms
    Reading took     32.648000 us
  Sample 42...
Starting computation...
    Writing took     818.613000 us
    Computation took 183.750642 ms
    Reading took     41.133000 us
  Sample 43...
Starting computation...
    Writing took     900.798000 us
    Computation took 183.764597 ms
    Reading took     36.836000 us
  Sample 44...
Starting computation...
    Writing took     885.477000 us
    Computation took 183.782311 ms
    Reading took     36.286000 us
  Sample 45...
Starting computation...
    Writing took     855.514000 us
    Computation took 183.804978 ms
    Reading took     36.988000 us
  Sample 46...
Starting computation...
    Writing took     884.416000 us
    Computation took 183.779695 ms
    Reading took     35.418000 us
  Sample 47...
Starting computation...
    Writing took     846.547000 us
    Computation took 183.786032 ms
    Reading took     34.516000 us
  Sample 48...
Starting computation...
    Writing took     791.494000 us
    Computation took 183.771464 ms
    Reading took     32.792000 us
  Sample 49...
Starting computation...
    Writing took     757.281000 us
    Computation took 183.776609 ms
    Reading took     34.130000 us
  Sample 50...
Starting computation...
    Writing took     775.167000 us
    Computation took 183.735530 ms
    Reading took     33.899000 us
  Sample 51...
Starting computation...
    Writing took     775.668000 us
    Computation took 183.779268 ms
    Reading took     32.067000 us
  Sample 52...
Starting computation...
    Writing took     734.976000 us
    Computation took 183.747422 ms
    Reading took     35.024000 us
  Sample 53...
Starting computation...
    Writing took     823.147000 us
    Computation took 183.756968 ms
    Reading took     32.936000 us
  Sample 54...
Starting computation...
    Writing took     786.383000 us
    Computation took 183.798033 ms
    Reading took     33.130000 us
  Sample 55...
Starting computation...
    Writing took     790.503000 us
    Computation took 183.789781 ms
    Reading took     35.811000 us
  Sample 56...
Starting computation...
    Writing took     823.186000 us
    Computation took 183.769225 ms
    Reading took     35.410000 us
  Sample 57...
Starting computation...
    Writing took     811.478000 us
    Computation took 183.746653 ms
    Reading took     32.883000 us
  Sample 58...
Starting computation...
    Writing took     760.952000 us
    Computation took 183.738571 ms
    Reading took     64.609000 us
  Sample 59...
Starting computation...
    Writing took     1.658704 ms
    Computation took 183.853133 ms
    Reading took     37.267000 us
  Sample 60...
Starting computation...
    Writing took     770.955000 us
    Computation took 183.760738 ms
    Reading took     34.239000 us
  Sample 61...
Starting computation...
    Writing took     835.614000 us
    Computation took 183.741585 ms
    Reading took     35.521000 us
  Sample 62...
Starting computation...
    Writing took     847.635000 us
    Computation took 183.780926 ms
    Reading took     29.584000 us
  Sample 63...
Starting computation...
    Writing took     736.726000 us
    Computation took 183.746439 ms
    Reading took     33.626000 us
  Sample 64...
Starting computation...
    Writing took     816.586000 us
    Computation took 183.775685 ms
    Reading took     33.179000 us
  Sample 65...
Starting computation...
    Writing took     809.425000 us
    Computation took 183.761920 ms
    Reading took     36.682000 us
  Sample 66...
Starting computation...
    Writing took     893.110000 us
    Computation took 183.784725 ms
    Reading took     50.990000 us
  Sample 67...
Starting computation...
    Writing took     799.909000 us
    Computation took 183.767069 ms
    Reading took     33.840000 us
  Sample 68...
Starting computation...
    Writing took     763.761000 us
    Computation took 183.759443 ms
    Reading took     34.748000 us
  Sample 69...
Starting computation...
    Writing took     817.424000 us
    Computation took 183.741730 ms
    Reading took     33.622000 us
  Sample 70...
Starting computation...
    Writing took     814.096000 us
    Computation took 183.740398 ms
    Reading took     32.839000 us
  Sample 71...
Starting computation...
    Writing took     765.796000 us
    Computation took 183.760881 ms
    Reading took     29.762000 us
  Sample 72...
Starting computation...
    Writing took     767.708000 us
    Computation took 183.751289 ms
    Reading took     44.644000 us
  Sample 73...
Starting computation...
    Writing took     828.072000 us
    Computation took 183.798877 ms
    Reading took     33.843000 us
  Sample 74...
Starting computation...
    Writing took     859.927000 us
    Computation took 183.737406 ms
    Reading took     29.277000 us
  Sample 75...
Starting computation...
    Writing took     736.977000 us
    Computation took 183.793328 ms
    Reading took     30.205000 us
  Sample 76...
Starting computation...
    Writing took     734.796000 us
    Computation took 183.757067 ms
    Reading took     35.089000 us
  Sample 77...
Starting computation...
    Writing took     765.764000 us
    Computation took 183.736697 ms
    Reading took     56.200000 us
  Sample 78...
Starting computation...
    Writing took     1.473158 ms
    Computation took 183.831839 ms
    Reading took     63.248000 us
  Sample 79...
Starting computation...
    Writing took     1.658149 ms
    Computation took 183.827294 ms
    Reading took     42.784000 us
  Sample 80...
Starting computation...
    Writing took     1.064747 ms
    Computation took 183.758675 ms
    Reading took     42.127000 us
  Sample 81...
Starting computation...
    Writing took     1.070397 ms
    Computation took 183.772203 ms
    Reading took     39.080000 us
  Sample 82...
Starting computation...
    Writing took     1.060445 ms
    Computation took 183.783013 ms
    Reading took     33.892000 us
  Sample 83...
Starting computation...
    Writing took     808.679000 us
    Computation took 183.788833 ms
    Reading took     39.522000 us
  Sample 84...
Starting computation...
    Writing took     984.925000 us
    Computation took 183.812058 ms
    Reading took     40.630000 us
  Sample 85...
Starting computation...
    Writing took     977.772000 us
    Computation took 183.807857 ms
    Reading took     41.607000 us
  Sample 86...
Starting computation...
    Writing took     989.682000 us
    Computation took 183.857318 ms
    Reading took     57.931000 us
  Sample 87...
Starting computation...
    Writing took     1.538401 ms
    Computation took 183.843579 ms
    Reading took     40.500000 us
  Sample 88...
Starting computation...
    Writing took     982.455000 us
    Computation took 183.825388 ms
    Reading took     40.383000 us
  Sample 89...
Starting computation...
    Writing took     981.679000 us
    Computation took 183.758364 ms
    Reading took     39.464000 us
  Sample 90...
Starting computation...
    Writing took     984.496000 us
    Computation took 183.832434 ms
    Reading took     39.225000 us
  Sample 91...
Starting computation...
    Writing took     981.919000 us
    Computation took 183.786073 ms
    Reading took     39.608000 us
  Sample 92...
Starting computation...
    Writing took     976.827000 us
    Computation took 183.764432 ms
    Reading took     39.985000 us
  Sample 93...
Starting computation...
    Writing took     972.739000 us
    Computation took 183.776086 ms
    Reading took     39.044000 us
  Sample 94...
Starting computation...
    Writing took     979.710000 us
    Computation took 183.746899 ms
    Reading took     39.638000 us
  Sample 95...
Starting computation...
    Writing took     986.089000 us
    Computation took 183.777692 ms
    Reading took     38.900000 us
  Sample 96...
Starting computation...
    Writing took     969.491000 us
    Computation took 183.739815 ms
    Reading took     38.872000 us
  Sample 97...
Starting computation...
    Writing took     973.843000 us
    Computation took 183.773520 ms
    Reading took     41.507000 us
  Sample 98...
Starting computation...
    Writing took     978.554000 us
    Computation took 183.809155 ms
    Reading took     44.978000 us
  Sample 99...
Starting computation...
    Writing took     978.076000 us
    Computation took 183.814043 ms
    Reading took     40.067000 us
Mean computation time: 183.784983 ms
Mean deviation: 26.275000 us (0.0142966%)
Mean computation time (per hash): 14.137305 ms
Mean deviation (per hash): 2.021000 us
