Using device #0: CUDA Device 'GeForce GTX 1080 Ti'
  Sample 0...
Starting computation...
    Writing took     4.910738 ms
    Computation took 265.136730 ms
    Reading took     213.850000 us
  Sample 1...
Starting computation...
    Writing took     6.167470 ms
    Computation took 265.265244 ms
    Reading took     201.733000 us
  Sample 2...
Starting computation...
    Writing took     5.382380 ms
    Computation took 265.217330 ms
    Reading took     178.521000 us
  Sample 3...
Starting computation...
    Writing took     5.142890 ms
    Computation took 265.746853 ms
    Reading took     276.298000 us
  Sample 4...
Starting computation...
    Writing took     6.780797 ms
    Computation took 266.022884 ms
    Reading took     292.341000 us
  Sample 5...
Starting computation...
    Writing took     8.089527 ms
    Computation took 265.403625 ms
    Reading took     206.985000 us
  Sample 6...
Starting computation...
    Writing took     5.373450 ms
    Computation took 265.794099 ms
    Reading took     189.337000 us
  Sample 7...
Starting computation...
    Writing took     5.021800 ms
    Computation took 265.755305 ms
    Reading took     187.281000 us
  Sample 8...
Starting computation...
    Writing took     4.752699 ms
    Computation took 266.037713 ms
    Reading took     189.352000 us
  Sample 9...
Starting computation...
    Writing took     4.783310 ms
    Computation took 266.349594 ms
    Reading took     190.713000 us
  Sample 10...
Starting computation...
    Writing took     4.969225 ms
    Computation took 266.212648 ms
    Reading took     243.313000 us
  Sample 11...
Starting computation...
    Writing took     6.628047 ms
    Computation took 266.446828 ms
    Reading took     187.376000 us
  Sample 12...
Starting computation...
    Writing took     5.136287 ms
    Computation took 265.857994 ms
    Reading took     189.465000 us
  Sample 13...
Starting computation...
    Writing took     5.000451 ms
    Computation took 265.254698 ms
    Reading took     174.649000 us
  Sample 14...
Starting computation...
    Writing took     4.975416 ms
    Computation took 265.664320 ms
    Reading took     189.164000 us
  Sample 15...
Starting computation...
    Writing took     5.022704 ms
    Computation took 266.306955 ms
    Reading took     210.442000 us
  Sample 16...
Starting computation...
    Writing took     5.847964 ms
    Computation took 266.031679 ms
    Reading took     179.828000 us
  Sample 17...
Starting computation...
    Writing took     4.698259 ms
    Computation took 266.540026 ms
    Reading took     207.154000 us
  Sample 18...
Starting computation...
    Writing took     5.947530 ms
    Computation took 266.674476 ms
    Reading took     191.419000 us
  Sample 19...
Starting computation...
    Writing took     5.020480 ms
    Computation took 266.507258 ms
    Reading took     254.849000 us
  Sample 20...
Starting computation...
    Writing took     6.152180 ms
    Computation took 266.811016 ms
    Reading took     263.417000 us
  Sample 21...
Starting computation...
    Writing took     6.145207 ms
    Computation took 267.099073 ms
    Reading took     192.767000 us
  Sample 22...
Starting computation...
    Writing took     4.813806 ms
    Computation took 266.845051 ms
    Reading took     360.101000 us
  Sample 23...
Starting computation...
    Writing took     10.690396 ms
    Computation took 266.805987 ms
    Reading took     238.275000 us
  Sample 24...
Starting computation...
    Writing took     6.095353 ms
    Computation took 266.229147 ms
    Reading took     221.138000 us
  Sample 25...
Starting computation...
    Writing took     7.116434 ms
    Computation took 265.749904 ms
    Reading took     227.308000 us
  Sample 26...
Starting computation...
    Writing took     5.979217 ms
    Computation took 265.802773 ms
    Reading took     239.156000 us
  Sample 27...
Starting computation...
    Writing took     6.133708 ms
    Computation took 266.314523 ms
    Reading took     193.800000 us
  Sample 28...
Starting computation...
    Writing took     4.843204 ms
    Computation took 265.900658 ms
    Reading took     237.113000 us
  Sample 29...
Starting computation...
    Writing took     6.125712 ms
    Computation took 265.829610 ms
    Reading took     342.380000 us
  Sample 30...
Starting computation...
    Writing took     7.880217 ms
    Computation took 265.822888 ms
    Reading took     200.762000 us
  Sample 31...
Starting computation...
    Writing took     4.791966 ms
    Computation took 265.819496 ms
    Reading took     249.934000 us
  Sample 32...
Starting computation...
    Writing took     5.347338 ms
    Computation took 265.963828 ms
    Reading took     254.832000 us
  Sample 33...
Starting computation...
    Writing took     6.561064 ms
    Computation took 266.328952 ms
    Reading took     252.696000 us
  Sample 34...
Starting computation...
    Writing took     6.632651 ms
    Computation took 265.864269 ms
    Reading took     255.651000 us
  Sample 35...
Starting computation...
    Writing took     6.672347 ms
    Computation took 265.810436 ms
    Reading took     241.722000 us
  Sample 36...
Starting computation...
    Writing took     6.605191 ms
    Computation took 265.764342 ms
    Reading took     222.208000 us
  Sample 37...
Starting computation...
    Writing took     6.052953 ms
    Computation took 265.509254 ms
    Reading took     189.475000 us
  Sample 38...
Starting computation...
    Writing took     4.838400 ms
    Computation took 265.880065 ms
    Reading took     181.243000 us
  Sample 39...
Starting computation...
    Writing took     4.852787 ms
    Computation took 265.899238 ms
    Reading took     189.668000 us
  Sample 40...
Starting computation...
    Writing took     5.053597 ms
    Computation took 267.092658 ms
    Reading took     202.473000 us
  Sample 41...
Starting computation...
    Writing took     5.569918 ms
    Computation took 269.613420 ms
    Reading took     351.896000 us
  Sample 42...
Starting computation...
    Writing took     10.895997 ms
    Computation took 268.756750 ms
    Reading took     241.469000 us
  Sample 43...
Starting computation...
    Writing took     6.570002 ms
    Computation took 269.252843 ms
    Reading took     226.101000 us
  Sample 44...
Starting computation...
    Writing took     5.414450 ms
    Computation took 271.359880 ms
    Reading took     372.975000 us
  Sample 45...
Starting computation...
    Writing took     10.601924 ms
    Computation took 271.466287 ms
    Reading took     187.683000 us
  Sample 46...
Starting computation...
    Writing took     4.881014 ms
    Computation took 270.124699 ms
    Reading took     221.507000 us
  Sample 47...
Starting computation...
    Writing took     5.980530 ms
    Computation took 271.018955 ms
    Reading took     240.468000 us
  Sample 48...
Starting computation...
    Writing took     7.055359 ms
    Computation took 271.265094 ms
    Reading took     240.271000 us
  Sample 49...
Starting computation...
    Writing took     6.614118 ms
    Computation took 270.940042 ms
    Reading took     189.441000 us
  Sample 50...
Starting computation...
    Writing took     5.012138 ms
    Computation took 269.897935 ms
    Reading took     468.729000 us
  Sample 51...
Starting computation...
    Writing took     11.872042 ms
    Computation took 267.658413 ms
    Reading took     256.171000 us
  Sample 52...
Starting computation...
    Writing took     6.597545 ms
    Computation took 268.667204 ms
    Reading took     241.779000 us
  Sample 53...
Starting computation...
    Writing took     6.596654 ms
    Computation took 268.781291 ms
    Reading took     179.157000 us
  Sample 54...
Starting computation...
    Writing took     4.740684 ms
    Computation took 269.428691 ms
    Reading took     180.170000 us
  Sample 55...
Starting computation...
    Writing took     4.797388 ms
    Computation took 271.959808 ms
    Reading took     190.733000 us
  Sample 56...
Starting computation...
    Writing took     5.082410 ms
    Computation took 271.700187 ms
    Reading took     229.688000 us
  Sample 57...
Starting computation...
    Writing took     6.072430 ms
    Computation took 269.246635 ms
    Reading took     179.583000 us
  Sample 58...
Starting computation...
    Writing took     4.778339 ms
    Computation took 269.047833 ms
    Reading took     227.764000 us
  Sample 59...
Starting computation...
    Writing took     6.026770 ms
    Computation took 269.479442 ms
    Reading took     214.213000 us
  Sample 60...
Starting computation...
    Writing took     5.582102 ms
    Computation took 268.119222 ms
    Reading took     221.373000 us
  Sample 61...
Starting computation...
    Writing took     6.062126 ms
    Computation took 268.069613 ms
    Reading took     214.269000 us
  Sample 62...
Starting computation...
    Writing took     5.870648 ms
    Computation took 268.792399 ms
    Reading took     292.472000 us
  Sample 63...
Starting computation...
    Writing took     20.033253 ms
    Computation took 267.463299 ms
    Reading took     222.304000 us
  Sample 64...
Starting computation...
    Writing took     6.069399 ms
    Computation took 266.509576 ms
    Reading took     201.768000 us
  Sample 65...
Starting computation...
    Writing took     5.515804 ms
    Computation took 265.640865 ms
    Reading took     222.928000 us
  Sample 66...
Starting computation...
    Writing took     6.040620 ms
    Computation took 265.323638 ms
    Reading took     231.237000 us
  Sample 67...
Starting computation...
    Writing took     6.071702 ms
    Computation took 265.881337 ms
    Reading took     201.967000 us
  Sample 68...
Starting computation...
    Writing took     5.406225 ms
    Computation took 265.553791 ms
    Reading took     237.121000 us
  Sample 69...
Starting computation...
    Writing took     6.112030 ms
    Computation took 265.353521 ms
    Reading took     202.783000 us
  Sample 70...
Starting computation...
    Writing took     5.253630 ms
    Computation took 265.237064 ms
    Reading took     223.196000 us
  Sample 71...
Starting computation...
    Writing took     6.079127 ms
    Computation took 266.373673 ms
    Reading took     214.321000 us
  Sample 72...
Starting computation...
    Writing took     6.260777 ms
    Computation took 266.502263 ms
    Reading took     222.586000 us
  Sample 73...
Starting computation...
    Writing took     6.037838 ms
    Computation took 266.145708 ms
    Reading took     222.110000 us
  Sample 74...
Starting computation...
    Writing took     6.661655 ms
    Computation took 266.695423 ms
    Reading took     202.221000 us
  Sample 75...
Starting computation...
    Writing took     5.376675 ms
    Computation took 266.543499 ms
    Reading took     192.091000 us
  Sample 76...
Starting computation...
    Writing took     4.751919 ms
    Computation took 266.946873 ms
    Reading took     240.720000 us
  Sample 77...
Starting computation...
    Writing took     6.229043 ms
    Computation took 267.252327 ms
    Reading took     252.935000 us
  Sample 78...
Starting computation...
    Writing took     6.644822 ms
    Computation took 266.833498 ms
    Reading took     234.813000 us
  Sample 79...
Starting computation...
    Writing took     6.146234 ms
    Computation took 266.846144 ms
    Reading took     233.977000 us
  Sample 80...
Starting computation...
    Writing took     7.741741 ms
    Computation took 267.774266 ms
    Reading took     236.926000 us
  Sample 81...
Starting computation...
    Writing took     6.159910 ms
    Computation took 266.659956 ms
    Reading took     256.609000 us
  Sample 82...
Starting computation...
    Writing took     6.650834 ms
    Computation took 267.310224 ms
    Reading took     252.435000 us
  Sample 83...
Starting computation...
    Writing took     6.455555 ms
    Computation took 267.884302 ms
    Reading took     225.762000 us
  Sample 84...
Starting computation...
    Writing took     5.877898 ms
    Computation took 267.683270 ms
    Reading took     235.894000 us
  Sample 85...
Starting computation...
    Writing took     6.121573 ms
    Computation took 268.193429 ms
    Reading took     194.410000 us
  Sample 86...
Starting computation...
    Writing took     4.884910 ms
    Computation took 267.306597 ms
    Reading took     193.018000 us
  Sample 87...
Starting computation...
    Writing took     4.864982 ms
    Computation took 266.628645 ms
    Reading took     192.218000 us
  Sample 88...
Starting computation...
    Writing took     4.715348 ms
    Computation took 267.094162 ms
    Reading took     191.915000 us
  Sample 89...
Starting computation...
    Writing took     4.930867 ms
    Computation took 267.455233 ms
    Reading took     361.405000 us
  Sample 90...
Starting computation...
    Writing took     9.295422 ms
    Computation took 266.577193 ms
    Reading took     254.469000 us
  Sample 91...
Starting computation...
    Writing took     6.706375 ms
    Computation took 266.645880 ms
    Reading took     252.342000 us
  Sample 92...
Starting computation...
    Writing took     6.630905 ms
    Computation took 266.440137 ms
    Reading took     314.391000 us
  Sample 93...
Starting computation...
    Writing took     8.592604 ms
    Computation took 265.677287 ms
    Reading took     251.531000 us
  Sample 94...
Starting computation...
    Writing took     6.627886 ms
    Computation took 266.010633 ms
    Reading took     253.095000 us
  Sample 95...
Starting computation...
    Writing took     6.625416 ms
    Computation took 266.072813 ms
    Reading took     194.315000 us
  Sample 96...
Starting computation...
    Writing took     4.742072 ms
    Computation took 265.630790 ms
    Reading took     209.402000 us
  Sample 97...
Starting computation...
    Writing took     5.169803 ms
    Computation took 265.404915 ms
    Reading took     210.381000 us
  Sample 98...
Starting computation...
    Writing took     5.110797 ms
    Computation took 265.583050 ms
    Reading took     214.146000 us
  Sample 99...
Starting computation...
    Writing took     5.212747 ms
    Computation took 265.239344 ms
    Reading took     192.666000 us
Mean computation time: 267.023906 ms
Mean deviation: 1.308852 ms (0.490163%)
Mean computation time (per hash): 3.256388 ms
Mean deviation (per hash): 15.961000 us
