Using device #0: CUDA Device 'GeForce GTX 1080 Ti'
  Sample 0...
Starting computation...
    Writing took     6.642114 ms
    Computation took 260.003379 ms
    Reading took     351.784000 us
  Sample 1...
Starting computation...
    Writing took     9.964413 ms
    Computation took 260.014888 ms
    Reading took     211.703000 us
  Sample 2...
Starting computation...
    Writing took     5.563066 ms
    Computation took 259.822098 ms
    Reading took     226.162000 us
  Sample 3...
Starting computation...
    Writing took     5.926947 ms
    Computation took 259.891878 ms
    Reading took     207.387000 us
  Sample 4...
Starting computation...
    Writing took     5.331310 ms
    Computation took 260.116688 ms
    Reading took     205.205000 us
  Sample 5...
Starting computation...
    Writing took     5.586821 ms
    Computation took 260.341512 ms
    Reading took     417.783000 us
  Sample 6...
Starting computation...
    Writing took     11.619822 ms
    Computation took 260.510049 ms
    Reading took     261.591000 us
  Sample 7...
Starting computation...
    Writing took     6.428464 ms
    Computation took 260.309880 ms
    Reading took     242.704000 us
  Sample 8...
Starting computation...
    Writing took     6.402492 ms
    Computation took 260.276879 ms
    Reading took     216.293000 us
  Sample 9...
Starting computation...
    Writing took     5.151636 ms
    Computation took 260.462970 ms
    Reading took     225.366000 us
  Sample 10...
Starting computation...
    Writing took     5.902312 ms
    Computation took 260.473238 ms
    Reading took     195.294000 us
  Sample 11...
Starting computation...
    Writing took     4.967729 ms
    Computation took 260.235354 ms
    Reading took     213.459000 us
  Sample 12...
Starting computation...
    Writing took     5.441625 ms
    Computation took 260.375960 ms
    Reading took     192.947000 us
  Sample 13...
Starting computation...
    Writing took     4.937845 ms
    Computation took 260.525752 ms
    Reading took     191.041000 us
  Sample 14...
Starting computation...
    Writing took     4.670158 ms
    Computation took 260.359025 ms
    Reading took     190.202000 us
  Sample 15...
Starting computation...
    Writing took     4.665023 ms
    Computation took 260.242317 ms
    Reading took     224.092000 us
  Sample 16...
Starting computation...
    Writing took     4.961091 ms
    Computation took 260.274034 ms
    Reading took     202.608000 us
  Sample 17...
Starting computation...
    Writing took     5.155669 ms
    Computation took 260.322300 ms
    Reading took     199.991000 us
  Sample 18...
Starting computation...
    Writing took     5.378720 ms
    Computation took 260.360547 ms
    Reading took     244.042000 us
  Sample 19...
Starting computation...
    Writing took     6.432685 ms
    Computation took 260.305622 ms
    Reading took     358.342000 us
  Sample 20...
Starting computation...
    Writing took     9.043601 ms
    Computation took 260.385829 ms
    Reading took     241.668000 us
  Sample 21...
Starting computation...
    Writing took     6.452110 ms
    Computation took 260.427101 ms
    Reading took     226.306000 us
  Sample 22...
Starting computation...
    Writing took     5.887306 ms
    Computation took 260.548005 ms
    Reading took     280.518000 us
  Sample 23...
Starting computation...
    Writing took     6.337769 ms
    Computation took 260.434314 ms
    Reading took     315.568000 us
  Sample 24...
Starting computation...
    Writing took     6.157966 ms
    Computation took 260.448109 ms
    Reading took     233.290000 us
  Sample 25...
Starting computation...
    Writing took     6.081919 ms
    Computation took 260.323139 ms
    Reading took     283.558000 us
  Sample 26...
Starting computation...
    Writing took     6.520115 ms
    Computation took 260.349837 ms
    Reading took     260.318000 us
  Sample 27...
Starting computation...
    Writing took     6.501523 ms
    Computation took 260.589710 ms
    Reading took     194.706000 us
  Sample 28...
Starting computation...
    Writing took     5.169846 ms
    Computation took 260.416684 ms
    Reading took     195.146000 us
  Sample 29...
Starting computation...
    Writing took     4.988964 ms
    Computation took 260.606275 ms
    Reading took     186.551000 us
  Sample 30...
Starting computation...
    Writing took     4.615596 ms
    Computation took 260.393532 ms
    Reading took     369.471000 us
  Sample 31...
Starting computation...
    Writing took     9.974778 ms
    Computation took 260.507252 ms
    Reading took     232.495000 us
  Sample 32...
Starting computation...
    Writing took     6.380090 ms
    Computation took 260.387229 ms
    Reading took     231.217000 us
  Sample 33...
Starting computation...
    Writing took     6.425361 ms
    Computation took 260.526121 ms
    Reading took     187.532000 us
  Sample 34...
Starting computation...
    Writing took     5.111569 ms
    Computation took 260.462824 ms
    Reading took     212.213000 us
  Sample 35...
Starting computation...
    Writing took     5.232400 ms
    Computation took 260.667247 ms
    Reading took     227.708000 us
  Sample 36...
Starting computation...
    Writing took     5.653861 ms
    Computation took 260.533023 ms
    Reading took     239.419000 us
  Sample 37...
Starting computation...
    Writing took     5.914814 ms
    Computation took 260.441162 ms
    Reading took     284.180000 us
  Sample 38...
Starting computation...
    Writing took     6.570210 ms
    Computation took 260.614900 ms
    Reading took     262.544000 us
  Sample 39...
Starting computation...
    Writing took     6.514381 ms
    Computation took 260.619120 ms
    Reading took     243.564000 us
  Sample 40...
Starting computation...
    Writing took     6.412800 ms
    Computation took 260.628951 ms
    Reading took     182.090000 us
  Sample 41...
Starting computation...
    Writing took     4.570641 ms
    Computation took 260.397674 ms
    Reading took     185.554000 us
  Sample 42...
Starting computation...
    Writing took     4.694524 ms
    Computation took 260.415563 ms
    Reading took     186.279000 us
  Sample 43...
Starting computation...
    Writing took     4.631675 ms
    Computation took 260.561363 ms
    Reading took     182.124000 us
  Sample 44...
Starting computation...
    Writing took     4.639795 ms
    Computation took 260.600462 ms
    Reading took     195.858000 us
  Sample 45...
Starting computation...
    Writing took     4.935514 ms
    Computation took 260.326805 ms
    Reading took     185.285000 us
  Sample 46...
Starting computation...
    Writing took     4.642155 ms
    Computation took 260.369734 ms
    Reading took     227.095000 us
  Sample 47...
Starting computation...
    Writing took     5.925553 ms
    Computation took 260.624858 ms
    Reading took     202.514000 us
  Sample 48...
Starting computation...
    Writing took     5.157952 ms
    Computation took 260.542477 ms
    Reading took     214.404000 us
  Sample 49...
Starting computation...
    Writing took     4.978865 ms
    Computation took 260.693409 ms
    Reading took     204.969000 us
  Sample 50...
Starting computation...
    Writing took     6.001797 ms
    Computation took 260.451838 ms
    Reading took     247.511000 us
  Sample 51...
Starting computation...
    Writing took     6.616250 ms
    Computation took 260.486880 ms
    Reading took     263.622000 us
  Sample 52...
Starting computation...
    Writing took     7.054808 ms
    Computation took 260.390254 ms
    Reading took     252.495000 us
  Sample 53...
Starting computation...
    Writing took     6.435990 ms
    Computation took 260.588897 ms
    Reading took     243.444000 us
  Sample 54...
Starting computation...
    Writing took     6.398323 ms
    Computation took 260.506767 ms
    Reading took     212.297000 us
  Sample 55...
Starting computation...
    Writing took     5.557790 ms
    Computation took 260.474338 ms
    Reading took     199.650000 us
  Sample 56...
Starting computation...
    Writing took     5.076448 ms
    Computation took 260.613080 ms
    Reading took     226.357000 us
  Sample 57...
Starting computation...
    Writing took     5.140358 ms
    Computation took 260.530619 ms
    Reading took     227.518000 us
  Sample 58...
Starting computation...
    Writing took     5.899467 ms
    Computation took 260.711777 ms
    Reading took     254.318000 us
  Sample 59...
Starting computation...
    Writing took     6.871571 ms
    Computation took 260.786684 ms
    Reading took     206.472000 us
  Sample 60...
Starting computation...
    Writing took     5.302428 ms
    Computation took 260.723077 ms
    Reading took     219.718000 us
  Sample 61...
Starting computation...
    Writing took     5.662554 ms
    Computation took 260.687846 ms
    Reading took     251.301000 us
  Sample 62...
Starting computation...
    Writing took     6.786060 ms
    Computation took 260.750624 ms
    Reading took     251.696000 us
  Sample 63...
Starting computation...
    Writing took     6.685010 ms
    Computation took 260.666836 ms
    Reading took     205.135000 us
  Sample 64...
Starting computation...
    Writing took     5.331715 ms
    Computation took 260.711564 ms
    Reading took     183.773000 us
  Sample 65...
Starting computation...
    Writing took     4.625316 ms
    Computation took 260.771834 ms
    Reading took     235.153000 us
  Sample 66...
Starting computation...
    Writing took     5.870675 ms
    Computation took 260.636335 ms
    Reading took     206.309000 us
  Sample 67...
Starting computation...
    Writing took     5.412384 ms
    Computation took 260.585393 ms
    Reading took     245.685000 us
  Sample 68...
Starting computation...
    Writing took     6.327669 ms
    Computation took 260.671839 ms
    Reading took     218.317000 us
  Sample 69...
Starting computation...
    Writing took     5.797607 ms
    Computation took 260.658905 ms
    Reading took     391.915000 us
  Sample 70...
Starting computation...
    Writing took     10.095009 ms
    Computation took 260.614573 ms
    Reading took     300.505000 us
  Sample 71...
Starting computation...
    Writing took     7.805974 ms
    Computation took 260.854084 ms
    Reading took     306.612000 us
  Sample 72...
Starting computation...
    Writing took     7.590038 ms
    Computation took 260.588780 ms
    Reading took     226.507000 us
  Sample 73...
Starting computation...
    Writing took     5.884328 ms
    Computation took 260.738150 ms
    Reading took     227.973000 us
  Sample 74...
Starting computation...
    Writing took     8.571879 ms
    Computation took 260.590482 ms
    Reading took     244.419000 us
  Sample 75...
Starting computation...
    Writing took     6.428252 ms
    Computation took 260.651084 ms
    Reading took     225.844000 us
  Sample 76...
Starting computation...
    Writing took     5.879646 ms
    Computation took 260.707921 ms
    Reading took     217.466000 us
  Sample 77...
Starting computation...
    Writing took     5.717030 ms
    Computation took 260.786729 ms
    Reading took     227.390000 us
  Sample 78...
Starting computation...
    Writing took     5.879009 ms
    Computation took 261.452843 ms
    Reading took     260.837000 us
  Sample 79...
Starting computation...
    Writing took     6.470886 ms
    Computation took 261.411324 ms
    Reading took     289.986000 us
  Sample 80...
Starting computation...
    Writing took     6.898538 ms
    Computation took 260.763829 ms
    Reading took     241.849000 us
  Sample 81...
Starting computation...
    Writing took     6.561854 ms
    Computation took 261.114696 ms
    Reading took     184.939000 us
  Sample 82...
Starting computation...
    Writing took     4.694054 ms
    Computation took 261.573778 ms
    Reading took     243.450000 us
  Sample 83...
Starting computation...
    Writing took     5.877598 ms
    Computation took 261.595807 ms
    Reading took     245.404000 us
  Sample 84...
Starting computation...
    Writing took     8.524561 ms
    Computation took 262.252586 ms
    Reading took     240.884000 us
  Sample 85...
Starting computation...
    Writing took     5.874916 ms
    Computation took 262.195936 ms
    Reading took     229.175000 us
  Sample 86...
Starting computation...
    Writing took     5.904764 ms
    Computation took 262.628036 ms
    Reading took     266.505000 us
  Sample 87...
Starting computation...
    Writing took     5.601352 ms
    Computation took 262.339095 ms
    Reading took     226.269000 us
  Sample 88...
Starting computation...
    Writing took     5.882421 ms
    Computation took 262.167195 ms
    Reading took     245.751000 us
  Sample 89...
Starting computation...
    Writing took     6.403781 ms
    Computation took 262.269008 ms
    Reading took     387.503000 us
  Sample 90...
Starting computation...
    Writing took     7.608329 ms
    Computation took 262.292088 ms
    Reading took     260.407000 us
  Sample 91...
Starting computation...
    Writing took     7.342176 ms
    Computation took 262.136622 ms
    Reading took     251.691000 us
  Sample 92...
Starting computation...
    Writing took     8.834924 ms
    Computation took 262.017027 ms
    Reading took     213.216000 us
  Sample 93...
Starting computation...
    Writing took     5.471783 ms
    Computation took 261.989664 ms
    Reading took     458.254000 us
  Sample 94...
Starting computation...
    Writing took     9.680379 ms
    Computation took 263.625369 ms
    Reading took     303.778000 us
  Sample 95...
Starting computation...
    Writing took     7.983162 ms
    Computation took 263.341175 ms
    Reading took     317.657000 us
  Sample 96...
Starting computation...
    Writing took     9.945770 ms
    Computation took 265.740988 ms
    Reading took     256.280000 us
  Sample 97...
Starting computation...
    Writing took     6.669841 ms
    Computation took 274.818503 ms
    Reading took     194.203000 us
  Sample 98...
Starting computation...
    Writing took     4.971860 ms
    Computation took 277.721502 ms
    Reading took     258.276000 us
  Sample 99...
Starting computation...
    Writing took     6.519762 ms
    Computation took 275.673613 ms
    Reading took     204.106000 us
Mean computation time: 261.291249 ms
Mean deviation: 1.268343 ms (0.485414%)
Mean computation time (per hash): 3.307483 ms
Mean deviation (per hash): 16.054000 us
