Using device #0: CUDA Device 'GeForce GTX 1080 Ti'
  Sample 0...
Starting computation...
    Writing took     8.039740 ms
    Computation took 323.976683 ms
    Reading took     278.553000 us
  Sample 1...
Starting computation...
    Writing took     8.601969 ms
    Computation took 324.030473 ms
    Reading took     277.930000 us
  Sample 2...
Starting computation...
    Writing took     8.272743 ms
    Computation took 324.431623 ms
    Reading took     274.167000 us
  Sample 3...
Starting computation...
    Writing took     8.293113 ms
    Computation took 324.205322 ms
    Reading took     274.912000 us
  Sample 4...
Starting computation...
    Writing took     8.280042 ms
    Computation took 324.417432 ms
    Reading took     274.706000 us
  Sample 5...
Starting computation...
    Writing took     8.246539 ms
    Computation took 324.445107 ms
    Reading took     274.566000 us
  Sample 6...
Starting computation...
    Writing took     8.293688 ms
    Computation took 324.159720 ms
    Reading took     273.853000 us
  Sample 7...
Starting computation...
    Writing took     8.295417 ms
    Computation took 324.269526 ms
    Reading took     268.507000 us
  Sample 8...
Starting computation...
    Writing took     7.964967 ms
    Computation took 324.876449 ms
    Reading took     274.231000 us
  Sample 9...
Starting computation...
    Writing took     8.143294 ms
    Computation took 324.252787 ms
    Reading took     290.679000 us
  Sample 10...
Starting computation...
    Writing took     8.277256 ms
    Computation took 324.560685 ms
    Reading took     265.301000 us
  Sample 11...
Starting computation...
    Writing took     7.993953 ms
    Computation took 323.990602 ms
    Reading took     271.953000 us
  Sample 12...
Starting computation...
    Writing took     8.854453 ms
    Computation took 324.400233 ms
    Reading took     278.040000 us
  Sample 13...
Starting computation...
    Writing took     8.336625 ms
    Computation took 324.306796 ms
    Reading took     282.586000 us
  Sample 14...
Starting computation...
    Writing took     8.043929 ms
    Computation took 324.230410 ms
    Reading took     273.478000 us
  Sample 15...
Starting computation...
    Writing took     8.044544 ms
    Computation took 324.530020 ms
    Reading took     278.742000 us
  Sample 16...
Starting computation...
    Writing took     13.816964 ms
    Computation took 324.077883 ms
    Reading took     275.038000 us
  Sample 17...
Starting computation...
    Writing took     8.252277 ms
    Computation took 323.963063 ms
    Reading took     278.423000 us
  Sample 18...
Starting computation...
    Writing took     8.241216 ms
    Computation took 324.175525 ms
    Reading took     274.907000 us
  Sample 19...
Starting computation...
    Writing took     8.283077 ms
    Computation took 324.299248 ms
    Reading took     274.213000 us
  Sample 20...
Starting computation...
    Writing took     8.283278 ms
    Computation took 324.402997 ms
    Reading took     339.259000 us
  Sample 21...
Starting computation...
    Writing took     9.141380 ms
    Computation took 324.279984 ms
    Reading took     363.665000 us
  Sample 22...
Starting computation...
    Writing took     9.571175 ms
    Computation took 324.272685 ms
    Reading took     379.773000 us
  Sample 23...
Starting computation...
    Writing took     11.046883 ms
    Computation took 324.229633 ms
    Reading took     312.735000 us
  Sample 24...
Starting computation...
    Writing took     9.050948 ms
    Computation took 324.478466 ms
    Reading took     306.570000 us
  Sample 25...
Starting computation...
    Writing took     7.796967 ms
    Computation took 324.483699 ms
    Reading took     292.781000 us
  Sample 26...
Starting computation...
    Writing took     8.797768 ms
    Computation took 324.511178 ms
    Reading took     290.069000 us
  Sample 27...
Starting computation...
    Writing took     8.316328 ms
    Computation took 324.377982 ms
    Reading took     294.011000 us
  Sample 28...
Starting computation...
    Writing took     8.391674 ms
    Computation took 324.281523 ms
    Reading took     291.747000 us
  Sample 29...
Starting computation...
    Writing took     8.322210 ms
    Computation took 324.031497 ms
    Reading took     291.563000 us
  Sample 30...
Starting computation...
    Writing took     8.316832 ms
    Computation took 324.050805 ms
    Reading took     287.853000 us
  Sample 31...
Starting computation...
    Writing took     8.305028 ms
    Computation took 323.822967 ms
    Reading took     341.485000 us
  Sample 32...
Starting computation...
    Writing took     8.817365 ms
    Computation took 324.325965 ms
    Reading took     305.456000 us
  Sample 33...
Starting computation...
    Writing took     8.287598 ms
    Computation took 324.525635 ms
    Reading took     289.380000 us
  Sample 34...
Starting computation...
    Writing took     8.351704 ms
    Computation took 325.439447 ms
    Reading took     293.279000 us
  Sample 35...
Starting computation...
    Writing took     8.329208 ms
    Computation took 325.139935 ms
    Reading took     434.785000 us
  Sample 36...
Starting computation...
    Writing took     13.268099 ms
    Computation took 325.067594 ms
    Reading took     328.905000 us
  Sample 37...
Starting computation...
    Writing took     8.370087 ms
    Computation took 326.132010 ms
    Reading took     424.693000 us
  Sample 38...
Starting computation...
    Writing took     14.035084 ms
    Computation took 328.600019 ms
    Reading took     353.413000 us
  Sample 39...
Starting computation...
    Writing took     9.016852 ms
    Computation took 328.780131 ms
    Reading took     305.963000 us
  Sample 40...
Starting computation...
    Writing took     8.378426 ms
    Computation took 327.881000 ms
    Reading took     287.054000 us
  Sample 41...
Starting computation...
    Writing took     8.039919 ms
    Computation took 327.243012 ms
    Reading took     297.180000 us
  Sample 42...
Starting computation...
    Writing took     8.362439 ms
    Computation took 326.456279 ms
    Reading took     281.637000 us
  Sample 43...
Starting computation...
    Writing took     7.958807 ms
    Computation took 325.165104 ms
    Reading took     290.101000 us
  Sample 44...
Starting computation...
    Writing took     8.396314 ms
    Computation took 324.635780 ms
    Reading took     359.849000 us
  Sample 45...
Starting computation...
    Writing took     9.747935 ms
    Computation took 324.801821 ms
    Reading took     467.492000 us
  Sample 46...
Starting computation...
    Writing took     13.749668 ms
    Computation took 324.767928 ms
    Reading took     324.188000 us
  Sample 47...
Starting computation...
    Writing took     9.449880 ms
    Computation took 325.078531 ms
    Reading took     288.859000 us
  Sample 48...
Starting computation...
    Writing took     8.297382 ms
    Computation took 325.017701 ms
    Reading took     288.939000 us
  Sample 49...
Starting computation...
    Writing took     8.335941 ms
    Computation took 325.051285 ms
    Reading took     495.879000 us
  Sample 50...
Starting computation...
    Writing took     14.566229 ms
    Computation took 325.078621 ms
    Reading took     291.342000 us
  Sample 51...
Starting computation...
    Writing took     8.556978 ms
    Computation took 325.152505 ms
    Reading took     436.464000 us
  Sample 52...
Starting computation...
    Writing took     26.790139 ms
    Computation took 326.694352 ms
    Reading took     290.632000 us
  Sample 53...
Starting computation...
    Writing took     8.389382 ms
    Computation took 325.742513 ms
    Reading took     301.982000 us
  Sample 54...
Starting computation...
    Writing took     8.776640 ms
    Computation took 326.828265 ms
    Reading took     294.697000 us
  Sample 55...
Starting computation...
    Writing took     9.182528 ms
    Computation took 333.511691 ms
    Reading took     302.022000 us
  Sample 56...
Starting computation...
    Writing took     8.395561 ms
    Computation took 334.708254 ms
    Reading took     289.936000 us
  Sample 57...
Starting computation...
    Writing took     8.431122 ms
    Computation took 333.150448 ms
    Reading took     291.847000 us
  Sample 58...
Starting computation...
    Writing took     8.374086 ms
    Computation took 331.098669 ms
    Reading took     291.230000 us
  Sample 59...
Starting computation...
    Writing took     9.744585 ms
    Computation took 329.055503 ms
    Reading took     289.057000 us
  Sample 60...
Starting computation...
    Writing took     8.424196 ms
    Computation took 328.040342 ms
    Reading took     289.291000 us
  Sample 61...
Starting computation...
    Writing took     8.735394 ms
    Computation took 326.416165 ms
    Reading took     309.287000 us
  Sample 62...
Starting computation...
    Writing took     8.447427 ms
    Computation took 325.478200 ms
    Reading took     291.665000 us
  Sample 63...
Starting computation...
    Writing took     8.384899 ms
    Computation took 324.695336 ms
    Reading took     294.030000 us
  Sample 64...
Starting computation...
    Writing took     8.317022 ms
    Computation took 324.234928 ms
    Reading took     290.176000 us
  Sample 65...
Starting computation...
    Writing took     8.326465 ms
    Computation took 324.598660 ms
    Reading took     292.091000 us
  Sample 66...
Starting computation...
    Writing took     8.417121 ms
    Computation took 324.366091 ms
    Reading took     290.230000 us
  Sample 67...
Starting computation...
    Writing took     8.268261 ms
    Computation took 324.392410 ms
    Reading took     279.644000 us
  Sample 68...
Starting computation...
    Writing took     8.101708 ms
    Computation took 327.127935 ms
    Reading took     387.317000 us
  Sample 69...
Starting computation...
    Writing took     11.581585 ms
    Computation took 325.047420 ms
    Reading took     290.679000 us
  Sample 70...
Starting computation...
    Writing took     8.323693 ms
    Computation took 324.156062 ms
    Reading took     290.572000 us
  Sample 71...
Starting computation...
    Writing took     8.321148 ms
    Computation took 325.403249 ms
    Reading took     459.970000 us
  Sample 72...
Starting computation...
    Writing took     11.216292 ms
    Computation took 326.438297 ms
    Reading took     292.332000 us
  Sample 73...
Starting computation...
    Writing took     9.346389 ms
    Computation took 327.685482 ms
    Reading took     291.801000 us
  Sample 74...
Starting computation...
    Writing took     8.302074 ms
    Computation took 327.163015 ms
    Reading took     290.070000 us
  Sample 75...
Starting computation...
    Writing took     8.321048 ms
    Computation took 326.697677 ms
    Reading took     291.384000 us
  Sample 76...
Starting computation...
    Writing took     8.339424 ms
    Computation took 326.777046 ms
    Reading took     292.695000 us
  Sample 77...
Starting computation...
    Writing took     8.676028 ms
    Computation took 326.766917 ms
    Reading took     289.704000 us
  Sample 78...
Starting computation...
    Writing took     8.333790 ms
    Computation took 326.295135 ms
    Reading took     292.643000 us
  Sample 79...
Starting computation...
    Writing took     8.335760 ms
    Computation took 325.760529 ms
    Reading took     292.728000 us
  Sample 80...
Starting computation...
    Writing took     8.267475 ms
    Computation took 326.621670 ms
    Reading took     289.686000 us
  Sample 81...
Starting computation...
    Writing took     8.315577 ms
    Computation took 326.629158 ms
    Reading took     289.241000 us
  Sample 82...
Starting computation...
    Writing took     8.324316 ms
    Computation took 326.500234 ms
    Reading took     289.417000 us
  Sample 83...
Starting computation...
    Writing took     8.336076 ms
    Computation took 326.033163 ms
    Reading took     276.751000 us
  Sample 84...
Starting computation...
    Writing took     8.040867 ms
    Computation took 326.267170 ms
    Reading took     290.184000 us
  Sample 85...
Starting computation...
    Writing took     8.389285 ms
    Computation took 326.206376 ms
    Reading took     290.643000 us
  Sample 86...
Starting computation...
    Writing took     8.416495 ms
    Computation took 326.264884 ms
    Reading took     450.884000 us
  Sample 87...
Starting computation...
    Writing took     15.025934 ms
    Computation took 325.525001 ms
    Reading took     290.980000 us
  Sample 88...
Starting computation...
    Writing took     8.340001 ms
    Computation took 326.247735 ms
    Reading took     288.036000 us
  Sample 89...
Starting computation...
    Writing took     8.279191 ms
    Computation took 325.687627 ms
    Reading took     292.941000 us
  Sample 90...
Starting computation...
    Writing took     8.324294 ms
    Computation took 326.077004 ms
    Reading took     289.199000 us
  Sample 91...
Starting computation...
    Writing took     8.343462 ms
    Computation took 325.307481 ms
    Reading took     279.704000 us
  Sample 92...
Starting computation...
    Writing took     8.107773 ms
    Computation took 325.269930 ms
    Reading took     289.167000 us
  Sample 93...
Starting computation...
    Writing took     8.313162 ms
    Computation took 325.983674 ms
    Reading took     292.305000 us
  Sample 94...
Starting computation...
    Writing took     8.312065 ms
    Computation took 327.700495 ms
    Reading took     416.979000 us
  Sample 95...
Starting computation...
    Writing took     10.384896 ms
    Computation took 327.144079 ms
    Reading took     293.003000 us
  Sample 96...
Starting computation...
    Writing took     8.324171 ms
    Computation took 326.221963 ms
    Reading took     318.268000 us
  Sample 97...
Starting computation...
    Writing took     9.109758 ms
    Computation took 325.996752 ms
    Reading took     310.771000 us
  Sample 98...
Starting computation...
    Writing took     9.054960 ms
    Computation took 325.578199 ms
    Reading took     269.933000 us
  Sample 99...
Starting computation...
    Writing took     7.794431 ms
    Computation took 326.094289 ms
    Reading took     288.202000 us
Mean computation time: 325.728507 ms
Mean deviation: 1.357980 ms (0.416905%)
Mean computation time (per hash): 3.193416 ms
Mean deviation (per hash): 13.313000 us
