Using device #0: CUDA Device 'GeForce GTX 1080 Ti'
  Sample 0...
Starting computation...
    Writing took     13.961973 ms
    Computation took 356.915171 ms
    Reading took     290.558000 us
  Sample 1...
Starting computation...
    Writing took     7.910918 ms
    Computation took 362.557615 ms
    Reading took     275.958000 us
  Sample 2...
Starting computation...
    Writing took     8.608083 ms
    Computation took 362.029456 ms
    Reading took     284.714000 us
  Sample 3...
Starting computation...
    Writing took     7.932523 ms
    Computation took 362.184686 ms
    Reading took     295.674000 us
  Sample 4...
Starting computation...
    Writing took     7.884918 ms
    Computation took 359.911239 ms
    Reading took     304.593000 us
  Sample 5...
Starting computation...
    Writing took     7.891407 ms
    Computation took 360.094330 ms
    Reading took     307.455000 us
  Sample 6...
Starting computation...
    Writing took     8.608541 ms
    Computation took 357.055180 ms
    Reading took     283.681000 us
  Sample 7...
Starting computation...
    Writing took     7.912463 ms
    Computation took 356.779570 ms
    Reading took     276.668000 us
  Sample 8...
Starting computation...
    Writing took     7.329786 ms
    Computation took 355.606896 ms
    Reading took     285.163000 us
  Sample 9...
Starting computation...
    Writing took     7.825360 ms
    Computation took 353.856425 ms
    Reading took     286.277000 us
  Sample 10...
Starting computation...
    Writing took     7.900324 ms
    Computation took 353.685395 ms
    Reading took     370.929000 us
  Sample 11...
Starting computation...
    Writing took     9.372048 ms
    Computation took 353.689023 ms
    Reading took     286.925000 us
  Sample 12...
Starting computation...
    Writing took     7.951517 ms
    Computation took 353.754268 ms
    Reading took     376.196000 us
  Sample 13...
Starting computation...
    Writing took     11.529173 ms
    Computation took 353.024630 ms
    Reading took     287.763000 us
  Sample 14...
Starting computation...
    Writing took     8.030887 ms
    Computation took 354.564290 ms
    Reading took     295.672000 us
  Sample 15...
Starting computation...
    Writing took     7.881930 ms
    Computation took 354.370798 ms
    Reading took     284.967000 us
  Sample 16...
Starting computation...
    Writing took     7.900190 ms
    Computation took 354.153511 ms
    Reading took     268.375000 us
  Sample 17...
Starting computation...
    Writing took     7.300122 ms
    Computation took 353.355132 ms
    Reading took     342.590000 us
  Sample 18...
Starting computation...
    Writing took     7.918938 ms
    Computation took 352.121581 ms
    Reading took     293.370000 us
  Sample 19...
Starting computation...
    Writing took     7.906518 ms
    Computation took 352.773002 ms
    Reading took     259.318000 us
  Sample 20...
Starting computation...
    Writing took     7.129964 ms
    Computation took 355.003936 ms
    Reading took     437.759000 us
  Sample 21...
Starting computation...
    Writing took     13.793533 ms
    Computation took 353.708741 ms
    Reading took     277.187000 us
  Sample 22...
Starting computation...
    Writing took     7.342625 ms
    Computation took 353.328881 ms
    Reading took     286.230000 us
  Sample 23...
Starting computation...
    Writing took     7.916500 ms
    Computation took 353.829979 ms
    Reading took     275.738000 us
  Sample 24...
Starting computation...
    Writing took     8.058277 ms
    Computation took 353.702096 ms
    Reading took     286.742000 us
  Sample 25...
Starting computation...
    Writing took     7.977361 ms
    Computation took 353.719000 ms
    Reading took     285.810000 us
  Sample 26...
Starting computation...
    Writing took     7.955918 ms
    Computation took 354.973136 ms
    Reading took     287.480000 us
  Sample 27...
Starting computation...
    Writing took     8.280456 ms
    Computation took 355.157655 ms
    Reading took     412.682000 us
  Sample 28...
Starting computation...
    Writing took     10.072556 ms
    Computation took 355.389164 ms
    Reading took     285.714000 us
  Sample 29...
Starting computation...
    Writing took     7.923103 ms
    Computation took 354.560185 ms
    Reading took     324.376000 us
  Sample 30...
Starting computation...
    Writing took     8.330306 ms
    Computation took 353.372615 ms
    Reading took     288.030000 us
  Sample 31...
Starting computation...
    Writing took     7.906159 ms
    Computation took 354.234004 ms
    Reading took     309.691000 us
  Sample 32...
Starting computation...
    Writing took     8.645128 ms
    Computation took 353.908410 ms
    Reading took     287.473000 us
  Sample 33...
Starting computation...
    Writing took     7.765161 ms
    Computation took 352.310207 ms
    Reading took     286.101000 us
  Sample 34...
Starting computation...
    Writing took     8.576779 ms
    Computation took 354.568027 ms
    Reading took     344.780000 us
  Sample 35...
Starting computation...
    Writing took     8.051837 ms
    Computation took 354.012239 ms
    Reading took     304.946000 us
  Sample 36...
Starting computation...
    Writing took     8.053066 ms
    Computation took 353.063884 ms
    Reading took     318.339000 us
  Sample 37...
Starting computation...
    Writing took     7.935685 ms
    Computation took 353.600381 ms
    Reading took     294.562000 us
  Sample 38...
Starting computation...
    Writing took     7.724783 ms
    Computation took 353.836544 ms
    Reading took     303.698000 us
  Sample 39...
Starting computation...
    Writing took     8.462997 ms
    Computation took 353.932619 ms
    Reading took     304.774000 us
  Sample 40...
Starting computation...
    Writing took     8.232949 ms
    Computation took 354.155346 ms
    Reading took     310.318000 us
  Sample 41...
Starting computation...
    Writing took     7.946511 ms
    Computation took 354.086790 ms
    Reading took     303.690000 us
  Sample 42...
Starting computation...
    Writing took     7.910771 ms
    Computation took 353.522859 ms
    Reading took     287.478000 us
  Sample 43...
Starting computation...
    Writing took     7.930786 ms
    Computation took 354.593637 ms
    Reading took     310.637000 us
  Sample 44...
Starting computation...
    Writing took     8.655520 ms
    Computation took 352.555098 ms
    Reading took     358.323000 us
  Sample 45...
Starting computation...
    Writing took     8.523941 ms
    Computation took 353.144204 ms
    Reading took     513.907000 us
  Sample 46...
Starting computation...
    Writing took     11.070973 ms
    Computation took 352.901298 ms
    Reading took     297.825000 us
  Sample 47...
Starting computation...
    Writing took     7.912649 ms
    Computation took 352.485057 ms
    Reading took     285.632000 us
  Sample 48...
Starting computation...
    Writing took     8.188701 ms
    Computation took 352.552644 ms
    Reading took     285.243000 us
  Sample 49...
Starting computation...
    Writing took     7.945845 ms
    Computation took 353.134942 ms
    Reading took     384.179000 us
  Sample 50...
Starting computation...
    Writing took     11.576566 ms
    Computation took 353.774352 ms
    Reading took     283.567000 us
  Sample 51...
Starting computation...
    Writing took     7.938082 ms
    Computation took 352.120821 ms
    Reading took     282.523000 us
  Sample 52...
Starting computation...
    Writing took     7.928319 ms
    Computation took 354.285580 ms
    Reading took     286.450000 us
  Sample 53...
Starting computation...
    Writing took     9.256925 ms
    Computation took 354.806878 ms
    Reading took     381.490000 us
  Sample 54...
Starting computation...
    Writing took     12.148088 ms
    Computation took 354.407702 ms
    Reading took     286.247000 us
  Sample 55...
Starting computation...
    Writing took     7.874452 ms
    Computation took 354.450769 ms
    Reading took     437.732000 us
  Sample 56...
Starting computation...
    Writing took     9.729663 ms
    Computation took 353.944128 ms
    Reading took     301.357000 us
  Sample 57...
Starting computation...
    Writing took     7.961050 ms
    Computation took 354.666329 ms
    Reading took     304.832000 us
  Sample 58...
Starting computation...
    Writing took     8.009594 ms
    Computation took 354.227546 ms
    Reading took     312.743000 us
  Sample 59...
Starting computation...
    Writing took     7.921388 ms
    Computation took 353.995092 ms
    Reading took     301.969000 us
  Sample 60...
Starting computation...
    Writing took     8.586526 ms
    Computation took 354.212559 ms
    Reading took     304.933000 us
  Sample 61...
Starting computation...
    Writing took     7.967633 ms
    Computation took 353.553860 ms
    Reading took     301.762000 us
  Sample 62...
Starting computation...
    Writing took     7.867400 ms
    Computation took 355.204801 ms
    Reading took     305.087000 us
  Sample 63...
Starting computation...
    Writing took     13.814099 ms
    Computation took 354.730273 ms
    Reading took     478.241000 us
  Sample 64...
Starting computation...
    Writing took     13.862560 ms
    Computation took 355.245778 ms
    Reading took     384.722000 us
  Sample 65...
Starting computation...
    Writing took     9.962828 ms
    Computation took 353.244352 ms
    Reading took     304.236000 us
  Sample 66...
Starting computation...
    Writing took     7.963071 ms
    Computation took 353.178657 ms
    Reading took     305.717000 us
  Sample 67...
Starting computation...
    Writing took     7.970530 ms
    Computation took 353.915122 ms
    Reading took     303.449000 us
  Sample 68...
Starting computation...
    Writing took     8.061914 ms
    Computation took 354.466556 ms
    Reading took     293.018000 us
  Sample 69...
Starting computation...
    Writing took     7.718701 ms
    Computation took 353.724820 ms
    Reading took     306.728000 us
  Sample 70...
Starting computation...
    Writing took     7.974818 ms
    Computation took 355.715143 ms
    Reading took     302.229000 us
  Sample 71...
Starting computation...
    Writing took     7.993480 ms
    Computation took 355.967731 ms
    Reading took     302.358000 us
  Sample 72...
Starting computation...
    Writing took     7.994449 ms
    Computation took 355.562188 ms
    Reading took     302.125000 us
  Sample 73...
Starting computation...
    Writing took     8.079177 ms
    Computation took 354.717287 ms
    Reading took     304.496000 us
  Sample 74...
Starting computation...
    Writing took     8.048113 ms
    Computation took 354.979345 ms
    Reading took     578.265000 us
  Sample 75...
Starting computation...
    Writing took     14.481691 ms
    Computation took 354.245836 ms
    Reading took     301.861000 us
  Sample 76...
Starting computation...
    Writing took     7.997294 ms
    Computation took 353.986032 ms
    Reading took     380.645000 us
  Sample 77...
Starting computation...
    Writing took     10.532131 ms
    Computation took 353.181634 ms
    Reading took     313.665000 us
  Sample 78...
Starting computation...
    Writing took     7.936800 ms
    Computation took 353.929753 ms
    Reading took     303.242000 us
  Sample 79...
Starting computation...
    Writing took     7.966760 ms
    Computation took 352.983471 ms
    Reading took     286.202000 us
  Sample 80...
Starting computation...
    Writing took     7.743103 ms
    Computation took 356.274854 ms
    Reading took     302.595000 us
  Sample 81...
Starting computation...
    Writing took     7.932713 ms
    Computation took 355.131236 ms
    Reading took     305.364000 us
  Sample 82...
Starting computation...
    Writing took     7.976951 ms
    Computation took 354.773742 ms
    Reading took     320.501000 us
  Sample 83...
Starting computation...
    Writing took     8.499551 ms
    Computation took 354.479648 ms
    Reading took     303.803000 us
  Sample 84...
Starting computation...
    Writing took     7.966604 ms
    Computation took 353.173277 ms
    Reading took     422.716000 us
  Sample 85...
Starting computation...
    Writing took     12.009128 ms
    Computation took 353.348505 ms
    Reading took     289.675000 us
  Sample 86...
Starting computation...
    Writing took     7.732496 ms
    Computation took 353.692839 ms
    Reading took     311.805000 us
  Sample 87...
Starting computation...
    Writing took     8.958169 ms
    Computation took 353.749699 ms
    Reading took     303.889000 us
  Sample 88...
Starting computation...
    Writing took     8.303381 ms
    Computation took 353.960999 ms
    Reading took     317.255000 us
  Sample 89...
Starting computation...
    Writing took     7.936864 ms
    Computation took 353.276980 ms
    Reading took     301.390000 us
  Sample 90...
Starting computation...
    Writing took     8.217617 ms
    Computation took 353.539799 ms
    Reading took     315.831000 us
  Sample 91...
Starting computation...
    Writing took     7.923133 ms
    Computation took 354.473059 ms
    Reading took     303.568000 us
  Sample 92...
Starting computation...
    Writing took     7.974376 ms
    Computation took 353.865909 ms
    Reading took     302.867000 us
  Sample 93...
Starting computation...
    Writing took     8.131793 ms
    Computation took 354.802231 ms
    Reading took     311.049000 us
  Sample 94...
Starting computation...
    Writing took     7.971619 ms
    Computation took 355.564642 ms
    Reading took     312.574000 us
  Sample 95...
Starting computation...
    Writing took     7.925022 ms
    Computation took 355.374082 ms
    Reading took     302.765000 us
  Sample 96...
Starting computation...
    Writing took     7.911779 ms
    Computation took 354.889860 ms
    Reading took     290.856000 us
  Sample 97...
Starting computation...
    Writing took     7.802940 ms
    Computation took 353.939270 ms
    Reading took     345.557000 us
  Sample 98...
Starting computation...
    Writing took     9.104068 ms
    Computation took 354.053098 ms
    Reading took     326.544000 us
  Sample 99...
Starting computation...
    Writing took     8.677302 ms
    Computation took 354.206162 ms
    Reading took     305.475000 us
Mean computation time: 354.498200 ms
Mean deviation: 1.148234 ms (0.323904%)
Mean computation time (per hash): 3.313066 ms
Mean deviation (per hash): 10.730000 us
