Using device #0: CUDA Device 'GeForce GTX 1080 Ti'
  Sample 0...
Starting computation...
    Writing took     8.017466 ms
    Computation took 337.719160 ms
    Reading took     315.012000 us
  Sample 1...
Starting computation...
    Writing took     9.382406 ms
    Computation took 337.825418 ms
    Reading took     290.029000 us
  Sample 2...
Starting computation...
    Writing took     8.731220 ms
    Computation took 337.937157 ms
    Reading took     290.111000 us
  Sample 3...
Starting computation...
    Writing took     8.900779 ms
    Computation took 337.746368 ms
    Reading took     281.259000 us
  Sample 4...
Starting computation...
    Writing took     9.043768 ms
    Computation took 337.725744 ms
    Reading took     304.991000 us
  Sample 5...
Starting computation...
    Writing took     8.173507 ms
    Computation took 338.429705 ms
    Reading took     336.066000 us
  Sample 6...
Starting computation...
    Writing took     9.697032 ms
    Computation took 338.869007 ms
    Reading took     293.282000 us
  Sample 7...
Starting computation...
    Writing took     8.078036 ms
    Computation took 338.228491 ms
    Reading took     291.677000 us
  Sample 8...
Starting computation...
    Writing took     8.048132 ms
    Computation took 338.636526 ms
    Reading took     386.401000 us
  Sample 9...
Starting computation...
    Writing took     8.188176 ms
    Computation took 339.529332 ms
    Reading took     479.983000 us
  Sample 10...
Starting computation...
    Writing took     14.096162 ms
    Computation took 340.907911 ms
    Reading took     291.499000 us
  Sample 11...
Starting computation...
    Writing took     8.046014 ms
    Computation took 340.626657 ms
    Reading took     293.719000 us
  Sample 12...
Starting computation...
    Writing took     8.061938 ms
    Computation took 338.994439 ms
    Reading took     293.402000 us
  Sample 13...
Starting computation...
    Writing took     8.074641 ms
    Computation took 338.896020 ms
    Reading took     291.954000 us
  Sample 14...
Starting computation...
    Writing took     8.057376 ms
    Computation took 338.715533 ms
    Reading took     303.376000 us
  Sample 15...
Starting computation...
    Writing took     8.956104 ms
    Computation took 337.980510 ms
    Reading took     292.610000 us
  Sample 16...
Starting computation...
    Writing took     8.052161 ms
    Computation took 337.838867 ms
    Reading took     292.843000 us
  Sample 17...
Starting computation...
    Writing took     8.047192 ms
    Computation took 337.872550 ms
    Reading took     518.321000 us
  Sample 18...
Starting computation...
    Writing took     8.817756 ms
    Computation took 337.961909 ms
    Reading took     471.858000 us
  Sample 19...
Starting computation...
    Writing took     9.212977 ms
    Computation took 338.547922 ms
    Reading took     291.227000 us
  Sample 20...
Starting computation...
    Writing took     8.028918 ms
    Computation took 340.281413 ms
    Reading took     306.397000 us
  Sample 21...
Starting computation...
    Writing took     8.838996 ms
    Computation took 340.009330 ms
    Reading took     314.871000 us
  Sample 22...
Starting computation...
    Writing took     9.615717 ms
    Computation took 340.110601 ms
    Reading took     316.195000 us
  Sample 23...
Starting computation...
    Writing took     8.753820 ms
    Computation took 338.568805 ms
    Reading took     293.826000 us
  Sample 24...
Starting computation...
    Writing took     8.054261 ms
    Computation took 338.426149 ms
    Reading took     291.984000 us
  Sample 25...
Starting computation...
    Writing took     8.502446 ms
    Computation took 338.916739 ms
    Reading took     292.101000 us
  Sample 26...
Starting computation...
    Writing took     9.845191 ms
    Computation took 337.943344 ms
    Reading took     295.681000 us
  Sample 27...
Starting computation...
    Writing took     8.031006 ms
    Computation took 337.911878 ms
    Reading took     294.141000 us
  Sample 28...
Starting computation...
    Writing took     8.001079 ms
    Computation took 337.999353 ms
    Reading took     322.074000 us
  Sample 29...
Starting computation...
    Writing took     8.111348 ms
    Computation took 339.111339 ms
    Reading took     292.296000 us
  Sample 30...
Starting computation...
    Writing took     8.135727 ms
    Computation took 339.625582 ms
    Reading took     290.440000 us
  Sample 31...
Starting computation...
    Writing took     8.044917 ms
    Computation took 338.810014 ms
    Reading took     292.884000 us
  Sample 32...
Starting computation...
    Writing took     9.068200 ms
    Computation took 339.092488 ms
    Reading took     404.594000 us
  Sample 33...
Starting computation...
    Writing took     9.206278 ms
    Computation took 338.982929 ms
    Reading took     281.907000 us
  Sample 34...
Starting computation...
    Writing took     7.831566 ms
    Computation took 338.197530 ms
    Reading took     293.540000 us
  Sample 35...
Starting computation...
    Writing took     10.824723 ms
    Computation took 338.269272 ms
    Reading took     273.861000 us
  Sample 36...
Starting computation...
    Writing took     7.455452 ms
    Computation took 338.545541 ms
    Reading took     301.873000 us
  Sample 37...
Starting computation...
    Writing took     8.053007 ms
    Computation took 338.118954 ms
    Reading took     307.835000 us
  Sample 38...
Starting computation...
    Writing took     8.171292 ms
    Computation took 338.023340 ms
    Reading took     294.144000 us
  Sample 39...
Starting computation...
    Writing took     8.059495 ms
    Computation took 338.745313 ms
    Reading took     294.200000 us
  Sample 40...
Starting computation...
    Writing took     7.832804 ms
    Computation took 338.830298 ms
    Reading took     513.222000 us
  Sample 41...
Starting computation...
    Writing took     15.075011 ms
    Computation took 337.702411 ms
    Reading took     357.919000 us
  Sample 42...
Starting computation...
    Writing took     10.179777 ms
    Computation took 338.773557 ms
    Reading took     431.563000 us
  Sample 43...
Starting computation...
    Writing took     13.572009 ms
    Computation took 338.565107 ms
    Reading took     293.042000 us
  Sample 44...
Starting computation...
    Writing took     8.051765 ms
    Computation took 338.089898 ms
    Reading took     291.888000 us
  Sample 45...
Starting computation...
    Writing took     8.047328 ms
    Computation took 338.772937 ms
    Reading took     476.032000 us
  Sample 46...
Starting computation...
    Writing took     13.974908 ms
    Computation took 338.971529 ms
    Reading took     282.151000 us
  Sample 47...
Starting computation...
    Writing took     7.743540 ms
    Computation took 339.364038 ms
    Reading took     314.397000 us
  Sample 48...
Starting computation...
    Writing took     8.803808 ms
    Computation took 339.464398 ms
    Reading took     290.879000 us
  Sample 49...
Starting computation...
    Writing took     8.050199 ms
    Computation took 340.183544 ms
    Reading took     292.537000 us
  Sample 50...
Starting computation...
    Writing took     8.042631 ms
    Computation took 342.029257 ms
    Reading took     293.461000 us
  Sample 51...
Starting computation...
    Writing took     8.086552 ms
    Computation took 341.425544 ms
    Reading took     290.073000 us
  Sample 52...
Starting computation...
    Writing took     8.050011 ms
    Computation took 340.247561 ms
    Reading took     303.561000 us
  Sample 53...
Starting computation...
    Writing took     8.041287 ms
    Computation took 340.738999 ms
    Reading took     291.694000 us
  Sample 54...
Starting computation...
    Writing took     8.038677 ms
    Computation took 340.198854 ms
    Reading took     294.482000 us
  Sample 55...
Starting computation...
    Writing took     8.074006 ms
    Computation took 339.391861 ms
    Reading took     290.426000 us
  Sample 56...
Starting computation...
    Writing took     8.616402 ms
    Computation took 339.665535 ms
    Reading took     292.094000 us
  Sample 57...
Starting computation...
    Writing took     8.078605 ms
    Computation took 339.510565 ms
    Reading took     290.883000 us
  Sample 58...
Starting computation...
    Writing took     8.035780 ms
    Computation took 338.894783 ms
    Reading took     294.165000 us
  Sample 59...
Starting computation...
    Writing took     8.022575 ms
    Computation took 339.589406 ms
    Reading took     466.362000 us
  Sample 60...
Starting computation...
    Writing took     10.802624 ms
    Computation took 340.226354 ms
    Reading took     4.422830 ms
  Sample 61...
Starting computation...
    Writing took     10.839137 ms
    Computation took 339.715243 ms
    Reading took     293.088000 us
  Sample 62...
Starting computation...
    Writing took     8.044549 ms
    Computation took 339.440124 ms
    Reading took     293.435000 us
  Sample 63...
Starting computation...
    Writing took     8.062885 ms
    Computation took 339.186103 ms
    Reading took     292.034000 us
  Sample 64...
Starting computation...
    Writing took     8.507050 ms
    Computation took 338.904554 ms
    Reading took     309.241000 us
  Sample 65...
Starting computation...
    Writing took     8.102681 ms
    Computation took 339.331956 ms
    Reading took     307.415000 us
  Sample 66...
Starting computation...
    Writing took     8.105880 ms
    Computation took 338.935894 ms
    Reading took     308.472000 us
  Sample 67...
Starting computation...
    Writing took     8.115816 ms
    Computation took 339.341389 ms
    Reading took     489.600000 us
  Sample 68...
Starting computation...
    Writing took     13.598099 ms
    Computation took 339.038479 ms
    Reading took     331.988000 us
  Sample 69...
Starting computation...
    Writing took     8.846558 ms
    Computation took 338.781907 ms
    Reading took     330.873000 us
  Sample 70...
Starting computation...
    Writing took     8.863283 ms
    Computation took 338.806907 ms
    Reading took     306.704000 us
  Sample 71...
Starting computation...
    Writing took     8.130504 ms
    Computation took 338.744307 ms
    Reading took     309.956000 us
  Sample 72...
Starting computation...
    Writing took     8.935620 ms
    Computation took 339.197403 ms
    Reading took     354.181000 us
  Sample 73...
Starting computation...
    Writing took     8.683875 ms
    Computation took 338.765797 ms
    Reading took     308.975000 us
  Sample 74...
Starting computation...
    Writing took     8.113590 ms
    Computation took 338.941887 ms
    Reading took     307.239000 us
  Sample 75...
Starting computation...
    Writing took     12.439084 ms
    Computation took 339.151154 ms
    Reading took     434.924000 us
  Sample 76...
Starting computation...
    Writing took     8.359177 ms
    Computation took 339.145944 ms
    Reading took     307.722000 us
  Sample 77...
Starting computation...
    Writing took     8.116389 ms
    Computation took 340.361936 ms
    Reading took     297.015000 us
  Sample 78...
Starting computation...
    Writing took     9.229696 ms
    Computation took 339.535977 ms
    Reading took     308.502000 us
  Sample 79...
Starting computation...
    Writing took     8.095430 ms
    Computation took 339.424020 ms
    Reading took     307.085000 us
  Sample 80...
Starting computation...
    Writing took     8.120046 ms
    Computation took 339.719007 ms
    Reading took     496.943000 us
  Sample 81...
Starting computation...
    Writing took     9.981163 ms
    Computation took 339.014849 ms
    Reading took     310.496000 us
  Sample 82...
Starting computation...
    Writing took     8.107229 ms
    Computation took 339.020728 ms
    Reading took     309.966000 us
  Sample 83...
Starting computation...
    Writing took     8.096994 ms
    Computation took 339.252149 ms
    Reading took     320.048000 us
  Sample 84...
Starting computation...
    Writing took     8.081137 ms
    Computation took 340.007885 ms
    Reading took     460.874000 us
  Sample 85...
Starting computation...
    Writing took     8.581494 ms
    Computation took 340.284834 ms
    Reading took     308.706000 us
  Sample 86...
Starting computation...
    Writing took     10.572214 ms
    Computation took 340.218572 ms
    Reading took     306.337000 us
  Sample 87...
Starting computation...
    Writing took     8.169277 ms
    Computation took 340.352485 ms
    Reading took     290.373000 us
  Sample 88...
Starting computation...
    Writing took     7.424511 ms
    Computation took 339.694747 ms
    Reading took     308.867000 us
  Sample 89...
Starting computation...
    Writing took     8.309257 ms
    Computation took 339.427083 ms
    Reading took     332.502000 us
  Sample 90...
Starting computation...
    Writing took     8.854048 ms
    Computation took 338.834777 ms
    Reading took     307.401000 us
  Sample 91...
Starting computation...
    Writing took     8.094725 ms
    Computation took 338.426694 ms
    Reading took     309.199000 us
  Sample 92...
Starting computation...
    Writing took     8.159742 ms
    Computation took 338.023700 ms
    Reading took     306.713000 us
  Sample 93...
Starting computation...
    Writing took     8.190021 ms
    Computation took 338.800198 ms
    Reading took     296.392000 us
  Sample 94...
Starting computation...
    Writing took     8.055528 ms
    Computation took 339.324426 ms
    Reading took     508.423000 us
  Sample 95...
Starting computation...
    Writing took     14.322201 ms
    Computation took 339.196454 ms
    Reading took     356.484000 us
  Sample 96...
Starting computation...
    Writing took     8.173706 ms
    Computation took 339.406801 ms
    Reading took     330.362000 us
  Sample 97...
Starting computation...
    Writing took     7.865727 ms
    Computation took 339.606358 ms
    Reading took     306.187000 us
  Sample 98...
Starting computation...
    Writing took     8.048439 ms
    Computation took 339.226676 ms
    Reading took     309.151000 us
  Sample 99...
Starting computation...
    Writing took     7.878745 ms
    Computation took 339.167662 ms
    Reading took     308.564000 us
Mean computation time: 339.090726 ms
Mean deviation: 655.656000 us (0.193357%)
Mean computation time (per hash): 3.110923 ms
Mean deviation (per hash): 6.015000 us
