Using device #0: CUDA Device 'GeForce GTX 1080 Ti'
  Sample 0...
Starting computation...
    Writing took     4.641861 ms
    Computation took 219.282019 ms
    Reading took     104.512000 us
  Sample 1...
Starting computation...
    Writing took     2.661602 ms
    Computation took 219.115668 ms
    Reading took     104.575000 us
  Sample 2...
Starting computation...
    Writing took     2.752018 ms
    Computation took 219.096435 ms
    Reading took     95.653000 us
  Sample 3...
Starting computation...
    Writing took     2.479425 ms
    Computation took 219.087941 ms
    Reading took     94.532000 us
  Sample 4...
Starting computation...
    Writing took     2.359491 ms
    Computation took 219.125699 ms
    Reading took     92.872000 us
  Sample 5...
Starting computation...
    Writing took     2.363910 ms
    Computation took 219.082823 ms
    Reading took     88.951000 us
  Sample 6...
Starting computation...
    Writing took     2.360228 ms
    Computation took 219.087380 ms
    Reading took     93.925000 us
  Sample 7...
Starting computation...
    Writing took     2.448352 ms
    Computation took 219.127191 ms
    Reading took     107.379000 us
  Sample 8...
Starting computation...
    Writing took     2.290345 ms
    Computation took 219.082013 ms
    Reading took     97.807000 us
  Sample 9...
Starting computation...
    Writing took     2.562422 ms
    Computation took 219.075687 ms
    Reading took     91.124000 us
  Sample 10...
Starting computation...
    Writing took     2.288631 ms
    Computation took 219.090329 ms
    Reading took     84.759000 us
  Sample 11...
Starting computation...
    Writing took     2.164968 ms
    Computation took 219.083823 ms
    Reading took     85.689000 us
  Sample 12...
Starting computation...
    Writing took     2.232146 ms
    Computation took 219.053971 ms
    Reading took     101.077000 us
  Sample 13...
Starting computation...
    Writing took     2.711279 ms
    Computation took 219.146495 ms
    Reading took     123.443000 us
  Sample 14...
Starting computation...
    Writing took     3.268584 ms
    Computation took 219.141112 ms
    Reading took     113.284000 us
  Sample 15...
Starting computation...
    Writing took     2.966148 ms
    Computation took 219.085729 ms
    Reading took     113.607000 us
  Sample 16...
Starting computation...
    Writing took     2.976594 ms
    Computation took 219.079625 ms
    Reading took     110.705000 us
  Sample 17...
Starting computation...
    Writing took     2.947626 ms
    Computation took 220.378366 ms
    Reading took     145.775000 us
  Sample 18...
Starting computation...
    Writing took     3.861474 ms
    Computation took 219.084279 ms
    Reading took     82.939000 us
  Sample 19...
Starting computation...
    Writing took     2.101515 ms
    Computation took 219.068263 ms
    Reading took     87.384000 us
  Sample 20...
Starting computation...
    Writing took     2.190276 ms
    Computation took 219.042386 ms
    Reading took     82.516000 us
  Sample 21...
Starting computation...
    Writing took     2.113445 ms
    Computation took 219.062423 ms
    Reading took     88.656000 us
  Sample 22...
Starting computation...
    Writing took     2.281995 ms
    Computation took 219.059313 ms
    Reading took     82.965000 us
  Sample 23...
Starting computation...
    Writing took     2.145347 ms
    Computation took 219.056986 ms
    Reading took     82.993000 us
  Sample 24...
Starting computation...
    Writing took     2.088688 ms
    Computation took 219.114438 ms
    Reading took     89.357000 us
  Sample 25...
Starting computation...
    Writing took     2.252034 ms
    Computation took 219.046099 ms
    Reading took     89.901000 us
  Sample 26...
Starting computation...
    Writing took     2.325174 ms
    Computation took 219.091492 ms
    Reading took     105.034000 us
  Sample 27...
Starting computation...
    Writing took     2.740652 ms
    Computation took 219.092125 ms
    Reading took     104.241000 us
  Sample 28...
Starting computation...
    Writing took     2.800135 ms
    Computation took 219.142681 ms
    Reading took     109.103000 us
  Sample 29...
Starting computation...
    Writing took     2.738117 ms
    Computation took 220.011429 ms
    Reading took     104.745000 us
  Sample 30...
Starting computation...
    Writing took     2.782046 ms
    Computation took 219.128221 ms
    Reading took     166.583000 us
  Sample 31...
Starting computation...
    Writing took     4.439126 ms
    Computation took 219.133708 ms
    Reading took     98.539000 us
  Sample 32...
Starting computation...
    Writing took     2.280072 ms
    Computation took 219.117334 ms
    Reading took     93.811000 us
  Sample 33...
Starting computation...
    Writing took     2.190438 ms
    Computation took 219.074850 ms
    Reading took     108.877000 us
  Sample 34...
Starting computation...
    Writing took     2.235145 ms
    Computation took 219.084126 ms
    Reading took     99.283000 us
  Sample 35...
Starting computation...
    Writing took     2.240876 ms
    Computation took 219.091353 ms
    Reading took     90.801000 us
  Sample 36...
Starting computation...
    Writing took     2.316235 ms
    Computation took 219.087786 ms
    Reading took     96.039000 us
  Sample 37...
Starting computation...
    Writing took     2.322514 ms
    Computation took 219.129184 ms
    Reading took     98.394000 us
  Sample 38...
Starting computation...
    Writing took     2.484749 ms
    Computation took 219.124405 ms
    Reading took     95.315000 us
  Sample 39...
Starting computation...
    Writing took     2.138408 ms
    Computation took 219.138185 ms
    Reading took     89.813000 us
  Sample 40...
Starting computation...
    Writing took     2.092154 ms
    Computation took 219.099833 ms
    Reading took     87.300000 us
  Sample 41...
Starting computation...
    Writing took     2.226229 ms
    Computation took 219.131241 ms
    Reading took     105.755000 us
  Sample 42...
Starting computation...
    Writing took     2.745933 ms
    Computation took 219.122050 ms
    Reading took     106.078000 us
  Sample 43...
Starting computation...
    Writing took     2.797604 ms
    Computation took 219.142953 ms
    Reading took     113.989000 us
  Sample 44...
Starting computation...
    Writing took     2.743366 ms
    Computation took 219.109015 ms
    Reading took     110.214000 us
  Sample 45...
Starting computation...
    Writing took     2.795880 ms
    Computation took 219.127283 ms
    Reading took     88.191000 us
  Sample 46...
Starting computation...
    Writing took     2.177842 ms
    Computation took 219.132470 ms
    Reading took     83.436000 us
  Sample 47...
Starting computation...
    Writing took     2.117297 ms
    Computation took 219.068910 ms
    Reading took     93.924000 us
  Sample 48...
Starting computation...
    Writing took     2.402728 ms
    Computation took 219.085849 ms
    Reading took     96.544000 us
  Sample 49...
Starting computation...
    Writing took     2.438272 ms
    Computation took 219.083122 ms
    Reading took     91.439000 us
  Sample 50...
Starting computation...
    Writing took     2.399733 ms
    Computation took 219.118063 ms
    Reading took     97.714000 us
  Sample 51...
Starting computation...
    Writing took     2.427021 ms
    Computation took 219.076898 ms
    Reading took     94.020000 us
  Sample 52...
Starting computation...
    Writing took     2.480523 ms
    Computation took 219.117950 ms
    Reading took     94.517000 us
  Sample 53...
Starting computation...
    Writing took     2.381043 ms
    Computation took 219.108798 ms
    Reading took     110.731000 us
  Sample 54...
Starting computation...
    Writing took     2.456622 ms
    Computation took 219.109004 ms
    Reading took     92.247000 us
  Sample 55...
Starting computation...
    Writing took     2.404645 ms
    Computation took 219.099721 ms
    Reading took     93.870000 us
  Sample 56...
Starting computation...
    Writing took     2.355660 ms
    Computation took 219.094401 ms
    Reading took     94.827000 us
  Sample 57...
Starting computation...
    Writing took     2.448401 ms
    Computation took 219.081402 ms
    Reading took     93.624000 us
  Sample 58...
Starting computation...
    Writing took     2.380427 ms
    Computation took 219.104310 ms
    Reading took     91.988000 us
  Sample 59...
Starting computation...
    Writing took     2.465993 ms
    Computation took 219.119008 ms
    Reading took     94.533000 us
  Sample 60...
Starting computation...
    Writing took     2.409855 ms
    Computation took 219.057595 ms
    Reading took     95.272000 us
  Sample 61...
Starting computation...
    Writing took     2.449538 ms
    Computation took 219.163286 ms
    Reading took     147.300000 us
  Sample 62...
Starting computation...
    Writing took     4.425968 ms
    Computation took 219.130287 ms
    Reading took     101.699000 us
  Sample 63...
Starting computation...
    Writing took     2.700136 ms
    Computation took 219.123523 ms
    Reading took     95.226000 us
  Sample 64...
Starting computation...
    Writing took     2.405550 ms
    Computation took 219.116207 ms
    Reading took     103.498000 us
  Sample 65...
Starting computation...
    Writing took     2.492702 ms
    Computation took 219.107091 ms
    Reading took     106.333000 us
  Sample 66...
Starting computation...
    Writing took     2.656322 ms
    Computation took 220.082369 ms
    Reading took     101.538000 us
  Sample 67...
Starting computation...
    Writing took     2.675122 ms
    Computation took 219.092895 ms
    Reading took     106.574000 us
  Sample 68...
Starting computation...
    Writing took     2.586979 ms
    Computation took 219.058814 ms
    Reading took     100.524000 us
  Sample 69...
Starting computation...
    Writing took     2.668196 ms
    Computation took 219.084072 ms
    Reading took     89.799000 us
  Sample 70...
Starting computation...
    Writing took     2.237611 ms
    Computation took 219.074985 ms
    Reading took     89.466000 us
  Sample 71...
Starting computation...
    Writing took     2.308782 ms
    Computation took 219.131790 ms
    Reading took     95.047000 us
  Sample 72...
Starting computation...
    Writing took     2.483754 ms
    Computation took 219.114415 ms
    Reading took     94.925000 us
  Sample 73...
Starting computation...
    Writing took     2.365390 ms
    Computation took 219.156621 ms
    Reading took     99.872000 us
  Sample 74...
Starting computation...
    Writing took     2.600872 ms
    Computation took 219.103132 ms
    Reading took     93.347000 us
  Sample 75...
Starting computation...
    Writing took     2.409270 ms
    Computation took 219.097627 ms
    Reading took     98.541000 us
  Sample 76...
Starting computation...
    Writing took     2.532047 ms
    Computation took 219.133576 ms
    Reading took     126.595000 us
  Sample 77...
Starting computation...
    Writing took     3.061094 ms
    Computation took 219.128826 ms
    Reading took     92.250000 us
  Sample 78...
Starting computation...
    Writing took     2.405363 ms
    Computation took 219.070199 ms
    Reading took     96.703000 us
  Sample 79...
Starting computation...
    Writing took     2.355151 ms
    Computation took 219.109815 ms
    Reading took     97.198000 us
  Sample 80...
Starting computation...
    Writing took     2.435946 ms
    Computation took 219.097434 ms
    Reading took     84.334000 us
  Sample 81...
Starting computation...
    Writing took     2.284574 ms
    Computation took 219.088019 ms
    Reading took     100.846000 us
  Sample 82...
Starting computation...
    Writing took     2.640558 ms
    Computation took 219.098830 ms
    Reading took     91.091000 us
  Sample 83...
Starting computation...
    Writing took     2.290804 ms
    Computation took 219.106995 ms
    Reading took     92.094000 us
  Sample 84...
Starting computation...
    Writing took     2.328223 ms
    Computation took 219.123654 ms
    Reading took     90.983000 us
  Sample 85...
Starting computation...
    Writing took     2.348065 ms
    Computation took 219.114495 ms
    Reading took     89.515000 us
  Sample 86...
Starting computation...
    Writing took     2.317045 ms
    Computation took 219.091491 ms
    Reading took     93.732000 us
  Sample 87...
Starting computation...
    Writing took     2.236642 ms
    Computation took 219.105608 ms
    Reading took     93.529000 us
  Sample 88...
Starting computation...
    Writing took     2.355153 ms
    Computation took 219.095502 ms
    Reading took     89.005000 us
  Sample 89...
Starting computation...
    Writing took     2.283181 ms
    Computation took 219.163813 ms
    Reading took     160.388000 us
  Sample 90...
Starting computation...
    Writing took     4.624702 ms
    Computation took 219.174483 ms
    Reading took     96.795000 us
  Sample 91...
Starting computation...
    Writing took     2.161835 ms
    Computation took 219.107022 ms
    Reading took     90.773000 us
  Sample 92...
Starting computation...
    Writing took     2.165843 ms
    Computation took 219.118964 ms
    Reading took     130.238000 us
  Sample 93...
Starting computation...
    Writing took     3.321481 ms
    Computation took 219.160639 ms
    Reading took     90.950000 us
  Sample 94...
Starting computation...
    Writing took     2.347761 ms
    Computation took 219.124422 ms
    Reading took     100.078000 us
  Sample 95...
Starting computation...
    Writing took     2.408736 ms
    Computation took 219.093997 ms
    Reading took     94.610000 us
  Sample 96...
Starting computation...
    Writing took     2.300413 ms
    Computation took 219.160852 ms
    Reading took     90.157000 us
  Sample 97...
Starting computation...
    Writing took     2.300129 ms
    Computation took 219.133362 ms
    Reading took     112.090000 us
  Sample 98...
Starting computation...
    Writing took     2.755209 ms
    Computation took 219.152611 ms
    Reading took     99.961000 us
  Sample 99...
Starting computation...
    Writing took     2.537342 ms
    Computation took 219.096250 ms
    Reading took     112.371000 us
Mean computation time: 219.138812 ms
Mean deviation: 67.550000 us (0.0308252%)
Mean computation time (per hash): 5.922670 ms
Mean deviation (per hash): 1.825000 us
