Using device #0: CUDA Device 'GeForce GTX 1080 Ti'
  Sample 0...
Starting computation...
    Writing took     6.942012 ms
    Computation took 227.972341 ms
    Reading took     134.716000 us
  Sample 1...
Starting computation...
    Writing took     3.524134 ms
    Computation took 227.987920 ms
    Reading took     131.904000 us
  Sample 2...
Starting computation...
    Writing took     3.505957 ms
    Computation took 228.555432 ms
    Reading took     133.293000 us
  Sample 3...
Starting computation...
    Writing took     3.508139 ms
    Computation took 227.712513 ms
    Reading took     224.576000 us
  Sample 4...
Starting computation...
    Writing took     6.740643 ms
    Computation took 227.599158 ms
    Reading took     147.775000 us
  Sample 5...
Starting computation...
    Writing took     3.483951 ms
    Computation took 227.730136 ms
    Reading took     132.318000 us
  Sample 6...
Starting computation...
    Writing took     3.485166 ms
    Computation took 227.894841 ms
    Reading took     149.670000 us
  Sample 7...
Starting computation...
    Writing took     3.493436 ms
    Computation took 227.805324 ms
    Reading took     133.207000 us
  Sample 8...
Starting computation...
    Writing took     3.305997 ms
    Computation took 229.723703 ms
    Reading took     128.657000 us
  Sample 9...
Starting computation...
    Writing took     3.232194 ms
    Computation took 227.833452 ms
    Reading took     126.407000 us
  Sample 10...
Starting computation...
    Writing took     3.045575 ms
    Computation took 228.764520 ms
    Reading took     131.950000 us
  Sample 11...
Starting computation...
    Writing took     3.230067 ms
    Computation took 227.660083 ms
    Reading took     216.061000 us
  Sample 12...
Starting computation...
    Writing took     5.911048 ms
    Computation took 227.482888 ms
    Reading took     144.257000 us
  Sample 13...
Starting computation...
    Writing took     3.571779 ms
    Computation took 227.456819 ms
    Reading took     142.624000 us
  Sample 14...
Starting computation...
    Writing took     3.575762 ms
    Computation took 227.740922 ms
    Reading took     141.191000 us
  Sample 15...
Starting computation...
    Writing took     3.549397 ms
    Computation took 227.750915 ms
    Reading took     144.810000 us
  Sample 16...
Starting computation...
    Writing took     3.555068 ms
    Computation took 227.809087 ms
    Reading took     113.910000 us
  Sample 17...
Starting computation...
    Writing took     2.719902 ms
    Computation took 227.824114 ms
    Reading took     116.071000 us
  Sample 18...
Starting computation...
    Writing took     2.705092 ms
    Computation took 227.539257 ms
    Reading took     114.396000 us
  Sample 19...
Starting computation...
    Writing took     2.824666 ms
    Computation took 228.407689 ms
    Reading took     124.778000 us
  Sample 20...
Starting computation...
    Writing took     3.051158 ms
    Computation took 227.378390 ms
    Reading took     121.940000 us
  Sample 21...
Starting computation...
    Writing took     2.884781 ms
    Computation took 227.904157 ms
    Reading took     124.466000 us
  Sample 22...
Starting computation...
    Writing took     3.014681 ms
    Computation took 227.551647 ms
    Reading took     120.613000 us
  Sample 23...
Starting computation...
    Writing took     2.870673 ms
    Computation took 227.502699 ms
    Reading took     114.037000 us
  Sample 24...
Starting computation...
    Writing took     2.698448 ms
    Computation took 227.663188 ms
    Reading took     114.845000 us
  Sample 25...
Starting computation...
    Writing took     2.726530 ms
    Computation took 228.015562 ms
    Reading took     110.521000 us
  Sample 26...
Starting computation...
    Writing took     2.740971 ms
    Computation took 227.596611 ms
    Reading took     145.610000 us
  Sample 27...
Starting computation...
    Writing took     2.695723 ms
    Computation took 229.596805 ms
    Reading took     121.796000 us
  Sample 28...
Starting computation...
    Writing took     3.013495 ms
    Computation took 227.652932 ms
    Reading took     141.686000 us
  Sample 29...
Starting computation...
    Writing took     3.159635 ms
    Computation took 227.624097 ms
    Reading took     118.801000 us
  Sample 30...
Starting computation...
    Writing took     3.042934 ms
    Computation took 227.513795 ms
    Reading took     119.699000 us
  Sample 31...
Starting computation...
    Writing took     2.907069 ms
    Computation took 227.818947 ms
    Reading took     115.603000 us
  Sample 32...
Starting computation...
    Writing took     2.797646 ms
    Computation took 227.444784 ms
    Reading took     119.309000 us
  Sample 33...
Starting computation...
    Writing took     2.825667 ms
    Computation took 227.432637 ms
    Reading took     206.598000 us
  Sample 34...
Starting computation...
    Writing took     6.009206 ms
    Computation took 228.425216 ms
    Reading took     130.265000 us
  Sample 35...
Starting computation...
    Writing took     3.481446 ms
    Computation took 227.906546 ms
    Reading took     134.622000 us
  Sample 36...
Starting computation...
    Writing took     3.491784 ms
    Computation took 227.810878 ms
    Reading took     130.580000 us
  Sample 37...
Starting computation...
    Writing took     3.518084 ms
    Computation took 227.587332 ms
    Reading took     106.938000 us
  Sample 38...
Starting computation...
    Writing took     2.719490 ms
    Computation took 227.804270 ms
    Reading took     104.641000 us
  Sample 39...
Starting computation...
    Writing took     2.671556 ms
    Computation took 227.632296 ms
    Reading took     148.983000 us
  Sample 40...
Starting computation...
    Writing took     4.579708 ms
    Computation took 227.490362 ms
    Reading took     178.672000 us
  Sample 41...
Starting computation...
    Writing took     4.677148 ms
    Computation took 227.812816 ms
    Reading took     137.770000 us
  Sample 42...
Starting computation...
    Writing took     3.472913 ms
    Computation took 227.908890 ms
    Reading took     132.281000 us
  Sample 43...
Starting computation...
    Writing took     3.482160 ms
    Computation took 227.820962 ms
    Reading took     130.840000 us
  Sample 44...
Starting computation...
    Writing took     3.489408 ms
    Computation took 227.680827 ms
    Reading took     130.622000 us
  Sample 45...
Starting computation...
    Writing took     3.506199 ms
    Computation took 227.524575 ms
    Reading took     132.021000 us
  Sample 46...
Starting computation...
    Writing took     3.494861 ms
    Computation took 227.511310 ms
    Reading took     105.196000 us
  Sample 47...
Starting computation...
    Writing took     2.734247 ms
    Computation took 227.675527 ms
    Reading took     112.275000 us
  Sample 48...
Starting computation...
    Writing took     2.707815 ms
    Computation took 227.629317 ms
    Reading took     113.820000 us
  Sample 49...
Starting computation...
    Writing took     3.093115 ms
    Computation took 228.072804 ms
    Reading took     199.680000 us
  Sample 50...
Starting computation...
    Writing took     5.828373 ms
    Computation took 227.801688 ms
    Reading took     130.860000 us
  Sample 51...
Starting computation...
    Writing took     3.501423 ms
    Computation took 228.253594 ms
    Reading took     104.483000 us
  Sample 52...
Starting computation...
    Writing took     7.654616 ms
    Computation took 227.744475 ms
    Reading took     112.447000 us
  Sample 53...
Starting computation...
    Writing took     2.908453 ms
    Computation took 227.753503 ms
    Reading took     104.641000 us
  Sample 54...
Starting computation...
    Writing took     2.634461 ms
    Computation took 227.804709 ms
    Reading took     105.559000 us
  Sample 55...
Starting computation...
    Writing took     2.641842 ms
    Computation took 227.805779 ms
    Reading took     106.927000 us
  Sample 56...
Starting computation...
    Writing took     2.814793 ms
    Computation took 227.733374 ms
    Reading took     116.891000 us
  Sample 57...
Starting computation...
    Writing took     3.063930 ms
    Computation took 227.655262 ms
    Reading took     130.674000 us
  Sample 58...
Starting computation...
    Writing took     3.458430 ms
    Computation took 227.472294 ms
    Reading took     129.467000 us
  Sample 59...
Starting computation...
    Writing took     3.486235 ms
    Computation took 227.569924 ms
    Reading took     118.704000 us
  Sample 60...
Starting computation...
    Writing took     2.759407 ms
    Computation took 227.578797 ms
    Reading took     115.975000 us
  Sample 61...
Starting computation...
    Writing took     2.637803 ms
    Computation took 227.799084 ms
    Reading took     132.005000 us
  Sample 62...
Starting computation...
    Writing took     5.568656 ms
    Computation took 227.557652 ms
    Reading took     235.608000 us
  Sample 63...
Starting computation...
    Writing took     6.433362 ms
    Computation took 227.910460 ms
    Reading took     235.963000 us
  Sample 64...
Starting computation...
    Writing took     6.055515 ms
    Computation took 227.424398 ms
    Reading took     116.846000 us
  Sample 65...
Starting computation...
    Writing took     2.645613 ms
    Computation took 227.620662 ms
    Reading took     111.921000 us
  Sample 66...
Starting computation...
    Writing took     2.740107 ms
    Computation took 227.837358 ms
    Reading took     123.532000 us
  Sample 67...
Starting computation...
    Writing took     2.948118 ms
    Computation took 227.726994 ms
    Reading took     204.114000 us
  Sample 68...
Starting computation...
    Writing took     5.939914 ms
    Computation took 227.925480 ms
    Reading took     144.282000 us
  Sample 69...
Starting computation...
    Writing took     3.544363 ms
    Computation took 227.733832 ms
    Reading took     142.253000 us
  Sample 70...
Starting computation...
    Writing took     3.570266 ms
    Computation took 227.766802 ms
    Reading took     145.960000 us
  Sample 71...
Starting computation...
    Writing took     3.582075 ms
    Computation took 227.557199 ms
    Reading took     140.249000 us
  Sample 72...
Starting computation...
    Writing took     3.535721 ms
    Computation took 227.768935 ms
    Reading took     141.198000 us
  Sample 73...
Starting computation...
    Writing took     3.577231 ms
    Computation took 228.057167 ms
    Reading took     141.832000 us
  Sample 74...
Starting computation...
    Writing took     3.517299 ms
    Computation took 227.869959 ms
    Reading took     148.926000 us
  Sample 75...
Starting computation...
    Writing took     3.476247 ms
    Computation took 227.858119 ms
    Reading took     140.696000 us
  Sample 76...
Starting computation...
    Writing took     3.489945 ms
    Computation took 227.701508 ms
    Reading took     140.814000 us
  Sample 77...
Starting computation...
    Writing took     3.478038 ms
    Computation took 228.313627 ms
    Reading took     141.118000 us
  Sample 78...
Starting computation...
    Writing took     3.543424 ms
    Computation took 227.886136 ms
    Reading took     141.213000 us
  Sample 79...
Starting computation...
    Writing took     3.543451 ms
    Computation took 228.052618 ms
    Reading took     139.608000 us
  Sample 80...
Starting computation...
    Writing took     3.540105 ms
    Computation took 227.713488 ms
    Reading took     142.686000 us
  Sample 81...
Starting computation...
    Writing took     8.421003 ms
    Computation took 227.753153 ms
    Reading took     140.955000 us
  Sample 82...
Starting computation...
    Writing took     3.544132 ms
    Computation took 227.506145 ms
    Reading took     140.916000 us
  Sample 83...
Starting computation...
    Writing took     3.536652 ms
    Computation took 227.583377 ms
    Reading took     145.684000 us
  Sample 84...
Starting computation...
    Writing took     3.474142 ms
    Computation took 230.029935 ms
    Reading took     232.622000 us
  Sample 85...
Starting computation...
    Writing took     6.527428 ms
    Computation took 228.519827 ms
    Reading took     222.922000 us
  Sample 86...
Starting computation...
    Writing took     6.534975 ms
    Computation took 227.806607 ms
    Reading took     133.340000 us
  Sample 87...
Starting computation...
    Writing took     3.482661 ms
    Computation took 227.865682 ms
    Reading took     131.932000 us
  Sample 88...
Starting computation...
    Writing took     3.475641 ms
    Computation took 227.466058 ms
    Reading took     130.600000 us
  Sample 89...
Starting computation...
    Writing took     3.513581 ms
    Computation took 227.697322 ms
    Reading took     106.640000 us
  Sample 90...
Starting computation...
    Writing took     2.815086 ms
    Computation took 227.499787 ms
    Reading took     105.154000 us
  Sample 91...
Starting computation...
    Writing took     2.648191 ms
    Computation took 228.449968 ms
    Reading took     160.261000 us
  Sample 92...
Starting computation...
    Writing took     3.124589 ms
    Computation took 227.564012 ms
    Reading took     114.005000 us
  Sample 93...
Starting computation...
    Writing took     3.037509 ms
    Computation took 227.496542 ms
    Reading took     114.752000 us
  Sample 94...
Starting computation...
    Writing took     3.007582 ms
    Computation took 227.446961 ms
    Reading took     115.367000 us
  Sample 95...
Starting computation...
    Writing took     2.895154 ms
    Computation took 227.448633 ms
    Reading took     116.968000 us
  Sample 96...
Starting computation...
    Writing took     3.056927 ms
    Computation took 227.610140 ms
    Reading took     116.415000 us
  Sample 97...
Starting computation...
    Writing took     3.064088 ms
    Computation took 227.489833 ms
    Reading took     222.648000 us
  Sample 98...
Starting computation...
    Writing took     5.872932 ms
    Computation took 228.023176 ms
    Reading took     131.550000 us
  Sample 99...
Starting computation...
    Writing took     3.521602 ms
    Computation took 227.890398 ms
    Reading took     206.418000 us
Mean computation time: 227.826437 ms
Mean deviation: 261.876000 us (0.114945%)
Mean computation time (per hash): 4.847370 ms
Mean deviation (per hash): 5.571000 us
