Using device #0: CUDA Device 'GeForce GTX 1080 Ti'
  Sample 0...
Starting computation...
    Writing took     1.890443 ms
    Computation took 177.664692 ms
    Reading took     54.618000 us
  Sample 1...
Starting computation...
    Writing took     1.301212 ms
    Computation took 177.499378 ms
    Reading took     51.812000 us
  Sample 2...
Starting computation...
    Writing took     1.305826 ms
    Computation took 177.521569 ms
    Reading took     53.716000 us
  Sample 3...
Starting computation...
    Writing took     1.349040 ms
    Computation took 177.506723 ms
    Reading took     52.510000 us
  Sample 4...
Starting computation...
    Writing took     1.314013 ms
    Computation took 177.534552 ms
    Reading took     71.497000 us
  Sample 5...
Starting computation...
    Writing took     1.373409 ms
    Computation took 177.560659 ms
    Reading took     58.147000 us
  Sample 6...
Starting computation...
    Writing took     1.546747 ms
    Computation took 177.509847 ms
    Reading took     53.020000 us
  Sample 7...
Starting computation...
    Writing took     1.326952 ms
    Computation took 177.497937 ms
    Reading took     51.965000 us
  Sample 8...
Starting computation...
    Writing took     1.305531 ms
    Computation took 177.596907 ms
    Reading took     54.582000 us
  Sample 9...
Starting computation...
    Writing took     1.332585 ms
    Computation took 177.536189 ms
    Reading took     56.329000 us
  Sample 10...
Starting computation...
    Writing took     1.450341 ms
    Computation took 177.545000 ms
    Reading took     53.871000 us
  Sample 11...
Starting computation...
    Writing took     1.342598 ms
    Computation took 177.682984 ms
    Reading took     56.866000 us
  Sample 12...
Starting computation...
    Writing took     1.448313 ms
    Computation took 177.634691 ms
    Reading took     93.593000 us
  Sample 13...
Starting computation...
    Writing took     1.472541 ms
    Computation took 177.484056 ms
    Reading took     52.966000 us
  Sample 14...
Starting computation...
    Writing took     1.442014 ms
    Computation took 177.564418 ms
    Reading took     56.192000 us
  Sample 15...
Starting computation...
    Writing took     1.432571 ms
    Computation took 177.529740 ms
    Reading took     82.167000 us
  Sample 16...
Starting computation...
    Writing took     2.162580 ms
    Computation took 177.557316 ms
    Reading took     71.353000 us
  Sample 17...
Starting computation...
    Writing took     1.868223 ms
    Computation took 177.548151 ms
    Reading took     71.284000 us
  Sample 18...
Starting computation...
    Writing took     1.837134 ms
    Computation took 177.632048 ms
    Reading took     68.172000 us
  Sample 19...
Starting computation...
    Writing took     1.841028 ms
    Computation took 177.523437 ms
    Reading took     55.737000 us
  Sample 20...
Starting computation...
    Writing took     1.494622 ms
    Computation took 177.538459 ms
    Reading took     54.405000 us
  Sample 21...
Starting computation...
    Writing took     1.482605 ms
    Computation took 177.565945 ms
    Reading took     65.125000 us
  Sample 22...
Starting computation...
    Writing took     1.426026 ms
    Computation took 177.507522 ms
    Reading took     57.701000 us
  Sample 23...
Starting computation...
    Writing took     1.478494 ms
    Computation took 177.550213 ms
    Reading took     78.553000 us
  Sample 24...
Starting computation...
    Writing took     1.322648 ms
    Computation took 177.544116 ms
    Reading took     54.308000 us
  Sample 25...
Starting computation...
    Writing took     1.485033 ms
    Computation took 177.650938 ms
    Reading took     57.061000 us
  Sample 26...
Starting computation...
    Writing took     1.431528 ms
    Computation took 178.301415 ms
    Reading took     123.971000 us
  Sample 27...
Starting computation...
    Writing took     3.369212 ms
    Computation took 178.309988 ms
    Reading took     71.122000 us
  Sample 28...
Starting computation...
    Writing took     1.887152 ms
    Computation took 178.311410 ms
    Reading took     103.473000 us
  Sample 29...
Starting computation...
    Writing took     3.195903 ms
    Computation took 178.366649 ms
    Reading took     65.946000 us
  Sample 30...
Starting computation...
    Writing took     1.724529 ms
    Computation took 178.409602 ms
    Reading took     66.119000 us
  Sample 31...
Starting computation...
    Writing took     1.784878 ms
    Computation took 178.401042 ms
    Reading took     92.335000 us
  Sample 32...
Starting computation...
    Writing took     2.919889 ms
    Computation took 178.373172 ms
    Reading took     66.277000 us
  Sample 33...
Starting computation...
    Writing took     1.730963 ms
    Computation took 178.333964 ms
    Reading took     66.434000 us
  Sample 34...
Starting computation...
    Writing took     1.732661 ms
    Computation took 178.347946 ms
    Reading took     66.010000 us
  Sample 35...
Starting computation...
    Writing took     1.745160 ms
    Computation took 178.297122 ms
    Reading took     75.583000 us
  Sample 36...
Starting computation...
    Writing took     2.446436 ms
    Computation took 178.373183 ms
    Reading took     104.054000 us
  Sample 37...
Starting computation...
    Writing took     1.821299 ms
    Computation took 178.300787 ms
    Reading took     104.202000 us
  Sample 38...
Starting computation...
    Writing took     3.018864 ms
    Computation took 178.385842 ms
    Reading took     66.760000 us
  Sample 39...
Starting computation...
    Writing took     1.756975 ms
    Computation took 178.376685 ms
    Reading took     66.532000 us
  Sample 40...
Starting computation...
    Writing took     1.773625 ms
    Computation took 178.358333 ms
    Reading took     76.877000 us
  Sample 41...
Starting computation...
    Writing took     1.719864 ms
    Computation took 178.317220 ms
    Reading took     64.869000 us
  Sample 42...
Starting computation...
    Writing took     1.737601 ms
    Computation took 178.310835 ms
    Reading took     66.094000 us
  Sample 43...
Starting computation...
    Writing took     1.725494 ms
    Computation took 178.305915 ms
    Reading took     103.024000 us
  Sample 44...
Starting computation...
    Writing took     2.827863 ms
    Computation took 178.343432 ms
    Reading took     66.460000 us
  Sample 45...
Starting computation...
    Writing took     1.720080 ms
    Computation took 178.341367 ms
    Reading took     65.532000 us
  Sample 46...
Starting computation...
    Writing took     1.721890 ms
    Computation took 178.393297 ms
    Reading took     65.004000 us
  Sample 47...
Starting computation...
    Writing took     1.563832 ms
    Computation took 178.344669 ms
    Reading took     62.705000 us
  Sample 48...
Starting computation...
    Writing took     1.534160 ms
    Computation took 178.349101 ms
    Reading took     115.200000 us
  Sample 49...
Starting computation...
    Writing took     3.228440 ms
    Computation took 178.346810 ms
    Reading took     69.880000 us
  Sample 50...
Starting computation...
    Writing took     1.757608 ms
    Computation took 178.362301 ms
    Reading took     70.535000 us
  Sample 51...
Starting computation...
    Writing took     1.731171 ms
    Computation took 178.309880 ms
    Reading took     70.517000 us
  Sample 52...
Starting computation...
    Writing took     1.750850 ms
    Computation took 178.355674 ms
    Reading took     70.462000 us
  Sample 53...
Starting computation...
    Writing took     1.739738 ms
    Computation took 178.333543 ms
    Reading took     70.633000 us
  Sample 54...
Starting computation...
    Writing took     1.744087 ms
    Computation took 178.265892 ms
    Reading took     56.818000 us
  Sample 55...
Starting computation...
    Writing took     1.325986 ms
    Computation took 178.285029 ms
    Reading took     54.836000 us
  Sample 56...
Starting computation...
    Writing took     1.296219 ms
    Computation took 178.275852 ms
    Reading took     62.004000 us
  Sample 57...
Starting computation...
    Writing took     1.307524 ms
    Computation took 178.332517 ms
    Reading took     57.638000 us
  Sample 58...
Starting computation...
    Writing took     1.357438 ms
    Computation took 178.269124 ms
    Reading took     56.534000 us
  Sample 59...
Starting computation...
    Writing took     10.658769 ms
    Computation took 178.381267 ms
    Reading took     72.370000 us
  Sample 60...
Starting computation...
    Writing took     1.747043 ms
    Computation took 178.369568 ms
    Reading took     69.407000 us
  Sample 61...
Starting computation...
    Writing took     1.733267 ms
    Computation took 178.316432 ms
    Reading took     72.448000 us
  Sample 62...
Starting computation...
    Writing took     1.732342 ms
    Computation took 178.346195 ms
    Reading took     70.286000 us
  Sample 63...
Starting computation...
    Writing took     1.733081 ms
    Computation took 178.338661 ms
    Reading took     58.167000 us
  Sample 64...
Starting computation...
    Writing took     1.351772 ms
    Computation took 178.335626 ms
    Reading took     59.997000 us
  Sample 65...
Starting computation...
    Writing took     1.319751 ms
    Computation took 178.302711 ms
    Reading took     60.407000 us
  Sample 66...
Starting computation...
    Writing took     1.442357 ms
    Computation took 178.308200 ms
    Reading took     60.804000 us
  Sample 67...
Starting computation...
    Writing took     1.443834 ms
    Computation took 178.325856 ms
    Reading took     108.105000 us
  Sample 68...
Starting computation...
    Writing took     2.869342 ms
    Computation took 178.395718 ms
    Reading took     69.972000 us
  Sample 69...
Starting computation...
    Writing took     1.747411 ms
    Computation took 178.322122 ms
    Reading took     113.657000 us
  Sample 70...
Starting computation...
    Writing took     2.958320 ms
    Computation took 178.354078 ms
    Reading took     71.309000 us
  Sample 71...
Starting computation...
    Writing took     1.757598 ms
    Computation took 178.303540 ms
    Reading took     78.631000 us
  Sample 72...
Starting computation...
    Writing took     1.768476 ms
    Computation took 178.292883 ms
    Reading took     71.168000 us
  Sample 73...
Starting computation...
    Writing took     1.770984 ms
    Computation took 178.355439 ms
    Reading took     71.589000 us
  Sample 74...
Starting computation...
    Writing took     1.736821 ms
    Computation took 178.381738 ms
    Reading took     80.353000 us
  Sample 75...
Starting computation...
    Writing took     1.744446 ms
    Computation took 178.333493 ms
    Reading took     69.419000 us
  Sample 76...
Starting computation...
    Writing took     1.751630 ms
    Computation took 178.306598 ms
    Reading took     65.263000 us
  Sample 77...
Starting computation...
    Writing took     1.352167 ms
    Computation took 178.271895 ms
    Reading took     55.241000 us
  Sample 78...
Starting computation...
    Writing took     1.300360 ms
    Computation took 178.307709 ms
    Reading took     59.754000 us
  Sample 79...
Starting computation...
    Writing took     1.411546 ms
    Computation took 178.338315 ms
    Reading took     109.609000 us
  Sample 80...
Starting computation...
    Writing took     2.885341 ms
    Computation took 178.376462 ms
    Reading took     111.586000 us
  Sample 81...
Starting computation...
    Writing took     2.903351 ms
    Computation took 178.382197 ms
    Reading took     71.720000 us
  Sample 82...
Starting computation...
    Writing took     1.791646 ms
    Computation took 178.307765 ms
    Reading took     58.959000 us
  Sample 83...
Starting computation...
    Writing took     1.346163 ms
    Computation took 178.298792 ms
    Reading took     58.500000 us
  Sample 84...
Starting computation...
    Writing took     1.401396 ms
    Computation took 178.290311 ms
    Reading took     56.536000 us
  Sample 85...
Starting computation...
    Writing took     1.357600 ms
    Computation took 178.366885 ms
    Reading took     56.902000 us
  Sample 86...
Starting computation...
    Writing took     1.434845 ms
    Computation took 178.308848 ms
    Reading took     58.853000 us
  Sample 87...
Starting computation...
    Writing took     1.488670 ms
    Computation took 178.305411 ms
    Reading took     75.536000 us
  Sample 88...
Starting computation...
    Writing took     1.904877 ms
    Computation took 178.342997 ms
    Reading took     76.671000 us
  Sample 89...
Starting computation...
    Writing took     1.918485 ms
    Computation took 178.293262 ms
    Reading took     71.284000 us
  Sample 90...
Starting computation...
    Writing took     1.769027 ms
    Computation took 178.322576 ms
    Reading took     70.373000 us
  Sample 91...
Starting computation...
    Writing took     1.801382 ms
    Computation took 178.291797 ms
    Reading took     58.357000 us
  Sample 92...
Starting computation...
    Writing took     1.376630 ms
    Computation took 178.303761 ms
    Reading took     56.868000 us
  Sample 93...
Starting computation...
    Writing took     1.322446 ms
    Computation took 178.292236 ms
    Reading took     56.995000 us
  Sample 94...
Starting computation...
    Writing took     1.307176 ms
    Computation took 178.318587 ms
    Reading took     57.864000 us
  Sample 95...
Starting computation...
    Writing took     1.362506 ms
    Computation took 178.339858 ms
    Reading took     58.504000 us
  Sample 96...
Starting computation...
    Writing took     1.323397 ms
    Computation took 178.285983 ms
    Reading took     60.931000 us
  Sample 97...
Starting computation...
    Writing took     1.396606 ms
    Computation took 178.331565 ms
    Reading took     59.654000 us
  Sample 98...
Starting computation...
    Writing took     1.389288 ms
    Computation took 178.335639 ms
    Reading took     60.612000 us
  Sample 99...
Starting computation...
    Writing took     1.443410 ms
    Computation took 178.310015 ms
    Reading took     64.160000 us
Mean computation time: 178.129700 ms
Mean deviation: 297.695000 us (0.167123%)
Mean computation time (per hash): 7.744769 ms
Mean deviation (per hash): 12.943000 us
