Using device #0: CUDA Device 'GeForce GTX 1080 Ti'
  Sample 0...
Starting computation...
    Writing took     7.116228 ms
    Computation took 311.524347 ms
    Reading took     273.206000 us
  Sample 1...
Starting computation...
    Writing took     7.147895 ms
    Computation took 311.988785 ms
    Reading took     260.884000 us
  Sample 2...
Starting computation...
    Writing took     7.140388 ms
    Computation took 311.594756 ms
    Reading took     269.638000 us
  Sample 3...
Starting computation...
    Writing took     7.138648 ms
    Computation took 311.801725 ms
    Reading took     260.199000 us
  Sample 4...
Starting computation...
    Writing took     7.151760 ms
    Computation took 311.860477 ms
    Reading took     258.112000 us
  Sample 5...
Starting computation...
    Writing took     7.150148 ms
    Computation took 312.097635 ms
    Reading took     258.264000 us
  Sample 6...
Starting computation...
    Writing took     7.199226 ms
    Computation took 311.737775 ms
    Reading took     260.364000 us
  Sample 7...
Starting computation...
    Writing took     7.156136 ms
    Computation took 312.420757 ms
    Reading took     259.789000 us
  Sample 8...
Starting computation...
    Writing took     7.173471 ms
    Computation took 311.955459 ms
    Reading took     267.487000 us
  Sample 9...
Starting computation...
    Writing took     7.118528 ms
    Computation took 311.754929 ms
    Reading took     296.740000 us
  Sample 10...
Starting computation...
    Writing took     7.893035 ms
    Computation took 312.017639 ms
    Reading took     312.211000 us
  Sample 11...
Starting computation...
    Writing took     7.943677 ms
    Computation took 311.950715 ms
    Reading took     276.421000 us
  Sample 12...
Starting computation...
    Writing took     7.172021 ms
    Computation took 311.999749 ms
    Reading took     266.970000 us
  Sample 13...
Starting computation...
    Writing took     6.967497 ms
    Computation took 312.090802 ms
    Reading took     471.205000 us
  Sample 14...
Starting computation...
    Writing took     13.424888 ms
    Computation took 311.932503 ms
    Reading took     277.604000 us
  Sample 15...
Starting computation...
    Writing took     7.188794 ms
    Computation took 312.020692 ms
    Reading took     279.614000 us
  Sample 16...
Starting computation...
    Writing took     7.175868 ms
    Computation took 311.722696 ms
    Reading took     274.240000 us
  Sample 17...
Starting computation...
    Writing took     7.155903 ms
    Computation took 311.928718 ms
    Reading took     276.886000 us
  Sample 18...
Starting computation...
    Writing took     7.455927 ms
    Computation took 311.798862 ms
    Reading took     268.759000 us
  Sample 19...
Starting computation...
    Writing took     6.966057 ms
    Computation took 311.660704 ms
    Reading took     276.033000 us
  Sample 20...
Starting computation...
    Writing took     9.565184 ms
    Computation took 312.120225 ms
    Reading took     437.160000 us
  Sample 21...
Starting computation...
    Writing took     12.407076 ms
    Computation took 311.463033 ms
    Reading took     289.471000 us
  Sample 22...
Starting computation...
    Writing took     7.377134 ms
    Computation took 311.678943 ms
    Reading took     341.210000 us
  Sample 23...
Starting computation...
    Writing took     9.548276 ms
    Computation took 311.921016 ms
    Reading took     322.420000 us
  Sample 24...
Starting computation...
    Writing took     9.056603 ms
    Computation took 312.164064 ms
    Reading took     349.867000 us
  Sample 25...
Starting computation...
    Writing took     8.304090 ms
    Computation took 312.061166 ms
    Reading took     276.098000 us
  Sample 26...
Starting computation...
    Writing took     7.175006 ms
    Computation took 312.004712 ms
    Reading took     350.187000 us
  Sample 27...
Starting computation...
    Writing took     22.429302 ms
    Computation took 311.821088 ms
    Reading took     281.542000 us
  Sample 28...
Starting computation...
    Writing took     7.809960 ms
    Computation took 312.420710 ms
    Reading took     279.999000 us
  Sample 29...
Starting computation...
    Writing took     7.811748 ms
    Computation took 312.075734 ms
    Reading took     280.145000 us
  Sample 30...
Starting computation...
    Writing took     7.811080 ms
    Computation took 311.904718 ms
    Reading took     260.060000 us
  Sample 31...
Starting computation...
    Writing took     7.175383 ms
    Computation took 312.037545 ms
    Reading took     261.253000 us
  Sample 32...
Starting computation...
    Writing took     7.173283 ms
    Computation took 311.721160 ms
    Reading took     421.768000 us
  Sample 33...
Starting computation...
    Writing took     13.331465 ms
    Computation took 311.823272 ms
    Reading took     278.484000 us
  Sample 34...
Starting computation...
    Writing took     7.913599 ms
    Computation took 311.690415 ms
    Reading took     279.034000 us
  Sample 35...
Starting computation...
    Writing took     7.783210 ms
    Computation took 311.766784 ms
    Reading took     279.513000 us
  Sample 36...
Starting computation...
    Writing took     7.795719 ms
    Computation took 311.932888 ms
    Reading took     280.742000 us
  Sample 37...
Starting computation...
    Writing took     8.138313 ms
    Computation took 311.735074 ms
    Reading took     275.838000 us
  Sample 38...
Starting computation...
    Writing took     7.553573 ms
    Computation took 312.506175 ms
    Reading took     260.965000 us
  Sample 39...
Starting computation...
    Writing took     7.237575 ms
    Computation took 314.021629 ms
    Reading took     390.338000 us
  Sample 40...
Starting computation...
    Writing took     12.225556 ms
    Computation took 313.352614 ms
    Reading took     257.848000 us
  Sample 41...
Starting computation...
    Writing took     7.164952 ms
    Computation took 312.645309 ms
    Reading took     261.590000 us
  Sample 42...
Starting computation...
    Writing took     7.148426 ms
    Computation took 312.451335 ms
    Reading took     259.787000 us
  Sample 43...
Starting computation...
    Writing took     7.164275 ms
    Computation took 313.055005 ms
    Reading took     261.733000 us
  Sample 44...
Starting computation...
    Writing took     7.140265 ms
    Computation took 313.186006 ms
    Reading took     394.209000 us
  Sample 45...
Starting computation...
    Writing took     8.681364 ms
    Computation took 314.172543 ms
    Reading took     243.524000 us
  Sample 46...
Starting computation...
    Writing took     6.381394 ms
    Computation took 315.967777 ms
    Reading took     438.908000 us
  Sample 47...
Starting computation...
    Writing took     7.993023 ms
    Computation took 315.026460 ms
    Reading took     259.776000 us
  Sample 48...
Starting computation...
    Writing took     7.148236 ms
    Computation took 314.004489 ms
    Reading took     244.581000 us
  Sample 49...
Starting computation...
    Writing took     6.652268 ms
    Computation took 312.820203 ms
    Reading took     260.575000 us
  Sample 50...
Starting computation...
    Writing took     7.154357 ms
    Computation took 312.759713 ms
    Reading took     260.553000 us
  Sample 51...
Starting computation...
    Writing took     7.163824 ms
    Computation took 312.667202 ms
    Reading took     262.087000 us
  Sample 52...
Starting computation...
    Writing took     7.163584 ms
    Computation took 313.840116 ms
    Reading took     267.624000 us
  Sample 53...
Starting computation...
    Writing took     7.116688 ms
    Computation took 315.389446 ms
    Reading took     258.067000 us
  Sample 54...
Starting computation...
    Writing took     7.160636 ms
    Computation took 314.645297 ms
    Reading took     262.067000 us
  Sample 55...
Starting computation...
    Writing took     7.132921 ms
    Computation took 314.773155 ms
    Reading took     258.045000 us
  Sample 56...
Starting computation...
    Writing took     7.172321 ms
    Computation took 313.788966 ms
    Reading took     418.705000 us
  Sample 57...
Starting computation...
    Writing took     12.583256 ms
    Computation took 313.766726 ms
    Reading took     260.364000 us
  Sample 58...
Starting computation...
    Writing took     7.142634 ms
    Computation took 313.689525 ms
    Reading took     453.035000 us
  Sample 59...
Starting computation...
    Writing took     13.383429 ms
    Computation took 314.965086 ms
    Reading took     260.246000 us
  Sample 60...
Starting computation...
    Writing took     7.131872 ms
    Computation took 322.659059 ms
    Reading took     260.544000 us
  Sample 61...
Starting computation...
    Writing took     7.164338 ms
    Computation took 324.961335 ms
    Reading took     251.971000 us
  Sample 62...
Starting computation...
    Writing took     6.997009 ms
    Computation took 325.139827 ms
    Reading took     337.712000 us
  Sample 63...
Starting computation...
    Writing took     10.769985 ms
    Computation took 320.553548 ms
    Reading took     280.849000 us
  Sample 64...
Starting computation...
    Writing took     6.907765 ms
    Computation took 317.011405 ms
    Reading took     261.391000 us
  Sample 65...
Starting computation...
    Writing took     7.108772 ms
    Computation took 316.573383 ms
    Reading took     261.927000 us
  Sample 66...
Starting computation...
    Writing took     7.130570 ms
    Computation took 315.119804 ms
    Reading took     354.451000 us
  Sample 67...
Starting computation...
    Writing took     10.074293 ms
    Computation took 313.761551 ms
    Reading took     281.462000 us
  Sample 68...
Starting computation...
    Writing took     7.834502 ms
    Computation took 313.176197 ms
    Reading took     288.784000 us
  Sample 69...
Starting computation...
    Writing took     7.765512 ms
    Computation took 312.512003 ms
    Reading took     259.689000 us
  Sample 70...
Starting computation...
    Writing took     7.146561 ms
    Computation took 312.418753 ms
    Reading took     411.140000 us
  Sample 71...
Starting computation...
    Writing took     11.652444 ms
    Computation took 312.664918 ms
    Reading took     274.832000 us
  Sample 72...
Starting computation...
    Writing took     8.452086 ms
    Computation took 312.365597 ms
    Reading took     275.471000 us
  Sample 73...
Starting computation...
    Writing took     7.233524 ms
    Computation took 312.545309 ms
    Reading took     276.505000 us
  Sample 74...
Starting computation...
    Writing took     7.365737 ms
    Computation took 312.527703 ms
    Reading took     262.648000 us
  Sample 75...
Starting computation...
    Writing took     7.153490 ms
    Computation took 312.346835 ms
    Reading took     259.719000 us
  Sample 76...
Starting computation...
    Writing took     7.168085 ms
    Computation took 313.359349 ms
    Reading took     260.439000 us
  Sample 77...
Starting computation...
    Writing took     7.124030 ms
    Computation took 314.588825 ms
    Reading took     259.332000 us
  Sample 78...
Starting computation...
    Writing took     7.140369 ms
    Computation took 315.252776 ms
    Reading took     278.140000 us
  Sample 79...
Starting computation...
    Writing took     7.169952 ms
    Computation took 314.953538 ms
    Reading took     276.450000 us
  Sample 80...
Starting computation...
    Writing took     7.215760 ms
    Computation took 314.712001 ms
    Reading took     275.618000 us
  Sample 81...
Starting computation...
    Writing took     7.174495 ms
    Computation took 314.582007 ms
    Reading took     263.646000 us
  Sample 82...
Starting computation...
    Writing took     6.914492 ms
    Computation took 314.055189 ms
    Reading took     299.330000 us
  Sample 83...
Starting computation...
    Writing took     7.805901 ms
    Computation took 315.141586 ms
    Reading took     279.305000 us
  Sample 84...
Starting computation...
    Writing took     7.678019 ms
    Computation took 316.506774 ms
    Reading took     275.724000 us
  Sample 85...
Starting computation...
    Writing took     7.154348 ms
    Computation took 317.023160 ms
    Reading took     266.170000 us
  Sample 86...
Starting computation...
    Writing took     6.639754 ms
    Computation took 316.059433 ms
    Reading took     275.069000 us
  Sample 87...
Starting computation...
    Writing took     7.170586 ms
    Computation took 315.137635 ms
    Reading took     392.271000 us
  Sample 88...
Starting computation...
    Writing took     12.817603 ms
    Computation took 314.927842 ms
    Reading took     274.790000 us
  Sample 89...
Starting computation...
    Writing took     7.217399 ms
    Computation took 315.097465 ms
    Reading took     275.151000 us
  Sample 90...
Starting computation...
    Writing took     7.191894 ms
    Computation took 316.020056 ms
    Reading took     337.659000 us
  Sample 91...
Starting computation...
    Writing took     7.297844 ms
    Computation took 314.656917 ms
    Reading took     276.127000 us
  Sample 92...
Starting computation...
    Writing took     7.189318 ms
    Computation took 314.299710 ms
    Reading took     278.205000 us
  Sample 93...
Starting computation...
    Writing took     7.186919 ms
    Computation took 314.347291 ms
    Reading took     440.421000 us
  Sample 94...
Starting computation...
    Writing took     7.762556 ms
    Computation took 314.242933 ms
    Reading took     276.089000 us
  Sample 95...
Starting computation...
    Writing took     7.191239 ms
    Computation took 314.428556 ms
    Reading took     276.516000 us
  Sample 96...
Starting computation...
    Writing took     7.215092 ms
    Computation took 314.475354 ms
    Reading took     275.868000 us
  Sample 97...
Starting computation...
    Writing took     7.208161 ms
    Computation took 315.414024 ms
    Reading took     296.495000 us
  Sample 98...
Starting computation...
    Writing took     7.178771 ms
    Computation took 316.847589 ms
    Reading took     278.566000 us
  Sample 99...
Starting computation...
    Writing took     7.165535 ms
    Computation took 316.232436 ms
    Reading took     292.046000 us
Mean computation time: 313.743967 ms
Mean deviation: 1.763082 ms (0.561949%)
Mean computation time (per hash): 3.234473 ms
Mean deviation (per hash): 18.176000 us
