Using device #0: CUDA Device 'GeForce GTX 1080 Ti'
  Sample 0...
Starting computation...
    Writing took     5.088562 ms
    Computation took 237.977949 ms
    Reading took     163.471000 us
  Sample 1...
Starting computation...
    Writing took     4.243083 ms
    Computation took 237.974770 ms
    Reading took     167.256000 us
  Sample 2...
Starting computation...
    Writing took     4.044901 ms
    Computation took 237.865295 ms
    Reading took     164.184000 us
  Sample 3...
Starting computation...
    Writing took     4.375022 ms
    Computation took 237.747824 ms
    Reading took     421.681000 us
  Sample 4...
Starting computation...
    Writing took     9.971917 ms
    Computation took 238.104257 ms
    Reading took     156.776000 us
  Sample 5...
Starting computation...
    Writing took     4.131847 ms
    Computation took 238.600330 ms
    Reading took     166.717000 us
  Sample 6...
Starting computation...
    Writing took     4.345832 ms
    Computation took 238.548084 ms
    Reading took     166.944000 us
  Sample 7...
Starting computation...
    Writing took     4.549336 ms
    Computation took 238.688183 ms
    Reading took     180.396000 us
  Sample 8...
Starting computation...
    Writing took     4.637264 ms
    Computation took 238.595840 ms
    Reading took     254.771000 us
  Sample 9...
Starting computation...
    Writing took     7.037144 ms
    Computation took 238.686435 ms
    Reading took     182.625000 us
  Sample 10...
Starting computation...
    Writing took     4.931351 ms
    Computation took 238.558374 ms
    Reading took     186.880000 us
  Sample 11...
Starting computation...
    Writing took     4.980766 ms
    Computation took 238.422688 ms
    Reading took     147.397000 us
  Sample 12...
Starting computation...
    Writing took     3.848469 ms
    Computation took 238.542630 ms
    Reading took     150.198000 us
  Sample 13...
Starting computation...
    Writing took     3.990952 ms
    Computation took 238.707442 ms
    Reading took     187.875000 us
  Sample 14...
Starting computation...
    Writing took     5.067046 ms
    Computation took 238.610313 ms
    Reading took     185.555000 us
  Sample 15...
Starting computation...
    Writing took     5.041320 ms
    Computation took 238.594766 ms
    Reading took     203.495000 us
  Sample 16...
Starting computation...
    Writing took     5.069408 ms
    Computation took 238.672770 ms
    Reading took     199.620000 us
  Sample 17...
Starting computation...
    Writing took     5.045043 ms
    Computation took 238.709130 ms
    Reading took     204.551000 us
  Sample 18...
Starting computation...
    Writing took     5.053598 ms
    Computation took 238.530503 ms
    Reading took     186.040000 us
  Sample 19...
Starting computation...
    Writing took     5.046010 ms
    Computation took 238.736969 ms
    Reading took     185.194000 us
  Sample 20...
Starting computation...
    Writing took     5.027043 ms
    Computation took 238.801914 ms
    Reading took     186.415000 us
  Sample 21...
Starting computation...
    Writing took     5.037419 ms
    Computation took 238.617082 ms
    Reading took     188.093000 us
  Sample 22...
Starting computation...
    Writing took     5.049623 ms
    Computation took 238.618565 ms
    Reading took     186.224000 us
  Sample 23...
Starting computation...
    Writing took     5.028160 ms
    Computation took 238.501221 ms
    Reading took     183.275000 us
  Sample 24...
Starting computation...
    Writing took     5.035747 ms
    Computation took 238.704095 ms
    Reading took     189.280000 us
  Sample 25...
Starting computation...
    Writing took     5.050233 ms
    Computation took 238.697503 ms
    Reading took     149.143000 us
  Sample 26...
Starting computation...
    Writing took     3.977846 ms
    Computation took 238.535824 ms
    Reading took     158.119000 us
  Sample 27...
Starting computation...
    Writing took     4.190557 ms
    Computation took 238.638204 ms
    Reading took     154.619000 us
  Sample 28...
Starting computation...
    Writing took     4.152335 ms
    Computation took 238.622159 ms
    Reading took     177.759000 us
  Sample 29...
Starting computation...
    Writing took     4.385518 ms
    Computation took 238.676557 ms
    Reading took     159.922000 us
  Sample 30...
Starting computation...
    Writing took     4.260572 ms
    Computation took 238.690853 ms
    Reading took     293.015000 us
  Sample 31...
Starting computation...
    Writing took     8.514576 ms
    Computation took 238.645598 ms
    Reading took     186.171000 us
  Sample 32...
Starting computation...
    Writing took     5.047350 ms
    Computation took 238.776169 ms
    Reading took     186.429000 us
  Sample 33...
Starting computation...
    Writing took     5.061081 ms
    Computation took 238.581731 ms
    Reading took     188.066000 us
  Sample 34...
Starting computation...
    Writing took     5.056779 ms
    Computation took 238.610344 ms
    Reading took     186.425000 us
  Sample 35...
Starting computation...
    Writing took     5.048661 ms
    Computation took 238.580075 ms
    Reading took     187.596000 us
  Sample 36...
Starting computation...
    Writing took     5.061559 ms
    Computation took 238.532268 ms
    Reading took     189.538000 us
  Sample 37...
Starting computation...
    Writing took     5.039905 ms
    Computation took 238.636777 ms
    Reading took     192.422000 us
  Sample 38...
Starting computation...
    Writing took     5.051071 ms
    Computation took 238.492614 ms
    Reading took     186.998000 us
  Sample 39...
Starting computation...
    Writing took     5.049514 ms
    Computation took 238.631497 ms
    Reading took     185.543000 us
  Sample 40...
Starting computation...
    Writing took     5.023243 ms
    Computation took 238.609338 ms
    Reading took     186.497000 us
  Sample 41...
Starting computation...
    Writing took     5.044184 ms
    Computation took 238.790137 ms
    Reading took     186.624000 us
  Sample 42...
Starting computation...
    Writing took     10.500365 ms
    Computation took 238.660211 ms
    Reading took     195.592000 us
  Sample 43...
Starting computation...
    Writing took     5.065700 ms
    Computation took 238.601235 ms
    Reading took     192.719000 us
  Sample 44...
Starting computation...
    Writing took     5.013138 ms
    Computation took 238.547286 ms
    Reading took     190.547000 us
  Sample 45...
Starting computation...
    Writing took     5.059541 ms
    Computation took 238.553471 ms
    Reading took     152.713000 us
  Sample 46...
Starting computation...
    Writing took     3.916560 ms
    Computation took 238.689507 ms
    Reading took     157.662000 us
  Sample 47...
Starting computation...
    Writing took     4.280443 ms
    Computation took 238.609717 ms
    Reading took     157.156000 us
  Sample 48...
Starting computation...
    Writing took     4.102884 ms
    Computation took 238.620050 ms
    Reading took     303.054000 us
  Sample 49...
Starting computation...
    Writing took     8.133642 ms
    Computation took 238.545456 ms
    Reading took     284.812000 us
  Sample 50...
Starting computation...
    Writing took     7.440618 ms
    Computation took 238.483897 ms
    Reading took     160.535000 us
  Sample 51...
Starting computation...
    Writing took     3.994052 ms
    Computation took 238.844270 ms
    Reading took     156.881000 us
  Sample 52...
Starting computation...
    Writing took     3.846072 ms
    Computation took 238.546429 ms
    Reading took     174.336000 us
  Sample 53...
Starting computation...
    Writing took     4.262674 ms
    Computation took 238.532131 ms
    Reading took     189.334000 us
  Sample 54...
Starting computation...
    Writing took     4.218993 ms
    Computation took 238.523456 ms
    Reading took     158.759000 us
  Sample 55...
Starting computation...
    Writing took     4.205640 ms
    Computation took 238.693581 ms
    Reading took     182.417000 us
  Sample 56...
Starting computation...
    Writing took     4.516397 ms
    Computation took 238.579541 ms
    Reading took     184.427000 us
  Sample 57...
Starting computation...
    Writing took     4.677621 ms
    Computation took 238.590631 ms
    Reading took     190.091000 us
  Sample 58...
Starting computation...
    Writing took     4.745322 ms
    Computation took 238.693107 ms
    Reading took     331.658000 us
  Sample 59...
Starting computation...
    Writing took     9.173013 ms
    Computation took 238.858889 ms
    Reading took     171.163000 us
  Sample 60...
Starting computation...
    Writing took     4.236388 ms
    Computation took 238.813985 ms
    Reading took     193.097000 us
  Sample 61...
Starting computation...
    Writing took     4.410604 ms
    Computation took 238.611569 ms
    Reading took     186.821000 us
  Sample 62...
Starting computation...
    Writing took     4.527744 ms
    Computation took 238.786883 ms
    Reading took     182.020000 us
  Sample 63...
Starting computation...
    Writing took     4.588154 ms
    Computation took 238.759876 ms
    Reading took     191.667000 us
  Sample 64...
Starting computation...
    Writing took     5.041769 ms
    Computation took 238.653287 ms
    Reading took     168.625000 us
  Sample 65...
Starting computation...
    Writing took     4.310501 ms
    Computation took 238.742875 ms
    Reading took     173.004000 us
  Sample 66...
Starting computation...
    Writing took     4.484071 ms
    Computation took 238.577089 ms
    Reading took     201.237000 us
  Sample 67...
Starting computation...
    Writing took     5.101331 ms
    Computation took 238.725607 ms
    Reading took     198.311000 us
  Sample 68...
Starting computation...
    Writing took     5.094753 ms
    Computation took 238.726967 ms
    Reading took     196.358000 us
  Sample 69...
Starting computation...
    Writing took     5.086554 ms
    Computation took 238.668535 ms
    Reading took     313.397000 us
  Sample 70...
Starting computation...
    Writing took     8.690608 ms
    Computation took 238.769662 ms
    Reading took     200.301000 us
  Sample 71...
Starting computation...
    Writing took     5.105198 ms
    Computation took 238.630407 ms
    Reading took     198.421000 us
  Sample 72...
Starting computation...
    Writing took     4.387319 ms
    Computation took 238.782348 ms
    Reading took     197.816000 us
  Sample 73...
Starting computation...
    Writing took     5.089385 ms
    Computation took 238.725659 ms
    Reading took     199.403000 us
  Sample 74...
Starting computation...
    Writing took     5.122428 ms
    Computation took 238.871047 ms
    Reading took     198.005000 us
  Sample 75...
Starting computation...
    Writing took     5.128479 ms
    Computation took 238.803329 ms
    Reading took     197.707000 us
  Sample 76...
Starting computation...
    Writing took     5.112356 ms
    Computation took 238.677559 ms
    Reading took     198.608000 us
  Sample 77...
Starting computation...
    Writing took     5.152387 ms
    Computation took 238.674602 ms
    Reading took     198.026000 us
  Sample 78...
Starting computation...
    Writing took     5.085895 ms
    Computation took 238.637252 ms
    Reading took     197.193000 us
  Sample 79...
Starting computation...
    Writing took     5.121262 ms
    Computation took 238.697611 ms
    Reading took     203.772000 us
  Sample 80...
Starting computation...
    Writing took     5.080140 ms
    Computation took 238.679813 ms
    Reading took     199.435000 us
  Sample 81...
Starting computation...
    Writing took     5.066061 ms
    Computation took 238.658922 ms
    Reading took     198.130000 us
  Sample 82...
Starting computation...
    Writing took     5.104057 ms
    Computation took 238.674074 ms
    Reading took     196.318000 us
  Sample 83...
Starting computation...
    Writing took     5.118262 ms
    Computation took 238.737905 ms
    Reading took     204.090000 us
  Sample 84...
Starting computation...
    Writing took     5.023633 ms
    Computation took 238.746219 ms
    Reading took     195.181000 us
  Sample 85...
Starting computation...
    Writing took     5.066542 ms
    Computation took 238.717590 ms
    Reading took     198.795000 us
  Sample 86...
Starting computation...
    Writing took     5.095999 ms
    Computation took 238.734562 ms
    Reading took     185.733000 us
  Sample 87...
Starting computation...
    Writing took     6.047747 ms
    Computation took 238.774883 ms
    Reading took     150.083000 us
  Sample 88...
Starting computation...
    Writing took     3.903198 ms
    Computation took 238.735795 ms
    Reading took     156.478000 us
  Sample 89...
Starting computation...
    Writing took     4.178569 ms
    Computation took 238.722375 ms
    Reading took     250.256000 us
  Sample 90...
Starting computation...
    Writing took     6.960116 ms
    Computation took 238.614021 ms
    Reading took     188.834000 us
  Sample 91...
Starting computation...
    Writing took     5.098060 ms
    Computation took 238.748679 ms
    Reading took     184.490000 us
  Sample 92...
Starting computation...
    Writing took     5.113281 ms
    Computation took 238.694011 ms
    Reading took     188.721000 us
  Sample 93...
Starting computation...
    Writing took     5.038325 ms
    Computation took 238.618201 ms
    Reading took     186.375000 us
  Sample 94...
Starting computation...
    Writing took     5.092837 ms
    Computation took 238.634285 ms
    Reading took     190.023000 us
  Sample 95...
Starting computation...
    Writing took     5.042882 ms
    Computation took 238.625304 ms
    Reading took     190.875000 us
  Sample 96...
Starting computation...
    Writing took     5.070740 ms
    Computation took 238.688615 ms
    Reading took     188.498000 us
  Sample 97...
Starting computation...
    Writing took     5.009782 ms
    Computation took 238.669495 ms
    Reading took     189.518000 us
  Sample 98...
Starting computation...
    Writing took     5.009427 ms
    Computation took 238.870659 ms
    Reading took     188.543000 us
  Sample 99...
Starting computation...
    Writing took     4.517126 ms
    Computation took 239.078867 ms
    Reading took     186.310000 us
Mean computation time: 238.627983 ms
Mean deviation: 112.419000 us (0.0471106%)
Mean computation time (per hash): 3.509234 ms
Mean deviation (per hash): 1.653000 us
