Using device #0: CUDA Device 'GeForce GTX 1080 Ti'
  Sample 0...
Starting computation...
    Writing took     7.601226 ms
    Computation took 202.571439 ms
    Reading took     102.240000 us
  Sample 1...
Starting computation...
    Writing took     2.472295 ms
    Computation took 202.443604 ms
    Reading took     90.560000 us
  Sample 2...
Starting computation...
    Writing took     2.302359 ms
    Computation took 202.401895 ms
    Reading took     86.192000 us
  Sample 3...
Starting computation...
    Writing took     2.264731 ms
    Computation took 202.412333 ms
    Reading took     90.851000 us
  Sample 4...
Starting computation...
    Writing took     2.432051 ms
    Computation took 202.395992 ms
    Reading took     93.816000 us
  Sample 5...
Starting computation...
    Writing took     2.530262 ms
    Computation took 202.403608 ms
    Reading took     86.079000 us
  Sample 6...
Starting computation...
    Writing took     2.315401 ms
    Computation took 202.480639 ms
    Reading took     137.355000 us
  Sample 7...
Starting computation...
    Writing took     3.772381 ms
    Computation took 202.473435 ms
    Reading took     117.276000 us
  Sample 8...
Starting computation...
    Writing took     3.197941 ms
    Computation took 202.437864 ms
    Reading took     117.511000 us
  Sample 9...
Starting computation...
    Writing took     3.195113 ms
    Computation took 202.563267 ms
    Reading took     179.612000 us
  Sample 10...
Starting computation...
    Writing took     5.067491 ms
    Computation took 202.541817 ms
    Reading took     113.251000 us
  Sample 11...
Starting computation...
    Writing took     3.014439 ms
    Computation took 202.452946 ms
    Reading took     112.054000 us
  Sample 12...
Starting computation...
    Writing took     2.972111 ms
    Computation took 202.475059 ms
    Reading took     112.970000 us
  Sample 13...
Starting computation...
    Writing took     3.015682 ms
    Computation took 202.526246 ms
    Reading took     140.122000 us
  Sample 14...
Starting computation...
    Writing took     2.997189 ms
    Computation took 202.509734 ms
    Reading took     111.709000 us
  Sample 15...
Starting computation...
    Writing took     3.009495 ms
    Computation took 202.439117 ms
    Reading took     113.646000 us
  Sample 16...
Starting computation...
    Writing took     3.014788 ms
    Computation took 202.498666 ms
    Reading took     91.110000 us
  Sample 17...
Starting computation...
    Writing took     2.316886 ms
    Computation took 202.491332 ms
    Reading took     84.714000 us
  Sample 18...
Starting computation...
    Writing took     2.272958 ms
    Computation took 202.424612 ms
    Reading took     96.564000 us
  Sample 19...
Starting computation...
    Writing took     2.540483 ms
    Computation took 202.419749 ms
    Reading took     94.760000 us
  Sample 20...
Starting computation...
    Writing took     2.537776 ms
    Computation took 202.463019 ms
    Reading took     95.187000 us
  Sample 21...
Starting computation...
    Writing took     2.449395 ms
    Computation took 202.392979 ms
    Reading took     146.430000 us
  Sample 22...
Starting computation...
    Writing took     3.823149 ms
    Computation took 202.438383 ms
    Reading took     116.647000 us
  Sample 23...
Starting computation...
    Writing took     2.266087 ms
    Computation took 202.450193 ms
    Reading took     117.658000 us
  Sample 24...
Starting computation...
    Writing took     3.009243 ms
    Computation took 202.415790 ms
    Reading took     119.464000 us
  Sample 25...
Starting computation...
    Writing took     3.044892 ms
    Computation took 202.452718 ms
    Reading took     116.499000 us
  Sample 26...
Starting computation...
    Writing took     2.996702 ms
    Computation took 202.437016 ms
    Reading took     118.659000 us
  Sample 27...
Starting computation...
    Writing took     3.048201 ms
    Computation took 202.436601 ms
    Reading took     115.696000 us
  Sample 28...
Starting computation...
    Writing took     3.016100 ms
    Computation took 202.450310 ms
    Reading took     116.640000 us
  Sample 29...
Starting computation...
    Writing took     2.884347 ms
    Computation took 202.462857 ms
    Reading took     118.237000 us
  Sample 30...
Starting computation...
    Writing took     3.048434 ms
    Computation took 202.407802 ms
    Reading took     126.934000 us
  Sample 31...
Starting computation...
    Writing took     2.986322 ms
    Computation took 202.489120 ms
    Reading took     172.746000 us
  Sample 32...
Starting computation...
    Writing took     5.046506 ms
    Computation took 202.457191 ms
    Reading took     117.913000 us
  Sample 33...
Starting computation...
    Writing took     3.033328 ms
    Computation took 202.453946 ms
    Reading took     118.070000 us
  Sample 34...
Starting computation...
    Writing took     3.016589 ms
    Computation took 202.419235 ms
    Reading took     119.003000 us
  Sample 35...
Starting computation...
    Writing took     2.995873 ms
    Computation took 202.488843 ms
    Reading took     119.401000 us
  Sample 36...
Starting computation...
    Writing took     3.026474 ms
    Computation took 202.494132 ms
    Reading took     115.654000 us
  Sample 37...
Starting computation...
    Writing took     2.984462 ms
    Computation took 202.457445 ms
    Reading took     115.157000 us
  Sample 38...
Starting computation...
    Writing took     3.032140 ms
    Computation took 202.452581 ms
    Reading took     115.536000 us
  Sample 39...
Starting computation...
    Writing took     2.985974 ms
    Computation took 202.541264 ms
    Reading took     159.578000 us
  Sample 40...
Starting computation...
    Writing took     5.207523 ms
    Computation took 202.473575 ms
    Reading took     135.953000 us
  Sample 41...
Starting computation...
    Writing took     3.782863 ms
    Computation took 202.458043 ms
    Reading took     115.964000 us
  Sample 42...
Starting computation...
    Writing took     3.204488 ms
    Computation took 202.455311 ms
    Reading took     118.695000 us
  Sample 43...
Starting computation...
    Writing took     3.224763 ms
    Computation took 202.396750 ms
    Reading took     93.211000 us
  Sample 44...
Starting computation...
    Writing took     2.485863 ms
    Computation took 202.390654 ms
    Reading took     96.090000 us
  Sample 45...
Starting computation...
    Writing took     2.420176 ms
    Computation took 202.452059 ms
    Reading took     97.616000 us
  Sample 46...
Starting computation...
    Writing took     2.557338 ms
    Computation took 202.369616 ms
    Reading took     95.194000 us
  Sample 47...
Starting computation...
    Writing took     2.479574 ms
    Computation took 202.385886 ms
    Reading took     91.894000 us
  Sample 48...
Starting computation...
    Writing took     2.468316 ms
    Computation took 202.500168 ms
    Reading took     160.558000 us
  Sample 49...
Starting computation...
    Writing took     4.465473 ms
    Computation took 202.517275 ms
    Reading took     119.195000 us
  Sample 50...
Starting computation...
    Writing took     3.259955 ms
    Computation took 202.467964 ms
    Reading took     118.644000 us
  Sample 51...
Starting computation...
    Writing took     3.203861 ms
    Computation took 202.453036 ms
    Reading took     93.244000 us
  Sample 52...
Starting computation...
    Writing took     2.487742 ms
    Computation took 202.414317 ms
    Reading took     90.057000 us
  Sample 53...
Starting computation...
    Writing took     2.264852 ms
    Computation took 202.379528 ms
    Reading took     85.567000 us
  Sample 54...
Starting computation...
    Writing took     2.263842 ms
    Computation took 202.465427 ms
    Reading took     143.949000 us
  Sample 55...
Starting computation...
    Writing took     2.839894 ms
    Computation took 202.433029 ms
    Reading took     136.928000 us
  Sample 56...
Starting computation...
    Writing took     3.890800 ms
    Computation took 202.510411 ms
    Reading took     95.120000 us
  Sample 57...
Starting computation...
    Writing took     2.485333 ms
    Computation took 202.450726 ms
    Reading took     96.531000 us
  Sample 58...
Starting computation...
    Writing took     2.671538 ms
    Computation took 202.414341 ms
    Reading took     120.023000 us
  Sample 59...
Starting computation...
    Writing took     3.261433 ms
    Computation took 202.488528 ms
    Reading took     94.306000 us
  Sample 60...
Starting computation...
    Writing took     2.426127 ms
    Computation took 202.465575 ms
    Reading took     94.954000 us
  Sample 61...
Starting computation...
    Writing took     2.518156 ms
    Computation took 202.455579 ms
    Reading took     94.502000 us
  Sample 62...
Starting computation...
    Writing took     2.474861 ms
    Computation took 202.414927 ms
    Reading took     93.373000 us
  Sample 63...
Starting computation...
    Writing took     2.419027 ms
    Computation took 202.409557 ms
    Reading took     94.225000 us
  Sample 64...
Starting computation...
    Writing took     2.389384 ms
    Computation took 202.436119 ms
    Reading took     97.090000 us
  Sample 65...
Starting computation...
    Writing took     2.605621 ms
    Computation took 202.446890 ms
    Reading took     96.279000 us
  Sample 66...
Starting computation...
    Writing took     2.418930 ms
    Computation took 202.501441 ms
    Reading took     105.908000 us
  Sample 67...
Starting computation...
    Writing took     2.750236 ms
    Computation took 202.442380 ms
    Reading took     95.891000 us
  Sample 68...
Starting computation...
    Writing took     2.597059 ms
    Computation took 202.505486 ms
    Reading took     111.631000 us
  Sample 69...
Starting computation...
    Writing took     2.982278 ms
    Computation took 202.500275 ms
    Reading took     102.577000 us
  Sample 70...
Starting computation...
    Writing took     2.499628 ms
    Computation took 202.428774 ms
    Reading took     103.375000 us
  Sample 71...
Starting computation...
    Writing took     2.468639 ms
    Computation took 202.439039 ms
    Reading took     96.199000 us
  Sample 72...
Starting computation...
    Writing took     2.273011 ms
    Computation took 202.420328 ms
    Reading took     105.511000 us
  Sample 73...
Starting computation...
    Writing took     2.450725 ms
    Computation took 202.437009 ms
    Reading took     102.230000 us
  Sample 74...
Starting computation...
    Writing took     2.343206 ms
    Computation took 202.424490 ms
    Reading took     99.131000 us
  Sample 75...
Starting computation...
    Writing took     2.489035 ms
    Computation took 202.498898 ms
    Reading took     127.941000 us
  Sample 76...
Starting computation...
    Writing took     3.301352 ms
    Computation took 202.386922 ms
    Reading took     124.398000 us
  Sample 77...
Starting computation...
    Writing took     3.263953 ms
    Computation took 202.455440 ms
    Reading took     124.557000 us
  Sample 78...
Starting computation...
    Writing took     3.239777 ms
    Computation took 202.452648 ms
    Reading took     95.800000 us
  Sample 79...
Starting computation...
    Writing took     2.332250 ms
    Computation took 202.505243 ms
    Reading took     121.666000 us
  Sample 80...
Starting computation...
    Writing took     3.052209 ms
    Computation took 202.432890 ms
    Reading took     95.648000 us
  Sample 81...
Starting computation...
    Writing took     2.365425 ms
    Computation took 202.410602 ms
    Reading took     100.523000 us
  Sample 82...
Starting computation...
    Writing took     2.300781 ms
    Computation took 202.399381 ms
    Reading took     95.466000 us
  Sample 83...
Starting computation...
    Writing took     2.335543 ms
    Computation took 202.476504 ms
    Reading took     115.024000 us
  Sample 84...
Starting computation...
    Writing took     2.393840 ms
    Computation took 202.488867 ms
    Reading took     99.847000 us
  Sample 85...
Starting computation...
    Writing took     2.687023 ms
    Computation took 202.472202 ms
    Reading took     122.781000 us
  Sample 86...
Starting computation...
    Writing took     2.986834 ms
    Computation took 202.489081 ms
    Reading took     116.562000 us
  Sample 87...
Starting computation...
    Writing took     3.041068 ms
    Computation took 202.455225 ms
    Reading took     118.065000 us
  Sample 88...
Starting computation...
    Writing took     3.018273 ms
    Computation took 202.441044 ms
    Reading took     119.354000 us
  Sample 89...
Starting computation...
    Writing took     3.017788 ms
    Computation took 202.456181 ms
    Reading took     183.278000 us
  Sample 90...
Starting computation...
    Writing took     5.100377 ms
    Computation took 202.467468 ms
    Reading took     119.718000 us
  Sample 91...
Starting computation...
    Writing took     3.122233 ms
    Computation took 202.442272 ms
    Reading took     124.884000 us
  Sample 92...
Starting computation...
    Writing took     2.993857 ms
    Computation took 202.489363 ms
    Reading took     115.157000 us
  Sample 93...
Starting computation...
    Writing took     3.027161 ms
    Computation took 202.413970 ms
    Reading took     118.087000 us
  Sample 94...
Starting computation...
    Writing took     3.002065 ms
    Computation took 202.496059 ms
    Reading took     115.997000 us
  Sample 95...
Starting computation...
    Writing took     3.006513 ms
    Computation took 202.524164 ms
    Reading took     116.659000 us
  Sample 96...
Starting computation...
    Writing took     3.026386 ms
    Computation took 202.413521 ms
    Reading took     118.875000 us
  Sample 97...
Starting computation...
    Writing took     2.951154 ms
    Computation took 202.557290 ms
    Reading took     116.061000 us
  Sample 98...
Starting computation...
    Writing took     3.049340 ms
    Computation took 203.403945 ms
    Reading took     89.681000 us
  Sample 99...
Starting computation...
    Writing took     2.330507 ms
    Computation took 203.258153 ms
    Reading took     133.512000 us
Mean computation time: 202.473166 ms
Mean deviation: 54.304000 us (0.0268203%)
Mean computation time (per hash): 5.191619 ms
Mean deviation (per hash): 1.392000 us
