Using device #0: CUDA Device 'GeForce GTX 1080 Ti'
  Sample 0...
Starting computation...
    Writing took     7.085225 ms
    Computation took 307.064432 ms
    Reading took     279.834000 us
  Sample 1...
Starting computation...
    Writing took     8.423593 ms
    Computation took 307.180545 ms
    Reading took     256.281000 us
  Sample 2...
Starting computation...
    Writing took     7.117682 ms
    Computation took 307.215002 ms
    Reading took     255.328000 us
  Sample 3...
Starting computation...
    Writing took     7.050679 ms
    Computation took 307.330363 ms
    Reading took     377.400000 us
  Sample 4...
Starting computation...
    Writing took     10.044125 ms
    Computation took 307.229055 ms
    Reading took     256.706000 us
  Sample 5...
Starting computation...
    Writing took     7.086460 ms
    Computation took 307.443421 ms
    Reading took     255.557000 us
  Sample 6...
Starting computation...
    Writing took     7.050480 ms
    Computation took 307.150281 ms
    Reading took     257.782000 us
  Sample 7...
Starting computation...
    Writing took     7.102423 ms
    Computation took 307.182164 ms
    Reading took     258.496000 us
  Sample 8...
Starting computation...
    Writing took     7.431954 ms
    Computation took 307.376943 ms
    Reading took     275.076000 us
  Sample 9...
Starting computation...
    Writing took     7.109613 ms
    Computation took 307.380055 ms
    Reading took     264.260000 us
  Sample 10...
Starting computation...
    Writing took     6.971924 ms
    Computation took 307.285113 ms
    Reading took     273.046000 us
  Sample 11...
Starting computation...
    Writing took     7.111367 ms
    Computation took 307.391085 ms
    Reading took     302.949000 us
  Sample 12...
Starting computation...
    Writing took     7.828964 ms
    Computation took 307.478946 ms
    Reading took     273.216000 us
  Sample 13...
Starting computation...
    Writing took     7.273558 ms
    Computation took 307.456104 ms
    Reading took     273.190000 us
  Sample 14...
Starting computation...
    Writing took     7.468569 ms
    Computation took 307.263779 ms
    Reading took     274.457000 us
  Sample 15...
Starting computation...
    Writing took     7.171275 ms
    Computation took 307.294088 ms
    Reading took     272.112000 us
  Sample 16...
Starting computation...
    Writing took     7.629582 ms
    Computation took 307.388434 ms
    Reading took     431.383000 us
  Sample 17...
Starting computation...
    Writing took     10.158682 ms
    Computation took 307.261914 ms
    Reading took     271.530000 us
  Sample 18...
Starting computation...
    Writing took     7.156151 ms
    Computation took 307.331299 ms
    Reading took     272.856000 us
  Sample 19...
Starting computation...
    Writing took     7.196247 ms
    Computation took 307.603367 ms
    Reading took     273.009000 us
  Sample 20...
Starting computation...
    Writing took     7.129787 ms
    Computation took 307.663930 ms
    Reading took     274.509000 us
  Sample 21...
Starting computation...
    Writing took     7.289612 ms
    Computation took 307.381917 ms
    Reading took     272.875000 us
  Sample 22...
Starting computation...
    Writing took     7.318548 ms
    Computation took 307.388894 ms
    Reading took     276.845000 us
  Sample 23...
Starting computation...
    Writing took     7.173573 ms
    Computation took 307.315413 ms
    Reading took     276.426000 us
  Sample 24...
Starting computation...
    Writing took     7.199234 ms
    Computation took 307.429375 ms
    Reading took     271.973000 us
  Sample 25...
Starting computation...
    Writing took     7.775008 ms
    Computation took 307.395937 ms
    Reading took     472.862000 us
  Sample 26...
Starting computation...
    Writing took     13.345256 ms
    Computation took 307.310900 ms
    Reading took     274.092000 us
  Sample 27...
Starting computation...
    Writing took     7.117723 ms
    Computation took 307.338705 ms
    Reading took     504.460000 us
  Sample 28...
Starting computation...
    Writing took     13.245700 ms
    Computation took 307.493703 ms
    Reading took     265.013000 us
  Sample 29...
Starting computation...
    Writing took     6.933973 ms
    Computation took 307.764519 ms
    Reading took     273.064000 us
  Sample 30...
Starting computation...
    Writing took     7.157656 ms
    Computation took 307.534209 ms
    Reading took     272.988000 us
  Sample 31...
Starting computation...
    Writing took     8.645030 ms
    Computation took 307.449762 ms
    Reading took     272.805000 us
  Sample 32...
Starting computation...
    Writing took     7.133966 ms
    Computation took 307.792523 ms
    Reading took     305.511000 us
  Sample 33...
Starting computation...
    Writing took     7.320918 ms
    Computation took 307.859771 ms
    Reading took     274.826000 us
  Sample 34...
Starting computation...
    Writing took     7.100742 ms
    Computation took 307.683032 ms
    Reading took     315.700000 us
  Sample 35...
Starting computation...
    Writing took     8.710659 ms
    Computation took 307.747143 ms
    Reading took     272.566000 us
  Sample 36...
Starting computation...
    Writing took     7.706462 ms
    Computation took 307.708097 ms
    Reading took     283.173000 us
  Sample 37...
Starting computation...
    Writing took     7.101739 ms
    Computation took 307.769973 ms
    Reading took     249.460000 us
  Sample 38...
Starting computation...
    Writing took     6.461477 ms
    Computation took 307.930160 ms
    Reading took     387.213000 us
  Sample 39...
Starting computation...
    Writing took     10.855597 ms
    Computation took 307.820694 ms
    Reading took     256.818000 us
  Sample 40...
Starting computation...
    Writing took     6.563774 ms
    Computation took 307.628819 ms
    Reading took     273.286000 us
  Sample 41...
Starting computation...
    Writing took     7.115061 ms
    Computation took 307.589739 ms
    Reading took     262.281000 us
  Sample 42...
Starting computation...
    Writing took     7.091782 ms
    Computation took 307.749760 ms
    Reading took     242.190000 us
  Sample 43...
Starting computation...
    Writing took     6.734142 ms
    Computation took 307.721056 ms
    Reading took     381.285000 us
  Sample 44...
Starting computation...
    Writing took     11.995975 ms
    Computation took 307.949874 ms
    Reading took     486.486000 us
  Sample 45...
Starting computation...
    Writing took     13.636291 ms
    Computation took 307.897000 ms
    Reading took     257.237000 us
  Sample 46...
Starting computation...
    Writing took     7.077619 ms
    Computation took 307.935634 ms
    Reading took     255.418000 us
  Sample 47...
Starting computation...
    Writing took     7.099473 ms
    Computation took 307.930815 ms
    Reading took     438.151000 us
  Sample 48...
Starting computation...
    Writing took     12.540680 ms
    Computation took 307.635102 ms
    Reading took     272.420000 us
  Sample 49...
Starting computation...
    Writing took     7.147943 ms
    Computation took 307.774133 ms
    Reading took     271.292000 us
  Sample 50...
Starting computation...
    Writing took     7.178943 ms
    Computation took 307.942980 ms
    Reading took     275.286000 us
  Sample 51...
Starting computation...
    Writing took     7.222520 ms
    Computation took 308.012173 ms
    Reading took     279.714000 us
  Sample 52...
Starting computation...
    Writing took     7.446181 ms
    Computation took 307.934525 ms
    Reading took     307.185000 us
  Sample 53...
Starting computation...
    Writing took     7.136475 ms
    Computation took 308.095226 ms
    Reading took     344.587000 us
  Sample 54...
Starting computation...
    Writing took     9.640937 ms
    Computation took 308.296526 ms
    Reading took     275.210000 us
  Sample 55...
Starting computation...
    Writing took     7.253693 ms
    Computation took 308.040478 ms
    Reading took     273.422000 us
  Sample 56...
Starting computation...
    Writing took     7.149917 ms
    Computation took 307.940027 ms
    Reading took     274.973000 us
  Sample 57...
Starting computation...
    Writing took     7.098736 ms
    Computation took 308.088114 ms
    Reading took     273.651000 us
  Sample 58...
Starting computation...
    Writing took     7.633609 ms
    Computation took 307.945688 ms
    Reading took     427.805000 us
  Sample 59...
Starting computation...
    Writing took     12.483529 ms
    Computation took 308.088888 ms
    Reading took     271.810000 us
  Sample 60...
Starting computation...
    Writing took     7.121001 ms
    Computation took 308.128319 ms
    Reading took     273.071000 us
  Sample 61...
Starting computation...
    Writing took     7.101909 ms
    Computation took 307.975021 ms
    Reading took     271.918000 us
  Sample 62...
Starting computation...
    Writing took     7.101096 ms
    Computation took 308.232507 ms
    Reading took     295.457000 us
  Sample 63...
Starting computation...
    Writing took     7.117440 ms
    Computation took 308.100352 ms
    Reading took     270.377000 us
  Sample 64...
Starting computation...
    Writing took     7.133942 ms
    Computation took 308.231539 ms
    Reading took     266.323000 us
  Sample 65...
Starting computation...
    Writing took     8.294546 ms
    Computation took 308.071816 ms
    Reading took     283.187000 us
  Sample 66...
Starting computation...
    Writing took     7.082327 ms
    Computation took 308.065410 ms
    Reading took     264.159000 us
  Sample 67...
Starting computation...
    Writing took     6.720115 ms
    Computation took 308.132569 ms
    Reading took     247.741000 us
  Sample 68...
Starting computation...
    Writing took     6.480905 ms
    Computation took 308.242071 ms
    Reading took     246.427000 us
  Sample 69...
Starting computation...
    Writing took     6.438261 ms
    Computation took 308.261734 ms
    Reading took     280.051000 us
  Sample 70...
Starting computation...
    Writing took     6.645140 ms
    Computation took 308.207350 ms
    Reading took     255.397000 us
  Sample 71...
Starting computation...
    Writing took     6.644106 ms
    Computation took 308.243680 ms
    Reading took     255.196000 us
  Sample 72...
Starting computation...
    Writing took     6.684571 ms
    Computation took 308.026581 ms
    Reading took     390.849000 us
  Sample 73...
Starting computation...
    Writing took     6.958788 ms
    Computation took 308.091626 ms
    Reading took     275.263000 us
  Sample 74...
Starting computation...
    Writing took     7.312512 ms
    Computation took 308.213778 ms
    Reading took     273.236000 us
  Sample 75...
Starting computation...
    Writing took     7.094043 ms
    Computation took 308.176976 ms
    Reading took     273.714000 us
  Sample 76...
Starting computation...
    Writing took     7.099170 ms
    Computation took 308.201793 ms
    Reading took     334.454000 us
  Sample 77...
Starting computation...
    Writing took     10.966454 ms
    Computation took 308.126213 ms
    Reading took     273.222000 us
  Sample 78...
Starting computation...
    Writing took     7.112078 ms
    Computation took 308.470628 ms
    Reading took     272.729000 us
  Sample 79...
Starting computation...
    Writing took     7.112569 ms
    Computation took 308.413734 ms
    Reading took     272.205000 us
  Sample 80...
Starting computation...
    Writing took     7.138877 ms
    Computation took 308.387316 ms
    Reading took     304.536000 us
  Sample 81...
Starting computation...
    Writing took     7.519050 ms
    Computation took 308.198107 ms
    Reading took     275.640000 us
  Sample 82...
Starting computation...
    Writing took     7.147615 ms
    Computation took 308.364776 ms
    Reading took     275.162000 us
  Sample 83...
Starting computation...
    Writing took     8.867846 ms
    Computation took 308.266400 ms
    Reading took     274.920000 us
  Sample 84...
Starting computation...
    Writing took     7.093427 ms
    Computation took 308.305619 ms
    Reading took     270.813000 us
  Sample 85...
Starting computation...
    Writing took     7.107673 ms
    Computation took 308.161886 ms
    Reading took     288.680000 us
  Sample 86...
Starting computation...
    Writing took     7.112310 ms
    Computation took 308.249230 ms
    Reading took     274.306000 us
  Sample 87...
Starting computation...
    Writing took     7.115164 ms
    Computation took 308.361971 ms
    Reading took     262.879000 us
  Sample 88...
Starting computation...
    Writing took     6.911574 ms
    Computation took 308.500237 ms
    Reading took     260.968000 us
  Sample 89...
Starting computation...
    Writing took     6.840046 ms
    Computation took 308.462899 ms
    Reading took     256.025000 us
  Sample 90...
Starting computation...
    Writing took     6.681911 ms
    Computation took 308.339917 ms
    Reading took     262.644000 us
  Sample 91...
Starting computation...
    Writing took     6.858127 ms
    Computation took 308.309028 ms
    Reading took     276.170000 us
  Sample 92...
Starting computation...
    Writing took     7.120764 ms
    Computation took 308.382987 ms
    Reading took     255.676000 us
  Sample 93...
Starting computation...
    Writing took     6.643039 ms
    Computation took 308.421773 ms
    Reading took     309.443000 us
  Sample 94...
Starting computation...
    Writing took     8.777130 ms
    Computation took 308.432820 ms
    Reading took     401.854000 us
  Sample 95...
Starting computation...
    Writing took     8.541238 ms
    Computation took 308.463307 ms
    Reading took     279.876000 us
  Sample 96...
Starting computation...
    Writing took     8.689666 ms
    Computation took 308.645118 ms
    Reading took     270.508000 us
  Sample 97...
Starting computation...
    Writing took     7.137126 ms
    Computation took 308.541757 ms
    Reading took     276.592000 us
  Sample 98...
Starting computation...
    Writing took     7.575255 ms
    Computation took 308.271265 ms
    Reading took     271.503000 us
  Sample 99...
Starting computation...
    Writing took     7.256515 ms
    Computation took 308.407000 ms
    Reading took     289.158000 us
Mean computation time: 307.873687 ms
Mean deviation: 361.248000 us (0.117336%)
Mean computation time (per hash): 3.207017 ms
Mean deviation (per hash): 3.763000 us
