Using device #0: CUDA Device 'GeForce GTX 1080 Ti'
  Sample 0...
Starting computation...
    Writing took     9.787456 ms
    Computation took 256.513049 ms
    Reading took     200.039000 us
  Sample 1...
Starting computation...
    Writing took     5.587532 ms
    Computation took 256.455250 ms
    Reading took     190.137000 us
  Sample 2...
Starting computation...
    Writing took     5.179279 ms
    Computation took 256.433485 ms
    Reading took     209.873000 us
  Sample 3...
Starting computation...
    Writing took     5.929718 ms
    Computation took 256.689894 ms
    Reading took     171.237000 us
  Sample 4...
Starting computation...
    Writing took     4.605051 ms
    Computation took 256.641605 ms
    Reading took     234.981000 us
  Sample 5...
Starting computation...
    Writing took     6.255186 ms
    Computation took 256.620223 ms
    Reading took     170.836000 us
  Sample 6...
Starting computation...
    Writing took     4.615080 ms
    Computation took 256.648506 ms
    Reading took     169.817000 us
  Sample 7...
Starting computation...
    Writing took     4.546841 ms
    Computation took 257.060516 ms
    Reading took     165.591000 us
  Sample 8...
Starting computation...
    Writing took     4.502248 ms
    Computation took 258.032200 ms
    Reading took     199.450000 us
  Sample 9...
Starting computation...
    Writing took     5.443206 ms
    Computation took 260.352645 ms
    Reading took     294.882000 us
  Sample 10...
Starting computation...
    Writing took     8.362079 ms
    Computation took 258.378476 ms
    Reading took     171.731000 us
  Sample 11...
Starting computation...
    Writing took     4.656108 ms
    Computation took 258.742794 ms
    Reading took     221.082000 us
  Sample 12...
Starting computation...
    Writing took     5.631903 ms
    Computation took 259.154488 ms
    Reading took     198.311000 us
  Sample 13...
Starting computation...
    Writing took     5.357270 ms
    Computation took 258.240498 ms
    Reading took     180.585000 us
  Sample 14...
Starting computation...
    Writing took     4.861001 ms
    Computation took 258.123601 ms
    Reading took     207.430000 us
  Sample 15...
Starting computation...
    Writing took     5.228954 ms
    Computation took 259.249777 ms
    Reading took     197.406000 us
  Sample 16...
Starting computation...
    Writing took     5.405392 ms
    Computation took 262.522075 ms
    Reading took     239.313000 us
  Sample 17...
Starting computation...
    Writing took     6.201902 ms
    Computation took 264.360984 ms
    Reading took     252.618000 us
  Sample 18...
Starting computation...
    Writing took     9.260310 ms
    Computation took 262.653912 ms
    Reading took     239.765000 us
  Sample 19...
Starting computation...
    Writing took     6.324339 ms
    Computation took 261.087123 ms
    Reading took     238.790000 us
  Sample 20...
Starting computation...
    Writing took     5.260371 ms
    Computation took 259.810391 ms
    Reading took     211.137000 us
  Sample 21...
Starting computation...
    Writing took     5.820574 ms
    Computation took 258.779897 ms
    Reading took     186.540000 us
  Sample 22...
Starting computation...
    Writing took     5.084241 ms
    Computation took 256.701512 ms
    Reading took     209.939000 us
  Sample 23...
Starting computation...
    Writing took     6.454729 ms
    Computation took 257.018442 ms
    Reading took     211.255000 us
  Sample 24...
Starting computation...
    Writing took     5.498130 ms
    Computation took 256.940166 ms
    Reading took     185.876000 us
  Sample 25...
Starting computation...
    Writing took     5.206819 ms
    Computation took 257.174576 ms
    Reading took     169.551000 us
  Sample 26...
Starting computation...
    Writing took     4.646980 ms
    Computation took 258.436873 ms
    Reading took     168.329000 us
  Sample 27...
Starting computation...
    Writing took     4.818346 ms
    Computation took 258.979732 ms
    Reading took     172.015000 us
  Sample 28...
Starting computation...
    Writing took     4.568683 ms
    Computation took 259.315677 ms
    Reading took     287.278000 us
  Sample 29...
Starting computation...
    Writing took     8.154924 ms
    Computation took 259.157078 ms
    Reading took     270.209000 us
  Sample 30...
Starting computation...
    Writing took     8.192316 ms
    Computation took 258.502721 ms
    Reading took     203.103000 us
  Sample 31...
Starting computation...
    Writing took     5.782552 ms
    Computation took 258.603194 ms
    Reading took     254.545000 us
  Sample 32...
Starting computation...
    Writing took     6.667025 ms
    Computation took 258.550571 ms
    Reading took     392.320000 us
  Sample 33...
Starting computation...
    Writing took     9.855717 ms
    Computation took 258.204669 ms
    Reading took     368.083000 us
  Sample 34...
Starting computation...
    Writing took     9.746485 ms
    Computation took 256.782892 ms
    Reading took     212.817000 us
  Sample 35...
Starting computation...
    Writing took     5.778936 ms
    Computation took 257.013086 ms
    Reading took     256.504000 us
  Sample 36...
Starting computation...
    Writing took     7.155703 ms
    Computation took 257.424484 ms
    Reading took     199.396000 us
  Sample 37...
Starting computation...
    Writing took     5.796986 ms
    Computation took 257.517083 ms
    Reading took     204.381000 us
  Sample 38...
Starting computation...
    Writing took     5.418514 ms
    Computation took 257.437515 ms
    Reading took     276.403000 us
  Sample 39...
Starting computation...
    Writing took     6.377966 ms
    Computation took 256.541046 ms
    Reading took     202.475000 us
  Sample 40...
Starting computation...
    Writing took     5.607919 ms
    Computation took 256.450483 ms
    Reading took     201.844000 us
  Sample 41...
Starting computation...
    Writing took     5.624064 ms
    Computation took 256.673466 ms
    Reading took     188.160000 us
  Sample 42...
Starting computation...
    Writing took     5.421323 ms
    Computation took 256.424288 ms
    Reading took     207.459000 us
  Sample 43...
Starting computation...
    Writing took     5.515347 ms
    Computation took 256.415570 ms
    Reading took     231.254000 us
  Sample 44...
Starting computation...
    Writing took     6.373563 ms
    Computation took 256.683706 ms
    Reading took     224.653000 us
  Sample 45...
Starting computation...
    Writing took     6.344879 ms
    Computation took 256.921833 ms
    Reading took     183.564000 us
  Sample 46...
Starting computation...
    Writing took     5.165306 ms
    Computation took 257.124103 ms
    Reading took     183.915000 us
  Sample 47...
Starting computation...
    Writing took     4.930580 ms
    Computation took 258.393601 ms
    Reading took     248.900000 us
  Sample 48...
Starting computation...
    Writing took     6.940250 ms
    Computation took 258.112661 ms
    Reading took     187.890000 us
  Sample 49...
Starting computation...
    Writing took     4.538218 ms
    Computation took 257.915348 ms
    Reading took     166.154000 us
  Sample 50...
Starting computation...
    Writing took     4.506267 ms
    Computation took 257.515932 ms
    Reading took     214.857000 us
  Sample 51...
Starting computation...
    Writing took     6.055299 ms
    Computation took 257.133674 ms
    Reading took     192.495000 us
  Sample 52...
Starting computation...
    Writing took     6.103708 ms
    Computation took 256.850172 ms
    Reading took     233.254000 us
  Sample 53...
Starting computation...
    Writing took     6.178149 ms
    Computation took 257.041667 ms
    Reading took     210.553000 us
  Sample 54...
Starting computation...
    Writing took     5.697385 ms
    Computation took 258.786716 ms
    Reading took     209.363000 us
  Sample 55...
Starting computation...
    Writing took     5.817945 ms
    Computation took 259.406070 ms
    Reading took     228.144000 us
  Sample 56...
Starting computation...
    Writing took     6.350112 ms
    Computation took 261.337294 ms
    Reading took     226.509000 us
  Sample 57...
Starting computation...
    Writing took     6.985735 ms
    Computation took 264.086421 ms
    Reading took     172.313000 us
  Sample 58...
Starting computation...
    Writing took     4.607283 ms
    Computation took 263.899555 ms
    Reading took     210.821000 us
  Sample 59...
Starting computation...
    Writing took     5.828913 ms
    Computation took 264.034969 ms
    Reading took     227.002000 us
  Sample 60...
Starting computation...
    Writing took     6.322592 ms
    Computation took 264.925040 ms
    Reading took     170.401000 us
  Sample 61...
Starting computation...
    Writing took     4.664516 ms
    Computation took 263.648434 ms
    Reading took     167.661000 us
  Sample 62...
Starting computation...
    Writing took     4.506802 ms
    Computation took 263.694495 ms
    Reading took     228.542000 us
  Sample 63...
Starting computation...
    Writing took     6.374593 ms
    Computation took 263.130244 ms
    Reading took     224.142000 us
  Sample 64...
Starting computation...
    Writing took     6.337099 ms
    Computation took 262.243087 ms
    Reading took     225.751000 us
  Sample 65...
Starting computation...
    Writing took     6.302860 ms
    Computation took 262.033332 ms
    Reading took     186.398000 us
  Sample 66...
Starting computation...
    Writing took     5.106221 ms
    Computation took 261.533243 ms
    Reading took     389.760000 us
  Sample 67...
Starting computation...
    Writing took     10.549096 ms
    Computation took 261.053060 ms
    Reading took     235.249000 us
  Sample 68...
Starting computation...
    Writing took     6.331203 ms
    Computation took 259.597238 ms
    Reading took     226.387000 us
  Sample 69...
Starting computation...
    Writing took     6.255618 ms
    Computation took 260.773962 ms
    Reading took     167.885000 us
  Sample 70...
Starting computation...
    Writing took     4.687802 ms
    Computation took 263.757487 ms
    Reading took     168.197000 us
  Sample 71...
Starting computation...
    Writing took     4.552837 ms
    Computation took 262.903347 ms
    Reading took     181.327000 us
  Sample 72...
Starting computation...
    Writing took     4.390161 ms
    Computation took 261.451965 ms
    Reading took     163.923000 us
  Sample 73...
Starting computation...
    Writing took     4.443832 ms
    Computation took 259.840706 ms
    Reading took     182.799000 us
  Sample 74...
Starting computation...
    Writing took     4.469361 ms
    Computation took 260.308210 ms
    Reading took     372.157000 us
  Sample 75...
Starting computation...
    Writing took     10.728567 ms
    Computation took 257.365946 ms
    Reading took     229.640000 us
  Sample 76...
Starting computation...
    Writing took     6.354115 ms
    Computation took 257.201452 ms
    Reading took     229.016000 us
  Sample 77...
Starting computation...
    Writing took     6.456035 ms
    Computation took 256.907773 ms
    Reading took     198.478000 us
  Sample 78...
Starting computation...
    Writing took     5.352954 ms
    Computation took 257.050041 ms
    Reading took     186.438000 us
  Sample 79...
Starting computation...
    Writing took     5.018798 ms
    Computation took 257.050114 ms
    Reading took     196.913000 us
  Sample 80...
Starting computation...
    Writing took     5.355324 ms
    Computation took 257.635888 ms
    Reading took     169.889000 us
  Sample 81...
Starting computation...
    Writing took     4.577605 ms
    Computation took 258.841736 ms
    Reading took     210.633000 us
  Sample 82...
Starting computation...
    Writing took     5.805004 ms
    Computation took 258.476083 ms
    Reading took     167.441000 us
  Sample 83...
Starting computation...
    Writing took     4.608018 ms
    Computation took 258.498226 ms
    Reading took     166.648000 us
  Sample 84...
Starting computation...
    Writing took     4.577039 ms
    Computation took 258.580527 ms
    Reading took     236.934000 us
  Sample 85...
Starting computation...
    Writing took     6.370906 ms
    Computation took 257.933181 ms
    Reading took     227.076000 us
  Sample 86...
Starting computation...
    Writing took     6.352685 ms
    Computation took 258.545861 ms
    Reading took     226.720000 us
  Sample 87...
Starting computation...
    Writing took     6.353836 ms
    Computation took 261.346423 ms
    Reading took     183.366000 us
  Sample 88...
Starting computation...
    Writing took     5.121904 ms
    Computation took 262.149632 ms
    Reading took     167.352000 us
  Sample 89...
Starting computation...
    Writing took     4.542705 ms
    Computation took 262.632296 ms
    Reading took     166.965000 us
  Sample 90...
Starting computation...
    Writing took     4.561865 ms
    Computation took 262.328081 ms
    Reading took     210.549000 us
  Sample 91...
Starting computation...
    Writing took     5.797628 ms
    Computation took 262.517150 ms
    Reading took     197.659000 us
  Sample 92...
Starting computation...
    Writing took     4.875871 ms
    Computation took 261.342329 ms
    Reading took     210.046000 us
  Sample 93...
Starting computation...
    Writing took     5.848921 ms
    Computation took 261.065882 ms
    Reading took     212.546000 us
  Sample 94...
Starting computation...
    Writing took     5.819954 ms
    Computation took 261.993064 ms
    Reading took     201.985000 us
  Sample 95...
Starting computation...
    Writing took     5.503997 ms
    Computation took 260.084633 ms
    Reading took     196.844000 us
  Sample 96...
Starting computation...
    Writing took     5.425989 ms
    Computation took 260.417585 ms
    Reading took     228.146000 us
  Sample 97...
Starting computation...
    Writing took     6.384243 ms
    Computation took 264.439958 ms
    Reading took     225.200000 us
  Sample 98...
Starting computation...
    Writing took     6.318305 ms
    Computation took 264.233204 ms
    Reading took     216.460000 us
  Sample 99...
Starting computation...
    Writing took     5.803934 ms
    Computation took 262.533857 ms
    Reading took     226.420000 us
Mean computation time: 259.361250 ms
Mean deviation: 2.128812 ms (0.82079%)
Mean computation time (per hash): 3.325143 ms
Mean deviation (per hash): 27.292000 us
