Using device #0: CUDA Device 'GeForce GTX 1080 Ti'
  Sample 0...
Starting computation...
    Writing took     4.524458 ms
    Computation took 230.448454 ms
    Reading took     181.556000 us
  Sample 1...
Starting computation...
    Writing took     4.530744 ms
    Computation took 230.406997 ms
    Reading took     266.603000 us
  Sample 2...
Starting computation...
    Writing took     7.455220 ms
    Computation took 230.385604 ms
    Reading took     177.949000 us
  Sample 3...
Starting computation...
    Writing took     4.491432 ms
    Computation took 230.413553 ms
    Reading took     178.525000 us
  Sample 4...
Starting computation...
    Writing took     4.545561 ms
    Computation took 230.402353 ms
    Reading took     143.401000 us
  Sample 5...
Starting computation...
    Writing took     3.517439 ms
    Computation took 230.354500 ms
    Reading took     277.598000 us
  Sample 6...
Starting computation...
    Writing took     7.343453 ms
    Computation took 230.330030 ms
    Reading took     144.933000 us
  Sample 7...
Starting computation...
    Writing took     3.611900 ms
    Computation took 230.312201 ms
    Reading took     146.489000 us
  Sample 8...
Starting computation...
    Writing took     3.881721 ms
    Computation took 230.380188 ms
    Reading took     166.053000 us
  Sample 9...
Starting computation...
    Writing took     3.905895 ms
    Computation took 230.364436 ms
    Reading took     136.801000 us
  Sample 10...
Starting computation...
    Writing took     3.523676 ms
    Computation took 230.339950 ms
    Reading took     138.279000 us
  Sample 11...
Starting computation...
    Writing took     3.740722 ms
    Computation took 230.409558 ms
    Reading took     132.115000 us
  Sample 12...
Starting computation...
    Writing took     3.509648 ms
    Computation took 230.372688 ms
    Reading took     130.614000 us
  Sample 13...
Starting computation...
    Writing took     3.397563 ms
    Computation took 230.351133 ms
    Reading took     130.673000 us
  Sample 14...
Starting computation...
    Writing took     3.448772 ms
    Computation took 230.366151 ms
    Reading took     240.616000 us
  Sample 15...
Starting computation...
    Writing took     6.632024 ms
    Computation took 230.450878 ms
    Reading took     179.675000 us
  Sample 16...
Starting computation...
    Writing took     4.845026 ms
    Computation took 230.356911 ms
    Reading took     180.133000 us
  Sample 17...
Starting computation...
    Writing took     4.875824 ms
    Computation took 230.505227 ms
    Reading took     139.648000 us
  Sample 18...
Starting computation...
    Writing took     3.845690 ms
    Computation took 230.386847 ms
    Reading took     161.732000 us
  Sample 19...
Starting computation...
    Writing took     4.364533 ms
    Computation took 230.359692 ms
    Reading took     145.550000 us
  Sample 20...
Starting computation...
    Writing took     3.845835 ms
    Computation took 230.374041 ms
    Reading took     144.271000 us
  Sample 21...
Starting computation...
    Writing took     3.814736 ms
    Computation took 230.389629 ms
    Reading took     154.179000 us
  Sample 22...
Starting computation...
    Writing took     4.088267 ms
    Computation took 230.401900 ms
    Reading took     154.558000 us
  Sample 23...
Starting computation...
    Writing took     3.957860 ms
    Computation took 230.354935 ms
    Reading took     154.870000 us
  Sample 24...
Starting computation...
    Writing took     4.091881 ms
    Computation took 230.440503 ms
    Reading took     141.190000 us
  Sample 25...
Starting computation...
    Writing took     3.797470 ms
    Computation took 230.351377 ms
    Reading took     148.784000 us
  Sample 26...
Starting computation...
    Writing took     3.894700 ms
    Computation took 230.479574 ms
    Reading took     151.918000 us
  Sample 27...
Starting computation...
    Writing took     3.987337 ms
    Computation took 230.762870 ms
    Reading took     148.310000 us
  Sample 28...
Starting computation...
    Writing took     4.000521 ms
    Computation took 230.785397 ms
    Reading took     150.596000 us
  Sample 29...
Starting computation...
    Writing took     3.933815 ms
    Computation took 230.753245 ms
    Reading took     139.026000 us
  Sample 30...
Starting computation...
    Writing took     3.415823 ms
    Computation took 230.779344 ms
    Reading took     162.415000 us
  Sample 31...
Starting computation...
    Writing took     4.433346 ms
    Computation took 230.739754 ms
    Reading took     165.463000 us
  Sample 32...
Starting computation...
    Writing took     4.448069 ms
    Computation took 230.772276 ms
    Reading took     132.483000 us
  Sample 33...
Starting computation...
    Writing took     3.433805 ms
    Computation took 230.818774 ms
    Reading took     131.969000 us
  Sample 34...
Starting computation...
    Writing took     3.443098 ms
    Computation took 230.744373 ms
    Reading took     140.730000 us
  Sample 35...
Starting computation...
    Writing took     3.686847 ms
    Computation took 230.860368 ms
    Reading took     133.952000 us
  Sample 36...
Starting computation...
    Writing took     3.669034 ms
    Computation took 230.765723 ms
    Reading took     138.763000 us
  Sample 37...
Starting computation...
    Writing took     3.812176 ms
    Computation took 230.769014 ms
    Reading took     133.046000 us
  Sample 38...
Starting computation...
    Writing took     3.484071 ms
    Computation took 230.803212 ms
    Reading took     137.238000 us
  Sample 39...
Starting computation...
    Writing took     3.707290 ms
    Computation took 230.792468 ms
    Reading took     132.777000 us
  Sample 40...
Starting computation...
    Writing took     3.526361 ms
    Computation took 230.690487 ms
    Reading took     189.387000 us
  Sample 41...
Starting computation...
    Writing took     3.862606 ms
    Computation took 230.738737 ms
    Reading took     144.718000 us
  Sample 42...
Starting computation...
    Writing took     3.864160 ms
    Computation took 230.732564 ms
    Reading took     139.629000 us
  Sample 43...
Starting computation...
    Writing took     3.720316 ms
    Computation took 230.764549 ms
    Reading took     144.624000 us
  Sample 44...
Starting computation...
    Writing took     3.698694 ms
    Computation took 230.897489 ms
    Reading took     278.138000 us
  Sample 45...
Starting computation...
    Writing took     7.439243 ms
    Computation took 230.793726 ms
    Reading took     176.520000 us
  Sample 46...
Starting computation...
    Writing took     4.875301 ms
    Computation took 230.754469 ms
    Reading took     176.800000 us
  Sample 47...
Starting computation...
    Writing took     4.855416 ms
    Computation took 230.796391 ms
    Reading took     133.758000 us
  Sample 48...
Starting computation...
    Writing took     3.637900 ms
    Computation took 230.802964 ms
    Reading took     133.279000 us
  Sample 49...
Starting computation...
    Writing took     3.478880 ms
    Computation took 230.752509 ms
    Reading took     131.850000 us
  Sample 50...
Starting computation...
    Writing took     3.545680 ms
    Computation took 230.841649 ms
    Reading took     147.599000 us
  Sample 51...
Starting computation...
    Writing took     4.089232 ms
    Computation took 230.812402 ms
    Reading took     140.076000 us
  Sample 52...
Starting computation...
    Writing took     3.712370 ms
    Computation took 230.810169 ms
    Reading took     285.323000 us
  Sample 53...
Starting computation...
    Writing took     7.716240 ms
    Computation took 230.800794 ms
    Reading took     178.354000 us
  Sample 54...
Starting computation...
    Writing took     4.872243 ms
    Computation took 230.862682 ms
    Reading took     179.808000 us
  Sample 55...
Starting computation...
    Writing took     4.863081 ms
    Computation took 230.829611 ms
    Reading took     145.822000 us
  Sample 56...
Starting computation...
    Writing took     3.912960 ms
    Computation took 230.772585 ms
    Reading took     145.186000 us
  Sample 57...
Starting computation...
    Writing took     3.691824 ms
    Computation took 230.765438 ms
    Reading took     163.933000 us
  Sample 58...
Starting computation...
    Writing took     4.463743 ms
    Computation took 230.726860 ms
    Reading took     164.057000 us
  Sample 59...
Starting computation...
    Writing took     4.485138 ms
    Computation took 230.781357 ms
    Reading took     165.126000 us
  Sample 60...
Starting computation...
    Writing took     4.493420 ms
    Computation took 231.102133 ms
    Reading took     173.319000 us
  Sample 61...
Starting computation...
    Writing took     4.490961 ms
    Computation took 231.353878 ms
    Reading took     168.154000 us
  Sample 62...
Starting computation...
    Writing took     4.469812 ms
    Computation took 231.261805 ms
    Reading took     165.304000 us
  Sample 63...
Starting computation...
    Writing took     4.555167 ms
    Computation took 231.329436 ms
    Reading took     165.105000 us
  Sample 64...
Starting computation...
    Writing took     4.477352 ms
    Computation took 231.310262 ms
    Reading took     162.650000 us
  Sample 65...
Starting computation...
    Writing took     4.490373 ms
    Computation took 231.256089 ms
    Reading took     163.183000 us
  Sample 66...
Starting computation...
    Writing took     4.476005 ms
    Computation took 231.254538 ms
    Reading took     163.327000 us
  Sample 67...
Starting computation...
    Writing took     4.477331 ms
    Computation took 231.327579 ms
    Reading took     164.670000 us
  Sample 68...
Starting computation...
    Writing took     4.488108 ms
    Computation took 231.234347 ms
    Reading took     163.178000 us
  Sample 69...
Starting computation...
    Writing took     5.377624 ms
    Computation took 231.303780 ms
    Reading took     163.981000 us
  Sample 70...
Starting computation...
    Writing took     4.485579 ms
    Computation took 231.309634 ms
    Reading took     171.224000 us
  Sample 71...
Starting computation...
    Writing took     4.485172 ms
    Computation took 231.305401 ms
    Reading took     163.561000 us
  Sample 72...
Starting computation...
    Writing took     4.483855 ms
    Computation took 231.302425 ms
    Reading took     163.216000 us
  Sample 73...
Starting computation...
    Writing took     4.463274 ms
    Computation took 231.282044 ms
    Reading took     131.925000 us
  Sample 74...
Starting computation...
    Writing took     3.529552 ms
    Computation took 231.201115 ms
    Reading took     132.672000 us
  Sample 75...
Starting computation...
    Writing took     3.450595 ms
    Computation took 231.224968 ms
    Reading took     129.979000 us
  Sample 76...
Starting computation...
    Writing took     3.437820 ms
    Computation took 231.253447 ms
    Reading took     137.313000 us
  Sample 77...
Starting computation...
    Writing took     3.665073 ms
    Computation took 231.226399 ms
    Reading took     142.181000 us
  Sample 78...
Starting computation...
    Writing took     3.708014 ms
    Computation took 231.276755 ms
    Reading took     144.471000 us
  Sample 79...
Starting computation...
    Writing took     3.835493 ms
    Computation took 231.205169 ms
    Reading took     160.511000 us
  Sample 80...
Starting computation...
    Writing took     3.598535 ms
    Computation took 231.264545 ms
    Reading took     136.906000 us
  Sample 81...
Starting computation...
    Writing took     3.664741 ms
    Computation took 231.319778 ms
    Reading took     139.564000 us
  Sample 82...
Starting computation...
    Writing took     3.817758 ms
    Computation took 231.269847 ms
    Reading took     177.722000 us
  Sample 83...
Starting computation...
    Writing took     5.256904 ms
    Computation took 231.382466 ms
    Reading took     129.662000 us
  Sample 84...
Starting computation...
    Writing took     3.450091 ms
    Computation took 231.288548 ms
    Reading took     145.216000 us
  Sample 85...
Starting computation...
    Writing took     3.868059 ms
    Computation took 231.094200 ms
    Reading took     155.220000 us
  Sample 86...
Starting computation...
    Writing took     4.818833 ms
    Computation took 231.325353 ms
    Reading took     144.627000 us
  Sample 87...
Starting computation...
    Writing took     3.838575 ms
    Computation took 231.139116 ms
    Reading took     141.904000 us
  Sample 88...
Starting computation...
    Writing took     3.712134 ms
    Computation took 231.236348 ms
    Reading took     146.618000 us
  Sample 89...
Starting computation...
    Writing took     4.002724 ms
    Computation took 231.308092 ms
    Reading took     149.535000 us
  Sample 90...
Starting computation...
    Writing took     3.972503 ms
    Computation took 231.271488 ms
    Reading took     144.206000 us
  Sample 91...
Starting computation...
    Writing took     3.982687 ms
    Computation took 232.179848 ms
    Reading took     177.724000 us
  Sample 92...
Starting computation...
    Writing took     4.883349 ms
    Computation took 232.037642 ms
    Reading took     176.862000 us
  Sample 93...
Starting computation...
    Writing took     4.865519 ms
    Computation took 232.146841 ms
    Reading took     163.434000 us
  Sample 94...
Starting computation...
    Writing took     4.454011 ms
    Computation took 232.102723 ms
    Reading took     163.066000 us
  Sample 95...
Starting computation...
    Writing took     4.478323 ms
    Computation took 232.043010 ms
    Reading took     163.580000 us
  Sample 96...
Starting computation...
    Writing took     4.478022 ms
    Computation took 232.110767 ms
    Reading took     165.200000 us
  Sample 97...
Starting computation...
    Writing took     4.455163 ms
    Computation took 232.131740 ms
    Reading took     162.883000 us
  Sample 98...
Starting computation...
    Writing took     4.452294 ms
    Computation took 232.065993 ms
    Reading took     173.306000 us
  Sample 99...
Starting computation...
    Writing took     3.514298 ms
    Computation took 232.053334 ms
    Reading took     237.750000 us
Mean computation time: 230.944564 ms
Mean deviation: 406.206000 us (0.175889%)
Mean computation time (per hash): 3.849075 ms
Mean deviation (per hash): 6.770000 us
