Using device #0: CUDA Device 'GeForce GTX 1080 Ti'
  Sample 0...
Starting computation...
    Writing took     7.370588 ms
    Computation took 255.334685 ms
    Reading took     204.548000 us
  Sample 1...
Starting computation...
    Writing took     4.874531 ms
    Computation took 255.637192 ms
    Reading took     226.582000 us
  Sample 2...
Starting computation...
    Writing took     6.210070 ms
    Computation took 255.850403 ms
    Reading took     182.857000 us
  Sample 3...
Starting computation...
    Writing took     5.053173 ms
    Computation took 256.070399 ms
    Reading took     182.046000 us
  Sample 4...
Starting computation...
    Writing took     4.879001 ms
    Computation took 256.110484 ms
    Reading took     225.851000 us
  Sample 5...
Starting computation...
    Writing took     6.259381 ms
    Computation took 256.149169 ms
    Reading took     225.406000 us
  Sample 6...
Starting computation...
    Writing took     6.284644 ms
    Computation took 256.119307 ms
    Reading took     176.029000 us
  Sample 7...
Starting computation...
    Writing took     5.181041 ms
    Computation took 256.041502 ms
    Reading took     207.853000 us
  Sample 8...
Starting computation...
    Writing took     5.693471 ms
    Computation took 256.261476 ms
    Reading took     194.587000 us
  Sample 9...
Starting computation...
    Writing took     5.347194 ms
    Computation took 256.098477 ms
    Reading took     234.009000 us
  Sample 10...
Starting computation...
    Writing took     6.269668 ms
    Computation took 256.162013 ms
    Reading took     224.362000 us
  Sample 11...
Starting computation...
    Writing took     6.236483 ms
    Computation took 256.197375 ms
    Reading took     200.678000 us
  Sample 12...
Starting computation...
    Writing took     5.375279 ms
    Computation took 256.116671 ms
    Reading took     249.642000 us
  Sample 13...
Starting computation...
    Writing took     6.157140 ms
    Computation took 256.095473 ms
    Reading took     208.033000 us
  Sample 14...
Starting computation...
    Writing took     5.719903 ms
    Computation took 256.087156 ms
    Reading took     228.023000 us
  Sample 15...
Starting computation...
    Writing took     8.223118 ms
    Computation took 256.246968 ms
    Reading took     340.039000 us
  Sample 16...
Starting computation...
    Writing took     5.629406 ms
    Computation took 256.195915 ms
    Reading took     187.464000 us
  Sample 17...
Starting computation...
    Writing took     5.039413 ms
    Computation took 256.073227 ms
    Reading took     183.661000 us
  Sample 18...
Starting computation...
    Writing took     4.951229 ms
    Computation took 256.080035 ms
    Reading took     196.304000 us
  Sample 19...
Starting computation...
    Writing took     5.259679 ms
    Computation took 256.146586 ms
    Reading took     212.834000 us
  Sample 20...
Starting computation...
    Writing took     6.082141 ms
    Computation took 256.157453 ms
    Reading took     222.970000 us
  Sample 21...
Starting computation...
    Writing took     5.887202 ms
    Computation took 256.185234 ms
    Reading took     225.247000 us
  Sample 22...
Starting computation...
    Writing took     6.220490 ms
    Computation took 256.145206 ms
    Reading took     226.445000 us
  Sample 23...
Starting computation...
    Writing took     6.239561 ms
    Computation took 256.088904 ms
    Reading took     219.096000 us
  Sample 24...
Starting computation...
    Writing took     5.515690 ms
    Computation took 256.134793 ms
    Reading took     226.086000 us
  Sample 25...
Starting computation...
    Writing took     6.227365 ms
    Computation took 256.144982 ms
    Reading took     223.497000 us
  Sample 26...
Starting computation...
    Writing took     7.418422 ms
    Computation took 256.228120 ms
    Reading took     295.238000 us
  Sample 27...
Starting computation...
    Writing took     6.226420 ms
    Computation took 256.187425 ms
    Reading took     196.526000 us
  Sample 28...
Starting computation...
    Writing took     5.753788 ms
    Computation took 256.196300 ms
    Reading took     210.134000 us
  Sample 29...
Starting computation...
    Writing took     6.721121 ms
    Computation took 256.191638 ms
    Reading took     299.219000 us
  Sample 30...
Starting computation...
    Writing took     6.348418 ms
    Computation took 256.205420 ms
    Reading took     167.803000 us
  Sample 31...
Starting computation...
    Writing took     4.430513 ms
    Computation took 256.128349 ms
    Reading took     202.003000 us
  Sample 32...
Starting computation...
    Writing took     5.691593 ms
    Computation took 256.117906 ms
    Reading took     178.616000 us
  Sample 33...
Starting computation...
    Writing took     4.767557 ms
    Computation took 256.123633 ms
    Reading took     178.326000 us
  Sample 34...
Starting computation...
    Writing took     4.719677 ms
    Computation took 256.131054 ms
    Reading took     167.872000 us
  Sample 35...
Starting computation...
    Writing took     4.432996 ms
    Computation took 256.142036 ms
    Reading took     324.941000 us
  Sample 36...
Starting computation...
    Writing took     9.583540 ms
    Computation took 256.085401 ms
    Reading took     236.500000 us
  Sample 37...
Starting computation...
    Writing took     6.995141 ms
    Computation took 256.225779 ms
    Reading took     225.500000 us
  Sample 38...
Starting computation...
    Writing took     6.291428 ms
    Computation took 256.244141 ms
    Reading took     228.609000 us
  Sample 39...
Starting computation...
    Writing took     6.223625 ms
    Computation took 256.277405 ms
    Reading took     195.306000 us
  Sample 40...
Starting computation...
    Writing took     5.259919 ms
    Computation took 256.150741 ms
    Reading took     177.826000 us
  Sample 41...
Starting computation...
    Writing took     4.811180 ms
    Computation took 256.325815 ms
    Reading took     200.474000 us
  Sample 42...
Starting computation...
    Writing took     5.478250 ms
    Computation took 256.197177 ms
    Reading took     320.305000 us
  Sample 43...
Starting computation...
    Writing took     8.868694 ms
    Computation took 256.316628 ms
    Reading took     224.991000 us
  Sample 44...
Starting computation...
    Writing took     6.225374 ms
    Computation took 256.141019 ms
    Reading took     226.167000 us
  Sample 45...
Starting computation...
    Writing took     6.241056 ms
    Computation took 256.171671 ms
    Reading took     187.856000 us
  Sample 46...
Starting computation...
    Writing took     4.922854 ms
    Computation took 256.122942 ms
    Reading took     167.423000 us
  Sample 47...
Starting computation...
    Writing took     4.464041 ms
    Computation took 256.101521 ms
    Reading took     176.920000 us
  Sample 48...
Starting computation...
    Writing took     4.770599 ms
    Computation took 256.297483 ms
    Reading took     178.882000 us
  Sample 49...
Starting computation...
    Writing took     4.836808 ms
    Computation took 256.383446 ms
    Reading took     189.524000 us
  Sample 50...
Starting computation...
    Writing took     5.969512 ms
    Computation took 256.285541 ms
    Reading took     187.186000 us
  Sample 51...
Starting computation...
    Writing took     5.184056 ms
    Computation took 256.362354 ms
    Reading took     211.288000 us
  Sample 52...
Starting computation...
    Writing took     5.720779 ms
    Computation took 256.304515 ms
    Reading took     166.968000 us
  Sample 53...
Starting computation...
    Writing took     4.501678 ms
    Computation took 256.626385 ms
    Reading took     212.379000 us
  Sample 54...
Starting computation...
    Writing took     5.446033 ms
    Computation took 256.252966 ms
    Reading took     209.448000 us
  Sample 55...
Starting computation...
    Writing took     5.160221 ms
    Computation took 256.486256 ms
    Reading took     208.335000 us
  Sample 56...
Starting computation...
    Writing took     5.623907 ms
    Computation took 256.225751 ms
    Reading took     210.281000 us
  Sample 57...
Starting computation...
    Writing took     4.887301 ms
    Computation took 256.777021 ms
    Reading took     208.006000 us
  Sample 58...
Starting computation...
    Writing took     5.687305 ms
    Computation took 256.331790 ms
    Reading took     225.198000 us
  Sample 59...
Starting computation...
    Writing took     6.222099 ms
    Computation took 256.360806 ms
    Reading took     224.571000 us
  Sample 60...
Starting computation...
    Writing took     6.232524 ms
    Computation took 256.404281 ms
    Reading took     227.693000 us
  Sample 61...
Starting computation...
    Writing took     6.271260 ms
    Computation took 256.422764 ms
    Reading took     208.720000 us
  Sample 62...
Starting computation...
    Writing took     5.708888 ms
    Computation took 256.421682 ms
    Reading took     167.592000 us
  Sample 63...
Starting computation...
    Writing took     4.473614 ms
    Computation took 256.325976 ms
    Reading took     182.867000 us
  Sample 64...
Starting computation...
    Writing took     4.840526 ms
    Computation took 256.338763 ms
    Reading took     199.779000 us
  Sample 65...
Starting computation...
    Writing took     5.312239 ms
    Computation took 256.470274 ms
    Reading took     173.368000 us
  Sample 66...
Starting computation...
    Writing took     4.421535 ms
    Computation took 256.430407 ms
    Reading took     232.224000 us
  Sample 67...
Starting computation...
    Writing took     5.991121 ms
    Computation took 256.446122 ms
    Reading took     183.498000 us
  Sample 68...
Starting computation...
    Writing took     4.961245 ms
    Computation took 256.627704 ms
    Reading took     200.446000 us
  Sample 69...
Starting computation...
    Writing took     5.487589 ms
    Computation took 256.989715 ms
    Reading took     215.126000 us
  Sample 70...
Starting computation...
    Writing took     5.705842 ms
    Computation took 257.028917 ms
    Reading took     207.270000 us
  Sample 71...
Starting computation...
    Writing took     5.692691 ms
    Computation took 257.313435 ms
    Reading took     194.844000 us
  Sample 72...
Starting computation...
    Writing took     5.306740 ms
    Computation took 257.055608 ms
    Reading took     199.520000 us
  Sample 73...
Starting computation...
    Writing took     5.458304 ms
    Computation took 257.585869 ms
    Reading took     265.122000 us
  Sample 74...
Starting computation...
    Writing took     5.705489 ms
    Computation took 258.975126 ms
    Reading took     241.427000 us
  Sample 75...
Starting computation...
    Writing took     7.617464 ms
    Computation took 257.896560 ms
    Reading took     208.530000 us
  Sample 76...
Starting computation...
    Writing took     5.735286 ms
    Computation took 258.300625 ms
    Reading took     206.647000 us
  Sample 77...
Starting computation...
    Writing took     5.788077 ms
    Computation took 258.455813 ms
    Reading took     228.778000 us
  Sample 78...
Starting computation...
    Writing took     7.125234 ms
    Computation took 258.351679 ms
    Reading took     177.801000 us
  Sample 79...
Starting computation...
    Writing took     4.853259 ms
    Computation took 258.173937 ms
    Reading took     276.554000 us
  Sample 80...
Starting computation...
    Writing took     7.034377 ms
    Computation took 259.314095 ms
    Reading took     236.984000 us
  Sample 81...
Starting computation...
    Writing took     6.306498 ms
    Computation took 261.894065 ms
    Reading took     209.606000 us
  Sample 82...
Starting computation...
    Writing took     4.537359 ms
    Computation took 260.542962 ms
    Reading took     312.120000 us
  Sample 83...
Starting computation...
    Writing took     6.834194 ms
    Computation took 260.198418 ms
    Reading took     218.995000 us
  Sample 84...
Starting computation...
    Writing took     5.747474 ms
    Computation took 259.021030 ms
    Reading took     288.836000 us
  Sample 85...
Starting computation...
    Writing took     7.539704 ms
    Computation took 257.721972 ms
    Reading took     220.316000 us
  Sample 86...
Starting computation...
    Writing took     5.771584 ms
    Computation took 256.852266 ms
    Reading took     194.748000 us
  Sample 87...
Starting computation...
    Writing took     4.489779 ms
    Computation took 256.489196 ms
    Reading took     180.245000 us
  Sample 88...
Starting computation...
    Writing took     4.495956 ms
    Computation took 256.611767 ms
    Reading took     180.187000 us
  Sample 89...
Starting computation...
    Writing took     4.515874 ms
    Computation took 256.522815 ms
    Reading took     231.350000 us
  Sample 90...
Starting computation...
    Writing took     5.752959 ms
    Computation took 256.566550 ms
    Reading took     221.595000 us
  Sample 91...
Starting computation...
    Writing took     5.733337 ms
    Computation took 256.435262 ms
    Reading took     224.220000 us
  Sample 92...
Starting computation...
    Writing took     5.979201 ms
    Computation took 256.514322 ms
    Reading took     207.234000 us
  Sample 93...
Starting computation...
    Writing took     5.704565 ms
    Computation took 256.509683 ms
    Reading took     220.260000 us
  Sample 94...
Starting computation...
    Writing took     5.590422 ms
    Computation took 256.565072 ms
    Reading took     178.121000 us
  Sample 95...
Starting computation...
    Writing took     4.597266 ms
    Computation took 257.387172 ms
    Reading took     169.594000 us
  Sample 96...
Starting computation...
    Writing took     4.605130 ms
    Computation took 258.484923 ms
    Reading took     208.436000 us
  Sample 97...
Starting computation...
    Writing took     5.708990 ms
    Computation took 259.441424 ms
    Reading took     206.436000 us
  Sample 98...
Starting computation...
    Writing took     5.700329 ms
    Computation took 259.347862 ms
    Reading took     223.960000 us
  Sample 99...
Starting computation...
    Writing took     6.258282 ms
    Computation took 259.501987 ms
    Reading took     167.749000 us
Mean computation time: 256.765756 ms
Mean deviation: 804.686000 us (0.313393%)
Mean computation time (per hash): 3.334619 ms
Mean deviation (per hash): 10.450000 us
