Using device #0: CUDA Device 'GeForce GTX 1080 Ti'
  Sample 0...
Starting computation...
    Writing took     1.805556 ms
    Computation took 176.914587 ms
    Reading took     51.245000 us
  Sample 1...
Starting computation...
    Writing took     1.211743 ms
    Computation took 177.025108 ms
    Reading took     46.721000 us
  Sample 2...
Starting computation...
    Writing took     1.161288 ms
    Computation took 176.893851 ms
    Reading took     63.933000 us
  Sample 3...
Starting computation...
    Writing took     1.527209 ms
    Computation took 176.934332 ms
    Reading took     59.308000 us
  Sample 4...
Starting computation...
    Writing took     1.552431 ms
    Computation took 176.806227 ms
    Reading took     59.174000 us
  Sample 5...
Starting computation...
    Writing took     1.530378 ms
    Computation took 176.779464 ms
    Reading took     43.278000 us
  Sample 6...
Starting computation...
    Writing took     1.132565 ms
    Computation took 176.828952 ms
    Reading took     42.547000 us
  Sample 7...
Starting computation...
    Writing took     1.074524 ms
    Computation took 176.793213 ms
    Reading took     44.916000 us
  Sample 8...
Starting computation...
    Writing took     1.120047 ms
    Computation took 176.791815 ms
    Reading took     42.540000 us
  Sample 9...
Starting computation...
    Writing took     1.073863 ms
    Computation took 176.902479 ms
    Reading took     43.649000 us
  Sample 10...
Starting computation...
    Writing took     1.137876 ms
    Computation took 176.836881 ms
    Reading took     46.530000 us
  Sample 11...
Starting computation...
    Writing took     1.191771 ms
    Computation took 176.795571 ms
    Reading took     45.763000 us
  Sample 12...
Starting computation...
    Writing took     1.200991 ms
    Computation took 176.738012 ms
    Reading took     43.351000 us
  Sample 13...
Starting computation...
    Writing took     1.074793 ms
    Computation took 176.784249 ms
    Reading took     43.818000 us
  Sample 14...
Starting computation...
    Writing took     1.180254 ms
    Computation took 176.906303 ms
    Reading took     83.344000 us
  Sample 15...
Starting computation...
    Writing took     2.401936 ms
    Computation took 176.903880 ms
    Reading took     78.260000 us
  Sample 16...
Starting computation...
    Writing took     2.003340 ms
    Computation took 176.798305 ms
    Reading took     53.921000 us
  Sample 17...
Starting computation...
    Writing took     1.201983 ms
    Computation took 176.762830 ms
    Reading took     49.676000 us
  Sample 18...
Starting computation...
    Writing took     1.130881 ms
    Computation took 176.986725 ms
    Reading took     53.026000 us
  Sample 19...
Starting computation...
    Writing took     1.187213 ms
    Computation took 176.941731 ms
    Reading took     60.881000 us
  Sample 20...
Starting computation...
    Writing took     1.469333 ms
    Computation took 176.822695 ms
    Reading took     59.512000 us
  Sample 21...
Starting computation...
    Writing took     1.456524 ms
    Computation took 176.926816 ms
    Reading took     60.751000 us
  Sample 22...
Starting computation...
    Writing took     1.460299 ms
    Computation took 176.772392 ms
    Reading took     60.837000 us
  Sample 23...
Starting computation...
    Writing took     1.454647 ms
    Computation took 176.856256 ms
    Reading took     86.777000 us
  Sample 24...
Starting computation...
    Writing took     2.399442 ms
    Computation took 176.789675 ms
    Reading took     69.591000 us
  Sample 25...
Starting computation...
    Writing took     1.474195 ms
    Computation took 176.871397 ms
    Reading took     68.764000 us
  Sample 26...
Starting computation...
    Writing took     1.651202 ms
    Computation took 176.896504 ms
    Reading took     100.410000 us
  Sample 27...
Starting computation...
    Writing took     2.807065 ms
    Computation took 176.870986 ms
    Reading took     65.466000 us
  Sample 28...
Starting computation...
    Writing took     1.268744 ms
    Computation took 176.885752 ms
    Reading took     46.199000 us
  Sample 29...
Starting computation...
    Writing took     1.227843 ms
    Computation took 176.740956 ms
    Reading took     50.511000 us
  Sample 30...
Starting computation...
    Writing took     1.244613 ms
    Computation took 176.818759 ms
    Reading took     51.456000 us
  Sample 31...
Starting computation...
    Writing took     1.301098 ms
    Computation took 177.043269 ms
    Reading took     47.756000 us
  Sample 32...
Starting computation...
    Writing took     1.231229 ms
    Computation took 176.900899 ms
    Reading took     46.905000 us
  Sample 33...
Starting computation...
    Writing took     1.282733 ms
    Computation took 176.902685 ms
    Reading took     47.919000 us
  Sample 34...
Starting computation...
    Writing took     1.219976 ms
    Computation took 176.722664 ms
    Reading took     52.055000 us
  Sample 35...
Starting computation...
    Writing took     1.276839 ms
    Computation took 176.759015 ms
    Reading took     47.844000 us
  Sample 36...
Starting computation...
    Writing took     1.218859 ms
    Computation took 176.826501 ms
    Reading took     52.623000 us
  Sample 37...
Starting computation...
    Writing took     1.315384 ms
    Computation took 176.904362 ms
    Reading took     49.992000 us
  Sample 38...
Starting computation...
    Writing took     1.276469 ms
    Computation took 176.732401 ms
    Reading took     63.554000 us
  Sample 39...
Starting computation...
    Writing took     1.229059 ms
    Computation took 176.903295 ms
    Reading took     47.461000 us
  Sample 40...
Starting computation...
    Writing took     1.191381 ms
    Computation took 176.723820 ms
    Reading took     48.547000 us
  Sample 41...
Starting computation...
    Writing took     1.263574 ms
    Computation took 176.757190 ms
    Reading took     44.422000 us
  Sample 42...
Starting computation...
    Writing took     1.119150 ms
    Computation took 176.922824 ms
    Reading took     83.394000 us
  Sample 43...
Starting computation...
    Writing took     2.464128 ms
    Computation took 176.874309 ms
    Reading took     55.683000 us
  Sample 44...
Starting computation...
    Writing took     1.428938 ms
    Computation took 176.886546 ms
    Reading took     55.720000 us
  Sample 45...
Starting computation...
    Writing took     1.430053 ms
    Computation took 176.877764 ms
    Reading took     55.586000 us
  Sample 46...
Starting computation...
    Writing took     1.426697 ms
    Computation took 176.902529 ms
    Reading took     54.850000 us
  Sample 47...
Starting computation...
    Writing took     1.432980 ms
    Computation took 176.843170 ms
    Reading took     44.964000 us
  Sample 48...
Starting computation...
    Writing took     1.116995 ms
    Computation took 176.839752 ms
    Reading took     44.752000 us
  Sample 49...
Starting computation...
    Writing took     1.209586 ms
    Computation took 176.716053 ms
    Reading took     42.796000 us
  Sample 50...
Starting computation...
    Writing took     1.074136 ms
    Computation took 176.884778 ms
    Reading took     45.247000 us
  Sample 51...
Starting computation...
    Writing took     1.184175 ms
    Computation took 176.809704 ms
    Reading took     42.780000 us
  Sample 52...
Starting computation...
    Writing took     1.074404 ms
    Computation took 176.704475 ms
    Reading took     44.619000 us
  Sample 53...
Starting computation...
    Writing took     1.173600 ms
    Computation took 176.754489 ms
    Reading took     46.437000 us
  Sample 54...
Starting computation...
    Writing took     1.182267 ms
    Computation took 176.758741 ms
    Reading took     43.030000 us
  Sample 55...
Starting computation...
    Writing took     1.130335 ms
    Computation took 176.800096 ms
    Reading took     43.974000 us
  Sample 56...
Starting computation...
    Writing took     1.114510 ms
    Computation took 176.795478 ms
    Reading took     42.105000 us
  Sample 57...
Starting computation...
    Writing took     1.132866 ms
    Computation took 176.708958 ms
    Reading took     43.460000 us
  Sample 58...
Starting computation...
    Writing took     1.088948 ms
    Computation took 176.764109 ms
    Reading took     45.915000 us
  Sample 59...
Starting computation...
    Writing took     1.166330 ms
    Computation took 176.843981 ms
    Reading took     44.934000 us
  Sample 60...
Starting computation...
    Writing took     1.115375 ms
    Computation took 176.934754 ms
    Reading took     43.401000 us
  Sample 61...
Starting computation...
    Writing took     1.104475 ms
    Computation took 176.859003 ms
    Reading took     48.797000 us
  Sample 62...
Starting computation...
    Writing took     1.222747 ms
    Computation took 177.040510 ms
    Reading took     47.733000 us
  Sample 63...
Starting computation...
    Writing took     1.191772 ms
    Computation took 176.847864 ms
    Reading took     100.163000 us
  Sample 64...
Starting computation...
    Writing took     2.748268 ms
    Computation took 176.853735 ms
    Reading took     46.053000 us
  Sample 65...
Starting computation...
    Writing took     1.154749 ms
    Computation took 176.885594 ms
    Reading took     50.830000 us
  Sample 66...
Starting computation...
    Writing took     1.266228 ms
    Computation took 176.915036 ms
    Reading took     47.713000 us
  Sample 67...
Starting computation...
    Writing took     1.191435 ms
    Computation took 176.783656 ms
    Reading took     46.905000 us
  Sample 68...
Starting computation...
    Writing took     1.167347 ms
    Computation took 176.828564 ms
    Reading took     44.923000 us
  Sample 69...
Starting computation...
    Writing took     1.147699 ms
    Computation took 176.886037 ms
    Reading took     49.134000 us
  Sample 70...
Starting computation...
    Writing took     1.198561 ms
    Computation took 176.735472 ms
    Reading took     43.112000 us
  Sample 71...
Starting computation...
    Writing took     1.087356 ms
    Computation took 176.803548 ms
    Reading took     45.079000 us
  Sample 72...
Starting computation...
    Writing took     1.115628 ms
    Computation took 176.979881 ms
    Reading took     44.180000 us
  Sample 73...
Starting computation...
    Writing took     1.116232 ms
    Computation took 177.069165 ms
    Reading took     45.088000 us
  Sample 74...
Starting computation...
    Writing took     1.086040 ms
    Computation took 176.982067 ms
    Reading took     42.783000 us
  Sample 75...
Starting computation...
    Writing took     1.104389 ms
    Computation took 176.950476 ms
    Reading took     46.488000 us
  Sample 76...
Starting computation...
    Writing took     1.191547 ms
    Computation took 176.964031 ms
    Reading took     44.350000 us
  Sample 77...
Starting computation...
    Writing took     1.100407 ms
    Computation took 176.997412 ms
    Reading took     44.090000 us
  Sample 78...
Starting computation...
    Writing took     1.093205 ms
    Computation took 176.952626 ms
    Reading took     43.547000 us
  Sample 79...
Starting computation...
    Writing took     1.138208 ms
    Computation took 177.077414 ms
    Reading took     44.612000 us
  Sample 80...
Starting computation...
    Writing took     1.114726 ms
    Computation took 176.955208 ms
    Reading took     63.262000 us
  Sample 81...
Starting computation...
    Writing took     1.129560 ms
    Computation took 177.031775 ms
    Reading took     46.464000 us
  Sample 82...
Starting computation...
    Writing took     1.189669 ms
    Computation took 177.027131 ms
    Reading took     55.365000 us
  Sample 83...
Starting computation...
    Writing took     1.424975 ms
    Computation took 176.927008 ms
    Reading took     87.537000 us
  Sample 84...
Starting computation...
    Writing took     2.422371 ms
    Computation took 177.082950 ms
    Reading took     54.350000 us
  Sample 85...
Starting computation...
    Writing took     1.435468 ms
    Computation took 177.140845 ms
    Reading took     71.580000 us
  Sample 86...
Starting computation...
    Writing took     2.127984 ms
    Computation took 176.933899 ms
    Reading took     55.572000 us
  Sample 87...
Starting computation...
    Writing took     1.430813 ms
    Computation took 176.958429 ms
    Reading took     54.069000 us
  Sample 88...
Starting computation...
    Writing took     1.440600 ms
    Computation took 176.993790 ms
    Reading took     54.130000 us
  Sample 89...
Starting computation...
    Writing took     1.421598 ms
    Computation took 176.988825 ms
    Reading took     118.377000 us
  Sample 90...
Starting computation...
    Writing took     2.284164 ms
    Computation took 177.046968 ms
    Reading took     55.520000 us
  Sample 91...
Starting computation...
    Writing took     1.469132 ms
    Computation took 176.977658 ms
    Reading took     55.148000 us
  Sample 92...
Starting computation...
    Writing took     1.428682 ms
    Computation took 176.984039 ms
    Reading took     48.008000 us
  Sample 93...
Starting computation...
    Writing took     1.077624 ms
    Computation took 176.987907 ms
    Reading took     44.797000 us
  Sample 94...
Starting computation...
    Writing took     1.112285 ms
    Computation took 177.052509 ms
    Reading took     43.845000 us
  Sample 95...
Starting computation...
    Writing took     1.102038 ms
    Computation took 176.935784 ms
    Reading took     45.538000 us
  Sample 96...
Starting computation...
    Writing took     1.179765 ms
    Computation took 176.980151 ms
    Reading took     44.399000 us
  Sample 97...
Starting computation...
    Writing took     1.115829 ms
    Computation took 176.922898 ms
    Reading took     43.480000 us
  Sample 98...
Starting computation...
    Writing took     1.114118 ms
    Computation took 176.951567 ms
    Reading took     48.542000 us
  Sample 99...
Starting computation...
    Writing took     1.231458 ms
    Computation took 177.117706 ms
    Reading took     45.441000 us
Mean computation time: 176.885844 ms
Mean deviation: 83.342000 us (0.0471163%)
Mean computation time (per hash): 9.309780 ms
Mean deviation (per hash): 4.386000 us
