Using device #0: CUDA Device 'GeForce GTX 1080 Ti'
  Sample 0...
Starting computation...
    Writing took     5.380734 ms
    Computation took 203.126586 ms
    Reading took     126.836000 us
  Sample 1...
Starting computation...
    Writing took     3.244124 ms
    Computation took 203.010911 ms
    Reading took     123.168000 us
  Sample 2...
Starting computation...
    Writing took     3.263692 ms
    Computation took 203.025174 ms
    Reading took     120.904000 us
  Sample 3...
Starting computation...
    Writing took     3.255329 ms
    Computation took 202.996798 ms
    Reading took     92.145000 us
  Sample 4...
Starting computation...
    Writing took     2.323814 ms
    Computation took 203.016911 ms
    Reading took     120.001000 us
  Sample 5...
Starting computation...
    Writing took     2.974003 ms
    Computation took 203.027756 ms
    Reading took     122.267000 us
  Sample 6...
Starting computation...
    Writing took     3.003600 ms
    Computation took 203.020702 ms
    Reading took     122.239000 us
  Sample 7...
Starting computation...
    Writing took     3.259336 ms
    Computation took 202.993389 ms
    Reading took     120.209000 us
  Sample 8...
Starting computation...
    Writing took     3.229719 ms
    Computation took 202.963920 ms
    Reading took     97.732000 us
  Sample 9...
Starting computation...
    Writing took     2.599863 ms
    Computation took 202.978584 ms
    Reading took     98.226000 us
  Sample 10...
Starting computation...
    Writing took     2.488862 ms
    Computation took 202.915020 ms
    Reading took     101.660000 us
  Sample 11...
Starting computation...
    Writing took     2.649049 ms
    Computation took 202.929572 ms
    Reading took     101.217000 us
  Sample 12...
Starting computation...
    Writing took     2.622739 ms
    Computation took 203.028101 ms
    Reading took     98.722000 us
  Sample 13...
Starting computation...
    Writing took     2.436607 ms
    Computation took 202.977381 ms
    Reading took     108.335000 us
  Sample 14...
Starting computation...
    Writing took     2.530431 ms
    Computation took 202.960722 ms
    Reading took     113.630000 us
  Sample 15...
Starting computation...
    Writing took     2.978901 ms
    Computation took 203.000375 ms
    Reading took     113.118000 us
  Sample 16...
Starting computation...
    Writing took     3.008127 ms
    Computation took 203.049127 ms
    Reading took     126.136000 us
  Sample 17...
Starting computation...
    Writing took     3.254339 ms
    Computation took 203.011986 ms
    Reading took     120.727000 us
  Sample 18...
Starting computation...
    Writing took     3.302604 ms
    Computation took 202.940339 ms
    Reading took     90.028000 us
  Sample 19...
Starting computation...
    Writing took     2.319912 ms
    Computation took 202.960735 ms
    Reading took     95.642000 us
  Sample 20...
Starting computation...
    Writing took     2.526004 ms
    Computation took 203.029733 ms
    Reading took     99.822000 us
  Sample 21...
Starting computation...
    Writing took     2.375325 ms
    Computation took 202.982293 ms
    Reading took     87.262000 us
  Sample 22...
Starting computation...
    Writing took     2.257637 ms
    Computation took 202.981710 ms
    Reading took     96.478000 us
  Sample 23...
Starting computation...
    Writing took     2.536805 ms
    Computation took 203.026896 ms
    Reading took     95.016000 us
  Sample 24...
Starting computation...
    Writing took     2.469457 ms
    Computation took 202.983176 ms
    Reading took     184.837000 us
  Sample 25...
Starting computation...
    Writing took     4.870065 ms
    Computation took 202.997036 ms
    Reading took     120.738000 us
  Sample 26...
Starting computation...
    Writing took     3.008847 ms
    Computation took 203.049818 ms
    Reading took     121.120000 us
  Sample 27...
Starting computation...
    Writing took     2.975911 ms
    Computation took 202.972847 ms
    Reading took     122.774000 us
  Sample 28...
Starting computation...
    Writing took     2.998213 ms
    Computation took 202.972746 ms
    Reading took     120.560000 us
  Sample 29...
Starting computation...
    Writing took     2.788619 ms
    Computation took 203.011051 ms
    Reading took     121.613000 us
  Sample 30...
Starting computation...
    Writing took     3.044858 ms
    Computation took 203.037532 ms
    Reading took     125.562000 us
  Sample 31...
Starting computation...
    Writing took     3.268484 ms
    Computation took 202.945219 ms
    Reading took     122.260000 us
  Sample 32...
Starting computation...
    Writing took     3.262398 ms
    Computation took 203.048315 ms
    Reading took     123.695000 us
  Sample 33...
Starting computation...
    Writing took     3.297285 ms
    Computation took 202.920029 ms
    Reading took     97.581000 us
  Sample 34...
Starting computation...
    Writing took     2.412581 ms
    Computation took 202.911285 ms
    Reading took     183.730000 us
  Sample 35...
Starting computation...
    Writing took     5.066048 ms
    Computation took 203.067838 ms
    Reading took     113.422000 us
  Sample 36...
Starting computation...
    Writing took     3.032831 ms
    Computation took 203.012120 ms
    Reading took     112.964000 us
  Sample 37...
Starting computation...
    Writing took     3.000826 ms
    Computation took 202.932980 ms
    Reading took     112.249000 us
  Sample 38...
Starting computation...
    Writing took     3.093616 ms
    Computation took 202.999600 ms
    Reading took     113.167000 us
  Sample 39...
Starting computation...
    Writing took     3.001708 ms
    Computation took 203.040467 ms
    Reading took     121.894000 us
  Sample 40...
Starting computation...
    Writing took     3.075802 ms
    Computation took 203.018151 ms
    Reading took     114.690000 us
  Sample 41...
Starting computation...
    Writing took     2.991525 ms
    Computation took 202.962986 ms
    Reading took     112.946000 us
  Sample 42...
Starting computation...
    Writing took     3.036030 ms
    Computation took 202.986631 ms
    Reading took     113.241000 us
  Sample 43...
Starting computation...
    Writing took     3.026044 ms
    Computation took 202.992386 ms
    Reading took     223.281000 us
  Sample 44...
Starting computation...
    Writing took     5.537444 ms
    Computation took 203.054484 ms
    Reading took     187.523000 us
  Sample 45...
Starting computation...
    Writing took     4.934566 ms
    Computation took 203.032252 ms
    Reading took     120.153000 us
  Sample 46...
Starting computation...
    Writing took     2.970191 ms
    Computation took 202.913712 ms
    Reading took     117.005000 us
  Sample 47...
Starting computation...
    Writing took     2.971286 ms
    Computation took 203.012143 ms
    Reading took     125.609000 us
  Sample 48...
Starting computation...
    Writing took     2.960914 ms
    Computation took 202.982878 ms
    Reading took     120.109000 us
  Sample 49...
Starting computation...
    Writing took     3.005253 ms
    Computation took 202.957556 ms
    Reading took     120.541000 us
  Sample 50...
Starting computation...
    Writing took     2.964819 ms
    Computation took 202.936823 ms
    Reading took     119.900000 us
  Sample 51...
Starting computation...
    Writing took     3.000894 ms
    Computation took 202.996181 ms
    Reading took     117.754000 us
  Sample 52...
Starting computation...
    Writing took     2.924642 ms
    Computation took 203.040662 ms
    Reading took     118.257000 us
  Sample 53...
Starting computation...
    Writing took     2.938635 ms
    Computation took 203.010679 ms
    Reading took     119.845000 us
  Sample 54...
Starting computation...
    Writing took     2.966754 ms
    Computation took 202.962749 ms
    Reading took     114.910000 us
  Sample 55...
Starting computation...
    Writing took     3.023070 ms
    Computation took 203.072972 ms
    Reading took     118.773000 us
  Sample 56...
Starting computation...
    Writing took     2.907095 ms
    Computation took 203.001319 ms
    Reading took     122.442000 us
  Sample 57...
Starting computation...
    Writing took     2.941111 ms
    Computation took 202.914249 ms
    Reading took     119.046000 us
  Sample 58...
Starting computation...
    Writing took     2.973699 ms
    Computation took 202.995094 ms
    Reading took     139.093000 us
  Sample 59...
Starting computation...
    Writing took     2.971025 ms
    Computation took 203.038883 ms
    Reading took     120.460000 us
  Sample 60...
Starting computation...
    Writing took     3.013692 ms
    Computation took 203.005890 ms
    Reading took     123.730000 us
  Sample 61...
Starting computation...
    Writing took     2.927618 ms
    Computation took 203.018726 ms
    Reading took     119.960000 us
  Sample 62...
Starting computation...
    Writing took     2.944072 ms
    Computation took 203.026526 ms
    Reading took     121.085000 us
  Sample 63...
Starting computation...
    Writing took     2.961680 ms
    Computation took 203.016165 ms
    Reading took     147.496000 us
  Sample 64...
Starting computation...
    Writing took     4.098730 ms
    Computation took 202.966582 ms
    Reading took     101.619000 us
  Sample 65...
Starting computation...
    Writing took     2.380298 ms
    Computation took 202.967147 ms
    Reading took     99.012000 us
  Sample 66...
Starting computation...
    Writing took     2.384373 ms
    Computation took 202.958925 ms
    Reading took     101.641000 us
  Sample 67...
Starting computation...
    Writing took     2.355315 ms
    Computation took 202.968904 ms
    Reading took     102.880000 us
  Sample 68...
Starting computation...
    Writing took     2.505582 ms
    Computation took 202.967269 ms
    Reading took     97.642000 us
  Sample 69...
Starting computation...
    Writing took     2.440827 ms
    Computation took 202.983918 ms
    Reading took     101.823000 us
  Sample 70...
Starting computation...
    Writing took     2.370272 ms
    Computation took 202.987636 ms
    Reading took     97.809000 us
  Sample 71...
Starting computation...
    Writing took     2.445357 ms
    Computation took 202.984499 ms
    Reading took     105.726000 us
  Sample 72...
Starting computation...
    Writing took     2.468244 ms
    Computation took 203.064789 ms
    Reading took     107.156000 us
  Sample 73...
Starting computation...
    Writing took     2.515596 ms
    Computation took 202.979571 ms
    Reading took     191.504000 us
  Sample 74...
Starting computation...
    Writing took     4.131461 ms
    Computation took 203.049103 ms
    Reading took     129.157000 us
  Sample 75...
Starting computation...
    Writing took     3.265324 ms
    Computation took 202.975728 ms
    Reading took     128.185000 us
  Sample 76...
Starting computation...
    Writing took     3.274179 ms
    Computation took 202.954673 ms
    Reading took     117.740000 us
  Sample 77...
Starting computation...
    Writing took     2.979580 ms
    Computation took 203.447326 ms
    Reading took     105.339000 us
  Sample 78...
Starting computation...
    Writing took     2.382646 ms
    Computation took 203.734449 ms
    Reading took     101.274000 us
  Sample 79...
Starting computation...
    Writing took     2.294773 ms
    Computation took 203.736046 ms
    Reading took     97.727000 us
  Sample 80...
Starting computation...
    Writing took     2.351400 ms
    Computation took 203.742339 ms
    Reading took     95.817000 us
  Sample 81...
Starting computation...
    Writing took     2.260031 ms
    Computation took 203.721685 ms
    Reading took     104.139000 us
  Sample 82...
Starting computation...
    Writing took     2.475872 ms
    Computation took 203.731802 ms
    Reading took     103.379000 us
  Sample 83...
Starting computation...
    Writing took     2.430241 ms
    Computation took 203.754075 ms
    Reading took     105.293000 us
  Sample 84...
Starting computation...
    Writing took     2.603097 ms
    Computation took 203.736350 ms
    Reading took     109.082000 us
  Sample 85...
Starting computation...
    Writing took     2.612258 ms
    Computation took 203.732084 ms
    Reading took     112.326000 us
  Sample 86...
Starting computation...
    Writing took     2.591348 ms
    Computation took 203.762010 ms
    Reading took     112.682000 us
  Sample 87...
Starting computation...
    Writing took     2.836597 ms
    Computation took 203.799084 ms
    Reading took     192.110000 us
  Sample 88...
Starting computation...
    Writing took     4.968592 ms
    Computation took 203.783587 ms
    Reading took     118.904000 us
  Sample 89...
Starting computation...
    Writing took     3.000680 ms
    Computation took 203.796094 ms
    Reading took     120.273000 us
  Sample 90...
Starting computation...
    Writing took     2.995060 ms
    Computation took 203.766920 ms
    Reading took     119.950000 us
  Sample 91...
Starting computation...
    Writing took     2.973502 ms
    Computation took 203.797213 ms
    Reading took     120.096000 us
  Sample 92...
Starting computation...
    Writing took     2.981884 ms
    Computation took 203.765135 ms
    Reading took     181.816000 us
  Sample 93...
Starting computation...
    Writing took     5.097062 ms
    Computation took 203.805311 ms
    Reading took     119.613000 us
  Sample 94...
Starting computation...
    Writing took     2.984435 ms
    Computation took 203.795333 ms
    Reading took     119.126000 us
  Sample 95...
Starting computation...
    Writing took     3.016610 ms
    Computation took 203.738794 ms
    Reading took     120.015000 us
  Sample 96...
Starting computation...
    Writing took     3.017821 ms
    Computation took 203.776413 ms
    Reading took     120.440000 us
  Sample 97...
Starting computation...
    Writing took     2.960487 ms
    Computation took 203.797205 ms
    Reading took     119.446000 us
  Sample 98...
Starting computation...
    Writing took     2.985298 ms
    Computation took 203.781610 ms
    Reading took     118.749000 us
  Sample 99...
Starting computation...
    Writing took     3.007482 ms
    Computation took 203.750700 ms
    Reading took     118.354000 us
Mean computation time: 203.168671 ms
Mean deviation: 267.441000 us (0.131635%)
Mean computation time (per hash): 5.079216 ms
Mean deviation (per hash): 6.685000 us
