Using device #0: CUDA Device 'GeForce GTX 1080 Ti'
  Sample 0...
Starting computation...
    Writing took     2.556681 ms
    Computation took 181.197874 ms
    Reading took     98.553000 us
  Sample 1...
Starting computation...
    Writing took     2.517799 ms
    Computation took 181.170178 ms
    Reading took     75.923000 us
  Sample 2...
Starting computation...
    Writing took     1.956506 ms
    Computation took 181.159440 ms
    Reading took     84.829000 us
  Sample 3...
Starting computation...
    Writing took     2.112966 ms
    Computation took 181.253757 ms
    Reading took     81.748000 us
  Sample 4...
Starting computation...
    Writing took     2.180025 ms
    Computation took 181.124511 ms
    Reading took     86.588000 us
  Sample 5...
Starting computation...
    Writing took     2.416452 ms
    Computation took 181.212088 ms
    Reading took     92.775000 us
  Sample 6...
Starting computation...
    Writing took     2.554886 ms
    Computation took 181.215106 ms
    Reading took     93.794000 us
  Sample 7...
Starting computation...
    Writing took     2.555370 ms
    Computation took 181.158797 ms
    Reading took     94.603000 us
  Sample 8...
Starting computation...
    Writing took     2.590701 ms
    Computation took 181.162714 ms
    Reading took     116.679000 us
  Sample 9...
Starting computation...
    Writing took     3.680754 ms
    Computation took 181.160766 ms
    Reading took     93.632000 us
  Sample 10...
Starting computation...
    Writing took     2.557962 ms
    Computation took 181.175618 ms
    Reading took     92.207000 us
  Sample 11...
Starting computation...
    Writing took     2.524495 ms
    Computation took 181.202853 ms
    Reading took     94.096000 us
  Sample 12...
Starting computation...
    Writing took     2.520763 ms
    Computation took 181.146131 ms
    Reading took     95.656000 us
  Sample 13...
Starting computation...
    Writing took     2.562368 ms
    Computation took 181.138739 ms
    Reading took     93.922000 us
  Sample 14...
Starting computation...
    Writing took     2.501961 ms
    Computation took 181.149851 ms
    Reading took     92.944000 us
  Sample 15...
Starting computation...
    Writing took     2.551889 ms
    Computation took 181.153117 ms
    Reading took     92.643000 us
  Sample 16...
Starting computation...
    Writing took     2.542168 ms
    Computation took 181.177261 ms
    Reading took     91.810000 us
  Sample 17...
Starting computation...
    Writing took     2.510797 ms
    Computation took 181.129572 ms
    Reading took     91.725000 us
  Sample 18...
Starting computation...
    Writing took     2.605490 ms
    Computation took 181.178288 ms
    Reading took     142.761000 us
  Sample 19...
Starting computation...
    Writing took     3.863614 ms
    Computation took 181.186616 ms
    Reading took     121.149000 us
  Sample 20...
Starting computation...
    Writing took     3.140596 ms
    Computation took 181.306157 ms
    Reading took     150.176000 us
  Sample 21...
Starting computation...
    Writing took     4.061294 ms
    Computation took 181.824954 ms
    Reading took     102.316000 us
  Sample 22...
Starting computation...
    Writing took     2.565539 ms
    Computation took 181.805781 ms
    Reading took     99.856000 us
  Sample 23...
Starting computation...
    Writing took     2.581130 ms
    Computation took 181.772206 ms
    Reading took     87.179000 us
  Sample 24...
Starting computation...
    Writing took     2.075550 ms
    Computation took 181.736622 ms
    Reading took     84.207000 us
  Sample 25...
Starting computation...
    Writing took     2.068381 ms
    Computation took 181.802160 ms
    Reading took     81.405000 us
  Sample 26...
Starting computation...
    Writing took     1.992366 ms
    Computation took 181.777951 ms
    Reading took     80.192000 us
  Sample 27...
Starting computation...
    Writing took     1.915500 ms
    Computation took 181.768072 ms
    Reading took     98.227000 us
  Sample 28...
Starting computation...
    Writing took     2.039883 ms
    Computation took 181.772641 ms
    Reading took     86.059000 us
  Sample 29...
Starting computation...
    Writing took     2.191808 ms
    Computation took 181.761916 ms
    Reading took     84.148000 us
  Sample 30...
Starting computation...
    Writing took     2.083899 ms
    Computation took 181.750991 ms
    Reading took     88.236000 us
  Sample 31...
Starting computation...
    Writing took     2.082093 ms
    Computation took 181.739526 ms
    Reading took     86.497000 us
  Sample 32...
Starting computation...
    Writing took     2.143917 ms
    Computation took 181.764726 ms
    Reading took     82.786000 us
  Sample 33...
Starting computation...
    Writing took     1.991484 ms
    Computation took 181.735800 ms
    Reading took     79.037000 us
  Sample 34...
Starting computation...
    Writing took     1.908567 ms
    Computation took 181.817723 ms
    Reading took     85.979000 us
  Sample 35...
Starting computation...
    Writing took     2.056318 ms
    Computation took 181.774323 ms
    Reading took     88.176000 us
  Sample 36...
Starting computation...
    Writing took     2.181493 ms
    Computation took 181.753106 ms
    Reading took     83.876000 us
  Sample 37...
Starting computation...
    Writing took     1.944411 ms
    Computation took 181.790074 ms
    Reading took     88.723000 us
  Sample 38...
Starting computation...
    Writing took     2.083628 ms
    Computation took 181.771945 ms
    Reading took     86.568000 us
  Sample 39...
Starting computation...
    Writing took     2.101756 ms
    Computation took 181.819070 ms
    Reading took     80.520000 us
  Sample 40...
Starting computation...
    Writing took     1.909499 ms
    Computation took 181.771938 ms
    Reading took     86.913000 us
  Sample 41...
Starting computation...
    Writing took     2.091903 ms
    Computation took 181.780384 ms
    Reading took     87.745000 us
  Sample 42...
Starting computation...
    Writing took     2.105421 ms
    Computation took 181.805572 ms
    Reading took     180.082000 us
  Sample 43...
Starting computation...
    Writing took     4.931956 ms
    Computation took 181.842956 ms
    Reading took     118.300000 us
  Sample 44...
Starting computation...
    Writing took     2.745293 ms
    Computation took 181.821770 ms
    Reading took     107.230000 us
  Sample 45...
Starting computation...
    Writing took     2.755035 ms
    Computation took 181.743134 ms
    Reading took     87.890000 us
  Sample 46...
Starting computation...
    Writing took     2.165770 ms
    Computation took 181.791271 ms
    Reading took     87.780000 us
  Sample 47...
Starting computation...
    Writing took     2.112126 ms
    Computation took 181.795337 ms
    Reading took     96.263000 us
  Sample 48...
Starting computation...
    Writing took     2.309084 ms
    Computation took 181.779829 ms
    Reading took     81.888000 us
  Sample 49...
Starting computation...
    Writing took     1.995431 ms
    Computation took 181.857176 ms
    Reading took     80.847000 us
  Sample 50...
Starting computation...
    Writing took     1.930995 ms
    Computation took 181.815225 ms
    Reading took     89.195000 us
  Sample 51...
Starting computation...
    Writing took     2.139629 ms
    Computation took 181.806118 ms
    Reading took     100.886000 us
  Sample 52...
Starting computation...
    Writing took     2.138340 ms
    Computation took 181.740674 ms
    Reading took     88.445000 us
  Sample 53...
Starting computation...
    Writing took     1.968368 ms
    Computation took 181.832924 ms
    Reading took     101.494000 us
  Sample 54...
Starting computation...
    Writing took     2.625284 ms
    Computation took 181.811664 ms
    Reading took     103.404000 us
  Sample 55...
Starting computation...
    Writing took     2.591402 ms
    Computation took 181.801661 ms
    Reading took     99.952000 us
  Sample 56...
Starting computation...
    Writing took     2.579495 ms
    Computation took 181.814676 ms
    Reading took     99.918000 us
  Sample 57...
Starting computation...
    Writing took     2.567240 ms
    Computation took 181.788615 ms
    Reading took     126.040000 us
  Sample 58...
Starting computation...
    Writing took     3.363571 ms
    Computation took 181.817764 ms
    Reading took     94.219000 us
  Sample 59...
Starting computation...
    Writing took     2.518432 ms
    Computation took 181.839792 ms
    Reading took     84.638000 us
  Sample 60...
Starting computation...
    Writing took     1.981833 ms
    Computation took 181.782222 ms
    Reading took     87.055000 us
  Sample 61...
Starting computation...
    Writing took     2.051153 ms
    Computation took 181.766280 ms
    Reading took     84.132000 us
  Sample 62...
Starting computation...
    Writing took     1.983461 ms
    Computation took 181.814579 ms
    Reading took     79.993000 us
  Sample 63...
Starting computation...
    Writing took     1.908926 ms
    Computation took 181.789575 ms
    Reading took     85.682000 us
  Sample 64...
Starting computation...
    Writing took     2.061984 ms
    Computation took 181.813716 ms
    Reading took     110.056000 us
  Sample 65...
Starting computation...
    Writing took     2.788937 ms
    Computation took 181.788582 ms
    Reading took     85.323000 us
  Sample 66...
Starting computation...
    Writing took     1.973964 ms
    Computation took 181.785390 ms
    Reading took     81.074000 us
  Sample 67...
Starting computation...
    Writing took     1.910404 ms
    Computation took 181.781516 ms
    Reading took     88.704000 us
  Sample 68...
Starting computation...
    Writing took     2.139782 ms
    Computation took 181.734555 ms
    Reading took     80.910000 us
  Sample 69...
Starting computation...
    Writing took     1.967147 ms
    Computation took 181.802724 ms
    Reading took     80.072000 us
  Sample 70...
Starting computation...
    Writing took     1.908223 ms
    Computation took 181.770492 ms
    Reading took     87.537000 us
  Sample 71...
Starting computation...
    Writing took     2.197408 ms
    Computation took 181.770096 ms
    Reading took     87.667000 us
  Sample 72...
Starting computation...
    Writing took     2.195924 ms
    Computation took 181.794330 ms
    Reading took     82.295000 us
  Sample 73...
Starting computation...
    Writing took     1.979003 ms
    Computation took 181.800860 ms
    Reading took     85.065000 us
  Sample 74...
Starting computation...
    Writing took     2.060646 ms
    Computation took 181.823742 ms
    Reading took     83.887000 us
  Sample 75...
Starting computation...
    Writing took     1.943186 ms
    Computation took 181.782789 ms
    Reading took     82.636000 us
  Sample 76...
Starting computation...
    Writing took     1.979347 ms
    Computation took 181.795387 ms
    Reading took     79.523000 us
  Sample 77...
Starting computation...
    Writing took     1.908103 ms
    Computation took 181.798430 ms
    Reading took     82.920000 us
  Sample 78...
Starting computation...
    Writing took     1.976086 ms
    Computation took 181.782810 ms
    Reading took     81.878000 us
  Sample 79...
Starting computation...
    Writing took     1.973870 ms
    Computation took 181.787966 ms
    Reading took     83.015000 us
  Sample 80...
Starting computation...
    Writing took     1.920597 ms
    Computation took 181.820721 ms
    Reading took     95.008000 us
  Sample 81...
Starting computation...
    Writing took     2.528159 ms
    Computation took 181.787573 ms
    Reading took     93.865000 us
  Sample 82...
Starting computation...
    Writing took     2.521848 ms
    Computation took 181.826908 ms
    Reading took     92.716000 us
  Sample 83...
Starting computation...
    Writing took     2.521717 ms
    Computation took 181.806630 ms
    Reading took     143.547000 us
  Sample 84...
Starting computation...
    Writing took     2.580590 ms
    Computation took 181.818214 ms
    Reading took     94.553000 us
  Sample 85...
Starting computation...
    Writing took     2.599089 ms
    Computation took 181.834736 ms
    Reading took     85.456000 us
  Sample 86...
Starting computation...
    Writing took     1.990342 ms
    Computation took 181.758738 ms
    Reading took     73.492000 us
  Sample 87...
Starting computation...
    Writing took     1.918249 ms
    Computation took 181.765711 ms
    Reading took     78.313000 us
  Sample 88...
Starting computation...
    Writing took     2.051028 ms
    Computation took 181.755359 ms
    Reading took     80.072000 us
  Sample 89...
Starting computation...
    Writing took     2.150619 ms
    Computation took 181.800021 ms
    Reading took     74.619000 us
  Sample 90...
Starting computation...
    Writing took     1.917483 ms
    Computation took 181.775694 ms
    Reading took     94.717000 us
  Sample 91...
Starting computation...
    Writing took     2.572859 ms
    Computation took 181.769360 ms
    Reading took     97.497000 us
  Sample 92...
Starting computation...
    Writing took     2.557736 ms
    Computation took 181.878948 ms
    Reading took     94.642000 us
  Sample 93...
Starting computation...
    Writing took     2.551998 ms
    Computation took 182.040180 ms
    Reading took     92.886000 us
  Sample 94...
Starting computation...
    Writing took     2.535613 ms
    Computation took 182.599784 ms
    Reading took     162.675000 us
  Sample 95...
Starting computation...
    Writing took     4.201515 ms
    Computation took 182.659038 ms
    Reading took     93.629000 us
  Sample 96...
Starting computation...
    Writing took     2.520876 ms
    Computation took 182.563217 ms
    Reading took     96.160000 us
  Sample 97...
Starting computation...
    Writing took     2.551223 ms
    Computation took 182.579180 ms
    Reading took     93.426000 us
  Sample 98...
Starting computation...
    Writing took     2.543433 ms
    Computation took 182.527098 ms
    Reading took     94.846000 us
  Sample 99...
Starting computation...
    Writing took     2.511862 ms
    Computation took 182.533611 ms
    Reading took     94.402000 us
Mean computation time: 181.712242 ms
Mean deviation: 223.953000 us (0.123246%)
Mean computation time (per hash): 5.506431 ms
Mean deviation (per hash): 6.786000 us
