Using device #0: CUDA Device 'GeForce GTX 1080 Ti'
  Sample 0...
Starting computation...
    Writing took     5.621170 ms
    Computation took 225.275968 ms
    Reading took     142.331000 us
  Sample 1...
Starting computation...
    Writing took     3.689864 ms
    Computation took 227.129175 ms
    Reading took     137.299000 us
  Sample 2...
Starting computation...
    Writing took     3.660308 ms
    Computation took 224.844657 ms
    Reading took     137.053000 us
  Sample 3...
Starting computation...
    Writing took     3.686235 ms
    Computation took 224.784962 ms
    Reading took     114.715000 us
  Sample 4...
Starting computation...
    Writing took     2.907849 ms
    Computation took 224.960643 ms
    Reading took     108.883000 us
  Sample 5...
Starting computation...
    Writing took     2.717681 ms
    Computation took 224.981167 ms
    Reading took     113.197000 us
  Sample 6...
Starting computation...
    Writing took     2.897369 ms
    Computation took 225.038452 ms
    Reading took     139.313000 us
  Sample 7...
Starting computation...
    Writing took     3.403731 ms
    Computation took 224.741723 ms
    Reading took     130.789000 us
  Sample 8...
Starting computation...
    Writing took     3.395804 ms
    Computation took 224.902625 ms
    Reading took     187.845000 us
  Sample 9...
Starting computation...
    Writing took     5.513404 ms
    Computation took 224.715355 ms
    Reading took     129.817000 us
  Sample 10...
Starting computation...
    Writing took     3.407497 ms
    Computation took 224.606597 ms
    Reading took     200.345000 us
  Sample 11...
Starting computation...
    Writing took     5.558651 ms
    Computation took 224.770112 ms
    Reading took     206.332000 us
  Sample 12...
Starting computation...
    Writing took     4.773227 ms
    Computation took 224.680872 ms
    Reading took     133.100000 us
  Sample 13...
Starting computation...
    Writing took     3.409312 ms
    Computation took 224.890327 ms
    Reading took     128.587000 us
  Sample 14...
Starting computation...
    Writing took     3.434458 ms
    Computation took 224.718658 ms
    Reading took     106.027000 us
  Sample 15...
Starting computation...
    Writing took     2.654503 ms
    Computation took 224.620032 ms
    Reading took     112.798000 us
  Sample 16...
Starting computation...
    Writing took     2.871840 ms
    Computation took 224.713560 ms
    Reading took     120.847000 us
  Sample 17...
Starting computation...
    Writing took     3.056549 ms
    Computation took 224.770395 ms
    Reading took     114.123000 us
  Sample 18...
Starting computation...
    Writing took     2.826972 ms
    Computation took 224.856526 ms
    Reading took     129.069000 us
  Sample 19...
Starting computation...
    Writing took     3.385366 ms
    Computation took 224.843520 ms
    Reading took     138.831000 us
  Sample 20...
Starting computation...
    Writing took     4.260661 ms
    Computation took 224.971013 ms
    Reading took     97.137000 us
  Sample 21...
Starting computation...
    Writing took     2.649110 ms
    Computation took 224.733986 ms
    Reading took     103.480000 us
  Sample 22...
Starting computation...
    Writing took     2.771675 ms
    Computation took 224.541779 ms
    Reading took     103.946000 us
  Sample 23...
Starting computation...
    Writing took     2.852632 ms
    Computation took 224.902602 ms
    Reading took     109.264000 us
  Sample 24...
Starting computation...
    Writing took     3.040264 ms
    Computation took 224.991502 ms
    Reading took     184.084000 us
  Sample 25...
Starting computation...
    Writing took     4.961505 ms
    Computation took 224.880820 ms
    Reading took     119.557000 us
  Sample 26...
Starting computation...
    Writing took     3.393732 ms
    Computation took 224.876332 ms
    Reading took     119.040000 us
  Sample 27...
Starting computation...
    Writing took     3.339642 ms
    Computation took 224.886515 ms
    Reading took     96.275000 us
  Sample 28...
Starting computation...
    Writing took     2.618858 ms
    Computation took 224.760263 ms
    Reading took     100.985000 us
  Sample 29...
Starting computation...
    Writing took     2.705800 ms
    Computation took 227.146127 ms
    Reading took     106.194000 us
  Sample 30...
Starting computation...
    Writing took     2.813736 ms
    Computation took 224.532684 ms
    Reading took     101.114000 us
  Sample 31...
Starting computation...
    Writing took     2.806432 ms
    Computation took 224.783741 ms
    Reading took     102.617000 us
  Sample 32...
Starting computation...
    Writing took     2.807836 ms
    Computation took 224.631457 ms
    Reading took     105.325000 us
  Sample 33...
Starting computation...
    Writing took     2.968630 ms
    Computation took 225.348311 ms
    Reading took     121.276000 us
  Sample 34...
Starting computation...
    Writing took     3.358203 ms
    Computation took 224.816997 ms
    Reading took     108.803000 us
  Sample 35...
Starting computation...
    Writing took     2.657117 ms
    Computation took 224.841802 ms
    Reading took     106.344000 us
  Sample 36...
Starting computation...
    Writing took     2.694751 ms
    Computation took 225.033082 ms
    Reading took     103.216000 us
  Sample 37...
Starting computation...
    Writing took     2.641818 ms
    Computation took 224.672300 ms
    Reading took     107.444000 us
  Sample 38...
Starting computation...
    Writing took     2.618578 ms
    Computation took 224.762669 ms
    Reading took     102.626000 us
  Sample 39...
Starting computation...
    Writing took     2.528291 ms
    Computation took 225.413997 ms
    Reading took     109.367000 us
  Sample 40...
Starting computation...
    Writing took     2.728575 ms
    Computation took 224.779959 ms
    Reading took     105.350000 us
  Sample 41...
Starting computation...
    Writing took     2.596352 ms
    Computation took 224.802373 ms
    Reading took     168.197000 us
  Sample 42...
Starting computation...
    Writing took     4.411545 ms
    Computation took 224.875902 ms
    Reading took     116.873000 us
  Sample 43...
Starting computation...
    Writing took     2.911008 ms
    Computation took 224.688662 ms
    Reading took     110.194000 us
  Sample 44...
Starting computation...
    Writing took     2.958942 ms
    Computation took 224.697140 ms
    Reading took     114.749000 us
  Sample 45...
Starting computation...
    Writing took     2.811939 ms
    Computation took 224.513687 ms
    Reading took     127.635000 us
  Sample 46...
Starting computation...
    Writing took     3.262311 ms
    Computation took 224.900707 ms
    Reading took     124.565000 us
  Sample 47...
Starting computation...
    Writing took     3.209754 ms
    Computation took 224.448730 ms
    Reading took     121.329000 us
  Sample 48...
Starting computation...
    Writing took     3.188239 ms
    Computation took 225.262613 ms
    Reading took     121.239000 us
  Sample 49...
Starting computation...
    Writing took     3.163818 ms
    Computation took 225.419814 ms
    Reading took     117.764000 us
  Sample 50...
Starting computation...
    Writing took     3.041798 ms
    Computation took 224.662176 ms
    Reading took     122.564000 us
  Sample 51...
Starting computation...
    Writing took     3.172817 ms
    Computation took 224.458338 ms
    Reading took     120.945000 us
  Sample 52...
Starting computation...
    Writing took     3.125628 ms
    Computation took 224.767511 ms
    Reading took     133.117000 us
  Sample 53...
Starting computation...
    Writing took     2.924841 ms
    Computation took 224.898060 ms
    Reading took     128.967000 us
  Sample 54...
Starting computation...
    Writing took     3.343630 ms
    Computation took 224.860323 ms
    Reading took     123.425000 us
  Sample 55...
Starting computation...
    Writing took     3.154523 ms
    Computation took 224.791411 ms
    Reading took     127.524000 us
  Sample 56...
Starting computation...
    Writing took     3.318804 ms
    Computation took 225.419318 ms
    Reading took     127.422000 us
  Sample 57...
Starting computation...
    Writing took     3.243676 ms
    Computation took 224.695448 ms
    Reading took     120.615000 us
  Sample 58...
Starting computation...
    Writing took     3.107785 ms
    Computation took 224.685257 ms
    Reading took     172.549000 us
  Sample 59...
Starting computation...
    Writing took     4.706798 ms
    Computation took 224.767085 ms
    Reading took     138.048000 us
  Sample 60...
Starting computation...
    Writing took     3.650773 ms
    Computation took 224.808294 ms
    Reading took     134.475000 us
  Sample 61...
Starting computation...
    Writing took     3.566428 ms
    Computation took 224.827605 ms
    Reading took     118.757000 us
  Sample 62...
Starting computation...
    Writing took     2.998275 ms
    Computation took 224.849435 ms
    Reading took     129.109000 us
  Sample 63...
Starting computation...
    Writing took     3.400091 ms
    Computation took 224.876799 ms
    Reading took     139.160000 us
  Sample 64...
Starting computation...
    Writing took     3.690179 ms
    Computation took 224.746472 ms
    Reading took     139.868000 us
  Sample 65...
Starting computation...
    Writing took     3.676234 ms
    Computation took 224.699511 ms
    Reading took     130.753000 us
  Sample 66...
Starting computation...
    Writing took     3.336896 ms
    Computation took 225.082657 ms
    Reading took     141.630000 us
  Sample 67...
Starting computation...
    Writing took     3.348884 ms
    Computation took 224.561209 ms
    Reading took     107.042000 us
  Sample 68...
Starting computation...
    Writing took     2.596221 ms
    Computation took 224.707765 ms
    Reading took     111.966000 us
  Sample 69...
Starting computation...
    Writing took     2.800799 ms
    Computation took 226.160751 ms
    Reading took     216.529000 us
  Sample 70...
Starting computation...
    Writing took     5.976824 ms
    Computation took 224.863444 ms
    Reading took     125.361000 us
  Sample 71...
Starting computation...
    Writing took     2.598509 ms
    Computation took 224.733640 ms
    Reading took     94.476000 us
  Sample 72...
Starting computation...
    Writing took     2.528515 ms
    Computation took 224.792175 ms
    Reading took     105.335000 us
  Sample 73...
Starting computation...
    Writing took     2.923412 ms
    Computation took 224.878323 ms
    Reading took     102.011000 us
  Sample 74...
Starting computation...
    Writing took     2.824714 ms
    Computation took 224.926533 ms
    Reading took     109.676000 us
  Sample 75...
Starting computation...
    Writing took     2.869079 ms
    Computation took 225.400521 ms
    Reading took     103.288000 us
  Sample 76...
Starting computation...
    Writing took     2.819452 ms
    Computation took 224.668145 ms
    Reading took     103.613000 us
  Sample 77...
Starting computation...
    Writing took     2.826587 ms
    Computation took 224.762176 ms
    Reading took     114.009000 us
  Sample 78...
Starting computation...
    Writing took     3.216352 ms
    Computation took 224.898736 ms
    Reading took     108.129000 us
  Sample 79...
Starting computation...
    Writing took     3.018765 ms
    Computation took 224.534184 ms
    Reading took     115.993000 us
  Sample 80...
Starting computation...
    Writing took     3.091419 ms
    Computation took 226.544966 ms
    Reading took     218.620000 us
  Sample 81...
Starting computation...
    Writing took     5.534623 ms
    Computation took 224.664958 ms
    Reading took     123.049000 us
  Sample 82...
Starting computation...
    Writing took     3.353377 ms
    Computation took 227.203403 ms
    Reading took     142.896000 us
  Sample 83...
Starting computation...
    Writing took     3.370729 ms
    Computation took 224.752455 ms
    Reading took     120.586000 us
  Sample 84...
Starting computation...
    Writing took     3.364401 ms
    Computation took 226.447472 ms
    Reading took     97.506000 us
  Sample 85...
Starting computation...
    Writing took     2.564074 ms
    Computation took 224.784748 ms
    Reading took     193.183000 us
  Sample 86...
Starting computation...
    Writing took     5.601477 ms
    Computation took 224.820937 ms
    Reading took     119.615000 us
  Sample 87...
Starting computation...
    Writing took     3.385543 ms
    Computation took 224.926620 ms
    Reading took     121.642000 us
  Sample 88...
Starting computation...
    Writing took     3.351451 ms
    Computation took 224.868182 ms
    Reading took     119.927000 us
  Sample 89...
Starting computation...
    Writing took     3.352649 ms
    Computation took 224.652468 ms
    Reading took     119.143000 us
  Sample 90...
Starting computation...
    Writing took     3.339898 ms
    Computation took 224.767606 ms
    Reading took     118.532000 us
  Sample 91...
Starting computation...
    Writing took     3.341632 ms
    Computation took 224.852968 ms
    Reading took     121.446000 us
  Sample 92...
Starting computation...
    Writing took     3.321578 ms
    Computation took 225.075031 ms
    Reading took     137.352000 us
  Sample 93...
Starting computation...
    Writing took     3.310968 ms
    Computation took 224.806884 ms
    Reading took     120.611000 us
  Sample 94...
Starting computation...
    Writing took     3.312381 ms
    Computation took 224.621456 ms
    Reading took     119.946000 us
  Sample 95...
Starting computation...
    Writing took     3.309206 ms
    Computation took 224.945071 ms
    Reading took     120.149000 us
  Sample 96...
Starting computation...
    Writing took     3.301882 ms
    Computation took 226.275254 ms
    Reading took     121.296000 us
  Sample 97...
Starting computation...
    Writing took     3.353965 ms
    Computation took 224.860905 ms
    Reading took     120.453000 us
  Sample 98...
Starting computation...
    Writing took     3.338509 ms
    Computation took 224.836080 ms
    Reading took     121.785000 us
  Sample 99...
Starting computation...
    Writing took     3.334137 ms
    Computation took 226.460594 ms
    Reading took     126.159000 us
Mean computation time: 224.977142 ms
Mean deviation: 331.803000 us (0.147483%)
Mean computation time (per hash): 5.232026 ms
Mean deviation (per hash): 7.716000 us
