Using device #0: CUDA Device 'GeForce GTX 1080 Ti'
  Sample 0...
Starting computation...
    Writing took     3.869276 ms
    Computation took 213.011260 ms
    Reading took     230.946000 us
  Sample 1...
Starting computation...
    Writing took     6.462444 ms
    Computation took 212.948639 ms
    Reading took     151.071000 us
  Sample 2...
Starting computation...
    Writing took     3.847539 ms
    Computation took 212.991448 ms
    Reading took     149.801000 us
  Sample 3...
Starting computation...
    Writing took     3.810195 ms
    Computation took 212.941286 ms
    Reading took     150.740000 us
  Sample 4...
Starting computation...
    Writing took     3.792759 ms
    Computation took 212.955707 ms
    Reading took     152.186000 us
  Sample 5...
Starting computation...
    Writing took     3.830270 ms
    Computation took 213.022660 ms
    Reading took     241.748000 us
  Sample 6...
Starting computation...
    Writing took     4.448259 ms
    Computation took 213.021595 ms
    Reading took     164.190000 us
  Sample 7...
Starting computation...
    Writing took     3.812327 ms
    Computation took 213.010409 ms
    Reading took     150.981000 us
  Sample 8...
Starting computation...
    Writing took     3.844162 ms
    Computation took 212.976926 ms
    Reading took     150.346000 us
  Sample 9...
Starting computation...
    Writing took     3.864070 ms
    Computation took 213.016993 ms
    Reading took     124.956000 us
  Sample 10...
Starting computation...
    Writing took     3.181943 ms
    Computation took 212.975448 ms
    Reading took     130.021000 us
  Sample 11...
Starting computation...
    Writing took     3.241536 ms
    Computation took 212.927094 ms
    Reading took     167.770000 us
  Sample 12...
Starting computation...
    Writing took     3.774837 ms
    Computation took 213.034308 ms
    Reading took     151.932000 us
  Sample 13...
Starting computation...
    Writing took     3.848179 ms
    Computation took 212.963456 ms
    Reading took     228.469000 us
  Sample 14...
Starting computation...
    Writing took     6.355206 ms
    Computation took 212.994165 ms
    Reading took     151.526000 us
  Sample 15...
Starting computation...
    Writing took     3.842055 ms
    Computation took 212.969952 ms
    Reading took     154.251000 us
  Sample 16...
Starting computation...
    Writing took     3.838791 ms
    Computation took 212.989728 ms
    Reading took     151.830000 us
  Sample 17...
Starting computation...
    Writing took     3.831198 ms
    Computation took 212.951910 ms
    Reading took     151.044000 us
  Sample 18...
Starting computation...
    Writing took     3.822254 ms
    Computation took 213.085697 ms
    Reading took     233.368000 us
  Sample 19...
Starting computation...
    Writing took     6.603038 ms
    Computation took 212.963370 ms
    Reading took     152.573000 us
  Sample 20...
Starting computation...
    Writing took     3.862512 ms
    Computation took 212.987233 ms
    Reading took     152.695000 us
  Sample 21...
Starting computation...
    Writing took     3.836918 ms
    Computation took 212.931500 ms
    Reading took     150.715000 us
  Sample 22...
Starting computation...
    Writing took     3.792421 ms
    Computation took 213.076927 ms
    Reading took     232.066000 us
  Sample 23...
Starting computation...
    Writing took     6.586248 ms
    Computation took 213.052399 ms
    Reading took     162.722000 us
  Sample 24...
Starting computation...
    Writing took     3.822029 ms
    Computation took 213.178435 ms
    Reading took     232.497000 us
  Sample 25...
Starting computation...
    Writing took     6.339052 ms
    Computation took 213.475827 ms
    Reading took     151.546000 us
  Sample 26...
Starting computation...
    Writing took     3.843244 ms
    Computation took 213.445764 ms
    Reading took     152.503000 us
  Sample 27...
Starting computation...
    Writing took     3.813731 ms
    Computation took 213.468365 ms
    Reading took     152.896000 us
  Sample 28...
Starting computation...
    Writing took     4.531107 ms
    Computation took 213.431125 ms
    Reading took     151.810000 us
  Sample 29...
Starting computation...
    Writing took     3.866890 ms
    Computation took 213.455697 ms
    Reading took     147.228000 us
  Sample 30...
Starting computation...
    Writing took     3.841479 ms
    Computation took 213.443778 ms
    Reading took     152.967000 us
  Sample 31...
Starting computation...
    Writing took     3.673452 ms
    Computation took 213.481859 ms
    Reading took     275.664000 us
  Sample 32...
Starting computation...
    Writing took     7.080600 ms
    Computation took 213.439031 ms
    Reading took     139.499000 us
  Sample 33...
Starting computation...
    Writing took     3.173661 ms
    Computation took 213.424491 ms
    Reading took     135.613000 us
  Sample 34...
Starting computation...
    Writing took     2.976110 ms
    Computation took 213.368180 ms
    Reading took     131.757000 us
  Sample 35...
Starting computation...
    Writing took     3.476273 ms
    Computation took 213.425079 ms
    Reading took     141.125000 us
  Sample 36...
Starting computation...
    Writing took     3.572100 ms
    Computation took 213.405479 ms
    Reading took     138.432000 us
  Sample 37...
Starting computation...
    Writing took     3.378020 ms
    Computation took 213.476288 ms
    Reading took     141.043000 us
  Sample 38...
Starting computation...
    Writing took     3.219758 ms
    Computation took 213.413581 ms
    Reading took     203.740000 us
  Sample 39...
Starting computation...
    Writing took     3.616807 ms
    Computation took 213.407127 ms
    Reading took     158.088000 us
  Sample 40...
Starting computation...
    Writing took     3.533133 ms
    Computation took 213.372371 ms
    Reading took     140.128000 us
  Sample 41...
Starting computation...
    Writing took     3.503965 ms
    Computation took 213.303357 ms
    Reading took     142.054000 us
  Sample 42...
Starting computation...
    Writing took     3.493435 ms
    Computation took 213.391957 ms
    Reading took     139.885000 us
  Sample 43...
Starting computation...
    Writing took     3.524011 ms
    Computation took 213.463298 ms
    Reading took     143.331000 us
  Sample 44...
Starting computation...
    Writing took     3.663151 ms
    Computation took 213.451730 ms
    Reading took     151.585000 us
  Sample 45...
Starting computation...
    Writing took     3.780365 ms
    Computation took 213.458776 ms
    Reading took     139.173000 us
  Sample 46...
Starting computation...
    Writing took     3.665559 ms
    Computation took 213.419621 ms
    Reading took     144.010000 us
  Sample 47...
Starting computation...
    Writing took     3.675042 ms
    Computation took 213.404317 ms
    Reading took     149.045000 us
  Sample 48...
Starting computation...
    Writing took     3.615144 ms
    Computation took 213.338309 ms
    Reading took     143.802000 us
  Sample 49...
Starting computation...
    Writing took     3.589311 ms
    Computation took 213.414922 ms
    Reading took     145.665000 us
  Sample 50...
Starting computation...
    Writing took     3.725653 ms
    Computation took 213.453082 ms
    Reading took     130.336000 us
  Sample 51...
Starting computation...
    Writing took     3.112083 ms
    Computation took 213.396187 ms
    Reading took     214.927000 us
  Sample 52...
Starting computation...
    Writing took     6.473978 ms
    Computation took 213.471892 ms
    Reading took     160.482000 us
  Sample 53...
Starting computation...
    Writing took     7.095488 ms
    Computation took 213.446357 ms
    Reading took     197.669000 us
  Sample 54...
Starting computation...
    Writing took     5.079214 ms
    Computation took 213.480166 ms
    Reading took     161.697000 us
  Sample 55...
Starting computation...
    Writing took     4.123296 ms
    Computation took 213.468876 ms
    Reading took     160.461000 us
  Sample 56...
Starting computation...
    Writing took     4.110609 ms
    Computation took 213.416566 ms
    Reading took     124.605000 us
  Sample 57...
Starting computation...
    Writing took     3.071043 ms
    Computation took 213.464031 ms
    Reading took     150.194000 us
  Sample 58...
Starting computation...
    Writing took     3.281932 ms
    Computation took 213.627994 ms
    Reading took     134.220000 us
  Sample 59...
Starting computation...
    Writing took     3.310711 ms
    Computation took 214.321028 ms
    Reading took     137.443000 us
  Sample 60...
Starting computation...
    Writing took     3.375049 ms
    Computation took 214.277525 ms
    Reading took     139.479000 us
  Sample 61...
Starting computation...
    Writing took     3.384234 ms
    Computation took 214.344297 ms
    Reading took     132.434000 us
  Sample 62...
Starting computation...
    Writing took     3.293076 ms
    Computation took 214.312446 ms
    Reading took     129.123000 us
  Sample 63...
Starting computation...
    Writing took     3.109479 ms
    Computation took 214.307168 ms
    Reading took     129.211000 us
  Sample 64...
Starting computation...
    Writing took     3.188328 ms
    Computation took 214.279077 ms
    Reading took     128.715000 us
  Sample 65...
Starting computation...
    Writing took     3.119956 ms
    Computation took 214.280495 ms
    Reading took     129.348000 us
  Sample 66...
Starting computation...
    Writing took     3.147008 ms
    Computation took 214.291021 ms
    Reading took     136.004000 us
  Sample 67...
Starting computation...
    Writing took     3.161427 ms
    Computation took 214.286729 ms
    Reading took     142.076000 us
  Sample 68...
Starting computation...
    Writing took     3.527527 ms
    Computation took 214.298856 ms
    Reading took     133.832000 us
  Sample 69...
Starting computation...
    Writing took     3.289999 ms
    Computation took 214.304470 ms
    Reading took     151.550000 us
  Sample 70...
Starting computation...
    Writing took     3.618943 ms
    Computation took 214.259431 ms
    Reading took     141.284000 us
  Sample 71...
Starting computation...
    Writing took     3.488547 ms
    Computation took 214.315179 ms
    Reading took     158.389000 us
  Sample 72...
Starting computation...
    Writing took     3.426132 ms
    Computation took 214.322441 ms
    Reading took     127.591000 us
  Sample 73...
Starting computation...
    Writing took     3.188647 ms
    Computation took 214.316142 ms
    Reading took     215.271000 us
  Sample 74...
Starting computation...
    Writing took     5.353510 ms
    Computation took 214.316224 ms
    Reading took     172.278000 us
  Sample 75...
Starting computation...
    Writing took     3.577093 ms
    Computation took 214.285927 ms
    Reading took     140.084000 us
  Sample 76...
Starting computation...
    Writing took     3.384275 ms
    Computation took 214.340960 ms
    Reading took     144.633000 us
  Sample 77...
Starting computation...
    Writing took     3.249015 ms
    Computation took 214.318828 ms
    Reading took     134.596000 us
  Sample 78...
Starting computation...
    Writing took     3.302331 ms
    Computation took 214.274907 ms
    Reading took     143.147000 us
  Sample 79...
Starting computation...
    Writing took     3.449877 ms
    Computation took 214.317083 ms
    Reading took     138.423000 us
  Sample 80...
Starting computation...
    Writing took     3.471709 ms
    Computation took 214.296188 ms
    Reading took     133.883000 us
  Sample 81...
Starting computation...
    Writing took     3.296743 ms
    Computation took 214.370268 ms
    Reading took     135.651000 us
  Sample 82...
Starting computation...
    Writing took     3.181316 ms
    Computation took 214.292977 ms
    Reading took     138.173000 us
  Sample 83...
Starting computation...
    Writing took     3.396283 ms
    Computation took 214.379063 ms
    Reading took     272.407000 us
  Sample 84...
Starting computation...
    Writing took     7.554164 ms
    Computation took 214.366350 ms
    Reading took     141.971000 us
  Sample 85...
Starting computation...
    Writing took     3.804862 ms
    Computation took 214.372856 ms
    Reading took     142.718000 us
  Sample 86...
Starting computation...
    Writing took     3.832695 ms
    Computation took 214.364380 ms
    Reading took     140.472000 us
  Sample 87...
Starting computation...
    Writing took     3.762219 ms
    Computation took 214.362000 ms
    Reading took     180.980000 us
  Sample 88...
Starting computation...
    Writing took     5.700157 ms
    Computation took 214.380666 ms
    Reading took     125.236000 us
  Sample 89...
Starting computation...
    Writing took     3.253775 ms
    Computation took 214.330244 ms
    Reading took     216.139000 us
  Sample 90...
Starting computation...
    Writing took     3.756235 ms
    Computation took 214.321128 ms
    Reading took     141.806000 us
  Sample 91...
Starting computation...
    Writing took     3.856227 ms
    Computation took 214.338739 ms
    Reading took     141.564000 us
  Sample 92...
Starting computation...
    Writing took     3.787381 ms
    Computation took 214.383801 ms
    Reading took     114.238000 us
  Sample 93...
Starting computation...
    Writing took     3.038486 ms
    Computation took 214.340241 ms
    Reading took     120.284000 us
  Sample 94...
Starting computation...
    Writing took     2.935689 ms
    Computation took 214.349112 ms
    Reading took     194.272000 us
  Sample 95...
Starting computation...
    Writing took     6.417104 ms
    Computation took 214.366425 ms
    Reading took     224.388000 us
  Sample 96...
Starting computation...
    Writing took     6.499102 ms
    Computation took 214.375206 ms
    Reading took     141.387000 us
  Sample 97...
Starting computation...
    Writing took     3.802971 ms
    Computation took 214.357337 ms
    Reading took     228.595000 us
  Sample 98...
Starting computation...
    Writing took     3.495966 ms
    Computation took 214.346554 ms
    Reading took     230.240000 us
  Sample 99...
Starting computation...
    Writing took     6.509798 ms
    Computation took 214.357493 ms
    Reading took     129.240000 us
Mean computation time: 213.692052 ms
Mean deviation: 520.941000 us (0.243781%)
Mean computation time (per hash): 4.190039 ms
Mean deviation (per hash): 10.214000 us
