Using device #0: CUDA Device 'GeForce GTX 1080 Ti'
  Sample 0...
Starting computation...
    Writing took     3.228336 ms
    Computation took 207.171490 ms
    Reading took     128.318000 us
  Sample 1...
Starting computation...
    Writing took     3.358819 ms
    Computation took 207.166311 ms
    Reading took     126.769000 us
  Sample 2...
Starting computation...
    Writing took     3.354192 ms
    Computation took 207.147407 ms
    Reading took     130.512000 us
  Sample 3...
Starting computation...
    Writing took     3.387123 ms
    Computation took 207.070328 ms
    Reading took     162.550000 us
  Sample 4...
Starting computation...
    Writing took     3.745003 ms
    Computation took 207.100554 ms
    Reading took     161.700000 us
  Sample 5...
Starting computation...
    Writing took     4.318959 ms
    Computation took 207.098075 ms
    Reading took     159.525000 us
  Sample 6...
Starting computation...
    Writing took     4.283160 ms
    Computation took 207.112078 ms
    Reading took     155.263000 us
  Sample 7...
Starting computation...
    Writing took     4.262437 ms
    Computation took 207.118016 ms
    Reading took     162.790000 us
  Sample 8...
Starting computation...
    Writing took     3.381175 ms
    Computation took 207.068965 ms
    Reading took     123.424000 us
  Sample 9...
Starting computation...
    Writing took     3.318726 ms
    Computation took 207.056922 ms
    Reading took     147.576000 us
  Sample 10...
Starting computation...
    Writing took     3.956208 ms
    Computation took 207.075401 ms
    Reading took     147.839000 us
  Sample 11...
Starting computation...
    Writing took     3.942429 ms
    Computation took 207.112193 ms
    Reading took     145.893000 us
  Sample 12...
Starting computation...
    Writing took     3.896341 ms
    Computation took 207.128307 ms
    Reading took     146.902000 us
  Sample 13...
Starting computation...
    Writing took     3.923210 ms
    Computation took 207.074436 ms
    Reading took     230.270000 us
  Sample 14...
Starting computation...
    Writing took     6.201137 ms
    Computation took 207.147757 ms
    Reading took     151.853000 us
  Sample 15...
Starting computation...
    Writing took     3.908033 ms
    Computation took 207.143771 ms
    Reading took     229.138000 us
  Sample 16...
Starting computation...
    Writing took     6.803516 ms
    Computation took 207.062920 ms
    Reading took     145.925000 us
  Sample 17...
Starting computation...
    Writing took     3.953770 ms
    Computation took 207.152168 ms
    Reading took     146.546000 us
  Sample 18...
Starting computation...
    Writing took     3.931369 ms
    Computation took 207.087365 ms
    Reading took     148.125000 us
  Sample 19...
Starting computation...
    Writing took     3.937779 ms
    Computation took 207.122092 ms
    Reading took     150.544000 us
  Sample 20...
Starting computation...
    Writing took     3.933534 ms
    Computation took 207.154169 ms
    Reading took     169.067000 us
  Sample 21...
Starting computation...
    Writing took     3.971413 ms
    Computation took 207.329181 ms
    Reading took     146.779000 us
  Sample 22...
Starting computation...
    Writing took     3.934965 ms
    Computation took 207.449094 ms
    Reading took     145.043000 us
  Sample 23...
Starting computation...
    Writing took     3.963866 ms
    Computation took 207.414907 ms
    Reading took     144.856000 us
  Sample 24...
Starting computation...
    Writing took     3.926998 ms
    Computation took 207.386905 ms
    Reading took     147.825000 us
  Sample 25...
Starting computation...
    Writing took     3.967280 ms
    Computation took 207.459050 ms
    Reading took     153.988000 us
  Sample 26...
Starting computation...
    Writing took     3.936437 ms
    Computation took 207.450477 ms
    Reading took     145.917000 us
  Sample 27...
Starting computation...
    Writing took     3.920259 ms
    Computation took 207.446757 ms
    Reading took     229.729000 us
  Sample 28...
Starting computation...
    Writing took     5.716935 ms
    Computation took 207.527397 ms
    Reading took     118.587000 us
  Sample 29...
Starting computation...
    Writing took     3.024796 ms
    Computation took 207.456083 ms
    Reading took     126.912000 us
  Sample 30...
Starting computation...
    Writing took     3.346741 ms
    Computation took 207.401932 ms
    Reading took     128.749000 us
  Sample 31...
Starting computation...
    Writing took     3.573474 ms
    Computation took 207.420751 ms
    Reading took     116.691000 us
  Sample 32...
Starting computation...
    Writing took     3.089367 ms
    Computation took 207.520411 ms
    Reading took     125.648000 us
  Sample 33...
Starting computation...
    Writing took     3.044623 ms
    Computation took 207.464560 ms
    Reading took     117.734000 us
  Sample 34...
Starting computation...
    Writing took     3.043244 ms
    Computation took 207.451893 ms
    Reading took     116.070000 us
  Sample 35...
Starting computation...
    Writing took     3.147072 ms
    Computation took 207.452276 ms
    Reading took     134.996000 us
  Sample 36...
Starting computation...
    Writing took     3.336634 ms
    Computation took 207.427649 ms
    Reading took     128.064000 us
  Sample 37...
Starting computation...
    Writing took     3.449472 ms
    Computation took 207.465969 ms
    Reading took     127.970000 us
  Sample 38...
Starting computation...
    Writing took     3.445540 ms
    Computation took 207.465019 ms
    Reading took     140.001000 us
  Sample 39...
Starting computation...
    Writing took     3.806270 ms
    Computation took 207.496591 ms
    Reading took     130.994000 us
  Sample 40...
Starting computation...
    Writing took     3.536854 ms
    Computation took 207.486205 ms
    Reading took     133.203000 us
  Sample 41...
Starting computation...
    Writing took     3.491268 ms
    Computation took 207.448209 ms
    Reading took     141.716000 us
  Sample 42...
Starting computation...
    Writing took     3.768824 ms
    Computation took 207.465721 ms
    Reading took     136.380000 us
  Sample 43...
Starting computation...
    Writing took     3.774553 ms
    Computation took 207.501487 ms
    Reading took     137.077000 us
  Sample 44...
Starting computation...
    Writing took     3.640723 ms
    Computation took 207.460883 ms
    Reading took     136.593000 us
  Sample 45...
Starting computation...
    Writing took     3.724862 ms
    Computation took 207.507543 ms
    Reading took     155.192000 us
  Sample 46...
Starting computation...
    Writing took     3.605323 ms
    Computation took 207.507791 ms
    Reading took     221.960000 us
  Sample 47...
Starting computation...
    Writing took     6.114114 ms
    Computation took 207.559150 ms
    Reading took     164.317000 us
  Sample 48...
Starting computation...
    Writing took     4.287823 ms
    Computation took 207.467263 ms
    Reading took     157.354000 us
  Sample 49...
Starting computation...
    Writing took     4.276235 ms
    Computation took 207.453483 ms
    Reading took     123.912000 us
  Sample 50...
Starting computation...
    Writing took     3.231974 ms
    Computation took 207.427328 ms
    Reading took     158.827000 us
  Sample 51...
Starting computation...
    Writing took     3.150642 ms
    Computation took 207.401689 ms
    Reading took     145.159000 us
  Sample 52...
Starting computation...
    Writing took     3.928331 ms
    Computation took 207.500845 ms
    Reading took     145.847000 us
  Sample 53...
Starting computation...
    Writing took     3.942977 ms
    Computation took 207.481544 ms
    Reading took     146.941000 us
  Sample 54...
Starting computation...
    Writing took     3.957050 ms
    Computation took 207.374654 ms
    Reading took     146.060000 us
  Sample 55...
Starting computation...
    Writing took     3.958157 ms
    Computation took 207.469818 ms
    Reading took     147.530000 us
  Sample 56...
Starting computation...
    Writing took     3.943461 ms
    Computation took 207.888384 ms
    Reading took     147.316000 us
  Sample 57...
Starting computation...
    Writing took     3.953994 ms
    Computation took 208.269933 ms
    Reading took     146.644000 us
  Sample 58...
Starting computation...
    Writing took     3.946335 ms
    Computation took 208.365488 ms
    Reading took     145.426000 us
  Sample 59...
Starting computation...
    Writing took     3.953624 ms
    Computation took 208.365982 ms
    Reading took     146.850000 us
  Sample 60...
Starting computation...
    Writing took     3.938448 ms
    Computation took 208.338675 ms
    Reading took     147.016000 us
  Sample 61...
Starting computation...
    Writing took     3.930784 ms
    Computation took 208.303774 ms
    Reading took     145.269000 us
  Sample 62...
Starting computation...
    Writing took     3.939908 ms
    Computation took 208.313127 ms
    Reading took     145.479000 us
  Sample 63...
Starting computation...
    Writing took     3.911235 ms
    Computation took 208.403990 ms
    Reading took     146.692000 us
  Sample 64...
Starting computation...
    Writing took     3.938818 ms
    Computation took 208.403009 ms
    Reading took     147.844000 us
  Sample 65...
Starting computation...
    Writing took     3.950566 ms
    Computation took 208.354648 ms
    Reading took     173.163000 us
  Sample 66...
Starting computation...
    Writing took     4.391930 ms
    Computation took 208.371109 ms
    Reading took     166.093000 us
  Sample 67...
Starting computation...
    Writing took     4.218710 ms
    Computation took 208.262317 ms
    Reading took     169.898000 us
  Sample 68...
Starting computation...
    Writing took     4.302855 ms
    Computation took 208.327075 ms
    Reading took     138.483000 us
  Sample 69...
Starting computation...
    Writing took     3.039074 ms
    Computation took 208.308003 ms
    Reading took     127.300000 us
  Sample 70...
Starting computation...
    Writing took     3.057626 ms
    Computation took 208.349279 ms
    Reading took     136.761000 us
  Sample 71...
Starting computation...
    Writing took     3.274912 ms
    Computation took 208.288025 ms
    Reading took     134.956000 us
  Sample 72...
Starting computation...
    Writing took     3.350417 ms
    Computation took 208.311694 ms
    Reading took     133.556000 us
  Sample 73...
Starting computation...
    Writing took     3.182453 ms
    Computation took 208.341475 ms
    Reading took     173.324000 us
  Sample 74...
Starting computation...
    Writing took     4.946368 ms
    Computation took 208.409129 ms
    Reading took     188.033000 us
  Sample 75...
Starting computation...
    Writing took     4.283079 ms
    Computation took 208.327327 ms
    Reading took     229.995000 us
  Sample 76...
Starting computation...
    Writing took     6.167137 ms
    Computation took 208.270142 ms
    Reading took     167.503000 us
  Sample 77...
Starting computation...
    Writing took     4.212337 ms
    Computation took 208.335594 ms
    Reading took     165.724000 us
  Sample 78...
Starting computation...
    Writing took     4.277576 ms
    Computation took 208.353499 ms
    Reading took     130.201000 us
  Sample 79...
Starting computation...
    Writing took     3.296572 ms
    Computation took 208.207932 ms
    Reading took     134.552000 us
  Sample 80...
Starting computation...
    Writing took     3.277340 ms
    Computation took 208.340610 ms
    Reading took     129.736000 us
  Sample 81...
Starting computation...
    Writing took     3.249311 ms
    Computation took 208.313922 ms
    Reading took     161.629000 us
  Sample 82...
Starting computation...
    Writing took     3.304068 ms
    Computation took 208.401558 ms
    Reading took     249.848000 us
  Sample 83...
Starting computation...
    Writing took     6.602083 ms
    Computation took 208.396984 ms
    Reading took     157.752000 us
  Sample 84...
Starting computation...
    Writing took     3.926897 ms
    Computation took 208.338137 ms
    Reading took     161.740000 us
  Sample 85...
Starting computation...
    Writing took     3.960203 ms
    Computation took 208.359154 ms
    Reading took     155.235000 us
  Sample 86...
Starting computation...
    Writing took     3.979115 ms
    Computation took 208.317615 ms
    Reading took     156.137000 us
  Sample 87...
Starting computation...
    Writing took     3.984931 ms
    Computation took 208.324224 ms
    Reading took     157.403000 us
  Sample 88...
Starting computation...
    Writing took     4.010300 ms
    Computation took 208.377976 ms
    Reading took     235.052000 us
  Sample 89...
Starting computation...
    Writing took     6.436591 ms
    Computation took 208.365726 ms
    Reading took     127.198000 us
  Sample 90...
Starting computation...
    Writing took     3.401096 ms
    Computation took 208.305238 ms
    Reading took     156.264000 us
  Sample 91...
Starting computation...
    Writing took     4.313460 ms
    Computation took 208.303183 ms
    Reading took     126.059000 us
  Sample 92...
Starting computation...
    Writing took     3.367024 ms
    Computation took 208.973740 ms
    Reading took     238.047000 us
  Sample 93...
Starting computation...
    Writing took     6.588229 ms
    Computation took 208.980807 ms
    Reading took     220.954000 us
  Sample 94...
Starting computation...
    Writing took     6.633179 ms
    Computation took 209.021877 ms
    Reading took     143.945000 us
  Sample 95...
Starting computation...
    Writing took     3.976672 ms
    Computation took 209.033932 ms
    Reading took     149.743000 us
  Sample 96...
Starting computation...
    Writing took     3.944302 ms
    Computation took 209.059880 ms
    Reading took     139.960000 us
  Sample 97...
Starting computation...
    Writing took     3.010623 ms
    Computation took 209.005250 ms
    Reading took     118.050000 us
  Sample 98...
Starting computation...
    Writing took     3.013174 ms
    Computation took 208.970240 ms
    Reading took     230.326000 us
  Sample 99...
Starting computation...
    Writing took     6.598479 ms
    Computation took 209.000963 ms
    Reading took     212.401000 us
Mean computation time: 207.820318 ms
Mean deviation: 551.332000 us (0.265293%)
Mean computation time (per hash): 3.921137 ms
Mean deviation (per hash): 10.402000 us
