Using device #0: CUDA Device 'GeForce GTX 1080 Ti'
  Sample 0...
Starting computation...
    Writing took     3.991239 ms
    Computation took 229.187793 ms
    Reading took     162.609000 us
  Sample 1...
Starting computation...
    Writing took     3.849893 ms
    Computation took 229.149447 ms
    Reading took     155.586000 us
  Sample 2...
Starting computation...
    Writing took     3.819187 ms
    Computation took 229.330552 ms
    Reading took     237.258000 us
  Sample 3...
Starting computation...
    Writing took     6.699766 ms
    Computation took 228.924761 ms
    Reading took     279.963000 us
  Sample 4...
Starting computation...
    Writing took     8.015740 ms
    Computation took 229.096360 ms
    Reading took     152.780000 us
  Sample 5...
Starting computation...
    Writing took     4.073554 ms
    Computation took 229.239220 ms
    Reading took     146.640000 us
  Sample 6...
Starting computation...
    Writing took     3.890872 ms
    Computation took 229.118474 ms
    Reading took     146.542000 us
  Sample 7...
Starting computation...
    Writing took     3.871847 ms
    Computation took 228.949051 ms
    Reading took     161.493000 us
  Sample 8...
Starting computation...
    Writing took     4.299827 ms
    Computation took 229.288372 ms
    Reading took     167.584000 us
  Sample 9...
Starting computation...
    Writing took     4.345642 ms
    Computation took 229.183656 ms
    Reading took     163.060000 us
  Sample 10...
Starting computation...
    Writing took     4.489246 ms
    Computation took 229.049955 ms
    Reading took     162.980000 us
  Sample 11...
Starting computation...
    Writing took     4.357453 ms
    Computation took 229.264759 ms
    Reading took     150.139000 us
  Sample 12...
Starting computation...
    Writing took     4.092800 ms
    Computation took 228.938761 ms
    Reading took     163.851000 us
  Sample 13...
Starting computation...
    Writing took     4.333376 ms
    Computation took 229.253933 ms
    Reading took     171.223000 us
  Sample 14...
Starting computation...
    Writing took     4.560056 ms
    Computation took 229.048081 ms
    Reading took     158.856000 us
  Sample 15...
Starting computation...
    Writing took     4.187467 ms
    Computation took 228.988614 ms
    Reading took     190.347000 us
  Sample 16...
Starting computation...
    Writing took     4.341533 ms
    Computation took 229.039971 ms
    Reading took     164.772000 us
  Sample 17...
Starting computation...
    Writing took     4.384744 ms
    Computation took 228.979225 ms
    Reading took     164.580000 us
  Sample 18...
Starting computation...
    Writing took     4.499852 ms
    Computation took 228.968735 ms
    Reading took     170.915000 us
  Sample 19...
Starting computation...
    Writing took     4.511253 ms
    Computation took 229.059362 ms
    Reading took     165.270000 us
  Sample 20...
Starting computation...
    Writing took     4.510617 ms
    Computation took 229.044226 ms
    Reading took     173.738000 us
  Sample 21...
Starting computation...
    Writing took     4.642131 ms
    Computation took 228.910866 ms
    Reading took     166.311000 us
  Sample 22...
Starting computation...
    Writing took     4.633266 ms
    Computation took 229.270283 ms
    Reading took     171.636000 us
  Sample 23...
Starting computation...
    Writing took     4.624310 ms
    Computation took 228.745389 ms
    Reading took     172.382000 us
  Sample 24...
Starting computation...
    Writing took     4.671084 ms
    Computation took 228.927325 ms
    Reading took     137.263000 us
  Sample 25...
Starting computation...
    Writing took     3.636932 ms
    Computation took 229.097605 ms
    Reading took     144.940000 us
  Sample 26...
Starting computation...
    Writing took     3.854772 ms
    Computation took 229.495135 ms
    Reading took     139.037000 us
  Sample 27...
Starting computation...
    Writing took     3.792676 ms
    Computation took 230.074647 ms
    Reading took     149.010000 us
  Sample 28...
Starting computation...
    Writing took     3.818188 ms
    Computation took 230.131145 ms
    Reading took     151.425000 us
  Sample 29...
Starting computation...
    Writing took     4.074033 ms
    Computation took 230.017732 ms
    Reading took     144.932000 us
  Sample 30...
Starting computation...
    Writing took     3.966455 ms
    Computation took 229.924389 ms
    Reading took     188.130000 us
  Sample 31...
Starting computation...
    Writing took     5.079151 ms
    Computation took 230.276636 ms
    Reading took     185.133000 us
  Sample 32...
Starting computation...
    Writing took     6.197292 ms
    Computation took 229.997958 ms
    Reading took     185.558000 us
  Sample 33...
Starting computation...
    Writing took     5.061133 ms
    Computation took 230.011662 ms
    Reading took     157.008000 us
  Sample 34...
Starting computation...
    Writing took     4.189818 ms
    Computation took 229.883736 ms
    Reading took     160.367000 us
  Sample 35...
Starting computation...
    Writing took     4.154507 ms
    Computation took 230.066016 ms
    Reading took     162.391000 us
  Sample 36...
Starting computation...
    Writing took     4.301133 ms
    Computation took 230.123424 ms
    Reading took     161.516000 us
  Sample 37...
Starting computation...
    Writing took     4.381045 ms
    Computation took 230.343590 ms
    Reading took     164.482000 us
  Sample 38...
Starting computation...
    Writing took     4.385287 ms
    Computation took 230.110964 ms
    Reading took     161.263000 us
  Sample 39...
Starting computation...
    Writing took     4.354030 ms
    Computation took 230.192172 ms
    Reading took     155.536000 us
  Sample 40...
Starting computation...
    Writing took     4.227903 ms
    Computation took 229.913782 ms
    Reading took     160.112000 us
  Sample 41...
Starting computation...
    Writing took     4.442471 ms
    Computation took 230.171695 ms
    Reading took     155.903000 us
  Sample 42...
Starting computation...
    Writing took     4.200073 ms
    Computation took 230.440513 ms
    Reading took     151.560000 us
  Sample 43...
Starting computation...
    Writing took     4.060401 ms
    Computation took 230.043496 ms
    Reading took     260.343000 us
  Sample 44...
Starting computation...
    Writing took     8.083113 ms
    Computation took 230.056949 ms
    Reading took     154.655000 us
  Sample 45...
Starting computation...
    Writing took     3.773754 ms
    Computation took 230.173063 ms
    Reading took     292.828000 us
  Sample 46...
Starting computation...
    Writing took     8.514714 ms
    Computation took 230.178049 ms
    Reading took     138.808000 us
  Sample 47...
Starting computation...
    Writing took     3.859292 ms
    Computation took 230.219435 ms
    Reading took     144.960000 us
  Sample 48...
Starting computation...
    Writing took     3.980537 ms
    Computation took 230.143056 ms
    Reading took     176.391000 us
  Sample 49...
Starting computation...
    Writing took     3.974490 ms
    Computation took 230.120074 ms
    Reading took     149.656000 us
  Sample 50...
Starting computation...
    Writing took     3.980682 ms
    Computation took 230.197830 ms
    Reading took     149.515000 us
  Sample 51...
Starting computation...
    Writing took     3.962960 ms
    Computation took 229.819535 ms
    Reading took     171.120000 us
  Sample 52...
Starting computation...
    Writing took     4.685388 ms
    Computation took 229.881411 ms
    Reading took     161.612000 us
  Sample 53...
Starting computation...
    Writing took     3.963947 ms
    Computation took 230.098330 ms
    Reading took     146.042000 us
  Sample 54...
Starting computation...
    Writing took     3.590162 ms
    Computation took 230.158497 ms
    Reading took     147.655000 us
  Sample 55...
Starting computation...
    Writing took     3.762280 ms
    Computation took 230.014011 ms
    Reading took     148.915000 us
  Sample 56...
Starting computation...
    Writing took     3.595778 ms
    Computation took 230.051078 ms
    Reading took     149.843000 us
  Sample 57...
Starting computation...
    Writing took     3.686494 ms
    Computation took 230.346488 ms
    Reading took     157.266000 us
  Sample 58...
Starting computation...
    Writing took     3.678965 ms
    Computation took 230.107128 ms
    Reading took     151.189000 us
  Sample 59...
Starting computation...
    Writing took     3.718769 ms
    Computation took 230.219332 ms
    Reading took     149.543000 us
  Sample 60...
Starting computation...
    Writing took     3.724539 ms
    Computation took 230.150517 ms
    Reading took     165.274000 us
  Sample 61...
Starting computation...
    Writing took     3.941265 ms
    Computation took 230.008452 ms
    Reading took     148.725000 us
  Sample 62...
Starting computation...
    Writing took     3.647039 ms
    Computation took 230.206196 ms
    Reading took     162.363000 us
  Sample 63...
Starting computation...
    Writing took     4.077876 ms
    Computation took 230.259137 ms
    Reading took     165.192000 us
  Sample 64...
Starting computation...
    Writing took     4.122808 ms
    Computation took 229.965548 ms
    Reading took     160.622000 us
  Sample 65...
Starting computation...
    Writing took     3.923872 ms
    Computation took 230.284292 ms
    Reading took     186.593000 us
  Sample 66...
Starting computation...
    Writing took     4.433412 ms
    Computation took 230.434456 ms
    Reading took     171.056000 us
  Sample 67...
Starting computation...
    Writing took     4.152201 ms
    Computation took 230.232093 ms
    Reading took     169.402000 us
  Sample 68...
Starting computation...
    Writing took     4.301714 ms
    Computation took 230.167322 ms
    Reading took     149.357000 us
  Sample 69...
Starting computation...
    Writing took     3.677105 ms
    Computation took 230.376225 ms
    Reading took     157.038000 us
  Sample 70...
Starting computation...
    Writing took     3.872242 ms
    Computation took 230.085371 ms
    Reading took     160.082000 us
  Sample 71...
Starting computation...
    Writing took     3.925943 ms
    Computation took 229.992887 ms
    Reading took     153.469000 us
  Sample 72...
Starting computation...
    Writing took     3.907118 ms
    Computation took 230.265436 ms
    Reading took     159.101000 us
  Sample 73...
Starting computation...
    Writing took     3.964018 ms
    Computation took 230.189549 ms
    Reading took     150.641000 us
  Sample 74...
Starting computation...
    Writing took     3.612636 ms
    Computation took 230.052493 ms
    Reading took     155.547000 us
  Sample 75...
Starting computation...
    Writing took     3.824799 ms
    Computation took 230.109403 ms
    Reading took     166.211000 us
  Sample 76...
Starting computation...
    Writing took     3.994245 ms
    Computation took 230.254236 ms
    Reading took     166.713000 us
  Sample 77...
Starting computation...
    Writing took     4.156183 ms
    Computation took 230.001031 ms
    Reading took     184.957000 us
  Sample 78...
Starting computation...
    Writing took     4.798011 ms
    Computation took 230.334420 ms
    Reading took     182.951000 us
  Sample 79...
Starting computation...
    Writing took     4.712911 ms
    Computation took 230.506667 ms
    Reading took     183.581000 us
  Sample 80...
Starting computation...
    Writing took     4.719732 ms
    Computation took 230.189349 ms
    Reading took     186.246000 us
  Sample 81...
Starting computation...
    Writing took     4.683681 ms
    Computation took 230.202790 ms
    Reading took     184.993000 us
  Sample 82...
Starting computation...
    Writing took     4.750347 ms
    Computation took 230.404499 ms
    Reading took     185.294000 us
  Sample 83...
Starting computation...
    Writing took     4.741061 ms
    Computation took 230.277529 ms
    Reading took     184.947000 us
  Sample 84...
Starting computation...
    Writing took     4.744904 ms
    Computation took 230.297367 ms
    Reading took     204.486000 us
  Sample 85...
Starting computation...
    Writing took     4.749519 ms
    Computation took 230.127356 ms
    Reading took     149.745000 us
  Sample 86...
Starting computation...
    Writing took     3.647185 ms
    Computation took 230.181007 ms
    Reading took     147.760000 us
  Sample 87...
Starting computation...
    Writing took     3.539313 ms
    Computation took 229.923870 ms
    Reading took     158.678000 us
  Sample 88...
Starting computation...
    Writing took     3.915227 ms
    Computation took 230.111016 ms
    Reading took     148.790000 us
  Sample 89...
Starting computation...
    Writing took     3.800488 ms
    Computation took 230.194395 ms
    Reading took     149.766000 us
  Sample 90...
Starting computation...
    Writing took     3.760005 ms
    Computation took 230.028973 ms
    Reading took     185.323000 us
  Sample 91...
Starting computation...
    Writing took     4.732965 ms
    Computation took 230.303139 ms
    Reading took     184.947000 us
  Sample 92...
Starting computation...
    Writing took     4.718706 ms
    Computation took 229.953394 ms
    Reading took     182.952000 us
  Sample 93...
Starting computation...
    Writing took     4.724471 ms
    Computation took 230.424964 ms
    Reading took     479.870000 us
  Sample 94...
Starting computation...
    Writing took     11.454901 ms
    Computation took 230.138551 ms
    Reading took     150.552000 us
  Sample 95...
Starting computation...
    Writing took     3.646640 ms
    Computation took 230.138854 ms
    Reading took     163.715000 us
  Sample 96...
Starting computation...
    Writing took     4.012983 ms
    Computation took 230.109675 ms
    Reading took     166.749000 us
  Sample 97...
Starting computation...
    Writing took     4.179400 ms
    Computation took 230.131672 ms
    Reading took     165.596000 us
  Sample 98...
Starting computation...
    Writing took     4.090067 ms
    Computation took 229.965167 ms
    Reading took     171.800000 us
  Sample 99...
Starting computation...
    Writing took     4.328013 ms
    Computation took 230.227337 ms
    Reading took     170.758000 us
Mean computation time: 229.862643 ms
Mean deviation: 415.691000 us (0.180843%)
Mean computation time (per hash): 3.648612 ms
Mean deviation (per hash): 6.598000 us
