Using device #0: CUDA Device 'GeForce GTX 1080 Ti'
  Sample 0...
Starting computation...
    Writing took     1.668792 ms
    Computation took 176.574027 ms
    Reading took     67.851000 us
  Sample 1...
Starting computation...
    Writing took     1.609642 ms
    Computation took 176.542157 ms
    Reading took     46.795000 us
  Sample 2...
Starting computation...
    Writing took     1.195500 ms
    Computation took 176.518066 ms
    Reading took     46.763000 us
  Sample 3...
Starting computation...
    Writing took     1.250900 ms
    Computation took 176.575748 ms
    Reading took     44.958000 us
  Sample 4...
Starting computation...
    Writing took     1.130046 ms
    Computation took 176.518679 ms
    Reading took     48.123000 us
  Sample 5...
Starting computation...
    Writing took     1.241699 ms
    Computation took 176.469689 ms
    Reading took     48.733000 us
  Sample 6...
Starting computation...
    Writing took     1.280123 ms
    Computation took 176.482322 ms
    Reading took     47.223000 us
  Sample 7...
Starting computation...
    Writing took     1.217577 ms
    Computation took 176.587950 ms
    Reading took     48.509000 us
  Sample 8...
Starting computation...
    Writing took     1.211375 ms
    Computation took 176.533899 ms
    Reading took     45.944000 us
  Sample 9...
Starting computation...
    Writing took     1.151753 ms
    Computation took 176.457018 ms
    Reading took     46.683000 us
  Sample 10...
Starting computation...
    Writing took     1.182921 ms
    Computation took 176.411499 ms
    Reading took     44.887000 us
  Sample 11...
Starting computation...
    Writing took     1.130145 ms
    Computation took 176.469388 ms
    Reading took     46.476000 us
  Sample 12...
Starting computation...
    Writing took     1.181441 ms
    Computation took 176.527768 ms
    Reading took     50.579000 us
  Sample 13...
Starting computation...
    Writing took     1.309962 ms
    Computation took 176.494370 ms
    Reading took     46.326000 us
  Sample 14...
Starting computation...
    Writing took     1.207650 ms
    Computation took 176.543582 ms
    Reading took     46.911000 us
  Sample 15...
Starting computation...
    Writing took     1.187007 ms
    Computation took 176.562775 ms
    Reading took     44.703000 us
  Sample 16...
Starting computation...
    Writing took     1.156966 ms
    Computation took 176.450059 ms
    Reading took     47.808000 us
  Sample 17...
Starting computation...
    Writing took     1.192688 ms
    Computation took 176.545012 ms
    Reading took     47.330000 us
  Sample 18...
Starting computation...
    Writing took     1.167807 ms
    Computation took 176.422573 ms
    Reading took     46.238000 us
  Sample 19...
Starting computation...
    Writing took     1.131042 ms
    Computation took 176.478686 ms
    Reading took     49.355000 us
  Sample 20...
Starting computation...
    Writing took     1.272927 ms
    Computation took 176.550664 ms
    Reading took     45.919000 us
  Sample 21...
Starting computation...
    Writing took     1.224408 ms
    Computation took 176.472113 ms
    Reading took     44.863000 us
  Sample 22...
Starting computation...
    Writing took     1.129630 ms
    Computation took 176.455954 ms
    Reading took     48.944000 us
  Sample 23...
Starting computation...
    Writing took     1.211268 ms
    Computation took 176.485838 ms
    Reading took     46.270000 us
  Sample 24...
Starting computation...
    Writing took     1.195976 ms
    Computation took 176.465899 ms
    Reading took     45.039000 us
  Sample 25...
Starting computation...
    Writing took     1.129371 ms
    Computation took 176.481316 ms
    Reading took     46.714000 us
  Sample 26...
Starting computation...
    Writing took     1.172354 ms
    Computation took 176.561210 ms
    Reading took     49.735000 us
  Sample 27...
Starting computation...
    Writing took     1.246742 ms
    Computation took 176.522665 ms
    Reading took     63.992000 us
  Sample 28...
Starting computation...
    Writing took     1.130314 ms
    Computation took 176.488728 ms
    Reading took     47.004000 us
  Sample 29...
Starting computation...
    Writing took     1.153862 ms
    Computation took 176.546092 ms
    Reading took     50.129000 us
  Sample 30...
Starting computation...
    Writing took     1.193232 ms
    Computation took 176.470618 ms
    Reading took     45.891000 us
  Sample 31...
Starting computation...
    Writing took     1.185585 ms
    Computation took 176.485608 ms
    Reading took     44.399000 us
  Sample 32...
Starting computation...
    Writing took     1.133332 ms
    Computation took 176.559107 ms
    Reading took     45.071000 us
  Sample 33...
Starting computation...
    Writing took     1.130222 ms
    Computation took 176.524575 ms
    Reading took     50.334000 us
  Sample 34...
Starting computation...
    Writing took     1.277335 ms
    Computation took 176.455994 ms
    Reading took     46.006000 us
  Sample 35...
Starting computation...
    Writing took     1.178539 ms
    Computation took 176.433390 ms
    Reading took     63.333000 us
  Sample 36...
Starting computation...
    Writing took     1.659588 ms
    Computation took 176.526501 ms
    Reading took     62.571000 us
  Sample 37...
Starting computation...
    Writing took     1.654465 ms
    Computation took 176.525022 ms
    Reading took     62.529000 us
  Sample 38...
Starting computation...
    Writing took     1.664868 ms
    Computation took 176.541655 ms
    Reading took     60.478000 us
  Sample 39...
Starting computation...
    Writing took     1.591712 ms
    Computation took 176.447850 ms
    Reading took     46.861000 us
  Sample 40...
Starting computation...
    Writing took     1.146496 ms
    Computation took 176.409739 ms
    Reading took     49.381000 us
  Sample 41...
Starting computation...
    Writing took     1.254877 ms
    Computation took 176.502204 ms
    Reading took     47.818000 us
  Sample 42...
Starting computation...
    Writing took     1.208003 ms
    Computation took 176.487477 ms
    Reading took     50.149000 us
  Sample 43...
Starting computation...
    Writing took     1.309446 ms
    Computation took 176.469793 ms
    Reading took     54.945000 us
  Sample 44...
Starting computation...
    Writing took     1.177348 ms
    Computation took 176.506242 ms
    Reading took     46.102000 us
  Sample 45...
Starting computation...
    Writing took     1.201562 ms
    Computation took 176.530389 ms
    Reading took     44.863000 us
  Sample 46...
Starting computation...
    Writing took     1.129008 ms
    Computation took 176.527749 ms
    Reading took     71.254000 us
  Sample 47...
Starting computation...
    Writing took     1.914521 ms
    Computation took 176.554236 ms
    Reading took     61.574000 us
  Sample 48...
Starting computation...
    Writing took     1.653417 ms
    Computation took 176.449750 ms
    Reading took     62.584000 us
  Sample 49...
Starting computation...
    Writing took     1.590815 ms
    Computation took 176.524232 ms
    Reading took     59.298000 us
  Sample 50...
Starting computation...
    Writing took     1.590205 ms
    Computation took 176.534503 ms
    Reading took     53.316000 us
  Sample 51...
Starting computation...
    Writing took     1.328825 ms
    Computation took 177.079443 ms
    Reading took     51.237000 us
  Sample 52...
Starting computation...
    Writing took     1.343002 ms
    Computation took 177.443234 ms
    Reading took     50.684000 us
  Sample 53...
Starting computation...
    Writing took     1.314122 ms
    Computation took 177.361193 ms
    Reading took     47.364000 us
  Sample 54...
Starting computation...
    Writing took     1.242136 ms
    Computation took 177.473603 ms
    Reading took     48.565000 us
  Sample 55...
Starting computation...
    Writing took     1.316222 ms
    Computation took 177.381389 ms
    Reading took     47.517000 us
  Sample 56...
Starting computation...
    Writing took     1.147415 ms
    Computation took 177.361798 ms
    Reading took     50.718000 us
  Sample 57...
Starting computation...
    Writing took     1.270606 ms
    Computation took 177.374789 ms
    Reading took     50.280000 us
  Sample 58...
Starting computation...
    Writing took     1.274895 ms
    Computation took 177.399926 ms
    Reading took     46.556000 us
  Sample 59...
Starting computation...
    Writing took     1.144436 ms
    Computation took 177.346604 ms
    Reading took     49.857000 us
  Sample 60...
Starting computation...
    Writing took     1.258264 ms
    Computation took 177.364945 ms
    Reading took     50.727000 us
  Sample 61...
Starting computation...
    Writing took     1.365307 ms
    Computation took 177.428272 ms
    Reading took     47.182000 us
  Sample 62...
Starting computation...
    Writing took     1.185334 ms
    Computation took 177.419666 ms
    Reading took     72.320000 us
  Sample 63...
Starting computation...
    Writing took     2.337504 ms
    Computation took 177.494517 ms
    Reading took     47.160000 us
  Sample 64...
Starting computation...
    Writing took     1.193481 ms
    Computation took 177.449952 ms
    Reading took     46.668000 us
  Sample 65...
Starting computation...
    Writing took     1.211157 ms
    Computation took 177.337541 ms
    Reading took     44.925000 us
  Sample 66...
Starting computation...
    Writing took     1.129035 ms
    Computation took 177.324578 ms
    Reading took     45.926000 us
  Sample 67...
Starting computation...
    Writing took     1.128921 ms
    Computation took 177.467765 ms
    Reading took     107.803000 us
  Sample 68...
Starting computation...
    Writing took     2.822796 ms
    Computation took 177.484333 ms
    Reading took     63.225000 us
  Sample 69...
Starting computation...
    Writing took     1.666096 ms
    Computation took 177.441610 ms
    Reading took     60.600000 us
  Sample 70...
Starting computation...
    Writing took     1.597931 ms
    Computation took 177.441411 ms
    Reading took     61.816000 us
  Sample 71...
Starting computation...
    Writing took     1.655893 ms
    Computation took 177.388173 ms
    Reading took     53.688000 us
  Sample 72...
Starting computation...
    Writing took     1.192956 ms
    Computation took 177.436952 ms
    Reading took     45.164000 us
  Sample 73...
Starting computation...
    Writing took     1.129965 ms
    Computation took 177.442799 ms
    Reading took     57.935000 us
  Sample 74...
Starting computation...
    Writing took     1.543182 ms
    Computation took 177.447439 ms
    Reading took     77.694000 us
  Sample 75...
Starting computation...
    Writing took     1.889841 ms
    Computation took 177.418962 ms
    Reading took     48.615000 us
  Sample 76...
Starting computation...
    Writing took     1.128885 ms
    Computation took 177.455550 ms
    Reading took     51.296000 us
  Sample 77...
Starting computation...
    Writing took     1.299860 ms
    Computation took 177.504024 ms
    Reading took     54.538000 us
  Sample 78...
Starting computation...
    Writing took     1.171418 ms
    Computation took 177.435176 ms
    Reading took     51.675000 us
  Sample 79...
Starting computation...
    Writing took     1.149439 ms
    Computation took 177.407818 ms
    Reading took     72.145000 us
  Sample 80...
Starting computation...
    Writing took     1.284220 ms
    Computation took 177.380817 ms
    Reading took     49.571000 us
  Sample 81...
Starting computation...
    Writing took     1.130786 ms
    Computation took 177.475644 ms
    Reading took     49.628000 us
  Sample 82...
Starting computation...
    Writing took     1.129738 ms
    Computation took 177.381496 ms
    Reading took     53.485000 us
  Sample 83...
Starting computation...
    Writing took     1.130463 ms
    Computation took 177.500063 ms
    Reading took     51.284000 us
  Sample 84...
Starting computation...
    Writing took     1.157242 ms
    Computation took 177.424765 ms
    Reading took     85.764000 us
  Sample 85...
Starting computation...
    Writing took     2.225659 ms
    Computation took 177.431447 ms
    Reading took     64.616000 us
  Sample 86...
Starting computation...
    Writing took     1.600626 ms
    Computation took 177.374176 ms
    Reading took     65.680000 us
  Sample 87...
Starting computation...
    Writing took     1.622486 ms
    Computation took 177.439343 ms
    Reading took     64.467000 us
  Sample 88...
Starting computation...
    Writing took     1.614314 ms
    Computation took 177.340382 ms
    Reading took     50.289000 us
  Sample 89...
Starting computation...
    Writing took     1.166284 ms
    Computation took 177.441461 ms
    Reading took     48.496000 us
  Sample 90...
Starting computation...
    Writing took     1.129829 ms
    Computation took 177.481706 ms
    Reading took     53.356000 us
  Sample 91...
Starting computation...
    Writing took     1.248038 ms
    Computation took 177.448673 ms
    Reading took     48.517000 us
  Sample 92...
Starting computation...
    Writing took     1.186315 ms
    Computation took 177.458031 ms
    Reading took     46.896000 us
  Sample 93...
Starting computation...
    Writing took     1.166516 ms
    Computation took 177.347393 ms
    Reading took     48.773000 us
  Sample 94...
Starting computation...
    Writing took     1.256613 ms
    Computation took 177.493351 ms
    Reading took     54.173000 us
  Sample 95...
Starting computation...
    Writing took     1.432582 ms
    Computation took 177.422276 ms
    Reading took     53.283000 us
  Sample 96...
Starting computation...
    Writing took     1.346563 ms
    Computation took 177.358421 ms
    Reading took     57.306000 us
  Sample 97...
Starting computation...
    Writing took     1.529869 ms
    Computation took 177.460803 ms
    Reading took     73.557000 us
  Sample 98...
Starting computation...
    Writing took     1.805564 ms
    Computation took 177.503757 ms
    Reading took     55.649000 us
  Sample 99...
Starting computation...
    Writing took     1.362041 ms
    Computation took 177.475961 ms
    Reading took     53.916000 us
Mean computation time: 176.951158 ms
Mean deviation: 456.933000 us (0.258225%)
Mean computation time (per hash): 8.847557 ms
Mean deviation (per hash): 22.846000 us
