Using device #0: CUDA Device 'GeForce GTX 1080 Ti'
  Sample 0...
Starting computation...
    Writing took     1.222262 ms
    Computation took 198.017995 ms
    Reading took     35.658000 us
  Sample 1...
Starting computation...
    Writing took     737.471000 us
    Computation took 197.836859 ms
    Reading took     27.949000 us
  Sample 2...
Starting computation...
    Writing took     717.280000 us
    Computation took 197.869021 ms
    Reading took     31.431000 us
  Sample 3...
Starting computation...
    Writing took     731.984000 us
    Computation took 197.833185 ms
    Reading took     27.218000 us
  Sample 4...
Starting computation...
    Writing took     721.202000 us
    Computation took 197.834564 ms
    Reading took     27.255000 us
  Sample 5...
Starting computation...
    Writing took     716.386000 us
    Computation took 197.828582 ms
    Reading took     21.125000 us
  Sample 6...
Starting computation...
    Writing took     510.186000 us
    Computation took 197.851173 ms
    Reading took     21.174000 us
  Sample 7...
Starting computation...
    Writing took     508.672000 us
    Computation took 197.835022 ms
    Reading took     23.694000 us
  Sample 8...
Starting computation...
    Writing took     531.283000 us
    Computation took 197.889652 ms
    Reading took     23.287000 us
  Sample 9...
Starting computation...
    Writing took     533.436000 us
    Computation took 197.852533 ms
    Reading took     24.833000 us
  Sample 10...
Starting computation...
    Writing took     560.305000 us
    Computation took 197.827221 ms
    Reading took     24.740000 us
  Sample 11...
Starting computation...
    Writing took     527.955000 us
    Computation took 197.849521 ms
    Reading took     22.523000 us
  Sample 12...
Starting computation...
    Writing took     529.756000 us
    Computation took 197.816346 ms
    Reading took     20.379000 us
  Sample 13...
Starting computation...
    Writing took     509.044000 us
    Computation took 197.801146 ms
    Reading took     20.349000 us
  Sample 14...
Starting computation...
    Writing took     515.032000 us
    Computation took 197.824507 ms
    Reading took     22.901000 us
  Sample 15...
Starting computation...
    Writing took     525.339000 us
    Computation took 197.851894 ms
    Reading took     19.188000 us
  Sample 16...
Starting computation...
    Writing took     508.858000 us
    Computation took 197.813437 ms
    Reading took     19.284000 us
  Sample 17...
Starting computation...
    Writing took     508.999000 us
    Computation took 197.863661 ms
    Reading took     22.936000 us
  Sample 18...
Starting computation...
    Writing took     527.200000 us
    Computation took 197.880464 ms
    Reading took     31.463000 us
  Sample 19...
Starting computation...
    Writing took     755.055000 us
    Computation took 197.909820 ms
    Reading took     34.444000 us
  Sample 20...
Starting computation...
    Writing took     748.466000 us
    Computation took 197.876347 ms
    Reading took     31.720000 us
  Sample 21...
Starting computation...
    Writing took     744.504000 us
    Computation took 197.827961 ms
    Reading took     31.690000 us
  Sample 22...
Starting computation...
    Writing took     758.852000 us
    Computation took 197.836346 ms
    Reading took     30.184000 us
  Sample 23...
Starting computation...
    Writing took     719.054000 us
    Computation took 197.836387 ms
    Reading took     25.458000 us
  Sample 24...
Starting computation...
    Writing took     574.662000 us
    Computation took 197.840524 ms
    Reading took     25.287000 us
  Sample 25...
Starting computation...
    Writing took     543.724000 us
    Computation took 197.864861 ms
    Reading took     25.731000 us
  Sample 26...
Starting computation...
    Writing took     594.975000 us
    Computation took 197.840841 ms
    Reading took     24.454000 us
  Sample 27...
Starting computation...
    Writing took     542.880000 us
    Computation took 197.853577 ms
    Reading took     25.506000 us
  Sample 28...
Starting computation...
    Writing took     564.039000 us
    Computation took 197.837316 ms
    Reading took     21.823000 us
  Sample 29...
Starting computation...
    Writing took     509.101000 us
    Computation took 197.871863 ms
    Reading took     24.409000 us
  Sample 30...
Starting computation...
    Writing took     585.818000 us
    Computation took 197.854539 ms
    Reading took     25.663000 us
  Sample 31...
Starting computation...
    Writing took     576.554000 us
    Computation took 197.862529 ms
    Reading took     22.282000 us
  Sample 32...
Starting computation...
    Writing took     509.090000 us
    Computation took 197.850298 ms
    Reading took     23.004000 us
  Sample 33...
Starting computation...
    Writing took     516.066000 us
    Computation took 197.861417 ms
    Reading took     26.265000 us
  Sample 34...
Starting computation...
    Writing took     598.790000 us
    Computation took 197.856942 ms
    Reading took     22.780000 us
  Sample 35...
Starting computation...
    Writing took     509.219000 us
    Computation took 197.841613 ms
    Reading took     25.611000 us
  Sample 36...
Starting computation...
    Writing took     575.348000 us
    Computation took 197.872459 ms
    Reading took     23.508000 us
  Sample 37...
Starting computation...
    Writing took     518.281000 us
    Computation took 197.851824 ms
    Reading took     22.821000 us
  Sample 38...
Starting computation...
    Writing took     547.883000 us
    Computation took 197.834489 ms
    Reading took     26.770000 us
  Sample 39...
Starting computation...
    Writing took     573.051000 us
    Computation took 197.895578 ms
    Reading took     24.716000 us
  Sample 40...
Starting computation...
    Writing took     539.682000 us
    Computation took 197.863203 ms
    Reading took     25.167000 us
  Sample 41...
Starting computation...
    Writing took     540.962000 us
    Computation took 197.840746 ms
    Reading took     22.061000 us
  Sample 42...
Starting computation...
    Writing took     509.398000 us
    Computation took 197.845913 ms
    Reading took     22.919000 us
  Sample 43...
Starting computation...
    Writing took     546.792000 us
    Computation took 197.879117 ms
    Reading took     63.450000 us
  Sample 44...
Starting computation...
    Writing took     1.341003 ms
    Computation took 197.880872 ms
    Reading took     31.182000 us
  Sample 45...
Starting computation...
    Writing took     738.079000 us
    Computation took 197.850932 ms
    Reading took     30.742000 us
  Sample 46...
Starting computation...
    Writing took     737.148000 us
    Computation took 197.853825 ms
    Reading took     31.100000 us
  Sample 47...
Starting computation...
    Writing took     741.291000 us
    Computation took 197.887247 ms
    Reading took     22.968000 us
  Sample 48...
Starting computation...
    Writing took     529.875000 us
    Computation took 197.874864 ms
    Reading took     37.882000 us
  Sample 49...
Starting computation...
    Writing took     941.101000 us
    Computation took 197.882862 ms
    Reading took     29.609000 us
  Sample 50...
Starting computation...
    Writing took     736.705000 us
    Computation took 197.855900 ms
    Reading took     30.847000 us
  Sample 51...
Starting computation...
    Writing took     728.195000 us
    Computation took 197.840367 ms
    Reading took     27.162000 us
  Sample 52...
Starting computation...
    Writing took     716.962000 us
    Computation took 197.833524 ms
    Reading took     20.601000 us
  Sample 53...
Starting computation...
    Writing took     509.127000 us
    Computation took 197.840687 ms
    Reading took     21.744000 us
  Sample 54...
Starting computation...
    Writing took     512.963000 us
    Computation took 197.845112 ms
    Reading took     22.200000 us
  Sample 55...
Starting computation...
    Writing took     519.122000 us
    Computation took 197.819465 ms
    Reading took     20.163000 us
  Sample 56...
Starting computation...
    Writing took     509.154000 us
    Computation took 197.821676 ms
    Reading took     19.878000 us
  Sample 57...
Starting computation...
    Writing took     509.490000 us
    Computation took 197.878459 ms
    Reading took     22.393000 us
  Sample 58...
Starting computation...
    Writing took     526.533000 us
    Computation took 197.882415 ms
    Reading took     23.558000 us
  Sample 59...
Starting computation...
    Writing took     525.373000 us
    Computation took 197.875019 ms
    Reading took     22.898000 us
  Sample 60...
Starting computation...
    Writing took     536.024000 us
    Computation took 197.852446 ms
    Reading took     23.896000 us
  Sample 61...
Starting computation...
    Writing took     557.237000 us
    Computation took 197.870504 ms
    Reading took     23.203000 us
  Sample 62...
Starting computation...
    Writing took     566.858000 us
    Computation took 197.854943 ms
    Reading took     20.679000 us
  Sample 63...
Starting computation...
    Writing took     509.407000 us
    Computation took 197.844573 ms
    Reading took     22.460000 us
  Sample 64...
Starting computation...
    Writing took     516.029000 us
    Computation took 197.831147 ms
    Reading took     22.492000 us
  Sample 65...
Starting computation...
    Writing took     641.918000 us
    Computation took 197.818120 ms
    Reading took     20.112000 us
  Sample 66...
Starting computation...
    Writing took     509.027000 us
    Computation took 197.842654 ms
    Reading took     21.019000 us
  Sample 67...
Starting computation...
    Writing took     508.896000 us
    Computation took 197.798544 ms
    Reading took     22.006000 us
  Sample 68...
Starting computation...
    Writing took     517.023000 us
    Computation took 197.842894 ms
    Reading took     21.803000 us
  Sample 69...
Starting computation...
    Writing took     517.094000 us
    Computation took 197.861801 ms
    Reading took     20.397000 us
  Sample 70...
Starting computation...
    Writing took     511.757000 us
    Computation took 197.846124 ms
    Reading took     21.984000 us
  Sample 71...
Starting computation...
    Writing took     516.200000 us
    Computation took 197.843534 ms
    Reading took     20.462000 us
  Sample 72...
Starting computation...
    Writing took     508.868000 us
    Computation took 197.812365 ms
    Reading took     22.544000 us
  Sample 73...
Starting computation...
    Writing took     517.837000 us
    Computation took 197.885833 ms
    Reading took     38.858000 us
  Sample 74...
Starting computation...
    Writing took     950.694000 us
    Computation took 197.890680 ms
    Reading took     25.990000 us
  Sample 75...
Starting computation...
    Writing took     553.376000 us
    Computation took 197.862935 ms
    Reading took     23.363000 us
  Sample 76...
Starting computation...
    Writing took     567.366000 us
    Computation took 197.865749 ms
    Reading took     22.799000 us
  Sample 77...
Starting computation...
    Writing took     520.163000 us
    Computation took 197.862344 ms
    Reading took     20.960000 us
  Sample 78...
Starting computation...
    Writing took     519.398000 us
    Computation took 197.848829 ms
    Reading took     23.527000 us
  Sample 79...
Starting computation...
    Writing took     530.713000 us
    Computation took 197.840304 ms
    Reading took     22.477000 us
  Sample 80...
Starting computation...
    Writing took     522.753000 us
    Computation took 197.886696 ms
    Reading took     23.872000 us
  Sample 81...
Starting computation...
    Writing took     553.087000 us
    Computation took 197.834983 ms
    Reading took     22.202000 us
  Sample 82...
Starting computation...
    Writing took     511.307000 us
    Computation took 197.817422 ms
    Reading took     20.365000 us
  Sample 83...
Starting computation...
    Writing took     513.063000 us
    Computation took 197.881570 ms
    Reading took     42.100000 us
  Sample 84...
Starting computation...
    Writing took     1.018551 ms
    Computation took 197.890372 ms
    Reading took     31.046000 us
  Sample 85...
Starting computation...
    Writing took     754.639000 us
    Computation took 197.866723 ms
    Reading took     29.780000 us
  Sample 86...
Starting computation...
    Writing took     723.298000 us
    Computation took 197.864028 ms
    Reading took     32.526000 us
  Sample 87...
Starting computation...
    Writing took     751.665000 us
    Computation took 197.880868 ms
    Reading took     23.997000 us
  Sample 88...
Starting computation...
    Writing took     539.023000 us
    Computation took 197.872049 ms
    Reading took     25.247000 us
  Sample 89...
Starting computation...
    Writing took     528.681000 us
    Computation took 197.862349 ms
    Reading took     30.809000 us
  Sample 90...
Starting computation...
    Writing took     823.238000 us
    Computation took 197.917184 ms
    Reading took     24.183000 us
  Sample 91...
Starting computation...
    Writing took     539.615000 us
    Computation took 197.875088 ms
    Reading took     23.418000 us
  Sample 92...
Starting computation...
    Writing took     543.644000 us
    Computation took 197.852375 ms
    Reading took     24.047000 us
  Sample 93...
Starting computation...
    Writing took     525.152000 us
    Computation took 197.893461 ms
    Reading took     42.887000 us
  Sample 94...
Starting computation...
    Writing took     1.077472 ms
    Computation took 197.892587 ms
    Reading took     45.329000 us
  Sample 95...
Starting computation...
    Writing took     1.101290 ms
    Computation took 197.855578 ms
    Reading took     30.141000 us
  Sample 96...
Starting computation...
    Writing took     716.013000 us
    Computation took 197.870383 ms
    Reading took     31.949000 us
  Sample 97...
Starting computation...
    Writing took     733.998000 us
    Computation took 197.853814 ms
    Reading took     31.727000 us
  Sample 98...
Starting computation...
    Writing took     743.873000 us
    Computation took 197.882587 ms
    Reading took     23.705000 us
  Sample 99...
Starting computation...
    Writing took     560.157000 us
    Computation took 197.872464 ms
    Reading took     25.223000 us
Mean computation time: 197.857054 ms
Mean deviation: 20.751000 us (0.0104879%)
Mean computation time (per hash): 21.984116 ms
Mean deviation (per hash): 2.305000 us
