Using device #0: CUDA Device 'GeForce GTX 1080 Ti'
  Sample 0...
Starting computation...
    Writing took     8.116330 ms
    Computation took 342.980929 ms
    Reading took     320.309000 us
  Sample 1...
Starting computation...
    Writing took     8.767061 ms
    Computation took 343.920972 ms
    Reading took     293.062000 us
  Sample 2...
Starting computation...
    Writing took     11.656438 ms
    Computation took 343.138868 ms
    Reading took     290.641000 us
  Sample 3...
Starting computation...
    Writing took     8.030488 ms
    Computation took 343.634241 ms
    Reading took     291.469000 us
  Sample 4...
Starting computation...
    Writing took     8.031678 ms
    Computation took 343.338323 ms
    Reading took     291.853000 us
  Sample 5...
Starting computation...
    Writing took     8.066625 ms
    Computation took 343.586928 ms
    Reading took     291.057000 us
  Sample 6...
Starting computation...
    Writing took     8.066614 ms
    Computation took 343.400926 ms
    Reading took     292.813000 us
  Sample 7...
Starting computation...
    Writing took     8.079515 ms
    Computation took 343.012985 ms
    Reading took     290.090000 us
  Sample 8...
Starting computation...
    Writing took     8.067874 ms
    Computation took 343.653847 ms
    Reading took     354.248000 us
  Sample 9...
Starting computation...
    Writing took     9.758191 ms
    Computation took 343.523264 ms
    Reading took     305.145000 us
  Sample 10...
Starting computation...
    Writing took     8.071502 ms
    Computation took 343.998116 ms
    Reading took     293.364000 us
  Sample 11...
Starting computation...
    Writing took     9.118533 ms
    Computation took 343.282239 ms
    Reading took     293.740000 us
  Sample 12...
Starting computation...
    Writing took     8.100629 ms
    Computation took 342.866814 ms
    Reading took     291.945000 us
  Sample 13...
Starting computation...
    Writing took     8.124797 ms
    Computation took 343.186262 ms
    Reading took     285.170000 us
  Sample 14...
Starting computation...
    Writing took     7.834802 ms
    Computation took 343.844410 ms
    Reading took     298.851000 us
  Sample 15...
Starting computation...
    Writing took     8.072429 ms
    Computation took 343.260106 ms
    Reading took     297.875000 us
  Sample 16...
Starting computation...
    Writing took     8.895555 ms
    Computation took 343.833603 ms
    Reading took     292.160000 us
  Sample 17...
Starting computation...
    Writing took     8.080703 ms
    Computation took 343.662755 ms
    Reading took     293.512000 us
  Sample 18...
Starting computation...
    Writing took     8.087268 ms
    Computation took 343.758848 ms
    Reading took     292.620000 us
  Sample 19...
Starting computation...
    Writing took     8.670293 ms
    Computation took 343.717460 ms
    Reading took     282.462000 us
  Sample 20...
Starting computation...
    Writing took     7.983110 ms
    Computation took 343.320031 ms
    Reading took     479.175000 us
  Sample 21...
Starting computation...
    Writing took     13.599096 ms
    Computation took 343.619590 ms
    Reading took     292.060000 us
  Sample 22...
Starting computation...
    Writing took     8.060519 ms
    Computation took 344.111422 ms
    Reading took     304.471000 us
  Sample 23...
Starting computation...
    Writing took     8.042058 ms
    Computation took 343.404326 ms
    Reading took     277.856000 us
  Sample 24...
Starting computation...
    Writing took     8.070932 ms
    Computation took 343.385134 ms
    Reading took     292.572000 us
  Sample 25...
Starting computation...
    Writing took     8.046782 ms
    Computation took 343.504503 ms
    Reading took     291.010000 us
  Sample 26...
Starting computation...
    Writing took     8.070059 ms
    Computation took 343.307227 ms
    Reading took     413.382000 us
  Sample 27...
Starting computation...
    Writing took     13.550516 ms
    Computation took 343.030554 ms
    Reading took     338.221000 us
  Sample 28...
Starting computation...
    Writing took     8.438493 ms
    Computation took 343.294276 ms
    Reading took     289.439000 us
  Sample 29...
Starting computation...
    Writing took     8.291215 ms
    Computation took 343.013689 ms
    Reading took     304.744000 us
  Sample 30...
Starting computation...
    Writing took     10.173886 ms
    Computation took 343.530296 ms
    Reading took     511.420000 us
  Sample 31...
Starting computation...
    Writing took     12.618614 ms
    Computation took 344.078746 ms
    Reading took     284.164000 us
  Sample 32...
Starting computation...
    Writing took     7.869074 ms
    Computation took 343.924724 ms
    Reading took     290.442000 us
  Sample 33...
Starting computation...
    Writing took     8.172255 ms
    Computation took 343.904641 ms
    Reading took     294.166000 us
  Sample 34...
Starting computation...
    Writing took     8.062350 ms
    Computation took 344.381344 ms
    Reading took     283.410000 us
  Sample 35...
Starting computation...
    Writing took     7.861251 ms
    Computation took 344.663159 ms
    Reading took     291.940000 us
  Sample 36...
Starting computation...
    Writing took     8.080005 ms
    Computation took 344.448535 ms
    Reading took     362.466000 us
  Sample 37...
Starting computation...
    Writing took     11.457792 ms
    Computation took 344.143999 ms
    Reading took     299.319000 us
  Sample 38...
Starting computation...
    Writing took     8.648156 ms
    Computation took 344.630852 ms
    Reading took     296.659000 us
  Sample 39...
Starting computation...
    Writing took     8.054606 ms
    Computation took 344.002147 ms
    Reading took     285.459000 us
  Sample 40...
Starting computation...
    Writing took     7.739372 ms
    Computation took 344.209703 ms
    Reading took     292.740000 us
  Sample 41...
Starting computation...
    Writing took     8.452309 ms
    Computation took 344.486353 ms
    Reading took     291.678000 us
  Sample 42...
Starting computation...
    Writing took     8.394829 ms
    Computation took 343.717547 ms
    Reading took     292.590000 us
  Sample 43...
Starting computation...
    Writing took     8.074880 ms
    Computation took 344.152379 ms
    Reading took     290.225000 us
  Sample 44...
Starting computation...
    Writing took     8.057980 ms
    Computation took 344.157982 ms
    Reading took     290.991000 us
  Sample 45...
Starting computation...
    Writing took     8.046552 ms
    Computation took 344.456732 ms
    Reading took     293.263000 us
  Sample 46...
Starting computation...
    Writing took     8.058738 ms
    Computation took 345.109670 ms
    Reading took     291.481000 us
  Sample 47...
Starting computation...
    Writing took     9.522885 ms
    Computation took 347.931091 ms
    Reading took     294.121000 us
  Sample 48...
Starting computation...
    Writing took     8.061646 ms
    Computation took 348.425342 ms
    Reading took     294.106000 us
  Sample 49...
Starting computation...
    Writing took     8.409070 ms
    Computation took 347.016956 ms
    Reading took     445.781000 us
  Sample 50...
Starting computation...
    Writing took     13.163049 ms
    Computation took 345.574491 ms
    Reading took     292.133000 us
  Sample 51...
Starting computation...
    Writing took     8.056595 ms
    Computation took 343.978854 ms
    Reading took     333.621000 us
  Sample 52...
Starting computation...
    Writing took     9.706561 ms
    Computation took 344.504486 ms
    Reading took     293.116000 us
  Sample 53...
Starting computation...
    Writing took     8.096923 ms
    Computation took 344.044835 ms
    Reading took     309.370000 us
  Sample 54...
Starting computation...
    Writing took     8.584789 ms
    Computation took 344.177073 ms
    Reading took     290.353000 us
  Sample 55...
Starting computation...
    Writing took     8.443734 ms
    Computation took 344.031094 ms
    Reading took     291.493000 us
  Sample 56...
Starting computation...
    Writing took     8.063272 ms
    Computation took 343.589874 ms
    Reading took     338.557000 us
  Sample 57...
Starting computation...
    Writing took     9.694249 ms
    Computation took 345.532265 ms
    Reading took     293.445000 us
  Sample 58...
Starting computation...
    Writing took     8.123989 ms
    Computation took 351.325464 ms
    Reading took     344.458000 us
  Sample 59...
Starting computation...
    Writing took     8.825666 ms
    Computation took 351.090501 ms
    Reading took     316.359000 us
  Sample 60...
Starting computation...
    Writing took     8.109566 ms
    Computation took 350.198087 ms
    Reading took     308.555000 us
  Sample 61...
Starting computation...
    Writing took     8.134043 ms
    Computation took 348.118164 ms
    Reading took     307.316000 us
  Sample 62...
Starting computation...
    Writing took     8.086460 ms
    Computation took 345.908714 ms
    Reading took     308.793000 us
  Sample 63...
Starting computation...
    Writing took     8.135721 ms
    Computation took 344.937130 ms
    Reading took     382.359000 us
  Sample 64...
Starting computation...
    Writing took     10.844266 ms
    Computation took 344.581587 ms
    Reading took     309.292000 us
  Sample 65...
Starting computation...
    Writing took     8.123850 ms
    Computation took 344.054615 ms
    Reading took     389.006000 us
  Sample 66...
Starting computation...
    Writing took     8.423178 ms
    Computation took 344.160934 ms
    Reading took     320.570000 us
  Sample 67...
Starting computation...
    Writing took     7.911973 ms
    Computation took 343.752790 ms
    Reading took     329.860000 us
  Sample 68...
Starting computation...
    Writing took     8.841574 ms
    Computation took 343.242542 ms
    Reading took     356.812000 us
  Sample 69...
Starting computation...
    Writing took     9.097964 ms
    Computation took 343.337367 ms
    Reading took     289.872000 us
  Sample 70...
Starting computation...
    Writing took     7.632938 ms
    Computation took 343.756284 ms
    Reading took     308.673000 us
  Sample 71...
Starting computation...
    Writing took     8.126688 ms
    Computation took 343.956144 ms
    Reading took     307.983000 us
  Sample 72...
Starting computation...
    Writing took     8.884635 ms
    Computation took 344.009952 ms
    Reading took     305.165000 us
  Sample 73...
Starting computation...
    Writing took     8.185584 ms
    Computation took 344.729816 ms
    Reading took     308.539000 us
  Sample 74...
Starting computation...
    Writing took     8.215371 ms
    Computation took 344.651261 ms
    Reading took     354.278000 us
  Sample 75...
Starting computation...
    Writing took     8.703008 ms
    Computation took 344.390194 ms
    Reading took     306.862000 us
  Sample 76...
Starting computation...
    Writing took     8.617842 ms
    Computation took 344.326838 ms
    Reading took     308.719000 us
  Sample 77...
Starting computation...
    Writing took     9.579187 ms
    Computation took 344.469577 ms
    Reading took     533.223000 us
  Sample 78...
Starting computation...
    Writing took     13.187281 ms
    Computation took 344.331568 ms
    Reading took     392.579000 us
  Sample 79...
Starting computation...
    Writing took     8.416208 ms
    Computation took 344.161668 ms
    Reading took     307.287000 us
  Sample 80...
Starting computation...
    Writing took     8.135119 ms
    Computation took 343.210596 ms
    Reading took     298.489000 us
  Sample 81...
Starting computation...
    Writing took     7.996631 ms
    Computation took 343.629502 ms
    Reading took     307.751000 us
  Sample 82...
Starting computation...
    Writing took     8.112671 ms
    Computation took 343.815207 ms
    Reading took     308.802000 us
  Sample 83...
Starting computation...
    Writing took     9.204981 ms
    Computation took 345.657574 ms
    Reading took     304.605000 us
  Sample 84...
Starting computation...
    Writing took     8.127243 ms
    Computation took 346.420094 ms
    Reading took     306.904000 us
  Sample 85...
Starting computation...
    Writing took     8.100731 ms
    Computation took 345.967114 ms
    Reading took     533.283000 us
  Sample 86...
Starting computation...
    Writing took     14.736650 ms
    Computation took 345.211211 ms
    Reading took     308.094000 us
  Sample 87...
Starting computation...
    Writing took     8.100489 ms
    Computation took 344.725782 ms
    Reading took     309.798000 us
  Sample 88...
Starting computation...
    Writing took     8.117955 ms
    Computation took 344.782012 ms
    Reading took     410.939000 us
  Sample 89...
Starting computation...
    Writing took     13.846051 ms
    Computation took 344.515827 ms
    Reading took     525.436000 us
  Sample 90...
Starting computation...
    Writing took     15.134153 ms
    Computation took 343.492776 ms
    Reading took     484.616000 us
  Sample 91...
Starting computation...
    Writing took     9.095091 ms
    Computation took 343.923838 ms
    Reading took     307.889000 us
  Sample 92...
Starting computation...
    Writing took     8.582258 ms
    Computation took 343.814524 ms
    Reading took     307.068000 us
  Sample 93...
Starting computation...
    Writing took     8.148202 ms
    Computation took 344.033595 ms
    Reading took     308.747000 us
  Sample 94...
Starting computation...
    Writing took     8.214827 ms
    Computation took 344.439998 ms
    Reading took     306.128000 us
  Sample 95...
Starting computation...
    Writing took     8.072384 ms
    Computation took 345.222684 ms
    Reading took     293.311000 us
  Sample 96...
Starting computation...
    Writing took     8.056811 ms
    Computation took 345.629241 ms
    Reading took     346.585000 us
  Sample 97...
Starting computation...
    Writing took     10.031072 ms
    Computation took 344.687211 ms
    Reading took     290.463000 us
  Sample 98...
Starting computation...
    Writing took     8.665413 ms
    Computation took 345.383445 ms
    Reading took     292.054000 us
  Sample 99...
Starting computation...
    Writing took     8.088034 ms
    Computation took 345.753851 ms
    Reading took     292.204000 us
Mean computation time: 344.462050 ms
Mean deviation: 981.107000 us (0.284823%)
Mean computation time (per hash): 3.160201 ms
Mean deviation (per hash): 9.000000 us
