Using device #0: CUDA Device 'GeForce GTX 1080 Ti'
  Sample 0...
Starting computation...
    Writing took     9.379563 ms
    Computation took 271.297709 ms
    Reading took     223.482000 us
  Sample 1...
Starting computation...
    Writing took     6.008711 ms
    Computation took 271.049955 ms
    Reading took     219.865000 us
  Sample 2...
Starting computation...
    Writing took     6.112434 ms
    Computation took 271.195602 ms
    Reading took     189.992000 us
  Sample 3...
Starting computation...
    Writing took     5.191605 ms
    Computation took 271.005694 ms
    Reading took     219.471000 us
  Sample 4...
Starting computation...
    Writing took     5.834247 ms
    Computation took 271.274110 ms
    Reading took     230.107000 us
  Sample 5...
Starting computation...
    Writing took     5.334370 ms
    Computation took 271.053864 ms
    Reading took     205.255000 us
  Sample 6...
Starting computation...
    Writing took     5.506595 ms
    Computation took 271.198946 ms
    Reading took     202.753000 us
  Sample 7...
Starting computation...
    Writing took     5.770293 ms
    Computation took 270.993877 ms
    Reading took     210.220000 us
  Sample 8...
Starting computation...
    Writing took     5.425200 ms
    Computation took 270.886551 ms
    Reading took     205.141000 us
  Sample 9...
Starting computation...
    Writing took     5.813136 ms
    Computation took 270.991376 ms
    Reading took     220.731000 us
  Sample 10...
Starting computation...
    Writing took     6.180264 ms
    Computation took 271.119945 ms
    Reading took     223.240000 us
  Sample 11...
Starting computation...
    Writing took     6.049847 ms
    Computation took 271.377564 ms
    Reading took     175.566000 us
  Sample 12...
Starting computation...
    Writing took     4.776226 ms
    Computation took 271.756729 ms
    Reading took     194.501000 us
  Sample 13...
Starting computation...
    Writing took     4.419299 ms
    Computation took 272.034548 ms
    Reading took     220.727000 us
  Sample 14...
Starting computation...
    Writing took     6.067370 ms
    Computation took 275.600986 ms
    Reading took     227.385000 us
  Sample 15...
Starting computation...
    Writing took     6.008168 ms
    Computation took 275.522198 ms
    Reading took     195.535000 us
  Sample 16...
Starting computation...
    Writing took     5.385648 ms
    Computation took 275.741265 ms
    Reading took     174.140000 us
  Sample 17...
Starting computation...
    Writing took     4.704126 ms
    Computation took 273.657584 ms
    Reading took     176.584000 us
  Sample 18...
Starting computation...
    Writing took     4.861541 ms
    Computation took 272.795771 ms
    Reading took     203.393000 us
  Sample 19...
Starting computation...
    Writing took     5.502843 ms
    Computation took 271.133640 ms
    Reading took     178.605000 us
  Sample 20...
Starting computation...
    Writing took     4.749176 ms
    Computation took 271.062466 ms
    Reading took     174.522000 us
  Sample 21...
Starting computation...
    Writing took     4.364750 ms
    Computation took 271.255038 ms
    Reading took     174.088000 us
  Sample 22...
Starting computation...
    Writing took     5.556552 ms
    Computation took 271.927758 ms
    Reading took     183.974000 us
  Sample 23...
Starting computation...
    Writing took     4.980509 ms
    Computation took 271.045266 ms
    Reading took     206.282000 us
  Sample 24...
Starting computation...
    Writing took     5.166881 ms
    Computation took 271.931979 ms
    Reading took     307.997000 us
  Sample 25...
Starting computation...
    Writing took     6.323356 ms
    Computation took 271.123333 ms
    Reading took     290.744000 us
  Sample 26...
Starting computation...
    Writing took     5.072423 ms
    Computation took 271.493960 ms
    Reading took     206.805000 us
  Sample 27...
Starting computation...
    Writing took     5.146496 ms
    Computation took 272.242517 ms
    Reading took     232.040000 us
  Sample 28...
Starting computation...
    Writing took     5.199832 ms
    Computation took 273.401947 ms
    Reading took     210.230000 us
  Sample 29...
Starting computation...
    Writing took     5.398059 ms
    Computation took 273.124384 ms
    Reading took     176.144000 us
  Sample 30...
Starting computation...
    Writing took     4.389711 ms
    Computation took 272.619408 ms
    Reading took     208.938000 us
  Sample 31...
Starting computation...
    Writing took     5.983495 ms
    Computation took 272.169877 ms
    Reading took     231.651000 us
  Sample 32...
Starting computation...
    Writing took     6.044132 ms
    Computation took 271.094215 ms
    Reading took     232.829000 us
  Sample 33...
Starting computation...
    Writing took     6.065948 ms
    Computation took 271.084545 ms
    Reading took     203.059000 us
  Sample 34...
Starting computation...
    Writing took     5.326456 ms
    Computation took 271.821873 ms
    Reading took     209.410000 us
  Sample 35...
Starting computation...
    Writing took     5.647967 ms
    Computation took 272.647919 ms
    Reading took     190.639000 us
  Sample 36...
Starting computation...
    Writing took     4.796239 ms
    Computation took 273.355911 ms
    Reading took     184.152000 us
  Sample 37...
Starting computation...
    Writing took     4.460135 ms
    Computation took 272.526456 ms
    Reading took     241.638000 us
  Sample 38...
Starting computation...
    Writing took     6.365583 ms
    Computation took 271.619648 ms
    Reading took     238.424000 us
  Sample 39...
Starting computation...
    Writing took     6.074681 ms
    Computation took 272.653546 ms
    Reading took     240.805000 us
  Sample 40...
Starting computation...
    Writing took     6.271138 ms
    Computation took 271.356331 ms
    Reading took     199.907000 us
  Sample 41...
Starting computation...
    Writing took     5.207754 ms
    Computation took 271.827082 ms
    Reading took     208.681000 us
  Sample 42...
Starting computation...
    Writing took     5.201779 ms
    Computation took 273.643534 ms
    Reading took     176.390000 us
  Sample 43...
Starting computation...
    Writing took     4.631989 ms
    Computation took 272.908828 ms
    Reading took     190.577000 us
  Sample 44...
Starting computation...
    Writing took     4.829508 ms
    Computation took 271.919845 ms
    Reading took     180.685000 us
  Sample 45...
Starting computation...
    Writing took     4.425875 ms
    Computation took 272.987181 ms
    Reading took     210.680000 us
  Sample 46...
Starting computation...
    Writing took     5.460304 ms
    Computation took 272.955940 ms
    Reading took     202.508000 us
  Sample 47...
Starting computation...
    Writing took     5.171800 ms
    Computation took 273.451332 ms
    Reading took     202.160000 us
  Sample 48...
Starting computation...
    Writing took     5.182514 ms
    Computation took 273.596874 ms
    Reading took     227.538000 us
  Sample 49...
Starting computation...
    Writing took     5.612803 ms
    Computation took 273.677280 ms
    Reading took     213.768000 us
  Sample 50...
Starting computation...
    Writing took     5.594268 ms
    Computation took 271.722880 ms
    Reading took     215.528000 us
  Sample 51...
Starting computation...
    Writing took     5.603954 ms
    Computation took 272.772117 ms
    Reading took     213.713000 us
  Sample 52...
Starting computation...
    Writing took     5.128909 ms
    Computation took 271.387450 ms
    Reading took     217.386000 us
  Sample 53...
Starting computation...
    Writing took     5.560291 ms
    Computation took 271.895191 ms
    Reading took     202.040000 us
  Sample 54...
Starting computation...
    Writing took     5.024365 ms
    Computation took 272.472748 ms
    Reading took     190.865000 us
  Sample 55...
Starting computation...
    Writing took     4.802975 ms
    Computation took 273.818403 ms
    Reading took     217.847000 us
  Sample 56...
Starting computation...
    Writing took     5.567362 ms
    Computation took 276.006276 ms
    Reading took     220.478000 us
  Sample 57...
Starting computation...
    Writing took     6.003301 ms
    Computation took 275.673737 ms
    Reading took     231.258000 us
  Sample 58...
Starting computation...
    Writing took     6.045755 ms
    Computation took 274.603446 ms
    Reading took     177.714000 us
  Sample 59...
Starting computation...
    Writing took     4.810728 ms
    Computation took 272.814288 ms
    Reading took     204.643000 us
  Sample 60...
Starting computation...
    Writing took     5.855071 ms
    Computation took 272.192649 ms
    Reading took     233.312000 us
  Sample 61...
Starting computation...
    Writing took     6.084386 ms
    Computation took 272.039637 ms
    Reading took     272.671000 us
  Sample 62...
Starting computation...
    Writing took     7.213101 ms
    Computation took 271.097927 ms
    Reading took     243.931000 us
  Sample 63...
Starting computation...
    Writing took     6.255737 ms
    Computation took 272.535309 ms
    Reading took     229.508000 us
  Sample 64...
Starting computation...
    Writing took     9.726200 ms
    Computation took 276.674417 ms
    Reading took     221.380000 us
  Sample 65...
Starting computation...
    Writing took     5.565021 ms
    Computation took 276.301286 ms
    Reading took     195.249000 us
  Sample 66...
Starting computation...
    Writing took     5.011660 ms
    Computation took 275.853172 ms
    Reading took     187.681000 us
  Sample 67...
Starting computation...
    Writing took     4.669285 ms
    Computation took 273.981829 ms
    Reading took     242.718000 us
  Sample 68...
Starting computation...
    Writing took     6.100523 ms
    Computation took 272.834762 ms
    Reading took     259.913000 us
  Sample 69...
Starting computation...
    Writing took     6.081179 ms
    Computation took 271.439744 ms
    Reading took     195.505000 us
  Sample 70...
Starting computation...
    Writing took     5.060890 ms
    Computation took 271.001839 ms
    Reading took     258.853000 us
  Sample 71...
Starting computation...
    Writing took     7.275784 ms
    Computation took 271.401002 ms
    Reading took     285.507000 us
  Sample 72...
Starting computation...
    Writing took     8.082802 ms
    Computation took 272.458578 ms
    Reading took     176.126000 us
  Sample 73...
Starting computation...
    Writing took     4.390663 ms
    Computation took 271.776475 ms
    Reading took     210.115000 us
  Sample 74...
Starting computation...
    Writing took     5.570937 ms
    Computation took 273.099870 ms
    Reading took     221.917000 us
  Sample 75...
Starting computation...
    Writing took     6.077521 ms
    Computation took 274.981257 ms
    Reading took     226.929000 us
  Sample 76...
Starting computation...
    Writing took     6.030503 ms
    Computation took 274.071887 ms
    Reading took     233.310000 us
  Sample 77...
Starting computation...
    Writing took     6.094913 ms
    Computation took 273.433696 ms
    Reading took     231.600000 us
  Sample 78...
Starting computation...
    Writing took     6.114715 ms
    Computation took 272.484633 ms
    Reading took     284.857000 us
  Sample 79...
Starting computation...
    Writing took     8.583217 ms
    Computation took 271.918679 ms
    Reading took     217.274000 us
  Sample 80...
Starting computation...
    Writing took     5.597020 ms
    Computation took 271.161643 ms
    Reading took     224.068000 us
  Sample 81...
Starting computation...
    Writing took     5.448749 ms
    Computation took 271.710767 ms
    Reading took     206.711000 us
  Sample 82...
Starting computation...
    Writing took     5.210706 ms
    Computation took 271.724029 ms
    Reading took     210.373000 us
  Sample 83...
Starting computation...
    Writing took     5.422100 ms
    Computation took 272.270992 ms
    Reading took     226.823000 us
  Sample 84...
Starting computation...
    Writing took     4.393550 ms
    Computation took 271.920363 ms
    Reading took     200.863000 us
  Sample 85...
Starting computation...
    Writing took     5.199301 ms
    Computation took 272.934667 ms
    Reading took     211.036000 us
  Sample 86...
Starting computation...
    Writing took     5.500070 ms
    Computation took 272.786447 ms
    Reading took     219.648000 us
  Sample 87...
Starting computation...
    Writing took     5.990602 ms
    Computation took 272.871729 ms
    Reading took     187.807000 us
  Sample 88...
Starting computation...
    Writing took     4.451418 ms
    Computation took 275.219925 ms
    Reading took     208.740000 us
  Sample 89...
Starting computation...
    Writing took     5.070574 ms
    Computation took 279.969922 ms
    Reading took     191.100000 us
  Sample 90...
Starting computation...
    Writing took     4.822381 ms
    Computation took 278.231693 ms
    Reading took     196.266000 us
  Sample 91...
Starting computation...
    Writing took     5.005744 ms
    Computation took 276.618392 ms
    Reading took     202.599000 us
  Sample 92...
Starting computation...
    Writing took     5.026905 ms
    Computation took 276.124675 ms
    Reading took     215.128000 us
  Sample 93...
Starting computation...
    Writing took     5.639031 ms
    Computation took 273.843976 ms
    Reading took     271.634000 us
  Sample 94...
Starting computation...
    Writing took     5.629201 ms
    Computation took 272.682548 ms
    Reading took     187.821000 us
  Sample 95...
Starting computation...
    Writing took     4.666180 ms
    Computation took 271.581271 ms
    Reading took     252.950000 us
  Sample 96...
Starting computation...
    Writing took     5.693667 ms
    Computation took 271.159318 ms
    Reading took     186.571000 us
  Sample 97...
Starting computation...
    Writing took     4.682619 ms
    Computation took 270.877219 ms
    Reading took     185.145000 us
  Sample 98...
Starting computation...
    Writing took     4.355413 ms
    Computation took 271.170953 ms
    Reading took     420.264000 us
  Sample 99...
Starting computation...
    Writing took     11.351291 ms
    Computation took 273.421719 ms
    Reading took     232.051000 us
Mean computation time: 272.732416 ms
Mean deviation: 1.321359 ms (0.484489%)
Mean computation time (per hash): 3.636431 ms
Mean deviation (per hash): 17.617000 us
