Using device #0: CUDA Device 'GeForce GTX 1080 Ti'
  Sample 0...
Starting computation...
    Writing took     3.444512 ms
    Computation took 202.227918 ms
    Reading took     87.185000 us
  Sample 1...
Starting computation...
    Writing took     2.099730 ms
    Computation took 202.182900 ms
    Reading took     91.458000 us
  Sample 2...
Starting computation...
    Writing took     2.200222 ms
    Computation took 202.191038 ms
    Reading took     84.092000 us
  Sample 3...
Starting computation...
    Writing took     2.307137 ms
    Computation took 202.226223 ms
    Reading took     81.205000 us
  Sample 4...
Starting computation...
    Writing took     2.053562 ms
    Computation took 202.158987 ms
    Reading took     80.439000 us
  Sample 5...
Starting computation...
    Writing took     2.026364 ms
    Computation took 202.239402 ms
    Reading took     167.602000 us
  Sample 6...
Starting computation...
    Writing took     4.513346 ms
    Computation took 202.194394 ms
    Reading took     101.630000 us
  Sample 7...
Starting computation...
    Writing took     2.664205 ms
    Computation took 202.176910 ms
    Reading took     102.250000 us
  Sample 8...
Starting computation...
    Writing took     2.696627 ms
    Computation took 202.197796 ms
    Reading took     102.236000 us
  Sample 9...
Starting computation...
    Writing took     2.721393 ms
    Computation took 202.242957 ms
    Reading took     92.370000 us
  Sample 10...
Starting computation...
    Writing took     2.201924 ms
    Computation took 202.282358 ms
    Reading took     93.845000 us
  Sample 11...
Starting computation...
    Writing took     2.091765 ms
    Computation took 202.253800 ms
    Reading took     87.852000 us
  Sample 12...
Starting computation...
    Writing took     2.081442 ms
    Computation took 202.205195 ms
    Reading took     87.518000 us
  Sample 13...
Starting computation...
    Writing took     2.104951 ms
    Computation took 202.181413 ms
    Reading took     97.382000 us
  Sample 14...
Starting computation...
    Writing took     2.270394 ms
    Computation took 202.181414 ms
    Reading took     88.602000 us
  Sample 15...
Starting computation...
    Writing took     2.178564 ms
    Computation took 202.237320 ms
    Reading took     89.613000 us
  Sample 16...
Starting computation...
    Writing took     2.204757 ms
    Computation took 202.213364 ms
    Reading took     93.756000 us
  Sample 17...
Starting computation...
    Writing took     2.295278 ms
    Computation took 202.243143 ms
    Reading took     132.611000 us
  Sample 18...
Starting computation...
    Writing took     2.162413 ms
    Computation took 202.218626 ms
    Reading took     89.236000 us
  Sample 19...
Starting computation...
    Writing took     2.070351 ms
    Computation took 202.205431 ms
    Reading took     91.996000 us
  Sample 20...
Starting computation...
    Writing took     2.168599 ms
    Computation took 202.279646 ms
    Reading took     93.082000 us
  Sample 21...
Starting computation...
    Writing took     2.233013 ms
    Computation took 201.774679 ms
    Reading took     88.074000 us
  Sample 22...
Starting computation...
    Writing took     2.039154 ms
    Computation took 201.555251 ms
    Reading took     97.535000 us
  Sample 23...
Starting computation...
    Writing took     2.172363 ms
    Computation took 201.520902 ms
    Reading took     94.516000 us
  Sample 24...
Starting computation...
    Writing took     2.239886 ms
    Computation took 201.528246 ms
    Reading took     88.392000 us
  Sample 25...
Starting computation...
    Writing took     2.086070 ms
    Computation took 201.597514 ms
    Reading took     95.440000 us
  Sample 26...
Starting computation...
    Writing took     2.230692 ms
    Computation took 201.553423 ms
    Reading took     92.327000 us
  Sample 27...
Starting computation...
    Writing took     2.236170 ms
    Computation took 201.530130 ms
    Reading took     88.295000 us
  Sample 28...
Starting computation...
    Writing took     2.103054 ms
    Computation took 201.563323 ms
    Reading took     109.163000 us
  Sample 29...
Starting computation...
    Writing took     2.026735 ms
    Computation took 201.553370 ms
    Reading took     102.080000 us
  Sample 30...
Starting computation...
    Writing took     2.320563 ms
    Computation took 201.576928 ms
    Reading took     89.249000 us
  Sample 31...
Starting computation...
    Writing took     2.054671 ms
    Computation took 201.570906 ms
    Reading took     92.236000 us
  Sample 32...
Starting computation...
    Writing took     2.269221 ms
    Computation took 201.538071 ms
    Reading took     88.393000 us
  Sample 33...
Starting computation...
    Writing took     2.281025 ms
    Computation took 201.535205 ms
    Reading took     89.719000 us
  Sample 34...
Starting computation...
    Writing took     2.175205 ms
    Computation took 201.546608 ms
    Reading took     95.357000 us
  Sample 35...
Starting computation...
    Writing took     2.383377 ms
    Computation took 201.546839 ms
    Reading took     91.923000 us
  Sample 36...
Starting computation...
    Writing took     2.279194 ms
    Computation took 201.575846 ms
    Reading took     87.851000 us
  Sample 37...
Starting computation...
    Writing took     2.170518 ms
    Computation took 201.616097 ms
    Reading took     95.912000 us
  Sample 38...
Starting computation...
    Writing took     2.340262 ms
    Computation took 201.525339 ms
    Reading took     94.691000 us
  Sample 39...
Starting computation...
    Writing took     2.415866 ms
    Computation took 201.541261 ms
    Reading took     93.479000 us
  Sample 40...
Starting computation...
    Writing took     2.155095 ms
    Computation took 201.551815 ms
    Reading took     92.825000 us
  Sample 41...
Starting computation...
    Writing took     2.165539 ms
    Computation took 201.581253 ms
    Reading took     97.536000 us
  Sample 42...
Starting computation...
    Writing took     2.262724 ms
    Computation took 201.547445 ms
    Reading took     93.088000 us
  Sample 43...
Starting computation...
    Writing took     2.093029 ms
    Computation took 201.523014 ms
    Reading took     88.258000 us
  Sample 44...
Starting computation...
    Writing took     2.126169 ms
    Computation took 201.568423 ms
    Reading took     90.250000 us
  Sample 45...
Starting computation...
    Writing took     2.127688 ms
    Computation took 201.556075 ms
    Reading took     94.489000 us
  Sample 46...
Starting computation...
    Writing took     2.242969 ms
    Computation took 201.505858 ms
    Reading took     88.914000 us
  Sample 47...
Starting computation...
    Writing took     2.232029 ms
    Computation took 201.535428 ms
    Reading took     88.098000 us
  Sample 48...
Starting computation...
    Writing took     2.200027 ms
    Computation took 201.514312 ms
    Reading took     88.239000 us
  Sample 49...
Starting computation...
    Writing took     2.150447 ms
    Computation took 201.593353 ms
    Reading took     136.554000 us
  Sample 50...
Starting computation...
    Writing took     2.254487 ms
    Computation took 201.573871 ms
    Reading took     94.958000 us
  Sample 51...
Starting computation...
    Writing took     2.289138 ms
    Computation took 201.561710 ms
    Reading took     103.203000 us
  Sample 52...
Starting computation...
    Writing took     2.699272 ms
    Computation took 201.624490 ms
    Reading took     101.831000 us
  Sample 53...
Starting computation...
    Writing took     2.709494 ms
    Computation took 201.547595 ms
    Reading took     84.198000 us
  Sample 54...
Starting computation...
    Writing took     2.118196 ms
    Computation took 201.541395 ms
    Reading took     83.125000 us
  Sample 55...
Starting computation...
    Writing took     2.074064 ms
    Computation took 201.546656 ms
    Reading took     102.664000 us
  Sample 56...
Starting computation...
    Writing took     2.707906 ms
    Computation took 201.593092 ms
    Reading took     102.246000 us
  Sample 57...
Starting computation...
    Writing took     2.707286 ms
    Computation took 201.568314 ms
    Reading took     106.014000 us
  Sample 58...
Starting computation...
    Writing took     2.692556 ms
    Computation took 201.584054 ms
    Reading took     83.199000 us
  Sample 59...
Starting computation...
    Writing took     2.154601 ms
    Computation took 201.608987 ms
    Reading took     87.236000 us
  Sample 60...
Starting computation...
    Writing took     2.154788 ms
    Computation took 201.558993 ms
    Reading took     79.596000 us
  Sample 61...
Starting computation...
    Writing took     2.038523 ms
    Computation took 201.594072 ms
    Reading took     81.643000 us
  Sample 62...
Starting computation...
    Writing took     2.086335 ms
    Computation took 201.556569 ms
    Reading took     85.357000 us
  Sample 63...
Starting computation...
    Writing took     2.215398 ms
    Computation took 203.024162 ms
    Reading took     89.674000 us
  Sample 64...
Starting computation...
    Writing took     2.168614 ms
    Computation took 203.089883 ms
    Reading took     82.462000 us
  Sample 65...
Starting computation...
    Writing took     2.057618 ms
    Computation took 203.070535 ms
    Reading took     86.199000 us
  Sample 66...
Starting computation...
    Writing took     2.156047 ms
    Computation took 203.094290 ms
    Reading took     93.066000 us
  Sample 67...
Starting computation...
    Writing took     2.074404 ms
    Computation took 203.103497 ms
    Reading took     82.925000 us
  Sample 68...
Starting computation...
    Writing took     2.025964 ms
    Computation took 203.146820 ms
    Reading took     81.125000 us
  Sample 69...
Starting computation...
    Writing took     2.097227 ms
    Computation took 203.111791 ms
    Reading took     82.657000 us
  Sample 70...
Starting computation...
    Writing took     2.049778 ms
    Computation took 203.109121 ms
    Reading took     85.183000 us
  Sample 71...
Starting computation...
    Writing took     2.234238 ms
    Computation took 203.152280 ms
    Reading took     89.440000 us
  Sample 72...
Starting computation...
    Writing took     2.223364 ms
    Computation took 203.096949 ms
    Reading took     81.835000 us
  Sample 73...
Starting computation...
    Writing took     2.058565 ms
    Computation took 203.111740 ms
    Reading took     78.413000 us
  Sample 74...
Starting computation...
    Writing took     2.024423 ms
    Computation took 203.148480 ms
    Reading took     154.635000 us
  Sample 75...
Starting computation...
    Writing took     4.262430 ms
    Computation took 203.153552 ms
    Reading took     108.786000 us
  Sample 76...
Starting computation...
    Writing took     2.956000 ms
    Computation took 203.138481 ms
    Reading took     108.674000 us
  Sample 77...
Starting computation...
    Writing took     2.907071 ms
    Computation took 203.142688 ms
    Reading took     114.918000 us
  Sample 78...
Starting computation...
    Writing took     2.785104 ms
    Computation took 203.132570 ms
    Reading took     112.272000 us
  Sample 79...
Starting computation...
    Writing took     2.668171 ms
    Computation took 203.167801 ms
    Reading took     109.366000 us
  Sample 80...
Starting computation...
    Writing took     3.155784 ms
    Computation took 203.130688 ms
    Reading took     101.141000 us
  Sample 81...
Starting computation...
    Writing took     2.636897 ms
    Computation took 203.147358 ms
    Reading took     126.582000 us
  Sample 82...
Starting computation...
    Writing took     2.680382 ms
    Computation took 203.148054 ms
    Reading took     102.132000 us
  Sample 83...
Starting computation...
    Writing took     2.647661 ms
    Computation took 203.135247 ms
    Reading took     101.734000 us
  Sample 84...
Starting computation...
    Writing took     2.723569 ms
    Computation took 203.116605 ms
    Reading took     103.476000 us
  Sample 85...
Starting computation...
    Writing took     2.666652 ms
    Computation took 203.164936 ms
    Reading took     94.942000 us
  Sample 86...
Starting computation...
    Writing took     2.432355 ms
    Computation took 203.131936 ms
    Reading took     95.730000 us
  Sample 87...
Starting computation...
    Writing took     2.431306 ms
    Computation took 203.120483 ms
    Reading took     149.228000 us
  Sample 88...
Starting computation...
    Writing took     3.999403 ms
    Computation took 203.138485 ms
    Reading took     90.571000 us
  Sample 89...
Starting computation...
    Writing took     2.279877 ms
    Computation took 203.205216 ms
    Reading took     164.684000 us
  Sample 90...
Starting computation...
    Writing took     4.548310 ms
    Computation took 203.162436 ms
    Reading took     106.040000 us
  Sample 91...
Starting computation...
    Writing took     2.860197 ms
    Computation took 203.066496 ms
    Reading took     110.799000 us
  Sample 92...
Starting computation...
    Writing took     2.859217 ms
    Computation took 203.153075 ms
    Reading took     110.175000 us
  Sample 93...
Starting computation...
    Writing took     2.920663 ms
    Computation took 203.170926 ms
    Reading took     87.647000 us
  Sample 94...
Starting computation...
    Writing took     2.221988 ms
    Computation took 203.186943 ms
    Reading took     86.787000 us
  Sample 95...
Starting computation...
    Writing took     2.251285 ms
    Computation took 203.119138 ms
    Reading took     86.515000 us
  Sample 96...
Starting computation...
    Writing took     2.207882 ms
    Computation took 203.138765 ms
    Reading took     82.108000 us
  Sample 97...
Starting computation...
    Writing took     2.075561 ms
    Computation took 203.160429 ms
    Reading took     102.651000 us
  Sample 98...
Starting computation...
    Writing took     2.695153 ms
    Computation took 203.192137 ms
    Reading took     233.816000 us
  Sample 99...
Starting computation...
    Writing took     6.469227 ms
    Computation took 203.188967 ms
    Reading took     109.800000 us
Mean computation time: 202.281999 ms
Mean deviation: 630.787000 us (0.311835%)
Mean computation time (per hash): 5.618943 ms
Mean deviation (per hash): 17.521000 us
