Using device #0: CUDA Device 'GeForce GTX 1080 Ti'
  Sample 0...
Starting computation...
    Writing took     8.121846 ms
    Computation took 365.417117 ms
    Reading took     321.760000 us
  Sample 1...
Starting computation...
    Writing took     7.926818 ms
    Computation took 366.338971 ms
    Reading took     295.828000 us
  Sample 2...
Starting computation...
    Writing took     8.377604 ms
    Computation took 365.600514 ms
    Reading took     306.514000 us
  Sample 3...
Starting computation...
    Writing took     8.220750 ms
    Computation took 366.324719 ms
    Reading took     309.121000 us
  Sample 4...
Starting computation...
    Writing took     8.486334 ms
    Computation took 365.688534 ms
    Reading took     306.525000 us
  Sample 5...
Starting computation...
    Writing took     8.213062 ms
    Computation took 365.370351 ms
    Reading took     298.346000 us
  Sample 6...
Starting computation...
    Writing took     8.198243 ms
    Computation took 365.888899 ms
    Reading took     286.758000 us
  Sample 7...
Starting computation...
    Writing took     7.767866 ms
    Computation took 365.447346 ms
    Reading took     297.631000 us
  Sample 8...
Starting computation...
    Writing took     8.418774 ms
    Computation took 366.264066 ms
    Reading took     298.490000 us
  Sample 9...
Starting computation...
    Writing took     8.208765 ms
    Computation took 367.040821 ms
    Reading took     296.633000 us
  Sample 10...
Starting computation...
    Writing took     8.211538 ms
    Computation took 365.498264 ms
    Reading took     305.378000 us
  Sample 11...
Starting computation...
    Writing took     8.591971 ms
    Computation took 364.962171 ms
    Reading took     298.283000 us
  Sample 12...
Starting computation...
    Writing took     8.182076 ms
    Computation took 365.869860 ms
    Reading took     296.032000 us
  Sample 13...
Starting computation...
    Writing took     8.216696 ms
    Computation took 365.747141 ms
    Reading took     335.553000 us
  Sample 14...
Starting computation...
    Writing took     10.281894 ms
    Computation took 365.697955 ms
    Reading took     380.545000 us
  Sample 15...
Starting computation...
    Writing took     9.184163 ms
    Computation took 365.373668 ms
    Reading took     466.900000 us
  Sample 16...
Starting computation...
    Writing took     13.715241 ms
    Computation took 364.247031 ms
    Reading took     287.233000 us
  Sample 17...
Starting computation...
    Writing took     8.031428 ms
    Computation took 364.186712 ms
    Reading took     328.976000 us
  Sample 18...
Starting computation...
    Writing took     8.945439 ms
    Computation took 364.807163 ms
    Reading took     307.038000 us
  Sample 19...
Starting computation...
    Writing took     10.610082 ms
    Computation took 365.623754 ms
    Reading took     298.151000 us
  Sample 20...
Starting computation...
    Writing took     8.224077 ms
    Computation took 364.501900 ms
    Reading took     522.133000 us
  Sample 21...
Starting computation...
    Writing took     15.371933 ms
    Computation took 367.421857 ms
    Reading took     330.604000 us
  Sample 22...
Starting computation...
    Writing took     8.940374 ms
    Computation took 365.683173 ms
    Reading took     305.793000 us
  Sample 23...
Starting computation...
    Writing took     8.195968 ms
    Computation took 366.340528 ms
    Reading took     317.371000 us
  Sample 24...
Starting computation...
    Writing took     7.978630 ms
    Computation took 364.865224 ms
    Reading took     307.499000 us
  Sample 25...
Starting computation...
    Writing took     7.943797 ms
    Computation took 366.588558 ms
    Reading took     308.587000 us
  Sample 26...
Starting computation...
    Writing took     7.953549 ms
    Computation took 366.828945 ms
    Reading took     297.974000 us
  Sample 27...
Starting computation...
    Writing took     8.189167 ms
    Computation took 365.684195 ms
    Reading took     302.855000 us
  Sample 28...
Starting computation...
    Writing took     8.192276 ms
    Computation took 365.904066 ms
    Reading took     299.162000 us
  Sample 29...
Starting computation...
    Writing took     8.223498 ms
    Computation took 366.767125 ms
    Reading took     296.118000 us
  Sample 30...
Starting computation...
    Writing took     8.581047 ms
    Computation took 365.819307 ms
    Reading took     295.686000 us
  Sample 31...
Starting computation...
    Writing took     8.202165 ms
    Computation took 365.584058 ms
    Reading took     289.499000 us
  Sample 32...
Starting computation...
    Writing took     7.958831 ms
    Computation took 366.013241 ms
    Reading took     569.421000 us
  Sample 33...
Starting computation...
    Writing took     16.905248 ms
    Computation took 367.314156 ms
    Reading took     297.903000 us
  Sample 34...
Starting computation...
    Writing took     8.212943 ms
    Computation took 366.803602 ms
    Reading took     565.367000 us
  Sample 35...
Starting computation...
    Writing took     15.986854 ms
    Computation took 364.606760 ms
    Reading took     319.482000 us
  Sample 36...
Starting computation...
    Writing took     8.931332 ms
    Computation took 365.265689 ms
    Reading took     297.516000 us
  Sample 37...
Starting computation...
    Writing took     8.213614 ms
    Computation took 365.618436 ms
    Reading took     410.489000 us
  Sample 38...
Starting computation...
    Writing took     10.261384 ms
    Computation took 365.899652 ms
    Reading took     309.360000 us
  Sample 39...
Starting computation...
    Writing took     8.172422 ms
    Computation took 367.326113 ms
    Reading took     326.908000 us
  Sample 40...
Starting computation...
    Writing took     8.215661 ms
    Computation took 366.801634 ms
    Reading took     486.953000 us
  Sample 41...
Starting computation...
    Writing took     11.793467 ms
    Computation took 365.587694 ms
    Reading took     300.211000 us
  Sample 42...
Starting computation...
    Writing took     8.464304 ms
    Computation took 364.928660 ms
    Reading took     289.410000 us
  Sample 43...
Starting computation...
    Writing took     8.079745 ms
    Computation took 364.949978 ms
    Reading took     299.334000 us
  Sample 44...
Starting computation...
    Writing took     8.182765 ms
    Computation took 365.999743 ms
    Reading took     296.480000 us
  Sample 45...
Starting computation...
    Writing took     8.215645 ms
    Computation took 368.796892 ms
    Reading took     333.435000 us
  Sample 46...
Starting computation...
    Writing took     8.239245 ms
    Computation took 369.517076 ms
    Reading took     312.839000 us
  Sample 47...
Starting computation...
    Writing took     8.290525 ms
    Computation took 366.917573 ms
    Reading took     494.104000 us
  Sample 48...
Starting computation...
    Writing took     14.800448 ms
    Computation took 365.157236 ms
    Reading took     320.851000 us
  Sample 49...
Starting computation...
    Writing took     8.465499 ms
    Computation took 365.574521 ms
    Reading took     412.465000 us
  Sample 50...
Starting computation...
    Writing took     10.043907 ms
    Computation took 365.749799 ms
    Reading took     316.926000 us
  Sample 51...
Starting computation...
    Writing took     8.252255 ms
    Computation took 363.886223 ms
    Reading took     428.552000 us
  Sample 52...
Starting computation...
    Writing took     8.561951 ms
    Computation took 365.939748 ms
    Reading took     313.958000 us
  Sample 53...
Starting computation...
    Writing took     10.027673 ms
    Computation took 364.926208 ms
    Reading took     319.588000 us
  Sample 54...
Starting computation...
    Writing took     8.212662 ms
    Computation took 365.736907 ms
    Reading took     316.760000 us
  Sample 55...
Starting computation...
    Writing took     10.515076 ms
    Computation took 365.440731 ms
    Reading took     297.890000 us
  Sample 56...
Starting computation...
    Writing took     8.206773 ms
    Computation took 364.110143 ms
    Reading took     295.653000 us
  Sample 57...
Starting computation...
    Writing took     8.200941 ms
    Computation took 364.826526 ms
    Reading took     305.703000 us
  Sample 58...
Starting computation...
    Writing took     7.917531 ms
    Computation took 365.665564 ms
    Reading took     296.730000 us
  Sample 59...
Starting computation...
    Writing took     8.211813 ms
    Computation took 365.597012 ms
    Reading took     295.281000 us
  Sample 60...
Starting computation...
    Writing took     8.205292 ms
    Computation took 366.001234 ms
    Reading took     295.663000 us
  Sample 61...
Starting computation...
    Writing took     8.197639 ms
    Computation took 364.823716 ms
    Reading took     296.768000 us
  Sample 62...
Starting computation...
    Writing took     9.865222 ms
    Computation took 366.159868 ms
    Reading took     269.189000 us
  Sample 63...
Starting computation...
    Writing took     7.507667 ms
    Computation took 366.063006 ms
    Reading took     298.336000 us
  Sample 64...
Starting computation...
    Writing took     8.204415 ms
    Computation took 365.461597 ms
    Reading took     296.456000 us
  Sample 65...
Starting computation...
    Writing took     8.194936 ms
    Computation took 364.054263 ms
    Reading took     320.526000 us
  Sample 66...
Starting computation...
    Writing took     9.119626 ms
    Computation took 365.664680 ms
    Reading took     301.275000 us
  Sample 67...
Starting computation...
    Writing took     8.219288 ms
    Computation took 366.405851 ms
    Reading took     304.416000 us
  Sample 68...
Starting computation...
    Writing took     8.194026 ms
    Computation took 365.377559 ms
    Reading took     277.955000 us
  Sample 69...
Starting computation...
    Writing took     7.573722 ms
    Computation took 366.658973 ms
    Reading took     296.143000 us
  Sample 70...
Starting computation...
    Writing took     8.077070 ms
    Computation took 367.353078 ms
    Reading took     317.775000 us
  Sample 71...
Starting computation...
    Writing took     8.797207 ms
    Computation took 365.716922 ms
    Reading took     309.844000 us
  Sample 72...
Starting computation...
    Writing took     8.763264 ms
    Computation took 364.545760 ms
    Reading took     326.099000 us
  Sample 73...
Starting computation...
    Writing took     8.208732 ms
    Computation took 365.763515 ms
    Reading took     294.743000 us
  Sample 74...
Starting computation...
    Writing took     7.845340 ms
    Computation took 365.305814 ms
    Reading took     321.708000 us
  Sample 75...
Starting computation...
    Writing took     8.003860 ms
    Computation took 365.711415 ms
    Reading took     369.163000 us
  Sample 76...
Starting computation...
    Writing took     8.292508 ms
    Computation took 365.377011 ms
    Reading took     650.205000 us
  Sample 77...
Starting computation...
    Writing took     17.685669 ms
    Computation took 364.606423 ms
    Reading took     343.653000 us
  Sample 78...
Starting computation...
    Writing took     9.055049 ms
    Computation took 365.011164 ms
    Reading took     518.797000 us
  Sample 79...
Starting computation...
    Writing took     13.317060 ms
    Computation took 366.202088 ms
    Reading took     297.505000 us
  Sample 80...
Starting computation...
    Writing took     8.220715 ms
    Computation took 364.854715 ms
    Reading took     297.270000 us
  Sample 81...
Starting computation...
    Writing took     8.222743 ms
    Computation took 366.306758 ms
    Reading took     298.405000 us
  Sample 82...
Starting computation...
    Writing took     8.223921 ms
    Computation took 366.117906 ms
    Reading took     297.201000 us
  Sample 83...
Starting computation...
    Writing took     8.481821 ms
    Computation took 365.692312 ms
    Reading took     321.395000 us
  Sample 84...
Starting computation...
    Writing took     8.939494 ms
    Computation took 366.472510 ms
    Reading took     302.717000 us
  Sample 85...
Starting computation...
    Writing took     8.183696 ms
    Computation took 365.179476 ms
    Reading took     298.246000 us
  Sample 86...
Starting computation...
    Writing took     8.188684 ms
    Computation took 366.254909 ms
    Reading took     295.644000 us
  Sample 87...
Starting computation...
    Writing took     8.182562 ms
    Computation took 365.544815 ms
    Reading took     296.434000 us
  Sample 88...
Starting computation...
    Writing took     8.196772 ms
    Computation took 365.441381 ms
    Reading took     397.348000 us
  Sample 89...
Starting computation...
    Writing took     8.960017 ms
    Computation took 365.790168 ms
    Reading took     295.711000 us
  Sample 90...
Starting computation...
    Writing took     8.209847 ms
    Computation took 365.188489 ms
    Reading took     563.777000 us
  Sample 91...
Starting computation...
    Writing took     15.616880 ms
    Computation took 363.929481 ms
    Reading took     316.211000 us
  Sample 92...
Starting computation...
    Writing took     9.965371 ms
    Computation took 364.486410 ms
    Reading took     298.581000 us
  Sample 93...
Starting computation...
    Writing took     8.201195 ms
    Computation took 364.444544 ms
    Reading took     311.538000 us
  Sample 94...
Starting computation...
    Writing took     7.964608 ms
    Computation took 365.363984 ms
    Reading took     296.951000 us
  Sample 95...
Starting computation...
    Writing took     8.203837 ms
    Computation took 364.026378 ms
    Reading took     295.293000 us
  Sample 96...
Starting computation...
    Writing took     8.209442 ms
    Computation took 365.098999 ms
    Reading took     327.358000 us
  Sample 97...
Starting computation...
    Writing took     8.944018 ms
    Computation took 366.885147 ms
    Reading took     309.471000 us
  Sample 98...
Starting computation...
    Writing took     7.664166 ms
    Computation took 365.166397 ms
    Reading took     511.224000 us
  Sample 99...
Starting computation...
    Writing took     13.810411 ms
    Computation took 363.739672 ms
    Reading took     297.609000 us
Mean computation time: 365.665898 ms
Mean deviation: 686.147000 us (0.187643%)
Mean computation time (per hash): 3.294286 ms
Mean deviation (per hash): 6.181000 us
