Using device #0: CUDA Device 'GeForce GTX 1080 Ti'
  Sample 0...
Starting computation...
    Writing took     853.582000 us
    Computation took 182.029732 ms
    Reading took     26.758000 us
  Sample 1...
Starting computation...
    Writing took     577.862000 us
    Computation took 181.889516 ms
    Reading took     33.233000 us
  Sample 2...
Starting computation...
    Writing took     839.824000 us
    Computation took 181.939333 ms
    Reading took     24.092000 us
  Sample 3...
Starting computation...
    Writing took     577.402000 us
    Computation took 181.873862 ms
    Reading took     21.800000 us
  Sample 4...
Starting computation...
    Writing took     506.723000 us
    Computation took 181.914389 ms
    Reading took     23.233000 us
  Sample 5...
Starting computation...
    Writing took     529.278000 us
    Computation took 181.911788 ms
    Reading took     22.034000 us
  Sample 6...
Starting computation...
    Writing took     507.927000 us
    Computation took 181.928940 ms
    Reading took     18.926000 us
  Sample 7...
Starting computation...
    Writing took     438.965000 us
    Computation took 181.885232 ms
    Reading took     20.015000 us
  Sample 8...
Starting computation...
    Writing took     439.921000 us
    Computation took 181.895992 ms
    Reading took     22.770000 us
  Sample 9...
Starting computation...
    Writing took     525.943000 us
    Computation took 181.930856 ms
    Reading took     34.867000 us
  Sample 10...
Starting computation...
    Writing took     794.195000 us
    Computation took 181.946749 ms
    Reading took     25.720000 us
  Sample 11...
Starting computation...
    Writing took     583.402000 us
    Computation took 181.917900 ms
    Reading took     25.229000 us
  Sample 12...
Starting computation...
    Writing took     583.098000 us
    Computation took 181.914962 ms
    Reading took     24.793000 us
  Sample 13...
Starting computation...
    Writing took     576.579000 us
    Computation took 181.935629 ms
    Reading took     24.217000 us
  Sample 14...
Starting computation...
    Writing took     566.142000 us
    Computation took 181.889632 ms
    Reading took     21.073000 us
  Sample 15...
Starting computation...
    Writing took     461.834000 us
    Computation took 181.893485 ms
    Reading took     23.397000 us
  Sample 16...
Starting computation...
    Writing took     535.017000 us
    Computation took 181.907606 ms
    Reading took     22.559000 us
  Sample 17...
Starting computation...
    Writing took     496.036000 us
    Computation took 181.862709 ms
    Reading took     23.838000 us
  Sample 18...
Starting computation...
    Writing took     601.002000 us
    Computation took 181.933675 ms
    Reading took     34.971000 us
  Sample 19...
Starting computation...
    Writing took     676.561000 us
    Computation took 181.948698 ms
    Reading took     25.871000 us
  Sample 20...
Starting computation...
    Writing took     536.259000 us
    Computation took 181.911442 ms
    Reading took     24.855000 us
  Sample 21...
Starting computation...
    Writing took     535.139000 us
    Computation took 181.916330 ms
    Reading took     49.572000 us
  Sample 22...
Starting computation...
    Writing took     496.351000 us
    Computation took 181.927792 ms
    Reading took     36.575000 us
  Sample 23...
Starting computation...
    Writing took     960.105000 us
    Computation took 181.905863 ms
    Reading took     24.247000 us
  Sample 24...
Starting computation...
    Writing took     565.905000 us
    Computation took 181.882943 ms
    Reading took     23.213000 us
  Sample 25...
Starting computation...
    Writing took     515.886000 us
    Computation took 181.854708 ms
    Reading took     21.159000 us
  Sample 26...
Starting computation...
    Writing took     454.926000 us
    Computation took 181.885118 ms
    Reading took     21.578000 us
  Sample 27...
Starting computation...
    Writing took     450.967000 us
    Computation took 181.894558 ms
    Reading took     38.089000 us
  Sample 28...
Starting computation...
    Writing took     937.901000 us
    Computation took 181.891268 ms
    Reading took     25.278000 us
  Sample 29...
Starting computation...
    Writing took     538.180000 us
    Computation took 181.902025 ms
    Reading took     21.865000 us
  Sample 30...
Starting computation...
    Writing took     462.244000 us
    Computation took 181.897020 ms
    Reading took     27.162000 us
  Sample 31...
Starting computation...
    Writing took     583.552000 us
    Computation took 181.937770 ms
    Reading took     25.154000 us
  Sample 32...
Starting computation...
    Writing took     584.333000 us
    Computation took 181.926847 ms
    Reading took     24.279000 us
  Sample 33...
Starting computation...
    Writing took     559.151000 us
    Computation took 181.868623 ms
    Reading took     25.535000 us
  Sample 34...
Starting computation...
    Writing took     584.504000 us
    Computation took 181.966655 ms
    Reading took     23.026000 us
  Sample 35...
Starting computation...
    Writing took     478.310000 us
    Computation took 181.928976 ms
    Reading took     22.322000 us
  Sample 36...
Starting computation...
    Writing took     497.352000 us
    Computation took 181.932536 ms
    Reading took     23.599000 us
  Sample 37...
Starting computation...
    Writing took     516.886000 us
    Computation took 181.897522 ms
    Reading took     25.534000 us
  Sample 38...
Starting computation...
    Writing took     536.974000 us
    Computation took 181.885923 ms
    Reading took     23.607000 us
  Sample 39...
Starting computation...
    Writing took     498.178000 us
    Computation took 181.918693 ms
    Reading took     20.244000 us
  Sample 40...
Starting computation...
    Writing took     420.075000 us
    Computation took 181.872393 ms
    Reading took     20.335000 us
  Sample 41...
Starting computation...
    Writing took     473.549000 us
    Computation took 181.858215 ms
    Reading took     21.679000 us
  Sample 42...
Starting computation...
    Writing took     615.800000 us
    Computation took 181.917299 ms
    Reading took     25.481000 us
  Sample 43...
Starting computation...
    Writing took     537.874000 us
    Computation took 181.885896 ms
    Reading took     23.918000 us
  Sample 44...
Starting computation...
    Writing took     511.887000 us
    Computation took 181.906928 ms
    Reading took     25.320000 us
  Sample 45...
Starting computation...
    Writing took     736.487000 us
    Computation took 181.869221 ms
    Reading took     22.902000 us
  Sample 46...
Starting computation...
    Writing took     463.725000 us
    Computation took 181.919306 ms
    Reading took     25.960000 us
  Sample 47...
Starting computation...
    Writing took     584.536000 us
    Computation took 181.891624 ms
    Reading took     26.333000 us
  Sample 48...
Starting computation...
    Writing took     585.714000 us
    Computation took 181.862889 ms
    Reading took     24.538000 us
  Sample 49...
Starting computation...
    Writing took     566.464000 us
    Computation took 181.869461 ms
    Reading took     27.131000 us
  Sample 50...
Starting computation...
    Writing took     584.180000 us
    Computation took 181.902482 ms
    Reading took     24.520000 us
  Sample 51...
Starting computation...
    Writing took     539.381000 us
    Computation took 181.922498 ms
    Reading took     21.679000 us
  Sample 52...
Starting computation...
    Writing took     522.417000 us
    Computation took 181.908607 ms
    Reading took     21.373000 us
  Sample 53...
Starting computation...
    Writing took     422.507000 us
    Computation took 181.900242 ms
    Reading took     31.664000 us
  Sample 54...
Starting computation...
    Writing took     805.499000 us
    Computation took 181.911465 ms
    Reading took     25.663000 us
  Sample 55...
Starting computation...
    Writing took     542.424000 us
    Computation took 181.900866 ms
    Reading took     24.106000 us
  Sample 56...
Starting computation...
    Writing took     533.045000 us
    Computation took 181.882842 ms
    Reading took     21.929000 us
  Sample 57...
Starting computation...
    Writing took     495.345000 us
    Computation took 181.873193 ms
    Reading took     23.790000 us
  Sample 58...
Starting computation...
    Writing took     534.630000 us
    Computation took 181.919953 ms
    Reading took     20.242000 us
  Sample 59...
Starting computation...
    Writing took     451.083000 us
    Computation took 181.905683 ms
    Reading took     20.537000 us
  Sample 60...
Starting computation...
    Writing took     431.101000 us
    Computation took 181.873544 ms
    Reading took     18.412000 us
  Sample 61...
Starting computation...
    Writing took     439.710000 us
    Computation took 181.889536 ms
    Reading took     30.130000 us
  Sample 62...
Starting computation...
    Writing took     536.736000 us
    Computation took 181.925923 ms
    Reading took     25.768000 us
  Sample 63...
Starting computation...
    Writing took     605.397000 us
    Computation took 181.883124 ms
    Reading took     23.726000 us
  Sample 64...
Starting computation...
    Writing took     561.935000 us
    Computation took 181.851301 ms
    Reading took     23.443000 us
  Sample 65...
Starting computation...
    Writing took     527.259000 us
    Computation took 181.914490 ms
    Reading took     19.493000 us
  Sample 66...
Starting computation...
    Writing took     440.204000 us
    Computation took 181.900231 ms
    Reading took     24.989000 us
  Sample 67...
Starting computation...
    Writing took     807.667000 us
    Computation took 181.948860 ms
    Reading took     40.747000 us
  Sample 68...
Starting computation...
    Writing took     1.049700 ms
    Computation took 181.935613 ms
    Reading took     37.324000 us
  Sample 69...
Starting computation...
    Writing took     602.671000 us
    Computation took 181.850726 ms
    Reading took     22.634000 us
  Sample 70...
Starting computation...
    Writing took     556.822000 us
    Computation took 181.860089 ms
    Reading took     24.456000 us
  Sample 71...
Starting computation...
    Writing took     580.002000 us
    Computation took 181.894455 ms
    Reading took     28.023000 us
  Sample 72...
Starting computation...
    Writing took     557.813000 us
    Computation took 181.886397 ms
    Reading took     22.058000 us
  Sample 73...
Starting computation...
    Writing took     487.543000 us
    Computation took 181.899752 ms
    Reading took     25.882000 us
  Sample 74...
Starting computation...
    Writing took     609.221000 us
    Computation took 181.886029 ms
    Reading took     24.591000 us
  Sample 75...
Starting computation...
    Writing took     573.130000 us
    Computation took 181.876739 ms
    Reading took     25.451000 us
  Sample 76...
Starting computation...
    Writing took     585.564000 us
    Computation took 181.872311 ms
    Reading took     18.728000 us
  Sample 77...
Starting computation...
    Writing took     438.813000 us
    Computation took 181.899104 ms
    Reading took     30.530000 us
  Sample 78...
Starting computation...
    Writing took     419.527000 us
    Computation took 181.896936 ms
    Reading took     19.484000 us
  Sample 79...
Starting computation...
    Writing took     431.782000 us
    Computation took 181.881048 ms
    Reading took     22.128000 us
  Sample 80...
Starting computation...
    Writing took     494.764000 us
    Computation took 181.861891 ms
    Reading took     23.888000 us
  Sample 81...
Starting computation...
    Writing took     527.801000 us
    Computation took 181.886705 ms
    Reading took     31.673000 us
  Sample 82...
Starting computation...
    Writing took     529.393000 us
    Computation took 181.858406 ms
    Reading took     22.241000 us
  Sample 83...
Starting computation...
    Writing took     513.220000 us
    Computation took 181.879489 ms
    Reading took     21.317000 us
  Sample 84...
Starting computation...
    Writing took     428.663000 us
    Computation took 181.923551 ms
    Reading took     20.286000 us
  Sample 85...
Starting computation...
    Writing took     419.520000 us
    Computation took 181.921544 ms
    Reading took     23.960000 us
  Sample 86...
Starting computation...
    Writing took     536.458000 us
    Computation took 181.898770 ms
    Reading took     20.648000 us
  Sample 87...
Starting computation...
    Writing took     492.462000 us
    Computation took 181.894642 ms
    Reading took     20.911000 us
  Sample 88...
Starting computation...
    Writing took     425.404000 us
    Computation took 181.904541 ms
    Reading took     22.633000 us
  Sample 89...
Starting computation...
    Writing took     498.206000 us
    Computation took 181.891304 ms
    Reading took     23.210000 us
  Sample 90...
Starting computation...
    Writing took     516.498000 us
    Computation took 181.884263 ms
    Reading took     39.020000 us
  Sample 91...
Starting computation...
    Writing took     913.629000 us
    Computation took 181.882125 ms
    Reading took     23.974000 us
  Sample 92...
Starting computation...
    Writing took     538.479000 us
    Computation took 181.900345 ms
    Reading took     19.728000 us
  Sample 93...
Starting computation...
    Writing took     419.591000 us
    Computation took 181.894618 ms
    Reading took     23.630000 us
  Sample 94...
Starting computation...
    Writing took     535.991000 us
    Computation took 181.935974 ms
    Reading took     23.204000 us
  Sample 95...
Starting computation...
    Writing took     514.039000 us
    Computation took 181.905798 ms
    Reading took     19.396000 us
  Sample 96...
Starting computation...
    Writing took     418.791000 us
    Computation took 181.872890 ms
    Reading took     19.452000 us
  Sample 97...
Starting computation...
    Writing took     442.357000 us
    Computation took 181.871234 ms
    Reading took     24.345000 us
  Sample 98...
Starting computation...
    Writing took     519.104000 us
    Computation took 181.880891 ms
    Reading took     20.209000 us
  Sample 99...
Starting computation...
    Writing took     460.100000 us
    Computation took 181.926883 ms
    Reading took     39.962000 us
Mean computation time: 181.900664 ms
Mean deviation: 21.284000 us (0.0117009%)
Mean computation time (per hash): 25.985808 ms
Mean deviation (per hash): 3.040000 us
