Using device #0: CUDA Device 'GeForce GTX 1080 Ti'
  Sample 0...
Starting computation...
    Writing took     4.347698 ms
    Computation took 229.015213 ms
    Reading took     188.310000 us
  Sample 1...
Starting computation...
    Writing took     7.890961 ms
    Computation took 229.352159 ms
    Reading took     185.775000 us
  Sample 2...
Starting computation...
    Writing took     4.747711 ms
    Computation took 229.006844 ms
    Reading took     183.544000 us
  Sample 3...
Starting computation...
    Writing took     4.740564 ms
    Computation took 228.927841 ms
    Reading took     198.764000 us
  Sample 4...
Starting computation...
    Writing took     4.276506 ms
    Computation took 229.195492 ms
    Reading took     222.880000 us
  Sample 5...
Starting computation...
    Writing took     5.497751 ms
    Computation took 229.397709 ms
    Reading took     172.038000 us
  Sample 6...
Starting computation...
    Writing took     4.212297 ms
    Computation took 229.164383 ms
    Reading took     188.766000 us
  Sample 7...
Starting computation...
    Writing took     4.736402 ms
    Computation took 229.010718 ms
    Reading took     184.979000 us
  Sample 8...
Starting computation...
    Writing took     4.732988 ms
    Computation took 228.978902 ms
    Reading took     264.238000 us
  Sample 9...
Starting computation...
    Writing took     5.119654 ms
    Computation took 229.041253 ms
    Reading took     178.848000 us
  Sample 10...
Starting computation...
    Writing took     4.543219 ms
    Computation took 228.881136 ms
    Reading took     176.973000 us
  Sample 11...
Starting computation...
    Writing took     4.612805 ms
    Computation took 228.978221 ms
    Reading took     226.929000 us
  Sample 12...
Starting computation...
    Writing took     5.844640 ms
    Computation took 229.086445 ms
    Reading took     159.377000 us
  Sample 13...
Starting computation...
    Writing took     4.699735 ms
    Computation took 229.108280 ms
    Reading took     256.435000 us
  Sample 14...
Starting computation...
    Writing took     7.613365 ms
    Computation took 229.039302 ms
    Reading took     188.427000 us
  Sample 15...
Starting computation...
    Writing took     4.718461 ms
    Computation took 229.445585 ms
    Reading took     189.191000 us
  Sample 16...
Starting computation...
    Writing took     5.198232 ms
    Computation took 229.192642 ms
    Reading took     172.225000 us
  Sample 17...
Starting computation...
    Writing took     4.392742 ms
    Computation took 229.063325 ms
    Reading took     306.650000 us
  Sample 18...
Starting computation...
    Writing took     10.449444 ms
    Computation took 229.424500 ms
    Reading took     199.749000 us
  Sample 19...
Starting computation...
    Writing took     5.149832 ms
    Computation took 229.150818 ms
    Reading took     338.268000 us
  Sample 20...
Starting computation...
    Writing took     8.899903 ms
    Computation took 229.058722 ms
    Reading took     184.943000 us
  Sample 21...
Starting computation...
    Writing took     4.775138 ms
    Computation took 229.098690 ms
    Reading took     156.604000 us
  Sample 22...
Starting computation...
    Writing took     3.625394 ms
    Computation took 229.874528 ms
    Reading took     162.407000 us
  Sample 23...
Starting computation...
    Writing took     4.107187 ms
    Computation took 230.147706 ms
    Reading took     286.532000 us
  Sample 24...
Starting computation...
    Writing took     8.154915 ms
    Computation took 230.057609 ms
    Reading took     297.453000 us
  Sample 25...
Starting computation...
    Writing took     8.168511 ms
    Computation took 229.927451 ms
    Reading took     183.387000 us
  Sample 26...
Starting computation...
    Writing took     4.774006 ms
    Computation took 230.000088 ms
    Reading took     196.486000 us
  Sample 27...
Starting computation...
    Writing took     4.741178 ms
    Computation took 230.119398 ms
    Reading took     187.184000 us
  Sample 28...
Starting computation...
    Writing took     4.835461 ms
    Computation took 230.110927 ms
    Reading took     299.293000 us
  Sample 29...
Starting computation...
    Writing took     6.306289 ms
    Computation took 230.148277 ms
    Reading took     295.670000 us
  Sample 30...
Starting computation...
    Writing took     8.065354 ms
    Computation took 230.021746 ms
    Reading took     188.685000 us
  Sample 31...
Starting computation...
    Writing took     4.790450 ms
    Computation took 229.950287 ms
    Reading took     267.293000 us
  Sample 32...
Starting computation...
    Writing took     8.052336 ms
    Computation took 230.175443 ms
    Reading took     291.323000 us
  Sample 33...
Starting computation...
    Writing took     8.125270 ms
    Computation took 230.014360 ms
    Reading took     182.663000 us
  Sample 34...
Starting computation...
    Writing took     4.588515 ms
    Computation took 229.987492 ms
    Reading took     185.076000 us
  Sample 35...
Starting computation...
    Writing took     4.747333 ms
    Computation took 230.177965 ms
    Reading took     195.035000 us
  Sample 36...
Starting computation...
    Writing took     4.737107 ms
    Computation took 229.875428 ms
    Reading took     239.622000 us
  Sample 37...
Starting computation...
    Writing took     6.872208 ms
    Computation took 230.013168 ms
    Reading took     173.124000 us
  Sample 38...
Starting computation...
    Writing took     4.172858 ms
    Computation took 230.165783 ms
    Reading took     181.650000 us
  Sample 39...
Starting computation...
    Writing took     4.582630 ms
    Computation took 230.028676 ms
    Reading took     173.094000 us
  Sample 40...
Starting computation...
    Writing took     4.442888 ms
    Computation took 229.928652 ms
    Reading took     168.977000 us
  Sample 41...
Starting computation...
    Writing took     4.242798 ms
    Computation took 230.054283 ms
    Reading took     160.861000 us
  Sample 42...
Starting computation...
    Writing took     4.034482 ms
    Computation took 229.932220 ms
    Reading took     164.748000 us
  Sample 43...
Starting computation...
    Writing took     4.046852 ms
    Computation took 230.302857 ms
    Reading took     165.603000 us
  Sample 44...
Starting computation...
    Writing took     4.056616 ms
    Computation took 229.929404 ms
    Reading took     179.579000 us
  Sample 45...
Starting computation...
    Writing took     4.038580 ms
    Computation took 230.222501 ms
    Reading took     291.977000 us
  Sample 46...
Starting computation...
    Writing took     7.480878 ms
    Computation took 230.267590 ms
    Reading took     247.149000 us
  Sample 47...
Starting computation...
    Writing took     7.879362 ms
    Computation took 230.080478 ms
    Reading took     293.560000 us
  Sample 48...
Starting computation...
    Writing took     7.734297 ms
    Computation took 230.049748 ms
    Reading took     197.470000 us
  Sample 49...
Starting computation...
    Writing took     5.146317 ms
    Computation took 230.050193 ms
    Reading took     208.720000 us
  Sample 50...
Starting computation...
    Writing took     5.170156 ms
    Computation took 230.191755 ms
    Reading took     179.502000 us
  Sample 51...
Starting computation...
    Writing took     4.424753 ms
    Computation took 230.199257 ms
    Reading took     172.240000 us
  Sample 52...
Starting computation...
    Writing took     4.339913 ms
    Computation took 230.054568 ms
    Reading took     177.123000 us
  Sample 53...
Starting computation...
    Writing took     4.581788 ms
    Computation took 230.026156 ms
    Reading took     178.374000 us
  Sample 54...
Starting computation...
    Writing took     5.797548 ms
    Computation took 230.009685 ms
    Reading took     176.805000 us
  Sample 55...
Starting computation...
    Writing took     4.574847 ms
    Computation took 230.181359 ms
    Reading took     185.622000 us
  Sample 56...
Starting computation...
    Writing took     4.740388 ms
    Computation took 229.862933 ms
    Reading took     151.494000 us
  Sample 57...
Starting computation...
    Writing took     3.663017 ms
    Computation took 230.059457 ms
    Reading took     172.005000 us
  Sample 58...
Starting computation...
    Writing took     4.416912 ms
    Computation took 229.954886 ms
    Reading took     171.565000 us
  Sample 59...
Starting computation...
    Writing took     4.323987 ms
    Computation took 230.177796 ms
    Reading took     191.074000 us
  Sample 60...
Starting computation...
    Writing took     4.427124 ms
    Computation took 230.362081 ms
    Reading took     175.440000 us
  Sample 61...
Starting computation...
    Writing took     4.545936 ms
    Computation took 229.915328 ms
    Reading took     172.048000 us
  Sample 62...
Starting computation...
    Writing took     4.336179 ms
    Computation took 229.981034 ms
    Reading took     179.208000 us
  Sample 63...
Starting computation...
    Writing took     4.566325 ms
    Computation took 230.126727 ms
    Reading took     168.463000 us
  Sample 64...
Starting computation...
    Writing took     4.284392 ms
    Computation took 229.871100 ms
    Reading took     182.898000 us
  Sample 65...
Starting computation...
    Writing took     3.885574 ms
    Computation took 229.931803 ms
    Reading took     177.740000 us
  Sample 66...
Starting computation...
    Writing took     3.993069 ms
    Computation took 229.956604 ms
    Reading took     156.419000 us
  Sample 67...
Starting computation...
    Writing took     3.703895 ms
    Computation took 230.118179 ms
    Reading took     279.800000 us
  Sample 68...
Starting computation...
    Writing took     7.877318 ms
    Computation took 230.152506 ms
    Reading took     184.539000 us
  Sample 69...
Starting computation...
    Writing took     4.745943 ms
    Computation took 230.243659 ms
    Reading took     184.259000 us
  Sample 70...
Starting computation...
    Writing took     4.723784 ms
    Computation took 230.175450 ms
    Reading took     260.960000 us
  Sample 71...
Starting computation...
    Writing took     6.326352 ms
    Computation took 230.205810 ms
    Reading took     189.805000 us
  Sample 72...
Starting computation...
    Writing took     4.737183 ms
    Computation took 229.816745 ms
    Reading took     152.403000 us
  Sample 73...
Starting computation...
    Writing took     3.694369 ms
    Computation took 229.975817 ms
    Reading took     178.790000 us
  Sample 74...
Starting computation...
    Writing took     4.251156 ms
    Computation took 230.130100 ms
    Reading took     167.400000 us
  Sample 75...
Starting computation...
    Writing took     4.356635 ms
    Computation took 230.066969 ms
    Reading took     158.435000 us
  Sample 76...
Starting computation...
    Writing took     4.045289 ms
    Computation took 230.216869 ms
    Reading took     221.729000 us
  Sample 77...
Starting computation...
    Writing took     4.071260 ms
    Computation took 229.814478 ms
    Reading took     237.087000 us
  Sample 78...
Starting computation...
    Writing took     7.676622 ms
    Computation took 230.077293 ms
    Reading took     185.723000 us
  Sample 79...
Starting computation...
    Writing took     4.763451 ms
    Computation took 229.908696 ms
    Reading took     208.009000 us
  Sample 80...
Starting computation...
    Writing took     6.284234 ms
    Computation took 229.886350 ms
    Reading took     156.149000 us
  Sample 81...
Starting computation...
    Writing took     4.013843 ms
    Computation took 230.092168 ms
    Reading took     151.408000 us
  Sample 82...
Starting computation...
    Writing took     3.935493 ms
    Computation took 229.948935 ms
    Reading took     140.877000 us
  Sample 83...
Starting computation...
    Writing took     3.678278 ms
    Computation took 230.143234 ms
    Reading took     137.931000 us
  Sample 84...
Starting computation...
    Writing took     3.642518 ms
    Computation took 230.089732 ms
    Reading took     262.583000 us
  Sample 85...
Starting computation...
    Writing took     8.009065 ms
    Computation took 229.848325 ms
    Reading took     146.676000 us
  Sample 86...
Starting computation...
    Writing took     4.500086 ms
    Computation took 230.161515 ms
    Reading took     150.029000 us
  Sample 87...
Starting computation...
    Writing took     4.547221 ms
    Computation took 229.923302 ms
    Reading took     139.408000 us
  Sample 88...
Starting computation...
    Writing took     3.728744 ms
    Computation took 230.117057 ms
    Reading took     144.547000 us
  Sample 89...
Starting computation...
    Writing took     3.853247 ms
    Computation took 230.264900 ms
    Reading took     139.729000 us
  Sample 90...
Starting computation...
    Writing took     4.032043 ms
    Computation took 230.161485 ms
    Reading took     138.310000 us
  Sample 91...
Starting computation...
    Writing took     3.587120 ms
    Computation took 229.887079 ms
    Reading took     183.481000 us
  Sample 92...
Starting computation...
    Writing took     4.890851 ms
    Computation took 230.057605 ms
    Reading took     139.741000 us
  Sample 93...
Starting computation...
    Writing took     3.692664 ms
    Computation took 230.269935 ms
    Reading took     150.827000 us
  Sample 94...
Starting computation...
    Writing took     4.096940 ms
    Computation took 230.048900 ms
    Reading took     189.302000 us
  Sample 95...
Starting computation...
    Writing took     5.151799 ms
    Computation took 230.102743 ms
    Reading took     186.998000 us
  Sample 96...
Starting computation...
    Writing took     5.108855 ms
    Computation took 230.216279 ms
    Reading took     160.252000 us
  Sample 97...
Starting computation...
    Writing took     4.223037 ms
    Computation took 229.941512 ms
    Reading took     139.832000 us
  Sample 98...
Starting computation...
    Writing took     3.714418 ms
    Computation took 230.072699 ms
    Reading took     173.650000 us
  Sample 99...
Starting computation...
    Writing took     4.718160 ms
    Computation took 231.004704 ms
    Reading took     267.277000 us
Mean computation time: 229.862359 ms
Mean deviation: 329.225000 us (0.143227%)
Mean computation time (per hash): 3.648608 ms
Mean deviation (per hash): 5.226000 us
