Using device #0: CUDA Device 'GeForce GTX 1080 Ti'
  Sample 0...
Starting computation...
    Writing took     5.596463 ms
    Computation took 205.190488 ms
    Reading took     139.826000 us
  Sample 1...
Starting computation...
    Writing took     3.452844 ms
    Computation took 204.976580 ms
    Reading took     134.906000 us
  Sample 2...
Starting computation...
    Writing took     3.408918 ms
    Computation took 204.888352 ms
    Reading took     135.915000 us
  Sample 3...
Starting computation...
    Writing took     3.415735 ms
    Computation took 204.959337 ms
    Reading took     111.106000 us
  Sample 4...
Starting computation...
    Writing took     2.561345 ms
    Computation took 204.900484 ms
    Reading took     109.232000 us
  Sample 5...
Starting computation...
    Writing took     2.640016 ms
    Computation took 204.876250 ms
    Reading took     100.656000 us
  Sample 6...
Starting computation...
    Writing took     4.584756 ms
    Computation took 204.990888 ms
    Reading took     120.020000 us
  Sample 7...
Starting computation...
    Writing took     3.132847 ms
    Computation took 204.948147 ms
    Reading took     118.190000 us
  Sample 8...
Starting computation...
    Writing took     3.120690 ms
    Computation took 204.964645 ms
    Reading took     118.204000 us
  Sample 9...
Starting computation...
    Writing took     3.163139 ms
    Computation took 204.909020 ms
    Reading took     118.121000 us
  Sample 10...
Starting computation...
    Writing took     3.153114 ms
    Computation took 204.912520 ms
    Reading took     95.351000 us
  Sample 11...
Starting computation...
    Writing took     2.455181 ms
    Computation took 204.954474 ms
    Reading took     103.648000 us
  Sample 12...
Starting computation...
    Writing took     2.742207 ms
    Computation took 204.880182 ms
    Reading took     95.191000 us
  Sample 13...
Starting computation...
    Writing took     2.394144 ms
    Computation took 204.927774 ms
    Reading took     126.948000 us
  Sample 14...
Starting computation...
    Writing took     3.368838 ms
    Computation took 204.926892 ms
    Reading took     104.159000 us
  Sample 15...
Starting computation...
    Writing took     2.702039 ms
    Computation took 204.936041 ms
    Reading took     95.630000 us
  Sample 16...
Starting computation...
    Writing took     2.407885 ms
    Computation took 204.986020 ms
    Reading took     96.263000 us
  Sample 17...
Starting computation...
    Writing took     2.400574 ms
    Computation took 204.856587 ms
    Reading took     93.408000 us
  Sample 18...
Starting computation...
    Writing took     2.473481 ms
    Computation took 204.913953 ms
    Reading took     100.258000 us
  Sample 19...
Starting computation...
    Writing took     2.646183 ms
    Computation took 204.903788 ms
    Reading took     117.276000 us
  Sample 20...
Starting computation...
    Writing took     3.134778 ms
    Computation took 204.914634 ms
    Reading took     111.950000 us
  Sample 21...
Starting computation...
    Writing took     3.091479 ms
    Computation took 204.911050 ms
    Reading took     114.491000 us
  Sample 22...
Starting computation...
    Writing took     3.059961 ms
    Computation took 204.890819 ms
    Reading took     109.884000 us
  Sample 23...
Starting computation...
    Writing took     2.922306 ms
    Computation took 204.929234 ms
    Reading took     98.967000 us
  Sample 24...
Starting computation...
    Writing took     2.682212 ms
    Computation took 204.882115 ms
    Reading took     95.646000 us
  Sample 25...
Starting computation...
    Writing took     2.493154 ms
    Computation took 204.910178 ms
    Reading took     94.424000 us
  Sample 26...
Starting computation...
    Writing took     2.453000 ms
    Computation took 204.924505 ms
    Reading took     95.683000 us
  Sample 27...
Starting computation...
    Writing took     2.501068 ms
    Computation took 204.952137 ms
    Reading took     94.165000 us
  Sample 28...
Starting computation...
    Writing took     2.451965 ms
    Computation took 204.921592 ms
    Reading took     102.494000 us
  Sample 29...
Starting computation...
    Writing took     2.582248 ms
    Computation took 204.869352 ms
    Reading took     101.588000 us
  Sample 30...
Starting computation...
    Writing took     2.615778 ms
    Computation took 204.968293 ms
    Reading took     94.866000 us
  Sample 31...
Starting computation...
    Writing took     2.413124 ms
    Computation took 204.898788 ms
    Reading took     99.440000 us
  Sample 32...
Starting computation...
    Writing took     2.624041 ms
    Computation took 204.921101 ms
    Reading took     102.959000 us
  Sample 33...
Starting computation...
    Writing took     2.628630 ms
    Computation took 204.949966 ms
    Reading took     96.332000 us
  Sample 34...
Starting computation...
    Writing took     2.511821 ms
    Computation took 204.921022 ms
    Reading took     99.316000 us
  Sample 35...
Starting computation...
    Writing took     2.476513 ms
    Computation took 204.880195 ms
    Reading took     100.386000 us
  Sample 36...
Starting computation...
    Writing took     2.594135 ms
    Computation took 204.924470 ms
    Reading took     100.654000 us
  Sample 37...
Starting computation...
    Writing took     2.623285 ms
    Computation took 204.893372 ms
    Reading took     97.548000 us
  Sample 38...
Starting computation...
    Writing took     2.641919 ms
    Computation took 204.993909 ms
    Reading took     104.070000 us
  Sample 39...
Starting computation...
    Writing took     2.712757 ms
    Computation took 204.923744 ms
    Reading took     205.043000 us
  Sample 40...
Starting computation...
    Writing took     5.530961 ms
    Computation took 204.961205 ms
    Reading took     127.670000 us
  Sample 41...
Starting computation...
    Writing took     3.347526 ms
    Computation took 204.963814 ms
    Reading took     157.331000 us
  Sample 42...
Starting computation...
    Writing took     3.367848 ms
    Computation took 204.941699 ms
    Reading took     124.015000 us
  Sample 43...
Starting computation...
    Writing took     3.338755 ms
    Computation took 204.867097 ms
    Reading took     98.274000 us
  Sample 44...
Starting computation...
    Writing took     2.529870 ms
    Computation took 204.953828 ms
    Reading took     145.586000 us
  Sample 45...
Starting computation...
    Writing took     3.954832 ms
    Computation took 204.941226 ms
    Reading took     124.953000 us
  Sample 46...
Starting computation...
    Writing took     3.337948 ms
    Computation took 204.937888 ms
    Reading took     126.937000 us
  Sample 47...
Starting computation...
    Writing took     3.407492 ms
    Computation took 204.935609 ms
    Reading took     98.662000 us
  Sample 48...
Starting computation...
    Writing took     2.728962 ms
    Computation took 204.956744 ms
    Reading took     139.154000 us
  Sample 49...
Starting computation...
    Writing took     3.653162 ms
    Computation took 204.954539 ms
    Reading took     128.865000 us
  Sample 50...
Starting computation...
    Writing took     3.408267 ms
    Computation took 204.906646 ms
    Reading took     126.020000 us
  Sample 51...
Starting computation...
    Writing took     3.414931 ms
    Computation took 204.916887 ms
    Reading took     126.737000 us
  Sample 52...
Starting computation...
    Writing took     3.337790 ms
    Computation took 204.939483 ms
    Reading took     107.401000 us
  Sample 53...
Starting computation...
    Writing took     2.745077 ms
    Computation took 205.248953 ms
    Reading took     102.336000 us
  Sample 54...
Starting computation...
    Writing took     2.742720 ms
    Computation took 205.362597 ms
    Reading took     105.952000 us
  Sample 55...
Starting computation...
    Writing took     2.759975 ms
    Computation took 205.317577 ms
    Reading took     109.856000 us
  Sample 56...
Starting computation...
    Writing took     2.792976 ms
    Computation took 205.248792 ms
    Reading took     101.928000 us
  Sample 57...
Starting computation...
    Writing took     2.705750 ms
    Computation took 205.271953 ms
    Reading took     103.722000 us
  Sample 58...
Starting computation...
    Writing took     2.677662 ms
    Computation took 205.196906 ms
    Reading took     102.260000 us
  Sample 59...
Starting computation...
    Writing took     2.653168 ms
    Computation took 205.272897 ms
    Reading took     99.320000 us
  Sample 60...
Starting computation...
    Writing took     2.669187 ms
    Computation took 205.247961 ms
    Reading took     98.084000 us
  Sample 61...
Starting computation...
    Writing took     2.559210 ms
    Computation took 205.243343 ms
    Reading took     100.699000 us
  Sample 62...
Starting computation...
    Writing took     2.596754 ms
    Computation took 205.283154 ms
    Reading took     93.941000 us
  Sample 63...
Starting computation...
    Writing took     2.387488 ms
    Computation took 205.308616 ms
    Reading took     178.103000 us
  Sample 64...
Starting computation...
    Writing took     5.197835 ms
    Computation took 205.288312 ms
    Reading took     126.589000 us
  Sample 65...
Starting computation...
    Writing took     3.096436 ms
    Computation took 205.248769 ms
    Reading took     119.253000 us
  Sample 66...
Starting computation...
    Writing took     3.095424 ms
    Computation took 205.221392 ms
    Reading took     117.840000 us
  Sample 67...
Starting computation...
    Writing took     3.164575 ms
    Computation took 205.246544 ms
    Reading took     124.940000 us
  Sample 68...
Starting computation...
    Writing took     3.161292 ms
    Computation took 205.330410 ms
    Reading took     119.256000 us
  Sample 69...
Starting computation...
    Writing took     3.225733 ms
    Computation took 205.344507 ms
    Reading took     118.963000 us
  Sample 70...
Starting computation...
    Writing took     3.153107 ms
    Computation took 205.324004 ms
    Reading took     118.231000 us
  Sample 71...
Starting computation...
    Writing took     3.126846 ms
    Computation took 205.262982 ms
    Reading took     118.356000 us
  Sample 72...
Starting computation...
    Writing took     3.101126 ms
    Computation took 205.323353 ms
    Reading took     148.918000 us
  Sample 73...
Starting computation...
    Writing took     4.080009 ms
    Computation took 205.244054 ms
    Reading took     99.935000 us
  Sample 74...
Starting computation...
    Writing took     2.626552 ms
    Computation took 205.263795 ms
    Reading took     96.793000 us
  Sample 75...
Starting computation...
    Writing took     2.497219 ms
    Computation took 205.206596 ms
    Reading took     93.624000 us
  Sample 76...
Starting computation...
    Writing took     2.422763 ms
    Computation took 205.234500 ms
    Reading took     106.340000 us
  Sample 77...
Starting computation...
    Writing took     2.796728 ms
    Computation took 205.262456 ms
    Reading took     172.859000 us
  Sample 78...
Starting computation...
    Writing took     5.201798 ms
    Computation took 205.364865 ms
    Reading took     118.338000 us
  Sample 79...
Starting computation...
    Writing took     3.133727 ms
    Computation took 205.346573 ms
    Reading took     119.229000 us
  Sample 80...
Starting computation...
    Writing took     3.154334 ms
    Computation took 205.254559 ms
    Reading took     117.065000 us
  Sample 81...
Starting computation...
    Writing took     3.112809 ms
    Computation took 205.237914 ms
    Reading took     117.747000 us
  Sample 82...
Starting computation...
    Writing took     3.153836 ms
    Computation took 205.276671 ms
    Reading took     104.129000 us
  Sample 83...
Starting computation...
    Writing took     3.158288 ms
    Computation took 205.306306 ms
    Reading took     117.324000 us
  Sample 84...
Starting computation...
    Writing took     3.130943 ms
    Computation took 205.256928 ms
    Reading took     129.011000 us
  Sample 85...
Starting computation...
    Writing took     3.100332 ms
    Computation took 205.293549 ms
    Reading took     116.036000 us
  Sample 86...
Starting computation...
    Writing took     3.105002 ms
    Computation took 205.266623 ms
    Reading took     119.277000 us
  Sample 87...
Starting computation...
    Writing took     3.138157 ms
    Computation took 205.289042 ms
    Reading took     121.108000 us
  Sample 88...
Starting computation...
    Writing took     3.157266 ms
    Computation took 205.358499 ms
    Reading took     127.331000 us
  Sample 89...
Starting computation...
    Writing took     3.122029 ms
    Computation took 205.249278 ms
    Reading took     117.834000 us
  Sample 90...
Starting computation...
    Writing took     3.126464 ms
    Computation took 205.275927 ms
    Reading took     118.855000 us
  Sample 91...
Starting computation...
    Writing took     3.139429 ms
    Computation took 205.279213 ms
    Reading took     134.278000 us
  Sample 92...
Starting computation...
    Writing took     2.575922 ms
    Computation took 205.274563 ms
    Reading took     93.505000 us
  Sample 93...
Starting computation...
    Writing took     2.411836 ms
    Computation took 205.232048 ms
    Reading took     100.572000 us
  Sample 94...
Starting computation...
    Writing took     2.428041 ms
    Computation took 205.266844 ms
    Reading took     99.484000 us
  Sample 95...
Starting computation...
    Writing took     2.577958 ms
    Computation took 205.310619 ms
    Reading took     94.837000 us
  Sample 96...
Starting computation...
    Writing took     2.440087 ms
    Computation took 205.228267 ms
    Reading took     93.295000 us
  Sample 97...
Starting computation...
    Writing took     2.421447 ms
    Computation took 205.228006 ms
    Reading took     106.091000 us
  Sample 98...
Starting computation...
    Writing took     2.798285 ms
    Computation took 205.291279 ms
    Reading took     102.780000 us
  Sample 99...
Starting computation...
    Writing took     2.688379 ms
    Computation took 205.242847 ms
    Reading took     106.282000 us
Mean computation time: 205.092944 ms
Mean deviation: 173.280000 us (0.0844885%)
Mean computation time (per hash): 4.883164 ms
Mean deviation (per hash): 4.125000 us
