Using device #0: CUDA Device 'GeForce GTX 1080 Ti'
  Sample 0...
Starting computation...
    Writing took     910.024000 us
    Computation took 173.594585 ms
    Reading took     39.341000 us
  Sample 1...
Starting computation...
    Writing took     899.788000 us
    Computation took 173.637281 ms
    Reading took     27.603000 us
  Sample 2...
Starting computation...
    Writing took     646.559000 us
    Computation took 173.489945 ms
    Reading took     28.649000 us
  Sample 3...
Starting computation...
    Writing took     711.530000 us
    Computation took 173.702893 ms
    Reading took     26.852000 us
  Sample 4...
Starting computation...
    Writing took     644.267000 us
    Computation took 173.517605 ms
    Reading took     31.438000 us
  Sample 5...
Starting computation...
    Writing took     742.609000 us
    Computation took 173.516561 ms
    Reading took     29.192000 us
  Sample 6...
Starting computation...
    Writing took     709.080000 us
    Computation took 173.630696 ms
    Reading took     28.598000 us
  Sample 7...
Starting computation...
    Writing took     686.658000 us
    Computation took 173.446814 ms
    Reading took     26.967000 us
  Sample 8...
Starting computation...
    Writing took     642.177000 us
    Computation took 173.543528 ms
    Reading took     29.151000 us
  Sample 9...
Starting computation...
    Writing took     706.530000 us
    Computation took 173.628582 ms
    Reading took     30.595000 us
  Sample 10...
Starting computation...
    Writing took     816.864000 us
    Computation took 173.266414 ms
    Reading took     50.396000 us
  Sample 11...
Starting computation...
    Writing took     1.303869 ms
    Computation took 173.320699 ms
    Reading took     35.448000 us
  Sample 12...
Starting computation...
    Writing took     888.394000 us
    Computation took 173.381597 ms
    Reading took     34.938000 us
  Sample 13...
Starting computation...
    Writing took     894.306000 us
    Computation took 173.411437 ms
    Reading took     40.422000 us
  Sample 14...
Starting computation...
    Writing took     895.900000 us
    Computation took 173.340658 ms
    Reading took     30.198000 us
  Sample 15...
Starting computation...
    Writing took     743.680000 us
    Computation took 173.322571 ms
    Reading took     28.823000 us
  Sample 16...
Starting computation...
    Writing took     687.006000 us
    Computation took 173.389395 ms
    Reading took     30.515000 us
  Sample 17...
Starting computation...
    Writing took     783.913000 us
    Computation took 173.534293 ms
    Reading took     52.630000 us
  Sample 18...
Starting computation...
    Writing took     1.347480 ms
    Computation took 173.427087 ms
    Reading took     44.325000 us
  Sample 19...
Starting computation...
    Writing took     1.100891 ms
    Computation took 173.324559 ms
    Reading took     30.217000 us
  Sample 20...
Starting computation...
    Writing took     712.513000 us
    Computation took 173.358367 ms
    Reading took     31.093000 us
  Sample 21...
Starting computation...
    Writing took     695.777000 us
    Computation took 173.356621 ms
    Reading took     29.963000 us
  Sample 22...
Starting computation...
    Writing took     714.336000 us
    Computation took 173.497210 ms
    Reading took     54.709000 us
  Sample 23...
Starting computation...
    Writing took     1.408912 ms
    Computation took 173.523692 ms
    Reading took     30.560000 us
  Sample 24...
Starting computation...
    Writing took     659.006000 us
    Computation took 173.415283 ms
    Reading took     27.012000 us
  Sample 25...
Starting computation...
    Writing took     619.464000 us
    Computation took 173.255912 ms
    Reading took     30.472000 us
  Sample 26...
Starting computation...
    Writing took     691.744000 us
    Computation took 173.301226 ms
    Reading took     29.012000 us
  Sample 27...
Starting computation...
    Writing took     658.471000 us
    Computation took 173.340142 ms
    Reading took     31.289000 us
  Sample 28...
Starting computation...
    Writing took     716.706000 us
    Computation took 173.263763 ms
    Reading took     31.172000 us
  Sample 29...
Starting computation...
    Writing took     737.356000 us
    Computation took 173.405516 ms
    Reading took     30.035000 us
  Sample 30...
Starting computation...
    Writing took     698.378000 us
    Computation took 173.329199 ms
    Reading took     28.160000 us
  Sample 31...
Starting computation...
    Writing took     707.100000 us
    Computation took 173.442825 ms
    Reading took     29.874000 us
  Sample 32...
Starting computation...
    Writing took     695.464000 us
    Computation took 173.213107 ms
    Reading took     31.083000 us
  Sample 33...
Starting computation...
    Writing took     760.646000 us
    Computation took 173.244849 ms
    Reading took     30.718000 us
  Sample 34...
Starting computation...
    Writing took     734.571000 us
    Computation took 173.364437 ms
    Reading took     29.901000 us
  Sample 35...
Starting computation...
    Writing took     696.835000 us
    Computation took 173.297210 ms
    Reading took     28.053000 us
  Sample 36...
Starting computation...
    Writing took     654.481000 us
    Computation took 173.453098 ms
    Reading took     27.181000 us
  Sample 37...
Starting computation...
    Writing took     618.982000 us
    Computation took 173.324945 ms
    Reading took     26.319000 us
  Sample 38...
Starting computation...
    Writing took     618.153000 us
    Computation took 173.306597 ms
    Reading took     27.922000 us
  Sample 39...
Starting computation...
    Writing took     659.862000 us
    Computation took 173.414752 ms
    Reading took     30.335000 us
  Sample 40...
Starting computation...
    Writing took     695.911000 us
    Computation took 173.253999 ms
    Reading took     30.920000 us
  Sample 41...
Starting computation...
    Writing took     684.944000 us
    Computation took 173.426599 ms
    Reading took     29.648000 us
  Sample 42...
Starting computation...
    Writing took     688.720000 us
    Computation took 173.386041 ms
    Reading took     28.274000 us
  Sample 43...
Starting computation...
    Writing took     652.521000 us
    Computation took 173.425458 ms
    Reading took     28.609000 us
  Sample 44...
Starting computation...
    Writing took     643.825000 us
    Computation took 173.415618 ms
    Reading took     27.964000 us
  Sample 45...
Starting computation...
    Writing took     654.809000 us
    Computation took 173.308551 ms
    Reading took     30.462000 us
  Sample 46...
Starting computation...
    Writing took     698.115000 us
    Computation took 173.570948 ms
    Reading took     28.446000 us
  Sample 47...
Starting computation...
    Writing took     653.599000 us
    Computation took 173.281823 ms
    Reading took     29.501000 us
  Sample 48...
Starting computation...
    Writing took     683.853000 us
    Computation took 173.225472 ms
    Reading took     30.235000 us
  Sample 49...
Starting computation...
    Writing took     719.225000 us
    Computation took 173.381734 ms
    Reading took     29.045000 us
  Sample 50...
Starting computation...
    Writing took     655.353000 us
    Computation took 173.350357 ms
    Reading took     28.150000 us
  Sample 51...
Starting computation...
    Writing took     643.870000 us
    Computation took 173.290960 ms
    Reading took     29.129000 us
  Sample 52...
Starting computation...
    Writing took     695.158000 us
    Computation took 173.268305 ms
    Reading took     30.945000 us
  Sample 53...
Starting computation...
    Writing took     696.565000 us
    Computation took 173.322385 ms
    Reading took     31.072000 us
  Sample 54...
Starting computation...
    Writing took     715.660000 us
    Computation took 173.224785 ms
    Reading took     26.949000 us
  Sample 55...
Starting computation...
    Writing took     618.357000 us
    Computation took 173.102000 ms
    Reading took     29.061000 us
  Sample 56...
Starting computation...
    Writing took     653.754000 us
    Computation took 173.308377 ms
    Reading took     28.991000 us
  Sample 57...
Starting computation...
    Writing took     645.904000 us
    Computation took 173.309866 ms
    Reading took     29.451000 us
  Sample 58...
Starting computation...
    Writing took     695.663000 us
    Computation took 173.319376 ms
    Reading took     28.240000 us
  Sample 59...
Starting computation...
    Writing took     653.569000 us
    Computation took 173.338208 ms
    Reading took     28.043000 us
  Sample 60...
Starting computation...
    Writing took     645.856000 us
    Computation took 173.323430 ms
    Reading took     26.573000 us
  Sample 61...
Starting computation...
    Writing took     617.717000 us
    Computation took 173.377675 ms
    Reading took     27.781000 us
  Sample 62...
Starting computation...
    Writing took     655.047000 us
    Computation took 173.393721 ms
    Reading took     28.964000 us
  Sample 63...
Starting computation...
    Writing took     654.452000 us
    Computation took 173.364484 ms
    Reading took     34.504000 us
  Sample 64...
Starting computation...
    Writing took     843.471000 us
    Computation took 173.385852 ms
    Reading took     33.909000 us
  Sample 65...
Starting computation...
    Writing took     826.050000 us
    Computation took 173.301831 ms
    Reading took     34.005000 us
  Sample 66...
Starting computation...
    Writing took     827.592000 us
    Computation took 173.388622 ms
    Reading took     32.954000 us
  Sample 67...
Starting computation...
    Writing took     833.980000 us
    Computation took 173.269129 ms
    Reading took     29.555000 us
  Sample 68...
Starting computation...
    Writing took     653.571000 us
    Computation took 173.296825 ms
    Reading took     29.429000 us
  Sample 69...
Starting computation...
    Writing took     654.189000 us
    Computation took 173.336712 ms
    Reading took     29.713000 us
  Sample 70...
Starting computation...
    Writing took     696.541000 us
    Computation took 173.316085 ms
    Reading took     29.473000 us
  Sample 71...
Starting computation...
    Writing took     654.864000 us
    Computation took 173.388862 ms
    Reading took     40.038000 us
  Sample 72...
Starting computation...
    Writing took     1.092295 ms
    Computation took 173.678095 ms
    Reading took     29.710000 us
  Sample 73...
Starting computation...
    Writing took     765.952000 us
    Computation took 173.342994 ms
    Reading took     28.800000 us
  Sample 74...
Starting computation...
    Writing took     653.983000 us
    Computation took 173.418613 ms
    Reading took     28.453000 us
  Sample 75...
Starting computation...
    Writing took     657.878000 us
    Computation took 173.362668 ms
    Reading took     41.676000 us
  Sample 76...
Starting computation...
    Writing took     997.333000 us
    Computation took 173.278702 ms
    Reading took     38.122000 us
  Sample 77...
Starting computation...
    Writing took     907.904000 us
    Computation took 173.514953 ms
    Reading took     37.571000 us
  Sample 78...
Starting computation...
    Writing took     907.500000 us
    Computation took 173.407868 ms
    Reading took     34.985000 us
  Sample 79...
Starting computation...
    Writing took     870.383000 us
    Computation took 173.303958 ms
    Reading took     28.061000 us
  Sample 80...
Starting computation...
    Writing took     662.589000 us
    Computation took 173.498188 ms
    Reading took     53.631000 us
  Sample 81...
Starting computation...
    Writing took     1.352088 ms
    Computation took 173.245836 ms
    Reading took     33.662000 us
  Sample 82...
Starting computation...
    Writing took     829.651000 us
    Computation took 173.392193 ms
    Reading took     33.952000 us
  Sample 83...
Starting computation...
    Writing took     828.008000 us
    Computation took 173.268099 ms
    Reading took     39.673000 us
  Sample 84...
Starting computation...
    Writing took     952.540000 us
    Computation took 173.378494 ms
    Reading took     36.732000 us
  Sample 85...
Starting computation...
    Writing took     918.566000 us
    Computation took 173.214002 ms
    Reading took     37.033000 us
  Sample 86...
Starting computation...
    Writing took     905.815000 us
    Computation took 173.465033 ms
    Reading took     68.395000 us
  Sample 87...
Starting computation...
    Writing took     1.560703 ms
    Computation took 173.328382 ms
    Reading took     35.947000 us
  Sample 88...
Starting computation...
    Writing took     837.940000 us
    Computation took 173.282889 ms
    Reading took     35.302000 us
  Sample 89...
Starting computation...
    Writing took     834.499000 us
    Computation took 173.275482 ms
    Reading took     34.689000 us
  Sample 90...
Starting computation...
    Writing took     850.029000 us
    Computation took 173.216675 ms
    Reading took     36.142000 us
  Sample 91...
Starting computation...
    Writing took     839.280000 us
    Computation took 173.185237 ms
    Reading took     29.656000 us
  Sample 92...
Starting computation...
    Writing took     662.778000 us
    Computation took 173.168681 ms
    Reading took     29.829000 us
  Sample 93...
Starting computation...
    Writing took     682.443000 us
    Computation took 173.178969 ms
    Reading took     30.185000 us
  Sample 94...
Starting computation...
    Writing took     740.011000 us
    Computation took 173.428774 ms
    Reading took     30.319000 us
  Sample 95...
Starting computation...
    Writing took     695.856000 us
    Computation took 173.242559 ms
    Reading took     29.413000 us
  Sample 96...
Starting computation...
    Writing took     673.087000 us
    Computation took 173.428510 ms
    Reading took     29.677000 us
  Sample 97...
Starting computation...
    Writing took     644.388000 us
    Computation took 173.315746 ms
    Reading took     28.504000 us
  Sample 98...
Starting computation...
    Writing took     733.995000 us
    Computation took 173.232762 ms
    Reading took     28.777000 us
  Sample 99...
Starting computation...
    Writing took     640.618000 us
    Computation took 173.531081 ms
    Reading took     29.295000 us
Mean computation time: 173.367754 ms
Mean deviation: 90.127000 us (0.051986%)
Mean computation time (per hash): 15.760704 ms
Mean deviation (per hash): 8.193000 us
