Using device #0: CUDA Device 'GeForce GTX 1080 Ti'
  Sample 0...
Starting computation...
    Writing took     3.503584 ms
    Computation took 177.694190 ms
    Reading took     64.002000 us
  Sample 1...
Starting computation...
    Writing took     1.471824 ms
    Computation took 177.605135 ms
    Reading took     55.205000 us
  Sample 2...
Starting computation...
    Writing took     1.425543 ms
    Computation took 177.782889 ms
    Reading took     62.266000 us
  Sample 3...
Starting computation...
    Writing took     1.619456 ms
    Computation took 178.429925 ms
    Reading took     58.400000 us
  Sample 4...
Starting computation...
    Writing took     1.481199 ms
    Computation took 178.419915 ms
    Reading took     59.633000 us
  Sample 5...
Starting computation...
    Writing took     1.567960 ms
    Computation took 178.397721 ms
    Reading took     59.313000 us
  Sample 6...
Starting computation...
    Writing took     1.479559 ms
    Computation took 178.446320 ms
    Reading took     59.752000 us
  Sample 7...
Starting computation...
    Writing took     1.477851 ms
    Computation took 178.402398 ms
    Reading took     61.124000 us
  Sample 8...
Starting computation...
    Writing took     1.578607 ms
    Computation took 178.402367 ms
    Reading took     59.404000 us
  Sample 9...
Starting computation...
    Writing took     1.474997 ms
    Computation took 178.476751 ms
    Reading took     78.212000 us
  Sample 10...
Starting computation...
    Writing took     1.763262 ms
    Computation took 179.138030 ms
    Reading took     134.413000 us
  Sample 11...
Starting computation...
    Writing took     4.117010 ms
    Computation took 178.491211 ms
    Reading took     62.784000 us
  Sample 12...
Starting computation...
    Writing took     1.619699 ms
    Computation took 178.414813 ms
    Reading took     61.710000 us
  Sample 13...
Starting computation...
    Writing took     1.479968 ms
    Computation took 178.395232 ms
    Reading took     57.433000 us
  Sample 14...
Starting computation...
    Writing took     1.484462 ms
    Computation took 178.384813 ms
    Reading took     59.761000 us
  Sample 15...
Starting computation...
    Writing took     1.572328 ms
    Computation took 178.422797 ms
    Reading took     58.550000 us
  Sample 16...
Starting computation...
    Writing took     1.532045 ms
    Computation took 178.413810 ms
    Reading took     58.323000 us
  Sample 17...
Starting computation...
    Writing took     1.552791 ms
    Computation took 178.430367 ms
    Reading took     59.160000 us
  Sample 18...
Starting computation...
    Writing took     1.524838 ms
    Computation took 178.384507 ms
    Reading took     57.632000 us
  Sample 19...
Starting computation...
    Writing took     1.530412 ms
    Computation took 178.342855 ms
    Reading took     54.966000 us
  Sample 20...
Starting computation...
    Writing took     1.516806 ms
    Computation took 178.407637 ms
    Reading took     123.939000 us
  Sample 21...
Starting computation...
    Writing took     3.257693 ms
    Computation took 178.477517 ms
    Reading took     77.661000 us
  Sample 22...
Starting computation...
    Writing took     1.889563 ms
    Computation took 178.456643 ms
    Reading took     115.821000 us
  Sample 23...
Starting computation...
    Writing took     3.221894 ms
    Computation took 178.489270 ms
    Reading took     79.122000 us
  Sample 24...
Starting computation...
    Writing took     2.067832 ms
    Computation took 178.398314 ms
    Reading took     84.951000 us
  Sample 25...
Starting computation...
    Writing took     2.056414 ms
    Computation took 178.475894 ms
    Reading took     77.929000 us
  Sample 26...
Starting computation...
    Writing took     2.042354 ms
    Computation took 178.412341 ms
    Reading took     79.289000 us
  Sample 27...
Starting computation...
    Writing took     2.039636 ms
    Computation took 178.474170 ms
    Reading took     62.731000 us
  Sample 28...
Starting computation...
    Writing took     1.525253 ms
    Computation took 178.426155 ms
    Reading took     63.990000 us
  Sample 29...
Starting computation...
    Writing took     1.612105 ms
    Computation took 178.477800 ms
    Reading took     62.533000 us
  Sample 30...
Starting computation...
    Writing took     1.550901 ms
    Computation took 178.389032 ms
    Reading took     65.055000 us
  Sample 31...
Starting computation...
    Writing took     1.620412 ms
    Computation took 178.417349 ms
    Reading took     63.927000 us
  Sample 32...
Starting computation...
    Writing took     1.628778 ms
    Computation took 178.397640 ms
    Reading took     69.699000 us
  Sample 33...
Starting computation...
    Writing took     1.748402 ms
    Computation took 178.338719 ms
    Reading took     79.219000 us
  Sample 34...
Starting computation...
    Writing took     2.061809 ms
    Computation took 178.446967 ms
    Reading took     77.154000 us
  Sample 35...
Starting computation...
    Writing took     2.033876 ms
    Computation took 178.442630 ms
    Reading took     77.671000 us
  Sample 36...
Starting computation...
    Writing took     2.056067 ms
    Computation took 178.487646 ms
    Reading took     77.746000 us
  Sample 37...
Starting computation...
    Writing took     1.550610 ms
    Computation took 178.418287 ms
    Reading took     61.239000 us
  Sample 38...
Starting computation...
    Writing took     1.569868 ms
    Computation took 178.444770 ms
    Reading took     87.410000 us
  Sample 39...
Starting computation...
    Writing took     2.240348 ms
    Computation took 178.425619 ms
    Reading took     78.884000 us
  Sample 40...
Starting computation...
    Writing took     2.046591 ms
    Computation took 178.410927 ms
    Reading took     78.316000 us
  Sample 41...
Starting computation...
    Writing took     2.000741 ms
    Computation took 178.410512 ms
    Reading took     66.870000 us
  Sample 42...
Starting computation...
    Writing took     1.607948 ms
    Computation took 178.469742 ms
    Reading took     61.714000 us
  Sample 43...
Starting computation...
    Writing took     1.559446 ms
    Computation took 178.414610 ms
    Reading took     63.247000 us
  Sample 44...
Starting computation...
    Writing took     1.598161 ms
    Computation took 178.399093 ms
    Reading took     63.609000 us
  Sample 45...
Starting computation...
    Writing took     1.631598 ms
    Computation took 178.408533 ms
    Reading took     64.227000 us
  Sample 46...
Starting computation...
    Writing took     1.688175 ms
    Computation took 178.429323 ms
    Reading took     64.399000 us
  Sample 47...
Starting computation...
    Writing took     1.645902 ms
    Computation took 178.450680 ms
    Reading took     64.515000 us
  Sample 48...
Starting computation...
    Writing took     1.629970 ms
    Computation took 178.445393 ms
    Reading took     101.129000 us
  Sample 49...
Starting computation...
    Writing took     2.817502 ms
    Computation took 178.466562 ms
    Reading took     76.764000 us
  Sample 50...
Starting computation...
    Writing took     1.909372 ms
    Computation took 178.435843 ms
    Reading took     112.040000 us
  Sample 51...
Starting computation...
    Writing took     2.966933 ms
    Computation took 178.449966 ms
    Reading took     78.310000 us
  Sample 52...
Starting computation...
    Writing took     1.972291 ms
    Computation took 178.579358 ms
    Reading took     77.210000 us
  Sample 53...
Starting computation...
    Writing took     1.930821 ms
    Computation took 178.418154 ms
    Reading took     93.550000 us
  Sample 54...
Starting computation...
    Writing took     1.899872 ms
    Computation took 178.460466 ms
    Reading took     77.934000 us
  Sample 55...
Starting computation...
    Writing took     1.899736 ms
    Computation took 178.495485 ms
    Reading took     85.622000 us
  Sample 56...
Starting computation...
    Writing took     2.260081 ms
    Computation took 178.449284 ms
    Reading took     79.388000 us
  Sample 57...
Starting computation...
    Writing took     2.050961 ms
    Computation took 178.387287 ms
    Reading took     80.081000 us
  Sample 58...
Starting computation...
    Writing took     2.084663 ms
    Computation took 178.428112 ms
    Reading took     81.978000 us
  Sample 59...
Starting computation...
    Writing took     2.082650 ms
    Computation took 178.446647 ms
    Reading took     78.193000 us
  Sample 60...
Starting computation...
    Writing took     2.068868 ms
    Computation took 178.464363 ms
    Reading took     124.327000 us
  Sample 61...
Starting computation...
    Writing took     3.131192 ms
    Computation took 178.459496 ms
    Reading took     72.806000 us
  Sample 62...
Starting computation...
    Writing took     1.894521 ms
    Computation took 178.452823 ms
    Reading took     72.226000 us
  Sample 63...
Starting computation...
    Writing took     1.918477 ms
    Computation took 178.426935 ms
    Reading took     115.547000 us
  Sample 64...
Starting computation...
    Writing took     3.114861 ms
    Computation took 178.509441 ms
    Reading took     112.199000 us
  Sample 65...
Starting computation...
    Writing took     3.221916 ms
    Computation took 178.506060 ms
    Reading took     73.654000 us
  Sample 66...
Starting computation...
    Writing took     1.925868 ms
    Computation took 178.463081 ms
    Reading took     73.154000 us
  Sample 67...
Starting computation...
    Writing took     1.916616 ms
    Computation took 178.441655 ms
    Reading took     72.414000 us
  Sample 68...
Starting computation...
    Writing took     1.902695 ms
    Computation took 178.461681 ms
    Reading took     72.408000 us
  Sample 69...
Starting computation...
    Writing took     1.879207 ms
    Computation took 178.448236 ms
    Reading took     72.731000 us
  Sample 70...
Starting computation...
    Writing took     1.881610 ms
    Computation took 178.470773 ms
    Reading took     72.930000 us
  Sample 71...
Starting computation...
    Writing took     1.888223 ms
    Computation took 178.419466 ms
    Reading took     75.302000 us
  Sample 72...
Starting computation...
    Writing took     1.882562 ms
    Computation took 178.457031 ms
    Reading took     73.425000 us
  Sample 73...
Starting computation...
    Writing took     1.879619 ms
    Computation took 178.386661 ms
    Reading took     59.044000 us
  Sample 74...
Starting computation...
    Writing took     1.463479 ms
    Computation took 178.409705 ms
    Reading took     61.352000 us
  Sample 75...
Starting computation...
    Writing took     1.470537 ms
    Computation took 178.427656 ms
    Reading took     57.704000 us
  Sample 76...
Starting computation...
    Writing took     1.437482 ms
    Computation took 178.386095 ms
    Reading took     63.904000 us
  Sample 77...
Starting computation...
    Writing took     1.601052 ms
    Computation took 178.449216 ms
    Reading took     71.515000 us
  Sample 78...
Starting computation...
    Writing took     1.895197 ms
    Computation took 178.430690 ms
    Reading took     72.817000 us
  Sample 79...
Starting computation...
    Writing took     1.908198 ms
    Computation took 178.450986 ms
    Reading took     72.498000 us
  Sample 80...
Starting computation...
    Writing took     1.905905 ms
    Computation took 178.427437 ms
    Reading took     72.827000 us
  Sample 81...
Starting computation...
    Writing took     1.928875 ms
    Computation took 178.587223 ms
    Reading took     72.766000 us
  Sample 82...
Starting computation...
    Writing took     1.900887 ms
    Computation took 178.868328 ms
    Reading took     73.271000 us
  Sample 83...
Starting computation...
    Writing took     1.893300 ms
    Computation took 178.883428 ms
    Reading took     71.947000 us
  Sample 84...
Starting computation...
    Writing took     1.893988 ms
    Computation took 178.933050 ms
    Reading took     71.939000 us
  Sample 85...
Starting computation...
    Writing took     1.919470 ms
    Computation took 178.882944 ms
    Reading took     72.271000 us
  Sample 86...
Starting computation...
    Writing took     1.899384 ms
    Computation took 178.894785 ms
    Reading took     74.948000 us
  Sample 87...
Starting computation...
    Writing took     1.877263 ms
    Computation took 178.872631 ms
    Reading took     118.338000 us
  Sample 88...
Starting computation...
    Writing took     3.255303 ms
    Computation took 178.863437 ms
    Reading took     74.673000 us
  Sample 89...
Starting computation...
    Writing took     1.926641 ms
    Computation took 178.872591 ms
    Reading took     73.077000 us
  Sample 90...
Starting computation...
    Writing took     1.956161 ms
    Computation took 178.917231 ms
    Reading took     73.558000 us
  Sample 91...
Starting computation...
    Writing took     2.804014 ms
    Computation took 178.914443 ms
    Reading took     138.656000 us
  Sample 92...
Starting computation...
    Writing took     3.764652 ms
    Computation took 178.919983 ms
    Reading took     110.065000 us
  Sample 93...
Starting computation...
    Writing took     3.215356 ms
    Computation took 178.912434 ms
    Reading took     82.282000 us
  Sample 94...
Starting computation...
    Writing took     2.059999 ms
    Computation took 178.880014 ms
    Reading took     84.273000 us
  Sample 95...
Starting computation...
    Writing took     2.082163 ms
    Computation took 178.913009 ms
    Reading took     81.169000 us
  Sample 96...
Starting computation...
    Writing took     2.079831 ms
    Computation took 178.920335 ms
    Reading took     69.809000 us
  Sample 97...
Starting computation...
    Writing took     1.655022 ms
    Computation took 178.875982 ms
    Reading took     67.849000 us
  Sample 98...
Starting computation...
    Writing took     1.587219 ms
    Computation took 178.875839 ms
    Reading took     66.930000 us
  Sample 99...
Starting computation...
    Writing took     1.638925 ms
    Computation took 178.929559 ms
    Reading took     74.543000 us
Mean computation time: 178.505031 ms
Mean deviation: 156.687000 us (0.0877774%)
Mean computation time (per hash): 7.140200 ms
Mean deviation (per hash): 6.267000 us
