Using device #0: CUDA Device 'GeForce GTX 1080 Ti'
  Sample 0...
Starting computation...
    Writing took     679.430000 us
    Computation took 196.711950 ms
    Reading took     21.858000 us
  Sample 1...
Starting computation...
    Writing took     450.226000 us
    Computation took 196.662710 ms
    Reading took     18.827000 us
  Sample 2...
Starting computation...
    Writing took     449.917000 us
    Computation took 196.677134 ms
    Reading took     21.392000 us
  Sample 3...
Starting computation...
    Writing took     507.350000 us
    Computation took 196.674917 ms
    Reading took     19.851000 us
  Sample 4...
Starting computation...
    Writing took     475.681000 us
    Computation took 196.688036 ms
    Reading took     18.919000 us
  Sample 5...
Starting computation...
    Writing took     478.968000 us
    Computation took 196.623189 ms
    Reading took     17.454000 us
  Sample 6...
Starting computation...
    Writing took     449.561000 us
    Computation took 196.664237 ms
    Reading took     19.658000 us
  Sample 7...
Starting computation...
    Writing took     460.088000 us
    Computation took 197.331522 ms
    Reading took     24.209000 us
  Sample 8...
Starting computation...
    Writing took     618.380000 us
    Computation took 196.714677 ms
    Reading took     20.501000 us
  Sample 9...
Starting computation...
    Writing took     508.576000 us
    Computation took 196.688969 ms
    Reading took     19.652000 us
  Sample 10...
Starting computation...
    Writing took     458.242000 us
    Computation took 196.671910 ms
    Reading took     18.572000 us
  Sample 11...
Starting computation...
    Writing took     452.403000 us
    Computation took 196.653720 ms
    Reading took     19.698000 us
  Sample 12...
Starting computation...
    Writing took     464.120000 us
    Computation took 196.664147 ms
    Reading took     21.362000 us
  Sample 13...
Starting computation...
    Writing took     479.606000 us
    Computation took 196.671219 ms
    Reading took     20.262000 us
  Sample 14...
Starting computation...
    Writing took     467.810000 us
    Computation took 196.680987 ms
    Reading took     19.992000 us
  Sample 15...
Starting computation...
    Writing took     464.527000 us
    Computation took 196.667445 ms
    Reading took     20.282000 us
  Sample 16...
Starting computation...
    Writing took     478.358000 us
    Computation took 196.668824 ms
    Reading took     19.881000 us
  Sample 17...
Starting computation...
    Writing took     466.521000 us
    Computation took 196.705101 ms
    Reading took     23.499000 us
  Sample 18...
Starting computation...
    Writing took     563.020000 us
    Computation took 196.702362 ms
    Reading took     20.960000 us
  Sample 19...
Starting computation...
    Writing took     507.715000 us
    Computation took 196.647433 ms
    Reading took     18.425000 us
  Sample 20...
Starting computation...
    Writing took     449.784000 us
    Computation took 196.681953 ms
    Reading took     18.230000 us
  Sample 21...
Starting computation...
    Writing took     506.277000 us
    Computation took 196.679764 ms
    Reading took     20.849000 us
  Sample 22...
Starting computation...
    Writing took     500.041000 us
    Computation took 196.709727 ms
    Reading took     33.142000 us
  Sample 23...
Starting computation...
    Writing took     802.739000 us
    Computation took 196.729040 ms
    Reading took     31.670000 us
  Sample 24...
Starting computation...
    Writing took     665.527000 us
    Computation took 196.702832 ms
    Reading took     26.496000 us
  Sample 25...
Starting computation...
    Writing took     665.544000 us
    Computation took 196.693970 ms
    Reading took     25.936000 us
  Sample 26...
Starting computation...
    Writing took     655.667000 us
    Computation took 196.689362 ms
    Reading took     20.739000 us
  Sample 27...
Starting computation...
    Writing took     501.584000 us
    Computation took 196.679329 ms
    Reading took     21.680000 us
  Sample 28...
Starting computation...
    Writing took     507.487000 us
    Computation took 196.697311 ms
    Reading took     20.235000 us
  Sample 29...
Starting computation...
    Writing took     481.505000 us
    Computation took 196.712831 ms
    Reading took     28.653000 us
  Sample 30...
Starting computation...
    Writing took     671.980000 us
    Computation took 196.721657 ms
    Reading took     25.131000 us
  Sample 31...
Starting computation...
    Writing took     635.322000 us
    Computation took 196.681806 ms
    Reading took     27.342000 us
  Sample 32...
Starting computation...
    Writing took     660.293000 us
    Computation took 196.724343 ms
    Reading took     20.701000 us
  Sample 33...
Starting computation...
    Writing took     524.190000 us
    Computation took 196.710314 ms
    Reading took     21.237000 us
  Sample 34...
Starting computation...
    Writing took     480.623000 us
    Computation took 196.708084 ms
    Reading took     21.508000 us
  Sample 35...
Starting computation...
    Writing took     479.119000 us
    Computation took 196.672484 ms
    Reading took     18.543000 us
  Sample 36...
Starting computation...
    Writing took     495.510000 us
    Computation took 196.667788 ms
    Reading took     18.778000 us
  Sample 37...
Starting computation...
    Writing took     450.411000 us
    Computation took 196.635991 ms
    Reading took     21.132000 us
  Sample 38...
Starting computation...
    Writing took     576.792000 us
    Computation took 196.694099 ms
    Reading took     32.269000 us
  Sample 39...
Starting computation...
    Writing took     766.916000 us
    Computation took 196.718179 ms
    Reading took     27.262000 us
  Sample 40...
Starting computation...
    Writing took     662.916000 us
    Computation took 196.698272 ms
    Reading took     27.443000 us
  Sample 41...
Starting computation...
    Writing took     661.629000 us
    Computation took 196.720923 ms
    Reading took     25.145000 us
  Sample 42...
Starting computation...
    Writing took     638.580000 us
    Computation took 196.668812 ms
    Reading took     19.535000 us
  Sample 43...
Starting computation...
    Writing took     483.820000 us
    Computation took 196.660998 ms
    Reading took     20.342000 us
  Sample 44...
Starting computation...
    Writing took     478.110000 us
    Computation took 196.699571 ms
    Reading took     20.093000 us
  Sample 45...
Starting computation...
    Writing took     514.419000 us
    Computation took 197.104994 ms
    Reading took     18.850000 us
  Sample 46...
Starting computation...
    Writing took     450.951000 us
    Computation took 197.582864 ms
    Reading took     17.918000 us
  Sample 47...
Starting computation...
    Writing took     450.753000 us
    Computation took 197.579368 ms
    Reading took     20.215000 us
  Sample 48...
Starting computation...
    Writing took     477.810000 us
    Computation took 197.610148 ms
    Reading took     27.780000 us
  Sample 49...
Starting computation...
    Writing took     672.922000 us
    Computation took 197.630257 ms
    Reading took     24.877000 us
  Sample 50...
Starting computation...
    Writing took     633.082000 us
    Computation took 197.584299 ms
    Reading took     21.760000 us
  Sample 51...
Starting computation...
    Writing took     510.498000 us
    Computation took 197.571259 ms
    Reading took     18.084000 us
  Sample 52...
Starting computation...
    Writing took     450.737000 us
    Computation took 197.586341 ms
    Reading took     20.240000 us
  Sample 53...
Starting computation...
    Writing took     460.577000 us
    Computation took 197.587400 ms
    Reading took     21.087000 us
  Sample 54...
Starting computation...
    Writing took     479.345000 us
    Computation took 197.567762 ms
    Reading took     18.187000 us
  Sample 55...
Starting computation...
    Writing took     448.636000 us
    Computation took 197.566679 ms
    Reading took     18.146000 us
  Sample 56...
Starting computation...
    Writing took     449.840000 us
    Computation took 197.572919 ms
    Reading took     18.035000 us
  Sample 57...
Starting computation...
    Writing took     449.951000 us
    Computation took 197.597234 ms
    Reading took     20.233000 us
  Sample 58...
Starting computation...
    Writing took     478.292000 us
    Computation took 197.581101 ms
    Reading took     21.178000 us
  Sample 59...
Starting computation...
    Writing took     478.891000 us
    Computation took 197.606492 ms
    Reading took     21.016000 us
  Sample 60...
Starting computation...
    Writing took     504.657000 us
    Computation took 197.600093 ms
    Reading took     18.587000 us
  Sample 61...
Starting computation...
    Writing took     449.332000 us
    Computation took 197.597303 ms
    Reading took     21.205000 us
  Sample 62...
Starting computation...
    Writing took     478.928000 us
    Computation took 197.612745 ms
    Reading took     20.963000 us
  Sample 63...
Starting computation...
    Writing took     467.832000 us
    Computation took 197.596931 ms
    Reading took     21.152000 us
  Sample 64...
Starting computation...
    Writing took     523.877000 us
    Computation took 197.612145 ms
    Reading took     18.199000 us
  Sample 65...
Starting computation...
    Writing took     455.635000 us
    Computation took 197.588780 ms
    Reading took     20.629000 us
  Sample 66...
Starting computation...
    Writing took     530.611000 us
    Computation took 197.583995 ms
    Reading took     20.744000 us
  Sample 67...
Starting computation...
    Writing took     477.410000 us
    Computation took 197.649784 ms
    Reading took     20.922000 us
  Sample 68...
Starting computation...
    Writing took     476.528000 us
    Computation took 197.654109 ms
    Reading took     45.160000 us
  Sample 69...
Starting computation...
    Writing took     1.096590 ms
    Computation took 197.637139 ms
    Reading took     29.231000 us
  Sample 70...
Starting computation...
    Writing took     657.051000 us
    Computation took 197.586819 ms
    Reading took     25.337000 us
  Sample 71...
Starting computation...
    Writing took     638.890000 us
    Computation took 197.600295 ms
    Reading took     29.871000 us
  Sample 72...
Starting computation...
    Writing took     656.255000 us
    Computation took 197.603155 ms
    Reading took     23.303000 us
  Sample 73...
Starting computation...
    Writing took     466.770000 us
    Computation took 197.567200 ms
    Reading took     20.360000 us
  Sample 74...
Starting computation...
    Writing took     450.119000 us
    Computation took 197.627086 ms
    Reading took     22.743000 us
  Sample 75...
Starting computation...
    Writing took     469.122000 us
    Computation took 197.609725 ms
    Reading took     22.053000 us
  Sample 76...
Starting computation...
    Writing took     468.867000 us
    Computation took 197.636194 ms
    Reading took     45.487000 us
  Sample 77...
Starting computation...
    Writing took     1.185730 ms
    Computation took 197.599615 ms
    Reading took     27.567000 us
  Sample 78...
Starting computation...
    Writing took     671.057000 us
    Computation took 197.598926 ms
    Reading took     27.235000 us
  Sample 79...
Starting computation...
    Writing took     665.467000 us
    Computation took 197.630660 ms
    Reading took     32.629000 us
  Sample 80...
Starting computation...
    Writing took     767.513000 us
    Computation took 197.624109 ms
    Reading took     24.773000 us
  Sample 81...
Starting computation...
    Writing took     635.433000 us
    Computation took 197.620632 ms
    Reading took     25.769000 us
  Sample 82...
Starting computation...
    Writing took     648.644000 us
    Computation took 197.637151 ms
    Reading took     21.372000 us
  Sample 83...
Starting computation...
    Writing took     483.102000 us
    Computation took 197.618882 ms
    Reading took     18.170000 us
  Sample 84...
Starting computation...
    Writing took     451.456000 us
    Computation took 197.606647 ms
    Reading took     19.555000 us
  Sample 85...
Starting computation...
    Writing took     464.590000 us
    Computation took 197.581257 ms
    Reading took     19.803000 us
  Sample 86...
Starting computation...
    Writing took     472.199000 us
    Computation took 197.610527 ms
    Reading took     18.887000 us
  Sample 87...
Starting computation...
    Writing took     475.101000 us
    Computation took 197.572332 ms
    Reading took     20.824000 us
  Sample 88...
Starting computation...
    Writing took     475.496000 us
    Computation took 197.617102 ms
    Reading took     19.000000 us
  Sample 89...
Starting computation...
    Writing took     516.994000 us
    Computation took 197.630599 ms
    Reading took     21.484000 us
  Sample 90...
Starting computation...
    Writing took     479.274000 us
    Computation took 197.602504 ms
    Reading took     21.970000 us
  Sample 91...
Starting computation...
    Writing took     525.739000 us
    Computation took 197.572852 ms
    Reading took     20.994000 us
  Sample 92...
Starting computation...
    Writing took     500.069000 us
    Computation took 197.607539 ms
    Reading took     37.114000 us
  Sample 93...
Starting computation...
    Writing took     475.998000 us
    Computation took 197.600671 ms
    Reading took     20.876000 us
  Sample 94...
Starting computation...
    Writing took     496.700000 us
    Computation took 197.611268 ms
    Reading took     18.214000 us
  Sample 95...
Starting computation...
    Writing took     449.859000 us
    Computation took 197.586831 ms
    Reading took     18.627000 us
  Sample 96...
Starting computation...
    Writing took     449.950000 us
    Computation took 197.587281 ms
    Reading took     21.202000 us
  Sample 97...
Starting computation...
    Writing took     518.536000 us
    Computation took 197.593273 ms
    Reading took     21.147000 us
  Sample 98...
Starting computation...
    Writing took     509.886000 us
    Computation took 197.596857 ms
    Reading took     20.870000 us
  Sample 99...
Starting computation...
    Writing took     479.567000 us
    Computation took 197.628369 ms
    Reading took     30.937000 us
Mean computation time: 197.191584 ms
Mean deviation: 446.357000 us (0.226357%)
Mean computation time (per hash): 24.648947 ms
Mean deviation (per hash): 55.794000 us
