Using device #0: CUDA Device 'GeForce GTX 1080 Ti'
  Sample 0...
Starting computation...
    Writing took     8.240383 ms
    Computation took 263.277923 ms
    Reading took     209.659000 us
  Sample 1...
Starting computation...
    Writing took     5.669463 ms
    Computation took 263.050640 ms
    Reading took     207.145000 us
  Sample 2...
Starting computation...
    Writing took     5.685240 ms
    Computation took 263.781360 ms
    Reading took     189.055000 us
  Sample 3...
Starting computation...
    Writing took     5.208597 ms
    Computation took 263.229648 ms
    Reading took     152.952000 us
  Sample 4...
Starting computation...
    Writing took     5.514281 ms
    Computation took 263.539043 ms
    Reading took     191.090000 us
  Sample 5...
Starting computation...
    Writing took     5.290128 ms
    Computation took 264.310457 ms
    Reading took     197.089000 us
  Sample 6...
Starting computation...
    Writing took     5.251533 ms
    Computation took 263.205167 ms
    Reading took     194.990000 us
  Sample 7...
Starting computation...
    Writing took     5.225263 ms
    Computation took 263.144111 ms
    Reading took     154.859000 us
  Sample 8...
Starting computation...
    Writing took     4.041953 ms
    Computation took 263.594935 ms
    Reading took     168.254000 us
  Sample 9...
Starting computation...
    Writing took     4.571504 ms
    Computation took 264.682639 ms
    Reading took     177.584000 us
  Sample 10...
Starting computation...
    Writing took     4.869513 ms
    Computation took 263.493136 ms
    Reading took     189.149000 us
  Sample 11...
Starting computation...
    Writing took     4.854385 ms
    Computation took 263.835979 ms
    Reading took     308.948000 us
  Sample 12...
Starting computation...
    Writing took     14.016390 ms
    Computation took 264.123378 ms
    Reading took     174.325000 us
  Sample 13...
Starting computation...
    Writing took     4.360594 ms
    Computation took 263.555680 ms
    Reading took     175.890000 us
  Sample 14...
Starting computation...
    Writing took     4.829254 ms
    Computation took 264.405336 ms
    Reading took     179.967000 us
  Sample 15...
Starting computation...
    Writing took     4.422451 ms
    Computation took 266.225780 ms
    Reading took     189.515000 us
  Sample 16...
Starting computation...
    Writing took     4.554454 ms
    Computation took 265.615908 ms
    Reading took     171.015000 us
  Sample 17...
Starting computation...
    Writing took     4.227290 ms
    Computation took 267.591627 ms
    Reading took     154.000000 us
  Sample 18...
Starting computation...
    Writing took     4.039937 ms
    Computation took 271.216405 ms
    Reading took     184.763000 us
  Sample 19...
Starting computation...
    Writing took     4.532748 ms
    Computation took 269.692023 ms
    Reading took     187.775000 us
  Sample 20...
Starting computation...
    Writing took     5.846487 ms
    Computation took 269.321911 ms
    Reading took     279.652000 us
  Sample 21...
Starting computation...
    Writing took     6.806323 ms
    Computation took 267.131749 ms
    Reading took     209.675000 us
  Sample 22...
Starting computation...
    Writing took     5.229928 ms
    Computation took 265.318662 ms
    Reading took     303.532000 us
  Sample 23...
Starting computation...
    Writing took     8.243766 ms
    Computation took 264.136832 ms
    Reading took     190.546000 us
  Sample 24...
Starting computation...
    Writing took     5.238367 ms
    Computation took 263.362618 ms
    Reading took     188.953000 us
  Sample 25...
Starting computation...
    Writing took     5.234672 ms
    Computation took 264.170197 ms
    Reading took     215.824000 us
  Sample 26...
Starting computation...
    Writing took     5.185048 ms
    Computation took 267.268606 ms
    Reading took     162.253000 us
  Sample 27...
Starting computation...
    Writing took     4.427993 ms
    Computation took 274.558289 ms
    Reading took     322.469000 us
  Sample 28...
Starting computation...
    Writing took     8.658002 ms
    Computation took 275.115552 ms
    Reading took     202.554000 us
  Sample 29...
Starting computation...
    Writing took     5.178104 ms
    Computation took 274.990535 ms
    Reading took     190.653000 us
  Sample 30...
Starting computation...
    Writing took     5.196855 ms
    Computation took 270.955371 ms
    Reading took     188.540000 us
  Sample 31...
Starting computation...
    Writing took     5.195199 ms
    Computation took 268.815792 ms
    Reading took     192.593000 us
  Sample 32...
Starting computation...
    Writing took     5.276201 ms
    Computation took 267.283557 ms
    Reading took     154.267000 us
  Sample 33...
Starting computation...
    Writing took     4.127935 ms
    Computation took 266.590513 ms
    Reading took     176.666000 us
  Sample 34...
Starting computation...
    Writing took     4.616693 ms
    Computation took 264.616553 ms
    Reading took     173.672000 us
  Sample 35...
Starting computation...
    Writing took     4.435276 ms
    Computation took 263.278385 ms
    Reading took     191.102000 us
  Sample 36...
Starting computation...
    Writing took     5.185770 ms
    Computation took 263.260970 ms
    Reading took     190.127000 us
  Sample 37...
Starting computation...
    Writing took     5.275251 ms
    Computation took 264.040205 ms
    Reading took     192.253000 us
  Sample 38...
Starting computation...
    Writing took     5.220907 ms
    Computation took 264.078760 ms
    Reading took     190.590000 us
  Sample 39...
Starting computation...
    Writing took     5.216063 ms
    Computation took 267.325463 ms
    Reading took     150.378000 us
  Sample 40...
Starting computation...
    Writing took     4.011202 ms
    Computation took 268.731302 ms
    Reading took     157.503000 us
  Sample 41...
Starting computation...
    Writing took     4.262143 ms
    Computation took 269.063077 ms
    Reading took     177.954000 us
  Sample 42...
Starting computation...
    Writing took     4.825491 ms
    Computation took 266.370411 ms
    Reading took     215.805000 us
  Sample 43...
Starting computation...
    Writing took     5.089837 ms
    Computation took 264.684436 ms
    Reading took     190.266000 us
  Sample 44...
Starting computation...
    Writing took     5.226240 ms
    Computation took 263.833533 ms
    Reading took     161.922000 us
  Sample 45...
Starting computation...
    Writing took     4.322679 ms
    Computation took 263.079688 ms
    Reading took     148.605000 us
  Sample 46...
Starting computation...
    Writing took     4.239949 ms
    Computation took 263.122545 ms
    Reading took     161.746000 us
  Sample 47...
Starting computation...
    Writing took     4.351094 ms
    Computation took 263.936772 ms
    Reading took     155.607000 us
  Sample 48...
Starting computation...
    Writing took     4.407664 ms
    Computation took 263.861969 ms
    Reading took     172.400000 us
  Sample 49...
Starting computation...
    Writing took     4.618355 ms
    Computation took 264.350659 ms
    Reading took     160.172000 us
  Sample 50...
Starting computation...
    Writing took     4.265936 ms
    Computation took 263.568204 ms
    Reading took     160.645000 us
  Sample 51...
Starting computation...
    Writing took     4.318135 ms
    Computation took 263.896389 ms
    Reading took     165.693000 us
  Sample 52...
Starting computation...
    Writing took     4.481126 ms
    Computation took 264.654943 ms
    Reading took     301.639000 us
  Sample 53...
Starting computation...
    Writing took     8.883697 ms
    Computation took 264.523525 ms
    Reading took     190.171000 us
  Sample 54...
Starting computation...
    Writing took     5.212213 ms
    Computation took 264.089093 ms
    Reading took     207.163000 us
  Sample 55...
Starting computation...
    Writing took     5.225289 ms
    Computation took 264.042680 ms
    Reading took     152.111000 us
  Sample 56...
Starting computation...
    Writing took     4.094003 ms
    Computation took 263.876546 ms
    Reading took     173.918000 us
  Sample 57...
Starting computation...
    Writing took     4.660364 ms
    Computation took 265.050413 ms
    Reading took     182.356000 us
  Sample 58...
Starting computation...
    Writing took     5.063029 ms
    Computation took 266.305159 ms
    Reading took     177.529000 us
  Sample 59...
Starting computation...
    Writing took     4.836444 ms
    Computation took 266.601809 ms
    Reading took     171.205000 us
  Sample 60...
Starting computation...
    Writing took     4.660120 ms
    Computation took 266.064705 ms
    Reading took     179.094000 us
  Sample 61...
Starting computation...
    Writing took     4.843543 ms
    Computation took 264.685630 ms
    Reading took     303.363000 us
  Sample 62...
Starting computation...
    Writing took     8.968802 ms
    Computation took 263.812033 ms
    Reading took     295.011000 us
  Sample 63...
Starting computation...
    Writing took     8.948776 ms
    Computation took 265.290988 ms
    Reading took     189.956000 us
  Sample 64...
Starting computation...
    Writing took     5.218003 ms
    Computation took 267.604793 ms
    Reading took     190.180000 us
  Sample 65...
Starting computation...
    Writing took     5.197914 ms
    Computation took 266.537487 ms
    Reading took     161.127000 us
  Sample 66...
Starting computation...
    Writing took     4.119120 ms
    Computation took 264.093017 ms
    Reading took     299.450000 us
  Sample 67...
Starting computation...
    Writing took     8.819477 ms
    Computation took 263.843003 ms
    Reading took     188.197000 us
  Sample 68...
Starting computation...
    Writing took     5.219695 ms
    Computation took 264.193349 ms
    Reading took     193.493000 us
  Sample 69...
Starting computation...
    Writing took     5.594138 ms
    Computation took 265.369157 ms
    Reading took     288.424000 us
  Sample 70...
Starting computation...
    Writing took     8.952292 ms
    Computation took 264.445256 ms
    Reading took     162.330000 us
  Sample 71...
Starting computation...
    Writing took     4.175520 ms
    Computation took 263.931529 ms
    Reading took     166.963000 us
  Sample 72...
Starting computation...
    Writing took     4.625934 ms
    Computation took 263.894243 ms
    Reading took     176.689000 us
  Sample 73...
Starting computation...
    Writing took     4.641797 ms
    Computation took 263.783116 ms
    Reading took     167.675000 us
  Sample 74...
Starting computation...
    Writing took     4.643564 ms
    Computation took 263.880753 ms
    Reading took     152.167000 us
  Sample 75...
Starting computation...
    Writing took     4.036603 ms
    Computation took 263.815497 ms
    Reading took     149.766000 us
  Sample 76...
Starting computation...
    Writing took     4.086428 ms
    Computation took 264.606865 ms
    Reading took     151.419000 us
  Sample 77...
Starting computation...
    Writing took     3.939856 ms
    Computation took 263.931963 ms
    Reading took     165.850000 us
  Sample 78...
Starting computation...
    Writing took     4.496977 ms
    Computation took 263.313019 ms
    Reading took     176.527000 us
  Sample 79...
Starting computation...
    Writing took     4.718927 ms
    Computation took 264.979779 ms
    Reading took     169.836000 us
  Sample 80...
Starting computation...
    Writing took     4.550210 ms
    Computation took 264.194656 ms
    Reading took     187.883000 us
  Sample 81...
Starting computation...
    Writing took     5.101541 ms
    Computation took 263.155408 ms
    Reading took     188.403000 us
  Sample 82...
Starting computation...
    Writing took     4.999643 ms
    Computation took 264.048838 ms
    Reading took     210.209000 us
  Sample 83...
Starting computation...
    Writing took     5.069880 ms
    Computation took 264.922369 ms
    Reading took     187.280000 us
  Sample 84...
Starting computation...
    Writing took     5.022620 ms
    Computation took 264.451863 ms
    Reading took     218.682000 us
  Sample 85...
Starting computation...
    Writing took     5.098942 ms
    Computation took 267.507166 ms
    Reading took     186.153000 us
  Sample 86...
Starting computation...
    Writing took     5.030814 ms
    Computation took 267.988377 ms
    Reading took     189.957000 us
  Sample 87...
Starting computation...
    Writing took     5.218374 ms
    Computation took 267.405536 ms
    Reading took     191.987000 us
  Sample 88...
Starting computation...
    Writing took     5.394795 ms
    Computation took 268.047066 ms
    Reading took     150.748000 us
  Sample 89...
Starting computation...
    Writing took     4.017899 ms
    Computation took 268.435977 ms
    Reading took     192.806000 us
  Sample 90...
Starting computation...
    Writing took     5.271381 ms
    Computation took 268.484359 ms
    Reading took     190.121000 us
  Sample 91...
Starting computation...
    Writing took     5.266847 ms
    Computation took 271.018966 ms
    Reading took     189.727000 us
  Sample 92...
Starting computation...
    Writing took     5.237226 ms
    Computation took 270.106991 ms
    Reading took     189.724000 us
  Sample 93...
Starting computation...
    Writing took     5.231337 ms
    Computation took 268.350995 ms
    Reading took     191.135000 us
  Sample 94...
Starting computation...
    Writing took     5.202555 ms
    Computation took 267.953528 ms
    Reading took     191.501000 us
  Sample 95...
Starting computation...
    Writing took     5.195322 ms
    Computation took 266.249965 ms
    Reading took     151.244000 us
  Sample 96...
Starting computation...
    Writing took     4.085921 ms
    Computation took 266.646338 ms
    Reading took     153.608000 us
  Sample 97...
Starting computation...
    Writing took     4.088779 ms
    Computation took 267.029205 ms
    Reading took     181.558000 us
  Sample 98...
Starting computation...
    Writing took     4.562107 ms
    Computation took 264.759131 ms
    Reading took     165.740000 us
  Sample 99...
Starting computation...
    Writing took     4.500474 ms
    Computation took 264.170937 ms
    Reading took     205.945000 us
Mean computation time: 265.658387 ms
Mean deviation: 2.057689 ms (0.774562%)
Mean computation time (per hash): 3.795119 ms
Mean deviation (per hash): 29.395000 us
