Using device #0: CUDA Device 'GeForce GTX 1080 Ti'
  Sample 0...
Starting computation...
    Writing took     11.953378 ms
    Computation took 314.594588 ms
    Reading took     280.886000 us
  Sample 1...
Starting computation...
    Writing took     7.038630 ms
    Computation took 314.436870 ms
    Reading took     265.757000 us
  Sample 2...
Starting computation...
    Writing took     7.356035 ms
    Computation took 314.173173 ms
    Reading took     266.252000 us
  Sample 3...
Starting computation...
    Writing took     7.348126 ms
    Computation took 314.349996 ms
    Reading took     272.295000 us
  Sample 4...
Starting computation...
    Writing took     7.192911 ms
    Computation took 314.346650 ms
    Reading took     280.913000 us
  Sample 5...
Starting computation...
    Writing took     7.339312 ms
    Computation took 314.139220 ms
    Reading took     289.256000 us
  Sample 6...
Starting computation...
    Writing took     7.721767 ms
    Computation took 314.225592 ms
    Reading took     280.122000 us
  Sample 7...
Starting computation...
    Writing took     7.363561 ms
    Computation took 314.255633 ms
    Reading took     280.439000 us
  Sample 8...
Starting computation...
    Writing took     7.256737 ms
    Computation took 314.458303 ms
    Reading took     282.208000 us
  Sample 9...
Starting computation...
    Writing took     7.342910 ms
    Computation took 314.485882 ms
    Reading took     273.294000 us
  Sample 10...
Starting computation...
    Writing took     7.357634 ms
    Computation took 314.447226 ms
    Reading took     270.418000 us
  Sample 11...
Starting computation...
    Writing took     7.139212 ms
    Computation took 314.510746 ms
    Reading took     281.999000 us
  Sample 12...
Starting computation...
    Writing took     7.472134 ms
    Computation took 314.248128 ms
    Reading took     282.440000 us
  Sample 13...
Starting computation...
    Writing took     7.153799 ms
    Computation took 314.514550 ms
    Reading took     282.144000 us
  Sample 14...
Starting computation...
    Writing took     7.451070 ms
    Computation took 314.312237 ms
    Reading took     281.590000 us
  Sample 15...
Starting computation...
    Writing took     7.409443 ms
    Computation took 314.523380 ms
    Reading took     519.864000 us
  Sample 16...
Starting computation...
    Writing took     13.982360 ms
    Computation took 314.292992 ms
    Reading took     301.471000 us
  Sample 17...
Starting computation...
    Writing took     8.020343 ms
    Computation took 314.311823 ms
    Reading took     302.250000 us
  Sample 18...
Starting computation...
    Writing took     8.191117 ms
    Computation took 314.558914 ms
    Reading took     279.370000 us
  Sample 19...
Starting computation...
    Writing took     7.334071 ms
    Computation took 314.400009 ms
    Reading took     281.800000 us
  Sample 20...
Starting computation...
    Writing took     7.298041 ms
    Computation took 314.483717 ms
    Reading took     280.673000 us
  Sample 21...
Starting computation...
    Writing took     7.341083 ms
    Computation took 314.267943 ms
    Reading took     282.230000 us
  Sample 22...
Starting computation...
    Writing took     7.387463 ms
    Computation took 314.490178 ms
    Reading took     280.480000 us
  Sample 23...
Starting computation...
    Writing took     7.365904 ms
    Computation took 314.548532 ms
    Reading took     287.976000 us
  Sample 24...
Starting computation...
    Writing took     7.664382 ms
    Computation took 314.559250 ms
    Reading took     281.671000 us
  Sample 25...
Starting computation...
    Writing took     10.106104 ms
    Computation took 314.826022 ms
    Reading took     279.681000 us
  Sample 26...
Starting computation...
    Writing took     7.839782 ms
    Computation took 314.553725 ms
    Reading took     281.259000 us
  Sample 27...
Starting computation...
    Writing took     7.377296 ms
    Computation took 314.482438 ms
    Reading took     281.174000 us
  Sample 28...
Starting computation...
    Writing took     7.347440 ms
    Computation took 314.491595 ms
    Reading took     280.371000 us
  Sample 29...
Starting computation...
    Writing took     7.406008 ms
    Computation took 314.367800 ms
    Reading took     291.480000 us
  Sample 30...
Starting computation...
    Writing took     8.308872 ms
    Computation took 314.717019 ms
    Reading took     292.006000 us
  Sample 31...
Starting computation...
    Writing took     7.637494 ms
    Computation took 317.847230 ms
    Reading took     426.716000 us
  Sample 32...
Starting computation...
    Writing took     14.003777 ms
    Computation took 314.513765 ms
    Reading took     307.342000 us
  Sample 33...
Starting computation...
    Writing took     8.034297 ms
    Computation took 314.759731 ms
    Reading took     287.847000 us
  Sample 34...
Starting computation...
    Writing took     9.686417 ms
    Computation took 314.828836 ms
    Reading took     266.922000 us
  Sample 35...
Starting computation...
    Writing took     7.344915 ms
    Computation took 315.009756 ms
    Reading took     267.306000 us
  Sample 36...
Starting computation...
    Writing took     7.513543 ms
    Computation took 314.867933 ms
    Reading took     274.369000 us
  Sample 37...
Starting computation...
    Writing took     7.686781 ms
    Computation took 314.976199 ms
    Reading took     266.270000 us
  Sample 38...
Starting computation...
    Writing took     7.333923 ms
    Computation took 314.866340 ms
    Reading took     433.174000 us
  Sample 39...
Starting computation...
    Writing took     12.806663 ms
    Computation took 314.730098 ms
    Reading took     264.391000 us
  Sample 40...
Starting computation...
    Writing took     7.323648 ms
    Computation took 314.883760 ms
    Reading took     265.650000 us
  Sample 41...
Starting computation...
    Writing took     7.293647 ms
    Computation took 314.703660 ms
    Reading took     265.744000 us
  Sample 42...
Starting computation...
    Writing took     7.341435 ms
    Computation took 314.813359 ms
    Reading took     265.626000 us
  Sample 43...
Starting computation...
    Writing took     7.281444 ms
    Computation took 314.726357 ms
    Reading took     264.813000 us
  Sample 44...
Starting computation...
    Writing took     7.337071 ms
    Computation took 314.857252 ms
    Reading took     465.327000 us
  Sample 45...
Starting computation...
    Writing took     13.708361 ms
    Computation took 314.733665 ms
    Reading took     264.949000 us
  Sample 46...
Starting computation...
    Writing took     7.341024 ms
    Computation took 314.892664 ms
    Reading took     377.287000 us
  Sample 47...
Starting computation...
    Writing took     7.500275 ms
    Computation took 314.912288 ms
    Reading took     451.475000 us
  Sample 48...
Starting computation...
    Writing took     11.659837 ms
    Computation took 314.956319 ms
    Reading took     286.822000 us
  Sample 49...
Starting computation...
    Writing took     7.974730 ms
    Computation took 314.922554 ms
    Reading took     265.993000 us
  Sample 50...
Starting computation...
    Writing took     7.354223 ms
    Computation took 315.102034 ms
    Reading took     264.704000 us
  Sample 51...
Starting computation...
    Writing took     7.294854 ms
    Computation took 315.053258 ms
    Reading took     276.831000 us
  Sample 52...
Starting computation...
    Writing took     7.441564 ms
    Computation took 315.165465 ms
    Reading took     267.686000 us
  Sample 53...
Starting computation...
    Writing took     7.340939 ms
    Computation took 315.027333 ms
    Reading took     265.805000 us
  Sample 54...
Starting computation...
    Writing took     7.311565 ms
    Computation took 314.986306 ms
    Reading took     265.479000 us
  Sample 55...
Starting computation...
    Writing took     8.540489 ms
    Computation took 314.903267 ms
    Reading took     263.100000 us
  Sample 56...
Starting computation...
    Writing took     7.312814 ms
    Computation took 314.985937 ms
    Reading took     268.272000 us
  Sample 57...
Starting computation...
    Writing took     7.344551 ms
    Computation took 315.178608 ms
    Reading took     264.360000 us
  Sample 58...
Starting computation...
    Writing took     7.307550 ms
    Computation took 314.920709 ms
    Reading took     265.282000 us
  Sample 59...
Starting computation...
    Writing took     7.642953 ms
    Computation took 315.167841 ms
    Reading took     276.579000 us
  Sample 60...
Starting computation...
    Writing took     7.419424 ms
    Computation took 315.114639 ms
    Reading took     266.461000 us
  Sample 61...
Starting computation...
    Writing took     7.322256 ms
    Computation took 315.108905 ms
    Reading took     255.072000 us
  Sample 62...
Starting computation...
    Writing took     7.216347 ms
    Computation took 315.503094 ms
    Reading took     265.604000 us
  Sample 63...
Starting computation...
    Writing took     7.728599 ms
    Computation took 315.105172 ms
    Reading took     264.279000 us
  Sample 64...
Starting computation...
    Writing took     7.349553 ms
    Computation took 315.065440 ms
    Reading took     267.005000 us
  Sample 65...
Starting computation...
    Writing took     7.317115 ms
    Computation took 315.208937 ms
    Reading took     287.391000 us
  Sample 66...
Starting computation...
    Writing took     7.962279 ms
    Computation took 315.575886 ms
    Reading took     285.851000 us
  Sample 67...
Starting computation...
    Writing took     7.938115 ms
    Computation took 314.954076 ms
    Reading took     285.350000 us
  Sample 68...
Starting computation...
    Writing took     7.674036 ms
    Computation took 314.823133 ms
    Reading took     263.796000 us
  Sample 69...
Starting computation...
    Writing took     7.312573 ms
    Computation took 315.124534 ms
    Reading took     280.423000 us
  Sample 70...
Starting computation...
    Writing took     7.306571 ms
    Computation took 315.002002 ms
    Reading took     250.040000 us
  Sample 71...
Starting computation...
    Writing took     6.862608 ms
    Computation took 315.239279 ms
    Reading took     267.378000 us
  Sample 72...
Starting computation...
    Writing took     7.676142 ms
    Computation took 315.382397 ms
    Reading took     459.341000 us
  Sample 73...
Starting computation...
    Writing took     13.057857 ms
    Computation took 315.032257 ms
    Reading took     268.190000 us
  Sample 74...
Starting computation...
    Writing took     7.033262 ms
    Computation took 315.326288 ms
    Reading took     265.136000 us
  Sample 75...
Starting computation...
    Writing took     7.606447 ms
    Computation took 315.503156 ms
    Reading took     255.943000 us
  Sample 76...
Starting computation...
    Writing took     7.064303 ms
    Computation took 315.312877 ms
    Reading took     318.761000 us
  Sample 77...
Starting computation...
    Writing took     8.293346 ms
    Computation took 315.141734 ms
    Reading took     425.113000 us
  Sample 78...
Starting computation...
    Writing took     11.609394 ms
    Computation took 315.254922 ms
    Reading took     267.196000 us
  Sample 79...
Starting computation...
    Writing took     8.329064 ms
    Computation took 315.298369 ms
    Reading took     266.451000 us
  Sample 80...
Starting computation...
    Writing took     7.331804 ms
    Computation took 315.249955 ms
    Reading took     284.283000 us
  Sample 81...
Starting computation...
    Writing took     7.073055 ms
    Computation took 315.253719 ms
    Reading took     267.354000 us
  Sample 82...
Starting computation...
    Writing took     7.345644 ms
    Computation took 315.208552 ms
    Reading took     255.730000 us
  Sample 83...
Starting computation...
    Writing took     7.365905 ms
    Computation took 315.382121 ms
    Reading took     284.100000 us
  Sample 84...
Starting computation...
    Writing took     8.222465 ms
    Computation took 315.287493 ms
    Reading took     267.548000 us
  Sample 85...
Starting computation...
    Writing took     7.299362 ms
    Computation took 315.441128 ms
    Reading took     283.301000 us
  Sample 86...
Starting computation...
    Writing took     7.063977 ms
    Computation took 315.346246 ms
    Reading took     265.689000 us
  Sample 87...
Starting computation...
    Writing took     7.336123 ms
    Computation took 315.313361 ms
    Reading took     254.484000 us
  Sample 88...
Starting computation...
    Writing took     6.996692 ms
    Computation took 315.481308 ms
    Reading took     265.944000 us
  Sample 89...
Starting computation...
    Writing took     7.304915 ms
    Computation took 315.499156 ms
    Reading took     415.347000 us
  Sample 90...
Starting computation...
    Writing took     13.185389 ms
    Computation took 315.380714 ms
    Reading took     266.464000 us
  Sample 91...
Starting computation...
    Writing took     7.013974 ms
    Computation took 315.482038 ms
    Reading took     248.298000 us
  Sample 92...
Starting computation...
    Writing took     6.784652 ms
    Computation took 315.412660 ms
    Reading took     267.534000 us
  Sample 93...
Starting computation...
    Writing took     7.333647 ms
    Computation took 315.477711 ms
    Reading took     274.566000 us
  Sample 94...
Starting computation...
    Writing took     7.300247 ms
    Computation took 315.350968 ms
    Reading took     267.540000 us
  Sample 95...
Starting computation...
    Writing took     7.938718 ms
    Computation took 315.528128 ms
    Reading took     273.253000 us
  Sample 96...
Starting computation...
    Writing took     7.563395 ms
    Computation took 315.428055 ms
    Reading took     304.569000 us
  Sample 97...
Starting computation...
    Writing took     8.989361 ms
    Computation took 315.273064 ms
    Reading took     464.119000 us
  Sample 98...
Starting computation...
    Writing took     13.716910 ms
    Computation took 315.411435 ms
    Reading took     267.109000 us
  Sample 99...
Starting computation...
    Writing took     7.341411 ms
    Computation took 315.684891 ms
    Reading took     280.022000 us
Mean computation time: 314.946364 ms
Mean deviation: 366.767000 us (0.116454%)
Mean computation time (per hash): 3.181275 ms
Mean deviation (per hash): 3.704000 us
