Using device #0: CUDA Device 'GeForce GTX 1080 Ti'
  Sample 0...
Starting computation...
    Writing took     4.032366 ms
    Computation took 210.288629 ms
    Reading took     148.927000 us
  Sample 1...
Starting computation...
    Writing took     3.685578 ms
    Computation took 210.340477 ms
    Reading took     145.921000 us
  Sample 2...
Starting computation...
    Writing took     3.723570 ms
    Computation took 210.336129 ms
    Reading took     239.014000 us
  Sample 3...
Starting computation...
    Writing took     6.691545 ms
    Computation took 210.341967 ms
    Reading took     126.181000 us
  Sample 4...
Starting computation...
    Writing took     3.140703 ms
    Computation took 210.362924 ms
    Reading took     129.105000 us
  Sample 5...
Starting computation...
    Writing took     3.323818 ms
    Computation took 210.265718 ms
    Reading took     129.982000 us
  Sample 6...
Starting computation...
    Writing took     3.222238 ms
    Computation took 210.245896 ms
    Reading took     157.789000 us
  Sample 7...
Starting computation...
    Writing took     4.026614 ms
    Computation took 210.317094 ms
    Reading took     153.941000 us
  Sample 8...
Starting computation...
    Writing took     3.979569 ms
    Computation took 210.338411 ms
    Reading took     152.969000 us
  Sample 9...
Starting computation...
    Writing took     3.989180 ms
    Computation took 210.253997 ms
    Reading took     141.766000 us
  Sample 10...
Starting computation...
    Writing took     3.681397 ms
    Computation took 210.372474 ms
    Reading took     135.537000 us
  Sample 11...
Starting computation...
    Writing took     3.373820 ms
    Computation took 210.225483 ms
    Reading took     132.801000 us
  Sample 12...
Starting computation...
    Writing took     3.303767 ms
    Computation took 210.216587 ms
    Reading took     125.506000 us
  Sample 13...
Starting computation...
    Writing took     3.243814 ms
    Computation took 210.305122 ms
    Reading took     134.201000 us
  Sample 14...
Starting computation...
    Writing took     3.405995 ms
    Computation took 210.292261 ms
    Reading took     131.151000 us
  Sample 15...
Starting computation...
    Writing took     3.468715 ms
    Computation took 210.320953 ms
    Reading took     135.606000 us
  Sample 16...
Starting computation...
    Writing took     3.539007 ms
    Computation took 210.334656 ms
    Reading took     141.347000 us
  Sample 17...
Starting computation...
    Writing took     3.685966 ms
    Computation took 210.282186 ms
    Reading took     127.698000 us
  Sample 18...
Starting computation...
    Writing took     2.833523 ms
    Computation took 210.321497 ms
    Reading took     124.953000 us
  Sample 19...
Starting computation...
    Writing took     3.137742 ms
    Computation took 210.323443 ms
    Reading took     154.792000 us
  Sample 20...
Starting computation...
    Writing took     3.959777 ms
    Computation took 210.283384 ms
    Reading took     153.049000 us
  Sample 21...
Starting computation...
    Writing took     4.046759 ms
    Computation took 210.282225 ms
    Reading took     151.787000 us
  Sample 22...
Starting computation...
    Writing took     3.653154 ms
    Computation took 210.310151 ms
    Reading took     142.857000 us
  Sample 23...
Starting computation...
    Writing took     3.676854 ms
    Computation took 210.286053 ms
    Reading took     186.680000 us
  Sample 24...
Starting computation...
    Writing took     5.518953 ms
    Computation took 210.340041 ms
    Reading took     144.950000 us
  Sample 25...
Starting computation...
    Writing took     3.677480 ms
    Computation took 210.281266 ms
    Reading took     145.009000 us
  Sample 26...
Starting computation...
    Writing took     3.650743 ms
    Computation took 210.290482 ms
    Reading took     143.572000 us
  Sample 27...
Starting computation...
    Writing took     3.630946 ms
    Computation took 210.301744 ms
    Reading took     206.348000 us
  Sample 28...
Starting computation...
    Writing took     4.067122 ms
    Computation took 210.362635 ms
    Reading took     149.490000 us
  Sample 29...
Starting computation...
    Writing took     3.713868 ms
    Computation took 210.313190 ms
    Reading took     118.960000 us
  Sample 30...
Starting computation...
    Writing took     2.813958 ms
    Computation took 210.558771 ms
    Reading took     137.587000 us
  Sample 31...
Starting computation...
    Writing took     3.061001 ms
    Computation took 210.770176 ms
    Reading took     116.718000 us
  Sample 32...
Starting computation...
    Writing took     2.856080 ms
    Computation took 210.783248 ms
    Reading took     129.660000 us
  Sample 33...
Starting computation...
    Writing took     3.236872 ms
    Computation took 210.750992 ms
    Reading took     129.173000 us
  Sample 34...
Starting computation...
    Writing took     3.207751 ms
    Computation took 210.752684 ms
    Reading took     122.960000 us
  Sample 35...
Starting computation...
    Writing took     3.050864 ms
    Computation took 210.790944 ms
    Reading took     146.929000 us
  Sample 36...
Starting computation...
    Writing took     3.128107 ms
    Computation took 210.793708 ms
    Reading took     142.449000 us
  Sample 37...
Starting computation...
    Writing took     3.727586 ms
    Computation took 210.793309 ms
    Reading took     154.973000 us
  Sample 38...
Starting computation...
    Writing took     4.037362 ms
    Computation took 210.848801 ms
    Reading took     142.222000 us
  Sample 39...
Starting computation...
    Writing took     3.643233 ms
    Computation took 210.875832 ms
    Reading took     142.360000 us
  Sample 40...
Starting computation...
    Writing took     3.708755 ms
    Computation took 210.799144 ms
    Reading took     146.306000 us
  Sample 41...
Starting computation...
    Writing took     4.752265 ms
    Computation took 210.845889 ms
    Reading took     145.642000 us
  Sample 42...
Starting computation...
    Writing took     3.697545 ms
    Computation took 210.796124 ms
    Reading took     143.989000 us
  Sample 43...
Starting computation...
    Writing took     3.666087 ms
    Computation took 210.863838 ms
    Reading took     223.775000 us
  Sample 44...
Starting computation...
    Writing took     6.206095 ms
    Computation took 210.843193 ms
    Reading took     159.725000 us
  Sample 45...
Starting computation...
    Writing took     4.111372 ms
    Computation took 210.896432 ms
    Reading took     143.632000 us
  Sample 46...
Starting computation...
    Writing took     3.681648 ms
    Computation took 210.861183 ms
    Reading took     178.405000 us
  Sample 47...
Starting computation...
    Writing took     5.720658 ms
    Computation took 210.794506 ms
    Reading took     142.472000 us
  Sample 48...
Starting computation...
    Writing took     3.735834 ms
    Computation took 210.841952 ms
    Reading took     151.969000 us
  Sample 49...
Starting computation...
    Writing took     3.702191 ms
    Computation took 210.768627 ms
    Reading took     122.841000 us
  Sample 50...
Starting computation...
    Writing took     3.004469 ms
    Computation took 210.757467 ms
    Reading took     122.759000 us
  Sample 51...
Starting computation...
    Writing took     2.947498 ms
    Computation took 210.795332 ms
    Reading took     120.963000 us
  Sample 52...
Starting computation...
    Writing took     2.990286 ms
    Computation took 210.760684 ms
    Reading took     120.602000 us
  Sample 53...
Starting computation...
    Writing took     3.008745 ms
    Computation took 210.832359 ms
    Reading took     145.573000 us
  Sample 54...
Starting computation...
    Writing took     3.655969 ms
    Computation took 210.778576 ms
    Reading took     143.223000 us
  Sample 55...
Starting computation...
    Writing took     3.707001 ms
    Computation took 210.843422 ms
    Reading took     143.761000 us
  Sample 56...
Starting computation...
    Writing took     3.678028 ms
    Computation took 210.869323 ms
    Reading took     143.651000 us
  Sample 57...
Starting computation...
    Writing took     3.661873 ms
    Computation took 210.828211 ms
    Reading took     167.647000 us
  Sample 58...
Starting computation...
    Writing took     3.716910 ms
    Computation took 210.794522 ms
    Reading took     198.818000 us
  Sample 59...
Starting computation...
    Writing took     6.210489 ms
    Computation took 210.894936 ms
    Reading took     142.891000 us
  Sample 60...
Starting computation...
    Writing took     3.700367 ms
    Computation took 210.798854 ms
    Reading took     142.306000 us
  Sample 61...
Starting computation...
    Writing took     3.513647 ms
    Computation took 210.818490 ms
    Reading took     120.105000 us
  Sample 62...
Starting computation...
    Writing took     5.826237 ms
    Computation took 210.900126 ms
    Reading took     145.350000 us
  Sample 63...
Starting computation...
    Writing took     3.659664 ms
    Computation took 210.809624 ms
    Reading took     137.531000 us
  Sample 64...
Starting computation...
    Writing took     2.947094 ms
    Computation took 210.808529 ms
    Reading took     125.269000 us
  Sample 65...
Starting computation...
    Writing took     3.182818 ms
    Computation took 210.783159 ms
    Reading took     122.377000 us
  Sample 66...
Starting computation...
    Writing took     3.105218 ms
    Computation took 210.778242 ms
    Reading took     175.617000 us
  Sample 67...
Starting computation...
    Writing took     5.419520 ms
    Computation took 210.792856 ms
    Reading took     122.759000 us
  Sample 68...
Starting computation...
    Writing took     3.143091 ms
    Computation took 210.783491 ms
    Reading took     118.472000 us
  Sample 69...
Starting computation...
    Writing took     2.821728 ms
    Computation took 211.171186 ms
    Reading took     122.126000 us
  Sample 70...
Starting computation...
    Writing took     3.072464 ms
    Computation took 213.122337 ms
    Reading took     125.713000 us
  Sample 71...
Starting computation...
    Writing took     3.107868 ms
    Computation took 213.048468 ms
    Reading took     126.813000 us
  Sample 72...
Starting computation...
    Writing took     3.202437 ms
    Computation took 213.035440 ms
    Reading took     136.091000 us
  Sample 73...
Starting computation...
    Writing took     3.539910 ms
    Computation took 213.090370 ms
    Reading took     154.189000 us
  Sample 74...
Starting computation...
    Writing took     3.958579 ms
    Computation took 213.097667 ms
    Reading took     239.689000 us
  Sample 75...
Starting computation...
    Writing took     6.716359 ms
    Computation took 213.127431 ms
    Reading took     132.069000 us
  Sample 76...
Starting computation...
    Writing took     3.301869 ms
    Computation took 213.115199 ms
    Reading took     133.756000 us
  Sample 77...
Starting computation...
    Writing took     3.500872 ms
    Computation took 213.029981 ms
    Reading took     131.968000 us
  Sample 78...
Starting computation...
    Writing took     3.304810 ms
    Computation took 213.023436 ms
    Reading took     138.634000 us
  Sample 79...
Starting computation...
    Writing took     3.533317 ms
    Computation took 213.042215 ms
    Reading took     138.376000 us
  Sample 80...
Starting computation...
    Writing took     3.553806 ms
    Computation took 213.107179 ms
    Reading took     129.881000 us
  Sample 81...
Starting computation...
    Writing took     3.322707 ms
    Computation took 213.034563 ms
    Reading took     130.864000 us
  Sample 82...
Starting computation...
    Writing took     3.399477 ms
    Computation took 213.001586 ms
    Reading took     137.227000 us
  Sample 83...
Starting computation...
    Writing took     3.430728 ms
    Computation took 213.061321 ms
    Reading took     130.416000 us
  Sample 84...
Starting computation...
    Writing took     3.312892 ms
    Computation took 213.079142 ms
    Reading took     117.391000 us
  Sample 85...
Starting computation...
    Writing took     2.943386 ms
    Computation took 213.053177 ms
    Reading took     228.697000 us
  Sample 86...
Starting computation...
    Writing took     6.180373 ms
    Computation took 213.123976 ms
    Reading took     152.524000 us
  Sample 87...
Starting computation...
    Writing took     4.009607 ms
    Computation took 213.036527 ms
    Reading took     151.891000 us
  Sample 88...
Starting computation...
    Writing took     3.966039 ms
    Computation took 213.068903 ms
    Reading took     131.543000 us
  Sample 89...
Starting computation...
    Writing took     3.128121 ms
    Computation took 213.052879 ms
    Reading took     124.009000 us
  Sample 90...
Starting computation...
    Writing took     3.067410 ms
    Computation took 213.012107 ms
    Reading took     127.690000 us
  Sample 91...
Starting computation...
    Writing took     3.143042 ms
    Computation took 213.075886 ms
    Reading took     126.305000 us
  Sample 92...
Starting computation...
    Writing took     4.004649 ms
    Computation took 213.101467 ms
    Reading took     125.097000 us
  Sample 93...
Starting computation...
    Writing took     3.056780 ms
    Computation took 213.090065 ms
    Reading took     121.197000 us
  Sample 94...
Starting computation...
    Writing took     3.071876 ms
    Computation took 213.076712 ms
    Reading took     192.129000 us
  Sample 95...
Starting computation...
    Writing took     5.140601 ms
    Computation took 213.137144 ms
    Reading took     133.565000 us
  Sample 96...
Starting computation...
    Writing took     3.188368 ms
    Computation took 213.100701 ms
    Reading took     131.413000 us
  Sample 97...
Starting computation...
    Writing took     3.346371 ms
    Computation took 213.050082 ms
    Reading took     135.019000 us
  Sample 98...
Starting computation...
    Writing took     3.214856 ms
    Computation took 213.065933 ms
    Reading took     136.188000 us
  Sample 99...
Starting computation...
    Writing took     3.150088 ms
    Computation took 213.084146 ms
    Reading took     169.462000 us
Mean computation time: 211.339118 ms
Mean deviation: 1.039449 ms (0.491839%)
Mean computation time (per hash): 4.402897 ms
Mean deviation (per hash): 21.654000 us
