Using device #0: CUDA Device 'GeForce GTX 1080 Ti'
  Sample 0...
Starting computation...
    Writing took     1.391642 ms
    Computation took 188.169468 ms
    Reading took     56.700000 us
  Sample 1...
Starting computation...
    Writing took     1.350222 ms
    Computation took 188.162366 ms
    Reading took     87.018000 us
  Sample 2...
Starting computation...
    Writing took     2.356784 ms
    Computation took 188.160925 ms
    Reading took     52.194000 us
  Sample 3...
Starting computation...
    Writing took     1.353550 ms
    Computation took 188.147760 ms
    Reading took     52.868000 us
  Sample 4...
Starting computation...
    Writing took     1.372185 ms
    Computation took 188.138485 ms
    Reading took     53.034000 us
  Sample 5...
Starting computation...
    Writing took     1.364061 ms
    Computation took 188.157662 ms
    Reading took     98.211000 us
  Sample 6...
Starting computation...
    Writing took     2.495894 ms
    Computation took 188.261669 ms
    Reading took     56.703000 us
  Sample 7...
Starting computation...
    Writing took     1.367789 ms
    Computation took 188.183135 ms
    Reading took     55.130000 us
  Sample 8...
Starting computation...
    Writing took     1.361502 ms
    Computation took 188.208769 ms
    Reading took     56.433000 us
  Sample 9...
Starting computation...
    Writing took     1.369701 ms
    Computation took 188.159921 ms
    Reading took     58.311000 us
  Sample 10...
Starting computation...
    Writing took     1.372638 ms
    Computation took 188.182369 ms
    Reading took     59.725000 us
  Sample 11...
Starting computation...
    Writing took     1.425213 ms
    Computation took 188.169839 ms
    Reading took     57.855000 us
  Sample 12...
Starting computation...
    Writing took     1.377488 ms
    Computation took 188.152932 ms
    Reading took     56.350000 us
  Sample 13...
Starting computation...
    Writing took     1.389992 ms
    Computation took 188.152360 ms
    Reading took     47.769000 us
  Sample 14...
Starting computation...
    Writing took     1.074149 ms
    Computation took 188.153322 ms
    Reading took     50.027000 us
  Sample 15...
Starting computation...
    Writing took     1.178155 ms
    Computation took 188.133964 ms
    Reading took     50.448000 us
  Sample 16...
Starting computation...
    Writing took     1.215266 ms
    Computation took 188.157657 ms
    Reading took     49.638000 us
  Sample 17...
Starting computation...
    Writing took     1.137166 ms
    Computation took 188.171407 ms
    Reading took     48.004000 us
  Sample 18...
Starting computation...
    Writing took     1.127464 ms
    Computation took 188.142225 ms
    Reading took     54.298000 us
  Sample 19...
Starting computation...
    Writing took     1.237084 ms
    Computation took 188.147515 ms
    Reading took     47.465000 us
  Sample 20...
Starting computation...
    Writing took     1.131454 ms
    Computation took 188.154838 ms
    Reading took     51.049000 us
  Sample 21...
Starting computation...
    Writing took     1.228497 ms
    Computation took 188.135165 ms
    Reading took     83.286000 us
  Sample 22...
Starting computation...
    Writing took     1.230888 ms
    Computation took 188.102985 ms
    Reading took     53.042000 us
  Sample 23...
Starting computation...
    Writing took     1.271545 ms
    Computation took 188.116320 ms
    Reading took     51.452000 us
  Sample 24...
Starting computation...
    Writing took     1.244575 ms
    Computation took 188.128861 ms
    Reading took     61.467000 us
  Sample 25...
Starting computation...
    Writing took     1.491335 ms
    Computation took 188.166520 ms
    Reading took     60.233000 us
  Sample 26...
Starting computation...
    Writing took     1.483722 ms
    Computation took 188.140398 ms
    Reading took     60.009000 us
  Sample 27...
Starting computation...
    Writing took     1.528720 ms
    Computation took 188.181845 ms
    Reading took     50.366000 us
  Sample 28...
Starting computation...
    Writing took     1.154924 ms
    Computation took 188.127132 ms
    Reading took     48.727000 us
  Sample 29...
Starting computation...
    Writing took     1.183102 ms
    Computation took 188.118864 ms
    Reading took     64.763000 us
  Sample 30...
Starting computation...
    Writing took     1.182797 ms
    Computation took 188.121146 ms
    Reading took     93.805000 us
  Sample 31...
Starting computation...
    Writing took     2.360641 ms
    Computation took 188.196978 ms
    Reading took     68.631000 us
  Sample 32...
Starting computation...
    Writing took     1.786608 ms
    Computation took 188.153661 ms
    Reading took     46.916000 us
  Sample 33...
Starting computation...
    Writing took     1.162852 ms
    Computation took 188.126352 ms
    Reading took     87.110000 us
  Sample 34...
Starting computation...
    Writing took     2.259362 ms
    Computation took 188.167964 ms
    Reading took     60.227000 us
  Sample 35...
Starting computation...
    Writing took     1.497602 ms
    Computation took 188.147672 ms
    Reading took     66.659000 us
  Sample 36...
Starting computation...
    Writing took     1.808511 ms
    Computation took 188.200644 ms
    Reading took     49.412000 us
  Sample 37...
Starting computation...
    Writing took     1.148369 ms
    Computation took 188.122275 ms
    Reading took     50.449000 us
  Sample 38...
Starting computation...
    Writing took     1.208446 ms
    Computation took 188.123007 ms
    Reading took     49.789000 us
  Sample 39...
Starting computation...
    Writing took     1.152098 ms
    Computation took 188.147165 ms
    Reading took     50.185000 us
  Sample 40...
Starting computation...
    Writing took     1.144197 ms
    Computation took 188.134946 ms
    Reading took     49.601000 us
  Sample 41...
Starting computation...
    Writing took     1.208381 ms
    Computation took 188.101281 ms
    Reading took     51.333000 us
  Sample 42...
Starting computation...
    Writing took     1.141048 ms
    Computation took 188.155888 ms
    Reading took     49.882000 us
  Sample 43...
Starting computation...
    Writing took     1.073232 ms
    Computation took 188.169581 ms
    Reading took     49.610000 us
  Sample 44...
Starting computation...
    Writing took     1.183194 ms
    Computation took 188.146524 ms
    Reading took     67.916000 us
  Sample 45...
Starting computation...
    Writing took     1.713017 ms
    Computation took 188.154285 ms
    Reading took     60.649000 us
  Sample 46...
Starting computation...
    Writing took     1.498159 ms
    Computation took 188.131554 ms
    Reading took     60.769000 us
  Sample 47...
Starting computation...
    Writing took     1.491498 ms
    Computation took 188.155901 ms
    Reading took     59.224000 us
  Sample 48...
Starting computation...
    Writing took     1.508329 ms
    Computation took 188.173080 ms
    Reading took     49.465000 us
  Sample 49...
Starting computation...
    Writing took     1.142371 ms
    Computation took 188.120339 ms
    Reading took     48.478000 us
  Sample 50...
Starting computation...
    Writing took     1.141082 ms
    Computation took 188.122708 ms
    Reading took     47.818000 us
  Sample 51...
Starting computation...
    Writing took     1.094834 ms
    Computation took 188.124527 ms
    Reading took     52.734000 us
  Sample 52...
Starting computation...
    Writing took     1.233336 ms
    Computation took 188.119667 ms
    Reading took     46.126000 us
  Sample 53...
Starting computation...
    Writing took     1.074422 ms
    Computation took 188.112045 ms
    Reading took     50.217000 us
  Sample 54...
Starting computation...
    Writing took     1.231019 ms
    Computation took 188.158297 ms
    Reading took     45.753000 us
  Sample 55...
Starting computation...
    Writing took     1.073430 ms
    Computation took 188.117921 ms
    Reading took     49.493000 us
  Sample 56...
Starting computation...
    Writing took     1.088891 ms
    Computation took 188.157487 ms
    Reading took     50.699000 us
  Sample 57...
Starting computation...
    Writing took     1.236781 ms
    Computation took 188.133203 ms
    Reading took     47.222000 us
  Sample 58...
Starting computation...
    Writing took     1.085058 ms
    Computation took 188.094816 ms
    Reading took     47.567000 us
  Sample 59...
Starting computation...
    Writing took     1.144384 ms
    Computation took 188.124949 ms
    Reading took     48.306000 us
  Sample 60...
Starting computation...
    Writing took     1.172273 ms
    Computation took 188.140928 ms
    Reading took     47.778000 us
  Sample 61...
Starting computation...
    Writing took     1.072825 ms
    Computation took 188.144023 ms
    Reading took     87.520000 us
  Sample 62...
Starting computation...
    Writing took     2.317610 ms
    Computation took 188.204089 ms
    Reading took     62.435000 us
  Sample 63...
Starting computation...
    Writing took     1.491633 ms
    Computation took 188.141464 ms
    Reading took     46.996000 us
  Sample 64...
Starting computation...
    Writing took     1.066276 ms
    Computation took 188.135029 ms
    Reading took     47.476000 us
  Sample 65...
Starting computation...
    Writing took     1.128637 ms
    Computation took 188.111353 ms
    Reading took     47.559000 us
  Sample 66...
Starting computation...
    Writing took     1.133171 ms
    Computation took 188.141015 ms
    Reading took     62.305000 us
  Sample 67...
Starting computation...
    Writing took     1.489442 ms
    Computation took 188.153146 ms
    Reading took     67.002000 us
  Sample 68...
Starting computation...
    Writing took     1.487864 ms
    Computation took 188.122846 ms
    Reading took     59.969000 us
  Sample 69...
Starting computation...
    Writing took     1.492228 ms
    Computation took 188.127380 ms
    Reading took     46.805000 us
  Sample 70...
Starting computation...
    Writing took     1.126328 ms
    Computation took 188.102183 ms
    Reading took     84.017000 us
  Sample 71...
Starting computation...
    Writing took     2.264989 ms
    Computation took 188.149881 ms
    Reading took     57.364000 us
  Sample 72...
Starting computation...
    Writing took     1.445925 ms
    Computation took 188.105278 ms
    Reading took     46.479000 us
  Sample 73...
Starting computation...
    Writing took     1.070531 ms
    Computation took 188.107735 ms
    Reading took     47.403000 us
  Sample 74...
Starting computation...
    Writing took     1.061441 ms
    Computation took 188.121094 ms
    Reading took     49.730000 us
  Sample 75...
Starting computation...
    Writing took     1.248122 ms
    Computation took 188.098361 ms
    Reading took     46.032000 us
  Sample 76...
Starting computation...
    Writing took     1.072259 ms
    Computation took 188.075692 ms
    Reading took     46.612000 us
  Sample 77...
Starting computation...
    Writing took     1.072810 ms
    Computation took 188.092731 ms
    Reading took     45.696000 us
  Sample 78...
Starting computation...
    Writing took     1.117961 ms
    Computation took 188.075005 ms
    Reading took     46.408000 us
  Sample 79...
Starting computation...
    Writing took     1.072112 ms
    Computation took 188.083631 ms
    Reading took     46.852000 us
  Sample 80...
Starting computation...
    Writing took     1.056978 ms
    Computation took 188.085608 ms
    Reading took     46.022000 us
  Sample 81...
Starting computation...
    Writing took     1.080746 ms
    Computation took 188.076030 ms
    Reading took     46.325000 us
  Sample 82...
Starting computation...
    Writing took     1.076378 ms
    Computation took 188.108669 ms
    Reading took     47.201000 us
  Sample 83...
Starting computation...
    Writing took     1.074315 ms
    Computation took 188.095945 ms
    Reading took     46.201000 us
  Sample 84...
Starting computation...
    Writing took     1.069428 ms
    Computation took 188.134837 ms
    Reading took     49.466000 us
  Sample 85...
Starting computation...
    Writing took     1.099313 ms
    Computation took 188.108717 ms
    Reading took     45.473000 us
  Sample 86...
Starting computation...
    Writing took     1.132670 ms
    Computation took 188.098260 ms
    Reading took     48.317000 us
  Sample 87...
Starting computation...
    Writing took     1.144435 ms
    Computation took 188.063641 ms
    Reading took     67.784000 us
  Sample 88...
Starting computation...
    Writing took     1.106068 ms
    Computation took 188.120332 ms
    Reading took     48.412000 us
  Sample 89...
Starting computation...
    Writing took     1.136593 ms
    Computation took 188.086850 ms
    Reading took     49.560000 us
  Sample 90...
Starting computation...
    Writing took     1.122847 ms
    Computation took 188.115481 ms
    Reading took     48.597000 us
  Sample 91...
Starting computation...
    Writing took     1.250040 ms
    Computation took 188.130304 ms
    Reading took     49.219000 us
  Sample 92...
Starting computation...
    Writing took     1.184090 ms
    Computation took 188.163613 ms
    Reading took     78.825000 us
  Sample 93...
Starting computation...
    Writing took     2.029253 ms
    Computation took 189.022864 ms
    Reading took     60.134000 us
  Sample 94...
Starting computation...
    Writing took     1.485801 ms
    Computation took 189.658531 ms
    Reading took     60.033000 us
  Sample 95...
Starting computation...
    Writing took     1.483952 ms
    Computation took 189.590965 ms
    Reading took     60.396000 us
  Sample 96...
Starting computation...
    Writing took     1.488866 ms
    Computation took 189.621684 ms
    Reading took     47.248000 us
  Sample 97...
Starting computation...
    Writing took     1.119877 ms
    Computation took 189.601588 ms
    Reading took     66.106000 us
  Sample 98...
Starting computation...
    Writing took     1.985488 ms
    Computation took 189.657866 ms
    Reading took     48.916000 us
  Sample 99...
Starting computation...
    Writing took     1.180090 ms
    Computation took 189.574989 ms
    Reading took     50.893000 us
Mean computation time: 188.234521 ms
Mean deviation: 182.278000 us (0.0968356%)
Mean computation time (per hash): 10.457472 ms
Mean deviation (per hash): 10.125000 us
