Using device #0: CUDA Device 'GeForce GTX 1080 Ti'
  Sample 0...
Starting computation...
    Writing took     4.525143 ms
    Computation took 223.272356 ms
    Reading took     187.126000 us
  Sample 1...
Starting computation...
    Writing took     4.512636 ms
    Computation took 223.460305 ms
    Reading took     176.362000 us
  Sample 2...
Starting computation...
    Writing took     4.557782 ms
    Computation took 223.461464 ms
    Reading took     178.066000 us
  Sample 3...
Starting computation...
    Writing took     4.549618 ms
    Computation took 223.324701 ms
    Reading took     177.107000 us
  Sample 4...
Starting computation...
    Writing took     4.540152 ms
    Computation took 223.255031 ms
    Reading took     177.205000 us
  Sample 5...
Starting computation...
    Writing took     4.530084 ms
    Computation took 223.361509 ms
    Reading took     178.664000 us
  Sample 6...
Starting computation...
    Writing took     3.919403 ms
    Computation took 223.240659 ms
    Reading took     304.916000 us
  Sample 7...
Starting computation...
    Writing took     8.692270 ms
    Computation took 223.351574 ms
    Reading took     174.973000 us
  Sample 8...
Starting computation...
    Writing took     4.524892 ms
    Computation took 223.464744 ms
    Reading took     176.536000 us
  Sample 9...
Starting computation...
    Writing took     4.501759 ms
    Computation took 223.488637 ms
    Reading took     176.069000 us
  Sample 10...
Starting computation...
    Writing took     4.529169 ms
    Computation took 223.439338 ms
    Reading took     175.265000 us
  Sample 11...
Starting computation...
    Writing took     4.544552 ms
    Computation took 223.568306 ms
    Reading took     176.391000 us
  Sample 12...
Starting computation...
    Writing took     4.503271 ms
    Computation took 223.579908 ms
    Reading took     180.132000 us
  Sample 13...
Starting computation...
    Writing took     4.502539 ms
    Computation took 223.203285 ms
    Reading took     174.412000 us
  Sample 14...
Starting computation...
    Writing took     4.524178 ms
    Computation took 223.104010 ms
    Reading took     280.846000 us
  Sample 15...
Starting computation...
    Writing took     7.795109 ms
    Computation took 223.287751 ms
    Reading took     177.179000 us
  Sample 16...
Starting computation...
    Writing took     4.567232 ms
    Computation took 223.220992 ms
    Reading took     178.418000 us
  Sample 17...
Starting computation...
    Writing took     4.528179 ms
    Computation took 223.346879 ms
    Reading took     173.477000 us
  Sample 18...
Starting computation...
    Writing took     4.486127 ms
    Computation took 223.374763 ms
    Reading took     259.116000 us
  Sample 19...
Starting computation...
    Writing took     7.699924 ms
    Computation took 223.697391 ms
    Reading took     143.640000 us
  Sample 20...
Starting computation...
    Writing took     3.498241 ms
    Computation took 223.343450 ms
    Reading took     153.910000 us
  Sample 21...
Starting computation...
    Writing took     3.751746 ms
    Computation took 223.309005 ms
    Reading took     152.544000 us
  Sample 22...
Starting computation...
    Writing took     3.784321 ms
    Computation took 223.431513 ms
    Reading took     156.128000 us
  Sample 23...
Starting computation...
    Writing took     3.643539 ms
    Computation took 223.452261 ms
    Reading took     156.004000 us
  Sample 24...
Starting computation...
    Writing took     3.773927 ms
    Computation took 223.121744 ms
    Reading took     144.883000 us
  Sample 25...
Starting computation...
    Writing took     3.509641 ms
    Computation took 223.311434 ms
    Reading took     148.141000 us
  Sample 26...
Starting computation...
    Writing took     3.652850 ms
    Computation took 223.405552 ms
    Reading took     155.169000 us
  Sample 27...
Starting computation...
    Writing took     3.809522 ms
    Computation took 223.631219 ms
    Reading took     142.547000 us
  Sample 28...
Starting computation...
    Writing took     3.448770 ms
    Computation took 223.676671 ms
    Reading took     151.910000 us
  Sample 29...
Starting computation...
    Writing took     3.834115 ms
    Computation took 224.645440 ms
    Reading took     192.584000 us
  Sample 30...
Starting computation...
    Writing took     4.549249 ms
    Computation took 224.436939 ms
    Reading took     176.753000 us
  Sample 31...
Starting computation...
    Writing took     4.519689 ms
    Computation took 224.442191 ms
    Reading took     175.890000 us
  Sample 32...
Starting computation...
    Writing took     4.554641 ms
    Computation took 224.408325 ms
    Reading took     176.749000 us
  Sample 33...
Starting computation...
    Writing took     4.496750 ms
    Computation took 224.221452 ms
    Reading took     143.079000 us
  Sample 34...
Starting computation...
    Writing took     3.458436 ms
    Computation took 224.499568 ms
    Reading took     140.789000 us
  Sample 35...
Starting computation...
    Writing took     3.379033 ms
    Computation took 224.104669 ms
    Reading took     149.604000 us
  Sample 36...
Starting computation...
    Writing took     3.680081 ms
    Computation took 224.386728 ms
    Reading took     141.498000 us
  Sample 37...
Starting computation...
    Writing took     3.609642 ms
    Computation took 224.863170 ms
    Reading took     144.551000 us
  Sample 38...
Starting computation...
    Writing took     3.644257 ms
    Computation took 224.398736 ms
    Reading took     154.795000 us
  Sample 39...
Starting computation...
    Writing took     3.915294 ms
    Computation took 224.538729 ms
    Reading took     150.968000 us
  Sample 40...
Starting computation...
    Writing took     3.646723 ms
    Computation took 224.359529 ms
    Reading took     155.684000 us
  Sample 41...
Starting computation...
    Writing took     3.723221 ms
    Computation took 224.411062 ms
    Reading took     159.701000 us
  Sample 42...
Starting computation...
    Writing took     3.988153 ms
    Computation took 224.195583 ms
    Reading took     156.635000 us
  Sample 43...
Starting computation...
    Writing took     3.855949 ms
    Computation took 224.489843 ms
    Reading took     152.324000 us
  Sample 44...
Starting computation...
    Writing took     3.801407 ms
    Computation took 224.336608 ms
    Reading took     199.400000 us
  Sample 45...
Starting computation...
    Writing took     4.504495 ms
    Computation took 224.341262 ms
    Reading took     143.851000 us
  Sample 46...
Starting computation...
    Writing took     3.478424 ms
    Computation took 224.483569 ms
    Reading took     446.180000 us
  Sample 47...
Starting computation...
    Writing took     12.521012 ms
    Computation took 224.551393 ms
    Reading took     190.587000 us
  Sample 48...
Starting computation...
    Writing took     4.882457 ms
    Computation took 224.438291 ms
    Reading took     253.550000 us
  Sample 49...
Starting computation...
    Writing took     6.706026 ms
    Computation took 224.454359 ms
    Reading took     154.628000 us
  Sample 50...
Starting computation...
    Writing took     3.691120 ms
    Computation took 224.553573 ms
    Reading took     155.052000 us
  Sample 51...
Starting computation...
    Writing took     3.803569 ms
    Computation took 224.232504 ms
    Reading took     153.445000 us
  Sample 52...
Starting computation...
    Writing took     3.717834 ms
    Computation took 224.525460 ms
    Reading took     258.226000 us
  Sample 53...
Starting computation...
    Writing took     7.487626 ms
    Computation took 224.575701 ms
    Reading took     177.862000 us
  Sample 54...
Starting computation...
    Writing took     4.324468 ms
    Computation took 224.566038 ms
    Reading took     282.088000 us
  Sample 55...
Starting computation...
    Writing took     5.126837 ms
    Computation took 224.559757 ms
    Reading took     282.369000 us
  Sample 56...
Starting computation...
    Writing took     7.762961 ms
    Computation took 224.378456 ms
    Reading took     178.694000 us
  Sample 57...
Starting computation...
    Writing took     4.532532 ms
    Computation took 224.274167 ms
    Reading took     174.720000 us
  Sample 58...
Starting computation...
    Writing took     4.517227 ms
    Computation took 224.274184 ms
    Reading took     173.971000 us
  Sample 59...
Starting computation...
    Writing took     4.517822 ms
    Computation took 224.084000 ms
    Reading took     165.353000 us
  Sample 60...
Starting computation...
    Writing took     4.111763 ms
    Computation took 224.326953 ms
    Reading took     173.493000 us
  Sample 61...
Starting computation...
    Writing took     4.401860 ms
    Computation took 224.538570 ms
    Reading took     173.694000 us
  Sample 62...
Starting computation...
    Writing took     4.420813 ms
    Computation took 224.506614 ms
    Reading took     153.442000 us
  Sample 63...
Starting computation...
    Writing took     3.604181 ms
    Computation took 224.342821 ms
    Reading took     165.424000 us
  Sample 64...
Starting computation...
    Writing took     4.203241 ms
    Computation took 224.357407 ms
    Reading took     171.462000 us
  Sample 65...
Starting computation...
    Writing took     4.412155 ms
    Computation took 224.455897 ms
    Reading took     170.108000 us
  Sample 66...
Starting computation...
    Writing took     4.298436 ms
    Computation took 224.257868 ms
    Reading took     175.670000 us
  Sample 67...
Starting computation...
    Writing took     4.479098 ms
    Computation took 224.225543 ms
    Reading took     169.797000 us
  Sample 68...
Starting computation...
    Writing took     4.384627 ms
    Computation took 224.082075 ms
    Reading took     170.622000 us
  Sample 69...
Starting computation...
    Writing took     4.303417 ms
    Computation took 224.411197 ms
    Reading took     182.440000 us
  Sample 70...
Starting computation...
    Writing took     5.173893 ms
    Computation took 224.237449 ms
    Reading took     169.160000 us
  Sample 71...
Starting computation...
    Writing took     4.357521 ms
    Computation took 224.144609 ms
    Reading took     175.566000 us
  Sample 72...
Starting computation...
    Writing took     4.501425 ms
    Computation took 224.596011 ms
    Reading took     245.590000 us
  Sample 73...
Starting computation...
    Writing took     4.480004 ms
    Computation took 224.592952 ms
    Reading took     175.989000 us
  Sample 74...
Starting computation...
    Writing took     4.504073 ms
    Computation took 224.522869 ms
    Reading took     184.773000 us
  Sample 75...
Starting computation...
    Writing took     5.111838 ms
    Computation took 224.424763 ms
    Reading took     177.011000 us
  Sample 76...
Starting computation...
    Writing took     4.503310 ms
    Computation took 224.291194 ms
    Reading took     265.536000 us
  Sample 77...
Starting computation...
    Writing took     5.787864 ms
    Computation took 224.264119 ms
    Reading took     177.520000 us
  Sample 78...
Starting computation...
    Writing took     4.494879 ms
    Computation took 224.364430 ms
    Reading took     141.660000 us
  Sample 79...
Starting computation...
    Writing took     3.446623 ms
    Computation took 224.611769 ms
    Reading took     232.091000 us
  Sample 80...
Starting computation...
    Writing took     3.705975 ms
    Computation took 224.559994 ms
    Reading took     162.876000 us
  Sample 81...
Starting computation...
    Writing took     4.096690 ms
    Computation took 224.391793 ms
    Reading took     175.680000 us
  Sample 82...
Starting computation...
    Writing took     4.508972 ms
    Computation took 224.405612 ms
    Reading took     176.154000 us
  Sample 83...
Starting computation...
    Writing took     4.526075 ms
    Computation took 224.178980 ms
    Reading took     175.844000 us
  Sample 84...
Starting computation...
    Writing took     4.497835 ms
    Computation took 224.574784 ms
    Reading took     152.816000 us
  Sample 85...
Starting computation...
    Writing took     3.733055 ms
    Computation took 224.493288 ms
    Reading took     178.085000 us
  Sample 86...
Starting computation...
    Writing took     4.504036 ms
    Computation took 224.702643 ms
    Reading took     177.574000 us
  Sample 87...
Starting computation...
    Writing took     4.522963 ms
    Computation took 224.688846 ms
    Reading took     187.475000 us
  Sample 88...
Starting computation...
    Writing took     4.533011 ms
    Computation took 224.469437 ms
    Reading took     186.751000 us
  Sample 89...
Starting computation...
    Writing took     4.525099 ms
    Computation took 224.530188 ms
    Reading took     186.441000 us
  Sample 90...
Starting computation...
    Writing took     4.526147 ms
    Computation took 224.475697 ms
    Reading took     189.257000 us
  Sample 91...
Starting computation...
    Writing took     4.507279 ms
    Computation took 224.498205 ms
    Reading took     175.679000 us
  Sample 92...
Starting computation...
    Writing took     4.529043 ms
    Computation took 224.516342 ms
    Reading took     179.167000 us
  Sample 93...
Starting computation...
    Writing took     4.515918 ms
    Computation took 224.215707 ms
    Reading took     155.155000 us
  Sample 94...
Starting computation...
    Writing took     3.778739 ms
    Computation took 224.242672 ms
    Reading took     143.075000 us
  Sample 95...
Starting computation...
    Writing took     3.474743 ms
    Computation took 224.336387 ms
    Reading took     137.881000 us
  Sample 96...
Starting computation...
    Writing took     3.691259 ms
    Computation took 224.268367 ms
    Reading took     156.083000 us
  Sample 97...
Starting computation...
    Writing took     3.876368 ms
    Computation took 224.457578 ms
    Reading took     156.645000 us
  Sample 98...
Starting computation...
    Writing took     3.821108 ms
    Computation took 224.455640 ms
    Reading took     159.154000 us
  Sample 99...
Starting computation...
    Writing took     3.849269 ms
    Computation took 224.294547 ms
    Reading took     158.120000 us
Mean computation time: 224.115295 ms
Mean deviation: 424.645000 us (0.189476%)
Mean computation time (per hash): 3.735254 ms
Mean deviation (per hash): 7.077000 us
