Using device #0: CUDA Device 'GeForce GTX 1080 Ti'
  Sample 0...
Starting computation...
    Writing took     6.394604 ms
    Computation took 285.167599 ms
    Reading took     237.270000 us
  Sample 1...
Starting computation...
    Writing took     6.363326 ms
    Computation took 285.192962 ms
    Reading took     233.640000 us
  Sample 2...
Starting computation...
    Writing took     6.374098 ms
    Computation took 285.233524 ms
    Reading took     217.238000 us
  Sample 3...
Starting computation...
    Writing took     5.947960 ms
    Computation took 285.088404 ms
    Reading took     335.499000 us
  Sample 4...
Starting computation...
    Writing took     10.640159 ms
    Computation took 284.882815 ms
    Reading took     228.389000 us
  Sample 5...
Starting computation...
    Writing took     7.386397 ms
    Computation took 285.191849 ms
    Reading took     224.637000 us
  Sample 6...
Starting computation...
    Writing took     6.401615 ms
    Computation took 285.059378 ms
    Reading took     234.134000 us
  Sample 7...
Starting computation...
    Writing took     6.370213 ms
    Computation took 285.194230 ms
    Reading took     225.926000 us
  Sample 8...
Starting computation...
    Writing took     6.266372 ms
    Computation took 284.931756 ms
    Reading took     217.454000 us
  Sample 9...
Starting computation...
    Writing took     5.879449 ms
    Computation took 285.087052 ms
    Reading took     260.656000 us
  Sample 10...
Starting computation...
    Writing took     8.764671 ms
    Computation took 285.128958 ms
    Reading took     242.804000 us
  Sample 11...
Starting computation...
    Writing took     6.340073 ms
    Computation took 285.134464 ms
    Reading took     233.827000 us
  Sample 12...
Starting computation...
    Writing took     6.129055 ms
    Computation took 284.925493 ms
    Reading took     219.175000 us
  Sample 13...
Starting computation...
    Writing took     5.936964 ms
    Computation took 285.009834 ms
    Reading took     212.281000 us
  Sample 14...
Starting computation...
    Writing took     5.904871 ms
    Computation took 285.527177 ms
    Reading took     232.806000 us
  Sample 15...
Starting computation...
    Writing took     6.394532 ms
    Computation took 285.297320 ms
    Reading took     232.858000 us
  Sample 16...
Starting computation...
    Writing took     6.372973 ms
    Computation took 285.386387 ms
    Reading took     242.821000 us
  Sample 17...
Starting computation...
    Writing took     6.219589 ms
    Computation took 285.453592 ms
    Reading took     233.111000 us
  Sample 18...
Starting computation...
    Writing took     6.359296 ms
    Computation took 285.610101 ms
    Reading took     330.995000 us
  Sample 19...
Starting computation...
    Writing took     9.761346 ms
    Computation took 285.176121 ms
    Reading took     297.632000 us
  Sample 20...
Starting computation...
    Writing took     6.784657 ms
    Computation took 285.561580 ms
    Reading took     234.891000 us
  Sample 21...
Starting computation...
    Writing took     6.758751 ms
    Computation took 285.540425 ms
    Reading took     233.019000 us
  Sample 22...
Starting computation...
    Writing took     6.636967 ms
    Computation took 285.522345 ms
    Reading took     225.912000 us
  Sample 23...
Starting computation...
    Writing took     6.347590 ms
    Computation took 285.410327 ms
    Reading took     405.903000 us
  Sample 24...
Starting computation...
    Writing took     11.888576 ms
    Computation took 285.477839 ms
    Reading took     232.600000 us
  Sample 25...
Starting computation...
    Writing took     6.357017 ms
    Computation took 285.468491 ms
    Reading took     226.576000 us
  Sample 26...
Starting computation...
    Writing took     6.099149 ms
    Computation took 285.714646 ms
    Reading took     233.226000 us
  Sample 27...
Starting computation...
    Writing took     6.353288 ms
    Computation took 285.264809 ms
    Reading took     223.978000 us
  Sample 28...
Starting computation...
    Writing took     6.159419 ms
    Computation took 285.678570 ms
    Reading took     234.569000 us
  Sample 29...
Starting computation...
    Writing took     6.334648 ms
    Computation took 285.551445 ms
    Reading took     227.036000 us
  Sample 30...
Starting computation...
    Writing took     6.091682 ms
    Computation took 285.510207 ms
    Reading took     226.229000 us
  Sample 31...
Starting computation...
    Writing took     6.304062 ms
    Computation took 285.434481 ms
    Reading took     225.652000 us
  Sample 32...
Starting computation...
    Writing took     6.164794 ms
    Computation took 285.325777 ms
    Reading took     211.229000 us
  Sample 33...
Starting computation...
    Writing took     5.754897 ms
    Computation took 285.537543 ms
    Reading took     249.160000 us
  Sample 34...
Starting computation...
    Writing took     6.143543 ms
    Computation took 285.511845 ms
    Reading took     211.911000 us
  Sample 35...
Starting computation...
    Writing took     5.720487 ms
    Computation took 285.523976 ms
    Reading took     234.863000 us
  Sample 36...
Starting computation...
    Writing took     6.227685 ms
    Computation took 285.512689 ms
    Reading took     238.185000 us
  Sample 37...
Starting computation...
    Writing took     6.357203 ms
    Computation took 285.562405 ms
    Reading took     239.815000 us
  Sample 38...
Starting computation...
    Writing took     6.346483 ms
    Computation took 285.490190 ms
    Reading took     266.252000 us
  Sample 39...
Starting computation...
    Writing took     5.877651 ms
    Computation took 285.567660 ms
    Reading took     217.624000 us
  Sample 40...
Starting computation...
    Writing took     5.647812 ms
    Computation took 285.887425 ms
    Reading took     254.080000 us
  Sample 41...
Starting computation...
    Writing took     7.260525 ms
    Computation took 285.810588 ms
    Reading took     253.274000 us
  Sample 42...
Starting computation...
    Writing took     6.928756 ms
    Computation took 285.832549 ms
    Reading took     233.143000 us
  Sample 43...
Starting computation...
    Writing took     6.650764 ms
    Computation took 285.763470 ms
    Reading took     233.644000 us
  Sample 44...
Starting computation...
    Writing took     6.391317 ms
    Computation took 286.109590 ms
    Reading took     379.201000 us
  Sample 45...
Starting computation...
    Writing took     7.115250 ms
    Computation took 285.532949 ms
    Reading took     331.633000 us
  Sample 46...
Starting computation...
    Writing took     10.492690 ms
    Computation took 285.459968 ms
    Reading took     246.774000 us
  Sample 47...
Starting computation...
    Writing took     6.383597 ms
    Computation took 285.784290 ms
    Reading took     259.309000 us
  Sample 48...
Starting computation...
    Writing took     6.213458 ms
    Computation took 286.067024 ms
    Reading took     244.002000 us
  Sample 49...
Starting computation...
    Writing took     6.429431 ms
    Computation took 285.944632 ms
    Reading took     380.721000 us
  Sample 50...
Starting computation...
    Writing took     10.960007 ms
    Computation took 285.651782 ms
    Reading took     237.258000 us
  Sample 51...
Starting computation...
    Writing took     6.833699 ms
    Computation took 285.825570 ms
    Reading took     245.090000 us
  Sample 52...
Starting computation...
    Writing took     6.193780 ms
    Computation took 285.764707 ms
    Reading took     247.239000 us
  Sample 53...
Starting computation...
    Writing took     6.286395 ms
    Computation took 285.788275 ms
    Reading took     234.927000 us
  Sample 54...
Starting computation...
    Writing took     6.126670 ms
    Computation took 285.776596 ms
    Reading took     285.426000 us
  Sample 55...
Starting computation...
    Writing took     7.474556 ms
    Computation took 285.870564 ms
    Reading took     249.008000 us
  Sample 56...
Starting computation...
    Writing took     6.416779 ms
    Computation took 286.223792 ms
    Reading took     268.609000 us
  Sample 57...
Starting computation...
    Writing took     6.209384 ms
    Computation took 285.935597 ms
    Reading took     311.573000 us
  Sample 58...
Starting computation...
    Writing took     9.952612 ms
    Computation took 285.608633 ms
    Reading took     247.550000 us
  Sample 59...
Starting computation...
    Writing took     6.379974 ms
    Computation took 285.817945 ms
    Reading took     236.724000 us
  Sample 60...
Starting computation...
    Writing took     6.186785 ms
    Computation took 285.978433 ms
    Reading took     244.835000 us
  Sample 61...
Starting computation...
    Writing took     6.387592 ms
    Computation took 285.715665 ms
    Reading took     247.140000 us
  Sample 62...
Starting computation...
    Writing took     6.417627 ms
    Computation took 286.184191 ms
    Reading took     216.995000 us
  Sample 63...
Starting computation...
    Writing took     5.572316 ms
    Computation took 286.026375 ms
    Reading took     245.564000 us
  Sample 64...
Starting computation...
    Writing took     6.382341 ms
    Computation took 286.160373 ms
    Reading took     265.141000 us
  Sample 65...
Starting computation...
    Writing took     7.000287 ms
    Computation took 286.135842 ms
    Reading took     264.195000 us
  Sample 66...
Starting computation...
    Writing took     6.992812 ms
    Computation took 286.094179 ms
    Reading took     244.217000 us
  Sample 67...
Starting computation...
    Writing took     6.306890 ms
    Computation took 286.247526 ms
    Reading took     231.572000 us
  Sample 68...
Starting computation...
    Writing took     6.072203 ms
    Computation took 286.142766 ms
    Reading took     215.950000 us
  Sample 69...
Starting computation...
    Writing took     5.736752 ms
    Computation took 286.340721 ms
    Reading took     328.202000 us
  Sample 70...
Starting computation...
    Writing took     7.237701 ms
    Computation took 286.232652 ms
    Reading took     237.970000 us
  Sample 71...
Starting computation...
    Writing took     6.203197 ms
    Computation took 286.315133 ms
    Reading took     245.373000 us
  Sample 72...
Starting computation...
    Writing took     7.471874 ms
    Computation took 286.243009 ms
    Reading took     313.762000 us
  Sample 73...
Starting computation...
    Writing took     8.551840 ms
    Computation took 286.162628 ms
    Reading took     244.292000 us
  Sample 74...
Starting computation...
    Writing took     6.276352 ms
    Computation took 286.126181 ms
    Reading took     265.548000 us
  Sample 75...
Starting computation...
    Writing took     6.957775 ms
    Computation took 286.093143 ms
    Reading took     246.596000 us
  Sample 76...
Starting computation...
    Writing took     6.393251 ms
    Computation took 286.379407 ms
    Reading took     238.515000 us
  Sample 77...
Starting computation...
    Writing took     6.167460 ms
    Computation took 286.328713 ms
    Reading took     215.579000 us
  Sample 78...
Starting computation...
    Writing took     5.608140 ms
    Computation took 286.321802 ms
    Reading took     217.522000 us
  Sample 79...
Starting computation...
    Writing took     5.603736 ms
    Computation took 286.067519 ms
    Reading took     243.776000 us
  Sample 80...
Starting computation...
    Writing took     6.434635 ms
    Computation took 286.443735 ms
    Reading took     230.363000 us
  Sample 81...
Starting computation...
    Writing took     5.913014 ms
    Computation took 286.380238 ms
    Reading took     264.635000 us
  Sample 82...
Starting computation...
    Writing took     6.890641 ms
    Computation took 286.320569 ms
    Reading took     247.943000 us
  Sample 83...
Starting computation...
    Writing took     6.590528 ms
    Computation took 286.450303 ms
    Reading took     244.376000 us
  Sample 84...
Starting computation...
    Writing took     6.391750 ms
    Computation took 286.255873 ms
    Reading took     245.200000 us
  Sample 85...
Starting computation...
    Writing took     6.376279 ms
    Computation took 286.455307 ms
    Reading took     236.636000 us
  Sample 86...
Starting computation...
    Writing took     6.239846 ms
    Computation took 286.236547 ms
    Reading took     235.952000 us
  Sample 87...
Starting computation...
    Writing took     6.137758 ms
    Computation took 286.373814 ms
    Reading took     245.739000 us
  Sample 88...
Starting computation...
    Writing took     6.403152 ms
    Computation took 286.533615 ms
    Reading took     393.346000 us
  Sample 89...
Starting computation...
    Writing took     10.916001 ms
    Computation took 286.231532 ms
    Reading took     235.430000 us
  Sample 90...
Starting computation...
    Writing took     7.249746 ms
    Computation took 286.175587 ms
    Reading took     266.917000 us
  Sample 91...
Starting computation...
    Writing took     6.907691 ms
    Computation took 286.632984 ms
    Reading took     233.154000 us
  Sample 92...
Starting computation...
    Writing took     6.346716 ms
    Computation took 286.775787 ms
    Reading took     224.959000 us
  Sample 93...
Starting computation...
    Writing took     6.200725 ms
    Computation took 286.533132 ms
    Reading took     230.266000 us
  Sample 94...
Starting computation...
    Writing took     6.274941 ms
    Computation took 286.735842 ms
    Reading took     305.290000 us
  Sample 95...
Starting computation...
    Writing took     7.845216 ms
    Computation took 286.611467 ms
    Reading took     235.668000 us
  Sample 96...
Starting computation...
    Writing took     6.346216 ms
    Computation took 286.820930 ms
    Reading took     235.270000 us
  Sample 97...
Starting computation...
    Writing took     6.375352 ms
    Computation took 286.645007 ms
    Reading took     233.208000 us
  Sample 98...
Starting computation...
    Writing took     7.257278 ms
    Computation took 286.596032 ms
    Reading took     408.083000 us
  Sample 99...
Starting computation...
    Writing took     11.102237 ms
    Computation took 286.681225 ms
    Reading took     292.770000 us
Mean computation time: 285.834879 ms
Mean deviation: 422.085000 us (0.147667%)
Mean computation time (per hash): 3.323660 ms
Mean deviation (per hash): 4.907000 us
