Using device #0: CUDA Device 'GeForce GTX 1080 Ti'
  Sample 0...
Starting computation...
    Writing took     2.023577 ms
    Computation took 200.221542 ms
    Reading took     48.079000 us
  Sample 1...
Starting computation...
    Writing took     1.010648 ms
    Computation took 200.363855 ms
    Reading took     48.510000 us
  Sample 2...
Starting computation...
    Writing took     1.220117 ms
    Computation took 200.199477 ms
    Reading took     40.570000 us
  Sample 3...
Starting computation...
    Writing took     1.002184 ms
    Computation took 200.237794 ms
    Reading took     36.263000 us
  Sample 4...
Starting computation...
    Writing took     877.816000 us
    Computation took 200.946452 ms
    Reading took     33.929000 us
  Sample 5...
Starting computation...
    Writing took     843.724000 us
    Computation took 200.085470 ms
    Reading took     37.388000 us
  Sample 6...
Starting computation...
    Writing took     931.152000 us
    Computation took 200.186671 ms
    Reading took     35.723000 us
  Sample 7...
Starting computation...
    Writing took     877.291000 us
    Computation took 200.153286 ms
    Reading took     75.731000 us
  Sample 8...
Starting computation...
    Writing took     2.027779 ms
    Computation took 200.246069 ms
    Reading took     47.369000 us
  Sample 9...
Starting computation...
    Writing took     1.229211 ms
    Computation took 200.171998 ms
    Reading took     46.841000 us
  Sample 10...
Starting computation...
    Writing took     1.216756 ms
    Computation took 200.238161 ms
    Reading took     45.103000 us
  Sample 11...
Starting computation...
    Writing took     1.193742 ms
    Computation took 200.108153 ms
    Reading took     39.790000 us
  Sample 12...
Starting computation...
    Writing took     1.028289 ms
    Computation took 200.173509 ms
    Reading took     62.955000 us
  Sample 13...
Starting computation...
    Writing took     1.589010 ms
    Computation took 200.207791 ms
    Reading took     40.009000 us
  Sample 14...
Starting computation...
    Writing took     890.413000 us
    Computation took 200.147751 ms
    Reading took     37.387000 us
  Sample 15...
Starting computation...
    Writing took     847.191000 us
    Computation took 200.099438 ms
    Reading took     43.713000 us
  Sample 16...
Starting computation...
    Writing took     950.821000 us
    Computation took 200.137305 ms
    Reading took     36.343000 us
  Sample 17...
Starting computation...
    Writing took     849.483000 us
    Computation took 200.126269 ms
    Reading took     49.994000 us
  Sample 18...
Starting computation...
    Writing took     1.153046 ms
    Computation took 200.148518 ms
    Reading took     48.106000 us
  Sample 19...
Starting computation...
    Writing took     1.137252 ms
    Computation took 200.456070 ms
    Reading took     47.912000 us
  Sample 20...
Starting computation...
    Writing took     1.147153 ms
    Computation took 200.192043 ms
    Reading took     48.270000 us
  Sample 21...
Starting computation...
    Writing took     1.812139 ms
    Computation took 200.383626 ms
    Reading took     77.866000 us
  Sample 22...
Starting computation...
    Writing took     1.996061 ms
    Computation took 200.202673 ms
    Reading took     48.347000 us
  Sample 23...
Starting computation...
    Writing took     1.140356 ms
    Computation took 200.157484 ms
    Reading took     47.391000 us
  Sample 24...
Starting computation...
    Writing took     1.147622 ms
    Computation took 200.236385 ms
    Reading took     47.042000 us
  Sample 25...
Starting computation...
    Writing took     1.141651 ms
    Computation took 200.335456 ms
    Reading took     47.642000 us
  Sample 26...
Starting computation...
    Writing took     1.132014 ms
    Computation took 200.360989 ms
    Reading took     46.766000 us
  Sample 27...
Starting computation...
    Writing took     1.138350 ms
    Computation took 200.630609 ms
    Reading took     48.799000 us
  Sample 28...
Starting computation...
    Writing took     1.136973 ms
    Computation took 200.206993 ms
    Reading took     39.763000 us
  Sample 29...
Starting computation...
    Writing took     892.799000 us
    Computation took 200.332595 ms
    Reading took     37.233000 us
  Sample 30...
Starting computation...
    Writing took     843.359000 us
    Computation took 200.106053 ms
    Reading took     38.050000 us
  Sample 31...
Starting computation...
    Writing took     940.746000 us
    Computation took 200.153063 ms
    Reading took     39.503000 us
  Sample 32...
Starting computation...
    Writing took     913.559000 us
    Computation took 200.119212 ms
    Reading took     42.356000 us
  Sample 33...
Starting computation...
    Writing took     949.796000 us
    Computation took 200.139969 ms
    Reading took     41.510000 us
  Sample 34...
Starting computation...
    Writing took     1.008180 ms
    Computation took 200.115665 ms
    Reading took     36.988000 us
  Sample 35...
Starting computation...
    Writing took     843.729000 us
    Computation took 200.124795 ms
    Reading took     37.058000 us
  Sample 36...
Starting computation...
    Writing took     843.995000 us
    Computation took 200.139810 ms
    Reading took     48.112000 us
  Sample 37...
Starting computation...
    Writing took     1.335453 ms
    Computation took 200.203286 ms
    Reading took     40.849000 us
  Sample 38...
Starting computation...
    Writing took     919.216000 us
    Computation took 200.285744 ms
    Reading took     44.690000 us
  Sample 39...
Starting computation...
    Writing took     1.120708 ms
    Computation took 200.148591 ms
    Reading took     69.675000 us
  Sample 40...
Starting computation...
    Writing took     1.849246 ms
    Computation took 200.223373 ms
    Reading took     44.500000 us
  Sample 41...
Starting computation...
    Writing took     1.121579 ms
    Computation took 200.256402 ms
    Reading took     43.947000 us
  Sample 42...
Starting computation...
    Writing took     1.129358 ms
    Computation took 200.169141 ms
    Reading took     70.340000 us
  Sample 43...
Starting computation...
    Writing took     1.916252 ms
    Computation took 200.143571 ms
    Reading took     36.153000 us
  Sample 44...
Starting computation...
    Writing took     860.924000 us
    Computation took 200.425389 ms
    Reading took     37.341000 us
  Sample 45...
Starting computation...
    Writing took     940.467000 us
    Computation took 200.254900 ms
    Reading took     38.373000 us
  Sample 46...
Starting computation...
    Writing took     958.425000 us
    Computation took 200.149751 ms
    Reading took     36.971000 us
  Sample 47...
Starting computation...
    Writing took     1.022470 ms
    Computation took 200.136756 ms
    Reading took     37.912000 us
  Sample 48...
Starting computation...
    Writing took     972.396000 us
    Computation took 200.131542 ms
    Reading took     44.018000 us
  Sample 49...
Starting computation...
    Writing took     1.022372 ms
    Computation took 200.221701 ms
    Reading took     36.949000 us
  Sample 50...
Starting computation...
    Writing took     936.611000 us
    Computation took 200.092165 ms
    Reading took     35.507000 us
  Sample 51...
Starting computation...
    Writing took     902.485000 us
    Computation took 200.327322 ms
    Reading took     38.518000 us
  Sample 52...
Starting computation...
    Writing took     1.415432 ms
    Computation took 200.293598 ms
    Reading took     47.054000 us
  Sample 53...
Starting computation...
    Writing took     1.224947 ms
    Computation took 200.301916 ms
    Reading took     46.971000 us
  Sample 54...
Starting computation...
    Writing took     1.217884 ms
    Computation took 200.293102 ms
    Reading took     36.754000 us
  Sample 55...
Starting computation...
    Writing took     976.715000 us
    Computation took 200.308934 ms
    Reading took     37.882000 us
  Sample 56...
Starting computation...
    Writing took     932.603000 us
    Computation took 200.278753 ms
    Reading took     86.556000 us
  Sample 57...
Starting computation...
    Writing took     2.254578 ms
    Computation took 200.494998 ms
    Reading took     37.431000 us
  Sample 58...
Starting computation...
    Writing took     844.877000 us
    Computation took 200.282797 ms
    Reading took     39.608000 us
  Sample 59...
Starting computation...
    Writing took     943.679000 us
    Computation took 200.115439 ms
    Reading took     36.855000 us
  Sample 60...
Starting computation...
    Writing took     843.026000 us
    Computation took 200.477975 ms
    Reading took     36.069000 us
  Sample 61...
Starting computation...
    Writing took     843.545000 us
    Computation took 200.296697 ms
    Reading took     39.143000 us
  Sample 62...
Starting computation...
    Writing took     993.272000 us
    Computation took 200.237133 ms
    Reading took     41.329000 us
  Sample 63...
Starting computation...
    Writing took     943.607000 us
    Computation took 200.143396 ms
    Reading took     42.543000 us
  Sample 64...
Starting computation...
    Writing took     982.823000 us
    Computation took 200.233673 ms
    Reading took     39.824000 us
  Sample 65...
Starting computation...
    Writing took     892.046000 us
    Computation took 200.234347 ms
    Reading took     35.924000 us
  Sample 66...
Starting computation...
    Writing took     844.681000 us
    Computation took 200.088363 ms
    Reading took     38.676000 us
  Sample 67...
Starting computation...
    Writing took     901.355000 us
    Computation took 200.167166 ms
    Reading took     39.767000 us
  Sample 68...
Starting computation...
    Writing took     893.717000 us
    Computation took 200.140671 ms
    Reading took     38.189000 us
  Sample 69...
Starting computation...
    Writing took     887.901000 us
    Computation took 200.156840 ms
    Reading took     43.011000 us
  Sample 70...
Starting computation...
    Writing took     893.209000 us
    Computation took 200.124276 ms
    Reading took     39.283000 us
  Sample 71...
Starting computation...
    Writing took     884.734000 us
    Computation took 200.183400 ms
    Reading took     39.142000 us
  Sample 72...
Starting computation...
    Writing took     872.728000 us
    Computation took 200.187217 ms
    Reading took     39.219000 us
  Sample 73...
Starting computation...
    Writing took     934.016000 us
    Computation took 200.463430 ms
    Reading took     41.070000 us
  Sample 74...
Starting computation...
    Writing took     894.484000 us
    Computation took 200.241981 ms
    Reading took     36.089000 us
  Sample 75...
Starting computation...
    Writing took     843.913000 us
    Computation took 200.143604 ms
    Reading took     42.644000 us
  Sample 76...
Starting computation...
    Writing took     870.369000 us
    Computation took 203.667190 ms
    Reading took     70.316000 us
  Sample 77...
Starting computation...
    Writing took     1.821656 ms
    Computation took 200.200915 ms
    Reading took     44.332000 us
  Sample 78...
Starting computation...
    Writing took     1.132968 ms
    Computation took 200.235140 ms
    Reading took     44.437000 us
  Sample 79...
Starting computation...
    Writing took     1.140562 ms
    Computation took 200.239147 ms
    Reading took     43.734000 us
  Sample 80...
Starting computation...
    Writing took     1.126649 ms
    Computation took 200.146069 ms
    Reading took     43.852000 us
  Sample 81...
Starting computation...
    Writing took     1.128042 ms
    Computation took 200.224759 ms
    Reading took     58.257000 us
  Sample 82...
Starting computation...
    Writing took     1.124532 ms
    Computation took 200.135823 ms
    Reading took     44.286000 us
  Sample 83...
Starting computation...
    Writing took     1.130814 ms
    Computation took 200.223884 ms
    Reading took     34.873000 us
  Sample 84...
Starting computation...
    Writing took     847.725000 us
    Computation took 200.294919 ms
    Reading took     36.564000 us
  Sample 85...
Starting computation...
    Writing took     917.705000 us
    Computation took 200.225467 ms
    Reading took     36.674000 us
  Sample 86...
Starting computation...
    Writing took     875.837000 us
    Computation took 202.048358 ms
    Reading took     82.030000 us
  Sample 87...
Starting computation...
    Writing took     2.209644 ms
    Computation took 200.189156 ms
    Reading took     35.898000 us
  Sample 88...
Starting computation...
    Writing took     883.586000 us
    Computation took 200.208998 ms
    Reading took     36.211000 us
  Sample 89...
Starting computation...
    Writing took     956.293000 us
    Computation took 200.152313 ms
    Reading took     33.877000 us
  Sample 90...
Starting computation...
    Writing took     844.069000 us
    Computation took 200.937799 ms
    Reading took     34.750000 us
  Sample 91...
Starting computation...
    Writing took     847.404000 us
    Computation took 200.132753 ms
    Reading took     36.558000 us
  Sample 92...
Starting computation...
    Writing took     1.001380 ms
    Computation took 200.166892 ms
    Reading took     74.438000 us
  Sample 93...
Starting computation...
    Writing took     1.917867 ms
    Computation took 200.300864 ms
    Reading took     49.265000 us
  Sample 94...
Starting computation...
    Writing took     1.165508 ms
    Computation took 200.259095 ms
    Reading took     39.037000 us
  Sample 95...
Starting computation...
    Writing took     935.283000 us
    Computation took 200.163010 ms
    Reading took     34.253000 us
  Sample 96...
Starting computation...
    Writing took     845.248000 us
    Computation took 200.141370 ms
    Reading took     36.796000 us
  Sample 97...
Starting computation...
    Writing took     946.311000 us
    Computation took 200.176170 ms
    Reading took     50.525000 us
  Sample 98...
Starting computation...
    Writing took     877.153000 us
    Computation took 200.169275 ms
    Reading took     33.614000 us
  Sample 99...
Starting computation...
    Writing took     842.545000 us
    Computation took 200.078532 ms
    Reading took     36.680000 us
Mean computation time: 200.283702 ms
Mean deviation: 164.380000 us (0.0820736%)
Mean computation time (per hash): 13.352246 ms
Mean deviation (per hash): 10.958000 us
