Using device #0: CUDA Device 'GeForce GTX 1080 Ti'
  Sample 0...
Starting computation...
    Writing took     9.373180 ms
    Computation took 279.337521 ms
    Reading took     232.193000 us
  Sample 1...
Starting computation...
    Writing took     6.416259 ms
    Computation took 279.545363 ms
    Reading took     231.946000 us
  Sample 2...
Starting computation...
    Writing took     6.401252 ms
    Computation took 279.611094 ms
    Reading took     210.980000 us
  Sample 3...
Starting computation...
    Writing took     6.239523 ms
    Computation took 278.971188 ms
    Reading took     287.412000 us
  Sample 4...
Starting computation...
    Writing took     6.882121 ms
    Computation took 278.479340 ms
    Reading took     306.102000 us
  Sample 5...
Starting computation...
    Writing took     8.675385 ms
    Computation took 278.566577 ms
    Reading took     192.074000 us
  Sample 6...
Starting computation...
    Writing took     4.776232 ms
    Computation took 280.448473 ms
    Reading took     251.192000 us
  Sample 7...
Starting computation...
    Writing took     7.095048 ms
    Computation took 281.442485 ms
    Reading took     240.920000 us
  Sample 8...
Starting computation...
    Writing took     6.382363 ms
    Computation took 279.487977 ms
    Reading took     212.270000 us
  Sample 9...
Starting computation...
    Writing took     5.923034 ms
    Computation took 280.099430 ms
    Reading took     212.945000 us
  Sample 10...
Starting computation...
    Writing took     5.861262 ms
    Computation took 278.454505 ms
    Reading took     206.257000 us
  Sample 11...
Starting computation...
    Writing took     5.685023 ms
    Computation took 280.453752 ms
    Reading took     242.227000 us
  Sample 12...
Starting computation...
    Writing took     6.057931 ms
    Computation took 279.973361 ms
    Reading took     205.038000 us
  Sample 13...
Starting computation...
    Writing took     4.914479 ms
    Computation took 280.210103 ms
    Reading took     180.303000 us
  Sample 14...
Starting computation...
    Writing took     4.921451 ms
    Computation took 279.745194 ms
    Reading took     216.131000 us
  Sample 15...
Starting computation...
    Writing took     5.833507 ms
    Computation took 279.511218 ms
    Reading took     210.804000 us
  Sample 16...
Starting computation...
    Writing took     5.876646 ms
    Computation took 280.200983 ms
    Reading took     223.061000 us
  Sample 17...
Starting computation...
    Writing took     5.850361 ms
    Computation took 282.438738 ms
    Reading took     199.245000 us
  Sample 18...
Starting computation...
    Writing took     5.457426 ms
    Computation took 284.086329 ms
    Reading took     287.297000 us
  Sample 19...
Starting computation...
    Writing took     9.442227 ms
    Computation took 282.046449 ms
    Reading took     213.619000 us
  Sample 20...
Starting computation...
    Writing took     5.877571 ms
    Computation took 281.799812 ms
    Reading took     194.356000 us
  Sample 21...
Starting computation...
    Writing took     5.316668 ms
    Computation took 281.203602 ms
    Reading took     230.135000 us
  Sample 22...
Starting computation...
    Writing took     6.371890 ms
    Computation took 281.817357 ms
    Reading took     230.880000 us
  Sample 23...
Starting computation...
    Writing took     6.364681 ms
    Computation took 280.832491 ms
    Reading took     238.107000 us
  Sample 24...
Starting computation...
    Writing took     6.093089 ms
    Computation took 281.278284 ms
    Reading took     334.582000 us
  Sample 25...
Starting computation...
    Writing took     9.789611 ms
    Computation took 279.094788 ms
    Reading took     235.351000 us
  Sample 26...
Starting computation...
    Writing took     6.384598 ms
    Computation took 280.201167 ms
    Reading took     227.419000 us
  Sample 27...
Starting computation...
    Writing took     6.380538 ms
    Computation took 279.233683 ms
    Reading took     213.516000 us
  Sample 28...
Starting computation...
    Writing took     5.891774 ms
    Computation took 278.911143 ms
    Reading took     204.168000 us
  Sample 29...
Starting computation...
    Writing took     5.694179 ms
    Computation took 280.015652 ms
    Reading took     203.723000 us
  Sample 30...
Starting computation...
    Writing took     5.673565 ms
    Computation took 278.411012 ms
    Reading took     198.088000 us
  Sample 31...
Starting computation...
    Writing took     5.492705 ms
    Computation took 279.059364 ms
    Reading took     298.403000 us
  Sample 32...
Starting computation...
    Writing took     16.822176 ms
    Computation took 279.824274 ms
    Reading took     229.477000 us
  Sample 33...
Starting computation...
    Writing took     6.387572 ms
    Computation took 278.847959 ms
    Reading took     230.292000 us
  Sample 34...
Starting computation...
    Writing took     8.340769 ms
    Computation took 279.345951 ms
    Reading took     180.707000 us
  Sample 35...
Starting computation...
    Writing took     4.966821 ms
    Computation took 282.951823 ms
    Reading took     213.070000 us
  Sample 36...
Starting computation...
    Writing took     5.900233 ms
    Computation took 281.143518 ms
    Reading took     222.004000 us
  Sample 37...
Starting computation...
    Writing took     5.085313 ms
    Computation took 283.020421 ms
    Reading took     181.922000 us
  Sample 38...
Starting computation...
    Writing took     4.989994 ms
    Computation took 282.780384 ms
    Reading took     220.750000 us
  Sample 39...
Starting computation...
    Writing took     5.865598 ms
    Computation took 280.928465 ms
    Reading took     269.558000 us
  Sample 40...
Starting computation...
    Writing took     11.662558 ms
    Computation took 281.792005 ms
    Reading took     237.240000 us
  Sample 41...
Starting computation...
    Writing took     6.406739 ms
    Computation took 281.574076 ms
    Reading took     206.718000 us
  Sample 42...
Starting computation...
    Writing took     5.792792 ms
    Computation took 280.722289 ms
    Reading took     187.353000 us
  Sample 43...
Starting computation...
    Writing took     5.116889 ms
    Computation took 280.987354 ms
    Reading took     321.640000 us
  Sample 44...
Starting computation...
    Writing took     9.296834 ms
    Computation took 281.056895 ms
    Reading took     197.775000 us
  Sample 45...
Starting computation...
    Writing took     6.068193 ms
    Computation took 281.087543 ms
    Reading took     585.191000 us
  Sample 46...
Starting computation...
    Writing took     15.707330 ms
    Computation took 279.484207 ms
    Reading took     215.541000 us
  Sample 47...
Starting computation...
    Writing took     5.875841 ms
    Computation took 280.250844 ms
    Reading took     189.030000 us
  Sample 48...
Starting computation...
    Writing took     5.074947 ms
    Computation took 280.712492 ms
    Reading took     187.505000 us
  Sample 49...
Starting computation...
    Writing took     5.125287 ms
    Computation took 281.868341 ms
    Reading took     190.290000 us
  Sample 50...
Starting computation...
    Writing took     4.621005 ms
    Computation took 283.388684 ms
    Reading took     174.580000 us
  Sample 51...
Starting computation...
    Writing took     4.614262 ms
    Computation took 283.769591 ms
    Reading took     213.059000 us
  Sample 52...
Starting computation...
    Writing took     5.857314 ms
    Computation took 281.731877 ms
    Reading took     349.014000 us
  Sample 53...
Starting computation...
    Writing took     9.610073 ms
    Computation took 280.496219 ms
    Reading took     231.615000 us
  Sample 54...
Starting computation...
    Writing took     6.987047 ms
    Computation took 280.034578 ms
    Reading took     231.599000 us
  Sample 55...
Starting computation...
    Writing took     6.406703 ms
    Computation took 281.345492 ms
    Reading took     214.438000 us
  Sample 56...
Starting computation...
    Writing took     5.870285 ms
    Computation took 279.991419 ms
    Reading took     327.964000 us
  Sample 57...
Starting computation...
    Writing took     9.306214 ms
    Computation took 279.605984 ms
    Reading took     233.441000 us
  Sample 58...
Starting computation...
    Writing took     6.427001 ms
    Computation took 281.074531 ms
    Reading took     229.017000 us
  Sample 59...
Starting computation...
    Writing took     6.418803 ms
    Computation took 281.271225 ms
    Reading took     206.247000 us
  Sample 60...
Starting computation...
    Writing took     5.655986 ms
    Computation took 280.124602 ms
    Reading took     218.127000 us
  Sample 61...
Starting computation...
    Writing took     5.846818 ms
    Computation took 282.828851 ms
    Reading took     200.737000 us
  Sample 62...
Starting computation...
    Writing took     5.472708 ms
    Computation took 282.525261 ms
    Reading took     222.221000 us
  Sample 63...
Starting computation...
    Writing took     5.289766 ms
    Computation took 280.198961 ms
    Reading took     230.195000 us
  Sample 64...
Starting computation...
    Writing took     6.429030 ms
    Computation took 280.542486 ms
    Reading took     227.995000 us
  Sample 65...
Starting computation...
    Writing took     6.430927 ms
    Computation took 279.913325 ms
    Reading took     183.880000 us
  Sample 66...
Starting computation...
    Writing took     4.904303 ms
    Computation took 282.246800 ms
    Reading took     245.434000 us
  Sample 67...
Starting computation...
    Writing took     8.580312 ms
    Computation took 279.483665 ms
    Reading took     259.016000 us
  Sample 68...
Starting computation...
    Writing took     6.361416 ms
    Computation took 279.647984 ms
    Reading took     243.245000 us
  Sample 69...
Starting computation...
    Writing took     6.379490 ms
    Computation took 278.383438 ms
    Reading took     238.811000 us
  Sample 70...
Starting computation...
    Writing took     5.816072 ms
    Computation took 279.098597 ms
    Reading took     236.122000 us
  Sample 71...
Starting computation...
    Writing took     9.415548 ms
    Computation took 279.465256 ms
    Reading took     200.671000 us
  Sample 72...
Starting computation...
    Writing took     5.027622 ms
    Computation took 279.856185 ms
    Reading took     228.545000 us
  Sample 73...
Starting computation...
    Writing took     5.840661 ms
    Computation took 281.889606 ms
    Reading took     200.427000 us
  Sample 74...
Starting computation...
    Writing took     4.996995 ms
    Computation took 281.175195 ms
    Reading took     221.259000 us
  Sample 75...
Starting computation...
    Writing took     5.626183 ms
    Computation took 280.927147 ms
    Reading took     219.817000 us
  Sample 76...
Starting computation...
    Writing took     5.582959 ms
    Computation took 281.568038 ms
    Reading took     211.553000 us
  Sample 77...
Starting computation...
    Writing took     4.992688 ms
    Computation took 280.941949 ms
    Reading took     221.585000 us
  Sample 78...
Starting computation...
    Writing took     5.596948 ms
    Computation took 280.178685 ms
    Reading took     235.561000 us
  Sample 79...
Starting computation...
    Writing took     5.817519 ms
    Computation took 279.854045 ms
    Reading took     205.717000 us
  Sample 80...
Starting computation...
    Writing took     5.262894 ms
    Computation took 279.462051 ms
    Reading took     246.458000 us
  Sample 81...
Starting computation...
    Writing took     6.421085 ms
    Computation took 280.074055 ms
    Reading took     221.161000 us
  Sample 82...
Starting computation...
    Writing took     5.607740 ms
    Computation took 280.561238 ms
    Reading took     235.979000 us
  Sample 83...
Starting computation...
    Writing took     5.391062 ms
    Computation took 281.030499 ms
    Reading took     224.666000 us
  Sample 84...
Starting computation...
    Writing took     5.823100 ms
    Computation took 281.153692 ms
    Reading took     195.421000 us
  Sample 85...
Starting computation...
    Writing took     4.828672 ms
    Computation took 283.048675 ms
    Reading took     212.053000 us
  Sample 86...
Starting computation...
    Writing took     5.388347 ms
    Computation took 281.053187 ms
    Reading took     361.627000 us
  Sample 87...
Starting computation...
    Writing took     10.749549 ms
    Computation took 279.529569 ms
    Reading took     186.229000 us
  Sample 88...
Starting computation...
    Writing took     4.658234 ms
    Computation took 279.949646 ms
    Reading took     207.991000 us
  Sample 89...
Starting computation...
    Writing took     5.236673 ms
    Computation took 278.215024 ms
    Reading took     213.933000 us
  Sample 90...
Starting computation...
    Writing took     5.443721 ms
    Computation took 279.308461 ms
    Reading took     204.319000 us
  Sample 91...
Starting computation...
    Writing took     5.240159 ms
    Computation took 279.552545 ms
    Reading took     301.679000 us
  Sample 92...
Starting computation...
    Writing took     6.179626 ms
    Computation took 279.227116 ms
    Reading took     251.571000 us
  Sample 93...
Starting computation...
    Writing took     6.438025 ms
    Computation took 279.238897 ms
    Reading took     246.574000 us
  Sample 94...
Starting computation...
    Writing took     6.355054 ms
    Computation took 279.717628 ms
    Reading took     209.981000 us
  Sample 95...
Starting computation...
    Writing took     4.972869 ms
    Computation took 279.479000 ms
    Reading took     218.734000 us
  Sample 96...
Starting computation...
    Writing took     5.588324 ms
    Computation took 278.885610 ms
    Reading took     205.286000 us
  Sample 97...
Starting computation...
    Writing took     5.314491 ms
    Computation took 278.482979 ms
    Reading took     193.168000 us
  Sample 98...
Starting computation...
    Writing took     5.142107 ms
    Computation took 279.636807 ms
    Reading took     205.817000 us
  Sample 99...
Starting computation...
    Writing took     4.867559 ms
    Computation took 281.611726 ms
    Reading took     202.657000 us
Mean computation time: 280.461253 ms
Mean deviation: 1.069159 ms (0.381215%)
Mean computation time (per hash): 3.550141 ms
Mean deviation (per hash): 13.533000 us
