Using device #0: CUDA Device 'GeForce GTX 1080 Ti'
  Sample 0...
Starting computation...
    Writing took     153.380000 us
    Computation took 184.212582 ms
    Reading took     14.434000 us
  Sample 1...
Starting computation...
    Writing took     127.880000 us
    Computation took 184.190647 ms
    Reading took     5.784000 us
  Sample 2...
Starting computation...
    Writing took     71.814000 us
    Computation took 184.184239 ms
    Reading took     6.464000 us
  Sample 3...
Starting computation...
    Writing took     77.333000 us
    Computation took 184.170547 ms
    Reading took     6.219000 us
  Sample 4...
Starting computation...
    Writing took     83.452000 us
    Computation took 184.169089 ms
    Reading took     5.446000 us
  Sample 5...
Starting computation...
    Writing took     66.758000 us
    Computation took 184.178161 ms
    Reading took     6.643000 us
  Sample 6...
Starting computation...
    Writing took     77.076000 us
    Computation took 184.169011 ms
    Reading took     9.487000 us
  Sample 7...
Starting computation...
    Writing took     141.252000 us
    Computation took 184.174469 ms
    Reading took     5.924000 us
  Sample 8...
Starting computation...
    Writing took     77.385000 us
    Computation took 184.166093 ms
    Reading took     6.553000 us
  Sample 9...
Starting computation...
    Writing took     79.591000 us
    Computation took 184.175982 ms
    Reading took     6.023000 us
  Sample 10...
Starting computation...
    Writing took     74.559000 us
    Computation took 184.173145 ms
    Reading took     5.547000 us
  Sample 11...
Starting computation...
    Writing took     74.708000 us
    Computation took 184.176611 ms
    Reading took     7.558000 us
  Sample 12...
Starting computation...
    Writing took     107.347000 us
    Computation took 184.188822 ms
    Reading took     6.134000 us
  Sample 13...
Starting computation...
    Writing took     77.698000 us
    Computation took 184.181040 ms
    Reading took     6.790000 us
  Sample 14...
Starting computation...
    Writing took     77.375000 us
    Computation took 184.166101 ms
    Reading took     6.142000 us
  Sample 15...
Starting computation...
    Writing took     77.114000 us
    Computation took 184.166835 ms
    Reading took     5.577000 us
  Sample 16...
Starting computation...
    Writing took     70.343000 us
    Computation took 184.177797 ms
    Reading took     6.869000 us
  Sample 17...
Starting computation...
    Writing took     83.780000 us
    Computation took 184.178326 ms
    Reading took     7.009000 us
  Sample 18...
Starting computation...
    Writing took     84.022000 us
    Computation took 184.162216 ms
    Reading took     7.298000 us
  Sample 19...
Starting computation...
    Writing took     104.225000 us
    Computation took 184.167190 ms
    Reading took     6.256000 us
  Sample 20...
Starting computation...
    Writing took     83.953000 us
    Computation took 184.168189 ms
    Reading took     8.933000 us
  Sample 21...
Starting computation...
    Writing took     104.543000 us
    Computation took 184.166092 ms
    Reading took     7.675000 us
  Sample 22...
Starting computation...
    Writing took     151.709000 us
    Computation took 184.163836 ms
    Reading took     6.969000 us
  Sample 23...
Starting computation...
    Writing took     84.086000 us
    Computation took 184.174462 ms
    Reading took     6.382000 us
  Sample 24...
Starting computation...
    Writing took     84.335000 us
    Computation took 184.179064 ms
    Reading took     6.687000 us
  Sample 25...
Starting computation...
    Writing took     83.902000 us
    Computation took 184.170688 ms
    Reading took     9.924000 us
  Sample 26...
Starting computation...
    Writing took     140.882000 us
    Computation took 184.183246 ms
    Reading took     8.429000 us
  Sample 27...
Starting computation...
    Writing took     131.702000 us
    Computation took 184.194986 ms
    Reading took     6.073000 us
  Sample 28...
Starting computation...
    Writing took     74.223000 us
    Computation took 184.184578 ms
    Reading took     7.103000 us
  Sample 29...
Starting computation...
    Writing took     85.975000 us
    Computation took 184.203988 ms
    Reading took     7.907000 us
  Sample 30...
Starting computation...
    Writing took     83.562000 us
    Computation took 184.177358 ms
    Reading took     6.824000 us
  Sample 31...
Starting computation...
    Writing took     84.594000 us
    Computation took 184.174915 ms
    Reading took     6.988000 us
  Sample 32...
Starting computation...
    Writing took     83.715000 us
    Computation took 184.203638 ms
    Reading took     10.251000 us
  Sample 33...
Starting computation...
    Writing took     123.716000 us
    Computation took 184.212982 ms
    Reading took     6.588000 us
  Sample 34...
Starting computation...
    Writing took     66.908000 us
    Computation took 184.176635 ms
    Reading took     5.390000 us
  Sample 35...
Starting computation...
    Writing took     70.039000 us
    Computation took 184.199581 ms
    Reading took     6.131000 us
  Sample 36...
Starting computation...
    Writing took     69.130000 us
    Computation took 184.177066 ms
    Reading took     6.625000 us
  Sample 37...
Starting computation...
    Writing took     71.031000 us
    Computation took 184.171040 ms
    Reading took     6.164000 us
  Sample 38...
Starting computation...
    Writing took     74.087000 us
    Computation took 184.180908 ms
    Reading took     6.254000 us
  Sample 39...
Starting computation...
    Writing took     81.536000 us
    Computation took 184.187290 ms
    Reading took     6.170000 us
  Sample 40...
Starting computation...
    Writing took     65.031000 us
    Computation took 184.190336 ms
    Reading took     6.103000 us
  Sample 41...
Starting computation...
    Writing took     67.188000 us
    Computation took 184.169063 ms
    Reading took     6.284000 us
  Sample 42...
Starting computation...
    Writing took     155.030000 us
    Computation took 184.198557 ms
    Reading took     6.347000 us
  Sample 43...
Starting computation...
    Writing took     77.550000 us
    Computation took 184.192547 ms
    Reading took     10.642000 us
  Sample 44...
Starting computation...
    Writing took     140.810000 us
    Computation took 184.192196 ms
    Reading took     6.587000 us
  Sample 45...
Starting computation...
    Writing took     82.437000 us
    Computation took 184.175224 ms
    Reading took     6.225000 us
  Sample 46...
Starting computation...
    Writing took     82.775000 us
    Computation took 184.192932 ms
    Reading took     9.695000 us
  Sample 47...
Starting computation...
    Writing took     131.415000 us
    Computation took 184.223442 ms
    Reading took     16.355000 us
  Sample 48...
Starting computation...
    Writing took     85.798000 us
    Computation took 184.186439 ms
    Reading took     9.897000 us
  Sample 49...
Starting computation...
    Writing took     141.651000 us
    Computation took 184.182445 ms
    Reading took     6.545000 us
  Sample 50...
Starting computation...
    Writing took     74.518000 us
    Computation took 184.168069 ms
    Reading took     7.395000 us
  Sample 51...
Starting computation...
    Writing took     87.818000 us
    Computation took 184.190153 ms
    Reading took     6.396000 us
  Sample 52...
Starting computation...
    Writing took     84.316000 us
    Computation took 184.181770 ms
    Reading took     5.833000 us
  Sample 53...
Starting computation...
    Writing took     83.215000 us
    Computation took 184.169670 ms
    Reading took     6.252000 us
  Sample 54...
Starting computation...
    Writing took     81.521000 us
    Computation took 184.170827 ms
    Reading took     8.419000 us
  Sample 55...
Starting computation...
    Writing took     99.961000 us
    Computation took 184.194044 ms
    Reading took     6.177000 us
  Sample 56...
Starting computation...
    Writing took     77.329000 us
    Computation took 184.191291 ms
    Reading took     6.609000 us
  Sample 57...
Starting computation...
    Writing took     77.511000 us
    Computation took 184.169483 ms
    Reading took     6.295000 us
  Sample 58...
Starting computation...
    Writing took     76.595000 us
    Computation took 184.168926 ms
    Reading took     6.013000 us
  Sample 59...
Starting computation...
    Writing took     74.413000 us
    Computation took 184.172003 ms
    Reading took     6.481000 us
  Sample 60...
Starting computation...
    Writing took     77.754000 us
    Computation took 184.179956 ms
    Reading took     6.668000 us
  Sample 61...
Starting computation...
    Writing took     71.549000 us
    Computation took 184.166106 ms
    Reading took     6.419000 us
  Sample 62...
Starting computation...
    Writing took     77.380000 us
    Computation took 184.175968 ms
    Reading took     6.009000 us
  Sample 63...
Starting computation...
    Writing took     77.127000 us
    Computation took 184.159732 ms
    Reading took     6.522000 us
  Sample 64...
Starting computation...
    Writing took     77.294000 us
    Computation took 184.176372 ms
    Reading took     6.130000 us
  Sample 65...
Starting computation...
    Writing took     73.615000 us
    Computation took 184.185679 ms
    Reading took     6.408000 us
  Sample 66...
Starting computation...
    Writing took     71.605000 us
    Computation took 184.200306 ms
    Reading took     9.254000 us
  Sample 67...
Starting computation...
    Writing took     81.694000 us
    Computation took 184.184773 ms
    Reading took     6.114000 us
  Sample 68...
Starting computation...
    Writing took     79.605000 us
    Computation took 184.167419 ms
    Reading took     6.268000 us
  Sample 69...
Starting computation...
    Writing took     77.043000 us
    Computation took 184.163717 ms
    Reading took     6.191000 us
  Sample 70...
Starting computation...
    Writing took     74.409000 us
    Computation took 184.177952 ms
    Reading took     8.591000 us
  Sample 71...
Starting computation...
    Writing took     113.949000 us
    Computation took 184.215366 ms
    Reading took     9.125000 us
  Sample 72...
Starting computation...
    Writing took     112.767000 us
    Computation took 184.187912 ms
    Reading took     7.334000 us
  Sample 73...
Starting computation...
    Writing took     83.613000 us
    Computation took 184.191546 ms
    Reading took     12.336000 us
  Sample 74...
Starting computation...
    Writing took     153.362000 us
    Computation took 184.172917 ms
    Reading took     7.455000 us
  Sample 75...
Starting computation...
    Writing took     83.333000 us
    Computation took 184.162420 ms
    Reading took     6.757000 us
  Sample 76...
Starting computation...
    Writing took     84.508000 us
    Computation took 184.188686 ms
    Reading took     12.441000 us
  Sample 77...
Starting computation...
    Writing took     153.505000 us
    Computation took 184.206070 ms
    Reading took     18.149000 us
  Sample 78...
Starting computation...
    Writing took     86.267000 us
    Computation took 184.172518 ms
    Reading took     7.116000 us
  Sample 79...
Starting computation...
    Writing took     84.781000 us
    Computation took 184.166600 ms
    Reading took     6.768000 us
  Sample 80...
Starting computation...
    Writing took     69.175000 us
    Computation took 184.167380 ms
    Reading took     6.645000 us
  Sample 81...
Starting computation...
    Writing took     71.382000 us
    Computation took 184.182950 ms
    Reading took     6.333000 us
  Sample 82...
Starting computation...
    Writing took     95.530000 us
    Computation took 184.184789 ms
    Reading took     6.682000 us
  Sample 83...
Starting computation...
    Writing took     84.333000 us
    Computation took 184.180137 ms
    Reading took     6.313000 us
  Sample 84...
Starting computation...
    Writing took     99.344000 us
    Computation took 184.174432 ms
    Reading took     6.736000 us
  Sample 85...
Starting computation...
    Writing took     84.113000 us
    Computation took 184.162197 ms
    Reading took     6.335000 us
  Sample 86...
Starting computation...
    Writing took     67.065000 us
    Computation took 184.183047 ms
    Reading took     6.779000 us
  Sample 87...
Starting computation...
    Writing took     79.833000 us
    Computation took 184.181370 ms
    Reading took     5.884000 us
  Sample 88...
Starting computation...
    Writing took     74.876000 us
    Computation took 186.933325 ms
    Reading took     8.435000 us
  Sample 89...
Starting computation...
    Writing took     157.084000 us
    Computation took 184.194930 ms
    Reading took     6.235000 us
  Sample 90...
Starting computation...
    Writing took     77.989000 us
    Computation took 184.179285 ms
    Reading took     6.722000 us
  Sample 91...
Starting computation...
    Writing took     77.137000 us
    Computation took 184.174678 ms
    Reading took     6.248000 us
  Sample 92...
Starting computation...
    Writing took     77.723000 us
    Computation took 184.180858 ms
    Reading took     9.665000 us
  Sample 93...
Starting computation...
    Writing took     141.172000 us
    Computation took 184.189084 ms
    Reading took     9.786000 us
  Sample 94...
Starting computation...
    Writing took     118.027000 us
    Computation took 184.186148 ms
    Reading took     6.103000 us
  Sample 95...
Starting computation...
    Writing took     77.228000 us
    Computation took 184.179930 ms
    Reading took     8.860000 us
  Sample 96...
Starting computation...
    Writing took     88.876000 us
    Computation took 184.175708 ms
    Reading took     6.877000 us
  Sample 97...
Starting computation...
    Writing took     79.625000 us
    Computation took 184.188499 ms
    Reading took     6.203000 us
  Sample 98...
Starting computation...
    Writing took     74.370000 us
    Computation took 184.173119 ms
    Reading took     6.300000 us
  Sample 99...
Starting computation...
    Writing took     77.150000 us
    Computation took 184.166381 ms
    Reading took     6.501000 us
Mean computation time: 184.207991 ms
Mean deviation: 55.154000 us (0.0299412%)
Mean computation time (per hash): 184.207991 ms
Mean deviation (per hash): 55.154000 us
