Using device #0: CUDA Device 'GeForce GTX 1080 Ti'
  Sample 0...
Starting computation...
    Writing took     177.122000 us
    Computation took 181.249453 ms
    Reading took     16.574000 us
  Sample 1...
Starting computation...
    Writing took     225.045000 us
    Computation took 181.248751 ms
    Reading took     7.798000 us
  Sample 2...
Starting computation...
    Writing took     139.712000 us
    Computation took 181.237527 ms
    Reading took     8.657000 us
  Sample 3...
Starting computation...
    Writing took     151.025000 us
    Computation took 181.233764 ms
    Reading took     13.376000 us
  Sample 4...
Starting computation...
    Writing took     205.175000 us
    Computation took 181.245110 ms
    Reading took     9.130000 us
  Sample 5...
Starting computation...
    Writing took     155.924000 us
    Computation took 181.243683 ms
    Reading took     8.014000 us
  Sample 6...
Starting computation...
    Writing took     133.786000 us
    Computation took 181.234328 ms
    Reading took     12.837000 us
  Sample 7...
Starting computation...
    Writing took     223.862000 us
    Computation took 181.264373 ms
    Reading took     11.965000 us
  Sample 8...
Starting computation...
    Writing took     224.233000 us
    Computation took 181.265304 ms
    Reading took     8.803000 us
  Sample 9...
Starting computation...
    Writing took     165.462000 us
    Computation took 181.245904 ms
    Reading took     9.151000 us
  Sample 10...
Starting computation...
    Writing took     164.567000 us
    Computation took 181.249305 ms
    Reading took     8.660000 us
  Sample 11...
Starting computation...
    Writing took     164.251000 us
    Computation took 181.232150 ms
    Reading took     8.595000 us
  Sample 12...
Starting computation...
    Writing took     150.752000 us
    Computation took 181.234017 ms
    Reading took     7.149000 us
  Sample 13...
Starting computation...
    Writing took     118.295000 us
    Computation took 181.237825 ms
    Reading took     8.840000 us
  Sample 14...
Starting computation...
    Writing took     159.640000 us
    Computation took 181.243709 ms
    Reading took     12.928000 us
  Sample 15...
Starting computation...
    Writing took     223.493000 us
    Computation took 181.270094 ms
    Reading took     8.806000 us
  Sample 16...
Starting computation...
    Writing took     150.641000 us
    Computation took 181.230951 ms
    Reading took     8.416000 us
  Sample 17...
Starting computation...
    Writing took     150.874000 us
    Computation took 181.259257 ms
    Reading took     7.872000 us
  Sample 18...
Starting computation...
    Writing took     134.902000 us
    Computation took 181.240360 ms
    Reading took     7.805000 us
  Sample 19...
Starting computation...
    Writing took     131.690000 us
    Computation took 181.256262 ms
    Reading took     8.216000 us
  Sample 20...
Starting computation...
    Writing took     177.812000 us
    Computation took 181.242139 ms
    Reading took     7.686000 us
  Sample 21...
Starting computation...
    Writing took     130.916000 us
    Computation took 181.236012 ms
    Reading took     12.836000 us
  Sample 22...
Starting computation...
    Writing took     248.786000 us
    Computation took 181.256867 ms
    Reading took     13.628000 us
  Sample 23...
Starting computation...
    Writing took     239.096000 us
    Computation took 181.249765 ms
    Reading took     8.473000 us
  Sample 24...
Starting computation...
    Writing took     153.254000 us
    Computation took 181.257178 ms
    Reading took     15.920000 us
  Sample 25...
Starting computation...
    Writing took     310.394000 us
    Computation took 181.266855 ms
    Reading took     14.449000 us
  Sample 26...
Starting computation...
    Writing took     170.806000 us
    Computation took 181.266877 ms
    Reading took     12.942000 us
  Sample 27...
Starting computation...
    Writing took     185.007000 us
    Computation took 181.241165 ms
    Reading took     10.738000 us
  Sample 28...
Starting computation...
    Writing took     167.351000 us
    Computation took 181.234679 ms
    Reading took     8.886000 us
  Sample 29...
Starting computation...
    Writing took     141.592000 us
    Computation took 181.252277 ms
    Reading took     8.709000 us
  Sample 30...
Starting computation...
    Writing took     121.042000 us
    Computation took 181.258288 ms
    Reading took     13.013000 us
  Sample 31...
Starting computation...
    Writing took     188.608000 us
    Computation took 181.313713 ms
    Reading took     10.073000 us
  Sample 32...
Starting computation...
    Writing took     164.133000 us
    Computation took 181.231340 ms
    Reading took     9.567000 us
  Sample 33...
Starting computation...
    Writing took     145.461000 us
    Computation took 181.233058 ms
    Reading took     9.530000 us
  Sample 34...
Starting computation...
    Writing took     155.159000 us
    Computation took 181.242246 ms
    Reading took     8.991000 us
  Sample 35...
Starting computation...
    Writing took     136.654000 us
    Computation took 181.247051 ms
    Reading took     10.630000 us
  Sample 36...
Starting computation...
    Writing took     166.579000 us
    Computation took 181.272158 ms
    Reading took     10.046000 us
  Sample 37...
Starting computation...
    Writing took     153.726000 us
    Computation took 181.253790 ms
    Reading took     9.960000 us
  Sample 38...
Starting computation...
    Writing took     201.637000 us
    Computation took 181.255504 ms
    Reading took     10.069000 us
  Sample 39...
Starting computation...
    Writing took     155.977000 us
    Computation took 181.236936 ms
    Reading took     9.916000 us
  Sample 40...
Starting computation...
    Writing took     147.908000 us
    Computation took 181.245673 ms
    Reading took     15.350000 us
  Sample 41...
Starting computation...
    Writing took     162.067000 us
    Computation took 181.281452 ms
    Reading took     14.123000 us
  Sample 42...
Starting computation...
    Writing took     258.086000 us
    Computation took 181.274395 ms
    Reading took     10.562000 us
  Sample 43...
Starting computation...
    Writing took     168.633000 us
    Computation took 181.247520 ms
    Reading took     9.820000 us
  Sample 44...
Starting computation...
    Writing took     166.927000 us
    Computation took 181.253244 ms
    Reading took     10.400000 us
  Sample 45...
Starting computation...
    Writing took     182.287000 us
    Computation took 181.243181 ms
    Reading took     9.820000 us
  Sample 46...
Starting computation...
    Writing took     152.928000 us
    Computation took 181.234381 ms
    Reading took     8.168000 us
  Sample 47...
Starting computation...
    Writing took     137.274000 us
    Computation took 181.237167 ms
    Reading took     9.831000 us
  Sample 48...
Starting computation...
    Writing took     156.132000 us
    Computation took 181.249143 ms
    Reading took     9.988000 us
  Sample 49...
Starting computation...
    Writing took     154.070000 us
    Computation took 181.241055 ms
    Reading took     9.138000 us
  Sample 50...
Starting computation...
    Writing took     159.840000 us
    Computation took 181.252840 ms
    Reading took     11.135000 us
  Sample 51...
Starting computation...
    Writing took     154.664000 us
    Computation took 181.247929 ms
    Reading took     10.341000 us
  Sample 52...
Starting computation...
    Writing took     153.615000 us
    Computation took 181.239501 ms
    Reading took     9.987000 us
  Sample 53...
Starting computation...
    Writing took     155.045000 us
    Computation took 181.247972 ms
    Reading took     10.252000 us
  Sample 54...
Starting computation...
    Writing took     153.577000 us
    Computation took 181.258263 ms
    Reading took     9.986000 us
  Sample 55...
Starting computation...
    Writing took     153.201000 us
    Computation took 181.243133 ms
    Reading took     10.304000 us
  Sample 56...
Starting computation...
    Writing took     166.380000 us
    Computation took 181.245481 ms
    Reading took     10.110000 us
  Sample 57...
Starting computation...
    Writing took     185.260000 us
    Computation took 181.255308 ms
    Reading took     10.014000 us
  Sample 58...
Starting computation...
    Writing took     165.539000 us
    Computation took 181.245138 ms
    Reading took     14.940000 us
  Sample 59...
Starting computation...
    Writing took     269.128000 us
    Computation took 181.265152 ms
    Reading took     10.028000 us
  Sample 60...
Starting computation...
    Writing took     153.600000 us
    Computation took 181.252639 ms
    Reading took     9.821000 us
  Sample 61...
Starting computation...
    Writing took     142.513000 us
    Computation took 181.252784 ms
    Reading took     16.492000 us
  Sample 62...
Starting computation...
    Writing took     252.352000 us
    Computation took 181.255387 ms
    Reading took     10.033000 us
  Sample 63...
Starting computation...
    Writing took     170.948000 us
    Computation took 181.248117 ms
    Reading took     9.589000 us
  Sample 64...
Starting computation...
    Writing took     158.434000 us
    Computation took 181.253758 ms
    Reading took     9.984000 us
  Sample 65...
Starting computation...
    Writing took     154.054000 us
    Computation took 181.254077 ms
    Reading took     15.730000 us
  Sample 66...
Starting computation...
    Writing took     261.308000 us
    Computation took 181.271501 ms
    Reading took     9.934000 us
  Sample 67...
Starting computation...
    Writing took     153.401000 us
    Computation took 181.242170 ms
    Reading took     10.112000 us
  Sample 68...
Starting computation...
    Writing took     154.543000 us
    Computation took 181.215773 ms
    Reading took     8.651000 us
  Sample 69...
Starting computation...
    Writing took     142.847000 us
    Computation took 181.260841 ms
    Reading took     10.045000 us
  Sample 70...
Starting computation...
    Writing took     176.038000 us
    Computation took 181.251757 ms
    Reading took     10.459000 us
  Sample 71...
Starting computation...
    Writing took     167.125000 us
    Computation took 181.249886 ms
    Reading took     10.353000 us
  Sample 72...
Starting computation...
    Writing took     167.174000 us
    Computation took 181.245386 ms
    Reading took     9.986000 us
  Sample 73...
Starting computation...
    Writing took     149.044000 us
    Computation took 181.246647 ms
    Reading took     10.063000 us
  Sample 74...
Starting computation...
    Writing took     153.921000 us
    Computation took 181.237832 ms
    Reading took     22.360000 us
  Sample 75...
Starting computation...
    Writing took     236.823000 us
    Computation took 181.255297 ms
    Reading took     8.038000 us
  Sample 76...
Starting computation...
    Writing took     164.159000 us
    Computation took 181.228082 ms
    Reading took     8.539000 us
  Sample 77...
Starting computation...
    Writing took     162.451000 us
    Computation took 181.233391 ms
    Reading took     9.135000 us
  Sample 78...
Starting computation...
    Writing took     165.292000 us
    Computation took 181.239449 ms
    Reading took     8.953000 us
  Sample 79...
Starting computation...
    Writing took     164.143000 us
    Computation took 181.239069 ms
    Reading took     8.309000 us
  Sample 80...
Starting computation...
    Writing took     134.695000 us
    Computation took 181.250285 ms
    Reading took     8.217000 us
  Sample 81...
Starting computation...
    Writing took     150.409000 us
    Computation took 181.217829 ms
    Reading took     7.365000 us
  Sample 82...
Starting computation...
    Writing took     141.336000 us
    Computation took 181.237766 ms
    Reading took     8.427000 us
  Sample 83...
Starting computation...
    Writing took     150.910000 us
    Computation took 181.311607 ms
    Reading took     7.757000 us
  Sample 84...
Starting computation...
    Writing took     134.780000 us
    Computation took 181.301427 ms
    Reading took     8.576000 us
  Sample 85...
Starting computation...
    Writing took     150.445000 us
    Computation took 181.298002 ms
    Reading took     8.558000 us
  Sample 86...
Starting computation...
    Writing took     163.866000 us
    Computation took 181.283714 ms
    Reading took     9.265000 us
  Sample 87...
Starting computation...
    Writing took     166.060000 us
    Computation took 181.284763 ms
    Reading took     8.153000 us
  Sample 88...
Starting computation...
    Writing took     163.614000 us
    Computation took 181.286437 ms
    Reading took     8.611000 us
  Sample 89...
Starting computation...
    Writing took     184.558000 us
    Computation took 181.290186 ms
    Reading took     6.796000 us
  Sample 90...
Starting computation...
    Writing took     118.720000 us
    Computation took 181.291993 ms
    Reading took     10.471000 us
  Sample 91...
Starting computation...
    Writing took     218.015000 us
    Computation took 181.300838 ms
    Reading took     8.734000 us
  Sample 92...
Starting computation...
    Writing took     165.836000 us
    Computation took 181.294109 ms
    Reading took     9.285000 us
  Sample 93...
Starting computation...
    Writing took     164.078000 us
    Computation took 181.306755 ms
    Reading took     8.444000 us
  Sample 94...
Starting computation...
    Writing took     165.083000 us
    Computation took 181.295977 ms
    Reading took     7.109000 us
  Sample 95...
Starting computation...
    Writing took     118.687000 us
    Computation took 181.280861 ms
    Reading took     7.731000 us
  Sample 96...
Starting computation...
    Writing took     126.323000 us
    Computation took 181.285648 ms
    Reading took     9.538000 us
  Sample 97...
Starting computation...
    Writing took     152.668000 us
    Computation took 181.275411 ms
    Reading took     7.479000 us
  Sample 98...
Starting computation...
    Writing took     118.424000 us
    Computation took 181.294775 ms
    Reading took     7.725000 us
  Sample 99...
Starting computation...
    Writing took     145.032000 us
    Computation took 181.281670 ms
    Reading took     8.377000 us
Mean computation time: 181.255818 ms
Mean deviation: 16.586000 us (0.0091506%)
Mean computation time (per hash): 90.627908 ms
Mean deviation (per hash): 8.293000 us
