Using device #0: CUDA Device 'GeForce GTX 1080 Ti'
  Sample 0...
Starting computation...
    Writing took     4.985313 ms
    Computation took 185.673933 ms
    Reading took     115.105000 us
  Sample 1...
Starting computation...
    Writing took     2.931715 ms
    Computation took 185.653416 ms
    Reading took     109.154000 us
  Sample 2...
Starting computation...
    Writing took     2.952715 ms
    Computation took 185.650480 ms
    Reading took     101.882000 us
  Sample 3...
Starting computation...
    Writing took     2.723011 ms
    Computation took 185.657179 ms
    Reading took     101.922000 us
  Sample 4...
Starting computation...
    Writing took     2.727532 ms
    Computation took 185.611202 ms
    Reading took     103.229000 us
  Sample 5...
Starting computation...
    Writing took     2.698492 ms
    Computation took 185.707880 ms
    Reading took     101.372000 us
  Sample 6...
Starting computation...
    Writing took     2.680196 ms
    Computation took 185.666710 ms
    Reading took     100.759000 us
  Sample 7...
Starting computation...
    Writing took     2.660340 ms
    Computation took 185.636167 ms
    Reading took     100.646000 us
  Sample 8...
Starting computation...
    Writing took     2.661936 ms
    Computation took 185.607397 ms
    Reading took     100.630000 us
  Sample 9...
Starting computation...
    Writing took     2.656900 ms
    Computation took 185.691577 ms
    Reading took     103.281000 us
  Sample 10...
Starting computation...
    Writing took     2.711038 ms
    Computation took 185.617569 ms
    Reading took     103.905000 us
  Sample 11...
Starting computation...
    Writing took     2.686113 ms
    Computation took 185.663591 ms
    Reading took     99.473000 us
  Sample 12...
Starting computation...
    Writing took     2.659063 ms
    Computation took 185.738992 ms
    Reading took     100.042000 us
  Sample 13...
Starting computation...
    Writing took     2.657003 ms
    Computation took 186.387940 ms
    Reading took     114.229000 us
  Sample 14...
Starting computation...
    Writing took     2.685574 ms
    Computation took 186.370412 ms
    Reading took     101.862000 us
  Sample 15...
Starting computation...
    Writing took     2.706725 ms
    Computation took 186.352585 ms
    Reading took     103.000000 us
  Sample 16...
Starting computation...
    Writing took     2.711973 ms
    Computation took 186.345159 ms
    Reading took     101.251000 us
  Sample 17...
Starting computation...
    Writing took     2.660461 ms
    Computation took 186.366569 ms
    Reading took     101.889000 us
  Sample 18...
Starting computation...
    Writing took     2.684219 ms
    Computation took 186.409144 ms
    Reading took     105.805000 us
  Sample 19...
Starting computation...
    Writing took     2.701325 ms
    Computation took 186.423442 ms
    Reading took     168.571000 us
  Sample 20...
Starting computation...
    Writing took     4.530862 ms
    Computation took 186.359547 ms
    Reading took     101.679000 us
  Sample 21...
Starting computation...
    Writing took     2.713567 ms
    Computation took 186.342919 ms
    Reading took     101.347000 us
  Sample 22...
Starting computation...
    Writing took     2.656991 ms
    Computation took 186.323874 ms
    Reading took     101.705000 us
  Sample 23...
Starting computation...
    Writing took     2.662535 ms
    Computation took 186.365431 ms
    Reading took     81.719000 us
  Sample 24...
Starting computation...
    Writing took     2.108712 ms
    Computation took 186.327806 ms
    Reading took     77.542000 us
  Sample 25...
Starting computation...
    Writing took     2.038914 ms
    Computation took 186.311777 ms
    Reading took     80.690000 us
  Sample 26...
Starting computation...
    Writing took     2.092903 ms
    Computation took 186.365242 ms
    Reading took     79.489000 us
  Sample 27...
Starting computation...
    Writing took     2.038600 ms
    Computation took 186.355448 ms
    Reading took     90.378000 us
  Sample 28...
Starting computation...
    Writing took     2.172801 ms
    Computation took 186.314902 ms
    Reading took     88.679000 us
  Sample 29...
Starting computation...
    Writing took     2.301459 ms
    Computation took 186.367373 ms
    Reading took     129.829000 us
  Sample 30...
Starting computation...
    Writing took     3.779558 ms
    Computation took 186.381975 ms
    Reading took     92.579000 us
  Sample 31...
Starting computation...
    Writing took     2.325474 ms
    Computation took 186.300491 ms
    Reading took     95.365000 us
  Sample 32...
Starting computation...
    Writing took     2.425932 ms
    Computation took 186.332388 ms
    Reading took     95.000000 us
  Sample 33...
Starting computation...
    Writing took     2.557839 ms
    Computation took 186.315404 ms
    Reading took     97.320000 us
  Sample 34...
Starting computation...
    Writing took     2.589257 ms
    Computation took 186.399777 ms
    Reading took     105.788000 us
  Sample 35...
Starting computation...
    Writing took     2.523203 ms
    Computation took 186.346875 ms
    Reading took     105.598000 us
  Sample 36...
Starting computation...
    Writing took     2.552672 ms
    Computation took 186.300590 ms
    Reading took     81.600000 us
  Sample 37...
Starting computation...
    Writing took     2.036435 ms
    Computation took 186.292463 ms
    Reading took     77.081000 us
  Sample 38...
Starting computation...
    Writing took     2.037420 ms
    Computation took 186.310935 ms
    Reading took     102.060000 us
  Sample 39...
Starting computation...
    Writing took     2.729279 ms
    Computation took 186.370775 ms
    Reading took     121.960000 us
  Sample 40...
Starting computation...
    Writing took     2.677865 ms
    Computation took 186.384430 ms
    Reading took     101.906000 us
  Sample 41...
Starting computation...
    Writing took     2.675944 ms
    Computation took 186.396555 ms
    Reading took     107.039000 us
  Sample 42...
Starting computation...
    Writing took     2.718336 ms
    Computation took 186.347174 ms
    Reading took     101.734000 us
  Sample 43...
Starting computation...
    Writing took     2.702865 ms
    Computation took 186.351984 ms
    Reading took     100.755000 us
  Sample 44...
Starting computation...
    Writing took     2.649252 ms
    Computation took 186.339513 ms
    Reading took     81.274000 us
  Sample 45...
Starting computation...
    Writing took     2.067927 ms
    Computation took 186.364351 ms
    Reading took     80.824000 us
  Sample 46...
Starting computation...
    Writing took     2.042690 ms
    Computation took 186.353779 ms
    Reading took     117.993000 us
  Sample 47...
Starting computation...
    Writing took     2.058837 ms
    Computation took 186.326613 ms
    Reading took     79.476000 us
  Sample 48...
Starting computation...
    Writing took     2.040114 ms
    Computation took 186.345626 ms
    Reading took     82.898000 us
  Sample 49...
Starting computation...
    Writing took     2.113177 ms
    Computation took 186.381525 ms
    Reading took     82.097000 us
  Sample 50...
Starting computation...
    Writing took     2.064858 ms
    Computation took 186.352466 ms
    Reading took     82.443000 us
  Sample 51...
Starting computation...
    Writing took     2.032054 ms
    Computation took 186.363224 ms
    Reading took     167.572000 us
  Sample 52...
Starting computation...
    Writing took     4.623798 ms
    Computation took 186.371526 ms
    Reading took     109.243000 us
  Sample 53...
Starting computation...
    Writing took     2.702697 ms
    Computation took 186.397084 ms
    Reading took     113.247000 us
  Sample 54...
Starting computation...
    Writing took     2.781146 ms
    Computation took 186.289960 ms
    Reading took     81.158000 us
  Sample 55...
Starting computation...
    Writing took     2.085784 ms
    Computation took 186.311987 ms
    Reading took     84.174000 us
  Sample 56...
Starting computation...
    Writing took     2.216148 ms
    Computation took 186.378153 ms
    Reading took     97.324000 us
  Sample 57...
Starting computation...
    Writing took     2.346980 ms
    Computation took 186.389112 ms
    Reading took     91.693000 us
  Sample 58...
Starting computation...
    Writing took     2.276737 ms
    Computation took 186.380315 ms
    Reading took     87.476000 us
  Sample 59...
Starting computation...
    Writing took     2.256395 ms
    Computation took 186.328369 ms
    Reading took     87.120000 us
  Sample 60...
Starting computation...
    Writing took     2.255594 ms
    Computation took 186.347108 ms
    Reading took     85.658000 us
  Sample 61...
Starting computation...
    Writing took     2.232767 ms
    Computation took 186.355660 ms
    Reading took     90.280000 us
  Sample 62...
Starting computation...
    Writing took     2.235915 ms
    Computation took 186.354651 ms
    Reading took     112.951000 us
  Sample 63...
Starting computation...
    Writing took     2.902315 ms
    Computation took 186.368024 ms
    Reading took     112.411000 us
  Sample 64...
Starting computation...
    Writing took     2.947064 ms
    Computation took 186.341115 ms
    Reading took     111.235000 us
  Sample 65...
Starting computation...
    Writing took     2.867807 ms
    Computation took 186.330200 ms
    Reading took     89.406000 us
  Sample 66...
Starting computation...
    Writing took     2.147399 ms
    Computation took 186.379717 ms
    Reading took     84.867000 us
  Sample 67...
Starting computation...
    Writing took     2.173983 ms
    Computation took 186.369464 ms
    Reading took     84.118000 us
  Sample 68...
Starting computation...
    Writing took     2.121227 ms
    Computation took 186.334370 ms
    Reading took     91.898000 us
  Sample 69...
Starting computation...
    Writing took     3.102620 ms
    Computation took 186.418897 ms
    Reading took     92.332000 us
  Sample 70...
Starting computation...
    Writing took     2.183236 ms
    Computation took 186.298076 ms
    Reading took     85.089000 us
  Sample 71...
Starting computation...
    Writing took     2.172400 ms
    Computation took 186.368301 ms
    Reading took     78.153000 us
  Sample 72...
Starting computation...
    Writing took     2.032332 ms
    Computation took 186.448833 ms
    Reading took     186.120000 us
  Sample 73...
Starting computation...
    Writing took     5.097793 ms
    Computation took 186.401219 ms
    Reading took     110.328000 us
  Sample 74...
Starting computation...
    Writing took     2.891944 ms
    Computation took 186.364514 ms
    Reading took     108.253000 us
  Sample 75...
Starting computation...
    Writing took     2.877399 ms
    Computation took 186.358625 ms
    Reading took     106.200000 us
  Sample 76...
Starting computation...
    Writing took     2.861686 ms
    Computation took 186.391733 ms
    Reading took     79.303000 us
  Sample 77...
Starting computation...
    Writing took     2.038519 ms
    Computation took 186.870964 ms
    Reading took     94.404000 us
  Sample 78...
Starting computation...
    Writing took     2.396674 ms
    Computation took 187.267890 ms
    Reading took     89.619000 us
  Sample 79...
Starting computation...
    Writing took     2.294700 ms
    Computation took 187.279205 ms
    Reading took     89.343000 us
  Sample 80...
Starting computation...
    Writing took     2.328569 ms
    Computation took 187.269327 ms
    Reading took     86.519000 us
  Sample 81...
Starting computation...
    Writing took     2.249111 ms
    Computation took 187.224563 ms
    Reading took     90.003000 us
  Sample 82...
Starting computation...
    Writing took     2.382310 ms
    Computation took 187.271242 ms
    Reading took     91.651000 us
  Sample 83...
Starting computation...
    Writing took     2.424813 ms
    Computation took 187.279668 ms
    Reading took     130.631000 us
  Sample 84...
Starting computation...
    Writing took     3.378601 ms
    Computation took 187.310936 ms
    Reading took     79.442000 us
  Sample 85...
Starting computation...
    Writing took     2.252685 ms
    Computation took 187.250666 ms
    Reading took     88.834000 us
  Sample 86...
Starting computation...
    Writing took     2.337355 ms
    Computation took 187.237935 ms
    Reading took     89.262000 us
  Sample 87...
Starting computation...
    Writing took     2.336456 ms
    Computation took 187.238774 ms
    Reading took     92.303000 us
  Sample 88...
Starting computation...
    Writing took     2.422832 ms
    Computation took 187.257843 ms
    Reading took     101.818000 us
  Sample 89...
Starting computation...
    Writing took     2.708841 ms
    Computation took 187.308368 ms
    Reading took     118.586000 us
  Sample 90...
Starting computation...
    Writing took     2.349151 ms
    Computation took 187.211871 ms
    Reading took     81.416000 us
  Sample 91...
Starting computation...
    Writing took     2.039147 ms
    Computation took 187.282274 ms
    Reading took     81.273000 us
  Sample 92...
Starting computation...
    Writing took     2.036706 ms
    Computation took 187.279053 ms
    Reading took     87.282000 us
  Sample 93...
Starting computation...
    Writing took     2.100077 ms
    Computation took 187.278635 ms
    Reading took     97.368000 us
  Sample 94...
Starting computation...
    Writing took     2.587522 ms
    Computation took 187.315213 ms
    Reading took     96.668000 us
  Sample 95...
Starting computation...
    Writing took     2.458037 ms
    Computation took 187.274727 ms
    Reading took     92.479000 us
  Sample 96...
Starting computation...
    Writing took     2.471206 ms
    Computation took 187.292423 ms
    Reading took     96.910000 us
  Sample 97...
Starting computation...
    Writing took     2.553381 ms
    Computation took 187.360159 ms
    Reading took     98.296000 us
  Sample 98...
Starting computation...
    Writing took     2.586033 ms
    Computation took 187.333403 ms
    Reading took     96.451000 us
  Sample 99...
Starting computation...
    Writing took     2.579567 ms
    Computation took 187.326105 ms
    Reading took     97.214000 us
Mean computation time: 186.474228 ms
Mean deviation: 362.279000 us (0.194278%)
Mean computation time (per hash): 5.179839 ms
Mean deviation (per hash): 10.063000 us
