Using device #0: CUDA Device 'GeForce GTX 1080 Ti'
  Sample 0...
Starting computation...
    Writing took     2.897462 ms
    Computation took 204.873423 ms
    Reading took     76.331000 us
  Sample 1...
Starting computation...
    Writing took     1.880485 ms
    Computation took 204.434612 ms
    Reading took     72.066000 us
  Sample 2...
Starting computation...
    Writing took     1.873623 ms
    Computation took 204.703586 ms
    Reading took     73.496000 us
  Sample 3...
Starting computation...
    Writing took     1.891903 ms
    Computation took 204.631648 ms
    Reading took     63.069000 us
  Sample 4...
Starting computation...
    Writing took     1.516454 ms
    Computation took 204.989429 ms
    Reading took     59.739000 us
  Sample 5...
Starting computation...
    Writing took     1.367122 ms
    Computation took 204.523249 ms
    Reading took     87.102000 us
  Sample 6...
Starting computation...
    Writing took     2.124154 ms
    Computation took 204.814567 ms
    Reading took     60.800000 us
  Sample 7...
Starting computation...
    Writing took     1.463907 ms
    Computation took 204.548884 ms
    Reading took     59.104000 us
  Sample 8...
Starting computation...
    Writing took     1.447849 ms
    Computation took 204.552809 ms
    Reading took     61.867000 us
  Sample 9...
Starting computation...
    Writing took     1.475589 ms
    Computation took 204.580851 ms
    Reading took     62.090000 us
  Sample 10...
Starting computation...
    Writing took     1.460234 ms
    Computation took 204.544247 ms
    Reading took     56.796000 us
  Sample 11...
Starting computation...
    Writing took     1.428770 ms
    Computation took 204.499038 ms
    Reading took     56.152000 us
  Sample 12...
Starting computation...
    Writing took     1.301118 ms
    Computation took 204.554447 ms
    Reading took     61.688000 us
  Sample 13...
Starting computation...
    Writing took     1.495469 ms
    Computation took 204.751940 ms
    Reading took     57.476000 us
  Sample 14...
Starting computation...
    Writing took     1.377123 ms
    Computation took 204.514984 ms
    Reading took     57.780000 us
  Sample 15...
Starting computation...
    Writing took     1.458773 ms
    Computation took 204.655861 ms
    Reading took     75.751000 us
  Sample 16...
Starting computation...
    Writing took     1.746942 ms
    Computation took 204.678624 ms
    Reading took     79.230000 us
  Sample 17...
Starting computation...
    Writing took     1.377540 ms
    Computation took 204.586915 ms
    Reading took     51.939000 us
  Sample 18...
Starting computation...
    Writing took     1.298384 ms
    Computation took 204.547022 ms
    Reading took     76.682000 us
  Sample 19...
Starting computation...
    Writing took     1.467073 ms
    Computation took 204.454581 ms
    Reading took     66.460000 us
  Sample 20...
Starting computation...
    Writing took     1.715171 ms
    Computation took 204.436861 ms
    Reading took     64.313000 us
  Sample 21...
Starting computation...
    Writing took     1.684099 ms
    Computation took 204.561077 ms
    Reading took     64.850000 us
  Sample 22...
Starting computation...
    Writing took     1.689714 ms
    Computation took 204.468826 ms
    Reading took     66.645000 us
  Sample 23...
Starting computation...
    Writing took     1.738402 ms
    Computation took 204.438502 ms
    Reading took     61.868000 us
  Sample 24...
Starting computation...
    Writing took     1.568083 ms
    Computation took 205.096991 ms
    Reading took     77.252000 us
  Sample 25...
Starting computation...
    Writing took     2.065471 ms
    Computation took 204.589782 ms
    Reading took     58.885000 us
  Sample 26...
Starting computation...
    Writing took     1.548635 ms
    Computation took 204.544186 ms
    Reading took     61.841000 us
  Sample 27...
Starting computation...
    Writing took     1.568281 ms
    Computation took 204.512817 ms
    Reading took     75.941000 us
  Sample 28...
Starting computation...
    Writing took     1.512674 ms
    Computation took 204.460999 ms
    Reading took     58.890000 us
  Sample 29...
Starting computation...
    Writing took     1.539637 ms
    Computation took 204.552270 ms
    Reading took     60.173000 us
  Sample 30...
Starting computation...
    Writing took     1.486126 ms
    Computation took 204.480350 ms
    Reading took     58.256000 us
  Sample 31...
Starting computation...
    Writing took     1.535303 ms
    Computation took 204.469113 ms
    Reading took     58.012000 us
  Sample 32...
Starting computation...
    Writing took     1.490972 ms
    Computation took 204.561835 ms
    Reading took     58.323000 us
  Sample 33...
Starting computation...
    Writing took     1.469013 ms
    Computation took 204.676518 ms
    Reading took     75.547000 us
  Sample 34...
Starting computation...
    Writing took     2.038407 ms
    Computation took 204.568158 ms
    Reading took     59.079000 us
  Sample 35...
Starting computation...
    Writing took     1.480026 ms
    Computation took 204.603024 ms
    Reading took     55.386000 us
  Sample 36...
Starting computation...
    Writing took     1.444236 ms
    Computation took 204.537436 ms
    Reading took     61.503000 us
  Sample 37...
Starting computation...
    Writing took     1.523143 ms
    Computation took 205.174793 ms
    Reading took     53.713000 us
  Sample 38...
Starting computation...
    Writing took     1.488742 ms
    Computation took 204.601693 ms
    Reading took     59.490000 us
  Sample 39...
Starting computation...
    Writing took     1.546544 ms
    Computation took 204.990709 ms
    Reading took     114.974000 us
  Sample 40...
Starting computation...
    Writing took     2.943250 ms
    Computation took 204.498405 ms
    Reading took     61.270000 us
  Sample 41...
Starting computation...
    Writing took     1.544111 ms
    Computation took 204.428375 ms
    Reading took     60.588000 us
  Sample 42...
Starting computation...
    Writing took     1.530403 ms
    Computation took 204.817740 ms
    Reading took     59.630000 us
  Sample 43...
Starting computation...
    Writing took     1.553127 ms
    Computation took 204.750847 ms
    Reading took     63.418000 us
  Sample 44...
Starting computation...
    Writing took     1.610699 ms
    Computation took 204.594564 ms
    Reading took     50.940000 us
  Sample 45...
Starting computation...
    Writing took     1.300278 ms
    Computation took 204.691691 ms
    Reading took     50.803000 us
  Sample 46...
Starting computation...
    Writing took     1.358549 ms
    Computation took 204.536265 ms
    Reading took     58.565000 us
  Sample 47...
Starting computation...
    Writing took     1.431809 ms
    Computation took 204.545071 ms
    Reading took     55.741000 us
  Sample 48...
Starting computation...
    Writing took     1.416370 ms
    Computation took 204.502797 ms
    Reading took     66.559000 us
  Sample 49...
Starting computation...
    Writing took     1.724531 ms
    Computation took 204.562414 ms
    Reading took     66.966000 us
  Sample 50...
Starting computation...
    Writing took     1.757792 ms
    Computation took 204.599451 ms
    Reading took     66.658000 us
  Sample 51...
Starting computation...
    Writing took     1.732976 ms
    Computation took 204.510235 ms
    Reading took     67.895000 us
  Sample 52...
Starting computation...
    Writing took     1.737912 ms
    Computation took 204.494262 ms
    Reading took     66.996000 us
  Sample 53...
Starting computation...
    Writing took     1.747951 ms
    Computation took 204.646874 ms
    Reading took     73.693000 us
  Sample 54...
Starting computation...
    Writing took     1.729559 ms
    Computation took 204.551096 ms
    Reading took     67.679000 us
  Sample 55...
Starting computation...
    Writing took     1.742641 ms
    Computation took 205.447759 ms
    Reading took     66.564000 us
  Sample 56...
Starting computation...
    Writing took     1.748537 ms
    Computation took 204.732051 ms
    Reading took     66.761000 us
  Sample 57...
Starting computation...
    Writing took     1.722532 ms
    Computation took 204.490579 ms
    Reading took     55.247000 us
  Sample 58...
Starting computation...
    Writing took     1.742218 ms
    Computation took 204.486074 ms
    Reading took     54.786000 us
  Sample 59...
Starting computation...
    Writing took     1.337677 ms
    Computation took 204.987442 ms
    Reading took     53.605000 us
  Sample 60...
Starting computation...
    Writing took     1.298322 ms
    Computation took 204.649903 ms
    Reading took     57.193000 us
  Sample 61...
Starting computation...
    Writing took     1.421791 ms
    Computation took 204.727620 ms
    Reading took     70.595000 us
  Sample 62...
Starting computation...
    Writing took     1.341186 ms
    Computation took 205.395811 ms
    Reading took     54.099000 us
  Sample 63...
Starting computation...
    Writing took     1.313389 ms
    Computation took 204.519470 ms
    Reading took     67.752000 us
  Sample 64...
Starting computation...
    Writing took     1.724890 ms
    Computation took 204.533221 ms
    Reading took     67.413000 us
  Sample 65...
Starting computation...
    Writing took     1.732724 ms
    Computation took 205.494165 ms
    Reading took     66.468000 us
  Sample 66...
Starting computation...
    Writing took     1.744333 ms
    Computation took 204.783467 ms
    Reading took     67.642000 us
  Sample 67...
Starting computation...
    Writing took     1.738278 ms
    Computation took 204.603067 ms
    Reading took     67.877000 us
  Sample 68...
Starting computation...
    Writing took     1.731463 ms
    Computation took 204.570025 ms
    Reading took     67.477000 us
  Sample 69...
Starting computation...
    Writing took     1.740894 ms
    Computation took 204.513585 ms
    Reading took     70.816000 us
  Sample 70...
Starting computation...
    Writing took     1.726904 ms
    Computation took 204.499560 ms
    Reading took     66.065000 us
  Sample 71...
Starting computation...
    Writing took     1.751731 ms
    Computation took 204.562990 ms
    Reading took     68.793000 us
  Sample 72...
Starting computation...
    Writing took     1.728806 ms
    Computation took 204.708828 ms
    Reading took     66.755000 us
  Sample 73...
Starting computation...
    Writing took     1.736757 ms
    Computation took 204.828398 ms
    Reading took     66.377000 us
  Sample 74...
Starting computation...
    Writing took     1.742657 ms
    Computation took 204.602868 ms
    Reading took     65.829000 us
  Sample 75...
Starting computation...
    Writing took     1.718667 ms
    Computation took 204.610239 ms
    Reading took     54.662000 us
  Sample 76...
Starting computation...
    Writing took     1.406319 ms
    Computation took 205.493458 ms
    Reading took     53.344000 us
  Sample 77...
Starting computation...
    Writing took     1.321088 ms
    Computation took 204.692153 ms
    Reading took     54.287000 us
  Sample 78...
Starting computation...
    Writing took     1.324370 ms
    Computation took 204.531163 ms
    Reading took     51.190000 us
  Sample 79...
Starting computation...
    Writing took     1.321449 ms
    Computation took 204.566999 ms
    Reading took     56.147000 us
  Sample 80...
Starting computation...
    Writing took     1.423881 ms
    Computation took 205.796960 ms
    Reading took     56.882000 us
  Sample 81...
Starting computation...
    Writing took     1.308969 ms
    Computation took 204.419241 ms
    Reading took     56.157000 us
  Sample 82...
Starting computation...
    Writing took     1.430245 ms
    Computation took 204.750624 ms
    Reading took     57.222000 us
  Sample 83...
Starting computation...
    Writing took     1.351614 ms
    Computation took 204.719330 ms
    Reading took     54.992000 us
  Sample 84...
Starting computation...
    Writing took     1.339058 ms
    Computation took 204.508535 ms
    Reading took     57.047000 us
  Sample 85...
Starting computation...
    Writing took     1.334144 ms
    Computation took 205.999423 ms
    Reading took     55.534000 us
  Sample 86...
Starting computation...
    Writing took     1.394809 ms
    Computation took 204.577571 ms
    Reading took     101.534000 us
  Sample 87...
Starting computation...
    Writing took     2.889966 ms
    Computation took 204.500677 ms
    Reading took     68.144000 us
  Sample 88...
Starting computation...
    Writing took     1.729297 ms
    Computation took 204.541623 ms
    Reading took     74.002000 us
  Sample 89...
Starting computation...
    Writing took     1.914008 ms
    Computation took 204.689420 ms
    Reading took     72.991000 us
  Sample 90...
Starting computation...
    Writing took     1.896677 ms
    Computation took 204.598665 ms
    Reading took     68.349000 us
  Sample 91...
Starting computation...
    Writing took     1.711701 ms
    Computation took 204.541104 ms
    Reading took     102.081000 us
  Sample 92...
Starting computation...
    Writing took     2.059648 ms
    Computation took 204.552225 ms
    Reading took     53.544000 us
  Sample 93...
Starting computation...
    Writing took     1.321979 ms
    Computation took 204.488900 ms
    Reading took     55.316000 us
  Sample 94...
Starting computation...
    Writing took     1.443214 ms
    Computation took 204.997337 ms
    Reading took     56.693000 us
  Sample 95...
Starting computation...
    Writing took     1.424554 ms
    Computation took 204.572414 ms
    Reading took     66.880000 us
  Sample 96...
Starting computation...
    Writing took     1.719326 ms
    Computation took 204.585895 ms
    Reading took     98.856000 us
  Sample 97...
Starting computation...
    Writing took     2.669365 ms
    Computation took 204.763490 ms
    Reading took     69.397000 us
  Sample 98...
Starting computation...
    Writing took     1.734567 ms
    Computation took 204.637869 ms
    Reading took     69.355000 us
  Sample 99...
Starting computation...
    Writing took     1.729037 ms
    Computation took 204.702638 ms
    Reading took     67.110000 us
Mean computation time: 204.674715 ms
Mean deviation: 182.606000 us (0.0892177%)
Mean computation time (per hash): 8.898900 ms
Mean deviation (per hash): 7.939000 us
