Using device #0: CUDA Device 'GeForce GTX 1080 Ti'
  Sample 0...
Starting computation...
    Writing took     7.249702 ms
    Computation took 311.836649 ms
    Reading took     450.599000 us
  Sample 1...
Starting computation...
    Writing took     8.534869 ms
    Computation took 311.912612 ms
    Reading took     264.128000 us
  Sample 2...
Starting computation...
    Writing took     7.271243 ms
    Computation took 311.933492 ms
    Reading took     264.334000 us
  Sample 3...
Starting computation...
    Writing took     7.235713 ms
    Computation took 311.958724 ms
    Reading took     265.201000 us
  Sample 4...
Starting computation...
    Writing took     7.219904 ms
    Computation took 312.141337 ms
    Reading took     274.733000 us
  Sample 5...
Starting computation...
    Writing took     7.221314 ms
    Computation took 311.919971 ms
    Reading took     280.554000 us
  Sample 6...
Starting computation...
    Writing took     7.204888 ms
    Computation took 311.901835 ms
    Reading took     265.244000 us
  Sample 7...
Starting computation...
    Writing took     7.247070 ms
    Computation took 311.945040 ms
    Reading took     263.389000 us
  Sample 8...
Starting computation...
    Writing took     7.245041 ms
    Computation took 311.853106 ms
    Reading took     255.449000 us
  Sample 9...
Starting computation...
    Writing took     7.227673 ms
    Computation took 311.864104 ms
    Reading took     264.167000 us
  Sample 10...
Starting computation...
    Writing took     7.254861 ms
    Computation took 311.931601 ms
    Reading took     252.929000 us
  Sample 11...
Starting computation...
    Writing took     6.660815 ms
    Computation took 311.874125 ms
    Reading took     247.646000 us
  Sample 12...
Starting computation...
    Writing took     6.275916 ms
    Computation took 311.908677 ms
    Reading took     256.830000 us
  Sample 13...
Starting computation...
    Writing took     6.992315 ms
    Computation took 311.993881 ms
    Reading took     265.431000 us
  Sample 14...
Starting computation...
    Writing took     7.255073 ms
    Computation took 312.189318 ms
    Reading took     263.186000 us
  Sample 15...
Starting computation...
    Writing took     7.240797 ms
    Computation took 312.042642 ms
    Reading took     246.346000 us
  Sample 16...
Starting computation...
    Writing took     6.662166 ms
    Computation took 312.077268 ms
    Reading took     271.142000 us
  Sample 17...
Starting computation...
    Writing took     6.929351 ms
    Computation took 312.156604 ms
    Reading took     264.705000 us
  Sample 18...
Starting computation...
    Writing took     7.141421 ms
    Computation took 312.105166 ms
    Reading took     255.001000 us
  Sample 19...
Starting computation...
    Writing took     6.727202 ms
    Computation took 312.148836 ms
    Reading took     260.986000 us
  Sample 20...
Starting computation...
    Writing took     7.025406 ms
    Computation took 311.980702 ms
    Reading took     264.252000 us
  Sample 21...
Starting computation...
    Writing took     10.313666 ms
    Computation took 311.960281 ms
    Reading took     279.467000 us
  Sample 22...
Starting computation...
    Writing took     6.573432 ms
    Computation took 311.986790 ms
    Reading took     265.036000 us
  Sample 23...
Starting computation...
    Writing took     7.195745 ms
    Computation took 312.264532 ms
    Reading took     256.586000 us
  Sample 24...
Starting computation...
    Writing took     6.983685 ms
    Computation took 312.203669 ms
    Reading took     276.975000 us
  Sample 25...
Starting computation...
    Writing took     7.326024 ms
    Computation took 312.175729 ms
    Reading took     279.426000 us
  Sample 26...
Starting computation...
    Writing took     7.352102 ms
    Computation took 312.173558 ms
    Reading took     279.873000 us
  Sample 27...
Starting computation...
    Writing took     7.438534 ms
    Computation took 312.254240 ms
    Reading took     276.722000 us
  Sample 28...
Starting computation...
    Writing took     7.315422 ms
    Computation took 312.223484 ms
    Reading took     277.150000 us
  Sample 29...
Starting computation...
    Writing took     7.330923 ms
    Computation took 312.155278 ms
    Reading took     277.258000 us
  Sample 30...
Starting computation...
    Writing took     7.356669 ms
    Computation took 312.118569 ms
    Reading took     292.033000 us
  Sample 31...
Starting computation...
    Writing took     7.383287 ms
    Computation took 312.108254 ms
    Reading took     278.871000 us
  Sample 32...
Starting computation...
    Writing took     7.349939 ms
    Computation took 312.026295 ms
    Reading took     430.466000 us
  Sample 33...
Starting computation...
    Writing took     12.655840 ms
    Computation took 312.302690 ms
    Reading took     278.226000 us
  Sample 34...
Starting computation...
    Writing took     7.319765 ms
    Computation took 312.393168 ms
    Reading took     275.816000 us
  Sample 35...
Starting computation...
    Writing took     8.091092 ms
    Computation took 312.662569 ms
    Reading took     339.379000 us
  Sample 36...
Starting computation...
    Writing took     9.889776 ms
    Computation took 312.430325 ms
    Reading took     331.780000 us
  Sample 37...
Starting computation...
    Writing took     7.495162 ms
    Computation took 312.440157 ms
    Reading took     260.844000 us
  Sample 38...
Starting computation...
    Writing took     7.022599 ms
    Computation took 312.466352 ms
    Reading took     475.274000 us
  Sample 39...
Starting computation...
    Writing took     8.036849 ms
    Computation took 312.449840 ms
    Reading took     298.840000 us
  Sample 40...
Starting computation...
    Writing took     7.960488 ms
    Computation took 312.401335 ms
    Reading took     316.193000 us
  Sample 41...
Starting computation...
    Writing took     7.258371 ms
    Computation took 312.250909 ms
    Reading took     277.156000 us
  Sample 42...
Starting computation...
    Writing took     7.761832 ms
    Computation took 312.401693 ms
    Reading took     278.851000 us
  Sample 43...
Starting computation...
    Writing took     7.255351 ms
    Computation took 312.308583 ms
    Reading took     456.068000 us
  Sample 44...
Starting computation...
    Writing took     7.435668 ms
    Computation took 312.460603 ms
    Reading took     277.654000 us
  Sample 45...
Starting computation...
    Writing took     7.857444 ms
    Computation took 312.658097 ms
    Reading took     317.095000 us
  Sample 46...
Starting computation...
    Writing took     9.529743 ms
    Computation took 312.412361 ms
    Reading took     277.595000 us
  Sample 47...
Starting computation...
    Writing took     7.275585 ms
    Computation took 312.701372 ms
    Reading took     288.633000 us
  Sample 48...
Starting computation...
    Writing took     7.274516 ms
    Computation took 312.694384 ms
    Reading took     286.396000 us
  Sample 49...
Starting computation...
    Writing took     7.271643 ms
    Computation took 312.970902 ms
    Reading took     399.526000 us
  Sample 50...
Starting computation...
    Writing took     12.675275 ms
    Computation took 312.752130 ms
    Reading took     276.238000 us
  Sample 51...
Starting computation...
    Writing took     7.158985 ms
    Computation took 312.779963 ms
    Reading took     480.315000 us
  Sample 52...
Starting computation...
    Writing took     12.800637 ms
    Computation took 312.462943 ms
    Reading took     267.952000 us
  Sample 53...
Starting computation...
    Writing took     7.076459 ms
    Computation took 312.666484 ms
    Reading took     277.136000 us
  Sample 54...
Starting computation...
    Writing took     7.408609 ms
    Computation took 312.574918 ms
    Reading took     423.568000 us
  Sample 55...
Starting computation...
    Writing took     11.107097 ms
    Computation took 312.645974 ms
    Reading took     300.004000 us
  Sample 56...
Starting computation...
    Writing took     7.939317 ms
    Computation took 312.733733 ms
    Reading took     278.447000 us
  Sample 57...
Starting computation...
    Writing took     7.329090 ms
    Computation took 312.769094 ms
    Reading took     276.765000 us
  Sample 58...
Starting computation...
    Writing took     7.300442 ms
    Computation took 312.726878 ms
    Reading took     275.748000 us
  Sample 59...
Starting computation...
    Writing took     7.299364 ms
    Computation took 312.822526 ms
    Reading took     385.726000 us
  Sample 60...
Starting computation...
    Writing took     11.633855 ms
    Computation took 312.767859 ms
    Reading took     339.305000 us
  Sample 61...
Starting computation...
    Writing took     9.577842 ms
    Computation took 312.826959 ms
    Reading took     282.835000 us
  Sample 62...
Starting computation...
    Writing took     7.272283 ms
    Computation took 312.761927 ms
    Reading took     276.385000 us
  Sample 63...
Starting computation...
    Writing took     7.290363 ms
    Computation took 313.051968 ms
    Reading took     288.898000 us
  Sample 64...
Starting computation...
    Writing took     7.687585 ms
    Computation took 312.710665 ms
    Reading took     291.843000 us
  Sample 65...
Starting computation...
    Writing took     7.721725 ms
    Computation took 312.535712 ms
    Reading took     277.320000 us
  Sample 66...
Starting computation...
    Writing took     7.295027 ms
    Computation took 312.643224 ms
    Reading took     276.720000 us
  Sample 67...
Starting computation...
    Writing took     7.319200 ms
    Computation took 312.826965 ms
    Reading took     281.564000 us
  Sample 68...
Starting computation...
    Writing took     9.657087 ms
    Computation took 312.958704 ms
    Reading took     280.452000 us
  Sample 69...
Starting computation...
    Writing took     7.284284 ms
    Computation took 312.828458 ms
    Reading took     268.627000 us
  Sample 70...
Starting computation...
    Writing took     7.232682 ms
    Computation took 312.820321 ms
    Reading took     268.682000 us
  Sample 71...
Starting computation...
    Writing took     7.027402 ms
    Computation took 312.863957 ms
    Reading took     394.705000 us
  Sample 72...
Starting computation...
    Writing took     9.604980 ms
    Computation took 312.821351 ms
    Reading took     292.365000 us
  Sample 73...
Starting computation...
    Writing took     7.112980 ms
    Computation took 312.950566 ms
    Reading took     266.936000 us
  Sample 74...
Starting computation...
    Writing took     7.314186 ms
    Computation took 312.857498 ms
    Reading took     277.797000 us
  Sample 75...
Starting computation...
    Writing took     7.364410 ms
    Computation took 312.729675 ms
    Reading took     402.502000 us
  Sample 76...
Starting computation...
    Writing took     10.899712 ms
    Computation took 312.882467 ms
    Reading took     465.901000 us
  Sample 77...
Starting computation...
    Writing took     10.098561 ms
    Computation took 312.948084 ms
    Reading took     411.585000 us
  Sample 78...
Starting computation...
    Writing took     8.694192 ms
    Computation took 312.794341 ms
    Reading took     304.194000 us
  Sample 79...
Starting computation...
    Writing took     7.028194 ms
    Computation took 312.981264 ms
    Reading took     280.252000 us
  Sample 80...
Starting computation...
    Writing took     8.119021 ms
    Computation took 313.040301 ms
    Reading took     277.942000 us
  Sample 81...
Starting computation...
    Writing took     7.317240 ms
    Computation took 313.056780 ms
    Reading took     277.773000 us
  Sample 82...
Starting computation...
    Writing took     7.318410 ms
    Computation took 312.959638 ms
    Reading took     277.221000 us
  Sample 83...
Starting computation...
    Writing took     8.309012 ms
    Computation took 313.013218 ms
    Reading took     266.267000 us
  Sample 84...
Starting computation...
    Writing took     7.025869 ms
    Computation took 312.826309 ms
    Reading took     266.716000 us
  Sample 85...
Starting computation...
    Writing took     7.061586 ms
    Computation took 313.251285 ms
    Reading took     277.372000 us
  Sample 86...
Starting computation...
    Writing took     7.315773 ms
    Computation took 313.080948 ms
    Reading took     268.649000 us
  Sample 87...
Starting computation...
    Writing took     7.342785 ms
    Computation took 313.071137 ms
    Reading took     408.727000 us
  Sample 88...
Starting computation...
    Writing took     10.417815 ms
    Computation took 312.973441 ms
    Reading took     476.736000 us
  Sample 89...
Starting computation...
    Writing took     12.136416 ms
    Computation took 312.980672 ms
    Reading took     276.798000 us
  Sample 90...
Starting computation...
    Writing took     7.252660 ms
    Computation took 313.222627 ms
    Reading took     280.428000 us
  Sample 91...
Starting computation...
    Writing took     10.154111 ms
    Computation took 313.218741 ms
    Reading took     278.713000 us
  Sample 92...
Starting computation...
    Writing took     8.914798 ms
    Computation took 313.117651 ms
    Reading took     279.380000 us
  Sample 93...
Starting computation...
    Writing took     7.280948 ms
    Computation took 313.330912 ms
    Reading took     277.503000 us
  Sample 94...
Starting computation...
    Writing took     7.408718 ms
    Computation took 313.338662 ms
    Reading took     281.803000 us
  Sample 95...
Starting computation...
    Writing took     8.114594 ms
    Computation took 313.319436 ms
    Reading took     298.870000 us
  Sample 96...
Starting computation...
    Writing took     7.947316 ms
    Computation took 313.205595 ms
    Reading took     278.185000 us
  Sample 97...
Starting computation...
    Writing took     7.265834 ms
    Computation took 313.111382 ms
    Reading took     270.283000 us
  Sample 98...
Starting computation...
    Writing took     7.715113 ms
    Computation took 313.201885 ms
    Reading took     292.452000 us
  Sample 99...
Starting computation...
    Writing took     7.955747 ms
    Computation took 313.278486 ms
    Reading took     286.658000 us
Mean computation time: 312.558274 ms
Mean deviation: 383.916000 us (0.12283%)
Mean computation time (per hash): 3.189369 ms
Mean deviation (per hash): 3.917000 us
