Using device #0: CUDA Device 'GeForce GTX 1080 Ti'
  Sample 0...
Starting computation...
    Writing took     6.091654 ms
    Computation took 272.961998 ms
    Reading took     228.386000 us
  Sample 1...
Starting computation...
    Writing took     6.137375 ms
    Computation took 273.604047 ms
    Reading took     193.988000 us
  Sample 2...
Starting computation...
    Writing took     5.397205 ms
    Computation took 273.848058 ms
    Reading took     191.732000 us
  Sample 3...
Starting computation...
    Writing took     5.177519 ms
    Computation took 273.171811 ms
    Reading took     198.030000 us
  Sample 4...
Starting computation...
    Writing took     5.436930 ms
    Computation took 274.186764 ms
    Reading took     205.590000 us
  Sample 5...
Starting computation...
    Writing took     5.589850 ms
    Computation took 274.296519 ms
    Reading took     166.294000 us
  Sample 6...
Starting computation...
    Writing took     4.431384 ms
    Computation took 273.032473 ms
    Reading took     249.426000 us
  Sample 7...
Starting computation...
    Writing took     6.489496 ms
    Computation took 273.609043 ms
    Reading took     197.463000 us
  Sample 8...
Starting computation...
    Writing took     5.374033 ms
    Computation took 273.643464 ms
    Reading took     165.769000 us
  Sample 9...
Starting computation...
    Writing took     4.353161 ms
    Computation took 273.197530 ms
    Reading took     181.729000 us
  Sample 10...
Starting computation...
    Writing took     4.675723 ms
    Computation took 273.899853 ms
    Reading took     277.385000 us
  Sample 11...
Starting computation...
    Writing took     4.805780 ms
    Computation took 275.205707 ms
    Reading took     179.460000 us
  Sample 12...
Starting computation...
    Writing took     5.989196 ms
    Computation took 276.649662 ms
    Reading took     193.686000 us
  Sample 13...
Starting computation...
    Writing took     4.947257 ms
    Computation took 279.833957 ms
    Reading took     346.257000 us
  Sample 14...
Starting computation...
    Writing took     6.400926 ms
    Computation took 279.026585 ms
    Reading took     188.833000 us
  Sample 15...
Starting computation...
    Writing took     4.786856 ms
    Computation took 275.284693 ms
    Reading took     197.916000 us
  Sample 16...
Starting computation...
    Writing took     5.132170 ms
    Computation took 275.781739 ms
    Reading took     225.889000 us
  Sample 17...
Starting computation...
    Writing took     5.294330 ms
    Computation took 275.889264 ms
    Reading took     177.425000 us
  Sample 18...
Starting computation...
    Writing took     4.460626 ms
    Computation took 275.169841 ms
    Reading took     198.757000 us
  Sample 19...
Starting computation...
    Writing took     5.139306 ms
    Computation took 275.939130 ms
    Reading took     222.127000 us
  Sample 20...
Starting computation...
    Writing took     5.930211 ms
    Computation took 278.042443 ms
    Reading took     219.470000 us
  Sample 21...
Starting computation...
    Writing took     6.667908 ms
    Computation took 277.376473 ms
    Reading took     222.240000 us
  Sample 22...
Starting computation...
    Writing took     5.872438 ms
    Computation took 274.539548 ms
    Reading took     224.502000 us
  Sample 23...
Starting computation...
    Writing took     5.751364 ms
    Computation took 275.716146 ms
    Reading took     198.431000 us
  Sample 24...
Starting computation...
    Writing took     5.075285 ms
    Computation took 274.368287 ms
    Reading took     193.292000 us
  Sample 25...
Starting computation...
    Writing took     4.941902 ms
    Computation took 274.072476 ms
    Reading took     206.303000 us
  Sample 26...
Starting computation...
    Writing took     5.497586 ms
    Computation took 273.890483 ms
    Reading took     225.982000 us
  Sample 27...
Starting computation...
    Writing took     5.672602 ms
    Computation took 275.916175 ms
    Reading took     219.330000 us
  Sample 28...
Starting computation...
    Writing took     5.686154 ms
    Computation took 276.750097 ms
    Reading took     192.944000 us
  Sample 29...
Starting computation...
    Writing took     4.746338 ms
    Computation took 277.708605 ms
    Reading took     223.267000 us
  Sample 30...
Starting computation...
    Writing took     5.682210 ms
    Computation took 277.413925 ms
    Reading took     218.273000 us
  Sample 31...
Starting computation...
    Writing took     5.473963 ms
    Computation took 274.409399 ms
    Reading took     221.094000 us
  Sample 32...
Starting computation...
    Writing took     5.403662 ms
    Computation took 274.342508 ms
    Reading took     179.596000 us
  Sample 33...
Starting computation...
    Writing took     4.437012 ms
    Computation took 274.932917 ms
    Reading took     220.559000 us
  Sample 34...
Starting computation...
    Writing took     4.653345 ms
    Computation took 275.802914 ms
    Reading took     224.543000 us
  Sample 35...
Starting computation...
    Writing took     5.711581 ms
    Computation took 274.855609 ms
    Reading took     291.429000 us
  Sample 36...
Starting computation...
    Writing took     8.859402 ms
    Computation took 273.651754 ms
    Reading took     218.629000 us
  Sample 37...
Starting computation...
    Writing took     5.700321 ms
    Computation took 273.716815 ms
    Reading took     207.357000 us
  Sample 38...
Starting computation...
    Writing took     5.385831 ms
    Computation took 272.783191 ms
    Reading took     210.963000 us
  Sample 39...
Starting computation...
    Writing took     5.399571 ms
    Computation took 273.426759 ms
    Reading took     219.035000 us
  Sample 40...
Starting computation...
    Writing took     5.902711 ms
    Computation took 273.636907 ms
    Reading took     218.990000 us
  Sample 41...
Starting computation...
    Writing took     5.686519 ms
    Computation took 273.826820 ms
    Reading took     193.943000 us
  Sample 42...
Starting computation...
    Writing took     4.965866 ms
    Computation took 275.127898 ms
    Reading took     178.037000 us
  Sample 43...
Starting computation...
    Writing took     4.524860 ms
    Computation took 275.209550 ms
    Reading took     203.897000 us
  Sample 44...
Starting computation...
    Writing took     5.307218 ms
    Computation took 277.402336 ms
    Reading took     187.088000 us
  Sample 45...
Starting computation...
    Writing took     4.746421 ms
    Computation took 277.535055 ms
    Reading took     227.503000 us
  Sample 46...
Starting computation...
    Writing took     5.782559 ms
    Computation took 274.700851 ms
    Reading took     205.568000 us
  Sample 47...
Starting computation...
    Writing took     5.244880 ms
    Computation took 275.602219 ms
    Reading took     178.371000 us
  Sample 48...
Starting computation...
    Writing took     4.442799 ms
    Computation took 275.335040 ms
    Reading took     208.707000 us
  Sample 49...
Starting computation...
    Writing took     5.579020 ms
    Computation took 274.022676 ms
    Reading took     179.407000 us
  Sample 50...
Starting computation...
    Writing took     4.479933 ms
    Computation took 274.816937 ms
    Reading took     219.329000 us
  Sample 51...
Starting computation...
    Writing took     5.781789 ms
    Computation took 277.329392 ms
    Reading took     194.138000 us
  Sample 52...
Starting computation...
    Writing took     5.761334 ms
    Computation took 277.900284 ms
    Reading took     226.311000 us
  Sample 53...
Starting computation...
    Writing took     6.743751 ms
    Computation took 277.073402 ms
    Reading took     193.076000 us
  Sample 54...
Starting computation...
    Writing took     4.625547 ms
    Computation took 275.366615 ms
    Reading took     319.063000 us
  Sample 55...
Starting computation...
    Writing took     9.832207 ms
    Computation took 274.274639 ms
    Reading took     218.003000 us
  Sample 56...
Starting computation...
    Writing took     5.690261 ms
    Computation took 273.174367 ms
    Reading took     202.859000 us
  Sample 57...
Starting computation...
    Writing took     5.268726 ms
    Computation took 272.958707 ms
    Reading took     233.947000 us
  Sample 58...
Starting computation...
    Writing took     6.872841 ms
    Computation took 273.188224 ms
    Reading took     236.104000 us
  Sample 59...
Starting computation...
    Writing took     6.525927 ms
    Computation took 275.177358 ms
    Reading took     202.960000 us
  Sample 60...
Starting computation...
    Writing took     5.282171 ms
    Computation took 277.959097 ms
    Reading took     218.130000 us
  Sample 61...
Starting computation...
    Writing took     6.111826 ms
    Computation took 278.386285 ms
    Reading took     222.481000 us
  Sample 62...
Starting computation...
    Writing took     5.699408 ms
    Computation took 275.793205 ms
    Reading took     218.632000 us
  Sample 63...
Starting computation...
    Writing took     5.712496 ms
    Computation took 274.376647 ms
    Reading took     195.900000 us
  Sample 64...
Starting computation...
    Writing took     4.947774 ms
    Computation took 275.040692 ms
    Reading took     312.744000 us
  Sample 65...
Starting computation...
    Writing took     6.721723 ms
    Computation took 273.408424 ms
    Reading took     223.281000 us
  Sample 66...
Starting computation...
    Writing took     7.196095 ms
    Computation took 273.814685 ms
    Reading took     218.723000 us
  Sample 67...
Starting computation...
    Writing took     6.356199 ms
    Computation took 274.452846 ms
    Reading took     233.725000 us
  Sample 68...
Starting computation...
    Writing took     6.170477 ms
    Computation took 277.662110 ms
    Reading took     222.003000 us
  Sample 69...
Starting computation...
    Writing took     5.336185 ms
    Computation took 276.605230 ms
    Reading took     218.049000 us
  Sample 70...
Starting computation...
    Writing took     5.669035 ms
    Computation took 277.073106 ms
    Reading took     252.462000 us
  Sample 71...
Starting computation...
    Writing took     6.185527 ms
    Computation took 275.208058 ms
    Reading took     231.807000 us
  Sample 72...
Starting computation...
    Writing took     6.200310 ms
    Computation took 275.685608 ms
    Reading took     346.440000 us
  Sample 73...
Starting computation...
    Writing took     11.044698 ms
    Computation took 276.600853 ms
    Reading took     179.967000 us
  Sample 74...
Starting computation...
    Writing took     4.465984 ms
    Computation took 275.824071 ms
    Reading took     195.070000 us
  Sample 75...
Starting computation...
    Writing took     4.906827 ms
    Computation took 275.681512 ms
    Reading took     274.500000 us
  Sample 76...
Starting computation...
    Writing took     6.561273 ms
    Computation took 276.140253 ms
    Reading took     219.622000 us
  Sample 77...
Starting computation...
    Writing took     5.955832 ms
    Computation took 275.184797 ms
    Reading took     235.635000 us
  Sample 78...
Starting computation...
    Writing took     6.293034 ms
    Computation took 274.924505 ms
    Reading took     246.488000 us
  Sample 79...
Starting computation...
    Writing took     6.297601 ms
    Computation took 275.941269 ms
    Reading took     234.631000 us
  Sample 80...
Starting computation...
    Writing took     6.194048 ms
    Computation took 275.809711 ms
    Reading took     207.683000 us
  Sample 81...
Starting computation...
    Writing took     4.899166 ms
    Computation took 275.632906 ms
    Reading took     203.080000 us
  Sample 82...
Starting computation...
    Writing took     5.339680 ms
    Computation took 276.762339 ms
    Reading took     212.158000 us
  Sample 83...
Starting computation...
    Writing took     5.252415 ms
    Computation took 275.669357 ms
    Reading took     222.950000 us
  Sample 84...
Starting computation...
    Writing took     5.695991 ms
    Computation took 274.241244 ms
    Reading took     217.311000 us
  Sample 85...
Starting computation...
    Writing took     5.656915 ms
    Computation took 273.094143 ms
    Reading took     180.353000 us
  Sample 86...
Starting computation...
    Writing took     4.506445 ms
    Computation took 272.959602 ms
    Reading took     193.209000 us
  Sample 87...
Starting computation...
    Writing took     4.840455 ms
    Computation took 272.907117 ms
    Reading took     210.475000 us
  Sample 88...
Starting computation...
    Writing took     5.249040 ms
    Computation took 273.077852 ms
    Reading took     177.730000 us
  Sample 89...
Starting computation...
    Writing took     4.462522 ms
    Computation took 273.466329 ms
    Reading took     174.599000 us
  Sample 90...
Starting computation...
    Writing took     4.291060 ms
    Computation took 273.342923 ms
    Reading took     178.118000 us
  Sample 91...
Starting computation...
    Writing took     4.405488 ms
    Computation took 273.773008 ms
    Reading took     178.667000 us
  Sample 92...
Starting computation...
    Writing took     4.316343 ms
    Computation took 273.361838 ms
    Reading took     195.205000 us
  Sample 93...
Starting computation...
    Writing took     4.948468 ms
    Computation took 273.839847 ms
    Reading took     176.977000 us
  Sample 94...
Starting computation...
    Writing took     4.591596 ms
    Computation took 275.624541 ms
    Reading took     187.639000 us
  Sample 95...
Starting computation...
    Writing took     4.942771 ms
    Computation took 277.905535 ms
    Reading took     199.327000 us
  Sample 96...
Starting computation...
    Writing took     6.944267 ms
    Computation took 275.463416 ms
    Reading took     234.347000 us
  Sample 97...
Starting computation...
    Writing took     7.177890 ms
    Computation took 274.697428 ms
    Reading took     317.982000 us
  Sample 98...
Starting computation...
    Writing took     7.747976 ms
    Computation took 274.485802 ms
    Reading took     224.218000 us
  Sample 99...
Starting computation...
    Writing took     5.664827 ms
    Computation took 273.024812 ms
    Reading took     176.804000 us
Mean computation time: 275.105109 ms
Mean deviation: 1.300588 ms (0.47276%)
Mean computation time (per hash): 3.619803 ms
Mean deviation (per hash): 17.113000 us
