Using device #0: CUDA Device 'GeForce GTX 1080 Ti'
  Sample 0...
Starting computation...
    Writing took     2.759813 ms
    Computation took 204.431541 ms
    Reading took     72.960000 us
  Sample 1...
Starting computation...
    Writing took     1.798764 ms
    Computation took 204.018423 ms
    Reading took     68.306000 us
  Sample 2...
Starting computation...
    Writing took     1.765081 ms
    Computation took 204.030719 ms
    Reading took     67.789000 us
  Sample 3...
Starting computation...
    Writing took     1.792052 ms
    Computation took 204.145038 ms
    Reading took     54.534000 us
  Sample 4...
Starting computation...
    Writing took     1.368154 ms
    Computation took 204.189713 ms
    Reading took     58.581000 us
  Sample 5...
Starting computation...
    Writing took     1.586366 ms
    Computation took 204.275475 ms
    Reading took     99.989000 us
  Sample 6...
Starting computation...
    Writing took     2.631864 ms
    Computation took 204.114010 ms
    Reading took     70.177000 us
  Sample 7...
Starting computation...
    Writing took     1.749390 ms
    Computation took 204.418510 ms
    Reading took     69.355000 us
  Sample 8...
Starting computation...
    Writing took     1.756440 ms
    Computation took 204.222233 ms
    Reading took     58.866000 us
  Sample 9...
Starting computation...
    Writing took     1.370354 ms
    Computation took 204.209374 ms
    Reading took     67.377000 us
  Sample 10...
Starting computation...
    Writing took     1.681158 ms
    Computation took 204.027276 ms
    Reading took     67.413000 us
  Sample 11...
Starting computation...
    Writing took     1.669862 ms
    Computation took 204.147076 ms
    Reading took     68.969000 us
  Sample 12...
Starting computation...
    Writing took     1.672540 ms
    Computation took 204.245805 ms
    Reading took     68.642000 us
  Sample 13...
Starting computation...
    Writing took     1.671543 ms
    Computation took 204.125788 ms
    Reading took     68.026000 us
  Sample 14...
Starting computation...
    Writing took     1.688675 ms
    Computation took 204.089141 ms
    Reading took     95.851000 us
  Sample 15...
Starting computation...
    Writing took     2.099476 ms
    Computation took 204.186374 ms
    Reading took     68.912000 us
  Sample 16...
Starting computation...
    Writing took     1.681601 ms
    Computation took 204.055013 ms
    Reading took     68.145000 us
  Sample 17...
Starting computation...
    Writing took     1.653676 ms
    Computation took 205.260970 ms
    Reading took     66.980000 us
  Sample 18...
Starting computation...
    Writing took     1.717494 ms
    Computation took 204.327740 ms
    Reading took     84.562000 us
  Sample 19...
Starting computation...
    Writing took     2.149070 ms
    Computation took 204.742451 ms
    Reading took     53.520000 us
  Sample 20...
Starting computation...
    Writing took     1.241888 ms
    Computation took 204.080378 ms
    Reading took     58.561000 us
  Sample 21...
Starting computation...
    Writing took     1.356474 ms
    Computation took 204.085518 ms
    Reading took     57.098000 us
  Sample 22...
Starting computation...
    Writing took     1.318874 ms
    Computation took 204.375428 ms
    Reading took     65.259000 us
  Sample 23...
Starting computation...
    Writing took     1.590498 ms
    Computation took 204.341293 ms
    Reading took     55.904000 us
  Sample 24...
Starting computation...
    Writing took     1.477309 ms
    Computation took 204.050912 ms
    Reading took     55.565000 us
  Sample 25...
Starting computation...
    Writing took     1.289689 ms
    Computation took 205.308500 ms
    Reading took     58.219000 us
  Sample 26...
Starting computation...
    Writing took     1.384372 ms
    Computation took 204.281970 ms
    Reading took     52.006000 us
  Sample 27...
Starting computation...
    Writing took     1.266868 ms
    Computation took 204.173734 ms
    Reading took     49.974000 us
  Sample 28...
Starting computation...
    Writing took     1.295130 ms
    Computation took 204.284100 ms
    Reading took     51.416000 us
  Sample 29...
Starting computation...
    Writing took     1.264785 ms
    Computation took 204.345182 ms
    Reading took     52.752000 us
  Sample 30...
Starting computation...
    Writing took     1.290720 ms
    Computation took 204.344973 ms
    Reading took     53.460000 us
  Sample 31...
Starting computation...
    Writing took     1.328332 ms
    Computation took 204.264463 ms
    Reading took     57.365000 us
  Sample 32...
Starting computation...
    Writing took     1.413700 ms
    Computation took 204.058704 ms
    Reading took     52.280000 us
  Sample 33...
Starting computation...
    Writing took     1.437757 ms
    Computation took 204.166694 ms
    Reading took     52.517000 us
  Sample 34...
Starting computation...
    Writing took     1.287676 ms
    Computation took 203.984410 ms
    Reading took     55.766000 us
  Sample 35...
Starting computation...
    Writing took     1.371177 ms
    Computation took 204.295855 ms
    Reading took     52.011000 us
  Sample 36...
Starting computation...
    Writing took     1.395046 ms
    Computation took 204.261922 ms
    Reading took     53.288000 us
  Sample 37...
Starting computation...
    Writing took     1.301306 ms
    Computation took 205.500260 ms
    Reading took     50.282000 us
  Sample 38...
Starting computation...
    Writing took     1.243190 ms
    Computation took 204.290493 ms
    Reading took     51.438000 us
  Sample 39...
Starting computation...
    Writing took     1.261345 ms
    Computation took 204.115126 ms
    Reading took     55.255000 us
  Sample 40...
Starting computation...
    Writing took     1.302358 ms
    Computation took 204.431870 ms
    Reading took     52.862000 us
  Sample 41...
Starting computation...
    Writing took     1.287057 ms
    Computation took 205.453093 ms
    Reading took     80.819000 us
  Sample 42...
Starting computation...
    Writing took     1.919633 ms
    Computation took 205.622763 ms
    Reading took     53.599000 us
  Sample 43...
Starting computation...
    Writing took     1.269833 ms
    Computation took 204.304249 ms
    Reading took     52.552000 us
  Sample 44...
Starting computation...
    Writing took     1.329938 ms
    Computation took 204.092064 ms
    Reading took     55.455000 us
  Sample 45...
Starting computation...
    Writing took     1.516770 ms
    Computation took 203.956511 ms
    Reading took     52.805000 us
  Sample 46...
Starting computation...
    Writing took     1.287323 ms
    Computation took 204.265737 ms
    Reading took     54.435000 us
  Sample 47...
Starting computation...
    Writing took     1.348745 ms
    Computation took 204.970534 ms
    Reading took     82.023000 us
  Sample 48...
Starting computation...
    Writing took     2.208111 ms
    Computation took 204.475983 ms
    Reading took     56.293000 us
  Sample 49...
Starting computation...
    Writing took     1.429145 ms
    Computation took 204.938061 ms
    Reading took     55.827000 us
  Sample 50...
Starting computation...
    Writing took     1.421302 ms
    Computation took 204.134704 ms
    Reading took     56.653000 us
  Sample 51...
Starting computation...
    Writing took     1.446296 ms
    Computation took 205.055083 ms
    Reading took     54.922000 us
  Sample 52...
Starting computation...
    Writing took     1.374730 ms
    Computation took 204.659488 ms
    Reading took     58.820000 us
  Sample 53...
Starting computation...
    Writing took     1.426897 ms
    Computation took 204.114630 ms
    Reading took     69.330000 us
  Sample 54...
Starting computation...
    Writing took     1.672462 ms
    Computation took 204.265147 ms
    Reading took     75.423000 us
  Sample 55...
Starting computation...
    Writing took     1.672540 ms
    Computation took 205.521029 ms
    Reading took     56.374000 us
  Sample 56...
Starting computation...
    Writing took     1.369458 ms
    Computation took 204.010200 ms
    Reading took     55.205000 us
  Sample 57...
Starting computation...
    Writing took     1.310765 ms
    Computation took 204.274445 ms
    Reading took     54.257000 us
  Sample 58...
Starting computation...
    Writing took     1.264318 ms
    Computation took 204.163321 ms
    Reading took     66.152000 us
  Sample 59...
Starting computation...
    Writing took     1.593205 ms
    Computation took 204.096489 ms
    Reading took     61.134000 us
  Sample 60...
Starting computation...
    Writing took     1.478428 ms
    Computation took 204.139951 ms
    Reading took     58.667000 us
  Sample 61...
Starting computation...
    Writing took     1.432290 ms
    Computation took 204.014977 ms
    Reading took     62.988000 us
  Sample 62...
Starting computation...
    Writing took     1.552650 ms
    Computation took 204.373495 ms
    Reading took     60.496000 us
  Sample 63...
Starting computation...
    Writing took     1.940009 ms
    Computation took 204.133679 ms
    Reading took     67.861000 us
  Sample 64...
Starting computation...
    Writing took     1.673322 ms
    Computation took 204.406344 ms
    Reading took     66.289000 us
  Sample 65...
Starting computation...
    Writing took     1.682615 ms
    Computation took 204.080961 ms
    Reading took     67.365000 us
  Sample 66...
Starting computation...
    Writing took     1.677675 ms
    Computation took 204.376912 ms
    Reading took     68.067000 us
  Sample 67...
Starting computation...
    Writing took     1.692438 ms
    Computation took 203.996476 ms
    Reading took     66.142000 us
  Sample 68...
Starting computation...
    Writing took     1.700166 ms
    Computation took 204.052889 ms
    Reading took     67.454000 us
  Sample 69...
Starting computation...
    Writing took     1.692401 ms
    Computation took 204.296299 ms
    Reading took     66.244000 us
  Sample 70...
Starting computation...
    Writing took     1.639945 ms
    Computation took 204.517392 ms
    Reading took     66.919000 us
  Sample 71...
Starting computation...
    Writing took     1.702582 ms
    Computation took 204.036145 ms
    Reading took     67.288000 us
  Sample 72...
Starting computation...
    Writing took     1.675984 ms
    Computation took 204.156267 ms
    Reading took     86.282000 us
  Sample 73...
Starting computation...
    Writing took     2.217031 ms
    Computation took 204.293448 ms
    Reading took     66.840000 us
  Sample 74...
Starting computation...
    Writing took     1.637701 ms
    Computation took 204.394074 ms
    Reading took     67.625000 us
  Sample 75...
Starting computation...
    Writing took     1.643927 ms
    Computation took 204.088213 ms
    Reading took     66.520000 us
  Sample 76...
Starting computation...
    Writing took     1.624148 ms
    Computation took 204.311732 ms
    Reading took     65.982000 us
  Sample 77...
Starting computation...
    Writing took     1.674711 ms
    Computation took 204.041890 ms
    Reading took     64.943000 us
  Sample 78...
Starting computation...
    Writing took     1.611558 ms
    Computation took 203.985009 ms
    Reading took     64.532000 us
  Sample 79...
Starting computation...
    Writing took     1.616022 ms
    Computation took 204.084337 ms
    Reading took     64.498000 us
  Sample 80...
Starting computation...
    Writing took     1.699324 ms
    Computation took 205.479682 ms
    Reading took     67.559000 us
  Sample 81...
Starting computation...
    Writing took     1.674595 ms
    Computation took 204.149956 ms
    Reading took     74.102000 us
  Sample 82...
Starting computation...
    Writing took     1.596920 ms
    Computation took 204.041247 ms
    Reading took     109.569000 us
  Sample 83...
Starting computation...
    Writing took     2.818303 ms
    Computation took 204.081499 ms
    Reading took     55.087000 us
  Sample 84...
Starting computation...
    Writing took     1.367583 ms
    Computation took 204.040939 ms
    Reading took     53.066000 us
  Sample 85...
Starting computation...
    Writing took     1.244160 ms
    Computation took 204.973682 ms
    Reading took     56.010000 us
  Sample 86...
Starting computation...
    Writing took     1.344638 ms
    Computation took 204.108780 ms
    Reading took     57.432000 us
  Sample 87...
Starting computation...
    Writing took     1.300905 ms
    Computation took 203.997070 ms
    Reading took     52.933000 us
  Sample 88...
Starting computation...
    Writing took     1.242241 ms
    Computation took 204.387128 ms
    Reading took     53.401000 us
  Sample 89...
Starting computation...
    Writing took     1.272527 ms
    Computation took 203.981830 ms
    Reading took     59.065000 us
  Sample 90...
Starting computation...
    Writing took     1.412915 ms
    Computation took 204.233585 ms
    Reading took     59.806000 us
  Sample 91...
Starting computation...
    Writing took     1.426708 ms
    Computation took 205.382892 ms
    Reading took     56.602000 us
  Sample 92...
Starting computation...
    Writing took     1.388413 ms
    Computation took 204.395633 ms
    Reading took     67.974000 us
  Sample 93...
Starting computation...
    Writing took     1.686855 ms
    Computation took 204.088990 ms
    Reading took     67.454000 us
  Sample 94...
Starting computation...
    Writing took     1.667517 ms
    Computation took 204.097221 ms
    Reading took     65.957000 us
  Sample 95...
Starting computation...
    Writing took     1.691199 ms
    Computation took 204.057471 ms
    Reading took     67.023000 us
  Sample 96...
Starting computation...
    Writing took     1.659710 ms
    Computation took 204.155485 ms
    Reading took     67.111000 us
  Sample 97...
Starting computation...
    Writing took     1.719436 ms
    Computation took 205.046735 ms
    Reading took     55.713000 us
  Sample 98...
Starting computation...
    Writing took     1.291940 ms
    Computation took 204.074153 ms
    Reading took     55.003000 us
  Sample 99...
Starting computation...
    Writing took     1.423910 ms
    Computation took 204.254409 ms
    Reading took     52.908000 us
Mean computation time: 204.334868 ms
Mean deviation: 277.698000 us (0.135903%)
Mean computation time (per hash): 9.287948 ms
Mean deviation (per hash): 12.622000 us
