Using device #0: CUDA Device 'GeForce GTX 1080 Ti'
  Sample 0...
Starting computation...
    Writing took     4.758598 ms
    Computation took 226.193979 ms
    Reading took     194.959000 us
  Sample 1...
Starting computation...
    Writing took     4.741577 ms
    Computation took 226.240111 ms
    Reading took     188.083000 us
  Sample 2...
Starting computation...
    Writing took     4.731904 ms
    Computation took 226.157308 ms
    Reading took     150.667000 us
  Sample 3...
Starting computation...
    Writing took     3.598683 ms
    Computation took 226.555676 ms
    Reading took     160.318000 us
  Sample 4...
Starting computation...
    Writing took     3.942170 ms
    Computation took 226.887049 ms
    Reading took     198.084000 us
  Sample 5...
Starting computation...
    Writing took     3.909305 ms
    Computation took 226.980156 ms
    Reading took     146.563000 us
  Sample 6...
Starting computation...
    Writing took     3.681393 ms
    Computation took 226.961657 ms
    Reading took     161.240000 us
  Sample 7...
Starting computation...
    Writing took     3.887194 ms
    Computation took 227.046283 ms
    Reading took     148.452000 us
  Sample 8...
Starting computation...
    Writing took     3.599685 ms
    Computation took 226.920795 ms
    Reading took     145.547000 us
  Sample 9...
Starting computation...
    Writing took     3.558732 ms
    Computation took 226.974273 ms
    Reading took     152.790000 us
  Sample 10...
Starting computation...
    Writing took     3.680062 ms
    Computation took 226.963205 ms
    Reading took     158.602000 us
  Sample 11...
Starting computation...
    Writing took     3.859865 ms
    Computation took 227.031939 ms
    Reading took     147.830000 us
  Sample 12...
Starting computation...
    Writing took     3.610081 ms
    Computation took 226.929849 ms
    Reading took     156.085000 us
  Sample 13...
Starting computation...
    Writing took     3.750588 ms
    Computation took 226.946125 ms
    Reading took     151.689000 us
  Sample 14...
Starting computation...
    Writing took     3.567752 ms
    Computation took 226.980070 ms
    Reading took     149.370000 us
  Sample 15...
Starting computation...
    Writing took     3.691522 ms
    Computation took 226.963364 ms
    Reading took     149.900000 us
  Sample 16...
Starting computation...
    Writing took     3.783479 ms
    Computation took 226.928378 ms
    Reading took     146.876000 us
  Sample 17...
Starting computation...
    Writing took     3.561824 ms
    Computation took 226.939710 ms
    Reading took     158.336000 us
  Sample 18...
Starting computation...
    Writing took     4.031007 ms
    Computation took 226.977080 ms
    Reading took     336.114000 us
  Sample 19...
Starting computation...
    Writing took     8.644093 ms
    Computation took 227.052248 ms
    Reading took     276.862000 us
  Sample 20...
Starting computation...
    Writing took     8.508328 ms
    Computation took 226.980184 ms
    Reading took     202.137000 us
  Sample 21...
Starting computation...
    Writing took     5.123998 ms
    Computation took 227.038174 ms
    Reading took     195.835000 us
  Sample 22...
Starting computation...
    Writing took     5.028108 ms
    Computation took 226.931532 ms
    Reading took     179.338000 us
  Sample 23...
Starting computation...
    Writing took     4.079678 ms
    Computation took 226.972804 ms
    Reading took     169.488000 us
  Sample 24...
Starting computation...
    Writing took     4.192933 ms
    Computation took 226.962350 ms
    Reading took     168.160000 us
  Sample 25...
Starting computation...
    Writing took     4.066735 ms
    Computation took 226.937370 ms
    Reading took     169.209000 us
  Sample 26...
Starting computation...
    Writing took     4.192173 ms
    Computation took 226.987104 ms
    Reading took     176.640000 us
  Sample 27...
Starting computation...
    Writing took     4.994147 ms
    Computation took 226.991156 ms
    Reading took     174.743000 us
  Sample 28...
Starting computation...
    Writing took     4.454010 ms
    Computation took 227.019863 ms
    Reading took     181.896000 us
  Sample 29...
Starting computation...
    Writing took     4.448831 ms
    Computation took 227.133581 ms
    Reading took     177.128000 us
  Sample 30...
Starting computation...
    Writing took     4.515758 ms
    Computation took 227.183359 ms
    Reading took     280.857000 us
  Sample 31...
Starting computation...
    Writing took     4.505221 ms
    Computation took 227.259071 ms
    Reading took     155.185000 us
  Sample 32...
Starting computation...
    Writing took     3.613974 ms
    Computation took 227.254277 ms
    Reading took     160.243000 us
  Sample 33...
Starting computation...
    Writing took     3.924492 ms
    Computation took 227.202582 ms
    Reading took     149.555000 us
  Sample 34...
Starting computation...
    Writing took     3.657258 ms
    Computation took 227.276323 ms
    Reading took     316.835000 us
  Sample 35...
Starting computation...
    Writing took     8.624076 ms
    Computation took 227.302078 ms
    Reading took     195.566000 us
  Sample 36...
Starting computation...
    Writing took     5.123387 ms
    Computation took 227.221777 ms
    Reading took     192.773000 us
  Sample 37...
Starting computation...
    Writing took     5.015305 ms
    Computation took 227.206622 ms
    Reading took     159.224000 us
  Sample 38...
Starting computation...
    Writing took     3.895543 ms
    Computation took 227.207027 ms
    Reading took     150.046000 us
  Sample 39...
Starting computation...
    Writing took     3.724855 ms
    Computation took 227.172333 ms
    Reading took     156.659000 us
  Sample 40...
Starting computation...
    Writing took     3.847915 ms
    Computation took 227.341893 ms
    Reading took     153.154000 us
  Sample 41...
Starting computation...
    Writing took     3.687123 ms
    Computation took 227.186154 ms
    Reading took     147.356000 us
  Sample 42...
Starting computation...
    Writing took     3.554656 ms
    Computation took 227.239914 ms
    Reading took     149.356000 us
  Sample 43...
Starting computation...
    Writing took     3.618708 ms
    Computation took 227.253495 ms
    Reading took     277.439000 us
  Sample 44...
Starting computation...
    Writing took     8.057035 ms
    Computation took 227.301524 ms
    Reading took     173.057000 us
  Sample 45...
Starting computation...
    Writing took     4.784500 ms
    Computation took 227.256370 ms
    Reading took     171.727000 us
  Sample 46...
Starting computation...
    Writing took     4.696177 ms
    Computation took 227.273440 ms
    Reading took     174.785000 us
  Sample 47...
Starting computation...
    Writing took     4.686668 ms
    Computation took 227.281828 ms
    Reading took     171.811000 us
  Sample 48...
Starting computation...
    Writing took     4.784372 ms
    Computation took 227.321061 ms
    Reading took     173.803000 us
  Sample 49...
Starting computation...
    Writing took     4.735867 ms
    Computation took 227.262427 ms
    Reading took     177.946000 us
  Sample 50...
Starting computation...
    Writing took     4.691293 ms
    Computation took 227.302285 ms
    Reading took     171.472000 us
  Sample 51...
Starting computation...
    Writing took     4.724705 ms
    Computation took 227.386288 ms
    Reading took     173.307000 us
  Sample 52...
Starting computation...
    Writing took     4.688662 ms
    Computation took 227.207248 ms
    Reading took     173.427000 us
  Sample 53...
Starting computation...
    Writing took     4.853458 ms
    Computation took 227.331310 ms
    Reading took     175.610000 us
  Sample 54...
Starting computation...
    Writing took     4.030223 ms
    Computation took 227.256953 ms
    Reading took     290.250000 us
  Sample 55...
Starting computation...
    Writing took     8.076534 ms
    Computation took 227.264098 ms
    Reading took     184.960000 us
  Sample 56...
Starting computation...
    Writing took     4.712893 ms
    Computation took 227.363982 ms
    Reading took     188.327000 us
  Sample 57...
Starting computation...
    Writing took     4.725215 ms
    Computation took 227.803361 ms
    Reading took     187.268000 us
  Sample 58...
Starting computation...
    Writing took     4.787638 ms
    Computation took 227.771208 ms
    Reading took     186.481000 us
  Sample 59...
Starting computation...
    Writing took     4.740364 ms
    Computation took 227.778532 ms
    Reading took     183.613000 us
  Sample 60...
Starting computation...
    Writing took     4.744291 ms
    Computation took 227.758030 ms
    Reading took     184.233000 us
  Sample 61...
Starting computation...
    Writing took     4.727237 ms
    Computation took 227.719575 ms
    Reading took     185.039000 us
  Sample 62...
Starting computation...
    Writing took     4.762882 ms
    Computation took 227.782482 ms
    Reading took     183.760000 us
  Sample 63...
Starting computation...
    Writing took     4.736393 ms
    Computation took 227.666839 ms
    Reading took     191.462000 us
  Sample 64...
Starting computation...
    Writing took     4.732341 ms
    Computation took 227.706934 ms
    Reading took     169.299000 us
  Sample 65...
Starting computation...
    Writing took     4.759483 ms
    Computation took 227.756935 ms
    Reading took     191.974000 us
  Sample 66...
Starting computation...
    Writing took     4.727568 ms
    Computation took 227.748493 ms
    Reading took     186.915000 us
  Sample 67...
Starting computation...
    Writing took     4.727165 ms
    Computation took 227.742026 ms
    Reading took     183.779000 us
  Sample 68...
Starting computation...
    Writing took     4.730608 ms
    Computation took 227.728367 ms
    Reading took     191.194000 us
  Sample 69...
Starting computation...
    Writing took     4.743596 ms
    Computation took 227.752244 ms
    Reading took     187.150000 us
  Sample 70...
Starting computation...
    Writing took     4.767249 ms
    Computation took 227.685538 ms
    Reading took     183.277000 us
  Sample 71...
Starting computation...
    Writing took     4.778635 ms
    Computation took 227.715616 ms
    Reading took     188.198000 us
  Sample 72...
Starting computation...
    Writing took     4.748777 ms
    Computation took 227.787944 ms
    Reading took     185.708000 us
  Sample 73...
Starting computation...
    Writing took     4.732231 ms
    Computation took 227.668138 ms
    Reading took     197.338000 us
  Sample 74...
Starting computation...
    Writing took     4.543239 ms
    Computation took 227.803063 ms
    Reading took     190.582000 us
  Sample 75...
Starting computation...
    Writing took     4.748311 ms
    Computation took 227.779627 ms
    Reading took     184.638000 us
  Sample 76...
Starting computation...
    Writing took     4.749968 ms
    Computation took 227.807993 ms
    Reading took     184.633000 us
  Sample 77...
Starting computation...
    Writing took     4.758915 ms
    Computation took 227.777899 ms
    Reading took     188.440000 us
  Sample 78...
Starting computation...
    Writing took     4.721729 ms
    Computation took 227.823925 ms
    Reading took     183.573000 us
  Sample 79...
Starting computation...
    Writing took     4.730214 ms
    Computation took 227.767991 ms
    Reading took     182.781000 us
  Sample 80...
Starting computation...
    Writing took     4.759063 ms
    Computation took 227.718909 ms
    Reading took     184.246000 us
  Sample 81...
Starting computation...
    Writing took     4.737128 ms
    Computation took 227.777989 ms
    Reading took     184.704000 us
  Sample 82...
Starting computation...
    Writing took     4.750318 ms
    Computation took 227.799514 ms
    Reading took     198.350000 us
  Sample 83...
Starting computation...
    Writing took     4.735951 ms
    Computation took 227.770178 ms
    Reading took     152.326000 us
  Sample 84...
Starting computation...
    Writing took     3.696490 ms
    Computation took 227.759590 ms
    Reading took     209.354000 us
  Sample 85...
Starting computation...
    Writing took     5.129144 ms
    Computation took 227.725542 ms
    Reading took     165.454000 us
  Sample 86...
Starting computation...
    Writing took     3.946750 ms
    Computation took 227.775926 ms
    Reading took     191.727000 us
  Sample 87...
Starting computation...
    Writing took     4.754648 ms
    Computation took 228.595317 ms
    Reading took     184.190000 us
  Sample 88...
Starting computation...
    Writing took     4.740477 ms
    Computation took 228.517807 ms
    Reading took     186.899000 us
  Sample 89...
Starting computation...
    Writing took     4.717239 ms
    Computation took 228.506314 ms
    Reading took     199.762000 us
  Sample 90...
Starting computation...
    Writing took     4.720558 ms
    Computation took 228.502441 ms
    Reading took     190.446000 us
  Sample 91...
Starting computation...
    Writing took     4.737950 ms
    Computation took 228.536535 ms
    Reading took     183.970000 us
  Sample 92...
Starting computation...
    Writing took     4.819416 ms
    Computation took 228.544242 ms
    Reading took     186.739000 us
  Sample 93...
Starting computation...
    Writing took     4.746293 ms
    Computation took 228.504614 ms
    Reading took     186.711000 us
  Sample 94...
Starting computation...
    Writing took     4.714093 ms
    Computation took 228.519105 ms
    Reading took     183.071000 us
  Sample 95...
Starting computation...
    Writing took     4.677962 ms
    Computation took 228.505387 ms
    Reading took     194.977000 us
  Sample 96...
Starting computation...
    Writing took     4.720455 ms
    Computation took 228.481790 ms
    Reading took     200.302000 us
  Sample 97...
Starting computation...
    Writing took     4.716661 ms
    Computation took 228.458004 ms
    Reading took     205.210000 us
  Sample 98...
Starting computation...
    Writing took     4.690732 ms
    Computation took 228.462948 ms
    Reading took     186.549000 us
  Sample 99...
Starting computation...
    Writing took     4.729441 ms
    Computation took 228.458635 ms
    Reading took     150.084000 us
Mean computation time: 227.459526 ms
Mean deviation: 449.878000 us (0.197784%)
Mean computation time (per hash): 3.610468 ms
Mean deviation (per hash): 7.140000 us
