Using device #0: CUDA Device 'GeForce GTX 1080 Ti'
  Sample 0...
Starting computation...
    Writing took     2.753811 ms
    Computation took 201.295503 ms
    Reading took     93.266000 us
  Sample 1...
Starting computation...
    Writing took     2.299289 ms
    Computation took 201.370327 ms
    Reading took     89.404000 us
  Sample 2...
Starting computation...
    Writing took     2.256244 ms
    Computation took 201.335047 ms
    Reading took     147.630000 us
  Sample 3...
Starting computation...
    Writing took     4.290436 ms
    Computation took 201.352822 ms
    Reading took     95.799000 us
  Sample 4...
Starting computation...
    Writing took     2.547026 ms
    Computation took 201.363636 ms
    Reading took     99.550000 us
  Sample 5...
Starting computation...
    Writing took     2.568736 ms
    Computation took 201.341298 ms
    Reading took     78.691000 us
  Sample 6...
Starting computation...
    Writing took     1.998282 ms
    Computation took 201.398617 ms
    Reading took     76.019000 us
  Sample 7...
Starting computation...
    Writing took     1.927089 ms
    Computation took 201.265824 ms
    Reading took     82.598000 us
  Sample 8...
Starting computation...
    Writing took     1.934649 ms
    Computation took 201.335745 ms
    Reading took     80.524000 us
  Sample 9...
Starting computation...
    Writing took     2.063539 ms
    Computation took 201.337625 ms
    Reading took     78.721000 us
  Sample 10...
Starting computation...
    Writing took     1.960457 ms
    Computation took 201.339184 ms
    Reading took     74.825000 us
  Sample 11...
Starting computation...
    Writing took     1.918277 ms
    Computation took 201.312691 ms
    Reading took     79.957000 us
  Sample 12...
Starting computation...
    Writing took     1.968320 ms
    Computation took 201.326720 ms
    Reading took     158.878000 us
  Sample 13...
Starting computation...
    Writing took     4.257845 ms
    Computation took 201.355859 ms
    Reading took     97.241000 us
  Sample 14...
Starting computation...
    Writing took     2.555382 ms
    Computation took 201.368141 ms
    Reading took     100.079000 us
  Sample 15...
Starting computation...
    Writing took     2.562135 ms
    Computation took 201.380190 ms
    Reading took     97.674000 us
  Sample 16...
Starting computation...
    Writing took     2.546735 ms
    Computation took 201.352766 ms
    Reading took     97.868000 us
  Sample 17...
Starting computation...
    Writing took     2.598722 ms
    Computation took 201.366976 ms
    Reading took     96.322000 us
  Sample 18...
Starting computation...
    Writing took     2.567592 ms
    Computation took 201.365294 ms
    Reading took     80.234000 us
  Sample 19...
Starting computation...
    Writing took     1.966037 ms
    Computation took 201.303074 ms
    Reading took     75.501000 us
  Sample 20...
Starting computation...
    Writing took     1.917022 ms
    Computation took 201.339533 ms
    Reading took     180.180000 us
  Sample 21...
Starting computation...
    Writing took     4.935770 ms
    Computation took 201.368466 ms
    Reading took     86.493000 us
  Sample 22...
Starting computation...
    Writing took     2.254384 ms
    Computation took 201.278518 ms
    Reading took     86.769000 us
  Sample 23...
Starting computation...
    Writing took     2.159470 ms
    Computation took 201.372787 ms
    Reading took     98.986000 us
  Sample 24...
Starting computation...
    Writing took     2.576358 ms
    Computation took 201.368347 ms
    Reading took     97.508000 us
  Sample 25...
Starting computation...
    Writing took     2.572215 ms
    Computation took 200.914650 ms
    Reading took     119.429000 us
  Sample 26...
Starting computation...
    Writing took     3.330230 ms
    Computation took 200.676825 ms
    Reading took     87.019000 us
  Sample 27...
Starting computation...
    Writing took     2.221502 ms
    Computation took 200.653555 ms
    Reading took     84.114000 us
  Sample 28...
Starting computation...
    Writing took     2.170859 ms
    Computation took 200.640391 ms
    Reading took     84.228000 us
  Sample 29...
Starting computation...
    Writing took     2.152081 ms
    Computation took 200.696028 ms
    Reading took     85.621000 us
  Sample 30...
Starting computation...
    Writing took     2.309576 ms
    Computation took 200.649932 ms
    Reading took     89.245000 us
  Sample 31...
Starting computation...
    Writing took     2.351346 ms
    Computation took 200.634695 ms
    Reading took     87.085000 us
  Sample 32...
Starting computation...
    Writing took     2.288392 ms
    Computation took 200.678704 ms
    Reading took     102.821000 us
  Sample 33...
Starting computation...
    Writing took     2.580896 ms
    Computation took 200.749111 ms
    Reading took     111.656000 us
  Sample 34...
Starting computation...
    Writing took     2.562805 ms
    Computation took 200.688423 ms
    Reading took     103.093000 us
  Sample 35...
Starting computation...
    Writing took     2.596646 ms
    Computation took 200.715848 ms
    Reading took     103.015000 us
  Sample 36...
Starting computation...
    Writing took     2.696002 ms
    Computation took 200.766389 ms
    Reading took     103.550000 us
  Sample 37...
Starting computation...
    Writing took     2.659593 ms
    Computation took 200.658794 ms
    Reading took     104.310000 us
  Sample 38...
Starting computation...
    Writing took     2.649005 ms
    Computation took 200.727553 ms
    Reading took     103.509000 us
  Sample 39...
Starting computation...
    Writing took     2.552240 ms
    Computation took 200.662739 ms
    Reading took     109.473000 us
  Sample 40...
Starting computation...
    Writing took     2.556585 ms
    Computation took 200.720811 ms
    Reading took     127.352000 us
  Sample 41...
Starting computation...
    Writing took     2.538531 ms
    Computation took 200.709030 ms
    Reading took     103.858000 us
  Sample 42...
Starting computation...
    Writing took     2.580968 ms
    Computation took 200.688797 ms
    Reading took     102.614000 us
  Sample 43...
Starting computation...
    Writing took     2.614147 ms
    Computation took 200.674110 ms
    Reading took     103.899000 us
  Sample 44...
Starting computation...
    Writing took     2.592578 ms
    Computation took 200.708738 ms
    Reading took     101.081000 us
  Sample 45...
Starting computation...
    Writing took     2.580241 ms
    Computation took 200.702265 ms
    Reading took     101.641000 us
  Sample 46...
Starting computation...
    Writing took     2.546549 ms
    Computation took 200.724431 ms
    Reading took     104.169000 us
  Sample 47...
Starting computation...
    Writing took     2.406439 ms
    Computation took 200.684686 ms
    Reading took     84.639000 us
  Sample 48...
Starting computation...
    Writing took     1.969855 ms
    Computation took 200.675874 ms
    Reading took     83.621000 us
  Sample 49...
Starting computation...
    Writing took     1.991648 ms
    Computation took 200.721735 ms
    Reading took     86.657000 us
  Sample 50...
Starting computation...
    Writing took     2.049298 ms
    Computation took 200.721540 ms
    Reading took     92.500000 us
  Sample 51...
Starting computation...
    Writing took     2.141049 ms
    Computation took 200.712528 ms
    Reading took     87.727000 us
  Sample 52...
Starting computation...
    Writing took     2.234091 ms
    Computation took 200.652017 ms
    Reading took     87.348000 us
  Sample 53...
Starting computation...
    Writing took     2.018898 ms
    Computation took 200.674900 ms
    Reading took     82.104000 us
  Sample 54...
Starting computation...
    Writing took     1.917318 ms
    Computation took 200.701433 ms
    Reading took     81.290000 us
  Sample 55...
Starting computation...
    Writing took     1.977303 ms
    Computation took 200.707007 ms
    Reading took     99.845000 us
  Sample 56...
Starting computation...
    Writing took     2.025204 ms
    Computation took 200.711364 ms
    Reading took     85.233000 us
  Sample 57...
Starting computation...
    Writing took     1.948557 ms
    Computation took 200.758948 ms
    Reading took     120.251000 us
  Sample 58...
Starting computation...
    Writing took     2.892629 ms
    Computation took 200.799256 ms
    Reading took     89.575000 us
  Sample 59...
Starting computation...
    Writing took     1.930603 ms
    Computation took 200.653419 ms
    Reading took     91.170000 us
  Sample 60...
Starting computation...
    Writing took     2.127973 ms
    Computation took 200.666277 ms
    Reading took     90.693000 us
  Sample 61...
Starting computation...
    Writing took     2.124483 ms
    Computation took 200.701674 ms
    Reading took     86.847000 us
  Sample 62...
Starting computation...
    Writing took     1.977679 ms
    Computation took 200.705294 ms
    Reading took     87.021000 us
  Sample 63...
Starting computation...
    Writing took     2.127475 ms
    Computation took 200.680715 ms
    Reading took     86.556000 us
  Sample 64...
Starting computation...
    Writing took     2.009476 ms
    Computation took 200.700526 ms
    Reading took     88.098000 us
  Sample 65...
Starting computation...
    Writing took     1.987977 ms
    Computation took 200.692499 ms
    Reading took     88.345000 us
  Sample 66...
Starting computation...
    Writing took     2.196136 ms
    Computation took 200.709006 ms
    Reading took     83.704000 us
  Sample 67...
Starting computation...
    Writing took     2.112469 ms
    Computation took 200.676078 ms
    Reading took     83.277000 us
  Sample 68...
Starting computation...
    Writing took     1.993122 ms
    Computation took 200.620018 ms
    Reading took     91.759000 us
  Sample 69...
Starting computation...
    Writing took     2.178765 ms
    Computation took 200.676984 ms
    Reading took     105.877000 us
  Sample 70...
Starting computation...
    Writing took     2.184134 ms
    Computation took 200.701344 ms
    Reading took     90.821000 us
  Sample 71...
Starting computation...
    Writing took     2.173799 ms
    Computation took 200.673347 ms
    Reading took     84.172000 us
  Sample 72...
Starting computation...
    Writing took     1.988212 ms
    Computation took 201.914534 ms
    Reading took     104.183000 us
  Sample 73...
Starting computation...
    Writing took     2.566846 ms
    Computation took 202.278483 ms
    Reading took     103.358000 us
  Sample 74...
Starting computation...
    Writing took     2.604406 ms
    Computation took 202.278679 ms
    Reading took     111.054000 us
  Sample 75...
Starting computation...
    Writing took     2.580854 ms
    Computation took 202.231285 ms
    Reading took     99.338000 us
  Sample 76...
Starting computation...
    Writing took     2.104315 ms
    Computation took 202.233918 ms
    Reading took     97.188000 us
  Sample 77...
Starting computation...
    Writing took     2.537157 ms
    Computation took 202.220782 ms
    Reading took     87.794000 us
  Sample 78...
Starting computation...
    Writing took     1.980889 ms
    Computation took 202.265435 ms
    Reading took     86.716000 us
  Sample 79...
Starting computation...
    Writing took     1.947496 ms
    Computation took 202.209633 ms
    Reading took     87.422000 us
  Sample 80...
Starting computation...
    Writing took     1.924482 ms
    Computation took 202.223737 ms
    Reading took     85.773000 us
  Sample 81...
Starting computation...
    Writing took     1.992686 ms
    Computation took 202.256679 ms
    Reading took     84.916000 us
  Sample 82...
Starting computation...
    Writing took     2.031813 ms
    Computation took 202.215056 ms
    Reading took     85.983000 us
  Sample 83...
Starting computation...
    Writing took     1.943843 ms
    Computation took 202.241758 ms
    Reading took     90.810000 us
  Sample 84...
Starting computation...
    Writing took     2.176044 ms
    Computation took 202.246306 ms
    Reading took     85.409000 us
  Sample 85...
Starting computation...
    Writing took     1.940856 ms
    Computation took 202.225710 ms
    Reading took     90.103000 us
  Sample 86...
Starting computation...
    Writing took     2.144264 ms
    Computation took 202.205480 ms
    Reading took     87.663000 us
  Sample 87...
Starting computation...
    Writing took     2.101612 ms
    Computation took 202.241183 ms
    Reading took     83.657000 us
  Sample 88...
Starting computation...
    Writing took     1.927478 ms
    Computation took 202.205804 ms
    Reading took     82.968000 us
  Sample 89...
Starting computation...
    Writing took     1.928682 ms
    Computation took 202.201288 ms
    Reading took     85.686000 us
  Sample 90...
Starting computation...
    Writing took     2.049236 ms
    Computation took 202.256428 ms
    Reading took     85.996000 us
  Sample 91...
Starting computation...
    Writing took     2.096206 ms
    Computation took 202.252680 ms
    Reading took     162.440000 us
  Sample 92...
Starting computation...
    Writing took     4.180811 ms
    Computation took 202.284963 ms
    Reading took     90.844000 us
  Sample 93...
Starting computation...
    Writing took     2.113277 ms
    Computation took 202.235340 ms
    Reading took     85.927000 us
  Sample 94...
Starting computation...
    Writing took     1.971580 ms
    Computation took 202.192243 ms
    Reading took     86.144000 us
  Sample 95...
Starting computation...
    Writing took     2.008460 ms
    Computation took 202.239891 ms
    Reading took     93.104000 us
  Sample 96...
Starting computation...
    Writing took     2.183743 ms
    Computation took 202.236394 ms
    Reading took     82.158000 us
  Sample 97...
Starting computation...
    Writing took     1.978896 ms
    Computation took 202.269827 ms
    Reading took     88.105000 us
  Sample 98...
Starting computation...
    Writing took     2.098367 ms
    Computation took 202.246434 ms
    Reading took     83.396000 us
  Sample 99...
Starting computation...
    Writing took     2.006099 ms
    Computation took 202.251510 ms
    Reading took     92.223000 us
Mean computation time: 201.287767 ms
Mean deviation: 554.719000 us (0.275585%)
Mean computation time (per hash): 5.920227 ms
Mean deviation (per hash): 16.315000 us
