Using device #0: CUDA Device 'GeForce GTX 1080 Ti'
  Sample 0...
Starting computation...
    Writing took     3.833238 ms
    Computation took 213.021633 ms
    Reading took     146.997000 us
  Sample 1...
Starting computation...
    Writing took     3.891233 ms
    Computation took 212.911189 ms
    Reading took     144.872000 us
  Sample 2...
Starting computation...
    Writing took     3.880208 ms
    Computation took 212.912961 ms
    Reading took     147.133000 us
  Sample 3...
Starting computation...
    Writing took     4.626273 ms
    Computation took 212.949842 ms
    Reading took     144.100000 us
  Sample 4...
Starting computation...
    Writing took     3.885331 ms
    Computation took 212.836460 ms
    Reading took     226.444000 us
  Sample 5...
Starting computation...
    Writing took     5.540568 ms
    Computation took 212.815437 ms
    Reading took     219.778000 us
  Sample 6...
Starting computation...
    Writing took     6.606174 ms
    Computation took 212.832167 ms
    Reading took     143.214000 us
  Sample 7...
Starting computation...
    Writing took     3.901430 ms
    Computation took 212.830678 ms
    Reading took     142.115000 us
  Sample 8...
Starting computation...
    Writing took     3.884543 ms
    Computation took 212.818973 ms
    Reading took     143.820000 us
  Sample 9...
Starting computation...
    Writing took     3.853023 ms
    Computation took 212.825815 ms
    Reading took     150.855000 us
  Sample 10...
Starting computation...
    Writing took     3.884687 ms
    Computation took 212.832515 ms
    Reading took     146.080000 us
  Sample 11...
Starting computation...
    Writing took     3.905875 ms
    Computation took 212.865256 ms
    Reading took     117.357000 us
  Sample 12...
Starting computation...
    Writing took     3.116370 ms
    Computation took 212.787353 ms
    Reading took     113.878000 us
  Sample 13...
Starting computation...
    Writing took     3.053548 ms
    Computation took 212.783481 ms
    Reading took     125.027000 us
  Sample 14...
Starting computation...
    Writing took     3.326193 ms
    Computation took 212.832982 ms
    Reading took     134.823000 us
  Sample 15...
Starting computation...
    Writing took     3.557302 ms
    Computation took 212.775559 ms
    Reading took     125.962000 us
  Sample 16...
Starting computation...
    Writing took     3.446196 ms
    Computation took 212.842825 ms
    Reading took     121.724000 us
  Sample 17...
Starting computation...
    Writing took     3.190515 ms
    Computation took 212.799154 ms
    Reading took     141.865000 us
  Sample 18...
Starting computation...
    Writing took     3.220633 ms
    Computation took 212.819781 ms
    Reading took     130.962000 us
  Sample 19...
Starting computation...
    Writing took     2.989233 ms
    Computation took 212.821785 ms
    Reading took     133.801000 us
  Sample 20...
Starting computation...
    Writing took     3.215766 ms
    Computation took 212.750007 ms
    Reading took     121.616000 us
  Sample 21...
Starting computation...
    Writing took     2.998789 ms
    Computation took 212.808740 ms
    Reading took     121.000000 us
  Sample 22...
Starting computation...
    Writing took     2.957106 ms
    Computation took 212.917340 ms
    Reading took     137.989000 us
  Sample 23...
Starting computation...
    Writing took     3.345686 ms
    Computation took 212.839761 ms
    Reading took     124.360000 us
  Sample 24...
Starting computation...
    Writing took     3.194051 ms
    Computation took 212.846400 ms
    Reading took     187.280000 us
  Sample 25...
Starting computation...
    Writing took     5.075808 ms
    Computation took 212.840396 ms
    Reading took     128.588000 us
  Sample 26...
Starting computation...
    Writing took     3.382264 ms
    Computation took 212.765760 ms
    Reading took     123.348000 us
  Sample 27...
Starting computation...
    Writing took     3.313774 ms
    Computation took 212.816561 ms
    Reading took     126.816000 us
  Sample 28...
Starting computation...
    Writing took     3.407265 ms
    Computation took 212.800501 ms
    Reading took     125.791000 us
  Sample 29...
Starting computation...
    Writing took     3.291294 ms
    Computation took 212.851482 ms
    Reading took     166.474000 us
  Sample 30...
Starting computation...
    Writing took     4.225371 ms
    Computation took 212.827019 ms
    Reading took     152.413000 us
  Sample 31...
Starting computation...
    Writing took     4.236021 ms
    Computation took 212.780574 ms
    Reading took     153.091000 us
  Sample 32...
Starting computation...
    Writing took     3.631367 ms
    Computation took 212.853153 ms
    Reading took     226.140000 us
  Sample 33...
Starting computation...
    Writing took     4.080842 ms
    Computation took 212.925415 ms
    Reading took     235.894000 us
  Sample 34...
Starting computation...
    Writing took     6.886430 ms
    Computation took 212.899062 ms
    Reading took     155.729000 us
  Sample 35...
Starting computation...
    Writing took     4.243240 ms
    Computation took 212.908863 ms
    Reading took     145.648000 us
  Sample 36...
Starting computation...
    Writing took     3.885313 ms
    Computation took 212.846241 ms
    Reading took     143.676000 us
  Sample 37...
Starting computation...
    Writing took     3.954051 ms
    Computation took 212.785387 ms
    Reading took     145.837000 us
  Sample 38...
Starting computation...
    Writing took     3.859807 ms
    Computation took 212.816066 ms
    Reading took     143.242000 us
  Sample 39...
Starting computation...
    Writing took     3.902865 ms
    Computation took 212.799114 ms
    Reading took     143.288000 us
  Sample 40...
Starting computation...
    Writing took     3.916923 ms
    Computation took 212.810586 ms
    Reading took     144.397000 us
  Sample 41...
Starting computation...
    Writing took     3.959284 ms
    Computation took 212.816970 ms
    Reading took     234.878000 us
  Sample 42...
Starting computation...
    Writing took     6.506975 ms
    Computation took 212.917584 ms
    Reading took     150.004000 us
  Sample 43...
Starting computation...
    Writing took     3.921763 ms
    Computation took 212.837379 ms
    Reading took     212.113000 us
  Sample 44...
Starting computation...
    Writing took     3.862735 ms
    Computation took 212.887014 ms
    Reading took     143.750000 us
  Sample 45...
Starting computation...
    Writing took     3.946559 ms
    Computation took 212.816226 ms
    Reading took     142.150000 us
  Sample 46...
Starting computation...
    Writing took     3.890476 ms
    Computation took 212.880495 ms
    Reading took     142.666000 us
  Sample 47...
Starting computation...
    Writing took     3.875035 ms
    Computation took 212.857886 ms
    Reading took     145.048000 us
  Sample 48...
Starting computation...
    Writing took     3.860012 ms
    Computation took 212.971916 ms
    Reading took     147.079000 us
  Sample 49...
Starting computation...
    Writing took     3.906147 ms
    Computation took 212.943354 ms
    Reading took     145.265000 us
  Sample 50...
Starting computation...
    Writing took     3.894449 ms
    Computation took 212.992709 ms
    Reading took     220.496000 us
  Sample 51...
Starting computation...
    Writing took     4.848563 ms
    Computation took 213.067170 ms
    Reading took     116.663000 us
  Sample 52...
Starting computation...
    Writing took     3.055763 ms
    Computation took 212.853048 ms
    Reading took     116.311000 us
  Sample 53...
Starting computation...
    Writing took     2.993424 ms
    Computation took 212.883702 ms
    Reading took     122.473000 us
  Sample 54...
Starting computation...
    Writing took     3.270492 ms
    Computation took 212.956166 ms
    Reading took     116.376000 us
  Sample 55...
Starting computation...
    Writing took     3.012083 ms
    Computation took 212.959465 ms
    Reading took     219.044000 us
  Sample 56...
Starting computation...
    Writing took     6.432013 ms
    Computation took 213.008595 ms
    Reading took     235.317000 us
  Sample 57...
Starting computation...
    Writing took     6.617089 ms
    Computation took 213.004671 ms
    Reading took     229.543000 us
  Sample 58...
Starting computation...
    Writing took     6.600970 ms
    Computation took 212.942541 ms
    Reading took     235.392000 us
  Sample 59...
Starting computation...
    Writing took     6.637535 ms
    Computation took 212.960598 ms
    Reading took     136.700000 us
  Sample 60...
Starting computation...
    Writing took     3.366553 ms
    Computation took 215.579315 ms
    Reading took     143.881000 us
  Sample 61...
Starting computation...
    Writing took     7.580534 ms
    Computation took 213.016111 ms
    Reading took     136.890000 us
  Sample 62...
Starting computation...
    Writing took     3.334575 ms
    Computation took 212.963128 ms
    Reading took     132.080000 us
  Sample 63...
Starting computation...
    Writing took     3.248355 ms
    Computation took 212.919904 ms
    Reading took     146.803000 us
  Sample 64...
Starting computation...
    Writing took     3.587552 ms
    Computation took 212.874982 ms
    Reading took     138.343000 us
  Sample 65...
Starting computation...
    Writing took     3.418285 ms
    Computation took 212.942374 ms
    Reading took     133.469000 us
  Sample 66...
Starting computation...
    Writing took     3.305427 ms
    Computation took 212.918251 ms
    Reading took     166.865000 us
  Sample 67...
Starting computation...
    Writing took     3.627534 ms
    Computation took 212.866036 ms
    Reading took     155.493000 us
  Sample 68...
Starting computation...
    Writing took     3.167096 ms
    Computation took 212.883397 ms
    Reading took     208.680000 us
  Sample 69...
Starting computation...
    Writing took     5.226760 ms
    Computation took 214.554419 ms
    Reading took     280.840000 us
  Sample 70...
Starting computation...
    Writing took     11.841237 ms
    Computation took 213.065873 ms
    Reading took     153.222000 us
  Sample 71...
Starting computation...
    Writing took     3.938954 ms
    Computation took 212.939637 ms
    Reading took     150.353000 us
  Sample 72...
Starting computation...
    Writing took     3.766604 ms
    Computation took 212.935605 ms
    Reading took     152.206000 us
  Sample 73...
Starting computation...
    Writing took     3.840541 ms
    Computation took 212.947068 ms
    Reading took     246.123000 us
  Sample 74...
Starting computation...
    Writing took     6.650745 ms
    Computation took 212.897243 ms
    Reading took     156.657000 us
  Sample 75...
Starting computation...
    Writing took     3.902063 ms
    Computation took 212.930535 ms
    Reading took     155.044000 us
  Sample 76...
Starting computation...
    Writing took     3.965173 ms
    Computation took 212.933312 ms
    Reading took     154.572000 us
  Sample 77...
Starting computation...
    Writing took     3.947407 ms
    Computation took 212.896081 ms
    Reading took     154.948000 us
  Sample 78...
Starting computation...
    Writing took     3.898345 ms
    Computation took 213.030015 ms
    Reading took     157.654000 us
  Sample 79...
Starting computation...
    Writing took     3.924138 ms
    Computation took 212.964139 ms
    Reading took     128.833000 us
  Sample 80...
Starting computation...
    Writing took     3.101272 ms
    Computation took 212.891463 ms
    Reading took     129.597000 us
  Sample 81...
Starting computation...
    Writing took     3.186543 ms
    Computation took 212.842113 ms
    Reading took     134.646000 us
  Sample 82...
Starting computation...
    Writing took     3.301633 ms
    Computation took 212.967259 ms
    Reading took     140.281000 us
  Sample 83...
Starting computation...
    Writing took     3.497243 ms
    Computation took 212.884554 ms
    Reading took     237.860000 us
  Sample 84...
Starting computation...
    Writing took     6.511715 ms
    Computation took 212.995733 ms
    Reading took     248.885000 us
  Sample 85...
Starting computation...
    Writing took     6.673014 ms
    Computation took 212.978609 ms
    Reading took     155.725000 us
  Sample 86...
Starting computation...
    Writing took     3.934235 ms
    Computation took 212.933691 ms
    Reading took     154.243000 us
  Sample 87...
Starting computation...
    Writing took     3.895679 ms
    Computation took 212.883740 ms
    Reading took     156.970000 us
  Sample 88...
Starting computation...
    Writing took     3.937414 ms
    Computation took 212.980061 ms
    Reading took     154.119000 us
  Sample 89...
Starting computation...
    Writing took     3.937497 ms
    Computation took 213.031561 ms
    Reading took     154.284000 us
  Sample 90...
Starting computation...
    Writing took     3.924575 ms
    Computation took 212.880504 ms
    Reading took     195.370000 us
  Sample 91...
Starting computation...
    Writing took     3.874844 ms
    Computation took 212.938480 ms
    Reading took     157.295000 us
  Sample 92...
Starting computation...
    Writing took     3.925600 ms
    Computation took 212.955522 ms
    Reading took     237.847000 us
  Sample 93...
Starting computation...
    Writing took     6.723996 ms
    Computation took 213.034238 ms
    Reading took     159.938000 us
  Sample 94...
Starting computation...
    Writing took     3.917069 ms
    Computation took 212.994387 ms
    Reading took     155.785000 us
  Sample 95...
Starting computation...
    Writing took     3.874522 ms
    Computation took 212.887624 ms
    Reading took     155.050000 us
  Sample 96...
Starting computation...
    Writing took     3.880278 ms
    Computation took 212.960540 ms
    Reading took     154.049000 us
  Sample 97...
Starting computation...
    Writing took     3.921373 ms
    Computation took 212.952794 ms
    Reading took     153.198000 us
  Sample 98...
Starting computation...
    Writing took     3.939467 ms
    Computation took 213.008744 ms
    Reading took     155.724000 us
  Sample 99...
Starting computation...
    Writing took     4.685256 ms
    Computation took 212.982351 ms
    Reading took     158.899000 us
Mean computation time: 212.940031 ms
Mean deviation: 113.237000 us (0.0531779%)
Mean computation time (per hash): 4.095000 ms
Mean deviation (per hash): 2.177000 us
