Using device #0: CUDA Device 'GeForce GTX 1080 Ti'
  Sample 0...
Starting computation...
    Writing took     6.598608 ms
    Computation took 291.693962 ms
    Reading took     210.180000 us
  Sample 1...
Starting computation...
    Writing took     5.558668 ms
    Computation took 291.584533 ms
    Reading took     209.674000 us
  Sample 2...
Starting computation...
    Writing took     5.778631 ms
    Computation took 291.538758 ms
    Reading took     238.659000 us
  Sample 3...
Starting computation...
    Writing took     6.614199 ms
    Computation took 291.698439 ms
    Reading took     240.898000 us
  Sample 4...
Starting computation...
    Writing took     6.576713 ms
    Computation took 291.616183 ms
    Reading took     258.978000 us
  Sample 5...
Starting computation...
    Writing took     7.034122 ms
    Computation took 291.498028 ms
    Reading took     259.420000 us
  Sample 6...
Starting computation...
    Writing took     11.185393 ms
    Computation took 291.560596 ms
    Reading took     237.129000 us
  Sample 7...
Starting computation...
    Writing took     7.167516 ms
    Computation took 295.350704 ms
    Reading took     307.202000 us
  Sample 8...
Starting computation...
    Writing took     9.952190 ms
    Computation took 291.620112 ms
    Reading took     256.641000 us
  Sample 9...
Starting computation...
    Writing took     6.675781 ms
    Computation took 291.705168 ms
    Reading took     254.313000 us
  Sample 10...
Starting computation...
    Writing took     6.699147 ms
    Computation took 291.679336 ms
    Reading took     255.363000 us
  Sample 11...
Starting computation...
    Writing took     6.748920 ms
    Computation took 291.699853 ms
    Reading took     253.689000 us
  Sample 12...
Starting computation...
    Writing took     6.770139 ms
    Computation took 291.952145 ms
    Reading took     261.820000 us
  Sample 13...
Starting computation...
    Writing took     6.620683 ms
    Computation took 292.017426 ms
    Reading took     271.164000 us
  Sample 14...
Starting computation...
    Writing took     6.562347 ms
    Computation took 291.976129 ms
    Reading took     273.173000 us
  Sample 15...
Starting computation...
    Writing took     7.240667 ms
    Computation took 291.933968 ms
    Reading took     411.843000 us
  Sample 16...
Starting computation...
    Writing took     11.488189 ms
    Computation took 291.781250 ms
    Reading took     257.310000 us
  Sample 17...
Starting computation...
    Writing took     6.676081 ms
    Computation took 291.692141 ms
    Reading took     255.808000 us
  Sample 18...
Starting computation...
    Writing took     6.648093 ms
    Computation took 291.897103 ms
    Reading took     260.070000 us
  Sample 19...
Starting computation...
    Writing took     6.644022 ms
    Computation took 291.847980 ms
    Reading took     252.661000 us
  Sample 20...
Starting computation...
    Writing took     6.654602 ms
    Computation took 291.740038 ms
    Reading took     270.200000 us
  Sample 21...
Starting computation...
    Writing took     6.652716 ms
    Computation took 291.960651 ms
    Reading took     256.450000 us
  Sample 22...
Starting computation...
    Writing took     6.637085 ms
    Computation took 292.145586 ms
    Reading took     273.963000 us
  Sample 23...
Starting computation...
    Writing took     6.675858 ms
    Computation took 292.095574 ms
    Reading took     275.588000 us
  Sample 24...
Starting computation...
    Writing took     6.675225 ms
    Computation took 291.996576 ms
    Reading took     254.638000 us
  Sample 25...
Starting computation...
    Writing took     6.614250 ms
    Computation took 291.835866 ms
    Reading took     265.144000 us
  Sample 26...
Starting computation...
    Writing took     6.628499 ms
    Computation took 291.839951 ms
    Reading took     254.956000 us
  Sample 27...
Starting computation...
    Writing took     6.663579 ms
    Computation took 291.942793 ms
    Reading took     255.464000 us
  Sample 28...
Starting computation...
    Writing took     6.655924 ms
    Computation took 291.845949 ms
    Reading took     259.815000 us
  Sample 29...
Starting computation...
    Writing took     6.612269 ms
    Computation took 291.973017 ms
    Reading took     258.623000 us
  Sample 30...
Starting computation...
    Writing took     7.867414 ms
    Computation took 291.891480 ms
    Reading took     256.965000 us
  Sample 31...
Starting computation...
    Writing took     6.639449 ms
    Computation took 291.803297 ms
    Reading took     255.010000 us
  Sample 32...
Starting computation...
    Writing took     6.654135 ms
    Computation took 292.036136 ms
    Reading took     252.216000 us
  Sample 33...
Starting computation...
    Writing took     6.607496 ms
    Computation took 291.934218 ms
    Reading took     276.230000 us
  Sample 34...
Starting computation...
    Writing took     6.639610 ms
    Computation took 291.914975 ms
    Reading took     248.890000 us
  Sample 35...
Starting computation...
    Writing took     6.498827 ms
    Computation took 292.039226 ms
    Reading took     246.367000 us
  Sample 36...
Starting computation...
    Writing took     6.530461 ms
    Computation took 292.270401 ms
    Reading took     270.985000 us
  Sample 37...
Starting computation...
    Writing took     6.741381 ms
    Computation took 292.316344 ms
    Reading took     317.309000 us
  Sample 38...
Starting computation...
    Writing took     7.693828 ms
    Computation took 292.269781 ms
    Reading took     254.939000 us
  Sample 39...
Starting computation...
    Writing took     6.615366 ms
    Computation took 292.023955 ms
    Reading took     255.190000 us
  Sample 40...
Starting computation...
    Writing took     6.646355 ms
    Computation took 292.259375 ms
    Reading took     255.609000 us
  Sample 41...
Starting computation...
    Writing took     6.687393 ms
    Computation took 292.200417 ms
    Reading took     252.316000 us
  Sample 42...
Starting computation...
    Writing took     6.504683 ms
    Computation took 292.282909 ms
    Reading took     254.472000 us
  Sample 43...
Starting computation...
    Writing took     6.628391 ms
    Computation took 292.376318 ms
    Reading took     263.594000 us
  Sample 44...
Starting computation...
    Writing took     6.616617 ms
    Computation took 292.263395 ms
    Reading took     302.788000 us
  Sample 45...
Starting computation...
    Writing took     6.953260 ms
    Computation took 292.420022 ms
    Reading took     255.084000 us
  Sample 46...
Starting computation...
    Writing took     6.685837 ms
    Computation took 292.519242 ms
    Reading took     251.905000 us
  Sample 47...
Starting computation...
    Writing took     6.680817 ms
    Computation took 292.113880 ms
    Reading took     256.965000 us
  Sample 48...
Starting computation...
    Writing took     6.643259 ms
    Computation took 292.354678 ms
    Reading took     254.678000 us
  Sample 49...
Starting computation...
    Writing took     7.780323 ms
    Computation took 292.297994 ms
    Reading took     254.189000 us
  Sample 50...
Starting computation...
    Writing took     6.629693 ms
    Computation took 292.444224 ms
    Reading took     298.316000 us
  Sample 51...
Starting computation...
    Writing took     6.722492 ms
    Computation took 292.365454 ms
    Reading took     267.793000 us
  Sample 52...
Starting computation...
    Writing took     6.617152 ms
    Computation took 292.277055 ms
    Reading took     256.256000 us
  Sample 53...
Starting computation...
    Writing took     6.638256 ms
    Computation took 292.369131 ms
    Reading took     256.516000 us
  Sample 54...
Starting computation...
    Writing took     6.659959 ms
    Computation took 292.369723 ms
    Reading took     240.160000 us
  Sample 55...
Starting computation...
    Writing took     6.203570 ms
    Computation took 292.530101 ms
    Reading took     243.720000 us
  Sample 56...
Starting computation...
    Writing took     6.221739 ms
    Computation took 292.319322 ms
    Reading took     255.109000 us
  Sample 57...
Starting computation...
    Writing took     6.625914 ms
    Computation took 292.373342 ms
    Reading took     230.886000 us
  Sample 58...
Starting computation...
    Writing took     6.032561 ms
    Computation took 292.396345 ms
    Reading took     253.722000 us
  Sample 59...
Starting computation...
    Writing took     6.641842 ms
    Computation took 292.855455 ms
    Reading took     254.788000 us
  Sample 60...
Starting computation...
    Writing took     6.618845 ms
    Computation took 292.894660 ms
    Reading took     360.240000 us
  Sample 61...
Starting computation...
    Writing took     7.763975 ms
    Computation took 292.598625 ms
    Reading took     256.586000 us
  Sample 62...
Starting computation...
    Writing took     6.661253 ms
    Computation took 292.499607 ms
    Reading took     277.294000 us
  Sample 63...
Starting computation...
    Writing took     7.245893 ms
    Computation took 292.649619 ms
    Reading took     254.420000 us
  Sample 64...
Starting computation...
    Writing took     6.636885 ms
    Computation took 292.737679 ms
    Reading took     266.253000 us
  Sample 65...
Starting computation...
    Writing took     6.449030 ms
    Computation took 292.610359 ms
    Reading took     229.589000 us
  Sample 66...
Starting computation...
    Writing took     5.954325 ms
    Computation took 292.661217 ms
    Reading took     238.327000 us
  Sample 67...
Starting computation...
    Writing took     6.242918 ms
    Computation took 292.650699 ms
    Reading took     239.319000 us
  Sample 68...
Starting computation...
    Writing took     6.267942 ms
    Computation took 292.761101 ms
    Reading took     246.171000 us
  Sample 69...
Starting computation...
    Writing took     6.412400 ms
    Computation took 292.929516 ms
    Reading took     259.268000 us
  Sample 70...
Starting computation...
    Writing took     7.141157 ms
    Computation took 292.511338 ms
    Reading took     254.416000 us
  Sample 71...
Starting computation...
    Writing took     6.625923 ms
    Computation took 292.407362 ms
    Reading took     274.247000 us
  Sample 72...
Starting computation...
    Writing took     6.604017 ms
    Computation took 292.699157 ms
    Reading took     328.029000 us
  Sample 73...
Starting computation...
    Writing took     8.867988 ms
    Computation took 292.693770 ms
    Reading took     272.585000 us
  Sample 74...
Starting computation...
    Writing took     7.356165 ms
    Computation took 292.810750 ms
    Reading took     240.217000 us
  Sample 75...
Starting computation...
    Writing took     6.967604 ms
    Computation took 292.624533 ms
    Reading took     254.900000 us
  Sample 76...
Starting computation...
    Writing took     7.886899 ms
    Computation took 292.559775 ms
    Reading took     252.504000 us
  Sample 77...
Starting computation...
    Writing took     6.722518 ms
    Computation took 292.786618 ms
    Reading took     276.459000 us
  Sample 78...
Starting computation...
    Writing took     7.055881 ms
    Computation took 292.783592 ms
    Reading took     254.122000 us
  Sample 79...
Starting computation...
    Writing took     7.473138 ms
    Computation took 292.917987 ms
    Reading took     252.726000 us
  Sample 80...
Starting computation...
    Writing took     8.115159 ms
    Computation took 292.780422 ms
    Reading took     261.691000 us
  Sample 81...
Starting computation...
    Writing took     7.053934 ms
    Computation took 292.725105 ms
    Reading took     272.910000 us
  Sample 82...
Starting computation...
    Writing took     7.044358 ms
    Computation took 292.782541 ms
    Reading took     445.756000 us
  Sample 83...
Starting computation...
    Writing took     12.625578 ms
    Computation took 292.913476 ms
    Reading took     255.638000 us
  Sample 84...
Starting computation...
    Writing took     8.090783 ms
    Computation took 292.920628 ms
    Reading took     253.303000 us
  Sample 85...
Starting computation...
    Writing took     6.607712 ms
    Computation took 292.647447 ms
    Reading took     254.176000 us
  Sample 86...
Starting computation...
    Writing took     6.625792 ms
    Computation took 292.935507 ms
    Reading took     260.093000 us
  Sample 87...
Starting computation...
    Writing took     6.614040 ms
    Computation took 293.096953 ms
    Reading took     254.438000 us
  Sample 88...
Starting computation...
    Writing took     6.630756 ms
    Computation took 293.051583 ms
    Reading took     265.381000 us
  Sample 89...
Starting computation...
    Writing took     6.172043 ms
    Computation took 293.041498 ms
    Reading took     369.526000 us
  Sample 90...
Starting computation...
    Writing took     11.307456 ms
    Computation took 293.148816 ms
    Reading took     275.395000 us
  Sample 91...
Starting computation...
    Writing took     7.214961 ms
    Computation took 292.835955 ms
    Reading took     272.287000 us
  Sample 92...
Starting computation...
    Writing took     7.231967 ms
    Computation took 293.129097 ms
    Reading took     256.911000 us
  Sample 93...
Starting computation...
    Writing took     6.669851 ms
    Computation took 293.031477 ms
    Reading took     243.937000 us
  Sample 94...
Starting computation...
    Writing took     6.377062 ms
    Computation took 293.075606 ms
    Reading took     255.131000 us
  Sample 95...
Starting computation...
    Writing took     7.114930 ms
    Computation took 292.989851 ms
    Reading took     289.314000 us
  Sample 96...
Starting computation...
    Writing took     7.670785 ms
    Computation took 293.182862 ms
    Reading took     272.773000 us
  Sample 97...
Starting computation...
    Writing took     7.354711 ms
    Computation took 293.425514 ms
    Reading took     245.560000 us
  Sample 98...
Starting computation...
    Writing took     6.157507 ms
    Computation took 293.205457 ms
    Reading took     238.422000 us
  Sample 99...
Starting computation...
    Writing took     6.238913 ms
    Computation took 292.976734 ms
    Reading took     255.523000 us
Mean computation time: 292.392925 ms
Mean deviation: 434.662000 us (0.148657%)
Mean computation time (per hash): 3.285313 ms
Mean deviation (per hash): 4.883000 us
