Using device #0: CUDA Device 'GeForce GTX 1080 Ti'
  Sample 0...
Starting computation...
    Writing took     6.384964 ms
    Computation took 212.225005 ms
    Reading took     170.551000 us
  Sample 1...
Starting computation...
    Writing took     4.154488 ms
    Computation took 211.866511 ms
    Reading took     162.895000 us
  Sample 2...
Starting computation...
    Writing took     4.162718 ms
    Computation took 211.972777 ms
    Reading took     242.829000 us
  Sample 3...
Starting computation...
    Writing took     7.117935 ms
    Computation took 211.960445 ms
    Reading took     128.228000 us
  Sample 4...
Starting computation...
    Writing took     3.002477 ms
    Computation took 211.924517 ms
    Reading took     159.893000 us
  Sample 5...
Starting computation...
    Writing took     4.940614 ms
    Computation took 211.983066 ms
    Reading took     146.001000 us
  Sample 6...
Starting computation...
    Writing took     3.555072 ms
    Computation took 211.971391 ms
    Reading took     195.166000 us
  Sample 7...
Starting computation...
    Writing took     5.001741 ms
    Computation took 211.974873 ms
    Reading took     161.328000 us
  Sample 8...
Starting computation...
    Writing took     4.175175 ms
    Computation took 211.983261 ms
    Reading took     160.853000 us
  Sample 9...
Starting computation...
    Writing took     4.164735 ms
    Computation took 211.921558 ms
    Reading took     123.812000 us
  Sample 10...
Starting computation...
    Writing took     2.983964 ms
    Computation took 211.906002 ms
    Reading took     131.586000 us
  Sample 11...
Starting computation...
    Writing took     3.355166 ms
    Computation took 211.936599 ms
    Reading took     261.489000 us
  Sample 12...
Starting computation...
    Writing took     7.211611 ms
    Computation took 211.998701 ms
    Reading took     162.318000 us
  Sample 13...
Starting computation...
    Writing took     4.183346 ms
    Computation took 211.881768 ms
    Reading took     163.301000 us
  Sample 14...
Starting computation...
    Writing took     4.180215 ms
    Computation took 211.957649 ms
    Reading took     130.088000 us
  Sample 15...
Starting computation...
    Writing took     3.233604 ms
    Computation took 211.876920 ms
    Reading took     133.850000 us
  Sample 16...
Starting computation...
    Writing took     3.246865 ms
    Computation took 211.897709 ms
    Reading took     148.980000 us
  Sample 17...
Starting computation...
    Writing took     3.283671 ms
    Computation took 211.833234 ms
    Reading took     132.586000 us
  Sample 18...
Starting computation...
    Writing took     3.183706 ms
    Computation took 211.917234 ms
    Reading took     187.897000 us
  Sample 19...
Starting computation...
    Writing took     5.612368 ms
    Computation took 211.951725 ms
    Reading took     159.528000 us
  Sample 20...
Starting computation...
    Writing took     3.281918 ms
    Computation took 211.965780 ms
    Reading took     124.670000 us
  Sample 21...
Starting computation...
    Writing took     3.108143 ms
    Computation took 211.962971 ms
    Reading took     132.760000 us
  Sample 22...
Starting computation...
    Writing took     3.272762 ms
    Computation took 211.878794 ms
    Reading took     124.759000 us
  Sample 23...
Starting computation...
    Writing took     3.037090 ms
    Computation took 211.844779 ms
    Reading took     147.144000 us
  Sample 24...
Starting computation...
    Writing took     3.203549 ms
    Computation took 211.996230 ms
    Reading took     146.424000 us
  Sample 25...
Starting computation...
    Writing took     3.480127 ms
    Computation took 211.902306 ms
    Reading took     153.286000 us
  Sample 26...
Starting computation...
    Writing took     3.149452 ms
    Computation took 211.868748 ms
    Reading took     124.568000 us
  Sample 27...
Starting computation...
    Writing took     3.056012 ms
    Computation took 211.935571 ms
    Reading took     140.057000 us
  Sample 28...
Starting computation...
    Writing took     3.413829 ms
    Computation took 211.838957 ms
    Reading took     129.631000 us
  Sample 29...
Starting computation...
    Writing took     3.174242 ms
    Computation took 211.882974 ms
    Reading took     169.466000 us
  Sample 30...
Starting computation...
    Writing took     4.176034 ms
    Computation took 211.873968 ms
    Reading took     136.720000 us
  Sample 31...
Starting computation...
    Writing took     3.270782 ms
    Computation took 211.881805 ms
    Reading took     136.035000 us
  Sample 32...
Starting computation...
    Writing took     3.240197 ms
    Computation took 211.903069 ms
    Reading took     135.357000 us
  Sample 33...
Starting computation...
    Writing took     3.343014 ms
    Computation took 211.974620 ms
    Reading took     130.806000 us
  Sample 34...
Starting computation...
    Writing took     3.246191 ms
    Computation took 211.881535 ms
    Reading took     135.029000 us
  Sample 35...
Starting computation...
    Writing took     3.174536 ms
    Computation took 211.917327 ms
    Reading took     130.642000 us
  Sample 36...
Starting computation...
    Writing took     3.174322 ms
    Computation took 211.901950 ms
    Reading took     132.512000 us
  Sample 37...
Starting computation...
    Writing took     3.141014 ms
    Computation took 212.062451 ms
    Reading took     149.991000 us
  Sample 38...
Starting computation...
    Writing took     3.709213 ms
    Computation took 211.990476 ms
    Reading took     239.302000 us
  Sample 39...
Starting computation...
    Writing took     5.948105 ms
    Computation took 212.019188 ms
    Reading took     164.982000 us
  Sample 40...
Starting computation...
    Writing took     4.169592 ms
    Computation took 212.014058 ms
    Reading took     166.984000 us
  Sample 41...
Starting computation...
    Writing took     4.150350 ms
    Computation took 211.960747 ms
    Reading took     161.953000 us
  Sample 42...
Starting computation...
    Writing took     4.136410 ms
    Computation took 212.021366 ms
    Reading took     152.395000 us
  Sample 43...
Starting computation...
    Writing took     3.793772 ms
    Computation took 212.038460 ms
    Reading took     153.180000 us
  Sample 44...
Starting computation...
    Writing took     3.800592 ms
    Computation took 211.969583 ms
    Reading took     153.127000 us
  Sample 45...
Starting computation...
    Writing took     3.794541 ms
    Computation took 212.003699 ms
    Reading took     134.143000 us
  Sample 46...
Starting computation...
    Writing took     3.265036 ms
    Computation took 211.967773 ms
    Reading took     133.803000 us
  Sample 47...
Starting computation...
    Writing took     3.290646 ms
    Computation took 211.979010 ms
    Reading took     141.858000 us
  Sample 48...
Starting computation...
    Writing took     3.523052 ms
    Computation took 211.989980 ms
    Reading took     134.267000 us
  Sample 49...
Starting computation...
    Writing took     3.469117 ms
    Computation took 211.985033 ms
    Reading took     166.280000 us
  Sample 50...
Starting computation...
    Writing took     4.183127 ms
    Computation took 211.971816 ms
    Reading took     165.791000 us
  Sample 51...
Starting computation...
    Writing took     4.960952 ms
    Computation took 212.011200 ms
    Reading took     167.329000 us
  Sample 52...
Starting computation...
    Writing took     4.161830 ms
    Computation took 212.015927 ms
    Reading took     135.516000 us
  Sample 53...
Starting computation...
    Writing took     3.350345 ms
    Computation took 212.073292 ms
    Reading took     131.208000 us
  Sample 54...
Starting computation...
    Writing took     3.251519 ms
    Computation took 212.004805 ms
    Reading took     135.187000 us
  Sample 55...
Starting computation...
    Writing took     3.179505 ms
    Computation took 212.052671 ms
    Reading took     130.862000 us
  Sample 56...
Starting computation...
    Writing took     3.225561 ms
    Computation took 211.934580 ms
    Reading took     138.846000 us
  Sample 57...
Starting computation...
    Writing took     3.295115 ms
    Computation took 212.036787 ms
    Reading took     217.154000 us
  Sample 58...
Starting computation...
    Writing took     6.400194 ms
    Computation took 212.047195 ms
    Reading took     217.630000 us
  Sample 59...
Starting computation...
    Writing took     6.478553 ms
    Computation took 212.070757 ms
    Reading took     146.851000 us
  Sample 60...
Starting computation...
    Writing took     3.819381 ms
    Computation took 212.041538 ms
    Reading took     143.268000 us
  Sample 61...
Starting computation...
    Writing took     3.818722 ms
    Computation took 212.073962 ms
    Reading took     144.147000 us
  Sample 62...
Starting computation...
    Writing took     3.795523 ms
    Computation took 212.122638 ms
    Reading took     155.480000 us
  Sample 63...
Starting computation...
    Writing took     3.812945 ms
    Computation took 211.977146 ms
    Reading took     143.707000 us
  Sample 64...
Starting computation...
    Writing took     3.803598 ms
    Computation took 211.994156 ms
    Reading took     113.943000 us
  Sample 65...
Starting computation...
    Writing took     2.942037 ms
    Computation took 211.979105 ms
    Reading took     125.070000 us
  Sample 66...
Starting computation...
    Writing took     3.279485 ms
    Computation took 212.000012 ms
    Reading took     136.322000 us
  Sample 67...
Starting computation...
    Writing took     3.718134 ms
    Computation took 211.954119 ms
    Reading took     134.427000 us
  Sample 68...
Starting computation...
    Writing took     3.524433 ms
    Computation took 211.974584 ms
    Reading took     142.247000 us
  Sample 69...
Starting computation...
    Writing took     3.713601 ms
    Computation took 212.017922 ms
    Reading took     142.089000 us
  Sample 70...
Starting computation...
    Writing took     3.693872 ms
    Computation took 212.076048 ms
    Reading took     142.357000 us
  Sample 71...
Starting computation...
    Writing took     3.765335 ms
    Computation took 212.065235 ms
    Reading took     166.103000 us
  Sample 72...
Starting computation...
    Writing took     4.491639 ms
    Computation took 212.006940 ms
    Reading took     139.586000 us
  Sample 73...
Starting computation...
    Writing took     3.400811 ms
    Computation took 211.996373 ms
    Reading took     150.154000 us
  Sample 74...
Starting computation...
    Writing took     3.769760 ms
    Computation took 212.017243 ms
    Reading took     149.905000 us
  Sample 75...
Starting computation...
    Writing took     3.677982 ms
    Computation took 212.083591 ms
    Reading took     143.301000 us
  Sample 76...
Starting computation...
    Writing took     3.481311 ms
    Computation took 212.034775 ms
    Reading took     126.964000 us
  Sample 77...
Starting computation...
    Writing took     2.928865 ms
    Computation took 212.027099 ms
    Reading took     142.316000 us
  Sample 78...
Starting computation...
    Writing took     3.202984 ms
    Computation took 211.949017 ms
    Reading took     115.520000 us
  Sample 79...
Starting computation...
    Writing took     2.988657 ms
    Computation took 211.947642 ms
    Reading took     115.065000 us
  Sample 80...
Starting computation...
    Writing took     3.018039 ms
    Computation took 212.016613 ms
    Reading took     115.213000 us
  Sample 81...
Starting computation...
    Writing took     2.902401 ms
    Computation took 211.962039 ms
    Reading took     138.498000 us
  Sample 82...
Starting computation...
    Writing took     2.959271 ms
    Computation took 211.947875 ms
    Reading took     117.939000 us
  Sample 83...
Starting computation...
    Writing took     3.019563 ms
    Computation took 212.013318 ms
    Reading took     126.811000 us
  Sample 84...
Starting computation...
    Writing took     3.241839 ms
    Computation took 212.013325 ms
    Reading took     126.062000 us
  Sample 85...
Starting computation...
    Writing took     3.459535 ms
    Computation took 212.017870 ms
    Reading took     121.009000 us
  Sample 86...
Starting computation...
    Writing took     3.165064 ms
    Computation took 212.003226 ms
    Reading took     123.760000 us
  Sample 87...
Starting computation...
    Writing took     3.215643 ms
    Computation took 211.951672 ms
    Reading took     127.800000 us
  Sample 88...
Starting computation...
    Writing took     3.394905 ms
    Computation took 212.095138 ms
    Reading took     129.961000 us
  Sample 89...
Starting computation...
    Writing took     3.364531 ms
    Computation took 211.967066 ms
    Reading took     115.489000 us
  Sample 90...
Starting computation...
    Writing took     2.881200 ms
    Computation took 212.025504 ms
    Reading took     155.865000 us
  Sample 91...
Starting computation...
    Writing took     3.762950 ms
    Computation took 212.044786 ms
    Reading took     132.968000 us
  Sample 92...
Starting computation...
    Writing took     3.448413 ms
    Computation took 212.037131 ms
    Reading took     134.184000 us
  Sample 93...
Starting computation...
    Writing took     3.559886 ms
    Computation took 212.036386 ms
    Reading took     226.746000 us
  Sample 94...
Starting computation...
    Writing took     4.788145 ms
    Computation took 212.749747 ms
    Reading took     140.879000 us
  Sample 95...
Starting computation...
    Writing took     5.642205 ms
    Computation took 212.500821 ms
    Reading took     140.846000 us
  Sample 96...
Starting computation...
    Writing took     3.843231 ms
    Computation took 212.652656 ms
    Reading took     144.663000 us
  Sample 97...
Starting computation...
    Writing took     3.812711 ms
    Computation took 212.687622 ms
    Reading took     142.454000 us
  Sample 98...
Starting computation...
    Writing took     3.812706 ms
    Computation took 212.649283 ms
    Reading took     143.667000 us
  Sample 99...
Starting computation...
    Writing took     3.771424 ms
    Computation took 213.080769 ms
    Reading took     138.693000 us
Mean computation time: 212.023651 ms
Mean deviation: 101.054000 us (0.0476617%)
Mean computation time (per hash): 4.157326 ms
Mean deviation (per hash): 1.981000 us
