Using device #0: CUDA Device 'GeForce GTX 1080 Ti'
  Sample 0...
Starting computation...
    Writing took     152.333000 us
    Computation took 195.323666 ms
    Reading took     12.320000 us
  Sample 1...
Starting computation...
    Writing took     142.176000 us
    Computation took 195.291234 ms
    Reading took     8.855000 us
  Sample 2...
Starting computation...
    Writing took     153.360000 us
    Computation took 195.303461 ms
    Reading took     10.880000 us
  Sample 3...
Starting computation...
    Writing took     220.732000 us
    Computation took 195.329911 ms
    Reading took     9.390000 us
  Sample 4...
Starting computation...
    Writing took     172.409000 us
    Computation took 195.364474 ms
    Reading took     8.194000 us
  Sample 5...
Starting computation...
    Writing took     152.980000 us
    Computation took 195.279335 ms
    Reading took     8.252000 us
  Sample 6...
Starting computation...
    Writing took     147.647000 us
    Computation took 195.303281 ms
    Reading took     9.334000 us
  Sample 7...
Starting computation...
    Writing took     153.599000 us
    Computation took 195.287904 ms
    Reading took     8.731000 us
  Sample 8...
Starting computation...
    Writing took     153.286000 us
    Computation took 195.455004 ms
    Reading took     8.301000 us
  Sample 9...
Starting computation...
    Writing took     149.145000 us
    Computation took 196.061806 ms
    Reading took     8.900000 us
  Sample 10...
Starting computation...
    Writing took     152.969000 us
    Computation took 195.966310 ms
    Reading took     9.004000 us
  Sample 11...
Starting computation...
    Writing took     157.059000 us
    Computation took 195.985293 ms
    Reading took     8.577000 us
  Sample 12...
Starting computation...
    Writing took     152.730000 us
    Computation took 195.992259 ms
    Reading took     7.917000 us
  Sample 13...
Starting computation...
    Writing took     128.046000 us
    Computation took 195.964384 ms
    Reading took     8.254000 us
  Sample 14...
Starting computation...
    Writing took     137.945000 us
    Computation took 196.029433 ms
    Reading took     7.641000 us
  Sample 15...
Starting computation...
    Writing took     132.420000 us
    Computation took 196.019337 ms
    Reading took     8.840000 us
  Sample 16...
Starting computation...
    Writing took     153.458000 us
    Computation took 196.007779 ms
    Reading took     8.609000 us
  Sample 17...
Starting computation...
    Writing took     152.670000 us
    Computation took 196.005279 ms
    Reading took     8.275000 us
  Sample 18...
Starting computation...
    Writing took     141.943000 us
    Computation took 196.011932 ms
    Reading took     8.446000 us
  Sample 19...
Starting computation...
    Writing took     148.731000 us
    Computation took 195.959867 ms
    Reading took     9.170000 us
  Sample 20...
Starting computation...
    Writing took     170.728000 us
    Computation took 196.008954 ms
    Reading took     8.378000 us
  Sample 21...
Starting computation...
    Writing took     141.891000 us
    Computation took 195.959215 ms
    Reading took     8.394000 us
  Sample 22...
Starting computation...
    Writing took     178.022000 us
    Computation took 196.016220 ms
    Reading took     8.543000 us
  Sample 23...
Starting computation...
    Writing took     152.690000 us
    Computation took 195.981910 ms
    Reading took     8.763000 us
  Sample 24...
Starting computation...
    Writing took     154.570000 us
    Computation took 195.994446 ms
    Reading took     14.618000 us
  Sample 25...
Starting computation...
    Writing took     280.994000 us
    Computation took 195.978179 ms
    Reading took     9.376000 us
  Sample 26...
Starting computation...
    Writing took     153.478000 us
    Computation took 195.984781 ms
    Reading took     13.000000 us
  Sample 27...
Starting computation...
    Writing took     250.439000 us
    Computation took 195.991441 ms
    Reading took     9.042000 us
  Sample 28...
Starting computation...
    Writing took     153.602000 us
    Computation took 196.021810 ms
    Reading took     8.367000 us
  Sample 29...
Starting computation...
    Writing took     144.879000 us
    Computation took 195.943923 ms
    Reading took     7.767000 us
  Sample 30...
Starting computation...
    Writing took     128.048000 us
    Computation took 196.035826 ms
    Reading took     12.564000 us
  Sample 31...
Starting computation...
    Writing took     292.464000 us
    Computation took 196.001644 ms
    Reading took     14.856000 us
  Sample 32...
Starting computation...
    Writing took     238.384000 us
    Computation took 195.991370 ms
    Reading took     9.516000 us
  Sample 33...
Starting computation...
    Writing took     165.863000 us
    Computation took 195.988469 ms
    Reading took     9.530000 us
  Sample 34...
Starting computation...
    Writing took     167.442000 us
    Computation took 195.991928 ms
    Reading took     12.890000 us
  Sample 35...
Starting computation...
    Writing took     197.818000 us
    Computation took 195.972107 ms
    Reading took     9.760000 us
  Sample 36...
Starting computation...
    Writing took     166.172000 us
    Computation took 195.974278 ms
    Reading took     7.644000 us
  Sample 37...
Starting computation...
    Writing took     136.499000 us
    Computation took 195.969576 ms
    Reading took     8.442000 us
  Sample 38...
Starting computation...
    Writing took     175.005000 us
    Computation took 195.977036 ms
    Reading took     9.404000 us
  Sample 39...
Starting computation...
    Writing took     167.766000 us
    Computation took 195.958031 ms
    Reading took     13.810000 us
  Sample 40...
Starting computation...
    Writing took     289.247000 us
    Computation took 195.976348 ms
    Reading took     9.262000 us
  Sample 41...
Starting computation...
    Writing took     180.621000 us
    Computation took 196.029976 ms
    Reading took     9.140000 us
  Sample 42...
Starting computation...
    Writing took     163.122000 us
    Computation took 196.043907 ms
    Reading took     8.083000 us
  Sample 43...
Starting computation...
    Writing took     148.516000 us
    Computation took 195.976066 ms
    Reading took     10.278000 us
  Sample 44...
Starting computation...
    Writing took     180.485000 us
    Computation took 196.015926 ms
    Reading took     7.330000 us
  Sample 45...
Starting computation...
    Writing took     120.264000 us
    Computation took 195.956764 ms
    Reading took     7.870000 us
  Sample 46...
Starting computation...
    Writing took     131.504000 us
    Computation took 195.965890 ms
    Reading took     8.943000 us
  Sample 47...
Starting computation...
    Writing took     153.343000 us
    Computation took 195.930526 ms
    Reading took     7.925000 us
  Sample 48...
Starting computation...
    Writing took     128.869000 us
    Computation took 195.962946 ms
    Reading took     7.723000 us
  Sample 49...
Starting computation...
    Writing took     214.755000 us
    Computation took 195.983070 ms
    Reading took     8.961000 us
  Sample 50...
Starting computation...
    Writing took     153.489000 us
    Computation took 196.025504 ms
    Reading took     6.917000 us
  Sample 51...
Starting computation...
    Writing took     127.320000 us
    Computation took 195.949117 ms
    Reading took     9.163000 us
  Sample 52...
Starting computation...
    Writing took     171.220000 us
    Computation took 196.017681 ms
    Reading took     8.776000 us
  Sample 53...
Starting computation...
    Writing took     155.219000 us
    Computation took 195.976924 ms
    Reading took     8.588000 us
  Sample 54...
Starting computation...
    Writing took     152.581000 us
    Computation took 195.982512 ms
    Reading took     8.383000 us
  Sample 55...
Starting computation...
    Writing took     136.717000 us
    Computation took 195.968541 ms
    Reading took     14.150000 us
  Sample 56...
Starting computation...
    Writing took     269.010000 us
    Computation took 195.980534 ms
    Reading took     8.917000 us
  Sample 57...
Starting computation...
    Writing took     153.108000 us
    Computation took 195.994792 ms
    Reading took     9.035000 us
  Sample 58...
Starting computation...
    Writing took     154.499000 us
    Computation took 196.015282 ms
    Reading took     8.629000 us
  Sample 59...
Starting computation...
    Writing took     147.554000 us
    Computation took 195.935121 ms
    Reading took     8.179000 us
  Sample 60...
Starting computation...
    Writing took     132.168000 us
    Computation took 196.000225 ms
    Reading took     8.630000 us
  Sample 61...
Starting computation...
    Writing took     158.977000 us
    Computation took 196.000326 ms
    Reading took     8.327000 us
  Sample 62...
Starting computation...
    Writing took     152.424000 us
    Computation took 195.983104 ms
    Reading took     9.435000 us
  Sample 63...
Starting computation...
    Writing took     183.776000 us
    Computation took 195.950451 ms
    Reading took     9.519000 us
  Sample 64...
Starting computation...
    Writing took     166.801000 us
    Computation took 196.006774 ms
    Reading took     8.640000 us
  Sample 65...
Starting computation...
    Writing took     152.848000 us
    Computation took 195.978129 ms
    Reading took     8.903000 us
  Sample 66...
Starting computation...
    Writing took     153.725000 us
    Computation took 195.966060 ms
    Reading took     9.191000 us
  Sample 67...
Starting computation...
    Writing took     153.981000 us
    Computation took 195.968170 ms
    Reading took     7.957000 us
  Sample 68...
Starting computation...
    Writing took     138.142000 us
    Computation took 195.995997 ms
    Reading took     8.285000 us
  Sample 69...
Starting computation...
    Writing took     162.623000 us
    Computation took 195.955012 ms
    Reading took     8.505000 us
  Sample 70...
Starting computation...
    Writing took     152.891000 us
    Computation took 195.985929 ms
    Reading took     8.281000 us
  Sample 71...
Starting computation...
    Writing took     188.075000 us
    Computation took 196.013584 ms
    Reading took     8.920000 us
  Sample 72...
Starting computation...
    Writing took     171.094000 us
    Computation took 195.988718 ms
    Reading took     8.632000 us
  Sample 73...
Starting computation...
    Writing took     154.373000 us
    Computation took 195.986573 ms
    Reading took     8.957000 us
  Sample 74...
Starting computation...
    Writing took     158.001000 us
    Computation took 196.004077 ms
    Reading took     14.947000 us
  Sample 75...
Starting computation...
    Writing took     281.419000 us
    Computation took 195.970242 ms
    Reading took     8.798000 us
  Sample 76...
Starting computation...
    Writing took     141.417000 us
    Computation took 196.014380 ms
    Reading took     8.580000 us
  Sample 77...
Starting computation...
    Writing took     152.698000 us
    Computation took 195.969012 ms
    Reading took     8.708000 us
  Sample 78...
Starting computation...
    Writing took     155.226000 us
    Computation took 196.002272 ms
    Reading took     8.071000 us
  Sample 79...
Starting computation...
    Writing took     148.011000 us
    Computation took 195.998061 ms
    Reading took     8.541000 us
  Sample 80...
Starting computation...
    Writing took     153.238000 us
    Computation took 196.014661 ms
    Reading took     14.696000 us
  Sample 81...
Starting computation...
    Writing took     284.620000 us
    Computation took 195.984667 ms
    Reading took     7.557000 us
  Sample 82...
Starting computation...
    Writing took     128.881000 us
    Computation took 195.959681 ms
    Reading took     8.449000 us
  Sample 83...
Starting computation...
    Writing took     165.006000 us
    Computation took 196.003128 ms
    Reading took     8.913000 us
  Sample 84...
Starting computation...
    Writing took     196.871000 us
    Computation took 196.003757 ms
    Reading took     15.047000 us
  Sample 85...
Starting computation...
    Writing took     280.640000 us
    Computation took 196.025383 ms
    Reading took     8.374000 us
  Sample 86...
Starting computation...
    Writing took     153.399000 us
    Computation took 196.005752 ms
    Reading took     13.239000 us
  Sample 87...
Starting computation...
    Writing took     252.522000 us
    Computation took 195.934471 ms
    Reading took     12.676000 us
  Sample 88...
Starting computation...
    Writing took     153.509000 us
    Computation took 195.996952 ms
    Reading took     8.654000 us
  Sample 89...
Starting computation...
    Writing took     153.074000 us
    Computation took 195.995618 ms
    Reading took     7.667000 us
  Sample 90...
Starting computation...
    Writing took     136.519000 us
    Computation took 196.010260 ms
    Reading took     8.947000 us
  Sample 91...
Starting computation...
    Writing took     152.448000 us
    Computation took 195.988450 ms
    Reading took     9.426000 us
  Sample 92...
Starting computation...
    Writing took     154.846000 us
    Computation took 196.006230 ms
    Reading took     8.674000 us
  Sample 93...
Starting computation...
    Writing took     152.647000 us
    Computation took 195.948423 ms
    Reading took     10.547000 us
  Sample 94...
Starting computation...
    Writing took     165.779000 us
    Computation took 196.000625 ms
    Reading took     10.471000 us
  Sample 95...
Starting computation...
    Writing took     165.571000 us
    Computation took 195.966827 ms
    Reading took     10.733000 us
  Sample 96...
Starting computation...
    Writing took     166.049000 us
    Computation took 196.018882 ms
    Reading took     15.884000 us
  Sample 97...
Starting computation...
    Writing took     263.650000 us
    Computation took 195.971417 ms
    Reading took     15.210000 us
  Sample 98...
Starting computation...
    Writing took     255.337000 us
    Computation took 195.983447 ms
    Reading took     9.789000 us
  Sample 99...
Starting computation...
    Writing took     173.115000 us
    Computation took 195.982480 ms
    Reading took     9.102000 us
Mean computation time: 195.929087 ms
Mean deviation: 108.470000 us (0.0553619%)
Mean computation time (per hash): 97.964543 ms
Mean deviation (per hash): 54.235000 us
