Using device #0: CUDA Device 'GeForce GTX 1080 Ti'
  Sample 0...
Starting computation...
    Writing took     3.380387 ms
    Computation took 192.007570 ms
    Reading took     97.814000 us
  Sample 1...
Starting computation...
    Writing took     2.297405 ms
    Computation took 191.947789 ms
    Reading took     90.449000 us
  Sample 2...
Starting computation...
    Writing took     2.241673 ms
    Computation took 191.934953 ms
    Reading took     91.875000 us
  Sample 3...
Starting computation...
    Writing took     2.246441 ms
    Computation took 191.958975 ms
    Reading took     84.906000 us
  Sample 4...
Starting computation...
    Writing took     1.886012 ms
    Computation took 191.927187 ms
    Reading took     70.196000 us
  Sample 5...
Starting computation...
    Writing took     1.626278 ms
    Computation took 191.938406 ms
    Reading took     128.722000 us
  Sample 6...
Starting computation...
    Writing took     3.523517 ms
    Computation took 191.954584 ms
    Reading took     87.061000 us
  Sample 7...
Starting computation...
    Writing took     2.147269 ms
    Computation took 191.972170 ms
    Reading took     112.720000 us
  Sample 8...
Starting computation...
    Writing took     3.136824 ms
    Computation took 191.959264 ms
    Reading took     66.077000 us
  Sample 9...
Starting computation...
    Writing took     1.726574 ms
    Computation took 191.913800 ms
    Reading took     64.574000 us
  Sample 10...
Starting computation...
    Writing took     1.739051 ms
    Computation took 191.924839 ms
    Reading took     70.693000 us
  Sample 11...
Starting computation...
    Writing took     1.642003 ms
    Computation took 191.956444 ms
    Reading took     68.217000 us
  Sample 12...
Starting computation...
    Writing took     1.723221 ms
    Computation took 191.908352 ms
    Reading took     67.279000 us
  Sample 13...
Starting computation...
    Writing took     1.760837 ms
    Computation took 191.917040 ms
    Reading took     64.157000 us
  Sample 14...
Starting computation...
    Writing took     1.600062 ms
    Computation took 191.922173 ms
    Reading took     66.393000 us
  Sample 15...
Starting computation...
    Writing took     6.913701 ms
    Computation took 191.975206 ms
    Reading took     63.961000 us
  Sample 16...
Starting computation...
    Writing took     1.619877 ms
    Computation took 191.935266 ms
    Reading took     67.802000 us
  Sample 17...
Starting computation...
    Writing took     1.865491 ms
    Computation took 191.961718 ms
    Reading took     65.207000 us
  Sample 18...
Starting computation...
    Writing took     1.690408 ms
    Computation took 191.922229 ms
    Reading took     64.439000 us
  Sample 19...
Starting computation...
    Writing took     1.694404 ms
    Computation took 191.895237 ms
    Reading took     63.841000 us
  Sample 20...
Starting computation...
    Writing took     1.630075 ms
    Computation took 191.961344 ms
    Reading took     63.490000 us
  Sample 21...
Starting computation...
    Writing took     1.690919 ms
    Computation took 191.942912 ms
    Reading took     68.198000 us
  Sample 22...
Starting computation...
    Writing took     1.712191 ms
    Computation took 191.918832 ms
    Reading took     66.650000 us
  Sample 23...
Starting computation...
    Writing took     1.725390 ms
    Computation took 191.919562 ms
    Reading took     62.821000 us
  Sample 24...
Starting computation...
    Writing took     1.692519 ms
    Computation took 191.935934 ms
    Reading took     69.179000 us
  Sample 25...
Starting computation...
    Writing took     1.791757 ms
    Computation took 191.938104 ms
    Reading took     86.365000 us
  Sample 26...
Starting computation...
    Writing took     2.297169 ms
    Computation took 191.944518 ms
    Reading took     85.501000 us
  Sample 27...
Starting computation...
    Writing took     2.280998 ms
    Computation took 191.970409 ms
    Reading took     96.098000 us
  Sample 28...
Starting computation...
    Writing took     2.252985 ms
    Computation took 191.947754 ms
    Reading took     61.997000 us
  Sample 29...
Starting computation...
    Writing took     1.606906 ms
    Computation took 191.988041 ms
    Reading took     69.847000 us
  Sample 30...
Starting computation...
    Writing took     1.626842 ms
    Computation took 191.995998 ms
    Reading took     86.038000 us
  Sample 31...
Starting computation...
    Writing took     2.291919 ms
    Computation took 192.010167 ms
    Reading took     83.751000 us
  Sample 32...
Starting computation...
    Writing took     2.235378 ms
    Computation took 191.989924 ms
    Reading took     82.296000 us
  Sample 33...
Starting computation...
    Writing took     2.249194 ms
    Computation took 191.927474 ms
    Reading took     62.078000 us
  Sample 34...
Starting computation...
    Writing took     1.580919 ms
    Computation took 191.954640 ms
    Reading took     64.282000 us
  Sample 35...
Starting computation...
    Writing took     1.648797 ms
    Computation took 191.907043 ms
    Reading took     85.057000 us
  Sample 36...
Starting computation...
    Writing took     1.740380 ms
    Computation took 191.922431 ms
    Reading took     62.719000 us
  Sample 37...
Starting computation...
    Writing took     1.581346 ms
    Computation took 191.790078 ms
    Reading took     73.976000 us
  Sample 38...
Starting computation...
    Writing took     1.943490 ms
    Computation took 191.435852 ms
    Reading took     78.500000 us
  Sample 39...
Starting computation...
    Writing took     1.841513 ms
    Computation took 191.384806 ms
    Reading took     66.905000 us
  Sample 40...
Starting computation...
    Writing took     1.738772 ms
    Computation took 191.358532 ms
    Reading took     67.334000 us
  Sample 41...
Starting computation...
    Writing took     1.817037 ms
    Computation took 191.356632 ms
    Reading took     65.538000 us
  Sample 42...
Starting computation...
    Writing took     1.688228 ms
    Computation took 191.386588 ms
    Reading took     68.857000 us
  Sample 43...
Starting computation...
    Writing took     1.729093 ms
    Computation took 191.397346 ms
    Reading took     67.724000 us
  Sample 44...
Starting computation...
    Writing took     1.821617 ms
    Computation took 191.415387 ms
    Reading took     122.146000 us
  Sample 45...
Starting computation...
    Writing took     3.105112 ms
    Computation took 191.391780 ms
    Reading took     85.609000 us
  Sample 46...
Starting computation...
    Writing took     2.314645 ms
    Computation took 191.399909 ms
    Reading took     84.226000 us
  Sample 47...
Starting computation...
    Writing took     2.246897 ms
    Computation took 191.406890 ms
    Reading took     65.771000 us
  Sample 48...
Starting computation...
    Writing took     1.752507 ms
    Computation took 191.384966 ms
    Reading took     67.143000 us
  Sample 49...
Starting computation...
    Writing took     1.817231 ms
    Computation took 191.409181 ms
    Reading took     67.040000 us
  Sample 50...
Starting computation...
    Writing took     1.704990 ms
    Computation took 191.322837 ms
    Reading took     68.426000 us
  Sample 51...
Starting computation...
    Writing took     1.826906 ms
    Computation took 191.400279 ms
    Reading took     67.762000 us
  Sample 52...
Starting computation...
    Writing took     1.762016 ms
    Computation took 191.411878 ms
    Reading took     67.173000 us
  Sample 53...
Starting computation...
    Writing took     1.763580 ms
    Computation took 191.386253 ms
    Reading took     72.771000 us
  Sample 54...
Starting computation...
    Writing took     1.696711 ms
    Computation took 191.385080 ms
    Reading took     70.880000 us
  Sample 55...
Starting computation...
    Writing took     1.894586 ms
    Computation took 191.416687 ms
    Reading took     68.142000 us
  Sample 56...
Starting computation...
    Writing took     1.724949 ms
    Computation took 191.401605 ms
    Reading took     64.914000 us
  Sample 57...
Starting computation...
    Writing took     1.630144 ms
    Computation took 191.414879 ms
    Reading took     62.994000 us
  Sample 58...
Starting computation...
    Writing took     1.663955 ms
    Computation took 191.374125 ms
    Reading took     65.726000 us
  Sample 59...
Starting computation...
    Writing took     1.614716 ms
    Computation took 191.323518 ms
    Reading took     63.513000 us
  Sample 60...
Starting computation...
    Writing took     1.610999 ms
    Computation took 191.365244 ms
    Reading took     66.914000 us
  Sample 61...
Starting computation...
    Writing took     1.744344 ms
    Computation took 191.371057 ms
    Reading took     85.813000 us
  Sample 62...
Starting computation...
    Writing took     2.303983 ms
    Computation took 191.373466 ms
    Reading took     75.796000 us
  Sample 63...
Starting computation...
    Writing took     1.753981 ms
    Computation took 191.390488 ms
    Reading took     73.560000 us
  Sample 64...
Starting computation...
    Writing took     1.747224 ms
    Computation took 191.411490 ms
    Reading took     72.204000 us
  Sample 65...
Starting computation...
    Writing took     1.668255 ms
    Computation took 191.397091 ms
    Reading took     72.084000 us
  Sample 66...
Starting computation...
    Writing took     1.680924 ms
    Computation took 191.342953 ms
    Reading took     69.559000 us
  Sample 67...
Starting computation...
    Writing took     1.580388 ms
    Computation took 191.370716 ms
    Reading took     72.717000 us
  Sample 68...
Starting computation...
    Writing took     1.727488 ms
    Computation took 191.354624 ms
    Reading took     68.833000 us
  Sample 69...
Starting computation...
    Writing took     1.579863 ms
    Computation took 191.428321 ms
    Reading took     71.843000 us
  Sample 70...
Starting computation...
    Writing took     1.634767 ms
    Computation took 191.384867 ms
    Reading took     71.776000 us
  Sample 71...
Starting computation...
    Writing took     1.663399 ms
    Computation took 191.376057 ms
    Reading took     71.865000 us
  Sample 72...
Starting computation...
    Writing took     1.662521 ms
    Computation took 191.362085 ms
    Reading took     73.746000 us
  Sample 73...
Starting computation...
    Writing took     1.757190 ms
    Computation took 191.367738 ms
    Reading took     72.640000 us
  Sample 74...
Starting computation...
    Writing took     1.678730 ms
    Computation took 191.368744 ms
    Reading took     70.675000 us
  Sample 75...
Starting computation...
    Writing took     1.630008 ms
    Computation took 191.335969 ms
    Reading took     76.348000 us
  Sample 76...
Starting computation...
    Writing took     1.759737 ms
    Computation took 191.359136 ms
    Reading took     76.214000 us
  Sample 77...
Starting computation...
    Writing took     1.833089 ms
    Computation took 191.379091 ms
    Reading took     68.882000 us
  Sample 78...
Starting computation...
    Writing took     1.588295 ms
    Computation took 191.367639 ms
    Reading took     69.962000 us
  Sample 79...
Starting computation...
    Writing took     1.643936 ms
    Computation took 191.313105 ms
    Reading took     70.598000 us
  Sample 80...
Starting computation...
    Writing took     1.582060 ms
    Computation took 191.393716 ms
    Reading took     75.662000 us
  Sample 81...
Starting computation...
    Writing took     1.746418 ms
    Computation took 191.369355 ms
    Reading took     85.924000 us
  Sample 82...
Starting computation...
    Writing took     2.148065 ms
    Computation took 191.419900 ms
    Reading took     85.760000 us
  Sample 83...
Starting computation...
    Writing took     2.110027 ms
    Computation took 191.453940 ms
    Reading took     86.837000 us
  Sample 84...
Starting computation...
    Writing took     2.141224 ms
    Computation took 191.438639 ms
    Reading took     88.289000 us
  Sample 85...
Starting computation...
    Writing took     2.098805 ms
    Computation took 191.392034 ms
    Reading took     88.350000 us
  Sample 86...
Starting computation...
    Writing took     2.105178 ms
    Computation took 191.409940 ms
    Reading took     87.958000 us
  Sample 87...
Starting computation...
    Writing took     2.145736 ms
    Computation took 191.396663 ms
    Reading took     86.018000 us
  Sample 88...
Starting computation...
    Writing took     2.100050 ms
    Computation took 191.402370 ms
    Reading took     86.937000 us
  Sample 89...
Starting computation...
    Writing took     2.155130 ms
    Computation took 191.383013 ms
    Reading took     97.613000 us
  Sample 90...
Starting computation...
    Writing took     2.112817 ms
    Computation took 191.395083 ms
    Reading took     88.321000 us
  Sample 91...
Starting computation...
    Writing took     2.126893 ms
    Computation took 191.370514 ms
    Reading took     85.847000 us
  Sample 92...
Starting computation...
    Writing took     2.136041 ms
    Computation took 191.383964 ms
    Reading took     85.915000 us
  Sample 93...
Starting computation...
    Writing took     2.117643 ms
    Computation took 191.353840 ms
    Reading took     87.591000 us
  Sample 94...
Starting computation...
    Writing took     2.135511 ms
    Computation took 191.403762 ms
    Reading took     87.408000 us
  Sample 95...
Starting computation...
    Writing took     2.105613 ms
    Computation took 192.760936 ms
    Reading took     135.554000 us
  Sample 96...
Starting computation...
    Writing took     3.409630 ms
    Computation took 193.211416 ms
    Reading took     69.091000 us
  Sample 97...
Starting computation...
    Writing took     1.703004 ms
    Computation took 193.127480 ms
    Reading took     121.582000 us
  Sample 98...
Starting computation...
    Writing took     3.505597 ms
    Computation took 193.138792 ms
    Reading took     98.248000 us
  Sample 99...
Starting computation...
    Writing took     2.093892 ms
    Computation took 193.219828 ms
    Reading took     79.459000 us
Mean computation time: 191.682084 ms
Mean deviation: 338.543000 us (0.176617%)
Mean computation time (per hash): 6.845788 ms
Mean deviation (per hash): 12.090000 us
