Using device #0: CUDA Device 'GeForce GTX 1080 Ti'
  Sample 0...
Starting computation...
    Writing took     2.546165 ms
    Computation took 181.259727 ms
    Reading took     98.707000 us
  Sample 1...
Starting computation...
    Writing took     2.524809 ms
    Computation took 181.245811 ms
    Reading took     96.017000 us
  Sample 2...
Starting computation...
    Writing took     2.546690 ms
    Computation took 181.212035 ms
    Reading took     79.013000 us
  Sample 3...
Starting computation...
    Writing took     2.118757 ms
    Computation took 181.183643 ms
    Reading took     76.392000 us
  Sample 4...
Starting computation...
    Writing took     1.920766 ms
    Computation took 181.180386 ms
    Reading took     75.064000 us
  Sample 5...
Starting computation...
    Writing took     1.979657 ms
    Computation took 181.224625 ms
    Reading took     77.603000 us
  Sample 6...
Starting computation...
    Writing took     2.067761 ms
    Computation took 181.215251 ms
    Reading took     77.645000 us
  Sample 7...
Starting computation...
    Writing took     1.940502 ms
    Computation took 181.226725 ms
    Reading took     78.362000 us
  Sample 8...
Starting computation...
    Writing took     1.929177 ms
    Computation took 181.242800 ms
    Reading took     97.334000 us
  Sample 9...
Starting computation...
    Writing took     2.528908 ms
    Computation took 181.521148 ms
    Reading took     91.033000 us
  Sample 10...
Starting computation...
    Writing took     2.131776 ms
    Computation took 181.865360 ms
    Reading took     91.530000 us
  Sample 11...
Starting computation...
    Writing took     2.135765 ms
    Computation took 181.875517 ms
    Reading took     86.217000 us
  Sample 12...
Starting computation...
    Writing took     1.932420 ms
    Computation took 181.847639 ms
    Reading took     85.242000 us
  Sample 13...
Starting computation...
    Writing took     1.920048 ms
    Computation took 181.887917 ms
    Reading took     153.029000 us
  Sample 14...
Starting computation...
    Writing took     4.069046 ms
    Computation took 181.921787 ms
    Reading took     89.607000 us
  Sample 15...
Starting computation...
    Writing took     2.356910 ms
    Computation took 181.867913 ms
    Reading took     84.844000 us
  Sample 16...
Starting computation...
    Writing took     2.104128 ms
    Computation took 181.885407 ms
    Reading took     81.614000 us
  Sample 17...
Starting computation...
    Writing took     1.976173 ms
    Computation took 181.855009 ms
    Reading took     89.609000 us
  Sample 18...
Starting computation...
    Writing took     2.233451 ms
    Computation took 181.887659 ms
    Reading took     83.659000 us
  Sample 19...
Starting computation...
    Writing took     2.106157 ms
    Computation took 181.896485 ms
    Reading took     84.050000 us
  Sample 20...
Starting computation...
    Writing took     2.072707 ms
    Computation took 181.858069 ms
    Reading took     81.551000 us
  Sample 21...
Starting computation...
    Writing took     2.017302 ms
    Computation took 181.882378 ms
    Reading took     84.199000 us
  Sample 22...
Starting computation...
    Writing took     2.087310 ms
    Computation took 181.884712 ms
    Reading took     160.488000 us
  Sample 23...
Starting computation...
    Writing took     4.249327 ms
    Computation took 181.922708 ms
    Reading took     166.131000 us
  Sample 24...
Starting computation...
    Writing took     4.656629 ms
    Computation took 181.908115 ms
    Reading took     74.779000 us
  Sample 25...
Starting computation...
    Writing took     1.916330 ms
    Computation took 181.849455 ms
    Reading took     82.555000 us
  Sample 26...
Starting computation...
    Writing took     2.128512 ms
    Computation took 181.850327 ms
    Reading took     77.453000 us
  Sample 27...
Starting computation...
    Writing took     1.936600 ms
    Computation took 181.894781 ms
    Reading took     89.964000 us
  Sample 28...
Starting computation...
    Writing took     1.948854 ms
    Computation took 181.872175 ms
    Reading took     80.714000 us
  Sample 29...
Starting computation...
    Writing took     1.950097 ms
    Computation took 181.891686 ms
    Reading took     78.982000 us
  Sample 30...
Starting computation...
    Writing took     1.968915 ms
    Computation took 181.874230 ms
    Reading took     75.612000 us
  Sample 31...
Starting computation...
    Writing took     1.919156 ms
    Computation took 181.848898 ms
    Reading took     75.419000 us
  Sample 32...
Starting computation...
    Writing took     1.919469 ms
    Computation took 181.868939 ms
    Reading took     79.276000 us
  Sample 33...
Starting computation...
    Writing took     1.961024 ms
    Computation took 181.928103 ms
    Reading took     85.333000 us
  Sample 34...
Starting computation...
    Writing took     1.967509 ms
    Computation took 181.916970 ms
    Reading took     179.930000 us
  Sample 35...
Starting computation...
    Writing took     5.076540 ms
    Computation took 181.971683 ms
    Reading took     104.164000 us
  Sample 36...
Starting computation...
    Writing took     2.766470 ms
    Computation took 181.888783 ms
    Reading took     104.858000 us
  Sample 37...
Starting computation...
    Writing took     2.704842 ms
    Computation took 181.867532 ms
    Reading took     106.144000 us
  Sample 38...
Starting computation...
    Writing took     2.746235 ms
    Computation took 181.906503 ms
    Reading took     91.975000 us
  Sample 39...
Starting computation...
    Writing took     2.409272 ms
    Computation took 181.903575 ms
    Reading took     87.240000 us
  Sample 40...
Starting computation...
    Writing took     2.268426 ms
    Computation took 181.883117 ms
    Reading took     103.531000 us
  Sample 41...
Starting computation...
    Writing took     2.759920 ms
    Computation took 181.922767 ms
    Reading took     103.305000 us
  Sample 42...
Starting computation...
    Writing took     2.773837 ms
    Computation took 181.903892 ms
    Reading took     103.431000 us
  Sample 43...
Starting computation...
    Writing took     2.747966 ms
    Computation took 181.922705 ms
    Reading took     140.445000 us
  Sample 44...
Starting computation...
    Writing took     4.187416 ms
    Computation took 181.959602 ms
    Reading took     90.899000 us
  Sample 45...
Starting computation...
    Writing took     2.018937 ms
    Computation took 181.873016 ms
    Reading took     85.958000 us
  Sample 46...
Starting computation...
    Writing took     2.239991 ms
    Computation took 181.930647 ms
    Reading took     122.218000 us
  Sample 47...
Starting computation...
    Writing took     3.036579 ms
    Computation took 181.892569 ms
    Reading took     84.784000 us
  Sample 48...
Starting computation...
    Writing took     1.979827 ms
    Computation took 181.877947 ms
    Reading took     85.158000 us
  Sample 49...
Starting computation...
    Writing took     2.003628 ms
    Computation took 181.873720 ms
    Reading took     84.262000 us
  Sample 50...
Starting computation...
    Writing took     1.961854 ms
    Computation took 181.874404 ms
    Reading took     87.188000 us
  Sample 51...
Starting computation...
    Writing took     2.053759 ms
    Computation took 181.863955 ms
    Reading took     91.190000 us
  Sample 52...
Starting computation...
    Writing took     2.194434 ms
    Computation took 181.850660 ms
    Reading took     83.179000 us
  Sample 53...
Starting computation...
    Writing took     1.923206 ms
    Computation took 181.827983 ms
    Reading took     83.579000 us
  Sample 54...
Starting computation...
    Writing took     1.939716 ms
    Computation took 181.922839 ms
    Reading took     92.136000 us
  Sample 55...
Starting computation...
    Writing took     2.129978 ms
    Computation took 181.910995 ms
    Reading took     83.849000 us
  Sample 56...
Starting computation...
    Writing took     1.979121 ms
    Computation took 181.879752 ms
    Reading took     88.971000 us
  Sample 57...
Starting computation...
    Writing took     2.141124 ms
    Computation took 181.882227 ms
    Reading took     89.769000 us
  Sample 58...
Starting computation...
    Writing took     2.226379 ms
    Computation took 181.873978 ms
    Reading took     88.152000 us
  Sample 59...
Starting computation...
    Writing took     2.117691 ms
    Computation took 181.896592 ms
    Reading took     89.301000 us
  Sample 60...
Starting computation...
    Writing took     2.056701 ms
    Computation took 181.841398 ms
    Reading took     97.185000 us
  Sample 61...
Starting computation...
    Writing took     2.060838 ms
    Computation took 181.886450 ms
    Reading took     88.732000 us
  Sample 62...
Starting computation...
    Writing took     2.074429 ms
    Computation took 181.886001 ms
    Reading took     87.187000 us
  Sample 63...
Starting computation...
    Writing took     2.110439 ms
    Computation took 181.873267 ms
    Reading took     87.881000 us
  Sample 64...
Starting computation...
    Writing took     2.048703 ms
    Computation took 181.885202 ms
    Reading took     83.100000 us
  Sample 65...
Starting computation...
    Writing took     1.977064 ms
    Computation took 181.899683 ms
    Reading took     85.353000 us
  Sample 66...
Starting computation...
    Writing took     1.922526 ms
    Computation took 181.858497 ms
    Reading took     83.491000 us
  Sample 67...
Starting computation...
    Writing took     1.987384 ms
    Computation took 181.860318 ms
    Reading took     89.707000 us
  Sample 68...
Starting computation...
    Writing took     2.238896 ms
    Computation took 181.877368 ms
    Reading took     159.071000 us
  Sample 69...
Starting computation...
    Writing took     4.235162 ms
    Computation took 181.941297 ms
    Reading took     82.859000 us
  Sample 70...
Starting computation...
    Writing took     1.963081 ms
    Computation took 181.874229 ms
    Reading took     80.009000 us
  Sample 71...
Starting computation...
    Writing took     2.049320 ms
    Computation took 181.890342 ms
    Reading took     86.554000 us
  Sample 72...
Starting computation...
    Writing took     2.216087 ms
    Computation took 181.931373 ms
    Reading took     83.499000 us
  Sample 73...
Starting computation...
    Writing took     2.100315 ms
    Computation took 181.873527 ms
    Reading took     82.205000 us
  Sample 74...
Starting computation...
    Writing took     2.123857 ms
    Computation took 181.889126 ms
    Reading took     80.413000 us
  Sample 75...
Starting computation...
    Writing took     2.052569 ms
    Computation took 181.826667 ms
    Reading took     85.076000 us
  Sample 76...
Starting computation...
    Writing took     2.168688 ms
    Computation took 181.971176 ms
    Reading took     84.198000 us
  Sample 77...
Starting computation...
    Writing took     2.104642 ms
    Computation took 181.877349 ms
    Reading took     80.809000 us
  Sample 78...
Starting computation...
    Writing took     2.051533 ms
    Computation took 182.690965 ms
    Reading took     80.279000 us
  Sample 79...
Starting computation...
    Writing took     1.973475 ms
    Computation took 182.691616 ms
    Reading took     78.132000 us
  Sample 80...
Starting computation...
    Writing took     1.997663 ms
    Computation took 182.714819 ms
    Reading took     81.772000 us
  Sample 81...
Starting computation...
    Writing took     2.061532 ms
    Computation took 182.727693 ms
    Reading took     79.991000 us
  Sample 82...
Starting computation...
    Writing took     1.930395 ms
    Computation took 182.719941 ms
    Reading took     74.738000 us
  Sample 83...
Starting computation...
    Writing took     1.972734 ms
    Computation took 182.669518 ms
    Reading took     77.708000 us
  Sample 84...
Starting computation...
    Writing took     1.925410 ms
    Computation took 182.732102 ms
    Reading took     132.123000 us
  Sample 85...
Starting computation...
    Writing took     3.515067 ms
    Computation took 182.737950 ms
    Reading took     84.947000 us
  Sample 86...
Starting computation...
    Writing took     2.103390 ms
    Computation took 182.706342 ms
    Reading took     83.543000 us
  Sample 87...
Starting computation...
    Writing took     2.091426 ms
    Computation took 182.746439 ms
    Reading took     85.640000 us
  Sample 88...
Starting computation...
    Writing took     2.225440 ms
    Computation took 182.753184 ms
    Reading took     145.895000 us
  Sample 89...
Starting computation...
    Writing took     3.320275 ms
    Computation took 182.745601 ms
    Reading took     92.693000 us
  Sample 90...
Starting computation...
    Writing took     2.277449 ms
    Computation took 182.732193 ms
    Reading took     84.301000 us
  Sample 91...
Starting computation...
    Writing took     2.206279 ms
    Computation took 182.728818 ms
    Reading took     84.842000 us
  Sample 92...
Starting computation...
    Writing took     2.198771 ms
    Computation took 182.691027 ms
    Reading took     86.353000 us
  Sample 93...
Starting computation...
    Writing took     2.247571 ms
    Computation took 182.714813 ms
    Reading took     85.633000 us
  Sample 94...
Starting computation...
    Writing took     2.255617 ms
    Computation took 182.733070 ms
    Reading took     96.599000 us
  Sample 95...
Starting computation...
    Writing took     2.544588 ms
    Computation took 182.721229 ms
    Reading took     96.229000 us
  Sample 96...
Starting computation...
    Writing took     2.532482 ms
    Computation took 182.762298 ms
    Reading took     78.072000 us
  Sample 97...
Starting computation...
    Writing took     1.973386 ms
    Computation took 182.728900 ms
    Reading took     76.773000 us
  Sample 98...
Starting computation...
    Writing took     2.003635 ms
    Computation took 182.720052 ms
    Reading took     79.184000 us
  Sample 99...
Starting computation...
    Writing took     2.063498 ms
    Computation took 182.744680 ms
    Reading took     80.759000 us
Mean computation time: 182.007723 ms
Mean deviation: 314.866000 us (0.172996%)
Mean computation time (per hash): 5.353167 ms
Mean deviation (per hash): 9.260000 us
