Using device #0: CUDA Device 'GeForce GTX 1080 Ti'
  Sample 0...
Starting computation...
    Writing took     7.739631 ms
    Computation took 231.935521 ms
    Reading took     173.327000 us
  Sample 1...
Starting computation...
    Writing took     4.635796 ms
    Computation took 231.577475 ms
    Reading took     171.929000 us
  Sample 2...
Starting computation...
    Writing took     4.667391 ms
    Computation took 231.713769 ms
    Reading took     145.256000 us
  Sample 3...
Starting computation...
    Writing took     3.902136 ms
    Computation took 231.615437 ms
    Reading took     144.636000 us
  Sample 4...
Starting computation...
    Writing took     3.921081 ms
    Computation took 231.666228 ms
    Reading took     145.786000 us
  Sample 5...
Starting computation...
    Writing took     3.875442 ms
    Computation took 231.501577 ms
    Reading took     143.708000 us
  Sample 6...
Starting computation...
    Writing took     3.837762 ms
    Computation took 231.581283 ms
    Reading took     170.923000 us
  Sample 7...
Starting computation...
    Writing took     5.589774 ms
    Computation took 231.556204 ms
    Reading took     144.277000 us
  Sample 8...
Starting computation...
    Writing took     3.920771 ms
    Computation took 231.616216 ms
    Reading took     144.238000 us
  Sample 9...
Starting computation...
    Writing took     3.951506 ms
    Computation took 231.597615 ms
    Reading took     143.545000 us
  Sample 10...
Starting computation...
    Writing took     3.776904 ms
    Computation took 231.659443 ms
    Reading took     269.850000 us
  Sample 11...
Starting computation...
    Writing took     7.715892 ms
    Computation took 231.642395 ms
    Reading took     267.778000 us
  Sample 12...
Starting computation...
    Writing took     7.935565 ms
    Computation took 231.698865 ms
    Reading took     169.880000 us
  Sample 13...
Starting computation...
    Writing took     4.632292 ms
    Computation took 231.599137 ms
    Reading took     172.452000 us
  Sample 14...
Starting computation...
    Writing took     4.618533 ms
    Computation took 231.709389 ms
    Reading took     179.217000 us
  Sample 15...
Starting computation...
    Writing took     4.605772 ms
    Computation took 231.641649 ms
    Reading took     169.789000 us
  Sample 16...
Starting computation...
    Writing took     4.613679 ms
    Computation took 231.643156 ms
    Reading took     169.820000 us
  Sample 17...
Starting computation...
    Writing took     4.659945 ms
    Computation took 231.724416 ms
    Reading took     298.418000 us
  Sample 18...
Starting computation...
    Writing took     6.503198 ms
    Computation took 231.681554 ms
    Reading took     199.891000 us
  Sample 19...
Starting computation...
    Writing took     5.039921 ms
    Computation took 231.780935 ms
    Reading took     193.357000 us
  Sample 20...
Starting computation...
    Writing took     5.033832 ms
    Computation took 231.564343 ms
    Reading took     193.786000 us
  Sample 21...
Starting computation...
    Writing took     4.624202 ms
    Computation took 231.719125 ms
    Reading took     169.316000 us
  Sample 22...
Starting computation...
    Writing took     4.450916 ms
    Computation took 231.631632 ms
    Reading took     175.176000 us
  Sample 23...
Starting computation...
    Writing took     4.502968 ms
    Computation took 231.586672 ms
    Reading took     174.808000 us
  Sample 24...
Starting computation...
    Writing took     4.503509 ms
    Computation took 231.654007 ms
    Reading took     325.823000 us
  Sample 25...
Starting computation...
    Writing took     9.167537 ms
    Computation took 231.625830 ms
    Reading took     144.989000 us
  Sample 26...
Starting computation...
    Writing took     3.848072 ms
    Computation took 231.645587 ms
    Reading took     145.573000 us
  Sample 27...
Starting computation...
    Writing took     3.781098 ms
    Computation took 231.532440 ms
    Reading took     169.852000 us
  Sample 28...
Starting computation...
    Writing took     4.027818 ms
    Computation took 231.585667 ms
    Reading took     152.980000 us
  Sample 29...
Starting computation...
    Writing took     4.186819 ms
    Computation took 231.637527 ms
    Reading took     238.624000 us
  Sample 30...
Starting computation...
    Writing took     6.160527 ms
    Computation took 231.620939 ms
    Reading took     182.301000 us
  Sample 31...
Starting computation...
    Writing took     3.860811 ms
    Computation took 231.613285 ms
    Reading took     185.222000 us
  Sample 32...
Starting computation...
    Writing took     3.989422 ms
    Computation took 231.575429 ms
    Reading took     165.533000 us
  Sample 33...
Starting computation...
    Writing took     4.065003 ms
    Computation took 231.650327 ms
    Reading took     159.801000 us
  Sample 34...
Starting computation...
    Writing took     4.023794 ms
    Computation took 231.680827 ms
    Reading took     180.115000 us
  Sample 35...
Starting computation...
    Writing took     3.989477 ms
    Computation took 231.688961 ms
    Reading took     162.580000 us
  Sample 36...
Starting computation...
    Writing took     4.103864 ms
    Computation took 231.597373 ms
    Reading took     162.342000 us
  Sample 37...
Starting computation...
    Writing took     4.046410 ms
    Computation took 231.685248 ms
    Reading took     171.089000 us
  Sample 38...
Starting computation...
    Writing took     4.105934 ms
    Computation took 231.615613 ms
    Reading took     159.999000 us
  Sample 39...
Starting computation...
    Writing took     4.177441 ms
    Computation took 231.552629 ms
    Reading took     171.041000 us
  Sample 40...
Starting computation...
    Writing took     4.419116 ms
    Computation took 231.642046 ms
    Reading took     171.661000 us
  Sample 41...
Starting computation...
    Writing took     4.320857 ms
    Computation took 233.026248 ms
    Reading took     165.394000 us
  Sample 42...
Starting computation...
    Writing took     4.174275 ms
    Computation took 237.833050 ms
    Reading took     167.007000 us
  Sample 43...
Starting computation...
    Writing took     4.166249 ms
    Computation took 239.442756 ms
    Reading took     171.011000 us
  Sample 44...
Starting computation...
    Writing took     4.309662 ms
    Computation took 236.822507 ms
    Reading took     163.865000 us
  Sample 45...
Starting computation...
    Writing took     4.163118 ms
    Computation took 236.250964 ms
    Reading took     233.595000 us
  Sample 46...
Starting computation...
    Writing took     7.594848 ms
    Computation took 233.165337 ms
    Reading took     169.572000 us
  Sample 47...
Starting computation...
    Writing took     4.664068 ms
    Computation took 232.713056 ms
    Reading took     170.448000 us
  Sample 48...
Starting computation...
    Writing took     4.711101 ms
    Computation took 232.121963 ms
    Reading took     279.802000 us
  Sample 49...
Starting computation...
    Writing took     7.774676 ms
    Computation took 231.748224 ms
    Reading took     179.351000 us
  Sample 50...
Starting computation...
    Writing took     4.612021 ms
    Computation took 231.871586 ms
    Reading took     181.230000 us
  Sample 51...
Starting computation...
    Writing took     4.622249 ms
    Computation took 231.796160 ms
    Reading took     277.465000 us
  Sample 52...
Starting computation...
    Writing took     7.963765 ms
    Computation took 231.731234 ms
    Reading took     171.510000 us
  Sample 53...
Starting computation...
    Writing took     4.626523 ms
    Computation took 234.812489 ms
    Reading took     170.466000 us
  Sample 54...
Starting computation...
    Writing took     4.622566 ms
    Computation took 243.305579 ms
    Reading took     281.947000 us
  Sample 55...
Starting computation...
    Writing took     7.967807 ms
    Computation took 245.801771 ms
    Reading took     173.296000 us
  Sample 56...
Starting computation...
    Writing took     4.641676 ms
    Computation took 246.124183 ms
    Reading took     264.696000 us
  Sample 57...
Starting computation...
    Writing took     6.681613 ms
    Computation took 242.369577 ms
    Reading took     197.466000 us
  Sample 58...
Starting computation...
    Writing took     4.005910 ms
    Computation took 241.089538 ms
    Reading took     138.620000 us
  Sample 59...
Starting computation...
    Writing took     3.810345 ms
    Computation took 239.229601 ms
    Reading took     152.844000 us
  Sample 60...
Starting computation...
    Writing took     4.036188 ms
    Computation took 237.098976 ms
    Reading took     148.530000 us
  Sample 61...
Starting computation...
    Writing took     4.067767 ms
    Computation took 236.093622 ms
    Reading took     177.421000 us
  Sample 62...
Starting computation...
    Writing took     4.700614 ms
    Computation took 233.307175 ms
    Reading took     180.690000 us
  Sample 63...
Starting computation...
    Writing took     4.697065 ms
    Computation took 232.718848 ms
    Reading took     169.116000 us
  Sample 64...
Starting computation...
    Writing took     4.686795 ms
    Computation took 231.877412 ms
    Reading took     171.493000 us
  Sample 65...
Starting computation...
    Writing took     4.623551 ms
    Computation took 231.715036 ms
    Reading took     154.864000 us
  Sample 66...
Starting computation...
    Writing took     4.098503 ms
    Computation took 231.628969 ms
    Reading took     147.359000 us
  Sample 67...
Starting computation...
    Writing took     4.032184 ms
    Computation took 231.536895 ms
    Reading took     152.730000 us
  Sample 68...
Starting computation...
    Writing took     4.157359 ms
    Computation took 231.560008 ms
    Reading took     164.465000 us
  Sample 69...
Starting computation...
    Writing took     4.367956 ms
    Computation took 231.595198 ms
    Reading took     160.797000 us
  Sample 70...
Starting computation...
    Writing took     4.378186 ms
    Computation took 233.040446 ms
    Reading took     169.288000 us
  Sample 71...
Starting computation...
    Writing took     4.619304 ms
    Computation took 240.088808 ms
    Reading took     168.531000 us
  Sample 72...
Starting computation...
    Writing took     4.600511 ms
    Computation took 241.848000 ms
    Reading took     171.100000 us
  Sample 73...
Starting computation...
    Writing took     4.585501 ms
    Computation took 239.673823 ms
    Reading took     175.305000 us
  Sample 74...
Starting computation...
    Writing took     4.627824 ms
    Computation took 235.424603 ms
    Reading took     179.605000 us
  Sample 75...
Starting computation...
    Writing took     4.614317 ms
    Computation took 235.775770 ms
    Reading took     170.061000 us
  Sample 76...
Starting computation...
    Writing took     4.593689 ms
    Computation took 233.149998 ms
    Reading took     168.536000 us
  Sample 77...
Starting computation...
    Writing took     4.587057 ms
    Computation took 233.469361 ms
    Reading took     149.537000 us
  Sample 78...
Starting computation...
    Writing took     4.085505 ms
    Computation took 231.827583 ms
    Reading took     169.860000 us
  Sample 79...
Starting computation...
    Writing took     4.693678 ms
    Computation took 231.578549 ms
    Reading took     170.166000 us
  Sample 80...
Starting computation...
    Writing took     4.697593 ms
    Computation took 231.712581 ms
    Reading took     168.913000 us
  Sample 81...
Starting computation...
    Writing took     4.619261 ms
    Computation took 231.609005 ms
    Reading took     169.434000 us
  Sample 82...
Starting computation...
    Writing took     4.719961 ms
    Computation took 231.690462 ms
    Reading took     207.722000 us
  Sample 83...
Starting computation...
    Writing took     4.680067 ms
    Computation took 231.687747 ms
    Reading took     143.693000 us
  Sample 84...
Starting computation...
    Writing took     3.850161 ms
    Computation took 231.650428 ms
    Reading took     177.471000 us
  Sample 85...
Starting computation...
    Writing took     3.528645 ms
    Computation took 231.539702 ms
    Reading took     151.714000 us
  Sample 86...
Starting computation...
    Writing took     4.022181 ms
    Computation took 231.606326 ms
    Reading took     153.783000 us
  Sample 87...
Starting computation...
    Writing took     4.214578 ms
    Computation took 231.699645 ms
    Reading took     154.376000 us
  Sample 88...
Starting computation...
    Writing took     4.321794 ms
    Computation took 233.507824 ms
    Reading took     257.333000 us
  Sample 89...
Starting computation...
    Writing took     7.941437 ms
    Computation took 237.557475 ms
    Reading took     168.582000 us
  Sample 90...
Starting computation...
    Writing took     4.665009 ms
    Computation took 239.018487 ms
    Reading took     264.646000 us
  Sample 91...
Starting computation...
    Writing took     8.018464 ms
    Computation took 238.439718 ms
    Reading took     174.306000 us
  Sample 92...
Starting computation...
    Writing took     4.623248 ms
    Computation took 234.621829 ms
    Reading took     168.189000 us
  Sample 93...
Starting computation...
    Writing took     4.619355 ms
    Computation took 233.735013 ms
    Reading took     286.989000 us
  Sample 94...
Starting computation...
    Writing took     7.663036 ms
    Computation took 232.525755 ms
    Reading took     226.016000 us
  Sample 95...
Starting computation...
    Writing took     7.764721 ms
    Computation took 231.802027 ms
    Reading took     263.807000 us
  Sample 96...
Starting computation...
    Writing took     7.787306 ms
    Computation took 231.549662 ms
    Reading took     187.895000 us
  Sample 97...
Starting computation...
    Writing took     4.482972 ms
    Computation took 231.758829 ms
    Reading took     164.890000 us
  Sample 98...
Starting computation...
    Writing took     4.286097 ms
    Computation took 231.691816 ms
    Reading took     154.198000 us
  Sample 99...
Starting computation...
    Writing took     4.164069 ms
    Computation took 232.339185 ms
    Reading took     153.553000 us
Mean computation time: 233.452561 ms
Mean deviation: 2.462425 ms (1.05479%)
Mean computation time (per hash): 3.765363 ms
Mean deviation (per hash): 39.716000 us
