Using device #0: CUDA Device 'GeForce GTX 1080 Ti'
  Sample 0...
Starting computation...
    Writing took     5.483523 ms
    Computation took 230.501767 ms
    Reading took     161.660000 us
  Sample 1...
Starting computation...
    Writing took     4.123953 ms
    Computation took 230.597070 ms
    Reading took     260.394000 us
  Sample 2...
Starting computation...
    Writing took     4.226016 ms
    Computation took 229.900501 ms
    Reading took     135.185000 us
  Sample 3...
Starting computation...
    Writing took     3.440414 ms
    Computation took 231.047686 ms
    Reading took     135.686000 us
  Sample 4...
Starting computation...
    Writing took     3.322834 ms
    Computation took 230.247696 ms
    Reading took     115.224000 us
  Sample 5...
Starting computation...
    Writing took     3.020287 ms
    Computation took 230.531815 ms
    Reading took     120.822000 us
  Sample 6...
Starting computation...
    Writing took     3.057813 ms
    Computation took 230.048438 ms
    Reading took     122.568000 us
  Sample 7...
Starting computation...
    Writing took     3.255694 ms
    Computation took 230.046754 ms
    Reading took     113.926000 us
  Sample 8...
Starting computation...
    Writing took     2.900081 ms
    Computation took 230.524697 ms
    Reading took     118.695000 us
  Sample 9...
Starting computation...
    Writing took     3.019773 ms
    Computation took 230.263431 ms
    Reading took     120.190000 us
  Sample 10...
Starting computation...
    Writing took     3.135875 ms
    Computation took 230.287535 ms
    Reading took     122.547000 us
  Sample 11...
Starting computation...
    Writing took     3.277734 ms
    Computation took 230.286263 ms
    Reading took     123.806000 us
  Sample 12...
Starting computation...
    Writing took     3.023313 ms
    Computation took 230.618212 ms
    Reading took     121.312000 us
  Sample 13...
Starting computation...
    Writing took     3.263014 ms
    Computation took 230.191594 ms
    Reading took     155.020000 us
  Sample 14...
Starting computation...
    Writing took     4.249315 ms
    Computation took 230.523822 ms
    Reading took     148.409000 us
  Sample 15...
Starting computation...
    Writing took     4.027735 ms
    Computation took 230.244148 ms
    Reading took     147.836000 us
  Sample 16...
Starting computation...
    Writing took     4.075243 ms
    Computation took 229.932810 ms
    Reading took     141.050000 us
  Sample 17...
Starting computation...
    Writing took     3.251500 ms
    Computation took 230.514986 ms
    Reading took     129.999000 us
  Sample 18...
Starting computation...
    Writing took     3.406993 ms
    Computation took 229.954868 ms
    Reading took     140.757000 us
  Sample 19...
Starting computation...
    Writing took     3.697603 ms
    Computation took 230.092013 ms
    Reading took     143.567000 us
  Sample 20...
Starting computation...
    Writing took     3.742911 ms
    Computation took 230.149758 ms
    Reading took     139.400000 us
  Sample 21...
Starting computation...
    Writing took     3.705524 ms
    Computation took 230.384867 ms
    Reading took     112.618000 us
  Sample 22...
Starting computation...
    Writing took     2.898797 ms
    Computation took 230.086634 ms
    Reading took     114.028000 us
  Sample 23...
Starting computation...
    Writing took     3.018075 ms
    Computation took 230.200351 ms
    Reading took     117.311000 us
  Sample 24...
Starting computation...
    Writing took     3.045498 ms
    Computation took 230.374392 ms
    Reading took     125.552000 us
  Sample 25...
Starting computation...
    Writing took     3.408408 ms
    Computation took 230.490474 ms
    Reading took     130.962000 us
  Sample 26...
Starting computation...
    Writing took     3.311763 ms
    Computation took 230.032153 ms
    Reading took     125.094000 us
  Sample 27...
Starting computation...
    Writing took     3.468051 ms
    Computation took 229.919238 ms
    Reading took     129.400000 us
  Sample 28...
Starting computation...
    Writing took     3.479512 ms
    Computation took 230.196365 ms
    Reading took     128.025000 us
  Sample 29...
Starting computation...
    Writing took     3.426526 ms
    Computation took 230.045512 ms
    Reading took     110.821000 us
  Sample 30...
Starting computation...
    Writing took     3.023325 ms
    Computation took 230.050477 ms
    Reading took     142.800000 us
  Sample 31...
Starting computation...
    Writing took     3.078027 ms
    Computation took 230.206178 ms
    Reading took     117.510000 us
  Sample 32...
Starting computation...
    Writing took     3.061518 ms
    Computation took 230.181950 ms
    Reading took     123.834000 us
  Sample 33...
Starting computation...
    Writing took     3.242207 ms
    Computation took 229.973153 ms
    Reading took     126.763000 us
  Sample 34...
Starting computation...
    Writing took     3.097933 ms
    Computation took 232.836537 ms
    Reading took     143.897000 us
  Sample 35...
Starting computation...
    Writing took     3.287634 ms
    Computation took 230.012522 ms
    Reading took     141.006000 us
  Sample 36...
Starting computation...
    Writing took     3.730980 ms
    Computation took 230.300980 ms
    Reading took     152.177000 us
  Sample 37...
Starting computation...
    Writing took     3.699192 ms
    Computation took 230.242815 ms
    Reading took     137.501000 us
  Sample 38...
Starting computation...
    Writing took     3.777991 ms
    Computation took 230.502743 ms
    Reading took     136.470000 us
  Sample 39...
Starting computation...
    Writing took     3.748866 ms
    Computation took 230.817535 ms
    Reading took     138.466000 us
  Sample 40...
Starting computation...
    Writing took     5.139443 ms
    Computation took 230.129665 ms
    Reading took     138.640000 us
  Sample 41...
Starting computation...
    Writing took     3.769880 ms
    Computation took 230.187432 ms
    Reading took     141.823000 us
  Sample 42...
Starting computation...
    Writing took     3.722671 ms
    Computation took 230.179459 ms
    Reading took     151.287000 us
  Sample 43...
Starting computation...
    Writing took     3.726340 ms
    Computation took 230.036492 ms
    Reading took     136.753000 us
  Sample 44...
Starting computation...
    Writing took     3.716155 ms
    Computation took 229.998029 ms
    Reading took     139.297000 us
  Sample 45...
Starting computation...
    Writing took     3.722449 ms
    Computation took 231.124268 ms
    Reading took     140.229000 us
  Sample 46...
Starting computation...
    Writing took     3.738153 ms
    Computation took 230.471468 ms
    Reading took     139.938000 us
  Sample 47...
Starting computation...
    Writing took     3.428837 ms
    Computation took 230.214693 ms
    Reading took     138.917000 us
  Sample 48...
Starting computation...
    Writing took     3.731044 ms
    Computation took 230.029764 ms
    Reading took     164.900000 us
  Sample 49...
Starting computation...
    Writing took     3.750002 ms
    Computation took 230.004802 ms
    Reading took     136.060000 us
  Sample 50...
Starting computation...
    Writing took     3.716150 ms
    Computation took 230.425689 ms
    Reading took     136.743000 us
  Sample 51...
Starting computation...
    Writing took     3.686707 ms
    Computation took 230.711740 ms
    Reading took     216.162000 us
  Sample 52...
Starting computation...
    Writing took     6.316755 ms
    Computation took 230.068585 ms
    Reading took     141.999000 us
  Sample 53...
Starting computation...
    Writing took     3.725390 ms
    Computation took 230.373242 ms
    Reading took     138.405000 us
  Sample 54...
Starting computation...
    Writing took     3.745066 ms
    Computation took 230.980653 ms
    Reading took     140.006000 us
  Sample 55...
Starting computation...
    Writing took     3.753042 ms
    Computation took 230.393319 ms
    Reading took     139.820000 us
  Sample 56...
Starting computation...
    Writing took     3.763191 ms
    Computation took 230.357479 ms
    Reading took     138.611000 us
  Sample 57...
Starting computation...
    Writing took     3.740377 ms
    Computation took 230.564795 ms
    Reading took     140.158000 us
  Sample 58...
Starting computation...
    Writing took     3.703618 ms
    Computation took 232.587275 ms
    Reading took     138.310000 us
  Sample 59...
Starting computation...
    Writing took     3.699105 ms
    Computation took 232.397485 ms
    Reading took     145.823000 us
  Sample 60...
Starting computation...
    Writing took     3.699963 ms
    Computation took 230.715381 ms
    Reading took     138.420000 us
  Sample 61...
Starting computation...
    Writing took     3.729031 ms
    Computation took 230.578580 ms
    Reading took     138.021000 us
  Sample 62...
Starting computation...
    Writing took     3.724614 ms
    Computation took 229.944507 ms
    Reading took     138.345000 us
  Sample 63...
Starting computation...
    Writing took     3.707165 ms
    Computation took 230.516494 ms
    Reading took     137.855000 us
  Sample 64...
Starting computation...
    Writing took     3.759576 ms
    Computation took 231.026034 ms
    Reading took     140.125000 us
  Sample 65...
Starting computation...
    Writing took     3.716025 ms
    Computation took 230.138745 ms
    Reading took     137.617000 us
  Sample 66...
Starting computation...
    Writing took     3.744001 ms
    Computation took 230.416308 ms
    Reading took     120.298000 us
  Sample 67...
Starting computation...
    Writing took     3.091228 ms
    Computation took 231.152176 ms
    Reading took     112.578000 us
  Sample 68...
Starting computation...
    Writing took     2.990870 ms
    Computation took 231.120735 ms
    Reading took     116.378000 us
  Sample 69...
Starting computation...
    Writing took     3.063336 ms
    Computation took 230.352595 ms
    Reading took     116.717000 us
  Sample 70...
Starting computation...
    Writing took     3.240200 ms
    Computation took 230.442826 ms
    Reading took     125.965000 us
  Sample 71...
Starting computation...
    Writing took     3.348356 ms
    Computation took 230.299295 ms
    Reading took     123.541000 us
  Sample 72...
Starting computation...
    Writing took     3.297924 ms
    Computation took 229.936363 ms
    Reading took     141.142000 us
  Sample 73...
Starting computation...
    Writing took     3.738739 ms
    Computation took 230.524209 ms
    Reading took     139.258000 us
  Sample 74...
Starting computation...
    Writing took     3.798360 ms
    Computation took 230.581629 ms
    Reading took     137.689000 us
  Sample 75...
Starting computation...
    Writing took     3.810652 ms
    Computation took 230.273780 ms
    Reading took     138.473000 us
  Sample 76...
Starting computation...
    Writing took     3.784945 ms
    Computation took 230.442292 ms
    Reading took     137.957000 us
  Sample 77...
Starting computation...
    Writing took     3.766633 ms
    Computation took 229.947159 ms
    Reading took     123.133000 us
  Sample 78...
Starting computation...
    Writing took     3.245379 ms
    Computation took 230.288952 ms
    Reading took     110.792000 us
  Sample 79...
Starting computation...
    Writing took     2.895754 ms
    Computation took 229.876975 ms
    Reading took     111.098000 us
  Sample 80...
Starting computation...
    Writing took     2.849888 ms
    Computation took 230.382871 ms
    Reading took     131.149000 us
  Sample 81...
Starting computation...
    Writing took     8.881314 ms
    Computation took 230.385684 ms
    Reading took     117.822000 us
  Sample 82...
Starting computation...
    Writing took     3.133271 ms
    Computation took 229.957375 ms
    Reading took     117.399000 us
  Sample 83...
Starting computation...
    Writing took     3.210904 ms
    Computation took 230.227068 ms
    Reading took     111.224000 us
  Sample 84...
Starting computation...
    Writing took     3.034435 ms
    Computation took 230.274826 ms
    Reading took     116.317000 us
  Sample 85...
Starting computation...
    Writing took     2.965694 ms
    Computation took 230.267650 ms
    Reading took     136.470000 us
  Sample 86...
Starting computation...
    Writing took     3.756434 ms
    Computation took 230.241500 ms
    Reading took     131.720000 us
  Sample 87...
Starting computation...
    Writing took     3.311627 ms
    Computation took 230.482862 ms
    Reading took     132.423000 us
  Sample 88...
Starting computation...
    Writing took     3.210369 ms
    Computation took 230.054396 ms
    Reading took     131.231000 us
  Sample 89...
Starting computation...
    Writing took     3.318155 ms
    Computation took 230.163156 ms
    Reading took     134.010000 us
  Sample 90...
Starting computation...
    Writing took     3.098411 ms
    Computation took 231.124102 ms
    Reading took     126.230000 us
  Sample 91...
Starting computation...
    Writing took     3.075023 ms
    Computation took 230.506367 ms
    Reading took     126.829000 us
  Sample 92...
Starting computation...
    Writing took     3.063392 ms
    Computation took 229.993613 ms
    Reading took     226.461000 us
  Sample 93...
Starting computation...
    Writing took     6.446457 ms
    Computation took 229.984240 ms
    Reading took     117.480000 us
  Sample 94...
Starting computation...
    Writing took     3.027381 ms
    Computation took 230.333146 ms
    Reading took     118.736000 us
  Sample 95...
Starting computation...
    Writing took     3.100500 ms
    Computation took 229.940821 ms
    Reading took     117.032000 us
  Sample 96...
Starting computation...
    Writing took     3.066146 ms
    Computation took 230.073319 ms
    Reading took     124.518000 us
  Sample 97...
Starting computation...
    Writing took     3.369511 ms
    Computation took 229.882510 ms
    Reading took     129.192000 us
  Sample 98...
Starting computation...
    Writing took     3.465219 ms
    Computation took 230.093318 ms
    Reading took     133.369000 us
  Sample 99...
Starting computation...
    Writing took     3.472172 ms
    Computation took 230.084481 ms
    Reading took     131.002000 us
Mean computation time: 230.376254 ms
Mean deviation: 312.995000 us (0.135863%)
Mean computation time (per hash): 4.607524 ms
Mean deviation (per hash): 6.259000 us
