Using device #0: CUDA Device 'GeForce GTX 1080 Ti'
  Sample 0...
Starting computation...
    Writing took     13.325772 ms
    Computation took 390.825908 ms
    Reading took     356.235000 us
  Sample 1...
Starting computation...
    Writing took     9.429012 ms
    Computation took 390.204584 ms
    Reading took     484.996000 us
  Sample 2...
Starting computation...
    Writing took     10.997651 ms
    Computation took 389.317692 ms
    Reading took     312.973000 us
  Sample 3...
Starting computation...
    Writing took     8.663353 ms
    Computation took 388.296230 ms
    Reading took     313.720000 us
  Sample 4...
Starting computation...
    Writing took     8.619718 ms
    Computation took 390.372594 ms
    Reading took     312.078000 us
  Sample 5...
Starting computation...
    Writing took     8.657954 ms
    Computation took 390.627012 ms
    Reading took     311.622000 us
  Sample 6...
Starting computation...
    Writing took     8.721483 ms
    Computation took 390.216299 ms
    Reading took     293.099000 us
  Sample 7...
Starting computation...
    Writing took     7.986450 ms
    Computation took 390.171712 ms
    Reading took     330.030000 us
  Sample 8...
Starting computation...
    Writing took     8.713866 ms
    Computation took 390.591083 ms
    Reading took     329.133000 us
  Sample 9...
Starting computation...
    Writing took     9.563392 ms
    Computation took 389.638283 ms
    Reading took     326.642000 us
  Sample 10...
Starting computation...
    Writing took     8.684094 ms
    Computation took 389.918009 ms
    Reading took     414.747000 us
  Sample 11...
Starting computation...
    Writing took     9.020244 ms
    Computation took 389.771389 ms
    Reading took     328.455000 us
  Sample 12...
Starting computation...
    Writing took     8.704799 ms
    Computation took 389.334796 ms
    Reading took     347.630000 us
  Sample 13...
Starting computation...
    Writing took     9.078760 ms
    Computation took 390.181751 ms
    Reading took     350.915000 us
  Sample 14...
Starting computation...
    Writing took     10.830869 ms
    Computation took 391.219561 ms
    Reading took     337.418000 us
  Sample 15...
Starting computation...
    Writing took     8.739081 ms
    Computation took 394.796173 ms
    Reading took     338.932000 us
  Sample 16...
Starting computation...
    Writing took     9.436561 ms
    Computation took 396.947816 ms
    Reading took     401.356000 us
  Sample 17...
Starting computation...
    Writing took     10.559726 ms
    Computation took 397.361684 ms
    Reading took     313.160000 us
  Sample 18...
Starting computation...
    Writing took     10.787903 ms
    Computation took 395.790507 ms
    Reading took     302.584000 us
  Sample 19...
Starting computation...
    Writing took     8.320727 ms
    Computation took 391.732336 ms
    Reading took     298.941000 us
  Sample 20...
Starting computation...
    Writing took     8.004064 ms
    Computation took 391.501392 ms
    Reading took     311.078000 us
  Sample 21...
Starting computation...
    Writing took     8.615625 ms
    Computation took 392.287514 ms
    Reading took     313.205000 us
  Sample 22...
Starting computation...
    Writing took     8.648726 ms
    Computation took 389.758726 ms
    Reading took     313.755000 us
  Sample 23...
Starting computation...
    Writing took     8.805093 ms
    Computation took 389.946952 ms
    Reading took     551.082000 us
  Sample 24...
Starting computation...
    Writing took     14.764283 ms
    Computation took 389.131736 ms
    Reading took     311.142000 us
  Sample 25...
Starting computation...
    Writing took     8.649467 ms
    Computation took 389.824460 ms
    Reading took     305.773000 us
  Sample 26...
Starting computation...
    Writing took     8.401228 ms
    Computation took 388.069769 ms
    Reading took     311.010000 us
  Sample 27...
Starting computation...
    Writing took     8.622235 ms
    Computation took 389.696659 ms
    Reading took     310.819000 us
  Sample 28...
Starting computation...
    Writing took     8.635589 ms
    Computation took 389.266394 ms
    Reading took     323.556000 us
  Sample 29...
Starting computation...
    Writing took     8.635926 ms
    Computation took 389.170561 ms
    Reading took     310.433000 us
  Sample 30...
Starting computation...
    Writing took     8.650890 ms
    Computation took 390.080793 ms
    Reading took     302.840000 us
  Sample 31...
Starting computation...
    Writing took     8.436330 ms
    Computation took 389.026767 ms
    Reading took     312.235000 us
  Sample 32...
Starting computation...
    Writing took     11.941724 ms
    Computation took 390.106828 ms
    Reading took     300.948000 us
  Sample 33...
Starting computation...
    Writing took     8.492224 ms
    Computation took 389.864624 ms
    Reading took     322.630000 us
  Sample 34...
Starting computation...
    Writing took     8.643730 ms
    Computation took 389.279176 ms
    Reading took     312.513000 us
  Sample 35...
Starting computation...
    Writing took     8.620347 ms
    Computation took 389.687976 ms
    Reading took     303.934000 us
  Sample 36...
Starting computation...
    Writing took     8.295808 ms
    Computation took 391.028320 ms
    Reading took     313.801000 us
  Sample 37...
Starting computation...
    Writing took     8.673847 ms
    Computation took 394.644003 ms
    Reading took     498.396000 us
  Sample 38...
Starting computation...
    Writing took     15.184855 ms
    Computation took 397.211855 ms
    Reading took     348.362000 us
  Sample 39...
Starting computation...
    Writing took     8.967141 ms
    Computation took 397.075124 ms
    Reading took     310.865000 us
  Sample 40...
Starting computation...
    Writing took     8.624930 ms
    Computation took 396.382974 ms
    Reading took     321.920000 us
  Sample 41...
Starting computation...
    Writing took     9.478280 ms
    Computation took 396.544304 ms
    Reading took     312.557000 us
  Sample 42...
Starting computation...
    Writing took     8.621953 ms
    Computation took 396.623155 ms
    Reading took     313.373000 us
  Sample 43...
Starting computation...
    Writing took     9.213895 ms
    Computation took 398.720931 ms
    Reading took     310.380000 us
  Sample 44...
Starting computation...
    Writing took     9.222384 ms
    Computation took 394.232612 ms
    Reading took     293.394000 us
  Sample 45...
Starting computation...
    Writing took     8.092208 ms
    Computation took 390.550831 ms
    Reading took     328.199000 us
  Sample 46...
Starting computation...
    Writing took     8.635384 ms
    Computation took 392.618921 ms
    Reading took     301.527000 us
  Sample 47...
Starting computation...
    Writing took     8.389728 ms
    Computation took 389.880665 ms
    Reading took     286.004000 us
  Sample 48...
Starting computation...
    Writing took     7.815451 ms
    Computation took 390.122267 ms
    Reading took     302.011000 us
  Sample 49...
Starting computation...
    Writing took     8.320164 ms
    Computation took 389.719418 ms
    Reading took     327.746000 us
  Sample 50...
Starting computation...
    Writing took     8.531967 ms
    Computation took 389.953148 ms
    Reading took     339.428000 us
  Sample 51...
Starting computation...
    Writing took     9.455589 ms
    Computation took 389.860626 ms
    Reading took     341.431000 us
  Sample 52...
Starting computation...
    Writing took     11.532536 ms
    Computation took 389.240140 ms
    Reading took     313.360000 us
  Sample 53...
Starting computation...
    Writing took     8.649781 ms
    Computation took 389.747726 ms
    Reading took     313.233000 us
  Sample 54...
Starting computation...
    Writing took     8.613904 ms
    Computation took 390.275672 ms
    Reading took     391.164000 us
  Sample 55...
Starting computation...
    Writing took     11.638952 ms
    Computation took 390.094072 ms
    Reading took     458.928000 us
  Sample 56...
Starting computation...
    Writing took     9.364012 ms
    Computation took 390.658033 ms
    Reading took     507.835000 us
  Sample 57...
Starting computation...
    Writing took     13.968349 ms
    Computation took 389.804881 ms
    Reading took     348.533000 us
  Sample 58...
Starting computation...
    Writing took     9.428601 ms
    Computation took 390.141841 ms
    Reading took     293.573000 us
  Sample 59...
Starting computation...
    Writing took     8.150327 ms
    Computation took 389.118327 ms
    Reading took     313.492000 us
  Sample 60...
Starting computation...
    Writing took     8.614636 ms
    Computation took 389.407329 ms
    Reading took     310.251000 us
  Sample 61...
Starting computation...
    Writing took     8.710575 ms
    Computation took 390.402533 ms
    Reading took     312.718000 us
  Sample 62...
Starting computation...
    Writing took     9.049796 ms
    Computation took 390.718650 ms
    Reading took     313.024000 us
  Sample 63...
Starting computation...
    Writing took     8.658489 ms
    Computation took 393.061993 ms
    Reading took     310.414000 us
  Sample 64...
Starting computation...
    Writing took     8.612440 ms
    Computation took 395.490896 ms
    Reading took     294.925000 us
  Sample 65...
Starting computation...
    Writing took     8.526991 ms
    Computation took 395.558849 ms
    Reading took     467.381000 us
  Sample 66...
Starting computation...
    Writing took     13.633434 ms
    Computation took 389.885706 ms
    Reading took     310.124000 us
  Sample 67...
Starting computation...
    Writing took     8.347328 ms
    Computation took 391.833944 ms
    Reading took     350.811000 us
  Sample 68...
Starting computation...
    Writing took     9.470208 ms
    Computation took 389.644232 ms
    Reading took     321.887000 us
  Sample 69...
Starting computation...
    Writing took     8.631205 ms
    Computation took 389.816126 ms
    Reading took     312.374000 us
  Sample 70...
Starting computation...
    Writing took     8.640066 ms
    Computation took 389.801697 ms
    Reading took     311.654000 us
  Sample 71...
Starting computation...
    Writing took     8.640783 ms
    Computation took 389.998849 ms
    Reading took     311.616000 us
  Sample 72...
Starting computation...
    Writing took     8.678699 ms
    Computation took 389.162395 ms
    Reading took     547.323000 us
  Sample 73...
Starting computation...
    Writing took     11.048905 ms
    Computation took 390.105582 ms
    Reading took     353.041000 us
  Sample 74...
Starting computation...
    Writing took     12.923921 ms
    Computation took 388.685831 ms
    Reading took     322.630000 us
  Sample 75...
Starting computation...
    Writing took     8.705156 ms
    Computation took 389.910109 ms
    Reading took     311.889000 us
  Sample 76...
Starting computation...
    Writing took     9.873734 ms
    Computation took 388.603124 ms
    Reading took     321.011000 us
  Sample 77...
Starting computation...
    Writing took     8.632904 ms
    Computation took 389.707381 ms
    Reading took     311.773000 us
  Sample 78...
Starting computation...
    Writing took     8.615391 ms
    Computation took 391.062163 ms
    Reading took     311.671000 us
  Sample 79...
Starting computation...
    Writing took     8.639396 ms
    Computation took 390.417861 ms
    Reading took     313.572000 us
  Sample 80...
Starting computation...
    Writing took     8.635990 ms
    Computation took 390.022921 ms
    Reading took     314.607000 us
  Sample 81...
Starting computation...
    Writing took     8.648377 ms
    Computation took 388.754300 ms
    Reading took     314.299000 us
  Sample 82...
Starting computation...
    Writing took     8.658220 ms
    Computation took 389.840792 ms
    Reading took     312.443000 us
  Sample 83...
Starting computation...
    Writing took     9.410439 ms
    Computation took 390.533913 ms
    Reading took     301.416000 us
  Sample 84...
Starting computation...
    Writing took     9.058061 ms
    Computation took 389.436271 ms
    Reading took     331.185000 us
  Sample 85...
Starting computation...
    Writing took     8.711651 ms
    Computation took 390.835168 ms
    Reading took     327.532000 us
  Sample 86...
Starting computation...
    Writing took     8.496799 ms
    Computation took 390.969337 ms
    Reading took     526.236000 us
  Sample 87...
Starting computation...
    Writing took     15.239770 ms
    Computation took 391.712022 ms
    Reading took     327.812000 us
  Sample 88...
Starting computation...
    Writing took     8.705312 ms
    Computation took 390.209282 ms
    Reading took     356.586000 us
  Sample 89...
Starting computation...
    Writing took     8.379429 ms
    Computation took 389.852143 ms
    Reading took     343.244000 us
  Sample 90...
Starting computation...
    Writing took     16.408326 ms
    Computation took 389.038454 ms
    Reading took     359.736000 us
  Sample 91...
Starting computation...
    Writing took     9.005282 ms
    Computation took 388.522489 ms
    Reading took     331.633000 us
  Sample 92...
Starting computation...
    Writing took     8.706899 ms
    Computation took 390.102412 ms
    Reading took     329.440000 us
  Sample 93...
Starting computation...
    Writing took     8.713203 ms
    Computation took 389.733923 ms
    Reading took     568.292000 us
  Sample 94...
Starting computation...
    Writing took     10.252059 ms
    Computation took 390.580512 ms
    Reading took     328.096000 us
  Sample 95...
Starting computation...
    Writing took     8.715796 ms
    Computation took 389.491641 ms
    Reading took     334.873000 us
  Sample 96...
Starting computation...
    Writing took     8.716322 ms
    Computation took 389.786522 ms
    Reading took     330.135000 us
  Sample 97...
Starting computation...
    Writing took     8.717066 ms
    Computation took 389.483962 ms
    Reading took     328.456000 us
  Sample 98...
Starting computation...
    Writing took     8.732559 ms
    Computation took 389.091377 ms
    Reading took     342.399000 us
  Sample 99...
Starting computation...
    Writing took     8.674593 ms
    Computation took 389.384753 ms
    Reading took     557.583000 us
Mean computation time: 390.889230 ms
Mean deviation: 1.683552 ms (0.430698%)
Mean computation time (per hash): 3.340933 ms
Mean deviation (per hash): 14.389000 us
