Using device #0: CUDA Device 'GeForce GTX 1080 Ti'
  Sample 0...
Starting computation...
    Writing took     2.809285 ms
    Computation took 205.482985 ms
    Reading took     145.767000 us
  Sample 1...
Starting computation...
    Writing took     4.473037 ms
    Computation took 205.437536 ms
    Reading took     192.763000 us
  Sample 2...
Starting computation...
    Writing took     5.421410 ms
    Computation took 205.416106 ms
    Reading took     130.618000 us
  Sample 3...
Starting computation...
    Writing took     3.253311 ms
    Computation took 205.460435 ms
    Reading took     129.773000 us
  Sample 4...
Starting computation...
    Writing took     3.274557 ms
    Computation took 205.420836 ms
    Reading took     130.551000 us
  Sample 5...
Starting computation...
    Writing took     3.212883 ms
    Computation took 205.406754 ms
    Reading took     126.899000 us
  Sample 6...
Starting computation...
    Writing took     3.201392 ms
    Computation took 205.430971 ms
    Reading took     106.199000 us
  Sample 7...
Starting computation...
    Writing took     2.487198 ms
    Computation took 205.386093 ms
    Reading took     103.839000 us
  Sample 8...
Starting computation...
    Writing took     2.598796 ms
    Computation took 205.368380 ms
    Reading took     110.053000 us
  Sample 9...
Starting computation...
    Writing took     2.708684 ms
    Computation took 206.233407 ms
    Reading took     116.135000 us
  Sample 10...
Starting computation...
    Writing took     2.865617 ms
    Computation took 206.878650 ms
    Reading took     115.104000 us
  Sample 11...
Starting computation...
    Writing took     2.761184 ms
    Computation took 206.848296 ms
    Reading took     115.386000 us
  Sample 12...
Starting computation...
    Writing took     2.954232 ms
    Computation took 206.912934 ms
    Reading took     115.729000 us
  Sample 13...
Starting computation...
    Writing took     2.730648 ms
    Computation took 206.866664 ms
    Reading took     113.441000 us
  Sample 14...
Starting computation...
    Writing took     2.796808 ms
    Computation took 206.846314 ms
    Reading took     113.201000 us
  Sample 15...
Starting computation...
    Writing took     2.787602 ms
    Computation took 206.862522 ms
    Reading took     119.360000 us
  Sample 16...
Starting computation...
    Writing took     2.956836 ms
    Computation took 206.892785 ms
    Reading took     117.193000 us
  Sample 17...
Starting computation...
    Writing took     2.865341 ms
    Computation took 206.838208 ms
    Reading took     114.387000 us
  Sample 18...
Starting computation...
    Writing took     2.808709 ms
    Computation took 206.827097 ms
    Reading took     115.593000 us
  Sample 19...
Starting computation...
    Writing took     2.886248 ms
    Computation took 206.875633 ms
    Reading took     128.506000 us
  Sample 20...
Starting computation...
    Writing took     3.252540 ms
    Computation took 206.955112 ms
    Reading took     100.251000 us
  Sample 21...
Starting computation...
    Writing took     2.544455 ms
    Computation took 206.884057 ms
    Reading took     104.565000 us
  Sample 22...
Starting computation...
    Writing took     2.721697 ms
    Computation took 206.920283 ms
    Reading took     105.349000 us
  Sample 23...
Starting computation...
    Writing took     2.794195 ms
    Computation took 206.864153 ms
    Reading took     99.553000 us
  Sample 24...
Starting computation...
    Writing took     2.588360 ms
    Computation took 206.913452 ms
    Reading took     107.667000 us
  Sample 25...
Starting computation...
    Writing took     2.794395 ms
    Computation took 206.854744 ms
    Reading took     111.401000 us
  Sample 26...
Starting computation...
    Writing took     2.764751 ms
    Computation took 206.851084 ms
    Reading took     106.769000 us
  Sample 27...
Starting computation...
    Writing took     2.854068 ms
    Computation took 206.845762 ms
    Reading took     108.693000 us
  Sample 28...
Starting computation...
    Writing took     2.870629 ms
    Computation took 206.814490 ms
    Reading took     98.346000 us
  Sample 29...
Starting computation...
    Writing took     2.480876 ms
    Computation took 206.835220 ms
    Reading took     105.636000 us
  Sample 30...
Starting computation...
    Writing took     2.904272 ms
    Computation took 206.943896 ms
    Reading took     111.064000 us
  Sample 31...
Starting computation...
    Writing took     2.935276 ms
    Computation took 206.879320 ms
    Reading took     108.922000 us
  Sample 32...
Starting computation...
    Writing took     2.932526 ms
    Computation took 206.931509 ms
    Reading took     113.628000 us
  Sample 33...
Starting computation...
    Writing took     2.920430 ms
    Computation took 206.878367 ms
    Reading took     111.209000 us
  Sample 34...
Starting computation...
    Writing took     3.041367 ms
    Computation took 206.883441 ms
    Reading took     114.383000 us
  Sample 35...
Starting computation...
    Writing took     2.939390 ms
    Computation took 206.855585 ms
    Reading took     113.150000 us
  Sample 36...
Starting computation...
    Writing took     3.042980 ms
    Computation took 206.843193 ms
    Reading took     97.515000 us
  Sample 37...
Starting computation...
    Writing took     2.836078 ms
    Computation took 206.903931 ms
    Reading took     109.296000 us
  Sample 38...
Starting computation...
    Writing took     2.894544 ms
    Computation took 206.913502 ms
    Reading took     112.726000 us
  Sample 39...
Starting computation...
    Writing took     2.924417 ms
    Computation took 206.855397 ms
    Reading took     111.891000 us
  Sample 40...
Starting computation...
    Writing took     3.087559 ms
    Computation took 206.827885 ms
    Reading took     102.817000 us
  Sample 41...
Starting computation...
    Writing took     2.632144 ms
    Computation took 206.943313 ms
    Reading took     104.117000 us
  Sample 42...
Starting computation...
    Writing took     2.813308 ms
    Computation took 206.876406 ms
    Reading took     173.005000 us
  Sample 43...
Starting computation...
    Writing took     4.592936 ms
    Computation took 206.906853 ms
    Reading took     194.429000 us
  Sample 44...
Starting computation...
    Writing took     5.394341 ms
    Computation took 206.956316 ms
    Reading took     194.845000 us
  Sample 45...
Starting computation...
    Writing took     5.329633 ms
    Computation took 207.076584 ms
    Reading took     121.164000 us
  Sample 46...
Starting computation...
    Writing took     3.202859 ms
    Computation took 207.279816 ms
    Reading took     119.139000 us
  Sample 47...
Starting computation...
    Writing took     3.194506 ms
    Computation took 207.196655 ms
    Reading took     120.753000 us
  Sample 48...
Starting computation...
    Writing took     3.243468 ms
    Computation took 207.187286 ms
    Reading took     98.079000 us
  Sample 49...
Starting computation...
    Writing took     2.463644 ms
    Computation took 207.203943 ms
    Reading took     94.757000 us
  Sample 50...
Starting computation...
    Writing took     2.442157 ms
    Computation took 207.228050 ms
    Reading took     106.754000 us
  Sample 51...
Starting computation...
    Writing took     2.843291 ms
    Computation took 207.217461 ms
    Reading took     108.312000 us
  Sample 52...
Starting computation...
    Writing took     2.921491 ms
    Computation took 207.169767 ms
    Reading took     109.129000 us
  Sample 53...
Starting computation...
    Writing took     2.773748 ms
    Computation took 207.259008 ms
    Reading took     110.138000 us
  Sample 54...
Starting computation...
    Writing took     3.027998 ms
    Computation took 207.184959 ms
    Reading took     120.539000 us
  Sample 55...
Starting computation...
    Writing took     3.202883 ms
    Computation took 207.253697 ms
    Reading took     187.941000 us
  Sample 56...
Starting computation...
    Writing took     3.166168 ms
    Computation took 207.222736 ms
    Reading took     120.900000 us
  Sample 57...
Starting computation...
    Writing took     3.250304 ms
    Computation took 210.183025 ms
    Reading took     174.450000 us
  Sample 58...
Starting computation...
    Writing took     4.412729 ms
    Computation took 207.236354 ms
    Reading took     138.362000 us
  Sample 59...
Starting computation...
    Writing took     3.463969 ms
    Computation took 207.200706 ms
    Reading took     135.126000 us
  Sample 60...
Starting computation...
    Writing took     3.472205 ms
    Computation took 207.200414 ms
    Reading took     138.182000 us
  Sample 61...
Starting computation...
    Writing took     3.531698 ms
    Computation took 207.109165 ms
    Reading took     115.156000 us
  Sample 62...
Starting computation...
    Writing took     2.799453 ms
    Computation took 207.151067 ms
    Reading took     116.658000 us
  Sample 63...
Starting computation...
    Writing took     3.096013 ms
    Computation took 207.165360 ms
    Reading took     117.648000 us
  Sample 64...
Starting computation...
    Writing took     2.739240 ms
    Computation took 207.211844 ms
    Reading took     125.593000 us
  Sample 65...
Starting computation...
    Writing took     2.862398 ms
    Computation took 207.195840 ms
    Reading took     116.790000 us
  Sample 66...
Starting computation...
    Writing took     2.852037 ms
    Computation took 207.156622 ms
    Reading took     111.488000 us
  Sample 67...
Starting computation...
    Writing took     2.805489 ms
    Computation took 207.250794 ms
    Reading took     141.260000 us
  Sample 68...
Starting computation...
    Writing took     3.572169 ms
    Computation took 207.212375 ms
    Reading took     137.684000 us
  Sample 69...
Starting computation...
    Writing took     3.926487 ms
    Computation took 207.286882 ms
    Reading took     181.845000 us
  Sample 70...
Starting computation...
    Writing took     4.722901 ms
    Computation took 207.186152 ms
    Reading took     173.128000 us
  Sample 71...
Starting computation...
    Writing took     2.884720 ms
    Computation took 207.173336 ms
    Reading took     123.236000 us
  Sample 72...
Starting computation...
    Writing took     3.210073 ms
    Computation took 207.244693 ms
    Reading took     146.931000 us
  Sample 73...
Starting computation...
    Writing took     3.590486 ms
    Computation took 207.199918 ms
    Reading took     119.133000 us
  Sample 74...
Starting computation...
    Writing took     2.896781 ms
    Computation took 207.218987 ms
    Reading took     124.578000 us
  Sample 75...
Starting computation...
    Writing took     3.680297 ms
    Computation took 207.214129 ms
    Reading took     114.772000 us
  Sample 76...
Starting computation...
    Writing took     2.790048 ms
    Computation took 207.240973 ms
    Reading took     145.377000 us
  Sample 77...
Starting computation...
    Writing took     5.240247 ms
    Computation took 207.196201 ms
    Reading took     137.567000 us
  Sample 78...
Starting computation...
    Writing took     3.515629 ms
    Computation took 207.264967 ms
    Reading took     140.016000 us
  Sample 79...
Starting computation...
    Writing took     3.532657 ms
    Computation took 207.255283 ms
    Reading took     140.109000 us
  Sample 80...
Starting computation...
    Writing took     3.570112 ms
    Computation took 207.243758 ms
    Reading took     128.031000 us
  Sample 81...
Starting computation...
    Writing took     3.224867 ms
    Computation took 207.215185 ms
    Reading took     130.094000 us
  Sample 82...
Starting computation...
    Writing took     3.209478 ms
    Computation took 207.247577 ms
    Reading took     129.005000 us
  Sample 83...
Starting computation...
    Writing took     3.284109 ms
    Computation took 207.283302 ms
    Reading took     127.877000 us
  Sample 84...
Starting computation...
    Writing took     3.230461 ms
    Computation took 207.321478 ms
    Reading took     128.877000 us
  Sample 85...
Starting computation...
    Writing took     3.205555 ms
    Computation took 207.665516 ms
    Reading took     132.592000 us
  Sample 86...
Starting computation...
    Writing took     3.263263 ms
    Computation took 209.708354 ms
    Reading took     138.812000 us
  Sample 87...
Starting computation...
    Writing took     3.208789 ms
    Computation took 209.607642 ms
    Reading took     128.756000 us
  Sample 88...
Starting computation...
    Writing took     3.213434 ms
    Computation took 209.655717 ms
    Reading took     186.630000 us
  Sample 89...
Starting computation...
    Writing took     5.603234 ms
    Computation took 209.713242 ms
    Reading took     128.533000 us
  Sample 90...
Starting computation...
    Writing took     3.247824 ms
    Computation took 209.666089 ms
    Reading took     130.417000 us
  Sample 91...
Starting computation...
    Writing took     3.262292 ms
    Computation took 209.646092 ms
    Reading took     209.203000 us
  Sample 92...
Starting computation...
    Writing took     5.582099 ms
    Computation took 209.684627 ms
    Reading took     129.216000 us
  Sample 93...
Starting computation...
    Writing took     3.232558 ms
    Computation took 209.619235 ms
    Reading took     129.075000 us
  Sample 94...
Starting computation...
    Writing took     3.195868 ms
    Computation took 209.641247 ms
    Reading took     198.982000 us
  Sample 95...
Starting computation...
    Writing took     5.548611 ms
    Computation took 209.658920 ms
    Reading took     200.240000 us
  Sample 96...
Starting computation...
    Writing took     5.409654 ms
    Computation took 209.624300 ms
    Reading took     129.091000 us
  Sample 97...
Starting computation...
    Writing took     3.231239 ms
    Computation took 209.605017 ms
    Reading took     130.233000 us
  Sample 98...
Starting computation...
    Writing took     3.209507 ms
    Computation took 209.601597 ms
    Reading took     128.155000 us
  Sample 99...
Starting computation...
    Writing took     3.236463 ms
    Computation took 209.636922 ms
    Reading took     130.221000 us
Mean computation time: 207.301107 ms
Mean deviation: 722.403000 us (0.34848%)
Mean computation time (per hash): 4.820955 ms
Mean deviation (per hash): 16.799000 us
