Using device #0: CUDA Device 'GeForce GTX 1080 Ti'
  Sample 0...
Starting computation...
    Writing took     12.852159 ms
    Computation took 327.269756 ms
    Reading took     298.190000 us
  Sample 1...
Starting computation...
    Writing took     7.706832 ms
    Computation took 331.483660 ms
    Reading took     270.658000 us
  Sample 2...
Starting computation...
    Writing took     7.644617 ms
    Computation took 333.237548 ms
    Reading took     272.844000 us
  Sample 3...
Starting computation...
    Writing took     7.792189 ms
    Computation took 332.331204 ms
    Reading took     271.742000 us
  Sample 4...
Starting computation...
    Writing took     8.272948 ms
    Computation took 330.827875 ms
    Reading took     271.195000 us
  Sample 5...
Starting computation...
    Writing took     11.167082 ms
    Computation took 328.717060 ms
    Reading took     456.995000 us
  Sample 6...
Starting computation...
    Writing took     12.436104 ms
    Computation took 327.700399 ms
    Reading took     281.829000 us
  Sample 7...
Starting computation...
    Writing took     7.745517 ms
    Computation took 327.106427 ms
    Reading took     270.405000 us
  Sample 8...
Starting computation...
    Writing took     7.439698 ms
    Computation took 326.928036 ms
    Reading took     280.086000 us
  Sample 9...
Starting computation...
    Writing took     7.838119 ms
    Computation took 327.297766 ms
    Reading took     282.120000 us
  Sample 10...
Starting computation...
    Writing took     7.738917 ms
    Computation took 327.100545 ms
    Reading took     302.100000 us
  Sample 11...
Starting computation...
    Writing took     8.446822 ms
    Computation took 327.749987 ms
    Reading took     281.083000 us
  Sample 12...
Starting computation...
    Writing took     7.751644 ms
    Computation took 327.842436 ms
    Reading took     313.555000 us
  Sample 13...
Starting computation...
    Writing took     8.449698 ms
    Computation took 327.478725 ms
    Reading took     304.302000 us
  Sample 14...
Starting computation...
    Writing took     8.468728 ms
    Computation took 327.832684 ms
    Reading took     388.154000 us
  Sample 15...
Starting computation...
    Writing took     10.313316 ms
    Computation took 327.968389 ms
    Reading took     445.833000 us
  Sample 16...
Starting computation...
    Writing took     13.347458 ms
    Computation took 327.771518 ms
    Reading took     296.547000 us
  Sample 17...
Starting computation...
    Writing took     7.505653 ms
    Computation took 327.364955 ms
    Reading took     279.917000 us
  Sample 18...
Starting computation...
    Writing took     7.656016 ms
    Computation took 327.350788 ms
    Reading took     262.692000 us
  Sample 19...
Starting computation...
    Writing took     7.244984 ms
    Computation took 326.720665 ms
    Reading took     272.789000 us
  Sample 20...
Starting computation...
    Writing took     7.506053 ms
    Computation took 327.885915 ms
    Reading took     269.664000 us
  Sample 21...
Starting computation...
    Writing took     7.558055 ms
    Computation took 329.451427 ms
    Reading took     280.793000 us
  Sample 22...
Starting computation...
    Writing took     7.971369 ms
    Computation took 329.216795 ms
    Reading took     286.752000 us
  Sample 23...
Starting computation...
    Writing took     7.763576 ms
    Computation took 328.341151 ms
    Reading took     262.879000 us
  Sample 24...
Starting computation...
    Writing took     7.165547 ms
    Computation took 328.461117 ms
    Reading took     324.532000 us
  Sample 25...
Starting computation...
    Writing took     8.397926 ms
    Computation took 328.261015 ms
    Reading took     272.828000 us
  Sample 26...
Starting computation...
    Writing took     7.395637 ms
    Computation took 327.927649 ms
    Reading took     311.191000 us
  Sample 27...
Starting computation...
    Writing took     8.448981 ms
    Computation took 327.932479 ms
    Reading took     265.700000 us
  Sample 28...
Starting computation...
    Writing took     7.131430 ms
    Computation took 328.608150 ms
    Reading took     282.955000 us
  Sample 29...
Starting computation...
    Writing took     7.736868 ms
    Computation took 328.815365 ms
    Reading took     282.253000 us
  Sample 30...
Starting computation...
    Writing took     7.737168 ms
    Computation took 328.389857 ms
    Reading took     475.432000 us
  Sample 31...
Starting computation...
    Writing took     14.025247 ms
    Computation took 328.346213 ms
    Reading took     456.584000 us
  Sample 32...
Starting computation...
    Writing took     13.466400 ms
    Computation took 327.941922 ms
    Reading took     262.357000 us
  Sample 33...
Starting computation...
    Writing took     7.839894 ms
    Computation took 328.200384 ms
    Reading took     283.305000 us
  Sample 34...
Starting computation...
    Writing took     7.598182 ms
    Computation took 327.630667 ms
    Reading took     281.691000 us
  Sample 35...
Starting computation...
    Writing took     7.738930 ms
    Computation took 327.295008 ms
    Reading took     281.089000 us
  Sample 36...
Starting computation...
    Writing took     7.767345 ms
    Computation took 326.993584 ms
    Reading took     309.431000 us
  Sample 37...
Starting computation...
    Writing took     8.907924 ms
    Computation took 328.236141 ms
    Reading took     293.580000 us
  Sample 38...
Starting computation...
    Writing took     7.972164 ms
    Computation took 329.208818 ms
    Reading took     280.449000 us
  Sample 39...
Starting computation...
    Writing took     8.229291 ms
    Computation took 329.353634 ms
    Reading took     496.132000 us
  Sample 40...
Starting computation...
    Writing took     14.199419 ms
    Computation took 328.769635 ms
    Reading took     312.502000 us
  Sample 41...
Starting computation...
    Writing took     7.956768 ms
    Computation took 328.849757 ms
    Reading took     281.420000 us
  Sample 42...
Starting computation...
    Writing took     7.725555 ms
    Computation took 328.514101 ms
    Reading took     283.075000 us
  Sample 43...
Starting computation...
    Writing took     7.727506 ms
    Computation took 327.878703 ms
    Reading took     281.050000 us
  Sample 44...
Starting computation...
    Writing took     7.724494 ms
    Computation took 328.032157 ms
    Reading took     272.673000 us
  Sample 45...
Starting computation...
    Writing took     7.559832 ms
    Computation took 328.035551 ms
    Reading took     725.353000 us
  Sample 46...
Starting computation...
    Writing took     16.918377 ms
    Computation took 327.320120 ms
    Reading took     305.693000 us
  Sample 47...
Starting computation...
    Writing took     8.458871 ms
    Computation took 326.959911 ms
    Reading took     414.799000 us
  Sample 48...
Starting computation...
    Writing took     13.271189 ms
    Computation took 326.946627 ms
    Reading took     282.286000 us
  Sample 49...
Starting computation...
    Writing took     8.029279 ms
    Computation took 327.505487 ms
    Reading took     271.515000 us
  Sample 50...
Starting computation...
    Writing took     9.661396 ms
    Computation took 326.925812 ms
    Reading took     280.788000 us
  Sample 51...
Starting computation...
    Writing took     10.010387 ms
    Computation took 327.115820 ms
    Reading took     280.115000 us
  Sample 52...
Starting computation...
    Writing took     7.736122 ms
    Computation took 327.269089 ms
    Reading took     282.543000 us
  Sample 53...
Starting computation...
    Writing took     7.739449 ms
    Computation took 326.780952 ms
    Reading took     305.613000 us
  Sample 54...
Starting computation...
    Writing took     7.855241 ms
    Computation took 327.440949 ms
    Reading took     296.820000 us
  Sample 55...
Starting computation...
    Writing took     7.793572 ms
    Computation took 328.260141 ms
    Reading took     296.459000 us
  Sample 56...
Starting computation...
    Writing took     7.803721 ms
    Computation took 328.025341 ms
    Reading took     299.248000 us
  Sample 57...
Starting computation...
    Writing took     7.817783 ms
    Computation took 328.419951 ms
    Reading took     296.928000 us
  Sample 58...
Starting computation...
    Writing took     7.822138 ms
    Computation took 329.605525 ms
    Reading took     302.893000 us
  Sample 59...
Starting computation...
    Writing took     7.739687 ms
    Computation took 330.319707 ms
    Reading took     296.069000 us
  Sample 60...
Starting computation...
    Writing took     7.798934 ms
    Computation took 329.924684 ms
    Reading took     296.714000 us
  Sample 61...
Starting computation...
    Writing took     7.773611 ms
    Computation took 330.006456 ms
    Reading took     385.052000 us
  Sample 62...
Starting computation...
    Writing took     9.932849 ms
    Computation took 330.491026 ms
    Reading took     301.614000 us
  Sample 63...
Starting computation...
    Writing took     9.618565 ms
    Computation took 329.538678 ms
    Reading took     458.234000 us
  Sample 64...
Starting computation...
    Writing took     13.618929 ms
    Computation took 328.924363 ms
    Reading took     280.640000 us
  Sample 65...
Starting computation...
    Writing took     7.752314 ms
    Computation took 328.667837 ms
    Reading took     280.985000 us
  Sample 66...
Starting computation...
    Writing took     8.132149 ms
    Computation took 329.006096 ms
    Reading took     296.615000 us
  Sample 67...
Starting computation...
    Writing took     7.435087 ms
    Computation took 328.294702 ms
    Reading took     305.192000 us
  Sample 68...
Starting computation...
    Writing took     7.522112 ms
    Computation took 328.122492 ms
    Reading took     291.111000 us
  Sample 69...
Starting computation...
    Writing took     7.700369 ms
    Computation took 327.826965 ms
    Reading took     405.790000 us
  Sample 70...
Starting computation...
    Writing took     8.528376 ms
    Computation took 327.298719 ms
    Reading took     271.598000 us
  Sample 71...
Starting computation...
    Writing took     7.625133 ms
    Computation took 328.379431 ms
    Reading took     280.154000 us
  Sample 72...
Starting computation...
    Writing took     7.706955 ms
    Computation took 330.250109 ms
    Reading took     283.650000 us
  Sample 73...
Starting computation...
    Writing took     7.739923 ms
    Computation took 329.691010 ms
    Reading took     280.742000 us
  Sample 74...
Starting computation...
    Writing took     7.708709 ms
    Computation took 328.352779 ms
    Reading took     280.864000 us
  Sample 75...
Starting computation...
    Writing took     7.749252 ms
    Computation took 327.973168 ms
    Reading took     278.999000 us
  Sample 76...
Starting computation...
    Writing took     7.744685 ms
    Computation took 327.579309 ms
    Reading took     281.656000 us
  Sample 77...
Starting computation...
    Writing took     7.715924 ms
    Computation took 327.411774 ms
    Reading took     298.390000 us
  Sample 78...
Starting computation...
    Writing took     7.693850 ms
    Computation took 327.408055 ms
    Reading took     282.622000 us
  Sample 79...
Starting computation...
    Writing took     7.707431 ms
    Computation took 327.473836 ms
    Reading took     280.753000 us
  Sample 80...
Starting computation...
    Writing took     7.729975 ms
    Computation took 327.455918 ms
    Reading took     280.033000 us
  Sample 81...
Starting computation...
    Writing took     7.751830 ms
    Computation took 327.373085 ms
    Reading took     280.512000 us
  Sample 82...
Starting computation...
    Writing took     7.762775 ms
    Computation took 327.832869 ms
    Reading took     271.959000 us
  Sample 83...
Starting computation...
    Writing took     7.582266 ms
    Computation took 327.420366 ms
    Reading took     370.372000 us
  Sample 84...
Starting computation...
    Writing took     9.092516 ms
    Computation took 326.865629 ms
    Reading took     281.206000 us
  Sample 85...
Starting computation...
    Writing took     7.747255 ms
    Computation took 327.434992 ms
    Reading took     342.220000 us
  Sample 86...
Starting computation...
    Writing took     7.739420 ms
    Computation took 328.639462 ms
    Reading took     415.046000 us
  Sample 87...
Starting computation...
    Writing took     13.194478 ms
    Computation took 328.624918 ms
    Reading took     285.292000 us
  Sample 88...
Starting computation...
    Writing took     7.739338 ms
    Computation took 329.013612 ms
    Reading took     272.291000 us
  Sample 89...
Starting computation...
    Writing took     7.488067 ms
    Computation took 329.444964 ms
    Reading took     286.733000 us
  Sample 90...
Starting computation...
    Writing took     7.755344 ms
    Computation took 329.312012 ms
    Reading took     353.722000 us
  Sample 91...
Starting computation...
    Writing took     8.519678 ms
    Computation took 328.411957 ms
    Reading took     318.881000 us
  Sample 92...
Starting computation...
    Writing took     8.526610 ms
    Computation took 328.532331 ms
    Reading took     287.408000 us
  Sample 93...
Starting computation...
    Writing took     7.586886 ms
    Computation took 328.841829 ms
    Reading took     296.906000 us
  Sample 94...
Starting computation...
    Writing took     7.834349 ms
    Computation took 329.668928 ms
    Reading took     297.446000 us
  Sample 95...
Starting computation...
    Writing took     7.874695 ms
    Computation took 329.221005 ms
    Reading took     495.611000 us
  Sample 96...
Starting computation...
    Writing took     8.711233 ms
    Computation took 328.941412 ms
    Reading took     328.099000 us
  Sample 97...
Starting computation...
    Writing took     8.519656 ms
    Computation took 328.803516 ms
    Reading took     298.479000 us
  Sample 98...
Starting computation...
    Writing took     8.041510 ms
    Computation took 329.072691 ms
    Reading took     477.509000 us
  Sample 99...
Starting computation...
    Writing took     14.384238 ms
    Computation took 328.196415 ms
    Reading took     452.577000 us
Mean computation time: 328.352824 ms
Mean deviation: 863.417000 us (0.262954%)
Mean computation time (per hash): 3.127169 ms
Mean deviation (per hash): 8.222000 us
