Using device #0: CUDA Device 'GeForce GTX 1080 Ti'
  Sample 0...
Starting computation...
    Writing took     241.878000 us
    Computation took 166.653334 ms
    Reading took     15.567000 us
  Sample 1...
Starting computation...
    Writing took     231.134000 us
    Computation took 166.637764 ms
    Reading took     11.814000 us
  Sample 2...
Starting computation...
    Writing took     219.713000 us
    Computation took 166.633537 ms
    Reading took     13.226000 us
  Sample 3...
Starting computation...
    Writing took     229.397000 us
    Computation took 166.644558 ms
    Reading took     12.602000 us
  Sample 4...
Starting computation...
    Writing took     228.381000 us
    Computation took 166.650317 ms
    Reading took     12.584000 us
  Sample 5...
Starting computation...
    Writing took     228.242000 us
    Computation took 166.651561 ms
    Reading took     12.979000 us
  Sample 6...
Starting computation...
    Writing took     229.406000 us
    Computation took 166.624298 ms
    Reading took     12.422000 us
  Sample 7...
Starting computation...
    Writing took     246.466000 us
    Computation took 166.673871 ms
    Reading took     17.887000 us
  Sample 8...
Starting computation...
    Writing took     419.421000 us
    Computation took 166.665929 ms
    Reading took     16.704000 us
  Sample 9...
Starting computation...
    Writing took     360.542000 us
    Computation took 166.666819 ms
    Reading took     12.352000 us
  Sample 10...
Starting computation...
    Writing took     228.157000 us
    Computation took 166.633761 ms
    Reading took     12.596000 us
  Sample 11...
Starting computation...
    Writing took     228.382000 us
    Computation took 166.650949 ms
    Reading took     12.324000 us
  Sample 12...
Starting computation...
    Writing took     219.429000 us
    Computation took 166.650805 ms
    Reading took     10.454000 us
  Sample 13...
Starting computation...
    Writing took     179.999000 us
    Computation took 166.641964 ms
    Reading took     15.450000 us
  Sample 14...
Starting computation...
    Writing took     321.940000 us
    Computation took 166.652289 ms
    Reading took     12.477000 us
  Sample 15...
Starting computation...
    Writing took     211.606000 us
    Computation took 166.662267 ms
    Reading took     10.374000 us
  Sample 16...
Starting computation...
    Writing took     179.997000 us
    Computation took 166.648833 ms
    Reading took     17.134000 us
  Sample 17...
Starting computation...
    Writing took     311.439000 us
    Computation took 166.655617 ms
    Reading took     12.001000 us
  Sample 18...
Starting computation...
    Writing took     262.021000 us
    Computation took 166.634496 ms
    Reading took     13.164000 us
  Sample 19...
Starting computation...
    Writing took     260.234000 us
    Computation took 166.650534 ms
    Reading took     12.668000 us
  Sample 20...
Starting computation...
    Writing took     247.189000 us
    Computation took 166.639802 ms
    Reading took     12.876000 us
  Sample 21...
Starting computation...
    Writing took     248.191000 us
    Computation took 166.635371 ms
    Reading took     13.191000 us
  Sample 22...
Starting computation...
    Writing took     315.607000 us
    Computation took 166.628647 ms
    Reading took     10.580000 us
  Sample 23...
Starting computation...
    Writing took     179.554000 us
    Computation took 166.643985 ms
    Reading took     25.940000 us
  Sample 24...
Starting computation...
    Writing took     275.949000 us
    Computation took 166.649091 ms
    Reading took     11.773000 us
  Sample 25...
Starting computation...
    Writing took     227.588000 us
    Computation took 166.628693 ms
    Reading took     12.091000 us
  Sample 26...
Starting computation...
    Writing took     229.463000 us
    Computation took 166.646396 ms
    Reading took     18.384000 us
  Sample 27...
Starting computation...
    Writing took     314.569000 us
    Computation took 166.670603 ms
    Reading took     12.171000 us
  Sample 28...
Starting computation...
    Writing took     219.327000 us
    Computation took 166.655248 ms
    Reading took     11.984000 us
  Sample 29...
Starting computation...
    Writing took     228.846000 us
    Computation took 166.630773 ms
    Reading took     11.810000 us
  Sample 30...
Starting computation...
    Writing took     227.519000 us
    Computation took 166.644932 ms
    Reading took     13.660000 us
  Sample 31...
Starting computation...
    Writing took     228.218000 us
    Computation took 166.669308 ms
    Reading took     11.656000 us
  Sample 32...
Starting computation...
    Writing took     219.764000 us
    Computation took 166.642394 ms
    Reading took     10.618000 us
  Sample 33...
Starting computation...
    Writing took     203.065000 us
    Computation took 166.612149 ms
    Reading took     11.418000 us
  Sample 34...
Starting computation...
    Writing took     211.248000 us
    Computation took 166.661444 ms
    Reading took     11.782000 us
  Sample 35...
Starting computation...
    Writing took     221.027000 us
    Computation took 166.643591 ms
    Reading took     12.235000 us
  Sample 36...
Starting computation...
    Writing took     232.581000 us
    Computation took 166.637369 ms
    Reading took     14.655000 us
  Sample 37...
Starting computation...
    Writing took     241.011000 us
    Computation took 166.670139 ms
    Reading took     12.759000 us
  Sample 38...
Starting computation...
    Writing took     227.857000 us
    Computation took 166.644695 ms
    Reading took     12.356000 us
  Sample 39...
Starting computation...
    Writing took     219.803000 us
    Computation took 166.629402 ms
    Reading took     11.876000 us
  Sample 40...
Starting computation...
    Writing took     234.107000 us
    Computation took 166.653631 ms
    Reading took     10.891000 us
  Sample 41...
Starting computation...
    Writing took     203.735000 us
    Computation took 166.655448 ms
    Reading took     11.899000 us
  Sample 42...
Starting computation...
    Writing took     270.721000 us
    Computation took 166.665673 ms
    Reading took     12.739000 us
  Sample 43...
Starting computation...
    Writing took     238.702000 us
    Computation took 166.661414 ms
    Reading took     12.120000 us
  Sample 44...
Starting computation...
    Writing took     228.121000 us
    Computation took 166.650958 ms
    Reading took     12.094000 us
  Sample 45...
Starting computation...
    Writing took     220.230000 us
    Computation took 166.633784 ms
    Reading took     12.919000 us
  Sample 46...
Starting computation...
    Writing took     227.829000 us
    Computation took 166.631717 ms
    Reading took     10.959000 us
  Sample 47...
Starting computation...
    Writing took     179.336000 us
    Computation took 166.609679 ms
    Reading took     11.179000 us
  Sample 48...
Starting computation...
    Writing took     205.385000 us
    Computation took 166.649501 ms
    Reading took     12.996000 us
  Sample 49...
Starting computation...
    Writing took     258.294000 us
    Computation took 166.658167 ms
    Reading took     10.572000 us
  Sample 50...
Starting computation...
    Writing took     222.448000 us
    Computation took 166.653516 ms
    Reading took     12.039000 us
  Sample 51...
Starting computation...
    Writing took     226.923000 us
    Computation took 166.666688 ms
    Reading took     12.262000 us
  Sample 52...
Starting computation...
    Writing took     232.053000 us
    Computation took 166.661068 ms
    Reading took     19.498000 us
  Sample 53...
Starting computation...
    Writing took     344.755000 us
    Computation took 166.692973 ms
    Reading took     13.396000 us
  Sample 54...
Starting computation...
    Writing took     247.632000 us
    Computation took 166.635017 ms
    Reading took     13.064000 us
  Sample 55...
Starting computation...
    Writing took     248.306000 us
    Computation took 166.639057 ms
    Reading took     12.931000 us
  Sample 56...
Starting computation...
    Writing took     246.927000 us
    Computation took 166.647747 ms
    Reading took     11.918000 us
  Sample 57...
Starting computation...
    Writing took     227.011000 us
    Computation took 166.630266 ms
    Reading took     11.221000 us
  Sample 58...
Starting computation...
    Writing took     207.667000 us
    Computation took 166.625297 ms
    Reading took     12.013000 us
  Sample 59...
Starting computation...
    Writing took     227.417000 us
    Computation took 166.623206 ms
    Reading took     11.730000 us
  Sample 60...
Starting computation...
    Writing took     227.420000 us
    Computation took 166.633353 ms
    Reading took     11.411000 us
  Sample 61...
Starting computation...
    Writing took     211.774000 us
    Computation took 166.681534 ms
    Reading took     18.467000 us
  Sample 62...
Starting computation...
    Writing took     385.512000 us
    Computation took 166.666290 ms
    Reading took     11.601000 us
  Sample 63...
Starting computation...
    Writing took     226.550000 us
    Computation took 166.657844 ms
    Reading took     12.063000 us
  Sample 64...
Starting computation...
    Writing took     252.046000 us
    Computation took 166.639636 ms
    Reading took     20.711000 us
  Sample 65...
Starting computation...
    Writing took     429.064000 us
    Computation took 166.684278 ms
    Reading took     13.858000 us
  Sample 66...
Starting computation...
    Writing took     246.742000 us
    Computation took 166.647929 ms
    Reading took     12.911000 us
  Sample 67...
Starting computation...
    Writing took     263.171000 us
    Computation took 166.649204 ms
    Reading took     18.288000 us
  Sample 68...
Starting computation...
    Writing took     316.041000 us
    Computation took 166.635726 ms
    Reading took     11.905000 us
  Sample 69...
Starting computation...
    Writing took     227.424000 us
    Computation took 166.643410 ms
    Reading took     11.133000 us
  Sample 70...
Starting computation...
    Writing took     203.115000 us
    Computation took 166.642533 ms
    Reading took     21.524000 us
  Sample 71...
Starting computation...
    Writing took     312.963000 us
    Computation took 166.635168 ms
    Reading took     11.924000 us
  Sample 72...
Starting computation...
    Writing took     227.770000 us
    Computation took 166.623577 ms
    Reading took     11.442000 us
  Sample 73...
Starting computation...
    Writing took     227.467000 us
    Computation took 166.647362 ms
    Reading took     13.046000 us
  Sample 74...
Starting computation...
    Writing took     220.209000 us
    Computation took 166.645292 ms
    Reading took     11.477000 us
  Sample 75...
Starting computation...
    Writing took     227.615000 us
    Computation took 166.656556 ms
    Reading took     11.929000 us
  Sample 76...
Starting computation...
    Writing took     227.080000 us
    Computation took 166.637766 ms
    Reading took     11.339000 us
  Sample 77...
Starting computation...
    Writing took     210.710000 us
    Computation took 166.639942 ms
    Reading took     11.394000 us
  Sample 78...
Starting computation...
    Writing took     212.444000 us
    Computation took 166.642834 ms
    Reading took     18.029000 us
  Sample 79...
Starting computation...
    Writing took     360.105000 us
    Computation took 166.673503 ms
    Reading took     13.228000 us
  Sample 80...
Starting computation...
    Writing took     228.472000 us
    Computation took 166.650166 ms
    Reading took     18.923000 us
  Sample 81...
Starting computation...
    Writing took     388.763000 us
    Computation took 166.662981 ms
    Reading took     12.433000 us
  Sample 82...
Starting computation...
    Writing took     260.330000 us
    Computation took 166.681632 ms
    Reading took     12.907000 us
  Sample 83...
Starting computation...
    Writing took     247.573000 us
    Computation took 166.656897 ms
    Reading took     13.878000 us
  Sample 84...
Starting computation...
    Writing took     266.642000 us
    Computation took 166.660951 ms
    Reading took     13.215000 us
  Sample 85...
Starting computation...
    Writing took     247.160000 us
    Computation took 166.675317 ms
    Reading took     12.646000 us
  Sample 86...
Starting computation...
    Writing took     244.415000 us
    Computation took 166.643646 ms
    Reading took     10.964000 us
  Sample 87...
Starting computation...
    Writing took     197.692000 us
    Computation took 166.657673 ms
    Reading took     12.230000 us
  Sample 88...
Starting computation...
    Writing took     212.070000 us
    Computation took 166.653904 ms
    Reading took     12.614000 us
  Sample 89...
Starting computation...
    Writing took     300.840000 us
    Computation took 166.661601 ms
    Reading took     26.615000 us
  Sample 90...
Starting computation...
    Writing took     363.430000 us
    Computation took 166.676854 ms
    Reading took     12.674000 us
  Sample 91...
Starting computation...
    Writing took     248.240000 us
    Computation took 166.658194 ms
    Reading took     13.336000 us
  Sample 92...
Starting computation...
    Writing took     246.784000 us
    Computation took 166.683056 ms
    Reading took     13.010000 us
  Sample 93...
Starting computation...
    Writing took     228.112000 us
    Computation took 166.644134 ms
    Reading took     12.497000 us
  Sample 94...
Starting computation...
    Writing took     220.849000 us
    Computation took 166.654888 ms
    Reading took     11.531000 us
  Sample 95...
Starting computation...
    Writing took     204.237000 us
    Computation took 166.664740 ms
    Reading took     11.868000 us
  Sample 96...
Starting computation...
    Writing took     226.588000 us
    Computation took 166.654046 ms
    Reading took     12.230000 us
  Sample 97...
Starting computation...
    Writing took     229.179000 us
    Computation took 166.656847 ms
    Reading took     11.505000 us
  Sample 98...
Starting computation...
    Writing took     203.385000 us
    Computation took 166.642262 ms
    Reading took     12.119000 us
  Sample 99...
Starting computation...
    Writing took     228.453000 us
    Computation took 166.647011 ms
    Reading took     11.289000 us
Mean computation time: 166.649828 ms
Mean deviation: 12.374000 us (0.00742515%)
Mean computation time (per hash): 55.549942 ms
Mean deviation (per hash): 4.124000 us
