Using device #0: CUDA Device 'GeForce GTX 1080 Ti'
  Sample 0...
Starting computation...
    Writing took     1.278116 ms
    Computation took 184.869824 ms
    Reading took     73.350000 us
  Sample 1...
Starting computation...
    Writing took     1.919628 ms
    Computation took 184.679771 ms
    Reading took     51.815000 us
  Sample 2...
Starting computation...
    Writing took     1.395451 ms
    Computation took 184.632958 ms
    Reading took     51.289000 us
  Sample 3...
Starting computation...
    Writing took     1.383164 ms
    Computation took 184.656163 ms
    Reading took     39.619000 us
  Sample 4...
Starting computation...
    Writing took     1.028660 ms
    Computation took 184.623953 ms
    Reading took     41.980000 us
  Sample 5...
Starting computation...
    Writing took     1.064139 ms
    Computation took 184.622801 ms
    Reading took     44.745000 us
  Sample 6...
Starting computation...
    Writing took     1.142162 ms
    Computation took 184.668611 ms
    Reading took     75.090000 us
  Sample 7...
Starting computation...
    Writing took     2.077601 ms
    Computation took 184.711547 ms
    Reading took     45.496000 us
  Sample 8...
Starting computation...
    Writing took     1.000404 ms
    Computation took 184.668044 ms
    Reading took     46.215000 us
  Sample 9...
Starting computation...
    Writing took     1.003310 ms
    Computation took 185.043079 ms
    Reading took     43.288000 us
  Sample 10...
Starting computation...
    Writing took     966.709000 us
    Computation took 184.950844 ms
    Reading took     44.255000 us
  Sample 11...
Starting computation...
    Writing took     1.026543 ms
    Computation took 185.008913 ms
    Reading took     68.440000 us
  Sample 12...
Starting computation...
    Writing took     1.695139 ms
    Computation took 184.984099 ms
    Reading took     44.444000 us
  Sample 13...
Starting computation...
    Writing took     1.052076 ms
    Computation took 184.942468 ms
    Reading took     41.353000 us
  Sample 14...
Starting computation...
    Writing took     961.026000 us
    Computation took 184.985358 ms
    Reading took     46.248000 us
  Sample 15...
Starting computation...
    Writing took     1.148888 ms
    Computation took 184.964861 ms
    Reading took     40.166000 us
  Sample 16...
Starting computation...
    Writing took     1.016396 ms
    Computation took 185.009008 ms
    Reading took     44.397000 us
  Sample 17...
Starting computation...
    Writing took     1.004334 ms
    Computation took 184.996339 ms
    Reading took     80.642000 us
  Sample 18...
Starting computation...
    Writing took     2.103818 ms
    Computation took 184.997071 ms
    Reading took     49.836000 us
  Sample 19...
Starting computation...
    Writing took     1.290269 ms
    Computation took 184.948585 ms
    Reading took     49.907000 us
  Sample 20...
Starting computation...
    Writing took     1.310415 ms
    Computation took 185.014452 ms
    Reading took     50.740000 us
  Sample 21...
Starting computation...
    Writing took     1.294790 ms
    Computation took 184.991438 ms
    Reading took     49.301000 us
  Sample 22...
Starting computation...
    Writing took     1.719946 ms
    Computation took 185.080263 ms
    Reading took     78.570000 us
  Sample 23...
Starting computation...
    Writing took     2.172939 ms
    Computation took 185.081869 ms
    Reading took     48.454000 us
  Sample 24...
Starting computation...
    Writing took     1.305546 ms
    Computation took 185.032988 ms
    Reading took     47.900000 us
  Sample 25...
Starting computation...
    Writing took     1.295501 ms
    Computation took 185.010150 ms
    Reading took     48.296000 us
  Sample 26...
Starting computation...
    Writing took     1.288476 ms
    Computation took 185.034459 ms
    Reading took     50.077000 us
  Sample 27...
Starting computation...
    Writing took     1.301902 ms
    Computation took 185.031154 ms
    Reading took     84.752000 us
  Sample 28...
Starting computation...
    Writing took     2.338555 ms
    Computation took 185.005626 ms
    Reading took     40.767000 us
  Sample 29...
Starting computation...
    Writing took     1.073868 ms
    Computation took 184.952201 ms
    Reading took     39.041000 us
  Sample 30...
Starting computation...
    Writing took     959.926000 us
    Computation took 184.961647 ms
    Reading took     39.722000 us
  Sample 31...
Starting computation...
    Writing took     1.056947 ms
    Computation took 185.000354 ms
    Reading took     39.048000 us
  Sample 32...
Starting computation...
    Writing took     1.014075 ms
    Computation took 184.965681 ms
    Reading took     39.807000 us
  Sample 33...
Starting computation...
    Writing took     1.006179 ms
    Computation took 184.978931 ms
    Reading took     38.322000 us
  Sample 34...
Starting computation...
    Writing took     960.931000 us
    Computation took 184.970745 ms
    Reading took     41.485000 us
  Sample 35...
Starting computation...
    Writing took     1.016259 ms
    Computation took 184.966654 ms
    Reading took     38.533000 us
  Sample 36...
Starting computation...
    Writing took     961.978000 us
    Computation took 184.975960 ms
    Reading took     41.430000 us
  Sample 37...
Starting computation...
    Writing took     1.014861 ms
    Computation took 184.962832 ms
    Reading took     42.422000 us
  Sample 38...
Starting computation...
    Writing took     1.118027 ms
    Computation took 184.975669 ms
    Reading took     44.062000 us
  Sample 39...
Starting computation...
    Writing took     1.133121 ms
    Computation took 184.971680 ms
    Reading took     42.028000 us
  Sample 40...
Starting computation...
    Writing took     1.062891 ms
    Computation took 184.963838 ms
    Reading took     38.801000 us
  Sample 41...
Starting computation...
    Writing took     973.393000 us
    Computation took 184.948117 ms
    Reading took     38.635000 us
  Sample 42...
Starting computation...
    Writing took     959.747000 us
    Computation took 184.925659 ms
    Reading took     39.607000 us
  Sample 43...
Starting computation...
    Writing took     999.943000 us
    Computation took 184.984332 ms
    Reading took     51.522000 us
  Sample 44...
Starting computation...
    Writing took     1.389891 ms
    Computation took 184.997223 ms
    Reading took     38.941000 us
  Sample 45...
Starting computation...
    Writing took     961.582000 us
    Computation took 184.960343 ms
    Reading took     40.234000 us
  Sample 46...
Starting computation...
    Writing took     1.026746 ms
    Computation took 184.965613 ms
    Reading took     38.026000 us
  Sample 47...
Starting computation...
    Writing took     977.864000 us
    Computation took 184.990235 ms
    Reading took     39.914000 us
  Sample 48...
Starting computation...
    Writing took     1.040774 ms
    Computation took 184.973649 ms
    Reading took     39.713000 us
  Sample 49...
Starting computation...
    Writing took     1.013723 ms
    Computation took 184.958204 ms
    Reading took     39.799000 us
  Sample 50...
Starting computation...
    Writing took     1.015203 ms
    Computation took 185.014708 ms
    Reading took     42.478000 us
  Sample 51...
Starting computation...
    Writing took     1.091622 ms
    Computation took 184.987256 ms
    Reading took     38.992000 us
  Sample 52...
Starting computation...
    Writing took     1.069723 ms
    Computation took 184.972992 ms
    Reading took     37.461000 us
  Sample 53...
Starting computation...
    Writing took     961.313000 us
    Computation took 184.962364 ms
    Reading took     41.662000 us
  Sample 54...
Starting computation...
    Writing took     1.133434 ms
    Computation took 184.977821 ms
    Reading took     42.144000 us
  Sample 55...
Starting computation...
    Writing took     1.071448 ms
    Computation took 184.961977 ms
    Reading took     39.434000 us
  Sample 56...
Starting computation...
    Writing took     1.111898 ms
    Computation took 184.964434 ms
    Reading took     37.583000 us
  Sample 57...
Starting computation...
    Writing took     961.582000 us
    Computation took 184.948088 ms
    Reading took     40.990000 us
  Sample 58...
Starting computation...
    Writing took     1.095082 ms
    Computation took 184.963377 ms
    Reading took     41.245000 us
  Sample 59...
Starting computation...
    Writing took     1.077057 ms
    Computation took 184.952386 ms
    Reading took     37.920000 us
  Sample 60...
Starting computation...
    Writing took     990.959000 us
    Computation took 184.937405 ms
    Reading took     41.991000 us
  Sample 61...
Starting computation...
    Writing took     1.131740 ms
    Computation took 184.923125 ms
    Reading took     40.974000 us
  Sample 62...
Starting computation...
    Writing took     1.014629 ms
    Computation took 184.967226 ms
    Reading took     37.394000 us
  Sample 63...
Starting computation...
    Writing took     961.197000 us
    Computation took 184.951897 ms
    Reading took     74.382000 us
  Sample 64...
Starting computation...
    Writing took     2.198014 ms
    Computation took 184.995658 ms
    Reading took     49.150000 us
  Sample 65...
Starting computation...
    Writing took     1.309369 ms
    Computation took 184.987805 ms
    Reading took     49.365000 us
  Sample 66...
Starting computation...
    Writing took     1.293069 ms
    Computation took 184.973416 ms
    Reading took     49.343000 us
  Sample 67...
Starting computation...
    Writing took     1.327781 ms
    Computation took 185.022541 ms
    Reading took     48.576000 us
  Sample 68...
Starting computation...
    Writing took     1.284489 ms
    Computation took 185.010078 ms
    Reading took     48.633000 us
  Sample 69...
Starting computation...
    Writing took     1.296152 ms
    Computation took 184.976206 ms
    Reading took     48.363000 us
  Sample 70...
Starting computation...
    Writing took     1.301273 ms
    Computation took 184.992768 ms
    Reading took     48.790000 us
  Sample 71...
Starting computation...
    Writing took     1.307476 ms
    Computation took 184.984993 ms
    Reading took     50.010000 us
  Sample 72...
Starting computation...
    Writing took     1.295988 ms
    Computation took 184.969716 ms
    Reading took     49.167000 us
  Sample 73...
Starting computation...
    Writing took     1.300671 ms
    Computation took 184.959757 ms
    Reading took     49.187000 us
  Sample 74...
Starting computation...
    Writing took     1.295950 ms
    Computation took 184.970931 ms
    Reading took     72.524000 us
  Sample 75...
Starting computation...
    Writing took     2.103299 ms
    Computation took 184.984430 ms
    Reading took     45.517000 us
  Sample 76...
Starting computation...
    Writing took     1.000337 ms
    Computation took 184.983160 ms
    Reading took     49.496000 us
  Sample 77...
Starting computation...
    Writing took     1.107339 ms
    Computation took 184.977263 ms
    Reading took     49.940000 us
  Sample 78...
Starting computation...
    Writing took     1.145533 ms
    Computation took 184.984458 ms
    Reading took     56.969000 us
  Sample 79...
Starting computation...
    Writing took     1.393282 ms
    Computation took 184.932137 ms
    Reading took     43.650000 us
  Sample 80...
Starting computation...
    Writing took     1.051124 ms
    Computation took 184.949440 ms
    Reading took     43.076000 us
  Sample 81...
Starting computation...
    Writing took     1.030527 ms
    Computation took 184.985981 ms
    Reading took     46.478000 us
  Sample 82...
Starting computation...
    Writing took     1.005153 ms
    Computation took 184.944447 ms
    Reading took     40.546000 us
  Sample 83...
Starting computation...
    Writing took     961.320000 us
    Computation took 184.980543 ms
    Reading took     46.577000 us
  Sample 84...
Starting computation...
    Writing took     1.070935 ms
    Computation took 184.992203 ms
    Reading took     45.883000 us
  Sample 85...
Starting computation...
    Writing took     1.066219 ms
    Computation took 184.987893 ms
    Reading took     44.709000 us
  Sample 86...
Starting computation...
    Writing took     995.833000 us
    Computation took 184.980571 ms
    Reading took     81.463000 us
  Sample 87...
Starting computation...
    Writing took     2.097550 ms
    Computation took 184.977474 ms
    Reading took     40.666000 us
  Sample 88...
Starting computation...
    Writing took     1.017323 ms
    Computation took 184.964962 ms
    Reading took     38.347000 us
  Sample 89...
Starting computation...
    Writing took     960.021000 us
    Computation took 185.040940 ms
    Reading took     41.019000 us
  Sample 90...
Starting computation...
    Writing took     1.062711 ms
    Computation took 184.965861 ms
    Reading took     70.037000 us
  Sample 91...
Starting computation...
    Writing took     1.910977 ms
    Computation took 184.980549 ms
    Reading took     58.199000 us
  Sample 92...
Starting computation...
    Writing took     1.082583 ms
    Computation took 184.974176 ms
    Reading took     40.024000 us
  Sample 93...
Starting computation...
    Writing took     1.011824 ms
    Computation took 184.941804 ms
    Reading took     38.707000 us
  Sample 94...
Starting computation...
    Writing took     962.393000 us
    Computation took 184.961543 ms
    Reading took     85.034000 us
  Sample 95...
Starting computation...
    Writing took     2.336833 ms
    Computation took 185.034954 ms
    Reading took     41.349000 us
  Sample 96...
Starting computation...
    Writing took     1.111659 ms
    Computation took 184.978769 ms
    Reading took     44.510000 us
  Sample 97...
Starting computation...
    Writing took     1.142857 ms
    Computation took 184.990790 ms
    Reading took     83.976000 us
  Sample 98...
Starting computation...
    Writing took     1.232369 ms
    Computation took 184.970915 ms
    Reading took     45.145000 us
  Sample 99...
Starting computation...
    Writing took     1.158483 ms
    Computation took 184.947738 ms
    Reading took     42.705000 us
Mean computation time: 184.953381 ms
Mean deviation: 52.091000 us (0.0281644%)
Mean computation time (per hash): 10.879610 ms
Mean deviation (per hash): 3.064000 us
