Using device #0: CUDA Device 'GeForce GTX 1080 Ti'
  Sample 0...
Starting computation...
    Writing took     5.535600 ms
    Computation took 291.685058 ms
    Reading took     290.553000 us
  Sample 1...
Starting computation...
    Writing took     6.518238 ms
    Computation took 291.505507 ms
    Reading took     200.369000 us
  Sample 2...
Starting computation...
    Writing took     5.419754 ms
    Computation took 291.611009 ms
    Reading took     234.863000 us
  Sample 3...
Starting computation...
    Writing took     6.429369 ms
    Computation took 291.700414 ms
    Reading took     234.706000 us
  Sample 4...
Starting computation...
    Writing took     5.790046 ms
    Computation took 291.725390 ms
    Reading took     221.811000 us
  Sample 5...
Starting computation...
    Writing took     5.977647 ms
    Computation took 291.475289 ms
    Reading took     205.319000 us
  Sample 6...
Starting computation...
    Writing took     5.565127 ms
    Computation took 291.577016 ms
    Reading took     394.672000 us
  Sample 7...
Starting computation...
    Writing took     11.265918 ms
    Computation took 291.475228 ms
    Reading took     207.601000 us
  Sample 8...
Starting computation...
    Writing took     5.670046 ms
    Computation took 291.546907 ms
    Reading took     212.128000 us
  Sample 9...
Starting computation...
    Writing took     6.358618 ms
    Computation took 291.740082 ms
    Reading took     219.342000 us
  Sample 10...
Starting computation...
    Writing took     5.991348 ms
    Computation took 291.493974 ms
    Reading took     234.784000 us
  Sample 11...
Starting computation...
    Writing took     6.477237 ms
    Computation took 291.683964 ms
    Reading took     234.329000 us
  Sample 12...
Starting computation...
    Writing took     6.460189 ms
    Computation took 291.555518 ms
    Reading took     226.771000 us
  Sample 13...
Starting computation...
    Writing took     6.195062 ms
    Computation took 291.770041 ms
    Reading took     233.698000 us
  Sample 14...
Starting computation...
    Writing took     6.454730 ms
    Computation took 291.315575 ms
    Reading took     287.539000 us
  Sample 15...
Starting computation...
    Writing took     7.742164 ms
    Computation took 291.438344 ms
    Reading took     234.834000 us
  Sample 16...
Starting computation...
    Writing took     6.540047 ms
    Computation took 291.467524 ms
    Reading took     320.761000 us
  Sample 17...
Starting computation...
    Writing took     11.297997 ms
    Computation took 291.544058 ms
    Reading took     250.863000 us
  Sample 18...
Starting computation...
    Writing took     7.314770 ms
    Computation took 291.407806 ms
    Reading took     235.776000 us
  Sample 19...
Starting computation...
    Writing took     7.331223 ms
    Computation took 291.827010 ms
    Reading took     205.416000 us
  Sample 20...
Starting computation...
    Writing took     5.588562 ms
    Computation took 291.608352 ms
    Reading took     253.196000 us
  Sample 21...
Starting computation...
    Writing took     7.035570 ms
    Computation took 291.701362 ms
    Reading took     252.902000 us
  Sample 22...
Starting computation...
    Writing took     7.014510 ms
    Computation took 291.715282 ms
    Reading took     219.069000 us
  Sample 23...
Starting computation...
    Writing took     5.756251 ms
    Computation took 291.795648 ms
    Reading took     206.884000 us
  Sample 24...
Starting computation...
    Writing took     5.582652 ms
    Computation took 291.467508 ms
    Reading took     256.893000 us
  Sample 25...
Starting computation...
    Writing took     6.689287 ms
    Computation took 291.583028 ms
    Reading took     232.943000 us
  Sample 26...
Starting computation...
    Writing took     6.457586 ms
    Computation took 291.749551 ms
    Reading took     300.161000 us
  Sample 27...
Starting computation...
    Writing took     7.312503 ms
    Computation took 291.727388 ms
    Reading took     385.391000 us
  Sample 28...
Starting computation...
    Writing took     11.159352 ms
    Computation took 291.753058 ms
    Reading took     270.159000 us
  Sample 29...
Starting computation...
    Writing took     7.826576 ms
    Computation took 291.796018 ms
    Reading took     233.924000 us
  Sample 30...
Starting computation...
    Writing took     6.288482 ms
    Computation took 291.642845 ms
    Reading took     233.797000 us
  Sample 31...
Starting computation...
    Writing took     7.038326 ms
    Computation took 291.732757 ms
    Reading took     256.061000 us
  Sample 32...
Starting computation...
    Writing took     6.191433 ms
    Computation took 291.855978 ms
    Reading took     392.773000 us
  Sample 33...
Starting computation...
    Writing took     11.795521 ms
    Computation took 291.719844 ms
    Reading took     259.885000 us
  Sample 34...
Starting computation...
    Writing took     6.237800 ms
    Computation took 291.604986 ms
    Reading took     246.421000 us
  Sample 35...
Starting computation...
    Writing took     6.429649 ms
    Computation took 291.709946 ms
    Reading took     219.255000 us
  Sample 36...
Starting computation...
    Writing took     6.016439 ms
    Computation took 291.691464 ms
    Reading took     224.556000 us
  Sample 37...
Starting computation...
    Writing took     6.186637 ms
    Computation took 291.802838 ms
    Reading took     225.174000 us
  Sample 38...
Starting computation...
    Writing took     6.141476 ms
    Computation took 292.020886 ms
    Reading took     383.571000 us
  Sample 39...
Starting computation...
    Writing took     10.470590 ms
    Computation took 291.765804 ms
    Reading took     254.446000 us
  Sample 40...
Starting computation...
    Writing took     7.003225 ms
    Computation took 291.864253 ms
    Reading took     264.690000 us
  Sample 41...
Starting computation...
    Writing took     7.098459 ms
    Computation took 291.625207 ms
    Reading took     212.993000 us
  Sample 42...
Starting computation...
    Writing took     5.807595 ms
    Computation took 291.620210 ms
    Reading took     208.211000 us
  Sample 43...
Starting computation...
    Writing took     5.425023 ms
    Computation took 291.741710 ms
    Reading took     199.254000 us
  Sample 44...
Starting computation...
    Writing took     5.382185 ms
    Computation took 291.833892 ms
    Reading took     200.066000 us
  Sample 45...
Starting computation...
    Writing took     5.352959 ms
    Computation took 291.917896 ms
    Reading took     234.035000 us
  Sample 46...
Starting computation...
    Writing took     5.754925 ms
    Computation took 291.572222 ms
    Reading took     204.980000 us
  Sample 47...
Starting computation...
    Writing took     5.673297 ms
    Computation took 291.695380 ms
    Reading took     205.285000 us
  Sample 48...
Starting computation...
    Writing took     5.815271 ms
    Computation took 291.771266 ms
    Reading took     200.493000 us
  Sample 49...
Starting computation...
    Writing took     5.420016 ms
    Computation took 292.220723 ms
    Reading took     213.177000 us
  Sample 50...
Starting computation...
    Writing took     5.798118 ms
    Computation took 293.099922 ms
    Reading took     212.924000 us
  Sample 51...
Starting computation...
    Writing took     5.751019 ms
    Computation took 295.119178 ms
    Reading took     210.591000 us
  Sample 52...
Starting computation...
    Writing took     5.505334 ms
    Computation took 294.949952 ms
    Reading took     204.637000 us
  Sample 53...
Starting computation...
    Writing took     5.591842 ms
    Computation took 293.864768 ms
    Reading took     225.956000 us
  Sample 54...
Starting computation...
    Writing took     5.459033 ms
    Computation took 293.709342 ms
    Reading took     210.941000 us
  Sample 55...
Starting computation...
    Writing took     5.870756 ms
    Computation took 295.238364 ms
    Reading took     253.104000 us
  Sample 56...
Starting computation...
    Writing took     6.996647 ms
    Computation took 295.755063 ms
    Reading took     211.556000 us
  Sample 57...
Starting computation...
    Writing took     5.783030 ms
    Computation took 294.364908 ms
    Reading took     225.000000 us
  Sample 58...
Starting computation...
    Writing took     6.032948 ms
    Computation took 292.998868 ms
    Reading took     268.948000 us
  Sample 59...
Starting computation...
    Writing took     6.751482 ms
    Computation took 292.936405 ms
    Reading took     235.768000 us
  Sample 60...
Starting computation...
    Writing took     7.195704 ms
    Computation took 293.513945 ms
    Reading took     232.773000 us
  Sample 61...
Starting computation...
    Writing took     6.439523 ms
    Computation took 293.330674 ms
    Reading took     234.537000 us
  Sample 62...
Starting computation...
    Writing took     6.431331 ms
    Computation took 293.181325 ms
    Reading took     389.583000 us
  Sample 63...
Starting computation...
    Writing took     6.730249 ms
    Computation took 293.161572 ms
    Reading took     234.330000 us
  Sample 64...
Starting computation...
    Writing took     6.412699 ms
    Computation took 293.515229 ms
    Reading took     234.704000 us
  Sample 65...
Starting computation...
    Writing took     6.425631 ms
    Computation took 292.795961 ms
    Reading took     219.356000 us
  Sample 66...
Starting computation...
    Writing took     6.092304 ms
    Computation took 293.035387 ms
    Reading took     233.114000 us
  Sample 67...
Starting computation...
    Writing took     7.015288 ms
    Computation took 294.170319 ms
    Reading took     234.060000 us
  Sample 68...
Starting computation...
    Writing took     7.062734 ms
    Computation took 295.254972 ms
    Reading took     252.575000 us
  Sample 69...
Starting computation...
    Writing took     7.011274 ms
    Computation took 294.877379 ms
    Reading took     381.253000 us
  Sample 70...
Starting computation...
    Writing took     11.440162 ms
    Computation took 294.554292 ms
    Reading took     240.475000 us
  Sample 71...
Starting computation...
    Writing took     6.568704 ms
    Computation took 293.315087 ms
    Reading took     257.880000 us
  Sample 72...
Starting computation...
    Writing took     7.969930 ms
    Computation took 293.312728 ms
    Reading took     235.526000 us
  Sample 73...
Starting computation...
    Writing took     6.438866 ms
    Computation took 292.745202 ms
    Reading took     223.863000 us
  Sample 74...
Starting computation...
    Writing took     6.170466 ms
    Computation took 292.564092 ms
    Reading took     213.575000 us
  Sample 75...
Starting computation...
    Writing took     5.798741 ms
    Computation took 292.228169 ms
    Reading took     235.282000 us
  Sample 76...
Starting computation...
    Writing took     8.158761 ms
    Computation took 291.688870 ms
    Reading took     245.683000 us
  Sample 77...
Starting computation...
    Writing took     6.469815 ms
    Computation took 291.921164 ms
    Reading took     206.654000 us
  Sample 78...
Starting computation...
    Writing took     5.700354 ms
    Computation took 292.295010 ms
    Reading took     233.230000 us
  Sample 79...
Starting computation...
    Writing took     10.683216 ms
    Computation took 292.733546 ms
    Reading took     204.713000 us
  Sample 80...
Starting computation...
    Writing took     5.717445 ms
    Computation took 292.785007 ms
    Reading took     234.186000 us
  Sample 81...
Starting computation...
    Writing took     6.434799 ms
    Computation took 293.453206 ms
    Reading took     216.385000 us
  Sample 82...
Starting computation...
    Writing took     5.618301 ms
    Computation took 294.615685 ms
    Reading took     250.404000 us
  Sample 83...
Starting computation...
    Writing took     6.975439 ms
    Computation took 295.577688 ms
    Reading took     338.020000 us
  Sample 84...
Starting computation...
    Writing took     8.816566 ms
    Computation took 295.175793 ms
    Reading took     234.060000 us
  Sample 85...
Starting computation...
    Writing took     6.451691 ms
    Computation took 296.575720 ms
    Reading took     253.074000 us
  Sample 86...
Starting computation...
    Writing took     7.034247 ms
    Computation took 297.800294 ms
    Reading took     253.666000 us
  Sample 87...
Starting computation...
    Writing took     7.036578 ms
    Computation took 299.544870 ms
    Reading took     217.415000 us
  Sample 88...
Starting computation...
    Writing took     5.969536 ms
    Computation took 298.419373 ms
    Reading took     235.042000 us
  Sample 89...
Starting computation...
    Writing took     6.752067 ms
    Computation took 297.906441 ms
    Reading took     227.101000 us
  Sample 90...
Starting computation...
    Writing took     6.203058 ms
    Computation took 297.519891 ms
    Reading took     232.544000 us
  Sample 91...
Starting computation...
    Writing took     6.444914 ms
    Computation took 296.999109 ms
    Reading took     234.963000 us
  Sample 92...
Starting computation...
    Writing took     6.484641 ms
    Computation took 296.076122 ms
    Reading took     234.593000 us
  Sample 93...
Starting computation...
    Writing took     6.434021 ms
    Computation took 294.903243 ms
    Reading took     233.672000 us
  Sample 94...
Starting computation...
    Writing took     6.479045 ms
    Computation took 295.309680 ms
    Reading took     239.128000 us
  Sample 95...
Starting computation...
    Writing took     6.455836 ms
    Computation took 295.919433 ms
    Reading took     281.733000 us
  Sample 96...
Starting computation...
    Writing took     8.377845 ms
    Computation took 296.082120 ms
    Reading took     235.240000 us
  Sample 97...
Starting computation...
    Writing took     6.441267 ms
    Computation took 295.749204 ms
    Reading took     225.326000 us
  Sample 98...
Starting computation...
    Writing took     6.255528 ms
    Computation took 294.340178 ms
    Reading took     251.370000 us
  Sample 99...
Starting computation...
    Writing took     6.429022 ms
    Computation took 293.821264 ms
    Reading took     233.653000 us
Mean computation time: 293.086590 ms
Mean deviation: 1.535757 ms (0.523994%)
Mean computation time (per hash): 3.368810 ms
Mean deviation (per hash): 17.652000 us
