Using device #0: CUDA Device 'GeForce GTX 1080 Ti'
  Sample 0...
Starting computation...
    Writing took     1.832941 ms
    Computation took 190.637939 ms
    Reading took     72.891000 us
  Sample 1...
Starting computation...
    Writing took     1.825266 ms
    Computation took 190.625295 ms
    Reading took     68.704000 us
  Sample 2...
Starting computation...
    Writing took     1.805261 ms
    Computation took 190.580170 ms
    Reading took     68.801000 us
  Sample 3...
Starting computation...
    Writing took     1.804571 ms
    Computation took 190.596441 ms
    Reading took     55.285000 us
  Sample 4...
Starting computation...
    Writing took     1.398202 ms
    Computation took 190.628931 ms
    Reading took     56.233000 us
  Sample 5...
Starting computation...
    Writing took     1.400152 ms
    Computation took 190.580269 ms
    Reading took     55.934000 us
  Sample 6...
Starting computation...
    Writing took     1.386945 ms
    Computation took 190.602861 ms
    Reading took     53.933000 us
  Sample 7...
Starting computation...
    Writing took     1.356053 ms
    Computation took 190.570108 ms
    Reading took     79.523000 us
  Sample 8...
Starting computation...
    Writing took     2.296008 ms
    Computation took 190.570955 ms
    Reading took     67.976000 us
  Sample 9...
Starting computation...
    Writing took     2.731009 ms
    Computation took 190.600884 ms
    Reading took     70.849000 us
  Sample 10...
Starting computation...
    Writing took     1.796885 ms
    Computation took 190.623369 ms
    Reading took     69.714000 us
  Sample 11...
Starting computation...
    Writing took     1.785984 ms
    Computation took 190.639148 ms
    Reading took     69.540000 us
  Sample 12...
Starting computation...
    Writing took     1.802371 ms
    Computation took 190.595157 ms
    Reading took     90.278000 us
  Sample 13...
Starting computation...
    Writing took     2.737593 ms
    Computation took 190.639425 ms
    Reading took     67.964000 us
  Sample 14...
Starting computation...
    Writing took     1.842021 ms
    Computation took 190.618490 ms
    Reading took     69.763000 us
  Sample 15...
Starting computation...
    Writing took     1.879111 ms
    Computation took 190.587303 ms
    Reading took     54.879000 us
  Sample 16...
Starting computation...
    Writing took     1.369604 ms
    Computation took 190.569548 ms
    Reading took     53.681000 us
  Sample 17...
Starting computation...
    Writing took     1.354150 ms
    Computation took 190.526130 ms
    Reading took     57.158000 us
  Sample 18...
Starting computation...
    Writing took     1.447849 ms
    Computation took 190.544441 ms
    Reading took     62.526000 us
  Sample 19...
Starting computation...
    Writing took     1.466303 ms
    Computation took 190.539815 ms
    Reading took     60.086000 us
  Sample 20...
Starting computation...
    Writing took     1.545455 ms
    Computation took 190.551048 ms
    Reading took     59.717000 us
  Sample 21...
Starting computation...
    Writing took     1.502060 ms
    Computation took 190.524430 ms
    Reading took     52.101000 us
  Sample 22...
Starting computation...
    Writing took     1.357089 ms
    Computation took 190.542390 ms
    Reading took     53.439000 us
  Sample 23...
Starting computation...
    Writing took     1.357912 ms
    Computation took 190.529420 ms
    Reading took     62.960000 us
  Sample 24...
Starting computation...
    Writing took     1.392235 ms
    Computation took 190.551561 ms
    Reading took     54.483000 us
  Sample 25...
Starting computation...
    Writing took     1.374041 ms
    Computation took 190.576456 ms
    Reading took     53.676000 us
  Sample 26...
Starting computation...
    Writing took     1.357419 ms
    Computation took 190.608918 ms
    Reading took     67.755000 us
  Sample 27...
Starting computation...
    Writing took     1.809169 ms
    Computation took 190.616606 ms
    Reading took     99.164000 us
  Sample 28...
Starting computation...
    Writing took     2.542267 ms
    Computation took 190.602272 ms
    Reading took     65.669000 us
  Sample 29...
Starting computation...
    Writing took     1.355258 ms
    Computation took 190.577033 ms
    Reading took     61.129000 us
  Sample 30...
Starting computation...
    Writing took     1.404684 ms
    Computation took 190.591872 ms
    Reading took     60.710000 us
  Sample 31...
Starting computation...
    Writing took     1.428091 ms
    Computation took 190.646175 ms
    Reading took     58.458000 us
  Sample 32...
Starting computation...
    Writing took     1.379081 ms
    Computation took 190.615012 ms
    Reading took     64.712000 us
  Sample 33...
Starting computation...
    Writing took     1.596374 ms
    Computation took 190.616913 ms
    Reading took     63.779000 us
  Sample 34...
Starting computation...
    Writing took     1.574902 ms
    Computation took 190.626748 ms
    Reading took     74.495000 us
  Sample 35...
Starting computation...
    Writing took     1.839537 ms
    Computation took 190.628596 ms
    Reading took     78.693000 us
  Sample 36...
Starting computation...
    Writing took     2.045596 ms
    Computation took 190.626160 ms
    Reading took     56.553000 us
  Sample 37...
Starting computation...
    Writing took     1.404262 ms
    Computation took 190.617800 ms
    Reading took     54.083000 us
  Sample 38...
Starting computation...
    Writing took     1.356788 ms
    Computation took 190.565035 ms
    Reading took     59.789000 us
  Sample 39...
Starting computation...
    Writing took     1.450640 ms
    Computation took 190.606684 ms
    Reading took     61.432000 us
  Sample 40...
Starting computation...
    Writing took     1.535740 ms
    Computation took 190.611166 ms
    Reading took     59.334000 us
  Sample 41...
Starting computation...
    Writing took     1.490622 ms
    Computation took 190.569883 ms
    Reading took     56.423000 us
  Sample 42...
Starting computation...
    Writing took     1.449639 ms
    Computation took 190.591845 ms
    Reading took     62.540000 us
  Sample 43...
Starting computation...
    Writing took     1.552911 ms
    Computation took 190.623290 ms
    Reading took     60.723000 us
  Sample 44...
Starting computation...
    Writing took     1.548266 ms
    Computation took 190.577698 ms
    Reading took     59.939000 us
  Sample 45...
Starting computation...
    Writing took     1.474049 ms
    Computation took 190.585178 ms
    Reading took     69.032000 us
  Sample 46...
Starting computation...
    Writing took     1.808081 ms
    Computation took 190.576343 ms
    Reading took     68.475000 us
  Sample 47...
Starting computation...
    Writing took     1.824117 ms
    Computation took 190.621741 ms
    Reading took     69.790000 us
  Sample 48...
Starting computation...
    Writing took     1.840835 ms
    Computation took 190.638783 ms
    Reading took     72.386000 us
  Sample 49...
Starting computation...
    Writing took     1.852302 ms
    Computation took 190.606858 ms
    Reading took     68.677000 us
  Sample 50...
Starting computation...
    Writing took     1.805508 ms
    Computation took 190.635171 ms
    Reading took     68.514000 us
  Sample 51...
Starting computation...
    Writing took     1.793897 ms
    Computation took 190.594811 ms
    Reading took     67.399000 us
  Sample 52...
Starting computation...
    Writing took     1.802902 ms
    Computation took 190.632728 ms
    Reading took     69.280000 us
  Sample 53...
Starting computation...
    Writing took     1.793531 ms
    Computation took 190.541993 ms
    Reading took     68.783000 us
  Sample 54...
Starting computation...
    Writing took     1.827092 ms
    Computation took 190.320440 ms
    Reading took     70.136000 us
  Sample 55...
Starting computation...
    Writing took     1.823894 ms
    Computation took 190.273431 ms
    Reading took     67.365000 us
  Sample 56...
Starting computation...
    Writing took     1.833621 ms
    Computation took 190.257841 ms
    Reading took     69.997000 us
  Sample 57...
Starting computation...
    Writing took     1.831700 ms
    Computation took 190.277760 ms
    Reading took     68.555000 us
  Sample 58...
Starting computation...
    Writing took     1.787241 ms
    Computation took 190.279211 ms
    Reading took     67.663000 us
  Sample 59...
Starting computation...
    Writing took     1.791001 ms
    Computation took 190.272903 ms
    Reading took     54.283000 us
  Sample 60...
Starting computation...
    Writing took     1.400701 ms
    Computation took 190.244795 ms
    Reading took     53.495000 us
  Sample 61...
Starting computation...
    Writing took     1.360944 ms
    Computation took 190.262854 ms
    Reading took     74.301000 us
  Sample 62...
Starting computation...
    Writing took     1.999641 ms
    Computation took 190.301957 ms
    Reading took     73.825000 us
  Sample 63...
Starting computation...
    Writing took     1.984816 ms
    Computation took 190.296974 ms
    Reading took     74.085000 us
  Sample 64...
Starting computation...
    Writing took     1.990445 ms
    Computation took 190.296508 ms
    Reading took     103.920000 us
  Sample 65...
Starting computation...
    Writing took     2.697101 ms
    Computation took 190.277859 ms
    Reading took     67.773000 us
  Sample 66...
Starting computation...
    Writing took     1.810140 ms
    Computation took 190.282670 ms
    Reading took     70.403000 us
  Sample 67...
Starting computation...
    Writing took     1.807122 ms
    Computation took 190.287837 ms
    Reading took     69.747000 us
  Sample 68...
Starting computation...
    Writing took     1.805002 ms
    Computation took 190.293422 ms
    Reading took     68.682000 us
  Sample 69...
Starting computation...
    Writing took     1.792391 ms
    Computation took 190.287099 ms
    Reading took     67.942000 us
  Sample 70...
Starting computation...
    Writing took     1.804510 ms
    Computation took 190.297046 ms
    Reading took     68.653000 us
  Sample 71...
Starting computation...
    Writing took     1.829128 ms
    Computation took 190.273337 ms
    Reading took     67.834000 us
  Sample 72...
Starting computation...
    Writing took     1.826585 ms
    Computation took 190.291149 ms
    Reading took     71.650000 us
  Sample 73...
Starting computation...
    Writing took     1.823595 ms
    Computation took 190.236707 ms
    Reading took     67.120000 us
  Sample 74...
Starting computation...
    Writing took     1.821724 ms
    Computation took 190.295220 ms
    Reading took     68.117000 us
  Sample 75...
Starting computation...
    Writing took     1.830273 ms
    Computation took 190.290528 ms
    Reading took     68.050000 us
  Sample 76...
Starting computation...
    Writing took     1.828831 ms
    Computation took 190.300891 ms
    Reading took     68.692000 us
  Sample 77...
Starting computation...
    Writing took     1.840412 ms
    Computation took 190.332657 ms
    Reading took     70.757000 us
  Sample 78...
Starting computation...
    Writing took     1.804401 ms
    Computation took 190.318872 ms
    Reading took     99.783000 us
  Sample 79...
Starting computation...
    Writing took     1.804308 ms
    Computation took 190.271128 ms
    Reading took     67.819000 us
  Sample 80...
Starting computation...
    Writing took     1.810160 ms
    Computation took 190.267709 ms
    Reading took     57.441000 us
  Sample 81...
Starting computation...
    Writing took     1.396051 ms
    Computation took 190.265867 ms
    Reading took     52.568000 us
  Sample 82...
Starting computation...
    Writing took     1.357123 ms
    Computation took 190.219310 ms
    Reading took     67.727000 us
  Sample 83...
Starting computation...
    Writing took     1.820785 ms
    Computation took 190.303204 ms
    Reading took     78.404000 us
  Sample 84...
Starting computation...
    Writing took     1.792051 ms
    Computation took 190.309978 ms
    Reading took     67.556000 us
  Sample 85...
Starting computation...
    Writing took     1.799651 ms
    Computation took 190.287489 ms
    Reading took     73.110000 us
  Sample 86...
Starting computation...
    Writing took     1.801661 ms
    Computation took 190.311905 ms
    Reading took     69.247000 us
  Sample 87...
Starting computation...
    Writing took     1.805328 ms
    Computation took 190.272810 ms
    Reading took     67.571000 us
  Sample 88...
Starting computation...
    Writing took     1.801734 ms
    Computation took 190.306685 ms
    Reading took     68.025000 us
  Sample 89...
Starting computation...
    Writing took     1.798660 ms
    Computation took 190.286828 ms
    Reading took     66.909000 us
  Sample 90...
Starting computation...
    Writing took     1.790238 ms
    Computation took 190.268764 ms
    Reading took     68.486000 us
  Sample 91...
Starting computation...
    Writing took     1.804529 ms
    Computation took 190.309727 ms
    Reading took     69.279000 us
  Sample 92...
Starting computation...
    Writing took     1.791204 ms
    Computation took 190.324799 ms
    Reading took     68.813000 us
  Sample 93...
Starting computation...
    Writing took     1.795266 ms
    Computation took 190.305294 ms
    Reading took     69.434000 us
  Sample 94...
Starting computation...
    Writing took     1.791810 ms
    Computation took 190.291120 ms
    Reading took     69.306000 us
  Sample 95...
Starting computation...
    Writing took     1.795431 ms
    Computation took 190.300286 ms
    Reading took     67.141000 us
  Sample 96...
Starting computation...
    Writing took     1.794339 ms
    Computation took 190.291900 ms
    Reading took     69.627000 us
  Sample 97...
Starting computation...
    Writing took     1.819213 ms
    Computation took 190.278388 ms
    Reading took     68.708000 us
  Sample 98...
Starting computation...
    Writing took     1.816392 ms
    Computation took 190.277002 ms
    Reading took     68.352000 us
  Sample 99...
Starting computation...
    Writing took     1.810231 ms
    Computation took 190.270041 ms
    Reading took     66.631000 us
Mean computation time: 190.452754 ms
Mean deviation: 153.130000 us (0.0804031%)
Mean computation time (per hash): 7.935530 ms
Mean deviation (per hash): 6.380000 us
