Using device #0: CUDA Device 'GeForce GTX 1080 Ti'
  Sample 0...
Starting computation...
    Writing took     8.065203 ms
    Computation took 335.058032 ms
    Reading took     309.331000 us
  Sample 1...
Starting computation...
    Writing took     8.046284 ms
    Computation took 335.104451 ms
    Reading took     301.153000 us
  Sample 2...
Starting computation...
    Writing took     8.064837 ms
    Computation took 335.167680 ms
    Reading took     302.676000 us
  Sample 3...
Starting computation...
    Writing took     8.075585 ms
    Computation took 334.953776 ms
    Reading took     319.790000 us
  Sample 4...
Starting computation...
    Writing took     8.061707 ms
    Computation took 334.910027 ms
    Reading took     310.979000 us
  Sample 5...
Starting computation...
    Writing took     7.792049 ms
    Computation took 334.879035 ms
    Reading took     381.498000 us
  Sample 6...
Starting computation...
    Writing took     10.226485 ms
    Computation took 335.173867 ms
    Reading took     303.289000 us
  Sample 7...
Starting computation...
    Writing took     8.074585 ms
    Computation took 335.039997 ms
    Reading took     439.635000 us
  Sample 8...
Starting computation...
    Writing took     14.279231 ms
    Computation took 334.882549 ms
    Reading took     303.528000 us
  Sample 9...
Starting computation...
    Writing took     8.056499 ms
    Computation took 335.111362 ms
    Reading took     383.026000 us
  Sample 10...
Starting computation...
    Writing took     13.699212 ms
    Computation took 335.083993 ms
    Reading took     303.946000 us
  Sample 11...
Starting computation...
    Writing took     8.037475 ms
    Computation took 335.113164 ms
    Reading took     518.146000 us
  Sample 12...
Starting computation...
    Writing took     8.972468 ms
    Computation took 335.197343 ms
    Reading took     304.257000 us
  Sample 13...
Starting computation...
    Writing took     8.028322 ms
    Computation took 335.143706 ms
    Reading took     294.660000 us
  Sample 14...
Starting computation...
    Writing took     8.040819 ms
    Computation took 335.134280 ms
    Reading took     286.602000 us
  Sample 15...
Starting computation...
    Writing took     8.004765 ms
    Computation took 335.156838 ms
    Reading took     286.292000 us
  Sample 16...
Starting computation...
    Writing took     9.159360 ms
    Computation took 335.105470 ms
    Reading took     288.569000 us
  Sample 17...
Starting computation...
    Writing took     8.011179 ms
    Computation took 335.307192 ms
    Reading took     295.302000 us
  Sample 18...
Starting computation...
    Writing took     8.035314 ms
    Computation took 335.146891 ms
    Reading took     466.945000 us
  Sample 19...
Starting computation...
    Writing took     13.311517 ms
    Computation took 335.164385 ms
    Reading took     479.274000 us
  Sample 20...
Starting computation...
    Writing took     13.856916 ms
    Computation took 335.077504 ms
    Reading took     307.230000 us
  Sample 21...
Starting computation...
    Writing took     7.965794 ms
    Computation took 335.238988 ms
    Reading took     287.617000 us
  Sample 22...
Starting computation...
    Writing took     8.006245 ms
    Computation took 335.202037 ms
    Reading took     288.121000 us
  Sample 23...
Starting computation...
    Writing took     8.876005 ms
    Computation took 335.289515 ms
    Reading took     423.185000 us
  Sample 24...
Starting computation...
    Writing took     13.267914 ms
    Computation took 335.213793 ms
    Reading took     286.509000 us
  Sample 25...
Starting computation...
    Writing took     8.002562 ms
    Computation took 335.076083 ms
    Reading took     310.246000 us
  Sample 26...
Starting computation...
    Writing took     7.960416 ms
    Computation took 335.205364 ms
    Reading took     288.289000 us
  Sample 27...
Starting computation...
    Writing took     8.180994 ms
    Computation took 335.047084 ms
    Reading took     287.430000 us
  Sample 28...
Starting computation...
    Writing took     8.245418 ms
    Computation took 335.256027 ms
    Reading took     287.988000 us
  Sample 29...
Starting computation...
    Writing took     8.147343 ms
    Computation took 335.225955 ms
    Reading took     789.171000 us
  Sample 30...
Starting computation...
    Writing took     21.682158 ms
    Computation took 335.265824 ms
    Reading took     329.964000 us
  Sample 31...
Starting computation...
    Writing took     9.191233 ms
    Computation took 335.357871 ms
    Reading took     261.519000 us
  Sample 32...
Starting computation...
    Writing took     7.274335 ms
    Computation took 335.456366 ms
    Reading took     313.502000 us
  Sample 33...
Starting computation...
    Writing took     8.694289 ms
    Computation took 335.439998 ms
    Reading took     287.610000 us
  Sample 34...
Starting computation...
    Writing took     7.960264 ms
    Computation took 335.491359 ms
    Reading took     287.651000 us
  Sample 35...
Starting computation...
    Writing took     9.477434 ms
    Computation took 335.402849 ms
    Reading took     434.318000 us
  Sample 36...
Starting computation...
    Writing took     10.871596 ms
    Computation took 335.353444 ms
    Reading took     286.840000 us
  Sample 37...
Starting computation...
    Writing took     7.983770 ms
    Computation took 335.239607 ms
    Reading took     299.804000 us
  Sample 38...
Starting computation...
    Writing took     7.958970 ms
    Computation took 335.233311 ms
    Reading took     270.958000 us
  Sample 39...
Starting computation...
    Writing took     9.524479 ms
    Computation took 335.499583 ms
    Reading took     277.967000 us
  Sample 40...
Starting computation...
    Writing took     7.442896 ms
    Computation took 335.409429 ms
    Reading took     297.641000 us
  Sample 41...
Starting computation...
    Writing took     8.725273 ms
    Computation took 335.484142 ms
    Reading took     311.153000 us
  Sample 42...
Starting computation...
    Writing took     8.724323 ms
    Computation took 335.410501 ms
    Reading took     286.771000 us
  Sample 43...
Starting computation...
    Writing took     7.996171 ms
    Computation took 335.246457 ms
    Reading took     278.750000 us
  Sample 44...
Starting computation...
    Writing took     7.700596 ms
    Computation took 335.463058 ms
    Reading took     301.088000 us
  Sample 45...
Starting computation...
    Writing took     8.574238 ms
    Computation took 335.381965 ms
    Reading took     287.831000 us
  Sample 46...
Starting computation...
    Writing took     8.456110 ms
    Computation took 335.318788 ms
    Reading took     370.316000 us
  Sample 47...
Starting computation...
    Writing took     10.071127 ms
    Computation took 335.539086 ms
    Reading took     341.374000 us
  Sample 48...
Starting computation...
    Writing took     8.884047 ms
    Computation took 335.335641 ms
    Reading took     288.416000 us
  Sample 49...
Starting computation...
    Writing took     8.031566 ms
    Computation took 335.366325 ms
    Reading took     287.849000 us
  Sample 50...
Starting computation...
    Writing took     7.972170 ms
    Computation took 335.494437 ms
    Reading took     277.746000 us
  Sample 51...
Starting computation...
    Writing took     7.671677 ms
    Computation took 335.523247 ms
    Reading took     290.086000 us
  Sample 52...
Starting computation...
    Writing took     8.010582 ms
    Computation took 335.609680 ms
    Reading took     288.890000 us
  Sample 53...
Starting computation...
    Writing took     8.019361 ms
    Computation took 335.510097 ms
    Reading took     285.180000 us
  Sample 54...
Starting computation...
    Writing took     7.979433 ms
    Computation took 335.496859 ms
    Reading took     294.546000 us
  Sample 55...
Starting computation...
    Writing took     8.002689 ms
    Computation took 335.486712 ms
    Reading took     286.578000 us
  Sample 56...
Starting computation...
    Writing took     8.015286 ms
    Computation took 335.543789 ms
    Reading took     288.628000 us
  Sample 57...
Starting computation...
    Writing took     8.875997 ms
    Computation took 335.563201 ms
    Reading took     286.767000 us
  Sample 58...
Starting computation...
    Writing took     8.024968 ms
    Computation took 335.494190 ms
    Reading took     477.238000 us
  Sample 59...
Starting computation...
    Writing took     13.817598 ms
    Computation took 335.439072 ms
    Reading took     288.360000 us
  Sample 60...
Starting computation...
    Writing took     7.961285 ms
    Computation took 335.598862 ms
    Reading took     287.911000 us
  Sample 61...
Starting computation...
    Writing took     7.960494 ms
    Computation took 335.483142 ms
    Reading took     286.517000 us
  Sample 62...
Starting computation...
    Writing took     7.974390 ms
    Computation took 335.398986 ms
    Reading took     286.907000 us
  Sample 63...
Starting computation...
    Writing took     7.967581 ms
    Computation took 335.719691 ms
    Reading took     430.679000 us
  Sample 64...
Starting computation...
    Writing took     13.618047 ms
    Computation took 335.402142 ms
    Reading took     294.067000 us
  Sample 65...
Starting computation...
    Writing took     7.987131 ms
    Computation took 335.536612 ms
    Reading took     289.218000 us
  Sample 66...
Starting computation...
    Writing took     7.984332 ms
    Computation took 335.456304 ms
    Reading took     419.686000 us
  Sample 67...
Starting computation...
    Writing took     13.091582 ms
    Computation took 335.385696 ms
    Reading took     285.322000 us
  Sample 68...
Starting computation...
    Writing took     8.005393 ms
    Computation took 335.662791 ms
    Reading took     298.432000 us
  Sample 69...
Starting computation...
    Writing took     8.396385 ms
    Computation took 335.670383 ms
    Reading took     288.376000 us
  Sample 70...
Starting computation...
    Writing took     8.000534 ms
    Computation took 335.737863 ms
    Reading took     287.245000 us
  Sample 71...
Starting computation...
    Writing took     7.991373 ms
    Computation took 335.620506 ms
    Reading took     279.830000 us
  Sample 72...
Starting computation...
    Writing took     7.928060 ms
    Computation took 335.794095 ms
    Reading took     276.941000 us
  Sample 73...
Starting computation...
    Writing took     7.695591 ms
    Computation took 335.843478 ms
    Reading took     456.185000 us
  Sample 74...
Starting computation...
    Writing took     12.854805 ms
    Computation took 335.726586 ms
    Reading took     471.099000 us
  Sample 75...
Starting computation...
    Writing took     13.903140 ms
    Computation took 335.742853 ms
    Reading took     288.233000 us
  Sample 76...
Starting computation...
    Writing took     8.012541 ms
    Computation took 335.834266 ms
    Reading took     285.537000 us
  Sample 77...
Starting computation...
    Writing took     7.991002 ms
    Computation took 335.733916 ms
    Reading took     288.506000 us
  Sample 78...
Starting computation...
    Writing took     7.976338 ms
    Computation took 335.705149 ms
    Reading took     286.902000 us
  Sample 79...
Starting computation...
    Writing took     7.976799 ms
    Computation took 335.759940 ms
    Reading took     292.054000 us
  Sample 80...
Starting computation...
    Writing took     7.780257 ms
    Computation took 335.728482 ms
    Reading took     303.399000 us
  Sample 81...
Starting computation...
    Writing took     8.119730 ms
    Computation took 335.705531 ms
    Reading took     302.853000 us
  Sample 82...
Starting computation...
    Writing took     8.034665 ms
    Computation took 335.620905 ms
    Reading took     313.981000 us
  Sample 83...
Starting computation...
    Writing took     9.163513 ms
    Computation took 335.808778 ms
    Reading took     305.499000 us
  Sample 84...
Starting computation...
    Writing took     8.149188 ms
    Computation took 335.671168 ms
    Reading took     285.261000 us
  Sample 85...
Starting computation...
    Writing took     7.983123 ms
    Computation took 335.667981 ms
    Reading took     292.652000 us
  Sample 86...
Starting computation...
    Writing took     8.028513 ms
    Computation took 335.717076 ms
    Reading took     287.582000 us
  Sample 87...
Starting computation...
    Writing took     7.994313 ms
    Computation took 335.775645 ms
    Reading took     303.796000 us
  Sample 88...
Starting computation...
    Writing took     8.040532 ms
    Computation took 335.787209 ms
    Reading took     294.760000 us
  Sample 89...
Starting computation...
    Writing took     7.802631 ms
    Computation took 335.980012 ms
    Reading took     303.460000 us
  Sample 90...
Starting computation...
    Writing took     8.244193 ms
    Computation took 335.693343 ms
    Reading took     388.125000 us
  Sample 91...
Starting computation...
    Writing took     12.597665 ms
    Computation took 336.048890 ms
    Reading took     336.175000 us
  Sample 92...
Starting computation...
    Writing took     8.812898 ms
    Computation took 335.959796 ms
    Reading took     303.816000 us
  Sample 93...
Starting computation...
    Writing took     8.070895 ms
    Computation took 335.762453 ms
    Reading took     292.174000 us
  Sample 94...
Starting computation...
    Writing took     7.866697 ms
    Computation took 335.818229 ms
    Reading took     300.663000 us
  Sample 95...
Starting computation...
    Writing took     8.056877 ms
    Computation took 335.863055 ms
    Reading took     308.000000 us
  Sample 96...
Starting computation...
    Writing took     8.287909 ms
    Computation took 335.851198 ms
    Reading took     308.806000 us
  Sample 97...
Starting computation...
    Writing took     8.683249 ms
    Computation took 336.021338 ms
    Reading took     305.514000 us
  Sample 98...
Starting computation...
    Writing took     8.024357 ms
    Computation took 335.959570 ms
    Reading took     308.739000 us
  Sample 99...
Starting computation...
    Writing took     8.422938 ms
    Computation took 335.844126 ms
    Reading took     536.906000 us
Mean computation time: 335.456213 ms
Mean deviation: 236.878000 us (0.0706137%)
Mean computation time (per hash): 3.135104 ms
Mean deviation (per hash): 2.213000 us
