Using device #0: CUDA Device 'GeForce GTX 1080 Ti'
  Sample 0...
Starting computation...
    Writing took     4.785722 ms
    Computation took 250.620847 ms
    Reading took     163.949000 us
  Sample 1...
Starting computation...
    Writing took     3.843223 ms
    Computation took 250.386193 ms
    Reading took     157.037000 us
  Sample 2...
Starting computation...
    Writing took     3.794506 ms
    Computation took 250.382522 ms
    Reading took     190.440000 us
  Sample 3...
Starting computation...
    Writing took     3.971635 ms
    Computation took 250.408998 ms
    Reading took     143.920000 us
  Sample 4...
Starting computation...
    Writing took     3.574026 ms
    Computation took 250.431461 ms
    Reading took     157.022000 us
  Sample 5...
Starting computation...
    Writing took     3.935510 ms
    Computation took 250.400627 ms
    Reading took     145.914000 us
  Sample 6...
Starting computation...
    Writing took     3.484421 ms
    Computation took 250.449042 ms
    Reading took     164.543000 us
  Sample 7...
Starting computation...
    Writing took     4.465484 ms
    Computation took 250.435077 ms
    Reading took     164.881000 us
  Sample 8...
Starting computation...
    Writing took     4.493486 ms
    Computation took 250.411040 ms
    Reading took     152.124000 us
  Sample 9...
Starting computation...
    Writing took     3.725868 ms
    Computation took 250.479565 ms
    Reading took     168.499000 us
  Sample 10...
Starting computation...
    Writing took     4.178888 ms
    Computation took 250.836194 ms
    Reading took     166.044000 us
  Sample 11...
Starting computation...
    Writing took     4.255628 ms
    Computation took 250.757481 ms
    Reading took     193.785000 us
  Sample 12...
Starting computation...
    Writing took     4.890241 ms
    Computation took 250.435158 ms
    Reading took     178.532000 us
  Sample 13...
Starting computation...
    Writing took     4.438738 ms
    Computation took 250.393491 ms
    Reading took     169.955000 us
  Sample 14...
Starting computation...
    Writing took     4.451913 ms
    Computation took 250.378511 ms
    Reading took     163.149000 us
  Sample 15...
Starting computation...
    Writing took     4.442402 ms
    Computation took 250.392229 ms
    Reading took     167.336000 us
  Sample 16...
Starting computation...
    Writing took     4.477317 ms
    Computation took 250.363637 ms
    Reading took     166.246000 us
  Sample 17...
Starting computation...
    Writing took     4.476146 ms
    Computation took 250.465987 ms
    Reading took     162.687000 us
  Sample 18...
Starting computation...
    Writing took     4.443595 ms
    Computation took 250.527521 ms
    Reading took     175.372000 us
  Sample 19...
Starting computation...
    Writing took     4.490415 ms
    Computation took 250.784711 ms
    Reading took     132.835000 us
  Sample 20...
Starting computation...
    Writing took     3.503908 ms
    Computation took 250.519205 ms
    Reading took     131.717000 us
  Sample 21...
Starting computation...
    Writing took     3.380415 ms
    Computation took 250.698272 ms
    Reading took     131.285000 us
  Sample 22...
Starting computation...
    Writing took     3.448541 ms
    Computation took 250.995612 ms
    Reading took     129.814000 us
  Sample 23...
Starting computation...
    Writing took     3.407397 ms
    Computation took 250.812410 ms
    Reading took     250.976000 us
  Sample 24...
Starting computation...
    Writing took     6.353264 ms
    Computation took 250.812522 ms
    Reading took     164.700000 us
  Sample 25...
Starting computation...
    Writing took     4.489379 ms
    Computation took 250.397469 ms
    Reading took     185.172000 us
  Sample 26...
Starting computation...
    Writing took     4.524442 ms
    Computation took 250.407497 ms
    Reading took     164.823000 us
  Sample 27...
Starting computation...
    Writing took     4.535641 ms
    Computation took 250.530228 ms
    Reading took     207.784000 us
  Sample 28...
Starting computation...
    Writing took     6.699975 ms
    Computation took 250.884872 ms
    Reading took     168.470000 us
  Sample 29...
Starting computation...
    Writing took     4.512049 ms
    Computation took 250.447946 ms
    Reading took     166.029000 us
  Sample 30...
Starting computation...
    Writing took     4.502875 ms
    Computation took 250.428465 ms
    Reading took     250.202000 us
  Sample 31...
Starting computation...
    Writing took     7.424674 ms
    Computation took 250.484018 ms
    Reading took     164.996000 us
  Sample 32...
Starting computation...
    Writing took     4.481232 ms
    Computation took 250.430100 ms
    Reading took     272.410000 us
  Sample 33...
Starting computation...
    Writing took     7.674230 ms
    Computation took 250.459050 ms
    Reading took     163.700000 us
  Sample 34...
Starting computation...
    Writing took     4.477559 ms
    Computation took 250.407498 ms
    Reading took     163.590000 us
  Sample 35...
Starting computation...
    Writing took     4.463090 ms
    Computation took 250.523696 ms
    Reading took     271.415000 us
  Sample 36...
Starting computation...
    Writing took     7.672587 ms
    Computation took 250.714247 ms
    Reading took     164.206000 us
  Sample 37...
Starting computation...
    Writing took     4.450675 ms
    Computation took 250.348183 ms
    Reading took     164.074000 us
  Sample 38...
Starting computation...
    Writing took     4.470701 ms
    Computation took 250.363045 ms
    Reading took     132.433000 us
  Sample 39...
Starting computation...
    Writing took     3.517742 ms
    Computation took 250.312564 ms
    Reading took     134.697000 us
  Sample 40...
Starting computation...
    Writing took     3.433023 ms
    Computation took 250.378074 ms
    Reading took     143.728000 us
  Sample 41...
Starting computation...
    Writing took     3.957612 ms
    Computation took 252.922925 ms
    Reading took     141.073000 us
  Sample 42...
Starting computation...
    Writing took     3.748995 ms
    Computation took 257.148429 ms
    Reading took     139.946000 us
  Sample 43...
Starting computation...
    Writing took     3.614714 ms
    Computation took 257.863815 ms
    Reading took     145.526000 us
  Sample 44...
Starting computation...
    Writing took     3.825693 ms
    Computation took 255.580144 ms
    Reading took     164.491000 us
  Sample 45...
Starting computation...
    Writing took     4.465945 ms
    Computation took 254.640118 ms
    Reading took     173.288000 us
  Sample 46...
Starting computation...
    Writing took     4.440078 ms
    Computation took 251.844591 ms
    Reading took     165.550000 us
  Sample 47...
Starting computation...
    Writing took     4.480667 ms
    Computation took 251.449353 ms
    Reading took     163.904000 us
  Sample 48...
Starting computation...
    Writing took     4.525139 ms
    Computation took 250.497586 ms
    Reading took     166.151000 us
  Sample 49...
Starting computation...
    Writing took     4.442457 ms
    Computation took 250.366499 ms
    Reading took     165.079000 us
  Sample 50...
Starting computation...
    Writing took     4.447578 ms
    Computation took 250.362221 ms
    Reading took     164.364000 us
  Sample 51...
Starting computation...
    Writing took     4.494303 ms
    Computation took 250.385486 ms
    Reading took     163.761000 us
  Sample 52...
Starting computation...
    Writing took     4.482532 ms
    Computation took 250.327404 ms
    Reading took     166.479000 us
  Sample 53...
Starting computation...
    Writing took     4.449650 ms
    Computation took 250.423151 ms
    Reading took     164.664000 us
  Sample 54...
Starting computation...
    Writing took     4.467693 ms
    Computation took 250.388138 ms
    Reading took     134.729000 us
  Sample 55...
Starting computation...
    Writing took     3.474128 ms
    Computation took 250.367044 ms
    Reading took     160.884000 us
  Sample 56...
Starting computation...
    Writing took     3.422886 ms
    Computation took 250.362439 ms
    Reading took     137.347000 us
  Sample 57...
Starting computation...
    Writing took     3.718576 ms
    Computation took 251.758240 ms
    Reading took     133.038000 us
  Sample 58...
Starting computation...
    Writing took     3.514011 ms
    Computation took 256.809517 ms
    Reading took     138.947000 us
  Sample 59...
Starting computation...
    Writing took     3.741489 ms
    Computation took 257.601328 ms
    Reading took     294.820000 us
  Sample 60...
Starting computation...
    Writing took     8.412873 ms
    Computation took 257.327582 ms
    Reading took     176.807000 us
  Sample 61...
Starting computation...
    Writing took     4.860708 ms
    Computation took 254.538424 ms
    Reading took     211.342000 us
  Sample 62...
Starting computation...
    Writing took     4.865998 ms
    Computation took 253.864942 ms
    Reading took     165.234000 us
  Sample 63...
Starting computation...
    Writing took     4.450397 ms
    Computation took 251.269671 ms
    Reading took     163.810000 us
  Sample 64...
Starting computation...
    Writing took     4.459073 ms
    Computation took 250.736772 ms
    Reading took     165.278000 us
  Sample 65...
Starting computation...
    Writing took     4.432833 ms
    Computation took 250.411895 ms
    Reading took     167.751000 us
  Sample 66...
Starting computation...
    Writing took     4.445734 ms
    Computation took 250.380720 ms
    Reading took     230.431000 us
  Sample 67...
Starting computation...
    Writing took     6.105340 ms
    Computation took 250.352810 ms
    Reading took     190.610000 us
  Sample 68...
Starting computation...
    Writing took     4.875506 ms
    Computation took 250.385664 ms
    Reading took     191.344000 us
  Sample 69...
Starting computation...
    Writing took     4.905464 ms
    Computation took 250.365182 ms
    Reading took     175.617000 us
  Sample 70...
Starting computation...
    Writing took     4.500523 ms
    Computation took 250.392729 ms
    Reading took     174.230000 us
  Sample 71...
Starting computation...
    Writing took     4.495063 ms
    Computation took 250.393374 ms
    Reading took     176.604000 us
  Sample 72...
Starting computation...
    Writing took     4.516626 ms
    Computation took 250.418887 ms
    Reading took     176.786000 us
  Sample 73...
Starting computation...
    Writing took     4.520306 ms
    Computation took 250.440353 ms
    Reading took     216.793000 us
  Sample 74...
Starting computation...
    Writing took     7.063074 ms
    Computation took 250.400959 ms
    Reading took     178.801000 us
  Sample 75...
Starting computation...
    Writing took     4.513057 ms
    Computation took 250.443470 ms
    Reading took     174.795000 us
  Sample 76...
Starting computation...
    Writing took     4.490370 ms
    Computation took 250.384671 ms
    Reading took     277.345000 us
  Sample 77...
Starting computation...
    Writing took     7.774972 ms
    Computation took 250.431635 ms
    Reading took     177.097000 us
  Sample 78...
Starting computation...
    Writing took     4.974655 ms
    Computation took 250.442525 ms
    Reading took     176.524000 us
  Sample 79...
Starting computation...
    Writing took     4.525862 ms
    Computation took 250.359732 ms
    Reading took     174.030000 us
  Sample 80...
Starting computation...
    Writing took     4.495348 ms
    Computation took 250.391399 ms
    Reading took     266.621000 us
  Sample 81...
Starting computation...
    Writing took     4.715951 ms
    Computation took 250.419312 ms
    Reading took     175.137000 us
  Sample 82...
Starting computation...
    Writing took     4.503886 ms
    Computation took 250.425271 ms
    Reading took     174.361000 us
  Sample 83...
Starting computation...
    Writing took     4.528178 ms
    Computation took 250.442081 ms
    Reading took     277.342000 us
  Sample 84...
Starting computation...
    Writing took     5.290279 ms
    Computation took 250.420424 ms
    Reading took     173.779000 us
  Sample 85...
Starting computation...
    Writing took     4.917371 ms
    Computation took 250.401200 ms
    Reading took     150.920000 us
  Sample 86...
Starting computation...
    Writing took     4.519338 ms
    Computation took 250.455815 ms
    Reading took     175.005000 us
  Sample 87...
Starting computation...
    Writing took     4.474069 ms
    Computation took 250.363249 ms
    Reading took     143.322000 us
  Sample 88...
Starting computation...
    Writing took     3.428562 ms
    Computation took 250.369678 ms
    Reading took     152.853000 us
  Sample 89...
Starting computation...
    Writing took     4.242424 ms
    Computation took 250.438730 ms
    Reading took     145.519000 us
  Sample 90...
Starting computation...
    Writing took     3.564926 ms
    Computation took 250.387415 ms
    Reading took     248.795000 us
  Sample 91...
Starting computation...
    Writing took     4.045756 ms
    Computation took 250.357481 ms
    Reading took     151.147000 us
  Sample 92...
Starting computation...
    Writing took     3.698058 ms
    Computation took 250.418272 ms
    Reading took     179.661000 us
  Sample 93...
Starting computation...
    Writing took     4.504164 ms
    Computation took 250.417850 ms
    Reading took     271.524000 us
  Sample 94...
Starting computation...
    Writing took     7.586855 ms
    Computation took 250.440101 ms
    Reading took     177.192000 us
  Sample 95...
Starting computation...
    Writing took     4.478423 ms
    Computation took 250.414676 ms
    Reading took     178.635000 us
  Sample 96...
Starting computation...
    Writing took     4.519433 ms
    Computation took 250.447836 ms
    Reading took     175.662000 us
  Sample 97...
Starting computation...
    Writing took     4.513117 ms
    Computation took 250.351796 ms
    Reading took     136.422000 us
  Sample 98...
Starting computation...
    Writing took     3.503468 ms
    Computation took 250.454927 ms
    Reading took     180.385000 us
  Sample 99...
Starting computation...
    Writing took     4.838168 ms
    Computation took 250.396116 ms
    Reading took     180.419000 us
Mean computation time: 251.041493 ms
Mean deviation: 1.000763 ms (0.398644%)
Mean computation time (per hash): 4.184024 ms
Mean deviation (per hash): 16.679000 us
