Using device #0: CUDA Device 'GeForce GTX 1080 Ti'
  Sample 0...
Starting computation...
    Writing took     1.505085 ms
    Computation took 189.374167 ms
    Reading took     56.449000 us
  Sample 1...
Starting computation...
    Writing took     1.385196 ms
    Computation took 189.401805 ms
    Reading took     56.417000 us
  Sample 2...
Starting computation...
    Writing took     1.448759 ms
    Computation took 189.380279 ms
    Reading took     54.133000 us
  Sample 3...
Starting computation...
    Writing took     1.465565 ms
    Computation took 189.371211 ms
    Reading took     54.493000 us
  Sample 4...
Starting computation...
    Writing took     1.435921 ms
    Computation took 189.356839 ms
    Reading took     52.282000 us
  Sample 5...
Starting computation...
    Writing took     1.285781 ms
    Computation took 189.434944 ms
    Reading took     71.550000 us
  Sample 6...
Starting computation...
    Writing took     1.708956 ms
    Computation took 189.413445 ms
    Reading took     77.346000 us
  Sample 7...
Starting computation...
    Writing took     2.109109 ms
    Computation took 189.403038 ms
    Reading took     52.266000 us
  Sample 8...
Starting computation...
    Writing took     1.190067 ms
    Computation took 189.396927 ms
    Reading took     72.770000 us
  Sample 9...
Starting computation...
    Writing took     1.779677 ms
    Computation took 189.392838 ms
    Reading took     55.958000 us
  Sample 10...
Starting computation...
    Writing took     1.282854 ms
    Computation took 189.373013 ms
    Reading took     53.175000 us
  Sample 11...
Starting computation...
    Writing took     1.195849 ms
    Computation took 189.410753 ms
    Reading took     52.618000 us
  Sample 12...
Starting computation...
    Writing took     1.176897 ms
    Computation took 189.405445 ms
    Reading took     56.074000 us
  Sample 13...
Starting computation...
    Writing took     1.237433 ms
    Computation took 189.416842 ms
    Reading took     54.093000 us
  Sample 14...
Starting computation...
    Writing took     1.302579 ms
    Computation took 189.424163 ms
    Reading took     53.629000 us
  Sample 15...
Starting computation...
    Writing took     1.199431 ms
    Computation took 189.442853 ms
    Reading took     51.832000 us
  Sample 16...
Starting computation...
    Writing took     1.175963 ms
    Computation took 189.384737 ms
    Reading took     51.534000 us
  Sample 17...
Starting computation...
    Writing took     1.237800 ms
    Computation took 189.407964 ms
    Reading took     51.156000 us
  Sample 18...
Starting computation...
    Writing took     1.154476 ms
    Computation took 189.394791 ms
    Reading took     50.340000 us
  Sample 19...
Starting computation...
    Writing took     1.144545 ms
    Computation took 189.388116 ms
    Reading took     50.050000 us
  Sample 20...
Starting computation...
    Writing took     1.158619 ms
    Computation took 189.445096 ms
    Reading took     53.518000 us
  Sample 21...
Starting computation...
    Writing took     1.229273 ms
    Computation took 189.417402 ms
    Reading took     51.239000 us
  Sample 22...
Starting computation...
    Writing took     1.123999 ms
    Computation took 189.435168 ms
    Reading took     93.568000 us
  Sample 23...
Starting computation...
    Writing took     2.553911 ms
    Computation took 189.444470 ms
    Reading took     58.549000 us
  Sample 24...
Starting computation...
    Writing took     1.509648 ms
    Computation took 189.405301 ms
    Reading took     71.740000 us
  Sample 25...
Starting computation...
    Writing took     1.504512 ms
    Computation took 189.395412 ms
    Reading took     57.595000 us
  Sample 26...
Starting computation...
    Writing took     1.500880 ms
    Computation took 189.410882 ms
    Reading took     48.310000 us
  Sample 27...
Starting computation...
    Writing took     1.170830 ms
    Computation took 189.402243 ms
    Reading took     46.876000 us
  Sample 28...
Starting computation...
    Writing took     1.151865 ms
    Computation took 189.376400 ms
    Reading took     45.074000 us
  Sample 29...
Starting computation...
    Writing took     1.123783 ms
    Computation took 189.383948 ms
    Reading took     47.854000 us
  Sample 30...
Starting computation...
    Writing took     1.123635 ms
    Computation took 189.368686 ms
    Reading took     46.680000 us
  Sample 31...
Starting computation...
    Writing took     1.172494 ms
    Computation took 189.390025 ms
    Reading took     48.643000 us
  Sample 32...
Starting computation...
    Writing took     1.219280 ms
    Computation took 189.401200 ms
    Reading took     48.588000 us
  Sample 33...
Starting computation...
    Writing took     1.236676 ms
    Computation took 189.379248 ms
    Reading took     47.316000 us
  Sample 34...
Starting computation...
    Writing took     1.165285 ms
    Computation took 189.381797 ms
    Reading took     45.224000 us
  Sample 35...
Starting computation...
    Writing took     1.134956 ms
    Computation took 189.379649 ms
    Reading took     51.225000 us
  Sample 36...
Starting computation...
    Writing took     1.250421 ms
    Computation took 189.398451 ms
    Reading took     48.324000 us
  Sample 37...
Starting computation...
    Writing took     1.191541 ms
    Computation took 189.389129 ms
    Reading took     47.840000 us
  Sample 38...
Starting computation...
    Writing took     1.247994 ms
    Computation took 189.359017 ms
    Reading took     50.154000 us
  Sample 39...
Starting computation...
    Writing took     1.237675 ms
    Computation took 189.379042 ms
    Reading took     47.259000 us
  Sample 40...
Starting computation...
    Writing took     1.169174 ms
    Computation took 189.368178 ms
    Reading took     47.587000 us
  Sample 41...
Starting computation...
    Writing took     1.203023 ms
    Computation took 189.364776 ms
    Reading took     46.967000 us
  Sample 42...
Starting computation...
    Writing took     1.272489 ms
    Computation took 189.357047 ms
    Reading took     51.670000 us
  Sample 43...
Starting computation...
    Writing took     1.288235 ms
    Computation took 189.388698 ms
    Reading took     47.632000 us
  Sample 44...
Starting computation...
    Writing took     1.203098 ms
    Computation took 189.339896 ms
    Reading took     44.993000 us
  Sample 45...
Starting computation...
    Writing took     1.130155 ms
    Computation took 189.347150 ms
    Reading took     45.723000 us
  Sample 46...
Starting computation...
    Writing took     1.125810 ms
    Computation took 189.380224 ms
    Reading took     46.913000 us
  Sample 47...
Starting computation...
    Writing took     1.171943 ms
    Computation took 189.341917 ms
    Reading took     43.875000 us
  Sample 48...
Starting computation...
    Writing took     1.130482 ms
    Computation took 189.367574 ms
    Reading took     47.402000 us
  Sample 49...
Starting computation...
    Writing took     1.160195 ms
    Computation took 189.378997 ms
    Reading took     50.313000 us
  Sample 50...
Starting computation...
    Writing took     1.246432 ms
    Computation took 189.356863 ms
    Reading took     45.323000 us
  Sample 51...
Starting computation...
    Writing took     1.134172 ms
    Computation took 189.373509 ms
    Reading took     57.876000 us
  Sample 52...
Starting computation...
    Writing took     1.489534 ms
    Computation took 189.364124 ms
    Reading took     58.516000 us
  Sample 53...
Starting computation...
    Writing took     1.497189 ms
    Computation took 189.398440 ms
    Reading took     57.664000 us
  Sample 54...
Starting computation...
    Writing took     1.502794 ms
    Computation took 189.373747 ms
    Reading took     57.960000 us
  Sample 55...
Starting computation...
    Writing took     1.511582 ms
    Computation took 189.399750 ms
    Reading took     59.250000 us
  Sample 56...
Starting computation...
    Writing took     1.494680 ms
    Computation took 189.452692 ms
    Reading took     90.237000 us
  Sample 57...
Starting computation...
    Writing took     2.481717 ms
    Computation took 189.406915 ms
    Reading took     57.408000 us
  Sample 58...
Starting computation...
    Writing took     1.497668 ms
    Computation took 189.369153 ms
    Reading took     62.110000 us
  Sample 59...
Starting computation...
    Writing took     1.525306 ms
    Computation took 189.354213 ms
    Reading took     57.323000 us
  Sample 60...
Starting computation...
    Writing took     1.519357 ms
    Computation took 189.391732 ms
    Reading took     56.774000 us
  Sample 61...
Starting computation...
    Writing took     1.487734 ms
    Computation took 189.375232 ms
    Reading took     58.783000 us
  Sample 62...
Starting computation...
    Writing took     1.492691 ms
    Computation took 189.332956 ms
    Reading took     60.853000 us
  Sample 63...
Starting computation...
    Writing took     1.506846 ms
    Computation took 189.405648 ms
    Reading took     58.167000 us
  Sample 64...
Starting computation...
    Writing took     1.506108 ms
    Computation took 189.408368 ms
    Reading took     59.350000 us
  Sample 65...
Starting computation...
    Writing took     1.496085 ms
    Computation took 189.358665 ms
    Reading took     58.317000 us
  Sample 66...
Starting computation...
    Writing took     1.495927 ms
    Computation took 189.388826 ms
    Reading took     59.936000 us
  Sample 67...
Starting computation...
    Writing took     1.516641 ms
    Computation took 189.393814 ms
    Reading took     57.558000 us
  Sample 68...
Starting computation...
    Writing took     1.511819 ms
    Computation took 189.365277 ms
    Reading took     57.898000 us
  Sample 69...
Starting computation...
    Writing took     1.495965 ms
    Computation took 189.420010 ms
    Reading took     63.212000 us
  Sample 70...
Starting computation...
    Writing took     1.498524 ms
    Computation took 189.413825 ms
    Reading took     57.551000 us
  Sample 71...
Starting computation...
    Writing took     1.527262 ms
    Computation took 189.382572 ms
    Reading took     63.976000 us
  Sample 72...
Starting computation...
    Writing took     1.517467 ms
    Computation took 189.409445 ms
    Reading took     58.832000 us
  Sample 73...
Starting computation...
    Writing took     1.363366 ms
    Computation took 189.468544 ms
    Reading took     58.628000 us
  Sample 74...
Starting computation...
    Writing took     1.498098 ms
    Computation took 189.405942 ms
    Reading took     58.930000 us
  Sample 75...
Starting computation...
    Writing took     1.496374 ms
    Computation took 189.385608 ms
    Reading took     63.386000 us
  Sample 76...
Starting computation...
    Writing took     1.511327 ms
    Computation took 189.379118 ms
    Reading took     56.798000 us
  Sample 77...
Starting computation...
    Writing took     1.474790 ms
    Computation took 189.372680 ms
    Reading took     58.306000 us
  Sample 78...
Starting computation...
    Writing took     1.501610 ms
    Computation took 189.376962 ms
    Reading took     90.950000 us
  Sample 79...
Starting computation...
    Writing took     2.525222 ms
    Computation took 189.441365 ms
    Reading took     98.380000 us
  Sample 80...
Starting computation...
    Writing took     2.557201 ms
    Computation took 189.438433 ms
    Reading took     66.320000 us
  Sample 81...
Starting computation...
    Writing took     1.650837 ms
    Computation took 189.406750 ms
    Reading took     66.132000 us
  Sample 82...
Starting computation...
    Writing took     1.656635 ms
    Computation took 189.368040 ms
    Reading took     63.431000 us
  Sample 83...
Starting computation...
    Writing took     1.583291 ms
    Computation took 189.357890 ms
    Reading took     52.002000 us
  Sample 84...
Starting computation...
    Writing took     1.179441 ms
    Computation took 189.936742 ms
    Reading took     65.902000 us
  Sample 85...
Starting computation...
    Writing took     1.815082 ms
    Computation took 189.391267 ms
    Reading took     51.414000 us
  Sample 86...
Starting computation...
    Writing took     1.208458 ms
    Computation took 189.396979 ms
    Reading took     48.827000 us
  Sample 87...
Starting computation...
    Writing took     1.124377 ms
    Computation took 189.399540 ms
    Reading took     48.954000 us
  Sample 88...
Starting computation...
    Writing took     1.123600 ms
    Computation took 189.406488 ms
    Reading took     52.836000 us
  Sample 89...
Starting computation...
    Writing took     1.258843 ms
    Computation took 189.369405 ms
    Reading took     102.898000 us
  Sample 90...
Starting computation...
    Writing took     2.704206 ms
    Computation took 189.448073 ms
    Reading took     67.438000 us
  Sample 91...
Starting computation...
    Writing took     1.654111 ms
    Computation took 189.381704 ms
    Reading took     67.546000 us
  Sample 92...
Starting computation...
    Writing took     1.639024 ms
    Computation took 189.138951 ms
    Reading took     71.338000 us
  Sample 93...
Starting computation...
    Writing took     1.584308 ms
    Computation took 189.099371 ms
    Reading took     52.296000 us
  Sample 94...
Starting computation...
    Writing took     1.284985 ms
    Computation took 189.070664 ms
    Reading took     53.204000 us
  Sample 95...
Starting computation...
    Writing took     1.232976 ms
    Computation took 189.091886 ms
    Reading took     71.179000 us
  Sample 96...
Starting computation...
    Writing took     1.248431 ms
    Computation took 189.119986 ms
    Reading took     72.955000 us
  Sample 97...
Starting computation...
    Writing took     1.862784 ms
    Computation took 189.122128 ms
    Reading took     66.712000 us
  Sample 98...
Starting computation...
    Writing took     1.639158 ms
    Computation took 189.126313 ms
    Reading took     65.109000 us
  Sample 99...
Starting computation...
    Writing took     1.603557 ms
    Computation took 189.096495 ms
    Reading took     91.227000 us
Mean computation time: 189.374442 ms
Mean deviation: 49.185000 us (0.0259724%)
Mean computation time (per hash): 9.468721 ms
Mean deviation (per hash): 2.459000 us
