Using device #0: CUDA Device 'GeForce GTX 1080 Ti'
  Sample 0...
Starting computation...
    Writing took     10.994430 ms
    Computation took 321.805632 ms
    Reading took     442.141000 us
  Sample 1...
Starting computation...
    Writing took     11.830345 ms
    Computation took 321.891127 ms
    Reading took     287.553000 us
  Sample 2...
Starting computation...
    Writing took     7.576202 ms
    Computation took 321.962891 ms
    Reading took     289.061000 us
  Sample 3...
Starting computation...
    Writing took     7.616784 ms
    Computation took 321.901552 ms
    Reading took     287.116000 us
  Sample 4...
Starting computation...
    Writing took     7.584614 ms
    Computation took 321.951418 ms
    Reading took     289.309000 us
  Sample 5...
Starting computation...
    Writing took     7.597628 ms
    Computation took 321.825472 ms
    Reading took     287.461000 us
  Sample 6...
Starting computation...
    Writing took     7.620302 ms
    Computation took 321.957664 ms
    Reading took     294.957000 us
  Sample 7...
Starting computation...
    Writing took     7.584626 ms
    Computation took 321.954961 ms
    Reading took     288.039000 us
  Sample 8...
Starting computation...
    Writing took     7.613557 ms
    Computation took 321.927374 ms
    Reading took     472.644000 us
  Sample 9...
Starting computation...
    Writing took     8.993231 ms
    Computation took 321.834117 ms
    Reading took     300.093000 us
  Sample 10...
Starting computation...
    Writing took     7.558630 ms
    Computation took 321.976118 ms
    Reading took     288.776000 us
  Sample 11...
Starting computation...
    Writing took     7.611679 ms
    Computation took 322.056209 ms
    Reading took     309.613000 us
  Sample 12...
Starting computation...
    Writing took     8.272019 ms
    Computation took 321.910008 ms
    Reading took     291.059000 us
  Sample 13...
Starting computation...
    Writing took     7.615711 ms
    Computation took 321.888030 ms
    Reading took     309.461000 us
  Sample 14...
Starting computation...
    Writing took     7.582220 ms
    Computation took 322.070376 ms
    Reading took     288.792000 us
  Sample 15...
Starting computation...
    Writing took     7.643131 ms
    Computation took 321.908297 ms
    Reading took     312.680000 us
  Sample 16...
Starting computation...
    Writing took     7.556796 ms
    Computation took 322.091877 ms
    Reading took     287.411000 us
  Sample 17...
Starting computation...
    Writing took     7.657652 ms
    Computation took 321.934024 ms
    Reading took     298.160000 us
  Sample 18...
Starting computation...
    Writing took     7.557876 ms
    Computation took 321.795219 ms
    Reading took     273.859000 us
  Sample 19...
Starting computation...
    Writing took     7.561727 ms
    Computation took 321.870415 ms
    Reading took     273.204000 us
  Sample 20...
Starting computation...
    Writing took     7.533978 ms
    Computation took 321.787807 ms
    Reading took     273.413000 us
  Sample 21...
Starting computation...
    Writing took     13.198758 ms
    Computation took 321.791902 ms
    Reading took     273.533000 us
  Sample 22...
Starting computation...
    Writing took     7.541253 ms
    Computation took 321.791389 ms
    Reading took     475.140000 us
  Sample 23...
Starting computation...
    Writing took     13.518999 ms
    Computation took 321.780929 ms
    Reading took     273.739000 us
  Sample 24...
Starting computation...
    Writing took     7.590950 ms
    Computation took 322.005683 ms
    Reading took     273.072000 us
  Sample 25...
Starting computation...
    Writing took     7.582065 ms
    Computation took 321.972065 ms
    Reading took     275.591000 us
  Sample 26...
Starting computation...
    Writing took     7.571410 ms
    Computation took 321.795509 ms
    Reading took     273.911000 us
  Sample 27...
Starting computation...
    Writing took     7.550510 ms
    Computation took 321.918912 ms
    Reading took     276.009000 us
  Sample 28...
Starting computation...
    Writing took     7.562743 ms
    Computation took 321.889995 ms
    Reading took     273.526000 us
  Sample 29...
Starting computation...
    Writing took     7.589100 ms
    Computation took 321.942098 ms
    Reading took     272.970000 us
  Sample 30...
Starting computation...
    Writing took     7.538338 ms
    Computation took 321.988110 ms
    Reading took     272.179000 us
  Sample 31...
Starting computation...
    Writing took     14.572403 ms
    Computation took 321.903067 ms
    Reading took     322.200000 us
  Sample 32...
Starting computation...
    Writing took     8.678021 ms
    Computation took 321.941722 ms
    Reading took     380.689000 us
  Sample 33...
Starting computation...
    Writing took     9.568720 ms
    Computation took 321.850046 ms
    Reading took     287.548000 us
  Sample 34...
Starting computation...
    Writing took     7.650562 ms
    Computation took 322.107380 ms
    Reading took     296.948000 us
  Sample 35...
Starting computation...
    Writing took     7.572716 ms
    Computation took 321.973519 ms
    Reading took     287.627000 us
  Sample 36...
Starting computation...
    Writing took     7.618238 ms
    Computation took 322.182317 ms
    Reading took     297.373000 us
  Sample 37...
Starting computation...
    Writing took     7.561413 ms
    Computation took 322.415325 ms
    Reading took     288.491000 us
  Sample 38...
Starting computation...
    Writing took     7.614104 ms
    Computation took 322.571525 ms
    Reading took     322.708000 us
  Sample 39...
Starting computation...
    Writing took     7.598969 ms
    Computation took 322.370137 ms
    Reading took     294.285000 us
  Sample 40...
Starting computation...
    Writing took     7.587242 ms
    Computation took 322.410699 ms
    Reading took     298.232000 us
  Sample 41...
Starting computation...
    Writing took     7.627777 ms
    Computation took 322.219656 ms
    Reading took     289.431000 us
  Sample 42...
Starting computation...
    Writing took     7.561982 ms
    Computation took 322.325306 ms
    Reading took     288.616000 us
  Sample 43...
Starting computation...
    Writing took     7.669711 ms
    Computation took 322.329584 ms
    Reading took     288.013000 us
  Sample 44...
Starting computation...
    Writing took     7.564362 ms
    Computation took 322.441066 ms
    Reading took     296.413000 us
  Sample 45...
Starting computation...
    Writing took     7.710642 ms
    Computation took 322.331899 ms
    Reading took     295.800000 us
  Sample 46...
Starting computation...
    Writing took     8.250432 ms
    Computation took 322.408110 ms
    Reading took     532.522000 us
  Sample 47...
Starting computation...
    Writing took     15.383965 ms
    Computation took 322.392374 ms
    Reading took     296.133000 us
  Sample 48...
Starting computation...
    Writing took     8.235501 ms
    Computation took 322.342166 ms
    Reading took     296.328000 us
  Sample 49...
Starting computation...
    Writing took     8.267253 ms
    Computation took 322.348376 ms
    Reading took     435.539000 us
  Sample 50...
Starting computation...
    Writing took     13.052630 ms
    Computation took 322.261395 ms
    Reading took     448.096000 us
  Sample 51...
Starting computation...
    Writing took     10.926869 ms
    Computation took 322.233316 ms
    Reading took     381.820000 us
  Sample 52...
Starting computation...
    Writing took     10.252336 ms
    Computation took 322.218460 ms
    Reading took     423.267000 us
  Sample 53...
Starting computation...
    Writing took     10.970206 ms
    Computation took 322.324952 ms
    Reading took     274.620000 us
  Sample 54...
Starting computation...
    Writing took     7.523175 ms
    Computation took 322.322411 ms
    Reading took     355.911000 us
  Sample 55...
Starting computation...
    Writing took     7.675644 ms
    Computation took 322.320978 ms
    Reading took     298.260000 us
  Sample 56...
Starting computation...
    Writing took     8.141248 ms
    Computation took 322.198829 ms
    Reading took     272.742000 us
  Sample 57...
Starting computation...
    Writing took     7.611333 ms
    Computation took 322.289599 ms
    Reading took     273.750000 us
  Sample 58...
Starting computation...
    Writing took     7.995552 ms
    Computation took 322.471419 ms
    Reading took     458.791000 us
  Sample 59...
Starting computation...
    Writing took     13.178290 ms
    Computation took 322.303584 ms
    Reading took     273.202000 us
  Sample 60...
Starting computation...
    Writing took     7.537086 ms
    Computation took 322.435292 ms
    Reading took     273.467000 us
  Sample 61...
Starting computation...
    Writing took     8.668543 ms
    Computation took 322.464644 ms
    Reading took     273.923000 us
  Sample 62...
Starting computation...
    Writing took     7.571815 ms
    Computation took 322.402051 ms
    Reading took     274.118000 us
  Sample 63...
Starting computation...
    Writing took     7.884958 ms
    Computation took 322.353356 ms
    Reading took     278.194000 us
  Sample 64...
Starting computation...
    Writing took     7.832527 ms
    Computation took 322.303878 ms
    Reading took     273.275000 us
  Sample 65...
Starting computation...
    Writing took     7.570923 ms
    Computation took 322.371937 ms
    Reading took     279.998000 us
  Sample 66...
Starting computation...
    Writing took     7.529017 ms
    Computation took 322.459616 ms
    Reading took     265.967000 us
  Sample 67...
Starting computation...
    Writing took     7.272040 ms
    Computation took 322.288148 ms
    Reading took     314.710000 us
  Sample 68...
Starting computation...
    Writing took     7.627359 ms
    Computation took 322.568078 ms
    Reading took     298.019000 us
  Sample 69...
Starting computation...
    Writing took     7.647389 ms
    Computation took 322.492967 ms
    Reading took     289.618000 us
  Sample 70...
Starting computation...
    Writing took     7.616067 ms
    Computation took 322.556470 ms
    Reading took     295.255000 us
  Sample 71...
Starting computation...
    Writing took     7.576357 ms
    Computation took 322.318312 ms
    Reading took     275.292000 us
  Sample 72...
Starting computation...
    Writing took     7.571655 ms
    Computation took 322.320692 ms
    Reading took     325.379000 us
  Sample 73...
Starting computation...
    Writing took     7.702835 ms
    Computation took 322.421176 ms
    Reading took     368.746000 us
  Sample 74...
Starting computation...
    Writing took     11.764033 ms
    Computation took 322.457213 ms
    Reading took     303.243000 us
  Sample 75...
Starting computation...
    Writing took     7.611908 ms
    Computation took 322.341060 ms
    Reading took     297.979000 us
  Sample 76...
Starting computation...
    Writing took     7.485499 ms
    Computation took 322.457803 ms
    Reading took     358.966000 us
  Sample 77...
Starting computation...
    Writing took     7.874626 ms
    Computation took 322.595019 ms
    Reading took     292.043000 us
  Sample 78...
Starting computation...
    Writing took     7.588203 ms
    Computation took 322.352636 ms
    Reading took     291.262000 us
  Sample 79...
Starting computation...
    Writing took     7.600626 ms
    Computation took 322.600039 ms
    Reading took     288.763000 us
  Sample 80...
Starting computation...
    Writing took     7.621221 ms
    Computation took 322.586395 ms
    Reading took     299.955000 us
  Sample 81...
Starting computation...
    Writing took     7.551840 ms
    Computation took 322.491292 ms
    Reading took     291.155000 us
  Sample 82...
Starting computation...
    Writing took     7.635884 ms
    Computation took 322.523283 ms
    Reading took     289.017000 us
  Sample 83...
Starting computation...
    Writing took     7.615770 ms
    Computation took 322.434235 ms
    Reading took     288.761000 us
  Sample 84...
Starting computation...
    Writing took     7.598559 ms
    Computation took 322.493173 ms
    Reading took     299.856000 us
  Sample 85...
Starting computation...
    Writing took     8.331571 ms
    Computation took 322.471606 ms
    Reading took     289.825000 us
  Sample 86...
Starting computation...
    Writing took     7.590548 ms
    Computation took 322.475696 ms
    Reading took     332.105000 us
  Sample 87...
Starting computation...
    Writing took     9.621095 ms
    Computation took 322.519114 ms
    Reading took     318.448000 us
  Sample 88...
Starting computation...
    Writing took     9.395786 ms
    Computation took 322.643201 ms
    Reading took     365.739000 us
  Sample 89...
Starting computation...
    Writing took     8.272679 ms
    Computation took 322.599361 ms
    Reading took     315.198000 us
  Sample 90...
Starting computation...
    Writing took     8.265627 ms
    Computation took 322.628647 ms
    Reading took     287.849000 us
  Sample 91...
Starting computation...
    Writing took     7.620684 ms
    Computation took 322.552078 ms
    Reading took     287.129000 us
  Sample 92...
Starting computation...
    Writing took     7.604918 ms
    Computation took 322.537625 ms
    Reading took     298.103000 us
  Sample 93...
Starting computation...
    Writing took     7.580924 ms
    Computation took 322.656500 ms
    Reading took     289.386000 us
  Sample 94...
Starting computation...
    Writing took     7.525579 ms
    Computation took 322.688988 ms
    Reading took     278.880000 us
  Sample 95...
Starting computation...
    Writing took     7.443912 ms
    Computation took 322.687234 ms
    Reading took     289.353000 us
  Sample 96...
Starting computation...
    Writing took     10.422940 ms
    Computation took 322.698678 ms
    Reading took     292.283000 us
  Sample 97...
Starting computation...
    Writing took     7.591530 ms
    Computation took 322.623701 ms
    Reading took     287.247000 us
  Sample 98...
Starting computation...
    Writing took     9.345881 ms
    Computation took 322.683356 ms
    Reading took     290.693000 us
  Sample 99...
Starting computation...
    Writing took     7.571286 ms
    Computation took 322.637136 ms
    Reading took     497.432000 us
Mean computation time: 322.251780 ms
Mean deviation: 246.350000 us (0.0764464%)
Mean computation time (per hash): 3.159330 ms
Mean deviation (per hash): 2.415000 us
