Using device #0: CUDA Device 'GeForce GTX 1080 Ti'
  Sample 0...
Starting computation...
    Writing took     1.031372 ms
    Computation took 184.158337 ms
    Reading took     45.776000 us
  Sample 1...
Starting computation...
    Writing took     1.051280 ms
    Computation took 183.983681 ms
    Reading took     34.269000 us
  Sample 2...
Starting computation...
    Writing took     818.608000 us
    Computation took 183.978684 ms
    Reading took     35.925000 us
  Sample 3...
Starting computation...
    Writing took     786.329000 us
    Computation took 183.954105 ms
    Reading took     34.175000 us
  Sample 4...
Starting computation...
    Writing took     851.564000 us
    Computation took 183.970696 ms
    Reading took     34.749000 us
  Sample 5...
Starting computation...
    Writing took     870.396000 us
    Computation took 183.985885 ms
    Reading took     68.565000 us
  Sample 6...
Starting computation...
    Writing took     1.807429 ms
    Computation took 184.050287 ms
    Reading took     45.750000 us
  Sample 7...
Starting computation...
    Writing took     1.072881 ms
    Computation took 183.953902 ms
    Reading took     45.250000 us
  Sample 8...
Starting computation...
    Writing took     1.056037 ms
    Computation took 183.973150 ms
    Reading took     45.256000 us
  Sample 9...
Starting computation...
    Writing took     1.061784 ms
    Computation took 183.986701 ms
    Reading took     46.044000 us
  Sample 10...
Starting computation...
    Writing took     1.082069 ms
    Computation took 184.018827 ms
    Reading took     44.792000 us
  Sample 11...
Starting computation...
    Writing took     1.071332 ms
    Computation took 183.962701 ms
    Reading took     36.606000 us
  Sample 12...
Starting computation...
    Writing took     828.910000 us
    Computation took 184.009029 ms
    Reading took     37.861000 us
  Sample 13...
Starting computation...
    Writing took     816.654000 us
    Computation took 183.950139 ms
    Reading took     39.428000 us
  Sample 14...
Starting computation...
    Writing took     897.931000 us
    Computation took 184.004868 ms
    Reading took     39.321000 us
  Sample 15...
Starting computation...
    Writing took     826.513000 us
    Computation took 183.998565 ms
    Reading took     35.302000 us
  Sample 16...
Starting computation...
    Writing took     787.407000 us
    Computation took 184.001054 ms
    Reading took     37.305000 us
  Sample 17...
Starting computation...
    Writing took     817.263000 us
    Computation took 183.975714 ms
    Reading took     36.712000 us
  Sample 18...
Starting computation...
    Writing took     808.965000 us
    Computation took 183.951092 ms
    Reading took     36.555000 us
  Sample 19...
Starting computation...
    Writing took     803.002000 us
    Computation took 183.946660 ms
    Reading took     37.488000 us
  Sample 20...
Starting computation...
    Writing took     836.782000 us
    Computation took 184.004725 ms
    Reading took     39.172000 us
  Sample 21...
Starting computation...
    Writing took     874.305000 us
    Computation took 183.993514 ms
    Reading took     39.043000 us
  Sample 22...
Starting computation...
    Writing took     915.886000 us
    Computation took 183.965362 ms
    Reading took     37.456000 us
  Sample 23...
Starting computation...
    Writing took     888.940000 us
    Computation took 183.995853 ms
    Reading took     58.863000 us
  Sample 24...
Starting computation...
    Writing took     1.752146 ms
    Computation took 184.091054 ms
    Reading took     71.412000 us
  Sample 25...
Starting computation...
    Writing took     1.818224 ms
    Computation took 184.039809 ms
    Reading took     46.589000 us
  Sample 26...
Starting computation...
    Writing took     1.064449 ms
    Computation took 184.008064 ms
    Reading took     44.133000 us
  Sample 27...
Starting computation...
    Writing took     1.067664 ms
    Computation took 183.991601 ms
    Reading took     44.965000 us
  Sample 28...
Starting computation...
    Writing took     1.090582 ms
    Computation took 183.990398 ms
    Reading took     36.646000 us
  Sample 29...
Starting computation...
    Writing took     826.490000 us
    Computation took 183.990233 ms
    Reading took     38.614000 us
  Sample 30...
Starting computation...
    Writing took     818.942000 us
    Computation took 183.983055 ms
    Reading took     35.296000 us
  Sample 31...
Starting computation...
    Writing took     840.637000 us
    Computation took 183.941038 ms
    Reading took     36.739000 us
  Sample 32...
Starting computation...
    Writing took     876.969000 us
    Computation took 183.952158 ms
    Reading took     38.807000 us
  Sample 33...
Starting computation...
    Writing took     975.673000 us
    Computation took 183.956272 ms
    Reading took     35.406000 us
  Sample 34...
Starting computation...
    Writing took     812.215000 us
    Computation took 183.961603 ms
    Reading took     35.441000 us
  Sample 35...
Starting computation...
    Writing took     829.949000 us
    Computation took 183.970678 ms
    Reading took     36.181000 us
  Sample 36...
Starting computation...
    Writing took     830.520000 us
    Computation took 184.006344 ms
    Reading took     36.889000 us
  Sample 37...
Starting computation...
    Writing took     865.870000 us
    Computation took 183.994832 ms
    Reading took     57.639000 us
  Sample 38...
Starting computation...
    Writing took     1.069519 ms
    Computation took 184.047017 ms
    Reading took     47.764000 us
  Sample 39...
Starting computation...
    Writing took     1.064145 ms
    Computation took 183.979942 ms
    Reading took     47.502000 us
  Sample 40...
Starting computation...
    Writing took     1.159468 ms
    Computation took 184.039391 ms
    Reading took     53.182000 us
  Sample 41...
Starting computation...
    Writing took     1.166542 ms
    Computation took 184.018133 ms
    Reading took     43.079000 us
  Sample 42...
Starting computation...
    Writing took     1.040698 ms
    Computation took 183.987996 ms
    Reading took     43.182000 us
  Sample 43...
Starting computation...
    Writing took     1.051142 ms
    Computation took 183.980844 ms
    Reading took     43.557000 us
  Sample 44...
Starting computation...
    Writing took     1.080032 ms
    Computation took 184.032344 ms
    Reading took     43.863000 us
  Sample 45...
Starting computation...
    Writing took     1.078201 ms
    Computation took 184.000744 ms
    Reading took     43.959000 us
  Sample 46...
Starting computation...
    Writing took     1.064704 ms
    Computation took 184.015924 ms
    Reading took     44.902000 us
  Sample 47...
Starting computation...
    Writing took     1.066610 ms
    Computation took 184.013779 ms
    Reading took     43.917000 us
  Sample 48...
Starting computation...
    Writing took     1.073820 ms
    Computation took 183.995738 ms
    Reading took     66.052000 us
  Sample 49...
Starting computation...
    Writing took     1.781689 ms
    Computation took 184.012221 ms
    Reading took     62.644000 us
  Sample 50...
Starting computation...
    Writing took     1.751195 ms
    Computation took 184.032847 ms
    Reading took     60.166000 us
  Sample 51...
Starting computation...
    Writing took     1.482198 ms
    Computation took 183.962725 ms
    Reading took     34.959000 us
  Sample 52...
Starting computation...
    Writing took     788.912000 us
    Computation took 183.964276 ms
    Reading took     45.536000 us
  Sample 53...
Starting computation...
    Writing took     1.075439 ms
    Computation took 183.978989 ms
    Reading took     44.492000 us
  Sample 54...
Starting computation...
    Writing took     1.066800 ms
    Computation took 183.986050 ms
    Reading took     44.250000 us
  Sample 55...
Starting computation...
    Writing took     1.060947 ms
    Computation took 184.008007 ms
    Reading took     70.962000 us
  Sample 56...
Starting computation...
    Writing took     1.916598 ms
    Computation took 184.006243 ms
    Reading took     37.779000 us
  Sample 57...
Starting computation...
    Writing took     879.907000 us
    Computation took 184.045837 ms
    Reading took     45.403000 us
  Sample 58...
Starting computation...
    Writing took     1.072477 ms
    Computation took 184.016798 ms
    Reading took     44.159000 us
  Sample 59...
Starting computation...
    Writing took     1.078253 ms
    Computation took 183.993692 ms
    Reading took     44.418000 us
  Sample 60...
Starting computation...
    Writing took     1.074399 ms
    Computation took 183.972071 ms
    Reading took     44.139000 us
  Sample 61...
Starting computation...
    Writing took     1.064297 ms
    Computation took 183.971809 ms
    Reading took     40.520000 us
  Sample 62...
Starting computation...
    Writing took     940.462000 us
    Computation took 184.320562 ms
    Reading took     38.882000 us
  Sample 63...
Starting computation...
    Writing took     911.478000 us
    Computation took 184.294995 ms
    Reading took     38.132000 us
  Sample 64...
Starting computation...
    Writing took     908.365000 us
    Computation took 184.268116 ms
    Reading took     38.367000 us
  Sample 65...
Starting computation...
    Writing took     904.065000 us
    Computation took 184.289727 ms
    Reading took     38.874000 us
  Sample 66...
Starting computation...
    Writing took     891.452000 us
    Computation took 184.317897 ms
    Reading took     38.219000 us
  Sample 67...
Starting computation...
    Writing took     886.129000 us
    Computation took 184.335262 ms
    Reading took     35.664000 us
  Sample 68...
Starting computation...
    Writing took     841.741000 us
    Computation took 184.291650 ms
    Reading took     38.500000 us
  Sample 69...
Starting computation...
    Writing took     890.327000 us
    Computation took 184.297729 ms
    Reading took     35.822000 us
  Sample 70...
Starting computation...
    Writing took     822.972000 us
    Computation took 184.317785 ms
    Reading took     39.724000 us
  Sample 71...
Starting computation...
    Writing took     901.363000 us
    Computation took 184.332788 ms
    Reading took     36.758000 us
  Sample 72...
Starting computation...
    Writing took     829.654000 us
    Computation took 184.262569 ms
    Reading took     58.932000 us
  Sample 73...
Starting computation...
    Writing took     867.874000 us
    Computation took 184.269257 ms
    Reading took     45.388000 us
  Sample 74...
Starting computation...
    Writing took     903.824000 us
    Computation took 184.321725 ms
    Reading took     37.345000 us
  Sample 75...
Starting computation...
    Writing took     885.739000 us
    Computation took 184.295720 ms
    Reading took     38.560000 us
  Sample 76...
Starting computation...
    Writing took     913.737000 us
    Computation took 184.305304 ms
    Reading took     35.780000 us
  Sample 77...
Starting computation...
    Writing took     840.956000 us
    Computation took 190.194108 ms
    Reading took     81.033000 us
  Sample 78...
Starting computation...
    Writing took     1.925171 ms
    Computation took 184.328025 ms
    Reading took     45.073000 us
  Sample 79...
Starting computation...
    Writing took     1.067531 ms
    Computation took 184.296087 ms
    Reading took     52.509000 us
  Sample 80...
Starting computation...
    Writing took     1.062204 ms
    Computation took 184.328158 ms
    Reading took     45.254000 us
  Sample 81...
Starting computation...
    Writing took     1.063063 ms
    Computation took 184.289469 ms
    Reading took     45.649000 us
  Sample 82...
Starting computation...
    Writing took     1.071466 ms
    Computation took 184.307833 ms
    Reading took     45.320000 us
  Sample 83...
Starting computation...
    Writing took     1.064436 ms
    Computation took 184.316330 ms
    Reading took     45.392000 us
  Sample 84...
Starting computation...
    Writing took     1.068198 ms
    Computation took 184.287069 ms
    Reading took     43.510000 us
  Sample 85...
Starting computation...
    Writing took     1.065419 ms
    Computation took 184.262160 ms
    Reading took     49.749000 us
  Sample 86...
Starting computation...
    Writing took     1.064003 ms
    Computation took 184.306902 ms
    Reading took     46.131000 us
  Sample 87...
Starting computation...
    Writing took     1.062212 ms
    Computation took 184.305763 ms
    Reading took     44.954000 us
  Sample 88...
Starting computation...
    Writing took     1.078315 ms
    Computation took 184.276000 ms
    Reading took     43.967000 us
  Sample 89...
Starting computation...
    Writing took     1.066540 ms
    Computation took 184.257576 ms
    Reading took     43.378000 us
  Sample 90...
Starting computation...
    Writing took     1.054690 ms
    Computation took 184.285377 ms
    Reading took     50.500000 us
  Sample 91...
Starting computation...
    Writing took     1.062268 ms
    Computation took 184.252568 ms
    Reading took     43.125000 us
  Sample 92...
Starting computation...
    Writing took     1.055572 ms
    Computation took 184.320391 ms
    Reading took     44.280000 us
  Sample 93...
Starting computation...
    Writing took     1.040738 ms
    Computation took 184.281120 ms
    Reading took     45.070000 us
  Sample 94...
Starting computation...
    Writing took     1.061438 ms
    Computation took 184.300288 ms
    Reading took     46.096000 us
  Sample 95...
Starting computation...
    Writing took     1.070076 ms
    Computation took 184.298891 ms
    Reading took     43.079000 us
  Sample 96...
Starting computation...
    Writing took     1.056634 ms
    Computation took 184.276640 ms
    Reading took     34.589000 us
  Sample 97...
Starting computation...
    Writing took     793.892000 us
    Computation took 184.291604 ms
    Reading took     48.723000 us
  Sample 98...
Starting computation...
    Writing took     1.160286 ms
    Computation took 184.363433 ms
    Reading took     37.372000 us
  Sample 99...
Starting computation...
    Writing took     832.820000 us
    Computation took 184.290682 ms
    Reading took     36.275000 us
Mean computation time: 184.169516 ms
Mean deviation: 215.918000 us (0.117239%)
Mean computation time (per hash): 13.154965 ms
Mean deviation (per hash): 15.422000 us
