Using device #0: CUDA Device 'GeForce GTX 1080 Ti'
  Sample 0...
Starting computation...
    Writing took     6.240541 ms
    Computation took 192.667934 ms
    Reading took     136.920000 us
  Sample 1...
Starting computation...
    Writing took     3.527762 ms
    Computation took 192.590270 ms
    Reading took     132.808000 us
  Sample 2...
Starting computation...
    Writing took     3.519969 ms
    Computation took 192.551656 ms
    Reading took     131.244000 us
  Sample 3...
Starting computation...
    Writing took     3.573070 ms
    Computation took 192.594849 ms
    Reading took     106.081000 us
  Sample 4...
Starting computation...
    Writing took     2.707587 ms
    Computation took 192.628439 ms
    Reading took     112.681000 us
  Sample 5...
Starting computation...
    Writing took     2.903677 ms
    Computation took 192.674071 ms
    Reading took     103.589000 us
  Sample 6...
Starting computation...
    Writing took     2.738847 ms
    Computation took 192.652227 ms
    Reading took     121.101000 us
  Sample 7...
Starting computation...
    Writing took     2.531177 ms
    Computation took 192.578418 ms
    Reading took     105.785000 us
  Sample 8...
Starting computation...
    Writing took     2.765452 ms
    Computation took 192.599922 ms
    Reading took     99.210000 us
  Sample 9...
Starting computation...
    Writing took     2.563091 ms
    Computation took 192.696328 ms
    Reading took     101.352000 us
  Sample 10...
Starting computation...
    Writing took     2.569086 ms
    Computation took 192.715149 ms
    Reading took     105.931000 us
  Sample 11...
Starting computation...
    Writing took     2.804856 ms
    Computation took 192.642384 ms
    Reading took     106.883000 us
  Sample 12...
Starting computation...
    Writing took     2.813402 ms
    Computation took 192.665489 ms
    Reading took     107.515000 us
  Sample 13...
Starting computation...
    Writing took     2.798601 ms
    Computation took 192.590377 ms
    Reading took     109.712000 us
  Sample 14...
Starting computation...
    Writing took     2.912534 ms
    Computation took 192.521751 ms
    Reading took     104.855000 us
  Sample 15...
Starting computation...
    Writing took     2.755132 ms
    Computation took 192.534062 ms
    Reading took     103.161000 us
  Sample 16...
Starting computation...
    Writing took     2.807579 ms
    Computation took 192.619395 ms
    Reading took     98.562000 us
  Sample 17...
Starting computation...
    Writing took     2.558115 ms
    Computation took 192.639933 ms
    Reading took     123.512000 us
  Sample 18...
Starting computation...
    Writing took     5.071670 ms
    Computation took 192.621352 ms
    Reading took     198.372000 us
  Sample 19...
Starting computation...
    Writing took     5.572777 ms
    Computation took 192.774099 ms
    Reading took     187.598000 us
  Sample 20...
Starting computation...
    Writing took     9.795976 ms
    Computation took 192.689420 ms
    Reading took     109.515000 us
  Sample 21...
Starting computation...
    Writing took     2.479322 ms
    Computation took 192.562903 ms
    Reading took     119.763000 us
  Sample 22...
Starting computation...
    Writing took     2.804380 ms
    Computation took 192.647249 ms
    Reading took     149.082000 us
  Sample 23...
Starting computation...
    Writing took     2.702385 ms
    Computation took 192.598097 ms
    Reading took     113.850000 us
  Sample 24...
Starting computation...
    Writing took     2.742718 ms
    Computation took 192.556229 ms
    Reading took     204.273000 us
  Sample 25...
Starting computation...
    Writing took     5.427313 ms
    Computation took 192.591488 ms
    Reading took     132.652000 us
  Sample 26...
Starting computation...
    Writing took     3.318519 ms
    Computation took 192.670383 ms
    Reading took     133.242000 us
  Sample 27...
Starting computation...
    Writing took     3.324620 ms
    Computation took 192.509127 ms
    Reading took     134.557000 us
  Sample 28...
Starting computation...
    Writing took     3.321402 ms
    Computation took 192.600859 ms
    Reading took     132.482000 us
  Sample 29...
Starting computation...
    Writing took     3.326344 ms
    Computation took 192.594651 ms
    Reading took     194.438000 us
  Sample 30...
Starting computation...
    Writing took     5.551101 ms
    Computation took 192.770795 ms
    Reading took     135.828000 us
  Sample 31...
Starting computation...
    Writing took     3.296073 ms
    Computation took 192.624998 ms
    Reading took     132.416000 us
  Sample 32...
Starting computation...
    Writing took     3.289521 ms
    Computation took 192.733483 ms
    Reading took     131.439000 us
  Sample 33...
Starting computation...
    Writing took     3.280646 ms
    Computation took 192.591638 ms
    Reading took     131.143000 us
  Sample 34...
Starting computation...
    Writing took     3.276312 ms
    Computation took 192.523309 ms
    Reading took     144.726000 us
  Sample 35...
Starting computation...
    Writing took     3.315246 ms
    Computation took 193.143192 ms
    Reading took     133.965000 us
  Sample 36...
Starting computation...
    Writing took     3.366527 ms
    Computation took 193.208805 ms
    Reading took     132.221000 us
  Sample 37...
Starting computation...
    Writing took     3.357668 ms
    Computation took 193.237189 ms
    Reading took     133.546000 us
  Sample 38...
Starting computation...
    Writing took     3.359316 ms
    Computation took 193.308361 ms
    Reading took     132.877000 us
  Sample 39...
Starting computation...
    Writing took     3.341597 ms
    Computation took 193.362913 ms
    Reading took     140.913000 us
  Sample 40...
Starting computation...
    Writing took     3.288470 ms
    Computation took 193.283631 ms
    Reading took     150.357000 us
  Sample 41...
Starting computation...
    Writing took     4.511357 ms
    Computation took 193.329848 ms
    Reading took     105.280000 us
  Sample 42...
Starting computation...
    Writing took     2.491177 ms
    Computation took 193.340333 ms
    Reading took     110.080000 us
  Sample 43...
Starting computation...
    Writing took     2.663302 ms
    Computation took 193.363767 ms
    Reading took     229.388000 us
  Sample 44...
Starting computation...
    Writing took     6.535260 ms
    Computation took 193.371008 ms
    Reading took     140.844000 us
  Sample 45...
Starting computation...
    Writing took     3.522359 ms
    Computation took 193.369887 ms
    Reading took     140.551000 us
  Sample 46...
Starting computation...
    Writing took     3.543514 ms
    Computation took 193.357709 ms
    Reading took     117.520000 us
  Sample 47...
Starting computation...
    Writing took     2.832900 ms
    Computation took 193.302433 ms
    Reading took     115.082000 us
  Sample 48...
Starting computation...
    Writing took     2.838686 ms
    Computation took 193.214269 ms
    Reading took     114.056000 us
  Sample 49...
Starting computation...
    Writing took     2.728575 ms
    Computation took 193.192534 ms
    Reading took     112.122000 us
  Sample 50...
Starting computation...
    Writing took     2.668220 ms
    Computation took 193.305474 ms
    Reading took     112.192000 us
  Sample 51...
Starting computation...
    Writing took     2.843002 ms
    Computation took 193.285000 ms
    Reading took     111.743000 us
  Sample 52...
Starting computation...
    Writing took     2.705211 ms
    Computation took 193.422078 ms
    Reading took     112.525000 us
  Sample 53...
Starting computation...
    Writing took     2.700653 ms
    Computation took 193.289910 ms
    Reading took     112.931000 us
  Sample 54...
Starting computation...
    Writing took     2.783886 ms
    Computation took 193.396358 ms
    Reading took     115.811000 us
  Sample 55...
Starting computation...
    Writing took     2.804547 ms
    Computation took 193.341953 ms
    Reading took     117.264000 us
  Sample 56...
Starting computation...
    Writing took     2.890165 ms
    Computation took 193.231906 ms
    Reading took     118.140000 us
  Sample 57...
Starting computation...
    Writing took     2.892043 ms
    Computation took 193.267391 ms
    Reading took     120.854000 us
  Sample 58...
Starting computation...
    Writing took     2.764134 ms
    Computation took 193.339630 ms
    Reading took     121.868000 us
  Sample 59...
Starting computation...
    Writing took     2.763532 ms
    Computation took 193.137459 ms
    Reading took     120.581000 us
  Sample 60...
Starting computation...
    Writing took     3.079927 ms
    Computation took 193.309710 ms
    Reading took     116.558000 us
  Sample 61...
Starting computation...
    Writing took     2.849999 ms
    Computation took 193.271545 ms
    Reading took     123.179000 us
  Sample 62...
Starting computation...
    Writing took     3.043628 ms
    Computation took 193.332301 ms
    Reading took     119.216000 us
  Sample 63...
Starting computation...
    Writing took     2.947288 ms
    Computation took 193.357864 ms
    Reading took     121.159000 us
  Sample 64...
Starting computation...
    Writing took     2.934897 ms
    Computation took 193.230757 ms
    Reading took     118.109000 us
  Sample 65...
Starting computation...
    Writing took     3.057727 ms
    Computation took 193.337156 ms
    Reading took     123.435000 us
  Sample 66...
Starting computation...
    Writing took     3.058495 ms
    Computation took 193.299192 ms
    Reading took     137.227000 us
  Sample 67...
Starting computation...
    Writing took     3.055243 ms
    Computation took 193.299778 ms
    Reading took     112.707000 us
  Sample 68...
Starting computation...
    Writing took     3.015891 ms
    Computation took 193.251011 ms
    Reading took     120.881000 us
  Sample 69...
Starting computation...
    Writing took     2.999118 ms
    Computation took 193.409140 ms
    Reading took     144.949000 us
  Sample 70...
Starting computation...
    Writing took     4.093132 ms
    Computation took 193.213895 ms
    Reading took     119.628000 us
  Sample 71...
Starting computation...
    Writing took     2.992877 ms
    Computation took 193.261757 ms
    Reading took     129.669000 us
  Sample 72...
Starting computation...
    Writing took     3.127596 ms
    Computation took 193.324657 ms
    Reading took     119.261000 us
  Sample 73...
Starting computation...
    Writing took     2.966059 ms
    Computation took 193.294600 ms
    Reading took     120.327000 us
  Sample 74...
Starting computation...
    Writing took     2.961044 ms
    Computation took 193.253610 ms
    Reading took     114.011000 us
  Sample 75...
Starting computation...
    Writing took     2.694500 ms
    Computation took 193.306504 ms
    Reading took     117.758000 us
  Sample 76...
Starting computation...
    Writing took     2.737211 ms
    Computation took 193.380846 ms
    Reading took     124.943000 us
  Sample 77...
Starting computation...
    Writing took     2.921770 ms
    Computation took 193.327392 ms
    Reading took     123.811000 us
  Sample 78...
Starting computation...
    Writing took     3.118624 ms
    Computation took 193.421529 ms
    Reading took     122.909000 us
  Sample 79...
Starting computation...
    Writing took     3.091875 ms
    Computation took 193.424656 ms
    Reading took     125.628000 us
  Sample 80...
Starting computation...
    Writing took     3.104562 ms
    Computation took 193.448140 ms
    Reading took     136.384000 us
  Sample 81...
Starting computation...
    Writing took     3.338377 ms
    Computation took 193.344287 ms
    Reading took     132.485000 us
  Sample 82...
Starting computation...
    Writing took     3.267896 ms
    Computation took 193.324696 ms
    Reading took     105.997000 us
  Sample 83...
Starting computation...
    Writing took     3.334000 ms
    Computation took 193.349593 ms
    Reading took     131.329000 us
  Sample 84...
Starting computation...
    Writing took     3.278720 ms
    Computation took 193.233294 ms
    Reading took     134.210000 us
  Sample 85...
Starting computation...
    Writing took     3.369217 ms
    Computation took 193.388020 ms
    Reading took     132.546000 us
  Sample 86...
Starting computation...
    Writing took     3.326136 ms
    Computation took 193.373238 ms
    Reading took     135.756000 us
  Sample 87...
Starting computation...
    Writing took     3.281068 ms
    Computation took 193.477583 ms
    Reading took     134.044000 us
  Sample 88...
Starting computation...
    Writing took     3.298305 ms
    Computation took 193.372278 ms
    Reading took     131.680000 us
  Sample 89...
Starting computation...
    Writing took     3.325041 ms
    Computation took 193.319451 ms
    Reading took     131.484000 us
  Sample 90...
Starting computation...
    Writing took     3.372688 ms
    Computation took 193.325036 ms
    Reading took     131.676000 us
  Sample 91...
Starting computation...
    Writing took     3.333112 ms
    Computation took 193.257775 ms
    Reading took     112.272000 us
  Sample 92...
Starting computation...
    Writing took     2.549488 ms
    Computation took 193.346187 ms
    Reading took     114.080000 us
  Sample 93...
Starting computation...
    Writing took     2.815201 ms
    Computation took 193.342527 ms
    Reading took     113.150000 us
  Sample 94...
Starting computation...
    Writing took     2.708875 ms
    Computation took 193.386619 ms
    Reading took     119.082000 us
  Sample 95...
Starting computation...
    Writing took     2.815649 ms
    Computation took 193.392095 ms
    Reading took     117.491000 us
  Sample 96...
Starting computation...
    Writing took     2.739606 ms
    Computation took 193.283432 ms
    Reading took     121.574000 us
  Sample 97...
Starting computation...
    Writing took     2.877591 ms
    Computation took 193.233747 ms
    Reading took     115.073000 us
  Sample 98...
Starting computation...
    Writing took     2.752323 ms
    Computation took 193.398982 ms
    Reading took     118.245000 us
  Sample 99...
Starting computation...
    Writing took     2.899883 ms
    Computation took 193.409144 ms
    Reading took     122.802000 us
Mean computation time: 193.075397 ms
Mean deviation: 316.324000 us (0.163834%)
Mean computation time (per hash): 4.388076 ms
Mean deviation (per hash): 7.189000 us
