Using device #0: CUDA Device 'GeForce GTX 1080 Ti'
  Sample 0...
Starting computation...
    Writing took     9.707489 ms
    Computation took 360.097619 ms
    Reading took     420.937000 us
  Sample 1...
Starting computation...
    Writing took     9.726865 ms
    Computation took 358.575554 ms
    Reading took     387.713000 us
  Sample 2...
Starting computation...
    Writing took     10.895657 ms
    Computation took 359.384354 ms
    Reading took     305.238000 us
  Sample 3...
Starting computation...
    Writing took     8.309636 ms
    Computation took 359.443934 ms
    Reading took     291.674000 us
  Sample 4...
Starting computation...
    Writing took     9.038555 ms
    Computation took 359.764696 ms
    Reading took     444.380000 us
  Sample 5...
Starting computation...
    Writing took     11.951191 ms
    Computation took 360.134110 ms
    Reading took     305.363000 us
  Sample 6...
Starting computation...
    Writing took     8.253454 ms
    Computation took 359.356633 ms
    Reading took     289.308000 us
  Sample 7...
Starting computation...
    Writing took     8.065570 ms
    Computation took 359.283897 ms
    Reading took     292.485000 us
  Sample 8...
Starting computation...
    Writing took     8.151709 ms
    Computation took 358.939103 ms
    Reading took     290.218000 us
  Sample 9...
Starting computation...
    Writing took     8.086250 ms
    Computation took 359.240317 ms
    Reading took     372.562000 us
  Sample 10...
Starting computation...
    Writing took     10.441424 ms
    Computation took 361.278128 ms
    Reading took     292.911000 us
  Sample 11...
Starting computation...
    Writing took     12.188742 ms
    Computation took 364.590304 ms
    Reading took     291.559000 us
  Sample 12...
Starting computation...
    Writing took     8.076659 ms
    Computation took 363.406123 ms
    Reading took     289.742000 us
  Sample 13...
Starting computation...
    Writing took     8.056992 ms
    Computation took 363.280233 ms
    Reading took     290.310000 us
  Sample 14...
Starting computation...
    Writing took     8.182815 ms
    Computation took 361.976444 ms
    Reading took     290.563000 us
  Sample 15...
Starting computation...
    Writing took     8.080794 ms
    Computation took 360.541762 ms
    Reading took     290.562000 us
  Sample 16...
Starting computation...
    Writing took     8.083425 ms
    Computation took 360.429452 ms
    Reading took     390.992000 us
  Sample 17...
Starting computation...
    Writing took     8.162205 ms
    Computation took 359.627364 ms
    Reading took     290.579000 us
  Sample 18...
Starting computation...
    Writing took     8.063250 ms
    Computation took 359.664305 ms
    Reading took     291.419000 us
  Sample 19...
Starting computation...
    Writing took     8.069222 ms
    Computation took 359.666431 ms
    Reading took     516.435000 us
  Sample 20...
Starting computation...
    Writing took     15.075003 ms
    Computation took 360.126956 ms
    Reading took     420.997000 us
  Sample 21...
Starting computation...
    Writing took     11.387603 ms
    Computation took 359.924702 ms
    Reading took     379.484000 us
  Sample 22...
Starting computation...
    Writing took     8.816024 ms
    Computation took 359.308918 ms
    Reading took     292.083000 us
  Sample 23...
Starting computation...
    Writing took     7.807608 ms
    Computation took 359.970360 ms
    Reading took     290.287000 us
  Sample 24...
Starting computation...
    Writing took     8.057945 ms
    Computation took 358.458743 ms
    Reading took     292.960000 us
  Sample 25...
Starting computation...
    Writing took     8.075202 ms
    Computation took 359.100574 ms
    Reading took     292.380000 us
  Sample 26...
Starting computation...
    Writing took     8.063787 ms
    Computation took 359.446596 ms
    Reading took     290.852000 us
  Sample 27...
Starting computation...
    Writing took     8.101752 ms
    Computation took 359.195493 ms
    Reading took     290.291000 us
  Sample 28...
Starting computation...
    Writing took     8.292066 ms
    Computation took 359.381058 ms
    Reading took     289.359000 us
  Sample 29...
Starting computation...
    Writing took     8.098306 ms
    Computation took 359.571209 ms
    Reading took     292.424000 us
  Sample 30...
Starting computation...
    Writing took     8.087167 ms
    Computation took 360.012924 ms
    Reading took     288.668000 us
  Sample 31...
Starting computation...
    Writing took     8.073802 ms
    Computation took 358.562619 ms
    Reading took     396.198000 us
  Sample 32...
Starting computation...
    Writing took     11.365376 ms
    Computation took 359.352782 ms
    Reading took     298.155000 us
  Sample 33...
Starting computation...
    Writing took     8.041629 ms
    Computation took 360.927735 ms
    Reading took     423.956000 us
  Sample 34...
Starting computation...
    Writing took     8.861889 ms
    Computation took 359.839664 ms
    Reading took     319.790000 us
  Sample 35...
Starting computation...
    Writing took     8.067365 ms
    Computation took 359.699831 ms
    Reading took     290.174000 us
  Sample 36...
Starting computation...
    Writing took     8.695784 ms
    Computation took 359.886216 ms
    Reading took     290.564000 us
  Sample 37...
Starting computation...
    Writing took     8.047107 ms
    Computation took 359.619485 ms
    Reading took     293.177000 us
  Sample 38...
Starting computation...
    Writing took     8.082383 ms
    Computation took 360.070549 ms
    Reading took     308.696000 us
  Sample 39...
Starting computation...
    Writing took     8.048062 ms
    Computation took 359.796546 ms
    Reading took     310.291000 us
  Sample 40...
Starting computation...
    Writing took     9.526309 ms
    Computation took 359.328323 ms
    Reading took     291.894000 us
  Sample 41...
Starting computation...
    Writing took     8.148544 ms
    Computation took 359.490893 ms
    Reading took     293.371000 us
  Sample 42...
Starting computation...
    Writing took     8.077669 ms
    Computation took 359.220228 ms
    Reading took     290.583000 us
  Sample 43...
Starting computation...
    Writing took     8.093562 ms
    Computation took 359.587727 ms
    Reading took     308.989000 us
  Sample 44...
Starting computation...
    Writing took     8.407952 ms
    Computation took 359.024475 ms
    Reading took     297.066000 us
  Sample 45...
Starting computation...
    Writing took     8.072668 ms
    Computation took 360.578092 ms
    Reading took     290.628000 us
  Sample 46...
Starting computation...
    Writing took     8.091922 ms
    Computation took 360.017675 ms
    Reading took     385.855000 us
  Sample 47...
Starting computation...
    Writing took     12.546331 ms
    Computation took 357.578521 ms
    Reading took     296.921000 us
  Sample 48...
Starting computation...
    Writing took     8.077036 ms
    Computation took 358.471035 ms
    Reading took     511.195000 us
  Sample 49...
Starting computation...
    Writing took     11.388706 ms
    Computation took 358.720900 ms
    Reading took     291.759000 us
  Sample 50...
Starting computation...
    Writing took     8.100847 ms
    Computation took 358.730558 ms
    Reading took     283.599000 us
  Sample 51...
Starting computation...
    Writing took     7.937141 ms
    Computation took 358.272374 ms
    Reading took     392.225000 us
  Sample 52...
Starting computation...
    Writing took     10.399073 ms
    Computation took 359.045284 ms
    Reading took     289.619000 us
  Sample 53...
Starting computation...
    Writing took     8.075496 ms
    Computation took 358.044714 ms
    Reading took     305.311000 us
  Sample 54...
Starting computation...
    Writing took     7.997347 ms
    Computation took 358.110604 ms
    Reading took     494.960000 us
  Sample 55...
Starting computation...
    Writing took     8.459930 ms
    Computation took 359.891868 ms
    Reading took     290.461000 us
  Sample 56...
Starting computation...
    Writing took     8.044812 ms
    Computation took 360.217650 ms
    Reading took     490.370000 us
  Sample 57...
Starting computation...
    Writing took     14.065155 ms
    Computation took 360.045499 ms
    Reading took     281.052000 us
  Sample 58...
Starting computation...
    Writing took     7.873951 ms
    Computation took 359.594066 ms
    Reading took     291.321000 us
  Sample 59...
Starting computation...
    Writing took     8.125305 ms
    Computation took 360.080407 ms
    Reading took     433.199000 us
  Sample 60...
Starting computation...
    Writing took     10.015094 ms
    Computation took 360.602250 ms
    Reading took     292.507000 us
  Sample 61...
Starting computation...
    Writing took     8.074177 ms
    Computation took 362.250635 ms
    Reading took     290.050000 us
  Sample 62...
Starting computation...
    Writing took     8.066806 ms
    Computation took 361.201156 ms
    Reading took     291.131000 us
  Sample 63...
Starting computation...
    Writing took     8.088308 ms
    Computation took 360.993382 ms
    Reading took     328.628000 us
  Sample 64...
Starting computation...
    Writing took     9.698931 ms
    Computation took 360.252589 ms
    Reading took     459.550000 us
  Sample 65...
Starting computation...
    Writing took     13.617021 ms
    Computation took 360.983311 ms
    Reading took     358.203000 us
  Sample 66...
Starting computation...
    Writing took     8.696610 ms
    Computation took 360.085794 ms
    Reading took     290.841000 us
  Sample 67...
Starting computation...
    Writing took     8.086308 ms
    Computation took 359.498865 ms
    Reading took     290.229000 us
  Sample 68...
Starting computation...
    Writing took     8.088325 ms
    Computation took 360.108882 ms
    Reading took     470.991000 us
  Sample 69...
Starting computation...
    Writing took     14.198954 ms
    Computation took 360.356407 ms
    Reading took     416.058000 us
  Sample 70...
Starting computation...
    Writing took     8.849412 ms
    Computation took 360.550286 ms
    Reading took     411.035000 us
  Sample 71...
Starting computation...
    Writing took     9.764324 ms
    Computation took 360.627242 ms
    Reading took     292.110000 us
  Sample 72...
Starting computation...
    Writing took     8.071907 ms
    Computation took 360.271508 ms
    Reading took     289.700000 us
  Sample 73...
Starting computation...
    Writing took     8.122101 ms
    Computation took 359.883347 ms
    Reading took     428.572000 us
  Sample 74...
Starting computation...
    Writing took     9.708952 ms
    Computation took 360.041896 ms
    Reading took     292.809000 us
  Sample 75...
Starting computation...
    Writing took     8.098445 ms
    Computation took 359.212155 ms
    Reading took     291.809000 us
  Sample 76...
Starting computation...
    Writing took     8.112891 ms
    Computation took 359.326174 ms
    Reading took     290.272000 us
  Sample 77...
Starting computation...
    Writing took     8.094150 ms
    Computation took 362.594375 ms
    Reading took     291.336000 us
  Sample 78...
Starting computation...
    Writing took     8.096962 ms
    Computation took 361.883246 ms
    Reading took     290.980000 us
  Sample 79...
Starting computation...
    Writing took     8.093954 ms
    Computation took 361.672192 ms
    Reading took     364.974000 us
  Sample 80...
Starting computation...
    Writing took     9.698629 ms
    Computation took 360.222288 ms
    Reading took     274.110000 us
  Sample 81...
Starting computation...
    Writing took     7.569866 ms
    Computation took 360.273696 ms
    Reading took     289.810000 us
  Sample 82...
Starting computation...
    Writing took     8.353123 ms
    Computation took 358.207809 ms
    Reading took     279.419000 us
  Sample 83...
Starting computation...
    Writing took     7.835281 ms
    Computation took 359.768967 ms
    Reading took     294.140000 us
  Sample 84...
Starting computation...
    Writing took     7.736115 ms
    Computation took 359.104333 ms
    Reading took     462.667000 us
  Sample 85...
Starting computation...
    Writing took     14.186017 ms
    Computation took 358.547390 ms
    Reading took     290.402000 us
  Sample 86...
Starting computation...
    Writing took     8.077204 ms
    Computation took 359.069506 ms
    Reading took     483.809000 us
  Sample 87...
Starting computation...
    Writing took     14.090864 ms
    Computation took 359.923948 ms
    Reading took     297.428000 us
  Sample 88...
Starting computation...
    Writing took     8.081304 ms
    Computation took 359.234439 ms
    Reading took     511.560000 us
  Sample 89...
Starting computation...
    Writing took     14.129050 ms
    Computation took 359.236061 ms
    Reading took     290.149000 us
  Sample 90...
Starting computation...
    Writing took     8.081301 ms
    Computation took 359.139938 ms
    Reading took     291.418000 us
  Sample 91...
Starting computation...
    Writing took     8.098254 ms
    Computation took 359.561107 ms
    Reading took     291.912000 us
  Sample 92...
Starting computation...
    Writing took     8.649329 ms
    Computation took 359.272752 ms
    Reading took     315.271000 us
  Sample 93...
Starting computation...
    Writing took     8.809680 ms
    Computation took 357.988325 ms
    Reading took     316.531000 us
  Sample 94...
Starting computation...
    Writing took     8.809334 ms
    Computation took 359.799774 ms
    Reading took     291.255000 us
  Sample 95...
Starting computation...
    Writing took     8.115691 ms
    Computation took 359.258852 ms
    Reading took     291.318000 us
  Sample 96...
Starting computation...
    Writing took     8.088150 ms
    Computation took 358.944744 ms
    Reading took     301.753000 us
  Sample 97...
Starting computation...
    Writing took     8.108912 ms
    Computation took 359.961257 ms
    Reading took     488.128000 us
  Sample 98...
Starting computation...
    Writing took     13.205919 ms
    Computation took 358.499426 ms
    Reading took     291.556000 us
  Sample 99...
Starting computation...
    Writing took     8.104151 ms
    Computation took 359.512992 ms
    Reading took     291.043000 us
Mean computation time: 359.829079 ms
Mean deviation: 791.693000 us (0.220019%)
Mean computation time (per hash): 3.301183 ms
Mean deviation (per hash): 7.263000 us
