Using device #0: CUDA Device 'GeForce GTX 1080 Ti'
  Sample 0...
Starting computation...
    Writing took     3.307194 ms
    Computation took 206.303545 ms
    Reading took     200.190000 us
  Sample 1...
Starting computation...
    Writing took     5.069198 ms
    Computation took 206.172802 ms
    Reading took     132.351000 us
  Sample 2...
Starting computation...
    Writing took     4.935781 ms
    Computation took 206.162943 ms
    Reading took     133.351000 us
  Sample 3...
Starting computation...
    Writing took     3.335582 ms
    Computation took 206.224481 ms
    Reading took     133.646000 us
  Sample 4...
Starting computation...
    Writing took     3.364489 ms
    Computation took 206.197142 ms
    Reading took     109.917000 us
  Sample 5...
Starting computation...
    Writing took     2.632994 ms
    Computation took 206.159319 ms
    Reading took     122.834000 us
  Sample 6...
Starting computation...
    Writing took     3.236492 ms
    Computation took 206.082707 ms
    Reading took     163.275000 us
  Sample 7...
Starting computation...
    Writing took     2.933720 ms
    Computation took 206.138118 ms
    Reading took     119.415000 us
  Sample 8...
Starting computation...
    Writing took     3.008213 ms
    Computation took 206.173165 ms
    Reading took     137.498000 us
  Sample 9...
Starting computation...
    Writing took     3.559371 ms
    Computation took 206.193675 ms
    Reading took     184.238000 us
  Sample 10...
Starting computation...
    Writing took     5.613904 ms
    Computation took 206.183648 ms
    Reading took     193.043000 us
  Sample 11...
Starting computation...
    Writing took     5.554247 ms
    Computation took 206.262876 ms
    Reading took     132.974000 us
  Sample 12...
Starting computation...
    Writing took     3.274624 ms
    Computation took 206.557310 ms
    Reading took     123.163000 us
  Sample 13...
Starting computation...
    Writing took     3.269210 ms
    Computation took 206.432676 ms
    Reading took     123.699000 us
  Sample 14...
Starting computation...
    Writing took     3.254647 ms
    Computation took 206.453560 ms
    Reading took     124.816000 us
  Sample 15...
Starting computation...
    Writing took     3.340607 ms
    Computation took 206.532579 ms
    Reading took     128.743000 us
  Sample 16...
Starting computation...
    Writing took     3.261232 ms
    Computation took 206.454997 ms
    Reading took     100.969000 us
  Sample 17...
Starting computation...
    Writing took     2.616347 ms
    Computation took 206.502406 ms
    Reading took     124.304000 us
  Sample 18...
Starting computation...
    Writing took     3.255575 ms
    Computation took 206.474527 ms
    Reading took     180.486000 us
  Sample 19...
Starting computation...
    Writing took     3.713688 ms
    Computation took 206.480451 ms
    Reading took     133.756000 us
  Sample 20...
Starting computation...
    Writing took     3.279143 ms
    Computation took 206.493953 ms
    Reading took     124.014000 us
  Sample 21...
Starting computation...
    Writing took     3.297977 ms
    Computation took 206.536075 ms
    Reading took     175.238000 us
  Sample 22...
Starting computation...
    Writing took     3.242969 ms
    Computation took 206.485354 ms
    Reading took     107.506000 us
  Sample 23...
Starting computation...
    Writing took     2.809054 ms
    Computation took 206.449490 ms
    Reading took     202.841000 us
  Sample 24...
Starting computation...
    Writing took     5.645420 ms
    Computation took 206.603235 ms
    Reading took     200.056000 us
  Sample 25...
Starting computation...
    Writing took     5.568862 ms
    Computation took 206.570551 ms
    Reading took     125.374000 us
  Sample 26...
Starting computation...
    Writing took     3.240100 ms
    Computation took 206.507243 ms
    Reading took     122.376000 us
  Sample 27...
Starting computation...
    Writing took     3.282867 ms
    Computation took 206.538207 ms
    Reading took     119.415000 us
  Sample 28...
Starting computation...
    Writing took     3.107738 ms
    Computation took 206.484409 ms
    Reading took     112.877000 us
  Sample 29...
Starting computation...
    Writing took     2.980244 ms
    Computation took 206.488952 ms
    Reading took     130.107000 us
  Sample 30...
Starting computation...
    Writing took     3.309314 ms
    Computation took 206.483029 ms
    Reading took     132.400000 us
  Sample 31...
Starting computation...
    Writing took     3.321559 ms
    Computation took 206.515351 ms
    Reading took     133.414000 us
  Sample 32...
Starting computation...
    Writing took     3.288589 ms
    Computation took 206.576831 ms
    Reading took     131.911000 us
  Sample 33...
Starting computation...
    Writing took     3.339725 ms
    Computation took 206.535469 ms
    Reading took     108.296000 us
  Sample 34...
Starting computation...
    Writing took     2.553369 ms
    Computation took 206.453449 ms
    Reading took     117.795000 us
  Sample 35...
Starting computation...
    Writing took     2.897856 ms
    Computation took 206.490296 ms
    Reading took     118.442000 us
  Sample 36...
Starting computation...
    Writing took     2.905436 ms
    Computation took 206.473273 ms
    Reading took     117.934000 us
  Sample 37...
Starting computation...
    Writing took     2.870748 ms
    Computation took 206.512781 ms
    Reading took     143.421000 us
  Sample 38...
Starting computation...
    Writing took     3.651361 ms
    Computation took 206.590447 ms
    Reading took     142.662000 us
  Sample 39...
Starting computation...
    Writing took     3.606684 ms
    Computation took 206.446612 ms
    Reading took     143.397000 us
  Sample 40...
Starting computation...
    Writing took     3.609067 ms
    Computation took 206.513506 ms
    Reading took     210.668000 us
  Sample 41...
Starting computation...
    Writing took     5.585418 ms
    Computation took 206.472894 ms
    Reading took     130.501000 us
  Sample 42...
Starting computation...
    Writing took     3.297228 ms
    Computation took 206.481927 ms
    Reading took     133.532000 us
  Sample 43...
Starting computation...
    Writing took     3.376427 ms
    Computation took 206.492185 ms
    Reading took     131.410000 us
  Sample 44...
Starting computation...
    Writing took     3.315291 ms
    Computation took 206.550831 ms
    Reading took     108.919000 us
  Sample 45...
Starting computation...
    Writing took     2.650431 ms
    Computation took 206.482818 ms
    Reading took     138.576000 us
  Sample 46...
Starting computation...
    Writing took     2.749960 ms
    Computation took 206.486570 ms
    Reading took     210.910000 us
  Sample 47...
Starting computation...
    Writing took     5.618495 ms
    Computation took 206.529220 ms
    Reading took     109.032000 us
  Sample 48...
Starting computation...
    Writing took     2.613693 ms
    Computation took 206.514894 ms
    Reading took     107.735000 us
  Sample 49...
Starting computation...
    Writing took     2.640582 ms
    Computation took 206.492248 ms
    Reading took     113.931000 us
  Sample 50...
Starting computation...
    Writing took     2.710498 ms
    Computation took 206.466774 ms
    Reading took     112.828000 us
  Sample 51...
Starting computation...
    Writing took     2.727204 ms
    Computation took 206.475220 ms
    Reading took     121.171000 us
  Sample 52...
Starting computation...
    Writing took     2.935372 ms
    Computation took 206.500525 ms
    Reading took     210.860000 us
  Sample 53...
Starting computation...
    Writing took     5.599397 ms
    Computation took 206.510675 ms
    Reading took     193.779000 us
  Sample 54...
Starting computation...
    Writing took     5.620096 ms
    Computation took 206.558401 ms
    Reading took     135.109000 us
  Sample 55...
Starting computation...
    Writing took     3.306395 ms
    Computation took 206.485930 ms
    Reading took     131.601000 us
  Sample 56...
Starting computation...
    Writing took     3.328153 ms
    Computation took 206.511293 ms
    Reading took     132.670000 us
  Sample 57...
Starting computation...
    Writing took     3.298398 ms
    Computation took 206.455174 ms
    Reading took     132.309000 us
  Sample 58...
Starting computation...
    Writing took     3.288726 ms
    Computation took 206.518041 ms
    Reading took     134.601000 us
  Sample 59...
Starting computation...
    Writing took     3.348742 ms
    Computation took 206.488726 ms
    Reading took     138.977000 us
  Sample 60...
Starting computation...
    Writing took     3.320447 ms
    Computation took 206.525378 ms
    Reading took     131.449000 us
  Sample 61...
Starting computation...
    Writing took     3.360369 ms
    Computation took 206.549650 ms
    Reading took     132.603000 us
  Sample 62...
Starting computation...
    Writing took     3.304451 ms
    Computation took 206.554531 ms
    Reading took     131.344000 us
  Sample 63...
Starting computation...
    Writing took     3.302929 ms
    Computation took 206.566673 ms
    Reading took     133.812000 us
  Sample 64...
Starting computation...
    Writing took     3.305646 ms
    Computation took 206.494934 ms
    Reading took     132.800000 us
  Sample 65...
Starting computation...
    Writing took     3.298006 ms
    Computation took 206.496400 ms
    Reading took     131.986000 us
  Sample 66...
Starting computation...
    Writing took     3.328632 ms
    Computation took 206.457168 ms
    Reading took     132.027000 us
  Sample 67...
Starting computation...
    Writing took     3.330895 ms
    Computation took 206.463815 ms
    Reading took     134.218000 us
  Sample 68...
Starting computation...
    Writing took     3.325493 ms
    Computation took 206.466550 ms
    Reading took     132.413000 us
  Sample 69...
Starting computation...
    Writing took     3.306010 ms
    Computation took 206.472366 ms
    Reading took     133.555000 us
  Sample 70...
Starting computation...
    Writing took     3.322483 ms
    Computation took 206.484336 ms
    Reading took     201.793000 us
  Sample 71...
Starting computation...
    Writing took     5.513888 ms
    Computation took 206.534438 ms
    Reading took     132.179000 us
  Sample 72...
Starting computation...
    Writing took     3.317103 ms
    Computation took 206.507157 ms
    Reading took     139.431000 us
  Sample 73...
Starting computation...
    Writing took     3.321072 ms
    Computation took 206.566752 ms
    Reading took     210.646000 us
  Sample 74...
Starting computation...
    Writing took     5.685211 ms
    Computation took 206.557012 ms
    Reading took     131.986000 us
  Sample 75...
Starting computation...
    Writing took     3.359968 ms
    Computation took 206.484259 ms
    Reading took     181.174000 us
  Sample 76...
Starting computation...
    Writing took     3.279598 ms
    Computation took 206.446229 ms
    Reading took     132.982000 us
  Sample 77...
Starting computation...
    Writing took     3.357406 ms
    Computation took 206.529155 ms
    Reading took     161.522000 us
  Sample 78...
Starting computation...
    Writing took     3.273799 ms
    Computation took 206.509621 ms
    Reading took     135.109000 us
  Sample 79...
Starting computation...
    Writing took     3.343528 ms
    Computation took 206.466703 ms
    Reading took     159.490000 us
  Sample 80...
Starting computation...
    Writing took     3.246636 ms
    Computation took 206.477394 ms
    Reading took     131.507000 us
  Sample 81...
Starting computation...
    Writing took     3.338791 ms
    Computation took 206.452491 ms
    Reading took     144.249000 us
  Sample 82...
Starting computation...
    Writing took     3.261435 ms
    Computation took 206.518878 ms
    Reading took     133.554000 us
  Sample 83...
Starting computation...
    Writing took     3.304461 ms
    Computation took 206.480350 ms
    Reading took     132.684000 us
  Sample 84...
Starting computation...
    Writing took     3.315866 ms
    Computation took 206.543962 ms
    Reading took     130.307000 us
  Sample 85...
Starting computation...
    Writing took     3.334574 ms
    Computation took 206.522377 ms
    Reading took     130.621000 us
  Sample 86...
Starting computation...
    Writing took     3.292787 ms
    Computation took 206.547629 ms
    Reading took     131.510000 us
  Sample 87...
Starting computation...
    Writing took     3.327918 ms
    Computation took 206.432590 ms
    Reading took     133.950000 us
  Sample 88...
Starting computation...
    Writing took     3.276336 ms
    Computation took 206.510754 ms
    Reading took     208.243000 us
  Sample 89...
Starting computation...
    Writing took     5.712248 ms
    Computation took 206.487896 ms
    Reading took     131.043000 us
  Sample 90...
Starting computation...
    Writing took     3.342293 ms
    Computation took 206.529098 ms
    Reading took     202.888000 us
  Sample 91...
Starting computation...
    Writing took     5.685865 ms
    Computation took 206.509437 ms
    Reading took     133.000000 us
  Sample 92...
Starting computation...
    Writing took     3.285368 ms
    Computation took 206.512970 ms
    Reading took     109.110000 us
  Sample 93...
Starting computation...
    Writing took     2.656113 ms
    Computation took 206.489502 ms
    Reading took     112.509000 us
  Sample 94...
Starting computation...
    Writing took     2.654397 ms
    Computation took 206.492679 ms
    Reading took     113.375000 us
  Sample 95...
Starting computation...
    Writing took     2.702191 ms
    Computation took 206.463436 ms
    Reading took     108.673000 us
  Sample 96...
Starting computation...
    Writing took     2.641701 ms
    Computation took 206.521299 ms
    Reading took     108.693000 us
  Sample 97...
Starting computation...
    Writing took     2.659982 ms
    Computation took 206.468902 ms
    Reading took     115.685000 us
  Sample 98...
Starting computation...
    Writing took     2.701519 ms
    Computation took 206.486950 ms
    Reading took     109.631000 us
  Sample 99...
Starting computation...
    Writing took     2.635725 ms
    Computation took 206.493506 ms
    Reading took     156.201000 us
Mean computation time: 206.464410 ms
Mean deviation: 69.882000 us (0.033847%)
Mean computation time (per hash): 4.692372 ms
Mean deviation (per hash): 1.588000 us
