Using device #0: CUDA Device 'GeForce GTX 1080 Ti'
  Sample 0...
Starting computation...
    Writing took     3.924831 ms
    Computation took 216.955121 ms
    Reading took     99.695000 us
  Sample 1...
Starting computation...
    Writing took     2.530138 ms
    Computation took 216.737596 ms
    Reading took     93.333000 us
  Sample 2...
Starting computation...
    Writing took     2.537768 ms
    Computation took 216.732419 ms
    Reading took     83.442000 us
  Sample 3...
Starting computation...
    Writing took     2.152280 ms
    Computation took 216.771288 ms
    Reading took     80.108000 us
  Sample 4...
Starting computation...
    Writing took     2.058312 ms
    Computation took 216.745385 ms
    Reading took     85.411000 us
  Sample 5...
Starting computation...
    Writing took     2.212720 ms
    Computation took 216.760401 ms
    Reading took     88.355000 us
  Sample 6...
Starting computation...
    Writing took     2.350809 ms
    Computation took 216.777075 ms
    Reading took     94.510000 us
  Sample 7...
Starting computation...
    Writing took     2.336775 ms
    Computation took 216.764174 ms
    Reading took     88.140000 us
  Sample 8...
Starting computation...
    Writing took     2.366896 ms
    Computation took 216.855889 ms
    Reading took     172.687000 us
  Sample 9...
Starting computation...
    Writing took     3.904438 ms
    Computation took 216.776837 ms
    Reading took     94.390000 us
  Sample 10...
Starting computation...
    Writing took     2.357951 ms
    Computation took 216.783740 ms
    Reading took     94.151000 us
  Sample 11...
Starting computation...
    Writing took     2.338113 ms
    Computation took 216.764951 ms
    Reading took     94.659000 us
  Sample 12...
Starting computation...
    Writing took     2.324110 ms
    Computation took 216.778300 ms
    Reading took     142.170000 us
  Sample 13...
Starting computation...
    Writing took     3.840542 ms
    Computation took 216.788142 ms
    Reading took     126.027000 us
  Sample 14...
Starting computation...
    Writing took     3.458832 ms
    Computation took 216.781531 ms
    Reading took     96.065000 us
  Sample 15...
Starting computation...
    Writing took     2.512849 ms
    Computation took 216.750472 ms
    Reading took     95.109000 us
  Sample 16...
Starting computation...
    Writing took     2.485384 ms
    Computation took 216.737379 ms
    Reading took     94.978000 us
  Sample 17...
Starting computation...
    Writing took     2.517709 ms
    Computation took 216.708918 ms
    Reading took     79.293000 us
  Sample 18...
Starting computation...
    Writing took     2.052929 ms
    Computation took 216.736029 ms
    Reading took     80.113000 us
  Sample 19...
Starting computation...
    Writing took     2.002064 ms
    Computation took 216.771639 ms
    Reading took     74.302000 us
  Sample 20...
Starting computation...
    Writing took     1.910539 ms
    Computation took 216.745566 ms
    Reading took     75.965000 us
  Sample 21...
Starting computation...
    Writing took     1.935153 ms
    Computation took 216.701155 ms
    Reading took     72.443000 us
  Sample 22...
Starting computation...
    Writing took     1.881024 ms
    Computation took 216.682741 ms
    Reading took     79.942000 us
  Sample 23...
Starting computation...
    Writing took     1.970373 ms
    Computation took 216.696806 ms
    Reading took     75.288000 us
  Sample 24...
Starting computation...
    Writing took     2.091708 ms
    Computation took 216.783262 ms
    Reading took     76.043000 us
  Sample 25...
Starting computation...
    Writing took     2.018846 ms
    Computation took 216.730263 ms
    Reading took     75.671000 us
  Sample 26...
Starting computation...
    Writing took     1.910534 ms
    Computation took 216.704460 ms
    Reading took     71.702000 us
  Sample 27...
Starting computation...
    Writing took     1.800100 ms
    Computation took 216.735050 ms
    Reading took     71.876000 us
  Sample 28...
Starting computation...
    Writing took     1.852846 ms
    Computation took 216.693580 ms
    Reading took     80.642000 us
  Sample 29...
Starting computation...
    Writing took     2.051460 ms
    Computation took 216.698967 ms
    Reading took     75.936000 us
  Sample 30...
Starting computation...
    Writing took     1.920014 ms
    Computation took 216.699015 ms
    Reading took     75.889000 us
  Sample 31...
Starting computation...
    Writing took     1.941260 ms
    Computation took 216.741282 ms
    Reading took     71.979000 us
  Sample 32...
Starting computation...
    Writing took     1.802729 ms
    Computation took 216.736421 ms
    Reading took     70.434000 us
  Sample 33...
Starting computation...
    Writing took     1.800361 ms
    Computation took 216.741818 ms
    Reading took     78.163000 us
  Sample 34...
Starting computation...
    Writing took     1.999073 ms
    Computation took 216.729426 ms
    Reading took     72.966000 us
  Sample 35...
Starting computation...
    Writing took     1.822801 ms
    Computation took 224.112287 ms
    Reading took     161.027000 us
  Sample 36...
Starting computation...
    Writing took     4.623398 ms
    Computation took 216.799161 ms
    Reading took     96.298000 us
  Sample 37...
Starting computation...
    Writing took     2.538081 ms
    Computation took 216.720522 ms
    Reading took     95.456000 us
  Sample 38...
Starting computation...
    Writing took     2.552511 ms
    Computation took 216.750218 ms
    Reading took     95.254000 us
  Sample 39...
Starting computation...
    Writing took     2.511914 ms
    Computation took 216.786451 ms
    Reading took     80.568000 us
  Sample 40...
Starting computation...
    Writing took     1.949502 ms
    Computation took 216.727691 ms
    Reading took     76.146000 us
  Sample 41...
Starting computation...
    Writing took     1.990985 ms
    Computation took 216.714699 ms
    Reading took     74.831000 us
  Sample 42...
Starting computation...
    Writing took     1.911404 ms
    Computation took 216.714257 ms
    Reading took     78.463000 us
  Sample 43...
Starting computation...
    Writing took     1.923798 ms
    Computation took 216.693172 ms
    Reading took     72.748000 us
  Sample 44...
Starting computation...
    Writing took     1.909371 ms
    Computation took 216.707029 ms
    Reading took     78.686000 us
  Sample 45...
Starting computation...
    Writing took     2.104146 ms
    Computation took 216.717494 ms
    Reading took     81.333000 us
  Sample 46...
Starting computation...
    Writing took     2.123456 ms
    Computation took 216.729144 ms
    Reading took     75.320000 us
  Sample 47...
Starting computation...
    Writing took     1.978287 ms
    Computation took 216.724895 ms
    Reading took     80.116000 us
  Sample 48...
Starting computation...
    Writing took     2.126039 ms
    Computation took 216.752853 ms
    Reading took     74.346000 us
  Sample 49...
Starting computation...
    Writing took     1.921816 ms
    Computation took 216.742571 ms
    Reading took     85.832000 us
  Sample 50...
Starting computation...
    Writing took     1.972072 ms
    Computation took 216.735759 ms
    Reading took     125.155000 us
  Sample 51...
Starting computation...
    Writing took     3.464663 ms
    Computation took 216.798961 ms
    Reading took     95.783000 us
  Sample 52...
Starting computation...
    Writing took     2.526653 ms
    Computation took 216.708132 ms
    Reading took     93.372000 us
  Sample 53...
Starting computation...
    Writing took     2.552219 ms
    Computation took 216.743433 ms
    Reading took     74.881000 us
  Sample 54...
Starting computation...
    Writing took     1.964297 ms
    Computation took 216.770040 ms
    Reading took     71.848000 us
  Sample 55...
Starting computation...
    Writing took     1.788715 ms
    Computation took 216.738595 ms
    Reading took     150.539000 us
  Sample 56...
Starting computation...
    Writing took     4.249873 ms
    Computation took 216.761956 ms
    Reading took     95.311000 us
  Sample 57...
Starting computation...
    Writing took     2.511251 ms
    Computation took 216.759637 ms
    Reading took     95.457000 us
  Sample 58...
Starting computation...
    Writing took     2.512639 ms
    Computation took 216.734784 ms
    Reading took     150.024000 us
  Sample 59...
Starting computation...
    Writing took     4.237938 ms
    Computation took 216.811293 ms
    Reading took     83.160000 us
  Sample 60...
Starting computation...
    Writing took     1.934774 ms
    Computation took 216.768535 ms
    Reading took     78.384000 us
  Sample 61...
Starting computation...
    Writing took     1.895557 ms
    Computation took 216.763213 ms
    Reading took     74.450000 us
  Sample 62...
Starting computation...
    Writing took     1.860979 ms
    Computation took 216.719091 ms
    Reading took     80.466000 us
  Sample 63...
Starting computation...
    Writing took     1.993647 ms
    Computation took 216.787659 ms
    Reading took     169.530000 us
  Sample 64...
Starting computation...
    Writing took     4.656978 ms
    Computation took 216.819166 ms
    Reading took     82.232000 us
  Sample 65...
Starting computation...
    Writing took     1.815674 ms
    Computation took 216.740163 ms
    Reading took     82.067000 us
  Sample 66...
Starting computation...
    Writing took     1.946681 ms
    Computation took 216.720921 ms
    Reading took     83.042000 us
  Sample 67...
Starting computation...
    Writing took     2.008675 ms
    Computation took 216.736739 ms
    Reading took     130.332000 us
  Sample 68...
Starting computation...
    Writing took     3.344398 ms
    Computation took 216.802417 ms
    Reading took     81.859000 us
  Sample 69...
Starting computation...
    Writing took     1.984488 ms
    Computation took 216.718613 ms
    Reading took     82.199000 us
  Sample 70...
Starting computation...
    Writing took     1.938730 ms
    Computation took 216.719587 ms
    Reading took     82.632000 us
  Sample 71...
Starting computation...
    Writing took     1.945255 ms
    Computation took 216.718039 ms
    Reading took     76.518000 us
  Sample 72...
Starting computation...
    Writing took     1.914096 ms
    Computation took 216.726515 ms
    Reading took     83.250000 us
  Sample 73...
Starting computation...
    Writing took     1.940739 ms
    Computation took 216.715084 ms
    Reading took     102.527000 us
  Sample 74...
Starting computation...
    Writing took     2.094564 ms
    Computation took 216.751287 ms
    Reading took     84.287000 us
  Sample 75...
Starting computation...
    Writing took     2.118195 ms
    Computation took 216.780432 ms
    Reading took     82.323000 us
  Sample 76...
Starting computation...
    Writing took     2.013705 ms
    Computation took 216.719461 ms
    Reading took     76.853000 us
  Sample 77...
Starting computation...
    Writing took     1.804736 ms
    Computation took 216.715063 ms
    Reading took     81.111000 us
  Sample 78...
Starting computation...
    Writing took     2.036771 ms
    Computation took 216.753617 ms
    Reading took     76.631000 us
  Sample 79...
Starting computation...
    Writing took     1.977557 ms
    Computation took 216.730963 ms
    Reading took     82.646000 us
  Sample 80...
Starting computation...
    Writing took     2.080697 ms
    Computation took 216.704492 ms
    Reading took     82.839000 us
  Sample 81...
Starting computation...
    Writing took     1.929027 ms
    Computation took 216.718726 ms
    Reading took     78.034000 us
  Sample 82...
Starting computation...
    Writing took     1.919953 ms
    Computation took 216.768923 ms
    Reading took     80.303000 us
  Sample 83...
Starting computation...
    Writing took     1.922446 ms
    Computation took 216.692636 ms
    Reading took     88.062000 us
  Sample 84...
Starting computation...
    Writing took     2.300228 ms
    Computation took 216.780915 ms
    Reading took     107.886000 us
  Sample 85...
Starting computation...
    Writing took     2.312892 ms
    Computation took 216.711731 ms
    Reading took     146.630000 us
  Sample 86...
Starting computation...
    Writing took     3.971485 ms
    Computation took 216.819737 ms
    Reading took     145.369000 us
  Sample 87...
Starting computation...
    Writing took     3.932130 ms
    Computation took 216.771574 ms
    Reading took     138.745000 us
  Sample 88...
Starting computation...
    Writing took     3.731606 ms
    Computation took 216.785154 ms
    Reading took     99.551000 us
  Sample 89...
Starting computation...
    Writing took     2.578707 ms
    Computation took 216.701987 ms
    Reading took     100.025000 us
  Sample 90...
Starting computation...
    Writing took     2.538011 ms
    Computation took 216.752078 ms
    Reading took     81.808000 us
  Sample 91...
Starting computation...
    Writing took     1.936320 ms
    Computation took 216.717982 ms
    Reading took     83.697000 us
  Sample 92...
Starting computation...
    Writing took     2.078855 ms
    Computation took 216.724745 ms
    Reading took     81.281000 us
  Sample 93...
Starting computation...
    Writing took     2.039573 ms
    Computation took 216.771517 ms
    Reading took     100.664000 us
  Sample 94...
Starting computation...
    Writing took     2.536913 ms
    Computation took 216.749937 ms
    Reading took     106.804000 us
  Sample 95...
Starting computation...
    Writing took     3.858258 ms
    Computation took 216.779017 ms
    Reading took     81.709000 us
  Sample 96...
Starting computation...
    Writing took     1.944165 ms
    Computation took 216.750945 ms
    Reading took     91.861000 us
  Sample 97...
Starting computation...
    Writing took     2.545413 ms
    Computation took 216.800355 ms
    Reading took     83.300000 us
  Sample 98...
Starting computation...
    Writing took     2.059806 ms
    Computation took 216.733480 ms
    Reading took     78.205000 us
  Sample 99...
Starting computation...
    Writing took     1.927153 ms
    Computation took 216.721995 ms
    Reading took     80.646000 us
Mean computation time: 216.821166 ms
Mean deviation: 149.195000 us (0.0688102%)
Mean computation time (per hash): 6.994230 ms
Mean deviation (per hash): 4.812000 us
