Using device #0: CUDA Device 'GeForce GTX 1080 Ti'
  Sample 0...
Starting computation...
    Writing took     4.007361 ms
    Computation took 215.177085 ms
    Reading took     196.546000 us
  Sample 1...
Starting computation...
    Writing took     4.054726 ms
    Computation took 214.931269 ms
    Reading took     162.190000 us
  Sample 2...
Starting computation...
    Writing took     4.056540 ms
    Computation took 214.990227 ms
    Reading took     164.047000 us
  Sample 3...
Starting computation...
    Writing took     4.069259 ms
    Computation took 214.972384 ms
    Reading took     159.723000 us
  Sample 4...
Starting computation...
    Writing took     4.088609 ms
    Computation took 214.957560 ms
    Reading took     160.100000 us
  Sample 5...
Starting computation...
    Writing took     4.073845 ms
    Computation took 215.039043 ms
    Reading took     256.729000 us
  Sample 6...
Starting computation...
    Writing took     6.952801 ms
    Computation took 215.071459 ms
    Reading took     313.278000 us
  Sample 7...
Starting computation...
    Writing took     6.812528 ms
    Computation took 215.001929 ms
    Reading took     130.272000 us
  Sample 8...
Starting computation...
    Writing took     3.438438 ms
    Computation took 214.863227 ms
    Reading took     128.583000 us
  Sample 9...
Starting computation...
    Writing took     3.076997 ms
    Computation took 214.897999 ms
    Reading took     127.116000 us
  Sample 10...
Starting computation...
    Writing took     3.127084 ms
    Computation took 214.921838 ms
    Reading took     126.032000 us
  Sample 11...
Starting computation...
    Writing took     3.203069 ms
    Computation took 214.945639 ms
    Reading took     130.159000 us
  Sample 12...
Starting computation...
    Writing took     3.160775 ms
    Computation took 214.977730 ms
    Reading took     147.084000 us
  Sample 13...
Starting computation...
    Writing took     4.013282 ms
    Computation took 215.010931 ms
    Reading took     149.931000 us
  Sample 14...
Starting computation...
    Writing took     4.029784 ms
    Computation took 214.913865 ms
    Reading took     149.485000 us
  Sample 15...
Starting computation...
    Writing took     4.039896 ms
    Computation took 214.950659 ms
    Reading took     151.578000 us
  Sample 16...
Starting computation...
    Writing took     4.059747 ms
    Computation took 214.974425 ms
    Reading took     238.890000 us
  Sample 17...
Starting computation...
    Writing took     6.924802 ms
    Computation took 215.005714 ms
    Reading took     234.126000 us
  Sample 18...
Starting computation...
    Writing took     6.881653 ms
    Computation took 214.935945 ms
    Reading took     148.716000 us
  Sample 19...
Starting computation...
    Writing took     4.041537 ms
    Computation took 215.059452 ms
    Reading took     160.430000 us
  Sample 20...
Starting computation...
    Writing took     4.005713 ms
    Computation took 214.952101 ms
    Reading took     149.036000 us
  Sample 21...
Starting computation...
    Writing took     4.005171 ms
    Computation took 214.936989 ms
    Reading took     148.844000 us
  Sample 22...
Starting computation...
    Writing took     4.023485 ms
    Computation took 214.951643 ms
    Reading took     152.049000 us
  Sample 23...
Starting computation...
    Writing took     4.034275 ms
    Computation took 214.921598 ms
    Reading took     151.439000 us
  Sample 24...
Starting computation...
    Writing took     4.044744 ms
    Computation took 214.907985 ms
    Reading took     149.598000 us
  Sample 25...
Starting computation...
    Writing took     3.996444 ms
    Computation took 214.942409 ms
    Reading took     147.435000 us
  Sample 26...
Starting computation...
    Writing took     3.908887 ms
    Computation took 214.869643 ms
    Reading took     148.287000 us
  Sample 27...
Starting computation...
    Writing took     4.028861 ms
    Computation took 214.982390 ms
    Reading took     148.598000 us
  Sample 28...
Starting computation...
    Writing took     4.015749 ms
    Computation took 214.950487 ms
    Reading took     148.968000 us
  Sample 29...
Starting computation...
    Writing took     4.012372 ms
    Computation took 214.967725 ms
    Reading took     147.623000 us
  Sample 30...
Starting computation...
    Writing took     4.014233 ms
    Computation took 214.941293 ms
    Reading took     139.939000 us
  Sample 31...
Starting computation...
    Writing took     3.558291 ms
    Computation took 214.910524 ms
    Reading took     140.549000 us
  Sample 32...
Starting computation...
    Writing took     3.534841 ms
    Computation took 214.893505 ms
    Reading took     152.663000 us
  Sample 33...
Starting computation...
    Writing took     3.637993 ms
    Computation took 215.020718 ms
    Reading took     137.196000 us
  Sample 34...
Starting computation...
    Writing took     3.419787 ms
    Computation took 214.960210 ms
    Reading took     245.250000 us
  Sample 35...
Starting computation...
    Writing took     6.908694 ms
    Computation took 215.018675 ms
    Reading took     221.213000 us
  Sample 36...
Starting computation...
    Writing took     5.708724 ms
    Computation took 214.985552 ms
    Reading took     159.566000 us
  Sample 37...
Starting computation...
    Writing took     4.071052 ms
    Computation took 214.956727 ms
    Reading took     158.933000 us
  Sample 38...
Starting computation...
    Writing took     3.347110 ms
    Computation took 214.926264 ms
    Reading took     122.559000 us
  Sample 39...
Starting computation...
    Writing took     3.134705 ms
    Computation took 214.998408 ms
    Reading took     182.982000 us
  Sample 40...
Starting computation...
    Writing took     5.060201 ms
    Computation took 215.059031 ms
    Reading took     130.711000 us
  Sample 41...
Starting computation...
    Writing took     3.238538 ms
    Computation took 214.983160 ms
    Reading took     120.921000 us
  Sample 42...
Starting computation...
    Writing took     3.138924 ms
    Computation took 214.956679 ms
    Reading took     121.325000 us
  Sample 43...
Starting computation...
    Writing took     3.088199 ms
    Computation took 214.956238 ms
    Reading took     139.706000 us
  Sample 44...
Starting computation...
    Writing took     3.082654 ms
    Computation took 214.966517 ms
    Reading took     129.696000 us
  Sample 45...
Starting computation...
    Writing took     3.497159 ms
    Computation took 215.430697 ms
    Reading took     125.879000 us
  Sample 46...
Starting computation...
    Writing took     3.367532 ms
    Computation took 217.529055 ms
    Reading took     123.107000 us
  Sample 47...
Starting computation...
    Writing took     3.219327 ms
    Computation took 218.976757 ms
    Reading took     118.241000 us
  Sample 48...
Starting computation...
    Writing took     3.074645 ms
    Computation took 218.494384 ms
    Reading took     194.527000 us
  Sample 49...
Starting computation...
    Writing took     5.320154 ms
    Computation took 216.812681 ms
    Reading took     133.116000 us
  Sample 50...
Starting computation...
    Writing took     3.485241 ms
    Computation took 216.631151 ms
    Reading took     129.154000 us
  Sample 51...
Starting computation...
    Writing took     3.288615 ms
    Computation took 216.283368 ms
    Reading took     133.510000 us
  Sample 52...
Starting computation...
    Writing took     3.467365 ms
    Computation took 215.591975 ms
    Reading took     126.696000 us
  Sample 53...
Starting computation...
    Writing took     3.480300 ms
    Computation took 216.747326 ms
    Reading took     127.748000 us
  Sample 54...
Starting computation...
    Writing took     3.175751 ms
    Computation took 217.971579 ms
    Reading took     130.733000 us
  Sample 55...
Starting computation...
    Writing took     3.519200 ms
    Computation took 218.959862 ms
    Reading took     133.912000 us
  Sample 56...
Starting computation...
    Writing took     3.364846 ms
    Computation took 217.160099 ms
    Reading took     140.564000 us
  Sample 57...
Starting computation...
    Writing took     3.713011 ms
    Computation took 216.853407 ms
    Reading took     127.787000 us
  Sample 58...
Starting computation...
    Writing took     3.409228 ms
    Computation took 218.587264 ms
    Reading took     164.347000 us
  Sample 59...
Starting computation...
    Writing took     4.366136 ms
    Computation took 219.549400 ms
    Reading took     167.648000 us
  Sample 60...
Starting computation...
    Writing took     4.318841 ms
    Computation took 219.533479 ms
    Reading took     203.049000 us
  Sample 61...
Starting computation...
    Writing took     4.372924 ms
    Computation took 218.885829 ms
    Reading took     129.300000 us
  Sample 62...
Starting computation...
    Writing took     3.356048 ms
    Computation took 217.174752 ms
    Reading took     165.246000 us
  Sample 63...
Starting computation...
    Writing took     4.019277 ms
    Computation took 216.621603 ms
    Reading took     148.064000 us
  Sample 64...
Starting computation...
    Writing took     4.081928 ms
    Computation took 216.541852 ms
    Reading took     237.325000 us
  Sample 65...
Starting computation...
    Writing took     6.587944 ms
    Computation took 215.580349 ms
    Reading took     148.697000 us
  Sample 66...
Starting computation...
    Writing took     3.993100 ms
    Computation took 215.575823 ms
    Reading took     156.820000 us
  Sample 67...
Starting computation...
    Writing took     4.037565 ms
    Computation took 215.635028 ms
    Reading took     121.376000 us
  Sample 68...
Starting computation...
    Writing took     3.091407 ms
    Computation took 216.007625 ms
    Reading took     126.109000 us
  Sample 69...
Starting computation...
    Writing took     3.451030 ms
    Computation took 216.866154 ms
    Reading took     127.240000 us
  Sample 70...
Starting computation...
    Writing took     3.408447 ms
    Computation took 218.768143 ms
    Reading took     130.745000 us
  Sample 71...
Starting computation...
    Writing took     3.445765 ms
    Computation took 221.184224 ms
    Reading took     226.192000 us
  Sample 72...
Starting computation...
    Writing took     6.898267 ms
    Computation took 222.071419 ms
    Reading took     154.607000 us
  Sample 73...
Starting computation...
    Writing took     4.008211 ms
    Computation took 219.677049 ms
    Reading took     235.560000 us
  Sample 74...
Starting computation...
    Writing took     6.842193 ms
    Computation took 218.881866 ms
    Reading took     148.574000 us
  Sample 75...
Starting computation...
    Writing took     4.048840 ms
    Computation took 219.057141 ms
    Reading took     146.174000 us
  Sample 76...
Starting computation...
    Writing took     4.064554 ms
    Computation took 218.290305 ms
    Reading took     121.401000 us
  Sample 77...
Starting computation...
    Writing took     3.110361 ms
    Computation took 217.123785 ms
    Reading took     126.478000 us
  Sample 78...
Starting computation...
    Writing took     3.089195 ms
    Computation took 217.555158 ms
    Reading took     125.069000 us
  Sample 79...
Starting computation...
    Writing took     3.356181 ms
    Computation took 217.345730 ms
    Reading took     148.207000 us
  Sample 80...
Starting computation...
    Writing took     4.043661 ms
    Computation took 217.282986 ms
    Reading took     148.124000 us
  Sample 81...
Starting computation...
    Writing took     4.020398 ms
    Computation took 220.476189 ms
    Reading took     148.609000 us
  Sample 82...
Starting computation...
    Writing took     3.987195 ms
    Computation took 226.583827 ms
    Reading took     146.184000 us
  Sample 83...
Starting computation...
    Writing took     4.027851 ms
    Computation took 226.916062 ms
    Reading took     157.792000 us
  Sample 84...
Starting computation...
    Writing took     4.047025 ms
    Computation took 226.405113 ms
    Reading took     159.029000 us
  Sample 85...
Starting computation...
    Writing took     3.303598 ms
    Computation took 224.668453 ms
    Reading took     118.716000 us
  Sample 86...
Starting computation...
    Writing took     3.103492 ms
    Computation took 220.334012 ms
    Reading took     126.552000 us
  Sample 87...
Starting computation...
    Writing took     3.095617 ms
    Computation took 219.401887 ms
    Reading took     135.549000 us
  Sample 88...
Starting computation...
    Writing took     3.672989 ms
    Computation took 218.352533 ms
    Reading took     134.241000 us
  Sample 89...
Starting computation...
    Writing took     3.621301 ms
    Computation took 216.868802 ms
    Reading took     149.342000 us
  Sample 90...
Starting computation...
    Writing took     4.045915 ms
    Computation took 216.590362 ms
    Reading took     148.667000 us
  Sample 91...
Starting computation...
    Writing took     4.059190 ms
    Computation took 217.128584 ms
    Reading took     154.121000 us
  Sample 92...
Starting computation...
    Writing took     4.006256 ms
    Computation took 219.203189 ms
    Reading took     150.611000 us
  Sample 93...
Starting computation...
    Writing took     4.053927 ms
    Computation took 219.687614 ms
    Reading took     150.246000 us
  Sample 94...
Starting computation...
    Writing took     4.030650 ms
    Computation took 219.502722 ms
    Reading took     152.270000 us
  Sample 95...
Starting computation...
    Writing took     4.036181 ms
    Computation took 218.109867 ms
    Reading took     150.253000 us
  Sample 96...
Starting computation...
    Writing took     4.060629 ms
    Computation took 217.569144 ms
    Reading took     146.952000 us
  Sample 97...
Starting computation...
    Writing took     4.040051 ms
    Computation took 217.390410 ms
    Reading took     147.096000 us
  Sample 98...
Starting computation...
    Writing took     4.029578 ms
    Computation took 217.424572 ms
    Reading took     148.804000 us
  Sample 99...
Starting computation...
    Writing took     4.046087 ms
    Computation took 217.530344 ms
    Reading took     164.700000 us
Mean computation time: 216.908978 ms
Mean deviation: 1.945892 ms (0.897101%)
Mean computation time (per hash): 4.016832 ms
Mean deviation (per hash): 36.034000 us
