Using device #0: CUDA Device 'GeForce GTX 1080 Ti'
  Sample 0...
Starting computation...
    Writing took     2.802567 ms
    Computation took 185.915160 ms
    Reading took     170.063000 us
  Sample 1...
Starting computation...
    Writing took     4.740055 ms
    Computation took 185.862746 ms
    Reading took     105.034000 us
  Sample 2...
Starting computation...
    Writing took     2.771099 ms
    Computation took 185.862279 ms
    Reading took     105.733000 us
  Sample 3...
Starting computation...
    Writing took     2.810548 ms
    Computation took 185.882316 ms
    Reading took     105.338000 us
  Sample 4...
Starting computation...
    Writing took     2.771398 ms
    Computation took 185.901031 ms
    Reading took     104.751000 us
  Sample 5...
Starting computation...
    Writing took     2.751408 ms
    Computation took 185.915498 ms
    Reading took     129.902000 us
  Sample 6...
Starting computation...
    Writing took     3.818903 ms
    Computation took 185.901410 ms
    Reading took     104.214000 us
  Sample 7...
Starting computation...
    Writing took     2.788610 ms
    Computation took 185.844969 ms
    Reading took     103.537000 us
  Sample 8...
Starting computation...
    Writing took     2.760446 ms
    Computation took 185.815475 ms
    Reading took     104.302000 us
  Sample 9...
Starting computation...
    Writing took     2.757379 ms
    Computation took 185.827874 ms
    Reading took     105.207000 us
  Sample 10...
Starting computation...
    Writing took     2.529800 ms
    Computation took 185.937859 ms
    Reading took     106.119000 us
  Sample 11...
Starting computation...
    Writing took     2.776477 ms
    Computation took 185.917297 ms
    Reading took     103.637000 us
  Sample 12...
Starting computation...
    Writing took     2.803360 ms
    Computation took 185.940619 ms
    Reading took     104.520000 us
  Sample 13...
Starting computation...
    Writing took     2.771244 ms
    Computation took 185.936814 ms
    Reading took     104.064000 us
  Sample 14...
Starting computation...
    Writing took     2.739611 ms
    Computation took 185.953462 ms
    Reading took     104.824000 us
  Sample 15...
Starting computation...
    Writing took     2.739116 ms
    Computation took 185.998002 ms
    Reading took     104.783000 us
  Sample 16...
Starting computation...
    Writing took     2.776876 ms
    Computation took 185.957716 ms
    Reading took     104.335000 us
  Sample 17...
Starting computation...
    Writing took     2.802620 ms
    Computation took 186.019688 ms
    Reading took     109.921000 us
  Sample 18...
Starting computation...
    Writing took     2.775958 ms
    Computation took 185.969730 ms
    Reading took     109.012000 us
  Sample 19...
Starting computation...
    Writing took     2.752218 ms
    Computation took 185.961835 ms
    Reading took     104.628000 us
  Sample 20...
Starting computation...
    Writing took     2.429798 ms
    Computation took 185.973475 ms
    Reading took     111.601000 us
  Sample 21...
Starting computation...
    Writing took     2.786370 ms
    Computation took 185.958766 ms
    Reading took     172.082000 us
  Sample 22...
Starting computation...
    Writing took     4.753974 ms
    Computation took 185.970495 ms
    Reading took     104.095000 us
  Sample 23...
Starting computation...
    Writing took     2.771919 ms
    Computation took 185.960859 ms
    Reading took     104.620000 us
  Sample 24...
Starting computation...
    Writing took     2.786651 ms
    Computation took 185.919455 ms
    Reading took     104.464000 us
  Sample 25...
Starting computation...
    Writing took     2.784147 ms
    Computation took 185.985084 ms
    Reading took     108.712000 us
  Sample 26...
Starting computation...
    Writing took     2.745658 ms
    Computation took 185.945520 ms
    Reading took     85.201000 us
  Sample 27...
Starting computation...
    Writing took     2.112366 ms
    Computation took 185.883819 ms
    Reading took     84.663000 us
  Sample 28...
Starting computation...
    Writing took     2.082557 ms
    Computation took 185.911707 ms
    Reading took     80.800000 us
  Sample 29...
Starting computation...
    Writing took     2.080762 ms
    Computation took 185.926795 ms
    Reading took     86.112000 us
  Sample 30...
Starting computation...
    Writing took     2.124996 ms
    Computation took 185.946153 ms
    Reading took     84.219000 us
  Sample 31...
Starting computation...
    Writing took     2.097197 ms
    Computation took 185.888347 ms
    Reading took     84.106000 us
  Sample 32...
Starting computation...
    Writing took     2.098500 ms
    Computation took 185.971686 ms
    Reading took     83.636000 us
  Sample 33...
Starting computation...
    Writing took     2.099721 ms
    Computation took 185.876109 ms
    Reading took     81.962000 us
  Sample 34...
Starting computation...
    Writing took     2.137681 ms
    Computation took 185.918418 ms
    Reading took     89.153000 us
  Sample 35...
Starting computation...
    Writing took     2.287849 ms
    Computation took 185.980858 ms
    Reading took     95.572000 us
  Sample 36...
Starting computation...
    Writing took     2.522661 ms
    Computation took 185.965836 ms
    Reading took     115.123000 us
  Sample 37...
Starting computation...
    Writing took     3.008946 ms
    Computation took 185.968032 ms
    Reading took     112.918000 us
  Sample 38...
Starting computation...
    Writing took     2.943691 ms
    Computation took 185.924264 ms
    Reading took     112.042000 us
  Sample 39...
Starting computation...
    Writing took     2.945453 ms
    Computation took 185.916346 ms
    Reading took     85.205000 us
  Sample 40...
Starting computation...
    Writing took     2.098794 ms
    Computation took 185.935946 ms
    Reading took     83.117000 us
  Sample 41...
Starting computation...
    Writing took     2.144491 ms
    Computation took 185.934976 ms
    Reading took     94.665000 us
  Sample 42...
Starting computation...
    Writing took     2.355131 ms
    Computation took 185.912631 ms
    Reading took     88.488000 us
  Sample 43...
Starting computation...
    Writing took     2.244872 ms
    Computation took 185.919856 ms
    Reading took     106.089000 us
  Sample 44...
Starting computation...
    Writing took     2.778055 ms
    Computation took 185.981044 ms
    Reading took     184.246000 us
  Sample 45...
Starting computation...
    Writing took     4.784391 ms
    Computation took 185.986719 ms
    Reading took     143.074000 us
  Sample 46...
Starting computation...
    Writing took     3.724543 ms
    Computation took 185.940879 ms
    Reading took     90.199000 us
  Sample 47...
Starting computation...
    Writing took     2.224212 ms
    Computation took 185.906963 ms
    Reading took     86.204000 us
  Sample 48...
Starting computation...
    Writing took     2.118502 ms
    Computation took 185.978217 ms
    Reading took     85.190000 us
  Sample 49...
Starting computation...
    Writing took     2.124563 ms
    Computation took 185.886036 ms
    Reading took     83.100000 us
  Sample 50...
Starting computation...
    Writing took     2.083292 ms
    Computation took 185.953754 ms
    Reading took     104.368000 us
  Sample 51...
Starting computation...
    Writing took     2.350319 ms
    Computation took 185.947293 ms
    Reading took     94.848000 us
  Sample 52...
Starting computation...
    Writing took     2.330625 ms
    Computation took 185.906223 ms
    Reading took     84.765000 us
  Sample 53...
Starting computation...
    Writing took     2.217568 ms
    Computation took 185.950743 ms
    Reading took     90.987000 us
  Sample 54...
Starting computation...
    Writing took     2.301482 ms
    Computation took 185.950245 ms
    Reading took     83.090000 us
  Sample 55...
Starting computation...
    Writing took     2.092224 ms
    Computation took 186.010998 ms
    Reading took     126.998000 us
  Sample 56...
Starting computation...
    Writing took     3.667070 ms
    Computation took 185.996877 ms
    Reading took     118.807000 us
  Sample 57...
Starting computation...
    Writing took     3.039919 ms
    Computation took 185.961446 ms
    Reading took     116.032000 us
  Sample 58...
Starting computation...
    Writing took     2.981888 ms
    Computation took 185.955203 ms
    Reading took     115.813000 us
  Sample 59...
Starting computation...
    Writing took     2.999038 ms
    Computation took 185.975377 ms
    Reading took     95.720000 us
  Sample 60...
Starting computation...
    Writing took     2.491602 ms
    Computation took 186.007279 ms
    Reading took     108.304000 us
  Sample 61...
Starting computation...
    Writing took     2.739390 ms
    Computation took 185.951002 ms
    Reading took     114.339000 us
  Sample 62...
Starting computation...
    Writing took     2.758784 ms
    Computation took 185.974167 ms
    Reading took     99.419000 us
  Sample 63...
Starting computation...
    Writing took     2.562755 ms
    Computation took 185.914626 ms
    Reading took     100.435000 us
  Sample 64...
Starting computation...
    Writing took     2.658938 ms
    Computation took 185.924432 ms
    Reading took     102.602000 us
  Sample 65...
Starting computation...
    Writing took     2.530982 ms
    Computation took 185.943871 ms
    Reading took     84.610000 us
  Sample 66...
Starting computation...
    Writing took     2.114166 ms
    Computation took 185.901158 ms
    Reading took     83.138000 us
  Sample 67...
Starting computation...
    Writing took     2.082336 ms
    Computation took 185.924218 ms
    Reading took     80.219000 us
  Sample 68...
Starting computation...
    Writing took     2.081198 ms
    Computation took 185.889263 ms
    Reading took     86.908000 us
  Sample 69...
Starting computation...
    Writing took     2.137543 ms
    Computation took 185.909757 ms
    Reading took     83.817000 us
  Sample 70...
Starting computation...
    Writing took     2.107522 ms
    Computation took 185.923997 ms
    Reading took     84.056000 us
  Sample 71...
Starting computation...
    Writing took     2.132192 ms
    Computation took 187.458999 ms
    Reading took     91.251000 us
  Sample 72...
Starting computation...
    Writing took     2.335145 ms
    Computation took 187.529000 ms
    Reading took     83.521000 us
  Sample 73...
Starting computation...
    Writing took     2.084096 ms
    Computation took 187.519923 ms
    Reading took     89.237000 us
  Sample 74...
Starting computation...
    Writing took     2.324633 ms
    Computation took 187.489137 ms
    Reading took     92.204000 us
  Sample 75...
Starting computation...
    Writing took     2.314579 ms
    Computation took 187.498519 ms
    Reading took     89.360000 us
  Sample 76...
Starting computation...
    Writing took     2.394454 ms
    Computation took 187.505542 ms
    Reading took     89.760000 us
  Sample 77...
Starting computation...
    Writing took     2.237951 ms
    Computation took 187.572502 ms
    Reading took     89.374000 us
  Sample 78...
Starting computation...
    Writing took     2.276011 ms
    Computation took 187.487119 ms
    Reading took     90.871000 us
  Sample 79...
Starting computation...
    Writing took     2.286618 ms
    Computation took 187.551533 ms
    Reading took     179.933000 us
  Sample 80...
Starting computation...
    Writing took     4.990905 ms
    Computation took 187.613537 ms
    Reading took     166.126000 us
  Sample 81...
Starting computation...
    Writing took     4.771772 ms
    Computation took 187.613524 ms
    Reading took     113.221000 us
  Sample 82...
Starting computation...
    Writing took     2.747489 ms
    Computation took 187.499116 ms
    Reading took     106.830000 us
  Sample 83...
Starting computation...
    Writing took     2.788099 ms
    Computation took 187.571249 ms
    Reading took     131.768000 us
  Sample 84...
Starting computation...
    Writing took     3.346305 ms
    Computation took 187.598420 ms
    Reading took     123.360000 us
  Sample 85...
Starting computation...
    Writing took     2.373734 ms
    Computation took 187.579062 ms
    Reading took     174.902000 us
  Sample 86...
Starting computation...
    Writing took     4.416010 ms
    Computation took 187.537049 ms
    Reading took     113.263000 us
  Sample 87...
Starting computation...
    Writing took     2.837228 ms
    Computation took 187.537474 ms
    Reading took     111.084000 us
  Sample 88...
Starting computation...
    Writing took     2.772535 ms
    Computation took 187.529522 ms
    Reading took     137.593000 us
  Sample 89...
Starting computation...
    Writing took     3.476426 ms
    Computation took 187.489565 ms
    Reading took     87.849000 us
  Sample 90...
Starting computation...
    Writing took     2.282220 ms
    Computation took 187.544761 ms
    Reading took     135.958000 us
  Sample 91...
Starting computation...
    Writing took     3.640147 ms
    Computation took 187.507306 ms
    Reading took     83.563000 us
  Sample 92...
Starting computation...
    Writing took     2.169915 ms
    Computation took 187.571255 ms
    Reading took     85.151000 us
  Sample 93...
Starting computation...
    Writing took     2.129413 ms
    Computation took 187.513882 ms
    Reading took     89.347000 us
  Sample 94...
Starting computation...
    Writing took     2.266456 ms
    Computation took 187.533761 ms
    Reading took     84.719000 us
  Sample 95...
Starting computation...
    Writing took     2.132739 ms
    Computation took 187.523598 ms
    Reading took     93.158000 us
  Sample 96...
Starting computation...
    Writing took     2.394352 ms
    Computation took 187.571101 ms
    Reading took     93.500000 us
  Sample 97...
Starting computation...
    Writing took     2.304214 ms
    Computation took 187.463055 ms
    Reading took     94.685000 us
  Sample 98...
Starting computation...
    Writing took     2.520532 ms
    Computation took 187.577403 ms
    Reading took     96.601000 us
  Sample 99...
Starting computation...
    Writing took     2.434416 ms
    Computation took 187.459353 ms
    Reading took     96.700000 us
Mean computation time: 186.398152 ms
Mean deviation: 657.996000 us (0.353006%)
Mean computation time (per hash): 5.037787 ms
Mean deviation (per hash): 17.783000 us
