Using device #0: CUDA Device 'GeForce GTX 1080 Ti'
  Sample 0...
Starting computation...
    Writing took     8.393479 ms
    Computation took 374.205374 ms
    Reading took     316.819000 us
  Sample 1...
Starting computation...
    Writing took     8.538913 ms
    Computation took 374.533532 ms
    Reading took     302.937000 us
  Sample 2...
Starting computation...
    Writing took     8.335669 ms
    Computation took 374.129292 ms
    Reading took     333.542000 us
  Sample 3...
Starting computation...
    Writing took     9.344453 ms
    Computation took 374.238518 ms
    Reading took     400.262000 us
  Sample 4...
Starting computation...
    Writing took     9.780221 ms
    Computation took 374.264105 ms
    Reading took     453.782000 us
  Sample 5...
Starting computation...
    Writing took     14.745473 ms
    Computation took 374.445092 ms
    Reading took     312.501000 us
  Sample 6...
Starting computation...
    Writing took     8.579091 ms
    Computation took 374.151347 ms
    Reading took     545.826000 us
  Sample 7...
Starting computation...
    Writing took     16.042897 ms
    Computation took 374.252467 ms
    Reading took     310.566000 us
  Sample 8...
Starting computation...
    Writing took     8.578472 ms
    Computation took 374.178736 ms
    Reading took     332.394000 us
  Sample 9...
Starting computation...
    Writing took     9.358432 ms
    Computation took 375.003072 ms
    Reading took     320.146000 us
  Sample 10...
Starting computation...
    Writing took     8.580480 ms
    Computation took 374.822591 ms
    Reading took     311.634000 us
  Sample 11...
Starting computation...
    Writing took     8.607215 ms
    Computation took 374.619471 ms
    Reading took     312.015000 us
  Sample 12...
Starting computation...
    Writing took     8.583892 ms
    Computation took 374.653515 ms
    Reading took     310.595000 us
  Sample 13...
Starting computation...
    Writing took     8.559909 ms
    Computation took 374.236293 ms
    Reading took     310.776000 us
  Sample 14...
Starting computation...
    Writing took     8.925736 ms
    Computation took 373.960155 ms
    Reading took     309.172000 us
  Sample 15...
Starting computation...
    Writing took     8.591081 ms
    Computation took 374.695928 ms
    Reading took     310.665000 us
  Sample 16...
Starting computation...
    Writing took     8.583341 ms
    Computation took 375.474633 ms
    Reading took     309.843000 us
  Sample 17...
Starting computation...
    Writing took     8.572841 ms
    Computation took 376.241002 ms
    Reading took     320.973000 us
  Sample 18...
Starting computation...
    Writing took     8.546226 ms
    Computation took 375.059883 ms
    Reading took     320.797000 us
  Sample 19...
Starting computation...
    Writing took     8.568563 ms
    Computation took 374.498314 ms
    Reading took     312.063000 us
  Sample 20...
Starting computation...
    Writing took     8.558072 ms
    Computation took 374.835074 ms
    Reading took     301.184000 us
  Sample 21...
Starting computation...
    Writing took     8.453165 ms
    Computation took 374.375105 ms
    Reading took     312.301000 us
  Sample 22...
Starting computation...
    Writing took     8.654354 ms
    Computation took 374.831416 ms
    Reading took     310.840000 us
  Sample 23...
Starting computation...
    Writing took     8.568603 ms
    Computation took 375.273624 ms
    Reading took     310.146000 us
  Sample 24...
Starting computation...
    Writing took     8.597573 ms
    Computation took 374.490307 ms
    Reading took     302.089000 us
  Sample 25...
Starting computation...
    Writing took     8.327549 ms
    Computation took 374.429840 ms
    Reading took     312.786000 us
  Sample 26...
Starting computation...
    Writing took     8.590451 ms
    Computation took 374.753951 ms
    Reading took     765.303000 us
  Sample 27...
Starting computation...
    Writing took     19.242069 ms
    Computation took 374.663433 ms
    Reading took     312.044000 us
  Sample 28...
Starting computation...
    Writing took     8.530956 ms
    Computation took 374.778893 ms
    Reading took     295.235000 us
  Sample 29...
Starting computation...
    Writing took     7.909821 ms
    Computation took 375.476592 ms
    Reading took     308.061000 us
  Sample 30...
Starting computation...
    Writing took     8.888857 ms
    Computation took 375.662827 ms
    Reading took     338.178000 us
  Sample 31...
Starting computation...
    Writing took     9.544073 ms
    Computation took 376.007028 ms
    Reading took     524.145000 us
  Sample 32...
Starting computation...
    Writing took     15.036642 ms
    Computation took 376.540789 ms
    Reading took     308.476000 us
  Sample 33...
Starting computation...
    Writing took     8.651668 ms
    Computation took 376.113276 ms
    Reading took     311.145000 us
  Sample 34...
Starting computation...
    Writing took     8.566730 ms
    Computation took 376.340120 ms
    Reading took     324.653000 us
  Sample 35...
Starting computation...
    Writing took     8.489540 ms
    Computation took 376.679408 ms
    Reading took     327.339000 us
  Sample 36...
Starting computation...
    Writing took     8.638497 ms
    Computation took 375.844920 ms
    Reading took     325.652000 us
  Sample 37...
Starting computation...
    Writing took     8.621289 ms
    Computation took 375.986865 ms
    Reading took     328.379000 us
  Sample 38...
Starting computation...
    Writing took     8.582325 ms
    Computation took 376.728022 ms
    Reading took     338.246000 us
  Sample 39...
Starting computation...
    Writing took     8.965877 ms
    Computation took 376.869372 ms
    Reading took     327.883000 us
  Sample 40...
Starting computation...
    Writing took     8.593206 ms
    Computation took 377.148814 ms
    Reading took     560.283000 us
  Sample 41...
Starting computation...
    Writing took     13.398471 ms
    Computation took 380.113706 ms
    Reading took     430.998000 us
  Sample 42...
Starting computation...
    Writing took     11.158649 ms
    Computation took 379.980618 ms
    Reading took     560.558000 us
  Sample 43...
Starting computation...
    Writing took     10.878834 ms
    Computation took 379.146878 ms
    Reading took     336.176000 us
  Sample 44...
Starting computation...
    Writing took     9.082800 ms
    Computation took 377.564905 ms
    Reading took     327.763000 us
  Sample 45...
Starting computation...
    Writing took     8.612011 ms
    Computation took 376.685433 ms
    Reading took     327.458000 us
  Sample 46...
Starting computation...
    Writing took     8.638707 ms
    Computation took 375.496707 ms
    Reading took     325.655000 us
  Sample 47...
Starting computation...
    Writing took     8.603669 ms
    Computation took 374.614904 ms
    Reading took     316.251000 us
  Sample 48...
Starting computation...
    Writing took     8.386348 ms
    Computation took 375.306465 ms
    Reading took     316.012000 us
  Sample 49...
Starting computation...
    Writing took     8.464647 ms
    Computation took 374.730332 ms
    Reading took     328.151000 us
  Sample 50...
Starting computation...
    Writing took     10.399472 ms
    Computation took 375.881164 ms
    Reading took     327.376000 us
  Sample 51...
Starting computation...
    Writing took     8.627161 ms
    Computation took 376.027584 ms
    Reading took     353.567000 us
  Sample 52...
Starting computation...
    Writing took     9.124183 ms
    Computation took 375.351233 ms
    Reading took     325.301000 us
  Sample 53...
Starting computation...
    Writing took     8.604436 ms
    Computation took 375.033867 ms
    Reading took     381.089000 us
  Sample 54...
Starting computation...
    Writing took     9.914314 ms
    Computation took 374.595770 ms
    Reading took     349.431000 us
  Sample 55...
Starting computation...
    Writing took     9.391893 ms
    Computation took 374.628047 ms
    Reading took     340.393000 us
  Sample 56...
Starting computation...
    Writing took     8.603491 ms
    Computation took 375.383573 ms
    Reading took     327.239000 us
  Sample 57...
Starting computation...
    Writing took     8.597211 ms
    Computation took 376.122980 ms
    Reading took     337.165000 us
  Sample 58...
Starting computation...
    Writing took     8.405962 ms
    Computation took 377.448414 ms
    Reading took     326.788000 us
  Sample 59...
Starting computation...
    Writing took     8.323086 ms
    Computation took 377.684294 ms
    Reading took     326.416000 us
  Sample 60...
Starting computation...
    Writing took     8.631806 ms
    Computation took 376.817638 ms
    Reading took     333.350000 us
  Sample 61...
Starting computation...
    Writing took     8.583547 ms
    Computation took 376.403236 ms
    Reading took     324.972000 us
  Sample 62...
Starting computation...
    Writing took     8.474574 ms
    Computation took 375.960659 ms
    Reading took     327.983000 us
  Sample 63...
Starting computation...
    Writing took     8.636615 ms
    Computation took 375.801601 ms
    Reading took     326.214000 us
  Sample 64...
Starting computation...
    Writing took     9.163600 ms
    Computation took 375.490051 ms
    Reading took     326.960000 us
  Sample 65...
Starting computation...
    Writing took     8.595395 ms
    Computation took 376.113945 ms
    Reading took     428.099000 us
  Sample 66...
Starting computation...
    Writing took     10.502646 ms
    Computation took 376.887671 ms
    Reading took     327.573000 us
  Sample 67...
Starting computation...
    Writing took     8.631200 ms
    Computation took 381.478593 ms
    Reading took     315.706000 us
  Sample 68...
Starting computation...
    Writing took     8.347846 ms
    Computation took 382.547233 ms
    Reading took     326.409000 us
  Sample 69...
Starting computation...
    Writing took     8.646179 ms
    Computation took 380.208181 ms
    Reading took     326.923000 us
  Sample 70...
Starting computation...
    Writing took     8.597283 ms
    Computation took 378.390143 ms
    Reading took     326.190000 us
  Sample 71...
Starting computation...
    Writing took     8.597287 ms
    Computation took 377.183485 ms
    Reading took     327.137000 us
  Sample 72...
Starting computation...
    Writing took     8.764703 ms
    Computation took 376.075747 ms
    Reading took     327.350000 us
  Sample 73...
Starting computation...
    Writing took     8.645006 ms
    Computation took 374.573906 ms
    Reading took     355.277000 us
  Sample 74...
Starting computation...
    Writing took     11.348936 ms
    Computation took 374.515934 ms
    Reading took     326.086000 us
  Sample 75...
Starting computation...
    Writing took     8.633063 ms
    Computation took 375.263648 ms
    Reading took     328.619000 us
  Sample 76...
Starting computation...
    Writing took     8.637190 ms
    Computation took 375.952404 ms
    Reading took     327.179000 us
  Sample 77...
Starting computation...
    Writing took     8.630196 ms
    Computation took 375.260555 ms
    Reading took     333.413000 us
  Sample 78...
Starting computation...
    Writing took     9.344110 ms
    Computation took 375.602819 ms
    Reading took     310.994000 us
  Sample 79...
Starting computation...
    Writing took     8.559776 ms
    Computation took 374.593608 ms
    Reading took     311.005000 us
  Sample 80...
Starting computation...
    Writing took     8.925896 ms
    Computation took 374.859577 ms
    Reading took     311.591000 us
  Sample 81...
Starting computation...
    Writing took     8.566593 ms
    Computation took 375.391049 ms
    Reading took     455.845000 us
  Sample 82...
Starting computation...
    Writing took     12.645875 ms
    Computation took 375.099827 ms
    Reading took     337.091000 us
  Sample 83...
Starting computation...
    Writing took     9.330489 ms
    Computation took 375.553267 ms
    Reading took     325.960000 us
  Sample 84...
Starting computation...
    Writing took     8.645993 ms
    Computation took 375.849603 ms
    Reading took     325.169000 us
  Sample 85...
Starting computation...
    Writing took     8.633247 ms
    Computation took 375.784513 ms
    Reading took     336.342000 us
  Sample 86...
Starting computation...
    Writing took     9.333913 ms
    Computation took 375.398384 ms
    Reading took     460.824000 us
  Sample 87...
Starting computation...
    Writing took     14.694640 ms
    Computation took 374.419099 ms
    Reading took     311.983000 us
  Sample 88...
Starting computation...
    Writing took     8.726505 ms
    Computation took 374.880910 ms
    Reading took     280.708000 us
  Sample 89...
Starting computation...
    Writing took     7.752326 ms
    Computation took 374.861581 ms
    Reading took     312.171000 us
  Sample 90...
Starting computation...
    Writing took     8.565457 ms
    Computation took 376.461205 ms
    Reading took     309.423000 us
  Sample 91...
Starting computation...
    Writing took     8.578734 ms
    Computation took 376.075031 ms
    Reading took     311.347000 us
  Sample 92...
Starting computation...
    Writing took     9.234799 ms
    Computation took 377.434417 ms
    Reading took     322.659000 us
  Sample 93...
Starting computation...
    Writing took     9.753772 ms
    Computation took 378.533774 ms
    Reading took     311.038000 us
  Sample 94...
Starting computation...
    Writing took     8.565214 ms
    Computation took 377.462761 ms
    Reading took     300.837000 us
  Sample 95...
Starting computation...
    Writing took     8.279181 ms
    Computation took 376.891216 ms
    Reading took     299.751000 us
  Sample 96...
Starting computation...
    Writing took     8.350393 ms
    Computation took 375.733326 ms
    Reading took     407.191000 us
  Sample 97...
Starting computation...
    Writing took     8.809590 ms
    Computation took 375.987978 ms
    Reading took     335.564000 us
  Sample 98...
Starting computation...
    Writing took     9.339819 ms
    Computation took 376.259299 ms
    Reading took     334.435000 us
  Sample 99...
Starting computation...
    Writing took     9.363184 ms
    Computation took 376.910058 ms
    Reading took     318.403000 us
Mean computation time: 375.862578 ms
Mean deviation: 1.139592 ms (0.303194%)
Mean computation time (per hash): 3.240194 ms
Mean deviation (per hash): 9.824000 us
