Using device #0: CUDA Device 'GeForce GTX 1080 Ti'
  Sample 0...
Starting computation...
    Writing took     2.166508 ms
    Computation took 188.826572 ms
    Reading took     93.319000 us
  Sample 1...
Starting computation...
    Writing took     2.204090 ms
    Computation took 188.659513 ms
    Reading took     94.801000 us
  Sample 2...
Starting computation...
    Writing took     2.027270 ms
    Computation took 188.659073 ms
    Reading took     82.701000 us
  Sample 3...
Starting computation...
    Writing took     2.072227 ms
    Computation took 188.671100 ms
    Reading took     84.299000 us
  Sample 4...
Starting computation...
    Writing took     2.030051 ms
    Computation took 188.716988 ms
    Reading took     83.555000 us
  Sample 5...
Starting computation...
    Writing took     2.025049 ms
    Computation took 188.672303 ms
    Reading took     68.250000 us
  Sample 6...
Starting computation...
    Writing took     1.614191 ms
    Computation took 188.643181 ms
    Reading took     69.255000 us
  Sample 7...
Starting computation...
    Writing took     1.663585 ms
    Computation took 188.641822 ms
    Reading took     84.128000 us
  Sample 8...
Starting computation...
    Writing took     1.698056 ms
    Computation took 188.659775 ms
    Reading took     67.684000 us
  Sample 9...
Starting computation...
    Writing took     1.600569 ms
    Computation took 188.662524 ms
    Reading took     65.001000 us
  Sample 10...
Starting computation...
    Writing took     1.519534 ms
    Computation took 188.629150 ms
    Reading took     70.185000 us
  Sample 11...
Starting computation...
    Writing took     1.723166 ms
    Computation took 188.613652 ms
    Reading took     68.439000 us
  Sample 12...
Starting computation...
    Writing took     1.565034 ms
    Computation took 188.624014 ms
    Reading took     66.102000 us
  Sample 13...
Starting computation...
    Writing took     1.523674 ms
    Computation took 188.635306 ms
    Reading took     70.475000 us
  Sample 14...
Starting computation...
    Writing took     1.711963 ms
    Computation took 188.652984 ms
    Reading took     67.291000 us
  Sample 15...
Starting computation...
    Writing took     1.576886 ms
    Computation took 188.667831 ms
    Reading took     87.925000 us
  Sample 16...
Starting computation...
    Writing took     2.237950 ms
    Computation took 188.667597 ms
    Reading took     69.413000 us
  Sample 17...
Starting computation...
    Writing took     1.573752 ms
    Computation took 188.644514 ms
    Reading took     84.563000 us
  Sample 18...
Starting computation...
    Writing took     1.535138 ms
    Computation took 188.648087 ms
    Reading took     68.775000 us
  Sample 19...
Starting computation...
    Writing took     1.568360 ms
    Computation took 188.693009 ms
    Reading took     76.090000 us
  Sample 20...
Starting computation...
    Writing took     1.629065 ms
    Computation took 188.684318 ms
    Reading took     70.361000 us
  Sample 21...
Starting computation...
    Writing took     1.662482 ms
    Computation took 188.652903 ms
    Reading took     68.930000 us
  Sample 22...
Starting computation...
    Writing took     1.554209 ms
    Computation took 188.647370 ms
    Reading took     71.439000 us
  Sample 23...
Starting computation...
    Writing took     1.585993 ms
    Computation took 188.636879 ms
    Reading took     65.633000 us
  Sample 24...
Starting computation...
    Writing took     1.576415 ms
    Computation took 188.658473 ms
    Reading took     84.519000 us
  Sample 25...
Starting computation...
    Writing took     2.505403 ms
    Computation took 188.649041 ms
    Reading took     72.622000 us
  Sample 26...
Starting computation...
    Writing took     1.624867 ms
    Computation took 188.683861 ms
    Reading took     88.926000 us
  Sample 27...
Starting computation...
    Writing took     2.241736 ms
    Computation took 188.681125 ms
    Reading took     84.124000 us
  Sample 28...
Starting computation...
    Writing took     2.041270 ms
    Computation took 188.623356 ms
    Reading took     82.429000 us
  Sample 29...
Starting computation...
    Writing took     2.042432 ms
    Computation took 188.743214 ms
    Reading took     85.070000 us
  Sample 30...
Starting computation...
    Writing took     2.077371 ms
    Computation took 188.638442 ms
    Reading took     82.923000 us
  Sample 31...
Starting computation...
    Writing took     2.048950 ms
    Computation took 188.698199 ms
    Reading took     82.830000 us
  Sample 32...
Starting computation...
    Writing took     1.964955 ms
    Computation took 188.691616 ms
    Reading took     84.577000 us
  Sample 33...
Starting computation...
    Writing took     2.075584 ms
    Computation took 188.656932 ms
    Reading took     85.006000 us
  Sample 34...
Starting computation...
    Writing took     2.076078 ms
    Computation took 188.646125 ms
    Reading took     82.122000 us
  Sample 35...
Starting computation...
    Writing took     2.018223 ms
    Computation took 188.673275 ms
    Reading took     90.789000 us
  Sample 36...
Starting computation...
    Writing took     2.211661 ms
    Computation took 188.667265 ms
    Reading took     68.712000 us
  Sample 37...
Starting computation...
    Writing took     1.621719 ms
    Computation took 188.648801 ms
    Reading took     67.203000 us
  Sample 38...
Starting computation...
    Writing took     1.529257 ms
    Computation took 188.660329 ms
    Reading took     83.924000 us
  Sample 39...
Starting computation...
    Writing took     2.054142 ms
    Computation took 188.664100 ms
    Reading took     86.014000 us
  Sample 40...
Starting computation...
    Writing took     2.101141 ms
    Computation took 188.742072 ms
    Reading took     126.318000 us
  Sample 41...
Starting computation...
    Writing took     3.409474 ms
    Computation took 188.690928 ms
    Reading took     125.486000 us
  Sample 42...
Starting computation...
    Writing took     3.489070 ms
    Computation took 188.748207 ms
    Reading took     76.708000 us
  Sample 43...
Starting computation...
    Writing took     2.037025 ms
    Computation took 188.732380 ms
    Reading took     76.697000 us
  Sample 44...
Starting computation...
    Writing took     2.012748 ms
    Computation took 188.685410 ms
    Reading took     82.562000 us
  Sample 45...
Starting computation...
    Writing took     2.007331 ms
    Computation took 188.690990 ms
    Reading took     75.553000 us
  Sample 46...
Starting computation...
    Writing took     2.039855 ms
    Computation took 188.692863 ms
    Reading took     89.476000 us
  Sample 47...
Starting computation...
    Writing took     2.216477 ms
    Computation took 188.728052 ms
    Reading took     69.201000 us
  Sample 48...
Starting computation...
    Writing took     1.579985 ms
    Computation took 188.661862 ms
    Reading took     68.702000 us
  Sample 49...
Starting computation...
    Writing took     1.676585 ms
    Computation took 188.690945 ms
    Reading took     72.116000 us
  Sample 50...
Starting computation...
    Writing took     1.677524 ms
    Computation took 188.675356 ms
    Reading took     77.069000 us
  Sample 51...
Starting computation...
    Writing took     1.665185 ms
    Computation took 188.636899 ms
    Reading took     73.306000 us
  Sample 52...
Starting computation...
    Writing took     1.778117 ms
    Computation took 188.687472 ms
    Reading took     75.447000 us
  Sample 53...
Starting computation...
    Writing took     1.739380 ms
    Computation took 188.652795 ms
    Reading took     70.716000 us
  Sample 54...
Starting computation...
    Writing took     1.694712 ms
    Computation took 188.694237 ms
    Reading took     69.802000 us
  Sample 55...
Starting computation...
    Writing took     1.683670 ms
    Computation took 188.615169 ms
    Reading took     73.782000 us
  Sample 56...
Starting computation...
    Writing took     1.736023 ms
    Computation took 188.681050 ms
    Reading took     70.084000 us
  Sample 57...
Starting computation...
    Writing took     1.693974 ms
    Computation took 188.682940 ms
    Reading took     91.084000 us
  Sample 58...
Starting computation...
    Writing took     2.221128 ms
    Computation took 188.719282 ms
    Reading took     89.471000 us
  Sample 59...
Starting computation...
    Writing took     2.153901 ms
    Computation took 188.683794 ms
    Reading took     88.579000 us
  Sample 60...
Starting computation...
    Writing took     2.214787 ms
    Computation took 188.687446 ms
    Reading took     67.401000 us
  Sample 61...
Starting computation...
    Writing took     1.532063 ms
    Computation took 188.647849 ms
    Reading took     71.372000 us
  Sample 62...
Starting computation...
    Writing took     1.680517 ms
    Computation took 188.636488 ms
    Reading took     72.720000 us
  Sample 63...
Starting computation...
    Writing took     1.792078 ms
    Computation took 188.645243 ms
    Reading took     72.461000 us
  Sample 64...
Starting computation...
    Writing took     1.748121 ms
    Computation took 188.612852 ms
    Reading took     80.465000 us
  Sample 65...
Starting computation...
    Writing took     1.814658 ms
    Computation took 188.635013 ms
    Reading took     78.020000 us
  Sample 66...
Starting computation...
    Writing took     1.933069 ms
    Computation took 188.641917 ms
    Reading took     77.282000 us
  Sample 67...
Starting computation...
    Writing took     1.907964 ms
    Computation took 188.623548 ms
    Reading took     77.559000 us
  Sample 68...
Starting computation...
    Writing took     1.936635 ms
    Computation took 188.636645 ms
    Reading took     75.826000 us
  Sample 69...
Starting computation...
    Writing took     1.824865 ms
    Computation took 188.630422 ms
    Reading took     79.442000 us
  Sample 70...
Starting computation...
    Writing took     1.816259 ms
    Computation took 188.697129 ms
    Reading took     75.083000 us
  Sample 71...
Starting computation...
    Writing took     1.815547 ms
    Computation took 188.703664 ms
    Reading took     80.169000 us
  Sample 72...
Starting computation...
    Writing took     1.894940 ms
    Computation took 188.654148 ms
    Reading took     75.341000 us
  Sample 73...
Starting computation...
    Writing took     1.815543 ms
    Computation took 188.642822 ms
    Reading took     76.777000 us
  Sample 74...
Starting computation...
    Writing took     1.931647 ms
    Computation took 188.645493 ms
    Reading took     81.382000 us
  Sample 75...
Starting computation...
    Writing took     1.902701 ms
    Computation took 188.620022 ms
    Reading took     73.908000 us
  Sample 76...
Starting computation...
    Writing took     1.816792 ms
    Computation took 188.650756 ms
    Reading took     73.874000 us
  Sample 77...
Starting computation...
    Writing took     1.757062 ms
    Computation took 188.638454 ms
    Reading took     75.227000 us
  Sample 78...
Starting computation...
    Writing took     1.804560 ms
    Computation took 188.624768 ms
    Reading took     70.577000 us
  Sample 79...
Starting computation...
    Writing took     1.577644 ms
    Computation took 188.628589 ms
    Reading took     65.826000 us
  Sample 80...
Starting computation...
    Writing took     1.528031 ms
    Computation took 188.631547 ms
    Reading took     67.604000 us
  Sample 81...
Starting computation...
    Writing took     1.581524 ms
    Computation took 188.615028 ms
    Reading took     68.600000 us
  Sample 82...
Starting computation...
    Writing took     1.709330 ms
    Computation took 188.650259 ms
    Reading took     72.639000 us
  Sample 83...
Starting computation...
    Writing took     1.715459 ms
    Computation took 188.652247 ms
    Reading took     73.067000 us
  Sample 84...
Starting computation...
    Writing took     1.759344 ms
    Computation took 188.665857 ms
    Reading took     77.358000 us
  Sample 85...
Starting computation...
    Writing took     1.908092 ms
    Computation took 188.669673 ms
    Reading took     74.934000 us
  Sample 86...
Starting computation...
    Writing took     1.845497 ms
    Computation took 188.613892 ms
    Reading took     71.796000 us
  Sample 87...
Starting computation...
    Writing took     1.688989 ms
    Computation took 188.662825 ms
    Reading took     69.941000 us
  Sample 88...
Starting computation...
    Writing took     1.542310 ms
    Computation took 188.692767 ms
    Reading took     67.710000 us
  Sample 89...
Starting computation...
    Writing took     1.576722 ms
    Computation took 188.684883 ms
    Reading took     65.124000 us
  Sample 90...
Starting computation...
    Writing took     1.525764 ms
    Computation took 188.692984 ms
    Reading took     69.408000 us
  Sample 91...
Starting computation...
    Writing took     1.625962 ms
    Computation took 188.678626 ms
    Reading took     70.640000 us
  Sample 92...
Starting computation...
    Writing took     1.690271 ms
    Computation took 188.653655 ms
    Reading took     92.530000 us
  Sample 93...
Starting computation...
    Writing took     2.019101 ms
    Computation took 188.718086 ms
    Reading took     70.726000 us
  Sample 94...
Starting computation...
    Writing took     1.682607 ms
    Computation took 188.641693 ms
    Reading took     73.683000 us
  Sample 95...
Starting computation...
    Writing took     1.812103 ms
    Computation took 188.657343 ms
    Reading took     72.304000 us
  Sample 96...
Starting computation...
    Writing took     1.727849 ms
    Computation took 188.655927 ms
    Reading took     72.571000 us
  Sample 97...
Starting computation...
    Writing took     1.719978 ms
    Computation took 188.619227 ms
    Reading took     70.150000 us
  Sample 98...
Starting computation...
    Writing took     1.736290 ms
    Computation took 188.639903 ms
    Reading took     73.807000 us
  Sample 99...
Starting computation...
    Writing took     1.744700 ms
    Computation took 188.664447 ms
    Reading took     66.438000 us
Mean computation time: 188.664514 ms
Mean deviation: 26.205000 us (0.0138897%)
Mean computation time (per hash): 6.987574 ms
Mean deviation (per hash): 970 ns
