Using device #0: CUDA Device 'GeForce GTX 1080 Ti'
  Sample 0...
Starting computation...
    Writing took     2.898270 ms
    Computation took 204.697941 ms
    Reading took     69.373000 us
  Sample 1...
Starting computation...
    Writing took     1.738621 ms
    Computation took 204.585292 ms
    Reading took     66.173000 us
  Sample 2...
Starting computation...
    Writing took     1.751141 ms
    Computation took 204.553984 ms
    Reading took     67.935000 us
  Sample 3...
Starting computation...
    Writing took     1.724115 ms
    Computation took 204.571110 ms
    Reading took     66.040000 us
  Sample 4...
Starting computation...
    Writing took     1.746554 ms
    Computation took 204.488806 ms
    Reading took     67.386000 us
  Sample 5...
Starting computation...
    Writing took     1.726005 ms
    Computation took 204.764649 ms
    Reading took     64.806000 us
  Sample 6...
Starting computation...
    Writing took     1.708310 ms
    Computation took 204.796575 ms
    Reading took     64.856000 us
  Sample 7...
Starting computation...
    Writing took     1.688727 ms
    Computation took 204.571526 ms
    Reading took     64.389000 us
  Sample 8...
Starting computation...
    Writing took     1.696841 ms
    Computation took 204.584862 ms
    Reading took     65.684000 us
  Sample 9...
Starting computation...
    Writing took     1.699754 ms
    Computation took 204.780805 ms
    Reading took     66.942000 us
  Sample 10...
Starting computation...
    Writing took     1.746674 ms
    Computation took 204.676025 ms
    Reading took     64.028000 us
  Sample 11...
Starting computation...
    Writing took     1.658571 ms
    Computation took 204.519952 ms
    Reading took     53.648000 us
  Sample 12...
Starting computation...
    Writing took     1.360787 ms
    Computation took 204.551132 ms
    Reading took     53.033000 us
  Sample 13...
Starting computation...
    Writing took     1.305826 ms
    Computation took 204.531058 ms
    Reading took     55.211000 us
  Sample 14...
Starting computation...
    Writing took     1.407612 ms
    Computation took 205.776597 ms
    Reading took     76.056000 us
  Sample 15...
Starting computation...
    Writing took     1.965916 ms
    Computation took 204.642350 ms
    Reading took     53.109000 us
  Sample 16...
Starting computation...
    Writing took     1.330070 ms
    Computation took 204.585035 ms
    Reading took     61.783000 us
  Sample 17...
Starting computation...
    Writing took     1.543834 ms
    Computation took 205.551536 ms
    Reading took     55.982000 us
  Sample 18...
Starting computation...
    Writing took     1.394991 ms
    Computation took 204.578768 ms
    Reading took     57.364000 us
  Sample 19...
Starting computation...
    Writing took     1.486842 ms
    Computation took 204.610012 ms
    Reading took     55.189000 us
  Sample 20...
Starting computation...
    Writing took     1.440264 ms
    Computation took 204.588416 ms
    Reading took     110.737000 us
  Sample 21...
Starting computation...
    Writing took     2.818659 ms
    Computation took 204.681780 ms
    Reading took     66.754000 us
  Sample 22...
Starting computation...
    Writing took     1.741592 ms
    Computation took 204.712086 ms
    Reading took     65.027000 us
  Sample 23...
Starting computation...
    Writing took     1.761484 ms
    Computation took 204.538386 ms
    Reading took     65.740000 us
  Sample 24...
Starting computation...
    Writing took     1.720169 ms
    Computation took 204.665605 ms
    Reading took     53.254000 us
  Sample 25...
Starting computation...
    Writing took     1.358249 ms
    Computation took 204.534396 ms
    Reading took     51.518000 us
  Sample 26...
Starting computation...
    Writing took     1.303242 ms
    Computation took 204.611174 ms
    Reading took     56.853000 us
  Sample 27...
Starting computation...
    Writing took     1.438522 ms
    Computation took 204.630587 ms
    Reading took     55.721000 us
  Sample 28...
Starting computation...
    Writing took     1.394859 ms
    Computation took 204.644711 ms
    Reading took     53.078000 us
  Sample 29...
Starting computation...
    Writing took     1.374706 ms
    Computation took 205.870544 ms
    Reading took     54.502000 us
  Sample 30...
Starting computation...
    Writing took     1.400307 ms
    Computation took 204.552068 ms
    Reading took     101.644000 us
  Sample 31...
Starting computation...
    Writing took     2.916085 ms
    Computation took 204.654178 ms
    Reading took     78.902000 us
  Sample 32...
Starting computation...
    Writing took     1.461760 ms
    Computation took 204.585990 ms
    Reading took     55.908000 us
  Sample 33...
Starting computation...
    Writing took     1.310978 ms
    Computation took 204.508700 ms
    Reading took     61.018000 us
  Sample 34...
Starting computation...
    Writing took     1.449195 ms
    Computation took 205.052174 ms
    Reading took     58.447000 us
  Sample 35...
Starting computation...
    Writing took     1.471404 ms
    Computation took 204.739441 ms
    Reading took     106.154000 us
  Sample 36...
Starting computation...
    Writing took     2.799853 ms
    Computation took 204.602353 ms
    Reading took     110.724000 us
  Sample 37...
Starting computation...
    Writing took     2.921812 ms
    Computation took 204.678396 ms
    Reading took     73.954000 us
  Sample 38...
Starting computation...
    Writing took     1.760160 ms
    Computation took 204.729655 ms
    Reading took     71.781000 us
  Sample 39...
Starting computation...
    Writing took     1.769721 ms
    Computation took 204.758468 ms
    Reading took     55.620000 us
  Sample 40...
Starting computation...
    Writing took     1.346124 ms
    Computation took 204.567457 ms
    Reading took     78.174000 us
  Sample 41...
Starting computation...
    Writing took     2.057453 ms
    Computation took 204.554838 ms
    Reading took     51.861000 us
  Sample 42...
Starting computation...
    Writing took     1.306794 ms
    Computation took 204.657754 ms
    Reading took     56.722000 us
  Sample 43...
Starting computation...
    Writing took     1.441670 ms
    Computation took 204.437069 ms
    Reading took     53.856000 us
  Sample 44...
Starting computation...
    Writing took     1.355237 ms
    Computation took 204.545209 ms
    Reading took     53.177000 us
  Sample 45...
Starting computation...
    Writing took     1.345894 ms
    Computation took 204.516459 ms
    Reading took     57.686000 us
  Sample 46...
Starting computation...
    Writing took     1.451474 ms
    Computation took 204.766948 ms
    Reading took     58.066000 us
  Sample 47...
Starting computation...
    Writing took     1.445847 ms
    Computation took 205.312641 ms
    Reading took     52.948000 us
  Sample 48...
Starting computation...
    Writing took     1.330177 ms
    Computation took 204.597244 ms
    Reading took     52.705000 us
  Sample 49...
Starting computation...
    Writing took     1.334890 ms
    Computation took 204.761577 ms
    Reading took     70.072000 us
  Sample 50...
Starting computation...
    Writing took     1.874659 ms
    Computation took 204.554108 ms
    Reading took     52.833000 us
  Sample 51...
Starting computation...
    Writing took     1.443437 ms
    Computation took 204.690301 ms
    Reading took     56.716000 us
  Sample 52...
Starting computation...
    Writing took     1.429933 ms
    Computation took 204.757290 ms
    Reading took     67.308000 us
  Sample 53...
Starting computation...
    Writing took     1.489970 ms
    Computation took 204.510868 ms
    Reading took     53.612000 us
  Sample 54...
Starting computation...
    Writing took     1.394354 ms
    Computation took 204.626867 ms
    Reading took     54.657000 us
  Sample 55...
Starting computation...
    Writing took     1.466686 ms
    Computation took 204.481724 ms
    Reading took     56.608000 us
  Sample 56...
Starting computation...
    Writing took     1.444192 ms
    Computation took 204.633606 ms
    Reading took     65.837000 us
  Sample 57...
Starting computation...
    Writing took     1.741737 ms
    Computation took 204.649154 ms
    Reading took     64.176000 us
  Sample 58...
Starting computation...
    Writing took     1.608224 ms
    Computation took 204.502390 ms
    Reading took     62.568000 us
  Sample 59...
Starting computation...
    Writing took     1.632341 ms
    Computation took 204.540326 ms
    Reading took     53.758000 us
  Sample 60...
Starting computation...
    Writing took     1.341858 ms
    Computation took 204.590297 ms
    Reading took     56.916000 us
  Sample 61...
Starting computation...
    Writing took     1.435482 ms
    Computation took 204.810161 ms
    Reading took     56.748000 us
  Sample 62...
Starting computation...
    Writing took     1.450972 ms
    Computation took 204.514359 ms
    Reading took     60.060000 us
  Sample 63...
Starting computation...
    Writing took     1.553919 ms
    Computation took 204.589927 ms
    Reading took     59.914000 us
  Sample 64...
Starting computation...
    Writing took     1.592083 ms
    Computation took 204.483785 ms
    Reading took     57.630000 us
  Sample 65...
Starting computation...
    Writing took     1.478519 ms
    Computation took 204.511482 ms
    Reading took     57.274000 us
  Sample 66...
Starting computation...
    Writing took     1.496708 ms
    Computation took 204.662259 ms
    Reading took     53.258000 us
  Sample 67...
Starting computation...
    Writing took     1.335113 ms
    Computation took 204.596910 ms
    Reading took     54.858000 us
  Sample 68...
Starting computation...
    Writing took     1.416433 ms
    Computation took 204.534660 ms
    Reading took     53.463000 us
  Sample 69...
Starting computation...
    Writing took     1.306875 ms
    Computation took 204.603628 ms
    Reading took     52.768000 us
  Sample 70...
Starting computation...
    Writing took     1.357839 ms
    Computation took 204.684596 ms
    Reading took     52.838000 us
  Sample 71...
Starting computation...
    Writing took     1.342864 ms
    Computation took 204.643942 ms
    Reading took     52.140000 us
  Sample 72...
Starting computation...
    Writing took     1.373419 ms
    Computation took 206.012112 ms
    Reading took     63.740000 us
  Sample 73...
Starting computation...
    Writing took     1.436841 ms
    Computation took 205.527662 ms
    Reading took     55.737000 us
  Sample 74...
Starting computation...
    Writing took     1.398282 ms
    Computation took 204.620682 ms
    Reading took     54.958000 us
  Sample 75...
Starting computation...
    Writing took     1.399437 ms
    Computation took 204.605448 ms
    Reading took     72.694000 us
  Sample 76...
Starting computation...
    Writing took     1.897517 ms
    Computation took 204.610579 ms
    Reading took     70.230000 us
  Sample 77...
Starting computation...
    Writing took     1.876356 ms
    Computation took 204.617033 ms
    Reading took     67.951000 us
  Sample 78...
Starting computation...
    Writing took     1.841530 ms
    Computation took 204.671980 ms
    Reading took     59.040000 us
  Sample 79...
Starting computation...
    Writing took     1.534981 ms
    Computation took 204.754516 ms
    Reading took     63.130000 us
  Sample 80...
Starting computation...
    Writing took     1.483211 ms
    Computation took 204.546498 ms
    Reading took     57.840000 us
  Sample 81...
Starting computation...
    Writing took     1.489544 ms
    Computation took 204.627279 ms
    Reading took     58.158000 us
  Sample 82...
Starting computation...
    Writing took     1.497366 ms
    Computation took 204.731183 ms
    Reading took     60.126000 us
  Sample 83...
Starting computation...
    Writing took     1.545869 ms
    Computation took 204.634205 ms
    Reading took     113.834000 us
  Sample 84...
Starting computation...
    Writing took     3.154873 ms
    Computation took 204.503290 ms
    Reading took     70.614000 us
  Sample 85...
Starting computation...
    Writing took     1.887611 ms
    Computation took 204.761169 ms
    Reading took     64.379000 us
  Sample 86...
Starting computation...
    Writing took     1.379904 ms
    Computation took 204.818524 ms
    Reading took     64.479000 us
  Sample 87...
Starting computation...
    Writing took     1.464906 ms
    Computation took 204.583408 ms
    Reading took     63.301000 us
  Sample 88...
Starting computation...
    Writing took     1.516760 ms
    Computation took 204.648370 ms
    Reading took     58.605000 us
  Sample 89...
Starting computation...
    Writing took     1.408284 ms
    Computation took 204.570488 ms
    Reading took     61.313000 us
  Sample 90...
Starting computation...
    Writing took     1.443890 ms
    Computation took 204.585325 ms
    Reading took     61.661000 us
  Sample 91...
Starting computation...
    Writing took     1.516578 ms
    Computation took 204.577518 ms
    Reading took     60.523000 us
  Sample 92...
Starting computation...
    Writing took     1.373529 ms
    Computation took 204.547441 ms
    Reading took     61.513000 us
  Sample 93...
Starting computation...
    Writing took     1.513760 ms
    Computation took 204.776914 ms
    Reading took     78.129000 us
  Sample 94...
Starting computation...
    Writing took     1.505732 ms
    Computation took 205.464231 ms
    Reading took     60.617000 us
  Sample 95...
Starting computation...
    Writing took     1.379619 ms
    Computation took 204.596327 ms
    Reading took     61.762000 us
  Sample 96...
Starting computation...
    Writing took     1.424486 ms
    Computation took 204.683103 ms
    Reading took     59.416000 us
  Sample 97...
Starting computation...
    Writing took     1.356209 ms
    Computation took 204.803802 ms
    Reading took     58.538000 us
  Sample 98...
Starting computation...
    Writing took     1.408434 ms
    Computation took 204.576688 ms
    Reading took     59.905000 us
  Sample 99...
Starting computation...
    Writing took     1.366952 ms
    Computation took 204.908923 ms
    Reading took     61.829000 us
Mean computation time: 204.700116 ms
Mean deviation: 165.942000 us (0.0810659%)
Mean computation time (per hash): 8.900004 ms
Mean deviation (per hash): 7.214000 us
