Using device #0: CUDA Device 'GeForce GTX 1080 Ti'
  Sample 0...
Starting computation...
    Writing took     4.338270 ms
    Computation took 219.511330 ms
    Reading took     171.079000 us
  Sample 1...
Starting computation...
    Writing took     4.348495 ms
    Computation took 219.763691 ms
    Reading took     172.016000 us
  Sample 2...
Starting computation...
    Writing took     4.315220 ms
    Computation took 219.670485 ms
    Reading took     169.447000 us
  Sample 3...
Starting computation...
    Writing took     4.313289 ms
    Computation took 219.518336 ms
    Reading took     175.516000 us
  Sample 4...
Starting computation...
    Writing took     4.314588 ms
    Computation took 219.486094 ms
    Reading took     252.795000 us
  Sample 5...
Starting computation...
    Writing took     7.314874 ms
    Computation took 219.664748 ms
    Reading took     169.021000 us
  Sample 6...
Starting computation...
    Writing took     4.280557 ms
    Computation took 219.522074 ms
    Reading took     168.485000 us
  Sample 7...
Starting computation...
    Writing took     4.320243 ms
    Computation took 219.724262 ms
    Reading took     261.553000 us
  Sample 8...
Starting computation...
    Writing took     7.293111 ms
    Computation took 219.698549 ms
    Reading took     168.925000 us
  Sample 9...
Starting computation...
    Writing took     4.278670 ms
    Computation took 219.686699 ms
    Reading took     170.941000 us
  Sample 10...
Starting computation...
    Writing took     4.316809 ms
    Computation took 219.457583 ms
    Reading took     138.056000 us
  Sample 11...
Starting computation...
    Writing took     3.296291 ms
    Computation took 219.559504 ms
    Reading took     257.275000 us
  Sample 12...
Starting computation...
    Writing took     6.647903 ms
    Computation took 219.514171 ms
    Reading took     186.900000 us
  Sample 13...
Starting computation...
    Writing took     3.789911 ms
    Computation took 219.415480 ms
    Reading took     136.614000 us
  Sample 14...
Starting computation...
    Writing took     3.352233 ms
    Computation took 219.562553 ms
    Reading took     218.496000 us
  Sample 15...
Starting computation...
    Writing took     5.662697 ms
    Computation took 219.526030 ms
    Reading took     179.023000 us
  Sample 16...
Starting computation...
    Writing took     4.643150 ms
    Computation took 219.706938 ms
    Reading took     246.569000 us
  Sample 17...
Starting computation...
    Writing took     7.099326 ms
    Computation took 219.630117 ms
    Reading took     148.226000 us
  Sample 18...
Starting computation...
    Writing took     3.671981 ms
    Computation took 219.576672 ms
    Reading took     239.756000 us
  Sample 19...
Starting computation...
    Writing took     6.372183 ms
    Computation took 219.753092 ms
    Reading took     134.255000 us
  Sample 20...
Starting computation...
    Writing took     3.397321 ms
    Computation took 219.518399 ms
    Reading took     138.202000 us
  Sample 21...
Starting computation...
    Writing took     3.428109 ms
    Computation took 219.505981 ms
    Reading took     148.774000 us
  Sample 22...
Starting computation...
    Writing took     3.700659 ms
    Computation took 219.391684 ms
    Reading took     146.478000 us
  Sample 23...
Starting computation...
    Writing took     3.599114 ms
    Computation took 219.505305 ms
    Reading took     282.734000 us
  Sample 24...
Starting computation...
    Writing took     7.230833 ms
    Computation took 219.584278 ms
    Reading took     167.397000 us
  Sample 25...
Starting computation...
    Writing took     4.258423 ms
    Computation took 219.518364 ms
    Reading took     146.007000 us
  Sample 26...
Starting computation...
    Writing took     3.603431 ms
    Computation took 219.499109 ms
    Reading took     145.551000 us
  Sample 27...
Starting computation...
    Writing took     3.593862 ms
    Computation took 219.546764 ms
    Reading took     168.051000 us
  Sample 28...
Starting computation...
    Writing took     3.760038 ms
    Computation took 219.387174 ms
    Reading took     149.665000 us
  Sample 29...
Starting computation...
    Writing took     3.714519 ms
    Computation took 219.590884 ms
    Reading took     148.733000 us
  Sample 30...
Starting computation...
    Writing took     3.719655 ms
    Computation took 219.569484 ms
    Reading took     156.034000 us
  Sample 31...
Starting computation...
    Writing took     3.635710 ms
    Computation took 219.577966 ms
    Reading took     147.615000 us
  Sample 32...
Starting computation...
    Writing took     3.668946 ms
    Computation took 219.598155 ms
    Reading took     149.361000 us
  Sample 33...
Starting computation...
    Writing took     3.688779 ms
    Computation took 219.597824 ms
    Reading took     151.174000 us
  Sample 34...
Starting computation...
    Writing took     3.707438 ms
    Computation took 219.610817 ms
    Reading took     147.850000 us
  Sample 35...
Starting computation...
    Writing took     3.722620 ms
    Computation took 220.860744 ms
    Reading took     304.773000 us
  Sample 36...
Starting computation...
    Writing took     7.867981 ms
    Computation took 220.832552 ms
    Reading took     4.272794 ms
  Sample 37...
Starting computation...
    Writing took     7.159790 ms
    Computation took 220.849681 ms
    Reading took     155.750000 us
  Sample 38...
Starting computation...
    Writing took     4.253964 ms
    Computation took 220.887292 ms
    Reading took     157.283000 us
  Sample 39...
Starting computation...
    Writing took     4.294415 ms
    Computation took 220.658497 ms
    Reading took     155.681000 us
  Sample 40...
Starting computation...
    Writing took     4.253673 ms
    Computation took 220.763896 ms
    Reading took     170.559000 us
  Sample 41...
Starting computation...
    Writing took     4.221673 ms
    Computation took 220.611679 ms
    Reading took     236.745000 us
  Sample 42...
Starting computation...
    Writing took     7.302682 ms
    Computation took 220.778037 ms
    Reading took     158.074000 us
  Sample 43...
Starting computation...
    Writing took     4.255951 ms
    Computation took 220.646542 ms
    Reading took     157.774000 us
  Sample 44...
Starting computation...
    Writing took     4.280093 ms
    Computation took 220.731658 ms
    Reading took     248.381000 us
  Sample 45...
Starting computation...
    Writing took     7.337463 ms
    Computation took 220.712346 ms
    Reading took     241.466000 us
  Sample 46...
Starting computation...
    Writing took     7.235890 ms
    Computation took 220.828627 ms
    Reading took     156.272000 us
  Sample 47...
Starting computation...
    Writing took     4.244716 ms
    Computation took 220.792066 ms
    Reading took     157.719000 us
  Sample 48...
Starting computation...
    Writing took     4.270394 ms
    Computation took 220.723776 ms
    Reading took     157.069000 us
  Sample 49...
Starting computation...
    Writing took     4.238004 ms
    Computation took 220.720626 ms
    Reading took     175.312000 us
  Sample 50...
Starting computation...
    Writing took     4.235922 ms
    Computation took 220.637169 ms
    Reading took     155.653000 us
  Sample 51...
Starting computation...
    Writing took     4.282713 ms
    Computation took 220.754910 ms
    Reading took     157.744000 us
  Sample 52...
Starting computation...
    Writing took     4.270600 ms
    Computation took 220.833962 ms
    Reading took     156.704000 us
  Sample 53...
Starting computation...
    Writing took     4.282325 ms
    Computation took 220.650310 ms
    Reading took     157.558000 us
  Sample 54...
Starting computation...
    Writing took     4.274215 ms
    Computation took 220.820460 ms
    Reading took     241.136000 us
  Sample 55...
Starting computation...
    Writing took     6.778745 ms
    Computation took 220.813822 ms
    Reading took     159.457000 us
  Sample 56...
Starting computation...
    Writing took     4.246647 ms
    Computation took 220.714055 ms
    Reading took     155.511000 us
  Sample 57...
Starting computation...
    Writing took     4.239073 ms
    Computation took 220.639528 ms
    Reading took     156.202000 us
  Sample 58...
Starting computation...
    Writing took     4.218731 ms
    Computation took 220.788996 ms
    Reading took     156.686000 us
  Sample 59...
Starting computation...
    Writing took     4.276343 ms
    Computation took 220.904157 ms
    Reading took     188.859000 us
  Sample 60...
Starting computation...
    Writing took     5.061672 ms
    Computation took 220.847029 ms
    Reading took     159.492000 us
  Sample 61...
Starting computation...
    Writing took     4.246892 ms
    Computation took 220.696031 ms
    Reading took     159.041000 us
  Sample 62...
Starting computation...
    Writing took     4.279403 ms
    Computation took 220.767001 ms
    Reading took     157.227000 us
  Sample 63...
Starting computation...
    Writing took     4.235713 ms
    Computation took 220.756368 ms
    Reading took     160.848000 us
  Sample 64...
Starting computation...
    Writing took     4.295356 ms
    Computation took 220.760949 ms
    Reading took     127.090000 us
  Sample 65...
Starting computation...
    Writing took     3.359131 ms
    Computation took 220.811836 ms
    Reading took     135.651000 us
  Sample 66...
Starting computation...
    Writing took     3.655734 ms
    Computation took 220.596182 ms
    Reading took     157.067000 us
  Sample 67...
Starting computation...
    Writing took     4.265100 ms
    Computation took 220.699875 ms
    Reading took     155.107000 us
  Sample 68...
Starting computation...
    Writing took     4.224550 ms
    Computation took 220.644530 ms
    Reading took     157.340000 us
  Sample 69...
Starting computation...
    Writing took     4.274951 ms
    Computation took 220.636228 ms
    Reading took     155.112000 us
  Sample 70...
Starting computation...
    Writing took     4.264488 ms
    Computation took 220.741925 ms
    Reading took     158.074000 us
  Sample 71...
Starting computation...
    Writing took     4.242146 ms
    Computation took 220.671229 ms
    Reading took     159.991000 us
  Sample 72...
Starting computation...
    Writing took     4.227087 ms
    Computation took 220.666796 ms
    Reading took     159.569000 us
  Sample 73...
Starting computation...
    Writing took     4.276598 ms
    Computation took 220.685925 ms
    Reading took     155.185000 us
  Sample 74...
Starting computation...
    Writing took     4.315548 ms
    Computation took 220.651793 ms
    Reading took     154.846000 us
  Sample 75...
Starting computation...
    Writing took     4.236922 ms
    Computation took 220.770985 ms
    Reading took     155.657000 us
  Sample 76...
Starting computation...
    Writing took     4.644800 ms
    Computation took 220.749213 ms
    Reading took     238.544000 us
  Sample 77...
Starting computation...
    Writing took     5.789251 ms
    Computation took 220.828809 ms
    Reading took     156.753000 us
  Sample 78...
Starting computation...
    Writing took     4.293565 ms
    Computation took 220.764286 ms
    Reading took     156.913000 us
  Sample 79...
Starting computation...
    Writing took     4.361159 ms
    Computation took 220.761559 ms
    Reading took     154.687000 us
  Sample 80...
Starting computation...
    Writing took     4.226781 ms
    Computation took 220.846102 ms
    Reading took     156.907000 us
  Sample 81...
Starting computation...
    Writing took     4.313966 ms
    Computation took 220.779873 ms
    Reading took     158.946000 us
  Sample 82...
Starting computation...
    Writing took     4.276818 ms
    Computation took 220.871875 ms
    Reading took     223.650000 us
  Sample 83...
Starting computation...
    Writing took     7.200270 ms
    Computation took 220.717789 ms
    Reading took     259.115000 us
  Sample 84...
Starting computation...
    Writing took     4.312217 ms
    Computation took 220.778351 ms
    Reading took     157.712000 us
  Sample 85...
Starting computation...
    Writing took     4.345901 ms
    Computation took 220.743827 ms
    Reading took     155.530000 us
  Sample 86...
Starting computation...
    Writing took     4.328763 ms
    Computation took 220.882794 ms
    Reading took     159.012000 us
  Sample 87...
Starting computation...
    Writing took     4.376448 ms
    Computation took 220.708388 ms
    Reading took     156.681000 us
  Sample 88...
Starting computation...
    Writing took     4.271124 ms
    Computation took 220.747940 ms
    Reading took     155.025000 us
  Sample 89...
Starting computation...
    Writing took     4.266032 ms
    Computation took 220.733651 ms
    Reading took     250.745000 us
  Sample 90...
Starting computation...
    Writing took     7.262479 ms
    Computation took 220.787649 ms
    Reading took     127.917000 us
  Sample 91...
Starting computation...
    Writing took     3.341974 ms
    Computation took 220.630370 ms
    Reading took     182.789000 us
  Sample 92...
Starting computation...
    Writing took     3.767643 ms
    Computation took 220.719575 ms
    Reading took     160.864000 us
  Sample 93...
Starting computation...
    Writing took     4.234530 ms
    Computation took 220.609891 ms
    Reading took     148.950000 us
  Sample 94...
Starting computation...
    Writing took     3.963816 ms
    Computation took 220.770148 ms
    Reading took     248.435000 us
  Sample 95...
Starting computation...
    Writing took     5.752018 ms
    Computation took 220.730938 ms
    Reading took     248.130000 us
  Sample 96...
Starting computation...
    Writing took     7.244035 ms
    Computation took 220.799513 ms
    Reading took     156.656000 us
  Sample 97...
Starting computation...
    Writing took     4.318999 ms
    Computation took 220.654152 ms
    Reading took     223.719000 us
  Sample 98...
Starting computation...
    Writing took     7.084958 ms
    Computation took 220.659805 ms
    Reading took     157.326000 us
  Sample 99...
Starting computation...
    Writing took     4.234717 ms
    Computation took 220.821727 ms
    Reading took     156.384000 us
Mean computation time: 220.334088 ms
Mean deviation: 534.850000 us (0.242745%)
Mean computation time (per hash): 3.865509 ms
Mean deviation (per hash): 9.383000 us
