Using device #0: CUDA Device 'GeForce GTX 1080 Ti'
  Sample 0...
Starting computation...
    Writing took     8.552506 ms
    Computation took 343.081615 ms
    Reading took     295.878000 us
  Sample 1...
Starting computation...
    Writing took     9.022646 ms
    Computation took 343.050796 ms
    Reading took     296.958000 us
  Sample 2...
Starting computation...
    Writing took     8.164595 ms
    Computation took 343.103050 ms
    Reading took     303.228000 us
  Sample 3...
Starting computation...
    Writing took     12.031006 ms
    Computation took 343.020491 ms
    Reading took     293.185000 us
  Sample 4...
Starting computation...
    Writing took     8.167841 ms
    Computation took 343.145198 ms
    Reading took     295.938000 us
  Sample 5...
Starting computation...
    Writing took     8.162103 ms
    Computation took 342.994337 ms
    Reading took     292.003000 us
  Sample 6...
Starting computation...
    Writing took     8.147589 ms
    Computation took 343.022194 ms
    Reading took     293.986000 us
  Sample 7...
Starting computation...
    Writing took     8.125145 ms
    Computation took 342.855967 ms
    Reading took     412.025000 us
  Sample 8...
Starting computation...
    Writing took     12.667119 ms
    Computation took 343.082288 ms
    Reading took     433.225000 us
  Sample 9...
Starting computation...
    Writing took     11.810279 ms
    Computation took 343.024292 ms
    Reading took     493.380000 us
  Sample 10...
Starting computation...
    Writing took     10.929611 ms
    Computation took 343.214204 ms
    Reading took     292.253000 us
  Sample 11...
Starting computation...
    Writing took     8.283516 ms
    Computation took 343.099181 ms
    Reading took     292.349000 us
  Sample 12...
Starting computation...
    Writing took     8.153056 ms
    Computation took 343.101904 ms
    Reading took     292.127000 us
  Sample 13...
Starting computation...
    Writing took     8.151013 ms
    Computation took 343.213095 ms
    Reading took     284.966000 us
  Sample 14...
Starting computation...
    Writing took     7.896699 ms
    Computation took 343.056491 ms
    Reading took     292.871000 us
  Sample 15...
Starting computation...
    Writing took     8.111295 ms
    Computation took 343.045015 ms
    Reading took     293.999000 us
  Sample 16...
Starting computation...
    Writing took     8.337028 ms
    Computation took 343.123903 ms
    Reading took     292.480000 us
  Sample 17...
Starting computation...
    Writing took     8.118063 ms
    Computation took 343.138093 ms
    Reading took     293.576000 us
  Sample 18...
Starting computation...
    Writing took     8.131088 ms
    Computation took 343.061913 ms
    Reading took     446.943000 us
  Sample 19...
Starting computation...
    Writing took     8.862146 ms
    Computation took 343.137801 ms
    Reading took     366.376000 us
  Sample 20...
Starting computation...
    Writing took     8.941729 ms
    Computation took 343.210437 ms
    Reading took     292.594000 us
  Sample 21...
Starting computation...
    Writing took     8.127977 ms
    Computation took 343.304088 ms
    Reading took     294.075000 us
  Sample 22...
Starting computation...
    Writing took     8.115971 ms
    Computation took 343.381435 ms
    Reading took     294.371000 us
  Sample 23...
Starting computation...
    Writing took     8.123564 ms
    Computation took 343.251117 ms
    Reading took     295.857000 us
  Sample 24...
Starting computation...
    Writing took     8.132327 ms
    Computation took 343.218573 ms
    Reading took     295.465000 us
  Sample 25...
Starting computation...
    Writing took     8.130967 ms
    Computation took 343.227125 ms
    Reading took     293.296000 us
  Sample 26...
Starting computation...
    Writing took     8.146525 ms
    Computation took 343.215654 ms
    Reading took     293.682000 us
  Sample 27...
Starting computation...
    Writing took     8.141848 ms
    Computation took 343.115965 ms
    Reading took     291.755000 us
  Sample 28...
Starting computation...
    Writing took     8.166579 ms
    Computation took 343.279800 ms
    Reading took     286.149000 us
  Sample 29...
Starting computation...
    Writing took     7.712562 ms
    Computation took 343.226101 ms
    Reading took     292.821000 us
  Sample 30...
Starting computation...
    Writing took     8.147336 ms
    Computation took 343.212887 ms
    Reading took     294.333000 us
  Sample 31...
Starting computation...
    Writing took     8.140982 ms
    Computation took 343.502249 ms
    Reading took     315.604000 us
  Sample 32...
Starting computation...
    Writing took     9.751328 ms
    Computation took 343.255057 ms
    Reading took     311.495000 us
  Sample 33...
Starting computation...
    Writing took     7.915040 ms
    Computation took 343.399939 ms
    Reading took     293.524000 us
  Sample 34...
Starting computation...
    Writing took     8.188912 ms
    Computation took 343.429690 ms
    Reading took     334.189000 us
  Sample 35...
Starting computation...
    Writing took     8.154177 ms
    Computation took 343.205129 ms
    Reading took     295.659000 us
  Sample 36...
Starting computation...
    Writing took     8.150252 ms
    Computation took 343.116296 ms
    Reading took     292.516000 us
  Sample 37...
Starting computation...
    Writing took     8.521324 ms
    Computation took 343.268346 ms
    Reading took     293.727000 us
  Sample 38...
Starting computation...
    Writing took     8.067142 ms
    Computation took 343.262911 ms
    Reading took     295.245000 us
  Sample 39...
Starting computation...
    Writing took     8.582512 ms
    Computation took 343.255061 ms
    Reading took     355.378000 us
  Sample 40...
Starting computation...
    Writing took     9.621666 ms
    Computation took 343.235421 ms
    Reading took     294.713000 us
  Sample 41...
Starting computation...
    Writing took     8.164011 ms
    Computation took 343.507231 ms
    Reading took     295.503000 us
  Sample 42...
Starting computation...
    Writing took     8.164496 ms
    Computation took 343.383672 ms
    Reading took     295.523000 us
  Sample 43...
Starting computation...
    Writing took     8.140811 ms
    Computation took 343.346719 ms
    Reading took     294.442000 us
  Sample 44...
Starting computation...
    Writing took     8.163153 ms
    Computation took 343.492279 ms
    Reading took     293.630000 us
  Sample 45...
Starting computation...
    Writing took     8.147557 ms
    Computation took 343.380829 ms
    Reading took     294.793000 us
  Sample 46...
Starting computation...
    Writing took     8.144505 ms
    Computation took 343.286360 ms
    Reading took     298.366000 us
  Sample 47...
Starting computation...
    Writing took     10.150515 ms
    Computation took 343.260463 ms
    Reading took     295.363000 us
  Sample 48...
Starting computation...
    Writing took     8.156308 ms
    Computation took 343.179015 ms
    Reading took     294.367000 us
  Sample 49...
Starting computation...
    Writing took     8.134924 ms
    Computation took 343.243883 ms
    Reading took     318.895000 us
  Sample 50...
Starting computation...
    Writing took     9.875716 ms
    Computation took 343.238683 ms
    Reading took     331.346000 us
  Sample 51...
Starting computation...
    Writing took     11.383839 ms
    Computation took 343.387641 ms
    Reading took     308.987000 us
  Sample 52...
Starting computation...
    Writing took     8.146602 ms
    Computation took 343.414663 ms
    Reading took     292.223000 us
  Sample 53...
Starting computation...
    Writing took     12.322716 ms
    Computation took 343.422669 ms
    Reading took     295.030000 us
  Sample 54...
Starting computation...
    Writing took     8.183075 ms
    Computation took 343.524669 ms
    Reading took     292.589000 us
  Sample 55...
Starting computation...
    Writing took     8.159069 ms
    Computation took 343.410174 ms
    Reading took     420.207000 us
  Sample 56...
Starting computation...
    Writing took     9.291598 ms
    Computation took 343.309232 ms
    Reading took     357.474000 us
  Sample 57...
Starting computation...
    Writing took     10.264058 ms
    Computation took 343.322499 ms
    Reading took     387.628000 us
  Sample 58...
Starting computation...
    Writing took     12.269646 ms
    Computation took 343.364512 ms
    Reading took     287.778000 us
  Sample 59...
Starting computation...
    Writing took     7.994029 ms
    Computation took 343.552546 ms
    Reading took     317.730000 us
  Sample 60...
Starting computation...
    Writing took     7.839284 ms
    Computation took 343.383404 ms
    Reading took     295.487000 us
  Sample 61...
Starting computation...
    Writing took     7.674531 ms
    Computation took 343.398690 ms
    Reading took     277.302000 us
  Sample 62...
Starting computation...
    Writing took     7.784296 ms
    Computation took 343.578201 ms
    Reading took     324.055000 us
  Sample 63...
Starting computation...
    Writing took     8.878991 ms
    Computation took 343.515693 ms
    Reading took     294.277000 us
  Sample 64...
Starting computation...
    Writing took     8.168102 ms
    Computation took 343.458689 ms
    Reading took     293.048000 us
  Sample 65...
Starting computation...
    Writing took     8.157440 ms
    Computation took 343.589742 ms
    Reading took     442.228000 us
  Sample 66...
Starting computation...
    Writing took     10.626679 ms
    Computation took 343.508361 ms
    Reading took     430.148000 us
  Sample 67...
Starting computation...
    Writing took     8.759444 ms
    Computation took 343.625575 ms
    Reading took     294.097000 us
  Sample 68...
Starting computation...
    Writing took     8.156716 ms
    Computation took 343.543341 ms
    Reading took     294.593000 us
  Sample 69...
Starting computation...
    Writing took     8.138704 ms
    Computation took 343.414888 ms
    Reading took     285.279000 us
  Sample 70...
Starting computation...
    Writing took     7.876533 ms
    Computation took 343.700996 ms
    Reading took     295.368000 us
  Sample 71...
Starting computation...
    Writing took     8.162125 ms
    Computation took 343.526721 ms
    Reading took     295.381000 us
  Sample 72...
Starting computation...
    Writing took     8.130950 ms
    Computation took 343.716960 ms
    Reading took     292.342000 us
  Sample 73...
Starting computation...
    Writing took     8.176290 ms
    Computation took 343.511737 ms
    Reading took     298.271000 us
  Sample 74...
Starting computation...
    Writing took     8.156080 ms
    Computation took 343.781287 ms
    Reading took     293.552000 us
  Sample 75...
Starting computation...
    Writing took     8.144782 ms
    Computation took 343.681648 ms
    Reading took     297.823000 us
  Sample 76...
Starting computation...
    Writing took     8.143200 ms
    Computation took 343.682521 ms
    Reading took     292.860000 us
  Sample 77...
Starting computation...
    Writing took     8.159667 ms
    Computation took 343.427773 ms
    Reading took     292.879000 us
  Sample 78...
Starting computation...
    Writing took     8.155150 ms
    Computation took 343.534765 ms
    Reading took     293.939000 us
  Sample 79...
Starting computation...
    Writing took     8.373212 ms
    Computation took 343.725427 ms
    Reading took     293.832000 us
  Sample 80...
Starting computation...
    Writing took     8.150193 ms
    Computation took 343.486917 ms
    Reading took     286.867000 us
  Sample 81...
Starting computation...
    Writing took     8.058891 ms
    Computation took 343.542910 ms
    Reading took     295.819000 us
  Sample 82...
Starting computation...
    Writing took     8.778033 ms
    Computation took 343.725483 ms
    Reading took     294.749000 us
  Sample 83...
Starting computation...
    Writing took     8.161096 ms
    Computation took 343.844604 ms
    Reading took     293.891000 us
  Sample 84...
Starting computation...
    Writing took     8.135671 ms
    Computation took 343.828480 ms
    Reading took     274.603000 us
  Sample 85...
Starting computation...
    Writing took     7.840169 ms
    Computation took 343.695080 ms
    Reading took     358.419000 us
  Sample 86...
Starting computation...
    Writing took     9.215555 ms
    Computation took 343.521189 ms
    Reading took     293.073000 us
  Sample 87...
Starting computation...
    Writing took     8.666052 ms
    Computation took 343.609254 ms
    Reading took     293.584000 us
  Sample 88...
Starting computation...
    Writing took     8.166358 ms
    Computation took 343.625565 ms
    Reading took     304.185000 us
  Sample 89...
Starting computation...
    Writing took     12.236110 ms
    Computation took 343.706838 ms
    Reading took     296.144000 us
  Sample 90...
Starting computation...
    Writing took     8.156148 ms
    Computation took 343.549427 ms
    Reading took     295.555000 us
  Sample 91...
Starting computation...
    Writing took     8.168712 ms
    Computation took 343.526802 ms
    Reading took     293.126000 us
  Sample 92...
Starting computation...
    Writing took     8.152877 ms
    Computation took 343.686210 ms
    Reading took     434.114000 us
  Sample 93...
Starting computation...
    Writing took     10.702776 ms
    Computation took 343.659217 ms
    Reading took     383.669000 us
  Sample 94...
Starting computation...
    Writing took     10.594411 ms
    Computation took 343.329434 ms
    Reading took     515.010000 us
  Sample 95...
Starting computation...
    Writing took     15.213653 ms
    Computation took 343.643180 ms
    Reading took     364.267000 us
  Sample 96...
Starting computation...
    Writing took     10.196685 ms
    Computation took 343.709482 ms
    Reading took     293.516000 us
  Sample 97...
Starting computation...
    Writing took     8.142001 ms
    Computation took 343.806230 ms
    Reading took     295.493000 us
  Sample 98...
Starting computation...
    Writing took     8.159173 ms
    Computation took 343.642129 ms
    Reading took     294.999000 us
  Sample 99...
Starting computation...
    Writing took     8.164551 ms
    Computation took 343.656793 ms
    Reading took     293.094000 us
Mean computation time: 343.382744 ms
Mean deviation: 193.592000 us (0.0563779%)
Mean computation time (per hash): 3.121660 ms
Mean deviation (per hash): 1.759000 us
