Using device #0: CUDA Device 'GeForce GTX 1080 Ti'
  Sample 0...
Starting computation...
    Writing took     10.060040 ms
    Computation took 361.403652 ms
    Reading took     309.616000 us
  Sample 1...
Starting computation...
    Writing took     8.431577 ms
    Computation took 361.523124 ms
    Reading took     304.376000 us
  Sample 2...
Starting computation...
    Writing took     8.420097 ms
    Computation took 361.519505 ms
    Reading took     294.511000 us
  Sample 3...
Starting computation...
    Writing took     8.373245 ms
    Computation took 361.377888 ms
    Reading took     304.510000 us
  Sample 4...
Starting computation...
    Writing took     8.422085 ms
    Computation took 361.439717 ms
    Reading took     306.469000 us
  Sample 5...
Starting computation...
    Writing took     8.495862 ms
    Computation took 361.433959 ms
    Reading took     489.885000 us
  Sample 6...
Starting computation...
    Writing took     11.495904 ms
    Computation took 361.444570 ms
    Reading took     307.880000 us
  Sample 7...
Starting computation...
    Writing took     8.470494 ms
    Computation took 361.773925 ms
    Reading took     322.034000 us
  Sample 8...
Starting computation...
    Writing took     13.084753 ms
    Computation took 361.359177 ms
    Reading took     306.611000 us
  Sample 9...
Starting computation...
    Writing took     8.500772 ms
    Computation took 361.698995 ms
    Reading took     307.666000 us
  Sample 10...
Starting computation...
    Writing took     8.449768 ms
    Computation took 361.479237 ms
    Reading took     306.809000 us
  Sample 11...
Starting computation...
    Writing took     8.496645 ms
    Computation took 361.477537 ms
    Reading took     325.759000 us
  Sample 12...
Starting computation...
    Writing took     8.499148 ms
    Computation took 361.531034 ms
    Reading took     302.633000 us
  Sample 13...
Starting computation...
    Writing took     8.483645 ms
    Computation took 361.394447 ms
    Reading took     306.079000 us
  Sample 14...
Starting computation...
    Writing took     8.278965 ms
    Computation took 361.699302 ms
    Reading took     304.257000 us
  Sample 15...
Starting computation...
    Writing took     8.449701 ms
    Computation took 361.722991 ms
    Reading took     318.959000 us
  Sample 16...
Starting computation...
    Writing took     8.468756 ms
    Computation took 362.005394 ms
    Reading took     303.165000 us
  Sample 17...
Starting computation...
    Writing took     8.448941 ms
    Computation took 361.566270 ms
    Reading took     303.378000 us
  Sample 18...
Starting computation...
    Writing took     8.476593 ms
    Computation took 361.406140 ms
    Reading took     302.546000 us
  Sample 19...
Starting computation...
    Writing took     9.263041 ms
    Computation took 361.677761 ms
    Reading took     304.302000 us
  Sample 20...
Starting computation...
    Writing took     8.454284 ms
    Computation took 361.580806 ms
    Reading took     308.061000 us
  Sample 21...
Starting computation...
    Writing took     8.433392 ms
    Computation took 361.757068 ms
    Reading took     304.422000 us
  Sample 22...
Starting computation...
    Writing took     9.725924 ms
    Computation took 361.663825 ms
    Reading took     294.449000 us
  Sample 23...
Starting computation...
    Writing took     8.229040 ms
    Computation took 361.655690 ms
    Reading took     314.254000 us
  Sample 24...
Starting computation...
    Writing took     9.272210 ms
    Computation took 361.708773 ms
    Reading took     323.807000 us
  Sample 25...
Starting computation...
    Writing took     8.196443 ms
    Computation took 361.800565 ms
    Reading took     303.325000 us
  Sample 26...
Starting computation...
    Writing took     8.432068 ms
    Computation took 362.011594 ms
    Reading took     305.636000 us
  Sample 27...
Starting computation...
    Writing took     8.450838 ms
    Computation took 361.909338 ms
    Reading took     311.240000 us
  Sample 28...
Starting computation...
    Writing took     9.603999 ms
    Computation took 361.593272 ms
    Reading took     513.436000 us
  Sample 29...
Starting computation...
    Writing took     14.594566 ms
    Computation took 361.765858 ms
    Reading took     306.182000 us
  Sample 30...
Starting computation...
    Writing took     8.497756 ms
    Computation took 361.763442 ms
    Reading took     304.899000 us
  Sample 31...
Starting computation...
    Writing took     9.955669 ms
    Computation took 361.850303 ms
    Reading took     304.983000 us
  Sample 32...
Starting computation...
    Writing took     9.265776 ms
    Computation took 361.821347 ms
    Reading took     304.985000 us
  Sample 33...
Starting computation...
    Writing took     8.456980 ms
    Computation took 361.795663 ms
    Reading took     303.601000 us
  Sample 34...
Starting computation...
    Writing took     8.449873 ms
    Computation took 361.883522 ms
    Reading took     485.711000 us
  Sample 35...
Starting computation...
    Writing took     10.460956 ms
    Computation took 361.888622 ms
    Reading took     484.875000 us
  Sample 36...
Starting computation...
    Writing took     12.312373 ms
    Computation took 361.993571 ms
    Reading took     306.423000 us
  Sample 37...
Starting computation...
    Writing took     8.417012 ms
    Computation took 361.881995 ms
    Reading took     286.085000 us
  Sample 38...
Starting computation...
    Writing took     7.837855 ms
    Computation took 361.932543 ms
    Reading took     304.549000 us
  Sample 39...
Starting computation...
    Writing took     8.436100 ms
    Computation took 361.915511 ms
    Reading took     304.287000 us
  Sample 40...
Starting computation...
    Writing took     8.407691 ms
    Computation took 361.953569 ms
    Reading took     278.125000 us
  Sample 41...
Starting computation...
    Writing took     7.723168 ms
    Computation took 361.847046 ms
    Reading took     519.134000 us
  Sample 42...
Starting computation...
    Writing took     14.561733 ms
    Computation took 361.812076 ms
    Reading took     307.891000 us
  Sample 43...
Starting computation...
    Writing took     10.303593 ms
    Computation took 362.198132 ms
    Reading took     338.464000 us
  Sample 44...
Starting computation...
    Writing took     9.144420 ms
    Computation took 362.103919 ms
    Reading took     319.443000 us
  Sample 45...
Starting computation...
    Writing took     8.647542 ms
    Computation took 362.192634 ms
    Reading took     304.403000 us
  Sample 46...
Starting computation...
    Writing took     8.453152 ms
    Computation took 361.828536 ms
    Reading took     303.165000 us
  Sample 47...
Starting computation...
    Writing took     8.433658 ms
    Computation took 361.983895 ms
    Reading took     277.122000 us
  Sample 48...
Starting computation...
    Writing took     7.608260 ms
    Computation took 362.259943 ms
    Reading took     314.683000 us
  Sample 49...
Starting computation...
    Writing took     9.012500 ms
    Computation took 362.275227 ms
    Reading took     515.978000 us
  Sample 50...
Starting computation...
    Writing took     14.530149 ms
    Computation took 361.816128 ms
    Reading took     304.745000 us
  Sample 51...
Starting computation...
    Writing took     8.312783 ms
    Computation took 362.080846 ms
    Reading took     303.737000 us
  Sample 52...
Starting computation...
    Writing took     8.315552 ms
    Computation took 361.991073 ms
    Reading took     328.957000 us
  Sample 53...
Starting computation...
    Writing took     11.163935 ms
    Computation took 362.193792 ms
    Reading took     543.362000 us
  Sample 54...
Starting computation...
    Writing took     8.937258 ms
    Computation took 362.157448 ms
    Reading took     293.197000 us
  Sample 55...
Starting computation...
    Writing took     8.168082 ms
    Computation took 361.964935 ms
    Reading took     303.731000 us
  Sample 56...
Starting computation...
    Writing took     8.447113 ms
    Computation took 362.028298 ms
    Reading took     303.577000 us
  Sample 57...
Starting computation...
    Writing took     9.966127 ms
    Computation took 362.219968 ms
    Reading took     305.735000 us
  Sample 58...
Starting computation...
    Writing took     8.618523 ms
    Computation took 362.102862 ms
    Reading took     450.211000 us
  Sample 59...
Starting computation...
    Writing took     14.505024 ms
    Computation took 362.128727 ms
    Reading took     304.017000 us
  Sample 60...
Starting computation...
    Writing took     8.445317 ms
    Computation took 361.961620 ms
    Reading took     313.049000 us
  Sample 61...
Starting computation...
    Writing took     8.439331 ms
    Computation took 362.180770 ms
    Reading took     314.013000 us
  Sample 62...
Starting computation...
    Writing took     8.379699 ms
    Computation took 362.162665 ms
    Reading took     306.316000 us
  Sample 63...
Starting computation...
    Writing took     8.462226 ms
    Computation took 362.258248 ms
    Reading took     420.446000 us
  Sample 64...
Starting computation...
    Writing took     13.035203 ms
    Computation took 362.342778 ms
    Reading took     304.459000 us
  Sample 65...
Starting computation...
    Writing took     8.440115 ms
    Computation took 362.377893 ms
    Reading took     315.489000 us
  Sample 66...
Starting computation...
    Writing took     8.417306 ms
    Computation took 362.023247 ms
    Reading took     308.693000 us
  Sample 67...
Starting computation...
    Writing took     8.755938 ms
    Computation took 362.220233 ms
    Reading took     304.235000 us
  Sample 68...
Starting computation...
    Writing took     8.439058 ms
    Computation took 362.295238 ms
    Reading took     303.523000 us
  Sample 69...
Starting computation...
    Writing took     8.459920 ms
    Computation took 362.149080 ms
    Reading took     316.676000 us
  Sample 70...
Starting computation...
    Writing took     8.420862 ms
    Computation took 362.249832 ms
    Reading took     294.761000 us
  Sample 71...
Starting computation...
    Writing took     8.660448 ms
    Computation took 362.064642 ms
    Reading took     305.202000 us
  Sample 72...
Starting computation...
    Writing took     8.434424 ms
    Computation took 362.527079 ms
    Reading took     392.303000 us
  Sample 73...
Starting computation...
    Writing took     12.634248 ms
    Computation took 362.179371 ms
    Reading took     338.404000 us
  Sample 74...
Starting computation...
    Writing took     9.135492 ms
    Computation took 362.220992 ms
    Reading took     306.691000 us
  Sample 75...
Starting computation...
    Writing took     8.436829 ms
    Computation took 362.221244 ms
    Reading took     378.919000 us
  Sample 76...
Starting computation...
    Writing took     10.503868 ms
    Computation took 362.531152 ms
    Reading took     390.749000 us
  Sample 77...
Starting computation...
    Writing took     10.134804 ms
    Computation took 362.359999 ms
    Reading took     295.315000 us
  Sample 78...
Starting computation...
    Writing took     8.132023 ms
    Computation took 362.342285 ms
    Reading took     303.918000 us
  Sample 79...
Starting computation...
    Writing took     8.452998 ms
    Computation took 362.220505 ms
    Reading took     546.554000 us
  Sample 80...
Starting computation...
    Writing took     15.789366 ms
    Computation took 362.427050 ms
    Reading took     303.453000 us
  Sample 81...
Starting computation...
    Writing took     8.492844 ms
    Computation took 362.433816 ms
    Reading took     304.061000 us
  Sample 82...
Starting computation...
    Writing took     8.452954 ms
    Computation took 362.273027 ms
    Reading took     304.951000 us
  Sample 83...
Starting computation...
    Writing took     8.435277 ms
    Computation took 362.315880 ms
    Reading took     401.894000 us
  Sample 84...
Starting computation...
    Writing took     9.821572 ms
    Computation took 362.212456 ms
    Reading took     304.179000 us
  Sample 85...
Starting computation...
    Writing took     8.446382 ms
    Computation took 362.254974 ms
    Reading took     304.666000 us
  Sample 86...
Starting computation...
    Writing took     12.534277 ms
    Computation took 362.354630 ms
    Reading took     305.087000 us
  Sample 87...
Starting computation...
    Writing took     8.430902 ms
    Computation took 362.293540 ms
    Reading took     304.508000 us
  Sample 88...
Starting computation...
    Writing took     8.430932 ms
    Computation took 362.260732 ms
    Reading took     302.481000 us
  Sample 89...
Starting computation...
    Writing took     8.504857 ms
    Computation took 362.322691 ms
    Reading took     319.520000 us
  Sample 90...
Starting computation...
    Writing took     9.189530 ms
    Computation took 362.524497 ms
    Reading took     425.794000 us
  Sample 91...
Starting computation...
    Writing took     13.257714 ms
    Computation took 362.510149 ms
    Reading took     313.849000 us
  Sample 92...
Starting computation...
    Writing took     13.482006 ms
    Computation took 362.211546 ms
    Reading took     307.144000 us
  Sample 93...
Starting computation...
    Writing took     8.412282 ms
    Computation took 362.351968 ms
    Reading took     456.959000 us
  Sample 94...
Starting computation...
    Writing took     11.840604 ms
    Computation took 362.158310 ms
    Reading took     321.081000 us
  Sample 95...
Starting computation...
    Writing took     9.848687 ms
    Computation took 362.856977 ms
    Reading took     319.423000 us
  Sample 96...
Starting computation...
    Writing took     8.564215 ms
    Computation took 362.319081 ms
    Reading took     324.733000 us
  Sample 97...
Starting computation...
    Writing took     8.721927 ms
    Computation took 362.720892 ms
    Reading took     322.035000 us
  Sample 98...
Starting computation...
    Writing took     8.499884 ms
    Computation took 362.348790 ms
    Reading took     320.273000 us
  Sample 99...
Starting computation...
    Writing took     8.517977 ms
    Computation took 362.339104 ms
    Reading took     319.284000 us
Mean computation time: 362.006259 ms
Mean deviation: 280.905000 us (0.0775967%)
Mean computation time (per hash): 3.175493 ms
Mean deviation (per hash): 2.464000 us
