Using device #0: CUDA Device 'GeForce GTX 1080 Ti'
  Sample 0...
Starting computation...
    Writing took     1.159198 ms
    Computation took 196.667830 ms
    Reading took     28.706000 us
  Sample 1...
Starting computation...
    Writing took     578.824000 us
    Computation took 196.535188 ms
    Reading took     23.792000 us
  Sample 2...
Starting computation...
    Writing took     593.429000 us
    Computation took 196.559262 ms
    Reading took     19.022000 us
  Sample 3...
Starting computation...
    Writing took     421.584000 us
    Computation took 196.504205 ms
    Reading took     16.776000 us
  Sample 4...
Starting computation...
    Writing took     400.072000 us
    Computation took 196.500960 ms
    Reading took     35.569000 us
  Sample 5...
Starting computation...
    Writing took     903.972000 us
    Computation took 196.548363 ms
    Reading took     24.709000 us
  Sample 6...
Starting computation...
    Writing took     583.280000 us
    Computation took 196.498603 ms
    Reading took     25.291000 us
  Sample 7...
Starting computation...
    Writing took     582.108000 us
    Computation took 196.540895 ms
    Reading took     24.009000 us
  Sample 8...
Starting computation...
    Writing took     586.402000 us
    Computation took 196.527142 ms
    Reading took     18.867000 us
  Sample 9...
Starting computation...
    Writing took     426.735000 us
    Computation took 196.532858 ms
    Reading took     32.287000 us
  Sample 10...
Starting computation...
    Writing took     730.929000 us
    Computation took 196.499493 ms
    Reading took     23.582000 us
  Sample 11...
Starting computation...
    Writing took     544.705000 us
    Computation took 196.530686 ms
    Reading took     35.876000 us
  Sample 12...
Starting computation...
    Writing took     704.591000 us
    Computation took 196.534018 ms
    Reading took     20.752000 us
  Sample 13...
Starting computation...
    Writing took     482.054000 us
    Computation took 196.509414 ms
    Reading took     37.377000 us
  Sample 14...
Starting computation...
    Writing took     560.609000 us
    Computation took 196.530323 ms
    Reading took     24.154000 us
  Sample 15...
Starting computation...
    Writing took     581.347000 us
    Computation took 196.509791 ms
    Reading took     21.747000 us
  Sample 16...
Starting computation...
    Writing took     520.511000 us
    Computation took 196.477028 ms
    Reading took     20.327000 us
  Sample 17...
Starting computation...
    Writing took     476.695000 us
    Computation took 196.481799 ms
    Reading took     20.669000 us
  Sample 18...
Starting computation...
    Writing took     445.932000 us
    Computation took 196.523008 ms
    Reading took     18.408000 us
  Sample 19...
Starting computation...
    Writing took     420.087000 us
    Computation took 196.487689 ms
    Reading took     17.705000 us
  Sample 20...
Starting computation...
    Writing took     424.851000 us
    Computation took 196.485894 ms
    Reading took     22.905000 us
  Sample 21...
Starting computation...
    Writing took     527.100000 us
    Computation took 196.543938 ms
    Reading took     23.218000 us
  Sample 22...
Starting computation...
    Writing took     537.689000 us
    Computation took 196.469063 ms
    Reading took     18.954000 us
  Sample 23...
Starting computation...
    Writing took     464.306000 us
    Computation took 196.472637 ms
    Reading took     22.347000 us
  Sample 24...
Starting computation...
    Writing took     513.488000 us
    Computation took 196.551632 ms
    Reading took     34.864000 us
  Sample 25...
Starting computation...
    Writing took     901.186000 us
    Computation took 196.554058 ms
    Reading took     23.863000 us
  Sample 26...
Starting computation...
    Writing took     583.522000 us
    Computation took 196.502490 ms
    Reading took     24.920000 us
  Sample 27...
Starting computation...
    Writing took     579.084000 us
    Computation took 196.540472 ms
    Reading took     23.856000 us
  Sample 28...
Starting computation...
    Writing took     580.026000 us
    Computation took 196.564698 ms
    Reading took     32.714000 us
  Sample 29...
Starting computation...
    Writing took     780.244000 us
    Computation took 196.771504 ms
    Reading took     22.842000 us
  Sample 30...
Starting computation...
    Writing took     548.605000 us
    Computation took 196.507315 ms
    Reading took     23.531000 us
  Sample 31...
Starting computation...
    Writing took     536.565000 us
    Computation took 196.513818 ms
    Reading took     21.001000 us
  Sample 32...
Starting computation...
    Writing took     516.022000 us
    Computation took 196.511673 ms
    Reading took     18.844000 us
  Sample 33...
Starting computation...
    Writing took     419.577000 us
    Computation took 196.500065 ms
    Reading took     30.055000 us
  Sample 34...
Starting computation...
    Writing took     850.679000 us
    Computation took 196.489167 ms
    Reading took     26.060000 us
  Sample 35...
Starting computation...
    Writing took     573.391000 us
    Computation took 196.539305 ms
    Reading took     26.258000 us
  Sample 36...
Starting computation...
    Writing took     578.189000 us
    Computation took 196.494957 ms
    Reading took     26.357000 us
  Sample 37...
Starting computation...
    Writing took     583.568000 us
    Computation took 196.512985 ms
    Reading took     23.971000 us
  Sample 38...
Starting computation...
    Writing took     506.836000 us
    Computation took 196.502853 ms
    Reading took     24.524000 us
  Sample 39...
Starting computation...
    Writing took     532.185000 us
    Computation took 196.465621 ms
    Reading took     27.027000 us
  Sample 40...
Starting computation...
    Writing took     583.857000 us
    Computation took 196.494059 ms
    Reading took     25.969000 us
  Sample 41...
Starting computation...
    Writing took     575.155000 us
    Computation took 196.490475 ms
    Reading took     33.514000 us
  Sample 42...
Starting computation...
    Writing took     684.542000 us
    Computation took 196.542955 ms
    Reading took     18.656000 us
  Sample 43...
Starting computation...
    Writing took     424.650000 us
    Computation took 196.492986 ms
    Reading took     25.333000 us
  Sample 44...
Starting computation...
    Writing took     740.207000 us
    Computation took 196.510887 ms
    Reading took     32.000000 us
  Sample 45...
Starting computation...
    Writing took     739.732000 us
    Computation took 196.504470 ms
    Reading took     25.639000 us
  Sample 46...
Starting computation...
    Writing took     573.844000 us
    Computation took 196.482144 ms
    Reading took     26.800000 us
  Sample 47...
Starting computation...
    Writing took     582.874000 us
    Computation took 196.506526 ms
    Reading took     26.786000 us
  Sample 48...
Starting computation...
    Writing took     575.370000 us
    Computation took 196.519224 ms
    Reading took     20.834000 us
  Sample 49...
Starting computation...
    Writing took     411.434000 us
    Computation took 196.490393 ms
    Reading took     20.709000 us
  Sample 50...
Starting computation...
    Writing took     440.937000 us
    Computation took 196.524891 ms
    Reading took     33.166000 us
  Sample 51...
Starting computation...
    Writing took     569.507000 us
    Computation took 196.461730 ms
    Reading took     18.238000 us
  Sample 52...
Starting computation...
    Writing took     400.932000 us
    Computation took 196.478912 ms
    Reading took     24.822000 us
  Sample 53...
Starting computation...
    Writing took     526.739000 us
    Computation took 196.481037 ms
    Reading took     23.837000 us
  Sample 54...
Starting computation...
    Writing took     509.160000 us
    Computation took 196.480651 ms
    Reading took     20.522000 us
  Sample 55...
Starting computation...
    Writing took     414.176000 us
    Computation took 196.523884 ms
    Reading took     21.359000 us
  Sample 56...
Starting computation...
    Writing took     439.401000 us
    Computation took 196.538069 ms
    Reading took     22.082000 us
  Sample 57...
Starting computation...
    Writing took     457.229000 us
    Computation took 196.533021 ms
    Reading took     24.418000 us
  Sample 58...
Starting computation...
    Writing took     694.499000 us
    Computation took 196.489685 ms
    Reading took     33.552000 us
  Sample 59...
Starting computation...
    Writing took     825.085000 us
    Computation took 196.518377 ms
    Reading took     20.290000 us
  Sample 60...
Starting computation...
    Writing took     412.823000 us
    Computation took 196.488967 ms
    Reading took     19.616000 us
  Sample 61...
Starting computation...
    Writing took     413.350000 us
    Computation took 196.527063 ms
    Reading took     25.731000 us
  Sample 62...
Starting computation...
    Writing took     548.691000 us
    Computation took 196.502575 ms
    Reading took     23.392000 us
  Sample 63...
Starting computation...
    Writing took     523.603000 us
    Computation took 196.521107 ms
    Reading took     20.597000 us
  Sample 64...
Starting computation...
    Writing took     413.817000 us
    Computation took 196.527124 ms
    Reading took     39.630000 us
  Sample 65...
Starting computation...
    Writing took     1.050894 ms
    Computation took 196.513355 ms
    Reading took     24.460000 us
  Sample 66...
Starting computation...
    Writing took     583.731000 us
    Computation took 196.511510 ms
    Reading took     22.226000 us
  Sample 67...
Starting computation...
    Writing took     564.145000 us
    Computation took 196.506962 ms
    Reading took     31.225000 us
  Sample 68...
Starting computation...
    Writing took     701.210000 us
    Computation took 196.541887 ms
    Reading took     25.063000 us
  Sample 69...
Starting computation...
    Writing took     572.732000 us
    Computation took 196.555145 ms
    Reading took     22.992000 us
  Sample 70...
Starting computation...
    Writing took     411.755000 us
    Computation took 196.520295 ms
    Reading took     26.824000 us
  Sample 71...
Starting computation...
    Writing took     572.842000 us
    Computation took 196.530167 ms
    Reading took     25.522000 us
  Sample 72...
Starting computation...
    Writing took     592.950000 us
    Computation took 196.567828 ms
    Reading took     24.654000 us
  Sample 73...
Starting computation...
    Writing took     584.141000 us
    Computation took 196.551109 ms
    Reading took     23.937000 us
  Sample 74...
Starting computation...
    Writing took     580.951000 us
    Computation took 196.532986 ms
    Reading took     39.189000 us
  Sample 75...
Starting computation...
    Writing took     769.094000 us
    Computation took 196.550829 ms
    Reading took     20.872000 us
  Sample 76...
Starting computation...
    Writing took     466.739000 us
    Computation took 196.582154 ms
    Reading took     20.853000 us
  Sample 77...
Starting computation...
    Writing took     421.203000 us
    Computation took 196.533622 ms
    Reading took     21.979000 us
  Sample 78...
Starting computation...
    Writing took     583.484000 us
    Computation took 196.520272 ms
    Reading took     20.137000 us
  Sample 79...
Starting computation...
    Writing took     462.355000 us
    Computation took 196.508070 ms
    Reading took     22.321000 us
  Sample 80...
Starting computation...
    Writing took     542.439000 us
    Computation took 196.513401 ms
    Reading took     21.555000 us
  Sample 81...
Starting computation...
    Writing took     512.859000 us
    Computation took 196.484021 ms
    Reading took     18.994000 us
  Sample 82...
Starting computation...
    Writing took     420.190000 us
    Computation took 196.518259 ms
    Reading took     21.001000 us
  Sample 83...
Starting computation...
    Writing took     492.724000 us
    Computation took 196.554784 ms
    Reading took     22.911000 us
  Sample 84...
Starting computation...
    Writing took     536.849000 us
    Computation took 196.516656 ms
    Reading took     20.380000 us
  Sample 85...
Starting computation...
    Writing took     492.208000 us
    Computation took 196.499023 ms
    Reading took     23.037000 us
  Sample 86...
Starting computation...
    Writing took     547.674000 us
    Computation took 196.491113 ms
    Reading took     20.682000 us
  Sample 87...
Starting computation...
    Writing took     479.611000 us
    Computation took 196.494207 ms
    Reading took     17.434000 us
  Sample 88...
Starting computation...
    Writing took     425.687000 us
    Computation took 196.516375 ms
    Reading took     20.897000 us
  Sample 89...
Starting computation...
    Writing took     518.801000 us
    Computation took 196.518022 ms
    Reading took     24.980000 us
  Sample 90...
Starting computation...
    Writing took     592.609000 us
    Computation took 196.497672 ms
    Reading took     34.427000 us
  Sample 91...
Starting computation...
    Writing took     768.647000 us
    Computation took 196.556975 ms
    Reading took     34.030000 us
  Sample 92...
Starting computation...
    Writing took     816.688000 us
    Computation took 196.549589 ms
    Reading took     27.201000 us
  Sample 93...
Starting computation...
    Writing took     584.808000 us
    Computation took 196.550170 ms
    Reading took     27.720000 us
  Sample 94...
Starting computation...
    Writing took     575.771000 us
    Computation took 196.555058 ms
    Reading took     27.360000 us
  Sample 95...
Starting computation...
    Writing took     576.685000 us
    Computation took 196.506105 ms
    Reading took     24.274000 us
  Sample 96...
Starting computation...
    Writing took     527.983000 us
    Computation took 196.510705 ms
    Reading took     25.027000 us
  Sample 97...
Starting computation...
    Writing took     529.609000 us
    Computation took 196.472040 ms
    Reading took     21.717000 us
  Sample 98...
Starting computation...
    Writing took     414.032000 us
    Computation took 196.496617 ms
    Reading took     20.186000 us
  Sample 99...
Starting computation...
    Writing took     401.029000 us
    Computation took 196.491939 ms
    Reading took     20.437000 us
Mean computation time: 196.519428 ms
Mean deviation: 25.403000 us (0.0129265%)
Mean computation time (per hash): 28.074203 ms
Mean deviation (per hash): 3.628000 us
