Using device #0: CUDA Device 'GeForce GTX 1080 Ti'
  Sample 0...
Starting computation...
    Writing took     3.884927 ms
    Computation took 208.571856 ms
    Reading took     101.128000 us
  Sample 1...
Starting computation...
    Writing took     2.134450 ms
    Computation took 208.918923 ms
    Reading took     71.502000 us
  Sample 2...
Starting computation...
    Writing took     1.730728 ms
    Computation took 208.265999 ms
    Reading took     68.690000 us
  Sample 3...
Starting computation...
    Writing took     1.593821 ms
    Computation took 210.201772 ms
    Reading took     68.446000 us
  Sample 4...
Starting computation...
    Writing took     1.588392 ms
    Computation took 209.211803 ms
    Reading took     71.395000 us
  Sample 5...
Starting computation...
    Writing took     1.659884 ms
    Computation took 209.299352 ms
    Reading took     67.459000 us
  Sample 6...
Starting computation...
    Writing took     1.587366 ms
    Computation took 211.770955 ms
    Reading took     153.013000 us
  Sample 7...
Starting computation...
    Writing took     4.178476 ms
    Computation took 208.821532 ms
    Reading took     70.189000 us
  Sample 8...
Starting computation...
    Writing took     1.655243 ms
    Computation took 208.782318 ms
    Reading took     68.270000 us
  Sample 9...
Starting computation...
    Writing took     1.579970 ms
    Computation took 208.709071 ms
    Reading took     70.833000 us
  Sample 10...
Starting computation...
    Writing took     1.760710 ms
    Computation took 208.501268 ms
    Reading took     70.998000 us
  Sample 11...
Starting computation...
    Writing took     1.633003 ms
    Computation took 209.247897 ms
    Reading took     72.206000 us
  Sample 12...
Starting computation...
    Writing took     1.998442 ms
    Computation took 208.909266 ms
    Reading took     92.240000 us
  Sample 13...
Starting computation...
    Writing took     2.355958 ms
    Computation took 208.549471 ms
    Reading took     90.404000 us
  Sample 14...
Starting computation...
    Writing took     2.310854 ms
    Computation took 208.523324 ms
    Reading took     84.471000 us
  Sample 15...
Starting computation...
    Writing took     2.115894 ms
    Computation took 209.448113 ms
    Reading took     136.359000 us
  Sample 16...
Starting computation...
    Writing took     3.848055 ms
    Computation took 208.400023 ms
    Reading took     112.038000 us
  Sample 17...
Starting computation...
    Writing took     3.097086 ms
    Computation took 208.637353 ms
    Reading took     79.072000 us
  Sample 18...
Starting computation...
    Writing took     2.097727 ms
    Computation took 208.321428 ms
    Reading took     79.407000 us
  Sample 19...
Starting computation...
    Writing took     2.120252 ms
    Computation took 209.142843 ms
    Reading took     79.735000 us
  Sample 20...
Starting computation...
    Writing took     2.121942 ms
    Computation took 208.286772 ms
    Reading took     97.740000 us
  Sample 21...
Starting computation...
    Writing took     2.401029 ms
    Computation took 208.535420 ms
    Reading took     115.080000 us
  Sample 22...
Starting computation...
    Writing took     2.954115 ms
    Computation took 208.554378 ms
    Reading took     90.854000 us
  Sample 23...
Starting computation...
    Writing took     2.273627 ms
    Computation took 209.343170 ms
    Reading took     90.713000 us
  Sample 24...
Starting computation...
    Writing took     2.312224 ms
    Computation took 208.666306 ms
    Reading took     70.432000 us
  Sample 25...
Starting computation...
    Writing took     1.668968 ms
    Computation took 208.504979 ms
    Reading took     71.703000 us
  Sample 26...
Starting computation...
    Writing took     1.640159 ms
    Computation took 210.095592 ms
    Reading took     73.723000 us
  Sample 27...
Starting computation...
    Writing took     1.742825 ms
    Computation took 209.446680 ms
    Reading took     71.522000 us
  Sample 28...
Starting computation...
    Writing took     1.651275 ms
    Computation took 209.507133 ms
    Reading took     69.826000 us
  Sample 29...
Starting computation...
    Writing took     1.622477 ms
    Computation took 208.400222 ms
    Reading took     70.168000 us
  Sample 30...
Starting computation...
    Writing took     1.635328 ms
    Computation took 208.369845 ms
    Reading took     73.904000 us
  Sample 31...
Starting computation...
    Writing took     1.741897 ms
    Computation took 208.587531 ms
    Reading took     68.393000 us
  Sample 32...
Starting computation...
    Writing took     1.581285 ms
    Computation took 208.598673 ms
    Reading took     74.591000 us
  Sample 33...
Starting computation...
    Writing took     1.756156 ms
    Computation took 208.361599 ms
    Reading took     70.395000 us
  Sample 34...
Starting computation...
    Writing took     1.672007 ms
    Computation took 208.398869 ms
    Reading took     68.994000 us
  Sample 35...
Starting computation...
    Writing took     1.612697 ms
    Computation took 208.672757 ms
    Reading took     140.677000 us
  Sample 36...
Starting computation...
    Writing took     3.769579 ms
    Computation took 208.704751 ms
    Reading took     66.615000 us
  Sample 37...
Starting computation...
    Writing took     1.642898 ms
    Computation took 209.984244 ms
    Reading took     78.546000 us
  Sample 38...
Starting computation...
    Writing took     2.115818 ms
    Computation took 208.524321 ms
    Reading took     95.451000 us
  Sample 39...
Starting computation...
    Writing took     2.336465 ms
    Computation took 208.292455 ms
    Reading took     71.226000 us
  Sample 40...
Starting computation...
    Writing took     1.625391 ms
    Computation took 208.574959 ms
    Reading took     69.006000 us
  Sample 41...
Starting computation...
    Writing took     1.588473 ms
    Computation took 208.798576 ms
    Reading took     74.621000 us
  Sample 42...
Starting computation...
    Writing took     1.722782 ms
    Computation took 209.432840 ms
    Reading took     75.106000 us
  Sample 43...
Starting computation...
    Writing took     1.747454 ms
    Computation took 208.504078 ms
    Reading took     73.446000 us
  Sample 44...
Starting computation...
    Writing took     1.759594 ms
    Computation took 208.214278 ms
    Reading took     66.925000 us
  Sample 45...
Starting computation...
    Writing took     1.582109 ms
    Computation took 209.845738 ms
    Reading took     73.040000 us
  Sample 46...
Starting computation...
    Writing took     1.637962 ms
    Computation took 208.499522 ms
    Reading took     71.062000 us
  Sample 47...
Starting computation...
    Writing took     1.681965 ms
    Computation took 209.347474 ms
    Reading took     95.945000 us
  Sample 48...
Starting computation...
    Writing took     2.469304 ms
    Computation took 209.680328 ms
    Reading took     65.372000 us
  Sample 49...
Starting computation...
    Writing took     1.698552 ms
    Computation took 208.714709 ms
    Reading took     68.045000 us
  Sample 50...
Starting computation...
    Writing took     1.930869 ms
    Computation took 208.736672 ms
    Reading took     94.409000 us
  Sample 51...
Starting computation...
    Writing took     2.504913 ms
    Computation took 208.973423 ms
    Reading took     65.549000 us
  Sample 52...
Starting computation...
    Writing took     1.646986 ms
    Computation took 208.619806 ms
    Reading took     63.516000 us
  Sample 53...
Starting computation...
    Writing took     1.577741 ms
    Computation took 208.981908 ms
    Reading took     68.083000 us
  Sample 54...
Starting computation...
    Writing took     1.704361 ms
    Computation took 208.676404 ms
    Reading took     62.589000 us
  Sample 55...
Starting computation...
    Writing took     1.677772 ms
    Computation took 208.303934 ms
    Reading took     65.325000 us
  Sample 56...
Starting computation...
    Writing took     1.717091 ms
    Computation took 208.946476 ms
    Reading took     69.870000 us
  Sample 57...
Starting computation...
    Writing took     1.874869 ms
    Computation took 208.646737 ms
    Reading took     68.042000 us
  Sample 58...
Starting computation...
    Writing took     1.776663 ms
    Computation took 208.425263 ms
    Reading took     65.788000 us
  Sample 59...
Starting computation...
    Writing took     1.731912 ms
    Computation took 210.005824 ms
    Reading took     149.590000 us
  Sample 60...
Starting computation...
    Writing took     4.024609 ms
    Computation took 209.870189 ms
    Reading took     86.826000 us
  Sample 61...
Starting computation...
    Writing took     2.293832 ms
    Computation took 208.519683 ms
    Reading took     65.415000 us
  Sample 62...
Starting computation...
    Writing took     1.616833 ms
    Computation took 210.096542 ms
    Reading took     62.479000 us
  Sample 63...
Starting computation...
    Writing took     1.582121 ms
    Computation took 208.588379 ms
    Reading took     64.180000 us
  Sample 64...
Starting computation...
    Writing took     1.659590 ms
    Computation took 209.071576 ms
    Reading took     63.081000 us
  Sample 65...
Starting computation...
    Writing took     1.587089 ms
    Computation took 208.427687 ms
    Reading took     63.241000 us
  Sample 66...
Starting computation...
    Writing took     1.603888 ms
    Computation took 208.796679 ms
    Reading took     65.383000 us
  Sample 67...
Starting computation...
    Writing took     1.741829 ms
    Computation took 209.703008 ms
    Reading took     71.667000 us
  Sample 68...
Starting computation...
    Writing took     2.239674 ms
    Computation took 208.332942 ms
    Reading took     97.644000 us
  Sample 69...
Starting computation...
    Writing took     2.310720 ms
    Computation took 208.498980 ms
    Reading took     75.901000 us
  Sample 70...
Starting computation...
    Writing took     1.901300 ms
    Computation took 209.122148 ms
    Reading took     68.376000 us
  Sample 71...
Starting computation...
    Writing took     1.808220 ms
    Computation took 208.801032 ms
    Reading took     109.831000 us
  Sample 72...
Starting computation...
    Writing took     1.808347 ms
    Computation took 208.436983 ms
    Reading took     116.539000 us
  Sample 73...
Starting computation...
    Writing took     2.564607 ms
    Computation took 208.188395 ms
    Reading took     67.681000 us
  Sample 74...
Starting computation...
    Writing took     1.780757 ms
    Computation took 210.191107 ms
    Reading took     80.016000 us
  Sample 75...
Starting computation...
    Writing took     2.117590 ms
    Computation took 208.599454 ms
    Reading took     79.844000 us
  Sample 76...
Starting computation...
    Writing took     2.128334 ms
    Computation took 208.999671 ms
    Reading took     72.270000 us
  Sample 77...
Starting computation...
    Writing took     1.644256 ms
    Computation took 210.062567 ms
    Reading took     91.885000 us
  Sample 78...
Starting computation...
    Writing took     2.769584 ms
    Computation took 208.641805 ms
    Reading took     129.506000 us
  Sample 79...
Starting computation...
    Writing took     3.580661 ms
    Computation took 208.646305 ms
    Reading took     85.530000 us
  Sample 80...
Starting computation...
    Writing took     2.110505 ms
    Computation took 208.192324 ms
    Reading took     85.470000 us
  Sample 81...
Starting computation...
    Writing took     2.152886 ms
    Computation took 208.759382 ms
    Reading took     129.860000 us
  Sample 82...
Starting computation...
    Writing took     3.359769 ms
    Computation took 208.494810 ms
    Reading took     87.208000 us
  Sample 83...
Starting computation...
    Writing took     2.162095 ms
    Computation took 208.659609 ms
    Reading took     87.030000 us
  Sample 84...
Starting computation...
    Writing took     2.103535 ms
    Computation took 209.295982 ms
    Reading took     85.760000 us
  Sample 85...
Starting computation...
    Writing took     2.097843 ms
    Computation took 208.970641 ms
    Reading took     86.116000 us
  Sample 86...
Starting computation...
    Writing took     2.121844 ms
    Computation took 209.359415 ms
    Reading took     86.193000 us
  Sample 87...
Starting computation...
    Writing took     2.108512 ms
    Computation took 209.040603 ms
    Reading took     136.124000 us
  Sample 88...
Starting computation...
    Writing took     3.655424 ms
    Computation took 209.066713 ms
    Reading took     85.201000 us
  Sample 89...
Starting computation...
    Writing took     2.111384 ms
    Computation took 208.743441 ms
    Reading took     87.424000 us
  Sample 90...
Starting computation...
    Writing took     2.143388 ms
    Computation took 209.331103 ms
    Reading took     86.800000 us
  Sample 91...
Starting computation...
    Writing took     2.180191 ms
    Computation took 208.706897 ms
    Reading took     85.588000 us
  Sample 92...
Starting computation...
    Writing took     2.106592 ms
    Computation took 209.349823 ms
    Reading took     85.069000 us
  Sample 93...
Starting computation...
    Writing took     2.115524 ms
    Computation took 208.935254 ms
    Reading took     85.826000 us
  Sample 94...
Starting computation...
    Writing took     2.108545 ms
    Computation took 209.715996 ms
    Reading took     93.543000 us
  Sample 95...
Starting computation...
    Writing took     2.117761 ms
    Computation took 208.574956 ms
    Reading took     86.529000 us
  Sample 96...
Starting computation...
    Writing took     2.142650 ms
    Computation took 209.211563 ms
    Reading took     85.288000 us
  Sample 97...
Starting computation...
    Writing took     2.133128 ms
    Computation took 208.541286 ms
    Reading took     71.956000 us
  Sample 98...
Starting computation...
    Writing took     1.646809 ms
    Computation took 209.318485 ms
    Reading took     69.709000 us
  Sample 99...
Starting computation...
    Writing took     1.593059 ms
    Computation took 209.209331 ms
    Reading took     74.600000 us
Mean computation time: 208.930719 ms
Mean deviation: 452.129000 us (0.216401%)
Mean computation time (per hash): 7.461810 ms
Mean deviation (per hash): 16.147000 us
