Using device #0: CUDA Device 'GeForce GTX 1080 Ti'
  Sample 0...
Starting computation...
    Writing took     8.088369 ms
    Computation took 259.454790 ms
    Reading took     163.832000 us
  Sample 1...
Starting computation...
    Writing took     4.255383 ms
    Computation took 258.857575 ms
    Reading took     196.675000 us
  Sample 2...
Starting computation...
    Writing took     4.804077 ms
    Computation took 261.757052 ms
    Reading took     170.232000 us
  Sample 3...
Starting computation...
    Writing took     4.454951 ms
    Computation took 267.250231 ms
    Reading took     186.643000 us
  Sample 4...
Starting computation...
    Writing took     4.897385 ms
    Computation took 266.561438 ms
    Reading took     154.596000 us
  Sample 5...
Starting computation...
    Writing took     4.070134 ms
    Computation took 264.819938 ms
    Reading took     160.214000 us
  Sample 6...
Starting computation...
    Writing took     4.090749 ms
    Computation took 264.292642 ms
    Reading took     187.961000 us
  Sample 7...
Starting computation...
    Writing took     4.490555 ms
    Computation took 260.949794 ms
    Reading took     158.693000 us
  Sample 8...
Starting computation...
    Writing took     4.288358 ms
    Computation took 260.403505 ms
    Reading took     196.287000 us
  Sample 9...
Starting computation...
    Writing took     5.445847 ms
    Computation took 259.714925 ms
    Reading took     247.218000 us
  Sample 10...
Starting computation...
    Writing took     5.058410 ms
    Computation took 258.962382 ms
    Reading took     182.284000 us
  Sample 11...
Starting computation...
    Writing took     4.964729 ms
    Computation took 259.235910 ms
    Reading took     181.613000 us
  Sample 12...
Starting computation...
    Writing took     5.012557 ms
    Computation took 258.784924 ms
    Reading took     182.252000 us
  Sample 13...
Starting computation...
    Writing took     4.975315 ms
    Computation took 258.917005 ms
    Reading took     182.340000 us
  Sample 14...
Starting computation...
    Writing took     4.986255 ms
    Computation took 258.784289 ms
    Reading took     181.522000 us
  Sample 15...
Starting computation...
    Writing took     4.963339 ms
    Computation took 258.877305 ms
    Reading took     182.502000 us
  Sample 16...
Starting computation...
    Writing took     4.732320 ms
    Computation took 258.826116 ms
    Reading took     180.861000 us
  Sample 17...
Starting computation...
    Writing took     4.964164 ms
    Computation took 259.142372 ms
    Reading took     181.815000 us
  Sample 18...
Starting computation...
    Writing took     4.984788 ms
    Computation took 259.577448 ms
    Reading took     184.463000 us
  Sample 19...
Starting computation...
    Writing took     4.981431 ms
    Computation took 261.074954 ms
    Reading took     205.027000 us
  Sample 20...
Starting computation...
    Writing took     4.991966 ms
    Computation took 262.490372 ms
    Reading took     214.731000 us
  Sample 21...
Starting computation...
    Writing took     5.464266 ms
    Computation took 262.222418 ms
    Reading took     210.337000 us
  Sample 22...
Starting computation...
    Writing took     5.316861 ms
    Computation took 261.285178 ms
    Reading took     158.769000 us
  Sample 23...
Starting computation...
    Writing took     3.958366 ms
    Computation took 260.660554 ms
    Reading took     311.873000 us
  Sample 24...
Starting computation...
    Writing took     7.978185 ms
    Computation took 259.275374 ms
    Reading took     208.700000 us
  Sample 25...
Starting computation...
    Writing took     5.429343 ms
    Computation took 259.334567 ms
    Reading took     226.182000 us
  Sample 26...
Starting computation...
    Writing took     5.466862 ms
    Computation took 258.819884 ms
    Reading took     180.624000 us
  Sample 27...
Starting computation...
    Writing took     4.675888 ms
    Computation took 259.615658 ms
    Reading took     293.200000 us
  Sample 28...
Starting computation...
    Writing took     8.557843 ms
    Computation took 259.215418 ms
    Reading took     277.967000 us
  Sample 29...
Starting computation...
    Writing took     8.425590 ms
    Computation took 258.904274 ms
    Reading took     196.027000 us
  Sample 30...
Starting computation...
    Writing took     5.060104 ms
    Computation took 259.326495 ms
    Reading took     197.426000 us
  Sample 31...
Starting computation...
    Writing took     5.052373 ms
    Computation took 259.687656 ms
    Reading took     198.173000 us
  Sample 32...
Starting computation...
    Writing took     5.043130 ms
    Computation took 263.250648 ms
    Reading took     199.629000 us
  Sample 33...
Starting computation...
    Writing took     5.056209 ms
    Computation took 272.663703 ms
    Reading took     193.882000 us
  Sample 34...
Starting computation...
    Writing took     5.036068 ms
    Computation took 273.061891 ms
    Reading took     201.510000 us
  Sample 35...
Starting computation...
    Writing took     5.079910 ms
    Computation took 270.555152 ms
    Reading took     194.299000 us
  Sample 36...
Starting computation...
    Writing took     5.046983 ms
    Computation took 269.173537 ms
    Reading took     194.910000 us
  Sample 37...
Starting computation...
    Writing took     5.034457 ms
    Computation took 267.212348 ms
    Reading took     195.788000 us
  Sample 38...
Starting computation...
    Writing took     5.012628 ms
    Computation took 263.856669 ms
    Reading took     169.434000 us
  Sample 39...
Starting computation...
    Writing took     4.303650 ms
    Computation took 261.698902 ms
    Reading took     166.945000 us
  Sample 40...
Starting computation...
    Writing took     4.140196 ms
    Computation took 261.353336 ms
    Reading took     195.030000 us
  Sample 41...
Starting computation...
    Writing took     4.687359 ms
    Computation took 260.269824 ms
    Reading took     200.587000 us
  Sample 42...
Starting computation...
    Writing took     4.959387 ms
    Computation took 259.295380 ms
    Reading took     185.659000 us
  Sample 43...
Starting computation...
    Writing took     4.461145 ms
    Computation took 260.456655 ms
    Reading took     193.157000 us
  Sample 44...
Starting computation...
    Writing took     5.671648 ms
    Computation took 258.805499 ms
    Reading took     183.734000 us
  Sample 45...
Starting computation...
    Writing took     5.030748 ms
    Computation took 259.022372 ms
    Reading took     284.444000 us
  Sample 46...
Starting computation...
    Writing took     4.831417 ms
    Computation took 258.801161 ms
    Reading took     184.042000 us
  Sample 47...
Starting computation...
    Writing took     4.607524 ms
    Computation took 258.840375 ms
    Reading took     181.888000 us
  Sample 48...
Starting computation...
    Writing took     4.575131 ms
    Computation took 258.865033 ms
    Reading took     293.061000 us
  Sample 49...
Starting computation...
    Writing took     7.861227 ms
    Computation took 259.137150 ms
    Reading took     168.015000 us
  Sample 50...
Starting computation...
    Writing took     3.822936 ms
    Computation took 258.812679 ms
    Reading took     216.827000 us
  Sample 51...
Starting computation...
    Writing took     4.183153 ms
    Computation took 259.736858 ms
    Reading took     164.153000 us
  Sample 52...
Starting computation...
    Writing took     3.920539 ms
    Computation took 258.791094 ms
    Reading took     327.353000 us
  Sample 53...
Starting computation...
    Writing took     9.403535 ms
    Computation took 260.461428 ms
    Reading took     197.086000 us
  Sample 54...
Starting computation...
    Writing took     5.034293 ms
    Computation took 259.124148 ms
    Reading took     196.683000 us
  Sample 55...
Starting computation...
    Writing took     5.054943 ms
    Computation took 259.330037 ms
    Reading took     196.967000 us
  Sample 56...
Starting computation...
    Writing took     5.043910 ms
    Computation took 259.135933 ms
    Reading took     193.167000 us
  Sample 57...
Starting computation...
    Writing took     5.024923 ms
    Computation took 259.252034 ms
    Reading took     291.606000 us
  Sample 58...
Starting computation...
    Writing took     6.765069 ms
    Computation took 261.430608 ms
    Reading took     197.047000 us
  Sample 59...
Starting computation...
    Writing took     5.020133 ms
    Computation took 261.648595 ms
    Reading took     196.323000 us
  Sample 60...
Starting computation...
    Writing took     5.022463 ms
    Computation took 262.275658 ms
    Reading took     195.071000 us
  Sample 61...
Starting computation...
    Writing took     5.024896 ms
    Computation took 261.638183 ms
    Reading took     197.724000 us
  Sample 62...
Starting computation...
    Writing took     5.438043 ms
    Computation took 260.267515 ms
    Reading took     200.490000 us
  Sample 63...
Starting computation...
    Writing took     5.899935 ms
    Computation took 259.646767 ms
    Reading took     200.719000 us
  Sample 64...
Starting computation...
    Writing took     5.033186 ms
    Computation took 259.739898 ms
    Reading took     153.362000 us
  Sample 65...
Starting computation...
    Writing took     3.912609 ms
    Computation took 262.711210 ms
    Reading took     154.909000 us
  Sample 66...
Starting computation...
    Writing took     4.194007 ms
    Computation took 270.958255 ms
    Reading took     147.775000 us
  Sample 67...
Starting computation...
    Writing took     3.907025 ms
    Computation took 270.768110 ms
    Reading took     144.773000 us
  Sample 68...
Starting computation...
    Writing took     3.973738 ms
    Computation took 269.511854 ms
    Reading took     214.287000 us
  Sample 69...
Starting computation...
    Writing took     4.393043 ms
    Computation took 267.612666 ms
    Reading took     154.939000 us
  Sample 70...
Starting computation...
    Writing took     4.642169 ms
    Computation took 266.148187 ms
    Reading took     164.360000 us
  Sample 71...
Starting computation...
    Writing took     4.097267 ms
    Computation took 262.367268 ms
    Reading took     189.096000 us
  Sample 72...
Starting computation...
    Writing took     5.628898 ms
    Computation took 261.074185 ms
    Reading took     160.803000 us
  Sample 73...
Starting computation...
    Writing took     7.633398 ms
    Computation took 260.021481 ms
    Reading took     196.316000 us
  Sample 74...
Starting computation...
    Writing took     5.392879 ms
    Computation took 259.477265 ms
    Reading took     197.199000 us
  Sample 75...
Starting computation...
    Writing took     5.401495 ms
    Computation took 258.804522 ms
    Reading took     160.566000 us
  Sample 76...
Starting computation...
    Writing took     4.272542 ms
    Computation took 259.102965 ms
    Reading took     166.199000 us
  Sample 77...
Starting computation...
    Writing took     4.510784 ms
    Computation took 258.770482 ms
    Reading took     153.588000 us
  Sample 78...
Starting computation...
    Writing took     4.118236 ms
    Computation took 258.679058 ms
    Reading took     154.820000 us
  Sample 79...
Starting computation...
    Writing took     4.197339 ms
    Computation took 259.034746 ms
    Reading took     149.949000 us
  Sample 80...
Starting computation...
    Writing took     3.893094 ms
    Computation took 258.793168 ms
    Reading took     201.373000 us
  Sample 81...
Starting computation...
    Writing took     5.424203 ms
    Computation took 258.765165 ms
    Reading took     199.177000 us
  Sample 82...
Starting computation...
    Writing took     5.407344 ms
    Computation took 259.683782 ms
    Reading took     158.583000 us
  Sample 83...
Starting computation...
    Writing took     4.182143 ms
    Computation took 259.340104 ms
    Reading took     154.175000 us
  Sample 84...
Starting computation...
    Writing took     4.204658 ms
    Computation took 259.515923 ms
    Reading took     155.659000 us
  Sample 85...
Starting computation...
    Writing took     4.196014 ms
    Computation took 258.831484 ms
    Reading took     190.831000 us
  Sample 86...
Starting computation...
    Writing took     5.001281 ms
    Computation took 258.873968 ms
    Reading took     309.761000 us
  Sample 87...
Starting computation...
    Writing took     8.554847 ms
    Computation took 259.265273 ms
    Reading took     307.010000 us
  Sample 88...
Starting computation...
    Writing took     5.726889 ms
    Computation took 260.517188 ms
    Reading took     156.548000 us
  Sample 89...
Starting computation...
    Writing took     4.163297 ms
    Computation took 264.647570 ms
    Reading took     160.255000 us
  Sample 90...
Starting computation...
    Writing took     4.269714 ms
    Computation took 266.431009 ms
    Reading took     170.170000 us
  Sample 91...
Starting computation...
    Writing took     4.459502 ms
    Computation took 264.986001 ms
    Reading took     266.530000 us
  Sample 92...
Starting computation...
    Writing took     6.570465 ms
    Computation took 263.109308 ms
    Reading took     201.284000 us
  Sample 93...
Starting computation...
    Writing took     5.393799 ms
    Computation took 260.608673 ms
    Reading took     214.924000 us
  Sample 94...
Starting computation...
    Writing took     5.323695 ms
    Computation took 260.126952 ms
    Reading took     149.760000 us
  Sample 95...
Starting computation...
    Writing took     3.961252 ms
    Computation took 259.254374 ms
    Reading took     288.714000 us
  Sample 96...
Starting computation...
    Writing took     7.644333 ms
    Computation took 258.765910 ms
    Reading took     173.151000 us
  Sample 97...
Starting computation...
    Writing took     4.082922 ms
    Computation took 259.072296 ms
    Reading took     254.409000 us
  Sample 98...
Starting computation...
    Writing took     6.538961 ms
    Computation took 258.818019 ms
    Reading took     314.433000 us
  Sample 99...
Starting computation...
    Writing took     8.428028 ms
    Computation took 258.828342 ms
    Reading took     152.608000 us
Mean computation time: 261.279702 ms
Mean deviation: 2.575988 ms (0.985912%)
Mean computation time (per hash): 3.899696 ms
Mean deviation (per hash): 38.447000 us
