Using device #0: CUDA Device 'GeForce GTX 1080 Ti'
  Sample 0...
Starting computation...
    Writing took     734.504000 us
    Computation took 185.432748 ms
    Reading took     24.070000 us
  Sample 1...
Starting computation...
    Writing took     507.919000 us
    Computation took 185.438546 ms
    Reading took     51.360000 us
  Sample 2...
Starting computation...
    Writing took     1.330597 ms
    Computation took 185.460000 ms
    Reading took     28.571000 us
  Sample 3...
Starting computation...
    Writing took     713.431000 us
    Computation took 185.442048 ms
    Reading took     31.891000 us
  Sample 4...
Starting computation...
    Writing took     740.993000 us
    Computation took 185.418257 ms
    Reading took     20.874000 us
  Sample 5...
Starting computation...
    Writing took     508.173000 us
    Computation took 185.411817 ms
    Reading took     24.473000 us
  Sample 6...
Starting computation...
    Writing took     531.356000 us
    Computation took 185.401090 ms
    Reading took     20.801000 us
  Sample 7...
Starting computation...
    Writing took     507.296000 us
    Computation took 185.401402 ms
    Reading took     20.644000 us
  Sample 8...
Starting computation...
    Writing took     506.607000 us
    Computation took 185.426143 ms
    Reading took     31.509000 us
  Sample 9...
Starting computation...
    Writing took     746.373000 us
    Computation took 185.432966 ms
    Reading took     28.109000 us
  Sample 10...
Starting computation...
    Writing took     713.001000 us
    Computation took 185.445677 ms
    Reading took     29.602000 us
  Sample 11...
Starting computation...
    Writing took     731.779000 us
    Computation took 185.407682 ms
    Reading took     20.384000 us
  Sample 12...
Starting computation...
    Writing took     504.770000 us
    Computation took 185.393368 ms
    Reading took     23.098000 us
  Sample 13...
Starting computation...
    Writing took     541.708000 us
    Computation took 185.395950 ms
    Reading took     22.886000 us
  Sample 14...
Starting computation...
    Writing took     544.407000 us
    Computation took 185.403021 ms
    Reading took     22.615000 us
  Sample 15...
Starting computation...
    Writing took     542.127000 us
    Computation took 185.450509 ms
    Reading took     23.323000 us
  Sample 16...
Starting computation...
    Writing took     524.293000 us
    Computation took 185.426076 ms
    Reading took     23.366000 us
  Sample 17...
Starting computation...
    Writing took     520.792000 us
    Computation took 185.435436 ms
    Reading took     23.199000 us
  Sample 18...
Starting computation...
    Writing took     521.888000 us
    Computation took 185.423586 ms
    Reading took     33.948000 us
  Sample 19...
Starting computation...
    Writing took     816.902000 us
    Computation took 185.431319 ms
    Reading took     30.295000 us
  Sample 20...
Starting computation...
    Writing took     736.449000 us
    Computation took 185.435150 ms
    Reading took     27.408000 us
  Sample 21...
Starting computation...
    Writing took     712.663000 us
    Computation took 185.440939 ms
    Reading took     30.610000 us
  Sample 22...
Starting computation...
    Writing took     731.620000 us
    Computation took 185.428402 ms
    Reading took     23.027000 us
  Sample 23...
Starting computation...
    Writing took     528.002000 us
    Computation took 185.445599 ms
    Reading took     22.732000 us
  Sample 24...
Starting computation...
    Writing took     521.307000 us
    Computation took 185.383488 ms
    Reading took     21.001000 us
  Sample 25...
Starting computation...
    Writing took     505.150000 us
    Computation took 185.383454 ms
    Reading took     20.137000 us
  Sample 26...
Starting computation...
    Writing took     505.784000 us
    Computation took 185.397107 ms
    Reading took     22.729000 us
  Sample 27...
Starting computation...
    Writing took     518.303000 us
    Computation took 185.388492 ms
    Reading took     23.162000 us
  Sample 28...
Starting computation...
    Writing took     526.729000 us
    Computation took 185.421701 ms
    Reading took     23.298000 us
  Sample 29...
Starting computation...
    Writing took     521.868000 us
    Computation took 185.413831 ms
    Reading took     24.143000 us
  Sample 30...
Starting computation...
    Writing took     519.759000 us
    Computation took 185.392103 ms
    Reading took     22.497000 us
  Sample 31...
Starting computation...
    Writing took     537.578000 us
    Computation took 185.378351 ms
    Reading took     20.467000 us
  Sample 32...
Starting computation...
    Writing took     505.838000 us
    Computation took 185.407504 ms
    Reading took     24.153000 us
  Sample 33...
Starting computation...
    Writing took     527.920000 us
    Computation took 185.410582 ms
    Reading took     20.607000 us
  Sample 34...
Starting computation...
    Writing took     505.595000 us
    Computation took 185.398468 ms
    Reading took     20.564000 us
  Sample 35...
Starting computation...
    Writing took     505.469000 us
    Computation took 185.419292 ms
    Reading took     23.400000 us
  Sample 36...
Starting computation...
    Writing took     521.458000 us
    Computation took 185.422526 ms
    Reading took     22.991000 us
  Sample 37...
Starting computation...
    Writing took     518.643000 us
    Computation took 185.405422 ms
    Reading took     23.053000 us
  Sample 38...
Starting computation...
    Writing took     518.340000 us
    Computation took 185.411010 ms
    Reading took     23.035000 us
  Sample 39...
Starting computation...
    Writing took     527.204000 us
    Computation took 185.429418 ms
    Reading took     33.278000 us
  Sample 40...
Starting computation...
    Writing took     752.200000 us
    Computation took 185.457721 ms
    Reading took     32.140000 us
  Sample 41...
Starting computation...
    Writing took     745.937000 us
    Computation took 185.444870 ms
    Reading took     35.955000 us
  Sample 42...
Starting computation...
    Writing took     852.279000 us
    Computation took 185.445582 ms
    Reading took     27.016000 us
  Sample 43...
Starting computation...
    Writing took     712.805000 us
    Computation took 185.418003 ms
    Reading took     29.456000 us
  Sample 44...
Starting computation...
    Writing took     733.799000 us
    Computation took 185.464846 ms
    Reading took     30.867000 us
  Sample 45...
Starting computation...
    Writing took     731.629000 us
    Computation took 185.408035 ms
    Reading took     23.059000 us
  Sample 46...
Starting computation...
    Writing took     523.021000 us
    Computation took 185.377355 ms
    Reading took     19.843000 us
  Sample 47...
Starting computation...
    Writing took     506.166000 us
    Computation took 185.401329 ms
    Reading took     20.817000 us
  Sample 48...
Starting computation...
    Writing took     514.848000 us
    Computation took 185.393239 ms
    Reading took     23.770000 us
  Sample 49...
Starting computation...
    Writing took     526.035000 us
    Computation took 185.406104 ms
    Reading took     23.953000 us
  Sample 50...
Starting computation...
    Writing took     532.237000 us
    Computation took 185.414740 ms
    Reading took     23.667000 us
  Sample 51...
Starting computation...
    Writing took     526.488000 us
    Computation took 185.449290 ms
    Reading took     45.745000 us
  Sample 52...
Starting computation...
    Writing took     1.149900 ms
    Computation took 185.464424 ms
    Reading took     31.969000 us
  Sample 53...
Starting computation...
    Writing took     738.313000 us
    Computation took 185.405741 ms
    Reading took     28.296000 us
  Sample 54...
Starting computation...
    Writing took     712.596000 us
    Computation took 185.395969 ms
    Reading took     28.614000 us
  Sample 55...
Starting computation...
    Writing took     716.351000 us
    Computation took 185.415159 ms
    Reading took     21.944000 us
  Sample 56...
Starting computation...
    Writing took     514.542000 us
    Computation took 185.419120 ms
    Reading took     26.767000 us
  Sample 57...
Starting computation...
    Writing took     715.635000 us
    Computation took 185.397010 ms
    Reading took     20.240000 us
  Sample 58...
Starting computation...
    Writing took     505.660000 us
    Computation took 185.380963 ms
    Reading took     22.033000 us
  Sample 59...
Starting computation...
    Writing took     516.253000 us
    Computation took 185.389669 ms
    Reading took     19.934000 us
  Sample 60...
Starting computation...
    Writing took     505.920000 us
    Computation took 185.390738 ms
    Reading took     20.166000 us
  Sample 61...
Starting computation...
    Writing took     505.700000 us
    Computation took 185.394326 ms
    Reading took     22.037000 us
  Sample 62...
Starting computation...
    Writing took     522.574000 us
    Computation took 185.407928 ms
    Reading took     24.003000 us
  Sample 63...
Starting computation...
    Writing took     530.674000 us
    Computation took 185.436548 ms
    Reading took     20.472000 us
  Sample 64...
Starting computation...
    Writing took     505.271000 us
    Computation took 185.417658 ms
    Reading took     21.178000 us
  Sample 65...
Starting computation...
    Writing took     506.054000 us
    Computation took 185.379280 ms
    Reading took     20.403000 us
  Sample 66...
Starting computation...
    Writing took     505.998000 us
    Computation took 185.422815 ms
    Reading took     39.209000 us
  Sample 67...
Starting computation...
    Writing took     954.167000 us
    Computation took 185.482706 ms
    Reading took     43.161000 us
  Sample 68...
Starting computation...
    Writing took     1.090948 ms
    Computation took 185.463559 ms
    Reading took     28.171000 us
  Sample 69...
Starting computation...
    Writing took     717.412000 us
    Computation took 185.402322 ms
    Reading took     22.131000 us
  Sample 70...
Starting computation...
    Writing took     540.730000 us
    Computation took 185.408267 ms
    Reading took     23.111000 us
  Sample 71...
Starting computation...
    Writing took     531.451000 us
    Computation took 185.450995 ms
    Reading took     22.414000 us
  Sample 72...
Starting computation...
    Writing took     514.797000 us
    Computation took 185.395540 ms
    Reading took     20.157000 us
  Sample 73...
Starting computation...
    Writing took     509.749000 us
    Computation took 185.387872 ms
    Reading took     22.556000 us
  Sample 74...
Starting computation...
    Writing took     527.283000 us
    Computation took 185.430308 ms
    Reading took     20.559000 us
  Sample 75...
Starting computation...
    Writing took     508.457000 us
    Computation took 185.395357 ms
    Reading took     22.522000 us
  Sample 76...
Starting computation...
    Writing took     513.409000 us
    Computation took 185.409037 ms
    Reading took     20.485000 us
  Sample 77...
Starting computation...
    Writing took     509.040000 us
    Computation took 185.387982 ms
    Reading took     22.838000 us
  Sample 78...
Starting computation...
    Writing took     524.854000 us
    Computation took 185.402341 ms
    Reading took     23.200000 us
  Sample 79...
Starting computation...
    Writing took     535.212000 us
    Computation took 185.383610 ms
    Reading took     20.554000 us
  Sample 80...
Starting computation...
    Writing took     506.107000 us
    Computation took 185.383550 ms
    Reading took     19.521000 us
  Sample 81...
Starting computation...
    Writing took     510.147000 us
    Computation took 185.394098 ms
    Reading took     20.533000 us
  Sample 82...
Starting computation...
    Writing took     505.819000 us
    Computation took 185.426031 ms
    Reading took     21.910000 us
  Sample 83...
Starting computation...
    Writing took     520.348000 us
    Computation took 185.453945 ms
    Reading took     33.400000 us
  Sample 84...
Starting computation...
    Writing took     750.104000 us
    Computation took 185.473630 ms
    Reading took     31.567000 us
  Sample 85...
Starting computation...
    Writing took     757.402000 us
    Computation took 185.419828 ms
    Reading took     29.444000 us
  Sample 86...
Starting computation...
    Writing took     713.088000 us
    Computation took 185.418242 ms
    Reading took     25.626000 us
  Sample 87...
Starting computation...
    Writing took     591.972000 us
    Computation took 185.443367 ms
    Reading took     24.843000 us
  Sample 88...
Starting computation...
    Writing took     537.871000 us
    Computation took 185.434309 ms
    Reading took     24.140000 us
  Sample 89...
Starting computation...
    Writing took     506.367000 us
    Computation took 185.433286 ms
    Reading took     46.011000 us
  Sample 90...
Starting computation...
    Writing took     1.147369 ms
    Computation took 185.469924 ms
    Reading took     31.053000 us
  Sample 91...
Starting computation...
    Writing took     736.528000 us
    Computation took 185.420548 ms
    Reading took     30.751000 us
  Sample 92...
Starting computation...
    Writing took     722.589000 us
    Computation took 185.456255 ms
    Reading took     30.382000 us
  Sample 93...
Starting computation...
    Writing took     732.215000 us
    Computation took 185.446790 ms
    Reading took     20.662000 us
  Sample 94...
Starting computation...
    Writing took     514.284000 us
    Computation took 185.374751 ms
    Reading took     19.569000 us
  Sample 95...
Starting computation...
    Writing took     506.159000 us
    Computation took 185.356059 ms
    Reading took     20.645000 us
  Sample 96...
Starting computation...
    Writing took     506.353000 us
    Computation took 185.393862 ms
    Reading took     20.477000 us
  Sample 97...
Starting computation...
    Writing took     505.979000 us
    Computation took 185.410061 ms
    Reading took     24.000000 us
  Sample 98...
Starting computation...
    Writing took     529.631000 us
    Computation took 185.452914 ms
    Reading took     49.117000 us
  Sample 99...
Starting computation...
    Writing took     1.241737 ms
    Computation took 185.489881 ms
    Reading took     32.765000 us
Mean computation time: 185.418401 ms
Mean deviation: 21.901000 us (0.0118117%)
Mean computation time (per hash): 20.602044 ms
Mean deviation (per hash): 2.433000 us
