Using device #0: CUDA Device 'GeForce GTX 1080 Ti'
  Sample 0...
Starting computation...
    Writing took     6.299087 ms
    Computation took 258.179935 ms
    Reading took     213.289000 us
  Sample 1...
Starting computation...
    Writing took     5.814530 ms
    Computation took 258.154247 ms
    Reading took     169.215000 us
  Sample 2...
Starting computation...
    Writing took     4.480881 ms
    Computation took 258.090050 ms
    Reading took     285.417000 us
  Sample 3...
Starting computation...
    Writing took     7.588877 ms
    Computation took 258.165802 ms
    Reading took     229.382000 us
  Sample 4...
Starting computation...
    Writing took     6.320768 ms
    Computation took 258.299061 ms
    Reading took     216.447000 us
  Sample 5...
Starting computation...
    Writing took     5.798735 ms
    Computation took 258.099275 ms
    Reading took     399.004000 us
  Sample 6...
Starting computation...
    Writing took     10.670276 ms
    Computation took 258.196294 ms
    Reading took     231.148000 us
  Sample 7...
Starting computation...
    Writing took     6.306663 ms
    Computation took 258.227743 ms
    Reading took     214.477000 us
  Sample 8...
Starting computation...
    Writing took     5.667185 ms
    Computation took 258.107348 ms
    Reading took     169.960000 us
  Sample 9...
Starting computation...
    Writing took     4.979886 ms
    Computation took 258.181964 ms
    Reading took     276.116000 us
  Sample 10...
Starting computation...
    Writing took     8.568343 ms
    Computation took 258.140862 ms
    Reading took     170.076000 us
  Sample 11...
Starting computation...
    Writing took     4.577946 ms
    Computation took 258.127608 ms
    Reading took     219.610000 us
  Sample 12...
Starting computation...
    Writing took     5.802178 ms
    Computation took 258.179000 ms
    Reading took     248.164000 us
  Sample 13...
Starting computation...
    Writing took     6.373164 ms
    Computation took 258.123844 ms
    Reading took     239.917000 us
  Sample 14...
Starting computation...
    Writing took     6.356023 ms
    Computation took 258.259556 ms
    Reading took     259.636000 us
  Sample 15...
Starting computation...
    Writing took     8.566326 ms
    Computation took 258.140088 ms
    Reading took     213.595000 us
  Sample 16...
Starting computation...
    Writing took     5.687282 ms
    Computation took 258.322421 ms
    Reading took     190.487000 us
  Sample 17...
Starting computation...
    Writing took     4.679969 ms
    Computation took 258.265925 ms
    Reading took     261.870000 us
  Sample 18...
Starting computation...
    Writing took     7.006439 ms
    Computation took 258.181549 ms
    Reading took     232.449000 us
  Sample 19...
Starting computation...
    Writing took     5.674615 ms
    Computation took 258.177930 ms
    Reading took     201.938000 us
  Sample 20...
Starting computation...
    Writing took     5.200617 ms
    Computation took 258.234622 ms
    Reading took     229.399000 us
  Sample 21...
Starting computation...
    Writing took     5.800788 ms
    Computation took 258.298781 ms
    Reading took     235.468000 us
  Sample 22...
Starting computation...
    Writing took     5.891898 ms
    Computation took 258.083858 ms
    Reading took     231.321000 us
  Sample 23...
Starting computation...
    Writing took     6.310187 ms
    Computation took 258.207175 ms
    Reading took     193.952000 us
  Sample 24...
Starting computation...
    Writing took     5.208582 ms
    Computation took 258.148249 ms
    Reading took     185.913000 us
  Sample 25...
Starting computation...
    Writing took     4.977116 ms
    Computation took 258.166358 ms
    Reading took     179.273000 us
  Sample 26...
Starting computation...
    Writing took     4.861078 ms
    Computation took 258.248136 ms
    Reading took     212.836000 us
  Sample 27...
Starting computation...
    Writing took     5.781261 ms
    Computation took 258.255246 ms
    Reading took     226.773000 us
  Sample 28...
Starting computation...
    Writing took     5.344822 ms
    Computation took 258.378499 ms
    Reading took     237.771000 us
  Sample 29...
Starting computation...
    Writing took     6.284504 ms
    Computation took 258.220814 ms
    Reading took     226.950000 us
  Sample 30...
Starting computation...
    Writing took     6.316516 ms
    Computation took 258.204539 ms
    Reading took     302.533000 us
  Sample 31...
Starting computation...
    Writing took     6.432601 ms
    Computation took 258.033824 ms
    Reading took     209.833000 us
  Sample 32...
Starting computation...
    Writing took     5.789085 ms
    Computation took 258.294765 ms
    Reading took     346.048000 us
  Sample 33...
Starting computation...
    Writing took     7.628867 ms
    Computation took 258.239212 ms
    Reading took     177.889000 us
  Sample 34...
Starting computation...
    Writing took     4.524992 ms
    Computation took 258.256575 ms
    Reading took     192.794000 us
  Sample 35...
Starting computation...
    Writing took     4.777080 ms
    Computation took 258.127512 ms
    Reading took     170.826000 us
  Sample 36...
Starting computation...
    Writing took     4.712391 ms
    Computation took 258.327309 ms
    Reading took     211.711000 us
  Sample 37...
Starting computation...
    Writing took     5.790325 ms
    Computation took 258.309306 ms
    Reading took     179.477000 us
  Sample 38...
Starting computation...
    Writing took     5.348987 ms
    Computation took 258.293785 ms
    Reading took     210.956000 us
  Sample 39...
Starting computation...
    Writing took     5.803603 ms
    Computation took 258.234030 ms
    Reading took     214.230000 us
  Sample 40...
Starting computation...
    Writing took     6.438971 ms
    Computation took 258.304261 ms
    Reading took     219.962000 us
  Sample 41...
Starting computation...
    Writing took     5.075388 ms
    Computation took 258.286094 ms
    Reading took     211.691000 us
  Sample 42...
Starting computation...
    Writing took     5.793250 ms
    Computation took 258.424751 ms
    Reading took     186.022000 us
  Sample 43...
Starting computation...
    Writing took     4.768831 ms
    Computation took 258.321887 ms
    Reading took     176.673000 us
  Sample 44...
Starting computation...
    Writing took     4.784076 ms
    Computation took 258.322620 ms
    Reading took     220.016000 us
  Sample 45...
Starting computation...
    Writing took     6.095866 ms
    Computation took 258.364309 ms
    Reading took     210.334000 us
  Sample 46...
Starting computation...
    Writing took     5.784462 ms
    Computation took 258.457779 ms
    Reading took     185.875000 us
  Sample 47...
Starting computation...
    Writing took     4.995011 ms
    Computation took 258.348420 ms
    Reading took     202.758000 us
  Sample 48...
Starting computation...
    Writing took     5.553070 ms
    Computation took 258.422789 ms
    Reading took     208.739000 us
  Sample 49...
Starting computation...
    Writing took     5.778959 ms
    Computation took 258.403232 ms
    Reading took     203.411000 us
  Sample 50...
Starting computation...
    Writing took     5.259292 ms
    Computation took 258.305639 ms
    Reading took     208.515000 us
  Sample 51...
Starting computation...
    Writing took     5.780440 ms
    Computation took 258.403252 ms
    Reading took     214.856000 us
  Sample 52...
Starting computation...
    Writing took     5.770415 ms
    Computation took 258.498772 ms
    Reading took     192.076000 us
  Sample 53...
Starting computation...
    Writing took     5.321683 ms
    Computation took 258.386207 ms
    Reading took     169.295000 us
  Sample 54...
Starting computation...
    Writing took     4.538347 ms
    Computation took 258.581105 ms
    Reading took     200.956000 us
  Sample 55...
Starting computation...
    Writing took     5.860688 ms
    Computation took 258.384890 ms
    Reading took     192.746000 us
  Sample 56...
Starting computation...
    Writing took     5.238584 ms
    Computation took 258.259315 ms
    Reading took     179.199000 us
  Sample 57...
Starting computation...
    Writing took     4.534837 ms
    Computation took 258.356468 ms
    Reading took     175.354000 us
  Sample 58...
Starting computation...
    Writing took     4.730774 ms
    Computation took 258.498151 ms
    Reading took     169.697000 us
  Sample 59...
Starting computation...
    Writing took     4.537777 ms
    Computation took 258.346504 ms
    Reading took     197.595000 us
  Sample 60...
Starting computation...
    Writing took     5.338500 ms
    Computation took 258.448485 ms
    Reading took     234.690000 us
  Sample 61...
Starting computation...
    Writing took     5.788385 ms
    Computation took 258.830498 ms
    Reading took     305.086000 us
  Sample 62...
Starting computation...
    Writing took     6.169620 ms
    Computation took 258.437030 ms
    Reading took     209.660000 us
  Sample 63...
Starting computation...
    Writing took     5.541222 ms
    Computation took 258.576504 ms
    Reading took     207.900000 us
  Sample 64...
Starting computation...
    Writing took     5.353003 ms
    Computation took 258.489646 ms
    Reading took     219.106000 us
  Sample 65...
Starting computation...
    Writing took     5.724251 ms
    Computation took 259.208598 ms
    Reading took     168.027000 us
  Sample 66...
Starting computation...
    Writing took     4.488012 ms
    Computation took 261.744439 ms
    Reading took     169.675000 us
  Sample 67...
Starting computation...
    Writing took     4.472001 ms
    Computation took 261.141344 ms
    Reading took     191.495000 us
  Sample 68...
Starting computation...
    Writing took     5.169353 ms
    Computation took 260.678243 ms
    Reading took     210.610000 us
  Sample 69...
Starting computation...
    Writing took     7.606678 ms
    Computation took 259.869967 ms
    Reading took     217.700000 us
  Sample 70...
Starting computation...
    Writing took     5.797192 ms
    Computation took 258.527400 ms
    Reading took     196.761000 us
  Sample 71...
Starting computation...
    Writing took     5.082677 ms
    Computation took 259.082557 ms
    Reading took     236.830000 us
  Sample 72...
Starting computation...
    Writing took     6.398070 ms
    Computation took 258.750614 ms
    Reading took     208.837000 us
  Sample 73...
Starting computation...
    Writing took     5.451047 ms
    Computation took 258.892459 ms
    Reading took     381.470000 us
  Sample 74...
Starting computation...
    Writing took     10.830919 ms
    Computation took 259.058837 ms
    Reading took     216.940000 us
  Sample 75...
Starting computation...
    Writing took     5.636884 ms
    Computation took 259.429258 ms
    Reading took     217.484000 us
  Sample 76...
Starting computation...
    Writing took     5.610085 ms
    Computation took 260.577980 ms
    Reading took     225.646000 us
  Sample 77...
Starting computation...
    Writing took     5.828395 ms
    Computation took 259.822048 ms
    Reading took     212.314000 us
  Sample 78...
Starting computation...
    Writing took     5.390383 ms
    Computation took 259.358258 ms
    Reading took     182.017000 us
  Sample 79...
Starting computation...
    Writing took     4.688453 ms
    Computation took 259.215587 ms
    Reading took     216.372000 us
  Sample 80...
Starting computation...
    Writing took     5.604848 ms
    Computation took 259.843261 ms
    Reading took     182.078000 us
  Sample 81...
Starting computation...
    Writing took     4.591580 ms
    Computation took 260.483084 ms
    Reading took     223.798000 us
  Sample 82...
Starting computation...
    Writing took     5.864403 ms
    Computation took 261.485584 ms
    Reading took     240.869000 us
  Sample 83...
Starting computation...
    Writing took     6.366020 ms
    Computation took 264.201890 ms
    Reading took     256.526000 us
  Sample 84...
Starting computation...
    Writing took     6.490394 ms
    Computation took 264.118753 ms
    Reading took     220.060000 us
  Sample 85...
Starting computation...
    Writing took     5.705849 ms
    Computation took 263.338444 ms
    Reading took     249.340000 us
  Sample 86...
Starting computation...
    Writing took     9.421280 ms
    Computation took 262.431631 ms
    Reading took     239.469000 us
  Sample 87...
Starting computation...
    Writing took     6.343177 ms
    Computation took 260.790153 ms
    Reading took     240.849000 us
  Sample 88...
Starting computation...
    Writing took     6.337894 ms
    Computation took 260.214320 ms
    Reading took     187.457000 us
  Sample 89...
Starting computation...
    Writing took     4.514240 ms
    Computation took 260.758261 ms
    Reading took     240.335000 us
  Sample 90...
Starting computation...
    Writing took     6.349834 ms
    Computation took 261.066589 ms
    Reading took     240.549000 us
  Sample 91...
Starting computation...
    Writing took     6.332797 ms
    Computation took 261.084918 ms
    Reading took     190.740000 us
  Sample 92...
Starting computation...
    Writing took     4.521375 ms
    Computation took 261.081029 ms
    Reading took     183.538000 us
  Sample 93...
Starting computation...
    Writing took     4.671273 ms
    Computation took 262.210228 ms
    Reading took     192.773000 us
  Sample 94...
Starting computation...
    Writing took     4.886853 ms
    Computation took 262.006560 ms
    Reading took     225.535000 us
  Sample 95...
Starting computation...
    Writing took     5.802698 ms
    Computation took 262.425135 ms
    Reading took     291.887000 us
  Sample 96...
Starting computation...
    Writing took     6.763671 ms
    Computation took 263.593668 ms
    Reading took     222.738000 us
  Sample 97...
Starting computation...
    Writing took     5.939458 ms
    Computation took 263.254417 ms
    Reading took     223.602000 us
  Sample 98...
Starting computation...
    Writing took     5.821601 ms
    Computation took 262.462931 ms
    Reading took     203.183000 us
  Sample 99...
Starting computation...
    Writing took     5.277300 ms
    Computation took 260.836356 ms
    Reading took     243.967000 us
Mean computation time: 259.216865 ms
Mean deviation: 1.244730 ms (0.480189%)
Mean computation time (per hash): 3.323292 ms
Mean deviation (per hash): 15.957000 us
