Using device #0: CUDA Device 'GeForce GTX 1080 Ti'
  Sample 0...
Starting computation...
    Writing took     9.667500 ms
    Computation took 274.967515 ms
    Reading took     230.778000 us
  Sample 1...
Starting computation...
    Writing took     6.202197 ms
    Computation took 274.597730 ms
    Reading took     237.947000 us
  Sample 2...
Starting computation...
    Writing took     6.268201 ms
    Computation took 274.640748 ms
    Reading took     240.827000 us
  Sample 3...
Starting computation...
    Writing took     6.274914 ms
    Computation took 274.492216 ms
    Reading took     217.138000 us
  Sample 4...
Starting computation...
    Writing took     4.619042 ms
    Computation took 274.923186 ms
    Reading took     212.814000 us
  Sample 5...
Starting computation...
    Writing took     6.232334 ms
    Computation took 276.600191 ms
    Reading took     393.813000 us
  Sample 6...
Starting computation...
    Writing took     10.601915 ms
    Computation took 280.372857 ms
    Reading took     227.826000 us
  Sample 7...
Starting computation...
    Writing took     6.386782 ms
    Computation took 279.590479 ms
    Reading took     228.777000 us
  Sample 8...
Starting computation...
    Writing took     6.202854 ms
    Computation took 279.463802 ms
    Reading took     207.186000 us
  Sample 9...
Starting computation...
    Writing took     5.728378 ms
    Computation took 277.454543 ms
    Reading took     250.447000 us
  Sample 10...
Starting computation...
    Writing took     5.905520 ms
    Computation took 277.961743 ms
    Reading took     203.286000 us
  Sample 11...
Starting computation...
    Writing took     5.457096 ms
    Computation took 276.140482 ms
    Reading took     177.959000 us
  Sample 12...
Starting computation...
    Writing took     4.797087 ms
    Computation took 275.006004 ms
    Reading took     167.731000 us
  Sample 13...
Starting computation...
    Writing took     4.593757 ms
    Computation took 275.703117 ms
    Reading took     372.245000 us
  Sample 14...
Starting computation...
    Writing took     11.657910 ms
    Computation took 276.228296 ms
    Reading took     239.069000 us
  Sample 15...
Starting computation...
    Writing took     6.250419 ms
    Computation took 276.825508 ms
    Reading took     256.853000 us
  Sample 16...
Starting computation...
    Writing took     6.238456 ms
    Computation took 276.610334 ms
    Reading took     191.280000 us
  Sample 17...
Starting computation...
    Writing took     4.837927 ms
    Computation took 276.254331 ms
    Reading took     207.388000 us
  Sample 18...
Starting computation...
    Writing took     5.470448 ms
    Computation took 276.222305 ms
    Reading took     221.156000 us
  Sample 19...
Starting computation...
    Writing took     6.167002 ms
    Computation took 275.319869 ms
    Reading took     186.620000 us
  Sample 20...
Starting computation...
    Writing took     4.455527 ms
    Computation took 275.608175 ms
    Reading took     225.303000 us
  Sample 21...
Starting computation...
    Writing took     5.724932 ms
    Computation took 277.205648 ms
    Reading took     208.371000 us
  Sample 22...
Starting computation...
    Writing took     5.351396 ms
    Computation took 275.350350 ms
    Reading took     179.574000 us
  Sample 23...
Starting computation...
    Writing took     4.460340 ms
    Computation took 276.643540 ms
    Reading took     195.060000 us
  Sample 24...
Starting computation...
    Writing took     4.910077 ms
    Computation took 276.651063 ms
    Reading took     206.872000 us
  Sample 25...
Starting computation...
    Writing took     5.395496 ms
    Computation took 274.853632 ms
    Reading took     192.086000 us
  Sample 26...
Starting computation...
    Writing took     4.527186 ms
    Computation took 275.092392 ms
    Reading took     227.943000 us
  Sample 27...
Starting computation...
    Writing took     5.707551 ms
    Computation took 276.095344 ms
    Reading took     192.870000 us
  Sample 28...
Starting computation...
    Writing took     4.704730 ms
    Computation took 274.968267 ms
    Reading took     189.215000 us
  Sample 29...
Starting computation...
    Writing took     4.732754 ms
    Computation took 275.541677 ms
    Reading took     187.069000 us
  Sample 30...
Starting computation...
    Writing took     4.680916 ms
    Computation took 276.794256 ms
    Reading took     196.170000 us
  Sample 31...
Starting computation...
    Writing took     4.966067 ms
    Computation took 277.845676 ms
    Reading took     189.298000 us
  Sample 32...
Starting computation...
    Writing took     4.922615 ms
    Computation took 278.291597 ms
    Reading took     186.749000 us
  Sample 33...
Starting computation...
    Writing took     4.803664 ms
    Computation took 278.729390 ms
    Reading took     213.641000 us
  Sample 34...
Starting computation...
    Writing took     5.514256 ms
    Computation took 276.584190 ms
    Reading took     222.286000 us
  Sample 35...
Starting computation...
    Writing took     5.786181 ms
    Computation took 277.396180 ms
    Reading took     337.219000 us
  Sample 36...
Starting computation...
    Writing took     10.354379 ms
    Computation took 277.376167 ms
    Reading took     198.140000 us
  Sample 37...
Starting computation...
    Writing took     4.814544 ms
    Computation took 276.759046 ms
    Reading took     221.530000 us
  Sample 38...
Starting computation...
    Writing took     5.728110 ms
    Computation took 277.773060 ms
    Reading took     182.860000 us
  Sample 39...
Starting computation...
    Writing took     4.472322 ms
    Computation took 279.566769 ms
    Reading took     177.912000 us
  Sample 40...
Starting computation...
    Writing took     4.346837 ms
    Computation took 279.222012 ms
    Reading took     208.402000 us
  Sample 41...
Starting computation...
    Writing took     5.366075 ms
    Computation took 277.118671 ms
    Reading took     219.793000 us
  Sample 42...
Starting computation...
    Writing took     5.781859 ms
    Computation took 276.367553 ms
    Reading took     246.046000 us
  Sample 43...
Starting computation...
    Writing took     5.845899 ms
    Computation took 277.566679 ms
    Reading took     228.698000 us
  Sample 44...
Starting computation...
    Writing took     5.868912 ms
    Computation took 280.903549 ms
    Reading took     200.104000 us
  Sample 45...
Starting computation...
    Writing took     4.986880 ms
    Computation took 280.023203 ms
    Reading took     181.571000 us
  Sample 46...
Starting computation...
    Writing took     4.455539 ms
    Computation took 277.099128 ms
    Reading took     191.837000 us
  Sample 47...
Starting computation...
    Writing took     4.807685 ms
    Computation took 276.096665 ms
    Reading took     416.501000 us
  Sample 48...
Starting computation...
    Writing took     7.785226 ms
    Computation took 275.140305 ms
    Reading took     223.482000 us
  Sample 49...
Starting computation...
    Writing took     6.184543 ms
    Computation took 277.162622 ms
    Reading took     168.160000 us
  Sample 50...
Starting computation...
    Writing took     4.584395 ms
    Computation took 274.836370 ms
    Reading took     225.826000 us
  Sample 51...
Starting computation...
    Writing took     6.230119 ms
    Computation took 274.698635 ms
    Reading took     221.386000 us
  Sample 52...
Starting computation...
    Writing took     6.190996 ms
    Computation took 276.571912 ms
    Reading took     194.246000 us
  Sample 53...
Starting computation...
    Writing took     5.452038 ms
    Computation took 274.904824 ms
    Reading took     377.939000 us
  Sample 54...
Starting computation...
    Writing took     10.267827 ms
    Computation took 275.432889 ms
    Reading took     239.766000 us
  Sample 55...
Starting computation...
    Writing took     6.269845 ms
    Computation took 275.268537 ms
    Reading took     239.671000 us
  Sample 56...
Starting computation...
    Writing took     6.278437 ms
    Computation took 276.329770 ms
    Reading took     201.982000 us
  Sample 57...
Starting computation...
    Writing took     5.120185 ms
    Computation took 278.350481 ms
    Reading took     225.232000 us
  Sample 58...
Starting computation...
    Writing took     5.211448 ms
    Computation took 279.062431 ms
    Reading took     226.830000 us
  Sample 59...
Starting computation...
    Writing took     5.744785 ms
    Computation took 279.965873 ms
    Reading took     190.948000 us
  Sample 60...
Starting computation...
    Writing took     4.893896 ms
    Computation took 278.912739 ms
    Reading took     181.403000 us
  Sample 61...
Starting computation...
    Writing took     4.644068 ms
    Computation took 279.057349 ms
    Reading took     247.695000 us
  Sample 62...
Starting computation...
    Writing took     6.137942 ms
    Computation took 278.838088 ms
    Reading took     237.186000 us
  Sample 63...
Starting computation...
    Writing took     6.246636 ms
    Computation took 279.976118 ms
    Reading took     224.750000 us
  Sample 64...
Starting computation...
    Writing took     5.747111 ms
    Computation took 277.906938 ms
    Reading took     223.173000 us
  Sample 65...
Starting computation...
    Writing took     5.736131 ms
    Computation took 277.447467 ms
    Reading took     223.794000 us
  Sample 66...
Starting computation...
    Writing took     5.741227 ms
    Computation took 277.629503 ms
    Reading took     213.476000 us
  Sample 67...
Starting computation...
    Writing took     5.562496 ms
    Computation took 275.887435 ms
    Reading took     195.648000 us
  Sample 68...
Starting computation...
    Writing took     4.925118 ms
    Computation took 276.255083 ms
    Reading took     355.798000 us
  Sample 69...
Starting computation...
    Writing took     9.406733 ms
    Computation took 280.584573 ms
    Reading took     299.638000 us
  Sample 70...
Starting computation...
    Writing took     7.968764 ms
    Computation took 287.972331 ms
    Reading took     223.600000 us
  Sample 71...
Starting computation...
    Writing took     5.727174 ms
    Computation took 288.166428 ms
    Reading took     221.132000 us
  Sample 72...
Starting computation...
    Writing took     5.745869 ms
    Computation took 286.479420 ms
    Reading took     220.860000 us
  Sample 73...
Starting computation...
    Writing took     5.731849 ms
    Computation took 285.069261 ms
    Reading took     240.720000 us
  Sample 74...
Starting computation...
    Writing took     6.241857 ms
    Computation took 281.383596 ms
    Reading took     253.040000 us
  Sample 75...
Starting computation...
    Writing took     6.239784 ms
    Computation took 279.214561 ms
    Reading took     212.855000 us
  Sample 76...
Starting computation...
    Writing took     5.401058 ms
    Computation took 278.032562 ms
    Reading took     209.639000 us
  Sample 77...
Starting computation...
    Writing took     5.300307 ms
    Computation took 275.473526 ms
    Reading took     244.447000 us
  Sample 78...
Starting computation...
    Writing took     7.796119 ms
    Computation took 274.920648 ms
    Reading took     178.037000 us
  Sample 79...
Starting computation...
    Writing took     4.492674 ms
    Computation took 274.658597 ms
    Reading took     195.702000 us
  Sample 80...
Starting computation...
    Writing took     4.703473 ms
    Computation took 274.615015 ms
    Reading took     212.454000 us
  Sample 81...
Starting computation...
    Writing took     5.341183 ms
    Computation took 274.420345 ms
    Reading took     181.814000 us
  Sample 82...
Starting computation...
    Writing took     4.526803 ms
    Computation took 274.686933 ms
    Reading took     345.625000 us
  Sample 83...
Starting computation...
    Writing took     9.742020 ms
    Computation took 274.703156 ms
    Reading took     236.477000 us
  Sample 84...
Starting computation...
    Writing took     6.222601 ms
    Computation took 274.760040 ms
    Reading took     240.917000 us
  Sample 85...
Starting computation...
    Writing took     6.308217 ms
    Computation took 275.349168 ms
    Reading took     211.982000 us
  Sample 86...
Starting computation...
    Writing took     4.862630 ms
    Computation took 276.007155 ms
    Reading took     262.906000 us
  Sample 87...
Starting computation...
    Writing took     5.508489 ms
    Computation took 274.595361 ms
    Reading took     238.582000 us
  Sample 88...
Starting computation...
    Writing took     6.266041 ms
    Computation took 274.780881 ms
    Reading took     235.400000 us
  Sample 89...
Starting computation...
    Writing took     6.777694 ms
    Computation took 275.573552 ms
    Reading took     221.056000 us
  Sample 90...
Starting computation...
    Writing took     5.732761 ms
    Computation took 274.655088 ms
    Reading took     238.277000 us
  Sample 91...
Starting computation...
    Writing took     6.283154 ms
    Computation took 274.919797 ms
    Reading took     254.047000 us
  Sample 92...
Starting computation...
    Writing took     7.103541 ms
    Computation took 274.808321 ms
    Reading took     215.869000 us
  Sample 93...
Starting computation...
    Writing took     5.454918 ms
    Computation took 276.391001 ms
    Reading took     201.436000 us
  Sample 94...
Starting computation...
    Writing took     4.503676 ms
    Computation took 276.560671 ms
    Reading took     225.249000 us
  Sample 95...
Starting computation...
    Writing took     6.191533 ms
    Computation took 277.721399 ms
    Reading took     237.502000 us
  Sample 96...
Starting computation...
    Writing took     6.251207 ms
    Computation took 279.924563 ms
    Reading took     240.440000 us
  Sample 97...
Starting computation...
    Writing took     6.367535 ms
    Computation took 280.917830 ms
    Reading took     234.038000 us
  Sample 98...
Starting computation...
    Writing took     7.766208 ms
    Computation took 279.756166 ms
    Reading took     201.472000 us
  Sample 99...
Starting computation...
    Writing took     5.203630 ms
    Computation took 279.967959 ms
    Reading took     207.952000 us
Mean computation time: 277.256044 ms
Mean deviation: 1.977792 ms (0.713345%)
Mean computation time (per hash): 3.600727 ms
Mean deviation (per hash): 25.685000 us
