Using device #0: CUDA Device 'GeForce GTX 1080 Ti'
  Sample 0...
Starting computation...
    Writing took     8.782661 ms
    Computation took 370.692737 ms
    Reading took     318.993000 us
  Sample 1...
Starting computation...
    Writing took     8.754646 ms
    Computation took 370.542362 ms
    Reading took     438.477000 us
  Sample 2...
Starting computation...
    Writing took     10.550027 ms
    Computation took 370.738689 ms
    Reading took     303.866000 us
  Sample 3...
Starting computation...
    Writing took     8.382315 ms
    Computation took 370.829448 ms
    Reading took     314.495000 us
  Sample 4...
Starting computation...
    Writing took     9.242419 ms
    Computation took 370.710549 ms
    Reading took     313.989000 us
  Sample 5...
Starting computation...
    Writing took     12.003285 ms
    Computation took 370.689267 ms
    Reading took     343.448000 us
  Sample 6...
Starting computation...
    Writing took     10.324509 ms
    Computation took 370.663162 ms
    Reading took     510.443000 us
  Sample 7...
Starting computation...
    Writing took     14.969600 ms
    Computation took 370.930192 ms
    Reading took     314.280000 us
  Sample 8...
Starting computation...
    Writing took     9.615709 ms
    Computation took 370.784407 ms
    Reading took     313.641000 us
  Sample 9...
Starting computation...
    Writing took     9.200855 ms
    Computation took 370.841504 ms
    Reading took     314.789000 us
  Sample 10...
Starting computation...
    Writing took     8.721517 ms
    Computation took 370.937548 ms
    Reading took     312.052000 us
  Sample 11...
Starting computation...
    Writing took     8.720830 ms
    Computation took 370.839235 ms
    Reading took     313.197000 us
  Sample 12...
Starting computation...
    Writing took     8.716856 ms
    Computation took 370.575974 ms
    Reading took     303.327000 us
  Sample 13...
Starting computation...
    Writing took     8.435243 ms
    Computation took 370.825188 ms
    Reading took     312.353000 us
  Sample 14...
Starting computation...
    Writing took     8.760015 ms
    Computation took 371.010220 ms
    Reading took     314.347000 us
  Sample 15...
Starting computation...
    Writing took     8.739146 ms
    Computation took 370.765848 ms
    Reading took     314.847000 us
  Sample 16...
Starting computation...
    Writing took     8.758017 ms
    Computation took 370.856671 ms
    Reading took     314.209000 us
  Sample 17...
Starting computation...
    Writing took     8.751299 ms
    Computation took 370.872083 ms
    Reading took     314.113000 us
  Sample 18...
Starting computation...
    Writing took     8.722992 ms
    Computation took 370.960283 ms
    Reading took     315.310000 us
  Sample 19...
Starting computation...
    Writing took     9.069439 ms
    Computation took 370.783297 ms
    Reading took     314.356000 us
  Sample 20...
Starting computation...
    Writing took     8.754862 ms
    Computation took 370.807527 ms
    Reading took     313.666000 us
  Sample 21...
Starting computation...
    Writing took     8.732637 ms
    Computation took 370.840084 ms
    Reading took     313.304000 us
  Sample 22...
Starting computation...
    Writing took     11.235334 ms
    Computation took 371.050168 ms
    Reading took     314.160000 us
  Sample 23...
Starting computation...
    Writing took     8.867487 ms
    Computation took 370.913527 ms
    Reading took     304.448000 us
  Sample 24...
Starting computation...
    Writing took     8.432832 ms
    Computation took 370.834008 ms
    Reading took     314.764000 us
  Sample 25...
Starting computation...
    Writing took     8.749543 ms
    Computation took 371.299686 ms
    Reading took     315.060000 us
  Sample 26...
Starting computation...
    Writing took     8.530856 ms
    Computation took 371.081275 ms
    Reading took     303.082000 us
  Sample 27...
Starting computation...
    Writing took     8.544007 ms
    Computation took 371.022522 ms
    Reading took     319.652000 us
  Sample 28...
Starting computation...
    Writing took     8.761790 ms
    Computation took 371.204315 ms
    Reading took     313.524000 us
  Sample 29...
Starting computation...
    Writing took     8.741968 ms
    Computation took 370.934140 ms
    Reading took     326.715000 us
  Sample 30...
Starting computation...
    Writing took     9.040115 ms
    Computation took 371.114473 ms
    Reading took     304.517000 us
  Sample 31...
Starting computation...
    Writing took     8.504573 ms
    Computation took 370.940840 ms
    Reading took     313.692000 us
  Sample 32...
Starting computation...
    Writing took     8.736732 ms
    Computation took 371.163600 ms
    Reading took     315.547000 us
  Sample 33...
Starting computation...
    Writing took     8.760110 ms
    Computation took 371.232877 ms
    Reading took     313.700000 us
  Sample 34...
Starting computation...
    Writing took     8.756527 ms
    Computation took 371.189403 ms
    Reading took     314.205000 us
  Sample 35...
Starting computation...
    Writing took     8.737507 ms
    Computation took 370.981093 ms
    Reading took     313.760000 us
  Sample 36...
Starting computation...
    Writing took     8.730561 ms
    Computation took 371.581589 ms
    Reading took     549.723000 us
  Sample 37...
Starting computation...
    Writing took     16.273644 ms
    Computation took 371.374503 ms
    Reading took     427.390000 us
  Sample 38...
Starting computation...
    Writing took     12.891673 ms
    Computation took 371.271904 ms
    Reading took     352.831000 us
  Sample 39...
Starting computation...
    Writing took     9.514561 ms
    Computation took 370.981169 ms
    Reading took     314.238000 us
  Sample 40...
Starting computation...
    Writing took     9.163912 ms
    Computation took 371.362737 ms
    Reading took     467.880000 us
  Sample 41...
Starting computation...
    Writing took     14.465033 ms
    Computation took 371.161896 ms
    Reading took     347.733000 us
  Sample 42...
Starting computation...
    Writing took     13.417139 ms
    Computation took 370.835807 ms
    Reading took     354.633000 us
  Sample 43...
Starting computation...
    Writing took     9.646193 ms
    Computation took 371.171532 ms
    Reading took     520.944000 us
  Sample 44...
Starting computation...
    Writing took     11.549558 ms
    Computation took 371.150485 ms
    Reading took     427.172000 us
  Sample 45...
Starting computation...
    Writing took     11.238096 ms
    Computation took 371.129532 ms
    Reading took     315.342000 us
  Sample 46...
Starting computation...
    Writing took     8.799451 ms
    Computation took 370.812598 ms
    Reading took     314.027000 us
  Sample 47...
Starting computation...
    Writing took     10.397424 ms
    Computation took 371.300945 ms
    Reading took     327.645000 us
  Sample 48...
Starting computation...
    Writing took     8.176171 ms
    Computation took 371.341825 ms
    Reading took     318.372000 us
  Sample 49...
Starting computation...
    Writing took     8.734058 ms
    Computation took 371.137182 ms
    Reading took     312.561000 us
  Sample 50...
Starting computation...
    Writing took     11.121412 ms
    Computation took 371.118467 ms
    Reading took     296.794000 us
  Sample 51...
Starting computation...
    Writing took     8.135223 ms
    Computation took 371.371735 ms
    Reading took     468.249000 us
  Sample 52...
Starting computation...
    Writing took     11.845439 ms
    Computation took 371.234085 ms
    Reading took     317.961000 us
  Sample 53...
Starting computation...
    Writing took     7.799115 ms
    Computation took 371.161292 ms
    Reading took     313.267000 us
  Sample 54...
Starting computation...
    Writing took     8.750380 ms
    Computation took 371.065373 ms
    Reading took     461.017000 us
  Sample 55...
Starting computation...
    Writing took     9.765456 ms
    Computation took 371.587316 ms
    Reading took     315.025000 us
  Sample 56...
Starting computation...
    Writing took     8.752360 ms
    Computation took 371.440697 ms
    Reading took     314.081000 us
  Sample 57...
Starting computation...
    Writing took     8.749394 ms
    Computation took 371.301225 ms
    Reading took     312.627000 us
  Sample 58...
Starting computation...
    Writing took     8.719961 ms
    Computation took 371.284455 ms
    Reading took     429.417000 us
  Sample 59...
Starting computation...
    Writing took     13.421975 ms
    Computation took 371.392280 ms
    Reading took     353.319000 us
  Sample 60...
Starting computation...
    Writing took     9.527757 ms
    Computation took 371.451482 ms
    Reading took     416.119000 us
  Sample 61...
Starting computation...
    Writing took     10.601258 ms
    Computation took 371.349288 ms
    Reading took     294.396000 us
  Sample 62...
Starting computation...
    Writing took     8.262816 ms
    Computation took 371.208758 ms
    Reading took     406.410000 us
  Sample 63...
Starting computation...
    Writing took     12.429646 ms
    Computation took 371.478243 ms
    Reading took     330.370000 us
  Sample 64...
Starting computation...
    Writing took     8.727873 ms
    Computation took 371.272185 ms
    Reading took     315.225000 us
  Sample 65...
Starting computation...
    Writing took     8.743119 ms
    Computation took 371.293901 ms
    Reading took     314.373000 us
  Sample 66...
Starting computation...
    Writing took     9.792847 ms
    Computation took 371.325627 ms
    Reading took     314.301000 us
  Sample 67...
Starting computation...
    Writing took     8.746124 ms
    Computation took 371.290981 ms
    Reading took     314.188000 us
  Sample 68...
Starting computation...
    Writing took     9.079000 ms
    Computation took 371.421907 ms
    Reading took     314.009000 us
  Sample 69...
Starting computation...
    Writing took     8.716528 ms
    Computation took 371.461490 ms
    Reading took     419.229000 us
  Sample 70...
Starting computation...
    Writing took     9.603549 ms
    Computation took 371.558082 ms
    Reading took     389.088000 us
  Sample 71...
Starting computation...
    Writing took     10.531118 ms
    Computation took 371.457895 ms
    Reading took     325.916000 us
  Sample 72...
Starting computation...
    Writing took     8.725883 ms
    Computation took 371.388701 ms
    Reading took     313.808000 us
  Sample 73...
Starting computation...
    Writing took     8.729254 ms
    Computation took 371.566096 ms
    Reading took     315.822000 us
  Sample 74...
Starting computation...
    Writing took     9.017121 ms
    Computation took 371.641211 ms
    Reading took     314.363000 us
  Sample 75...
Starting computation...
    Writing took     8.745391 ms
    Computation took 371.600254 ms
    Reading took     315.663000 us
  Sample 76...
Starting computation...
    Writing took     8.739764 ms
    Computation took 371.543784 ms
    Reading took     313.154000 us
  Sample 77...
Starting computation...
    Writing took     8.742866 ms
    Computation took 371.679266 ms
    Reading took     315.849000 us
  Sample 78...
Starting computation...
    Writing took     8.738464 ms
    Computation took 371.469243 ms
    Reading took     303.178000 us
  Sample 79...
Starting computation...
    Writing took     8.546498 ms
    Computation took 371.625748 ms
    Reading took     314.991000 us
  Sample 80...
Starting computation...
    Writing took     8.746782 ms
    Computation took 371.462280 ms
    Reading took     314.825000 us
  Sample 81...
Starting computation...
    Writing took     8.732309 ms
    Computation took 371.625746 ms
    Reading took     507.629000 us
  Sample 82...
Starting computation...
    Writing took     10.807544 ms
    Computation took 371.640450 ms
    Reading took     351.280000 us
  Sample 83...
Starting computation...
    Writing took     10.621711 ms
    Computation took 371.767675 ms
    Reading took     356.444000 us
  Sample 84...
Starting computation...
    Writing took     9.579555 ms
    Computation took 371.501300 ms
    Reading took     334.927000 us
  Sample 85...
Starting computation...
    Writing took     9.123301 ms
    Computation took 371.669387 ms
    Reading took     430.161000 us
  Sample 86...
Starting computation...
    Writing took     11.155819 ms
    Computation took 371.446858 ms
    Reading took     554.204000 us
  Sample 87...
Starting computation...
    Writing took     9.528819 ms
    Computation took 371.583954 ms
    Reading took     412.295000 us
  Sample 88...
Starting computation...
    Writing took     12.586112 ms
    Computation took 371.736332 ms
    Reading took     305.897000 us
  Sample 89...
Starting computation...
    Writing took     8.394556 ms
    Computation took 371.670279 ms
    Reading took     314.195000 us
  Sample 90...
Starting computation...
    Writing took     9.172042 ms
    Computation took 371.571858 ms
    Reading took     314.369000 us
  Sample 91...
Starting computation...
    Writing took     12.138923 ms
    Computation took 371.548782 ms
    Reading took     313.013000 us
  Sample 92...
Starting computation...
    Writing took     8.745840 ms
    Computation took 371.744677 ms
    Reading took     455.220000 us
  Sample 93...
Starting computation...
    Writing took     12.377125 ms
    Computation took 371.587802 ms
    Reading took     442.962000 us
  Sample 94...
Starting computation...
    Writing took     10.812140 ms
    Computation took 371.651034 ms
    Reading took     315.432000 us
  Sample 95...
Starting computation...
    Writing took     8.732406 ms
    Computation took 371.571309 ms
    Reading took     371.446000 us
  Sample 96...
Starting computation...
    Writing took     12.038523 ms
    Computation took 371.827033 ms
    Reading took     489.184000 us
  Sample 97...
Starting computation...
    Writing took     9.504177 ms
    Computation took 371.669630 ms
    Reading took     316.433000 us
  Sample 98...
Starting computation...
    Writing took     8.713493 ms
    Computation took 371.619039 ms
    Reading took     322.029000 us
  Sample 99...
Starting computation...
    Writing took     8.774917 ms
    Computation took 371.636067 ms
    Reading took     305.459000 us
Mean computation time: 371.236444 ms
Mean deviation: 280.453000 us (0.0755457%)
Mean computation time (per hash): 3.146071 ms
Mean deviation (per hash): 2.376000 us
