Using device #0: CUDA Device 'GeForce GTX 1080 Ti'
  Sample 0...
Starting computation...
    Writing took     6.752230 ms
    Computation took 209.708842 ms
    Reading took     150.254000 us
  Sample 1...
Starting computation...
    Writing took     3.654807 ms
    Computation took 209.403018 ms
    Reading took     138.891000 us
  Sample 2...
Starting computation...
    Writing took     3.558639 ms
    Computation took 209.389184 ms
    Reading took     223.663000 us
  Sample 3...
Starting computation...
    Writing took     6.181427 ms
    Computation took 209.464787 ms
    Reading took     223.050000 us
  Sample 4...
Starting computation...
    Writing took     6.255328 ms
    Computation took 209.355907 ms
    Reading took     143.531000 us
  Sample 5...
Starting computation...
    Writing took     3.689710 ms
    Computation took 209.373637 ms
    Reading took     144.165000 us
  Sample 6...
Starting computation...
    Writing took     3.651714 ms
    Computation took 209.375626 ms
    Reading took     145.101000 us
  Sample 7...
Starting computation...
    Writing took     3.663889 ms
    Computation took 209.426798 ms
    Reading took     143.246000 us
  Sample 8...
Starting computation...
    Writing took     3.725944 ms
    Computation took 209.397393 ms
    Reading took     145.710000 us
  Sample 9...
Starting computation...
    Writing took     3.679142 ms
    Computation took 209.390931 ms
    Reading took     116.479000 us
  Sample 10...
Starting computation...
    Writing took     2.820254 ms
    Computation took 209.355709 ms
    Reading took     124.309000 us
  Sample 11...
Starting computation...
    Writing took     2.959944 ms
    Computation took 209.407421 ms
    Reading took     177.942000 us
  Sample 12...
Starting computation...
    Writing took     5.264968 ms
    Computation took 209.399248 ms
    Reading took     129.502000 us
  Sample 13...
Starting computation...
    Writing took     3.276031 ms
    Computation took 209.332020 ms
    Reading took     132.220000 us
  Sample 14...
Starting computation...
    Writing took     3.516772 ms
    Computation took 209.356727 ms
    Reading took     132.272000 us
  Sample 15...
Starting computation...
    Writing took     3.328406 ms
    Computation took 209.349766 ms
    Reading took     132.027000 us
  Sample 16...
Starting computation...
    Writing took     3.302968 ms
    Computation took 209.343661 ms
    Reading took     137.205000 us
  Sample 17...
Starting computation...
    Writing took     3.486656 ms
    Computation took 209.365912 ms
    Reading took     118.839000 us
  Sample 18...
Starting computation...
    Writing took     2.824444 ms
    Computation took 209.343164 ms
    Reading took     202.242000 us
  Sample 19...
Starting computation...
    Writing took     5.293576 ms
    Computation took 209.394906 ms
    Reading took     143.365000 us
  Sample 20...
Starting computation...
    Writing took     3.094901 ms
    Computation took 209.331929 ms
    Reading took     126.882000 us
  Sample 21...
Starting computation...
    Writing took     3.022668 ms
    Computation took 209.365281 ms
    Reading took     133.568000 us
  Sample 22...
Starting computation...
    Writing took     3.372121 ms
    Computation took 209.304879 ms
    Reading took     136.149000 us
  Sample 23...
Starting computation...
    Writing took     3.653576 ms
    Computation took 209.353492 ms
    Reading took     121.223000 us
  Sample 24...
Starting computation...
    Writing took     3.073012 ms
    Computation took 209.292189 ms
    Reading took     124.385000 us
  Sample 25...
Starting computation...
    Writing took     2.981692 ms
    Computation took 209.298263 ms
    Reading took     119.262000 us
  Sample 26...
Starting computation...
    Writing took     2.951334 ms
    Computation took 209.316764 ms
    Reading took     126.624000 us
  Sample 27...
Starting computation...
    Writing took     3.158315 ms
    Computation took 209.327182 ms
    Reading took     120.909000 us
  Sample 28...
Starting computation...
    Writing took     3.032502 ms
    Computation took 209.390369 ms
    Reading took     120.363000 us
  Sample 29...
Starting computation...
    Writing took     2.954351 ms
    Computation took 209.315515 ms
    Reading took     124.521000 us
  Sample 30...
Starting computation...
    Writing took     3.277728 ms
    Computation took 209.327944 ms
    Reading took     121.262000 us
  Sample 31...
Starting computation...
    Writing took     3.099522 ms
    Computation took 209.279157 ms
    Reading took     125.221000 us
  Sample 32...
Starting computation...
    Writing took     3.312700 ms
    Computation took 209.345091 ms
    Reading took     142.738000 us
  Sample 33...
Starting computation...
    Writing took     3.662581 ms
    Computation took 209.340260 ms
    Reading took     153.370000 us
  Sample 34...
Starting computation...
    Writing took     3.686124 ms
    Computation took 209.383540 ms
    Reading took     144.958000 us
  Sample 35...
Starting computation...
    Writing took     3.725841 ms
    Computation took 209.392497 ms
    Reading took     233.903000 us
  Sample 36...
Starting computation...
    Writing took     6.117380 ms
    Computation took 209.437428 ms
    Reading took     210.178000 us
  Sample 37...
Starting computation...
    Writing took     6.206143 ms
    Computation took 209.462500 ms
    Reading took     143.203000 us
  Sample 38...
Starting computation...
    Writing took     3.650171 ms
    Computation took 209.328093 ms
    Reading took     222.023000 us
  Sample 39...
Starting computation...
    Writing took     6.161192 ms
    Computation took 209.391773 ms
    Reading took     143.859000 us
  Sample 40...
Starting computation...
    Writing took     3.680113 ms
    Computation took 209.446086 ms
    Reading took     142.455000 us
  Sample 41...
Starting computation...
    Writing took     3.692155 ms
    Computation took 209.404374 ms
    Reading took     116.441000 us
  Sample 42...
Starting computation...
    Writing took     2.856981 ms
    Computation took 209.327010 ms
    Reading took     121.131000 us
  Sample 43...
Starting computation...
    Writing took     3.032157 ms
    Computation took 209.353757 ms
    Reading took     127.372000 us
  Sample 44...
Starting computation...
    Writing took     3.092921 ms
    Computation took 209.292896 ms
    Reading took     128.612000 us
  Sample 45...
Starting computation...
    Writing took     3.094816 ms
    Computation took 209.388135 ms
    Reading took     134.221000 us
  Sample 46...
Starting computation...
    Writing took     3.409896 ms
    Computation took 209.408831 ms
    Reading took     134.072000 us
  Sample 47...
Starting computation...
    Writing took     3.322105 ms
    Computation took 209.385261 ms
    Reading took     177.332000 us
  Sample 48...
Starting computation...
    Writing took     5.286437 ms
    Computation took 209.349858 ms
    Reading took     141.970000 us
  Sample 49...
Starting computation...
    Writing took     3.524981 ms
    Computation took 209.334535 ms
    Reading took     129.539000 us
  Sample 50...
Starting computation...
    Writing took     3.384058 ms
    Computation took 209.322297 ms
    Reading took     136.948000 us
  Sample 51...
Starting computation...
    Writing took     3.225972 ms
    Computation took 209.369076 ms
    Reading took     125.809000 us
  Sample 52...
Starting computation...
    Writing took     3.055244 ms
    Computation took 209.355067 ms
    Reading took     122.955000 us
  Sample 53...
Starting computation...
    Writing took     3.037002 ms
    Computation took 209.388899 ms
    Reading took     126.192000 us
  Sample 54...
Starting computation...
    Writing took     3.102434 ms
    Computation took 209.338321 ms
    Reading took     199.723000 us
  Sample 55...
Starting computation...
    Writing took     5.664299 ms
    Computation took 209.470538 ms
    Reading took     144.928000 us
  Sample 56...
Starting computation...
    Writing took     3.716794 ms
    Computation took 209.473945 ms
    Reading took     143.028000 us
  Sample 57...
Starting computation...
    Writing took     3.659566 ms
    Computation took 209.416474 ms
    Reading took     220.069000 us
  Sample 58...
Starting computation...
    Writing took     6.158865 ms
    Computation took 209.369143 ms
    Reading took     148.904000 us
  Sample 59...
Starting computation...
    Writing took     3.645848 ms
    Computation took 209.314582 ms
    Reading took     145.733000 us
  Sample 60...
Starting computation...
    Writing took     3.686645 ms
    Computation took 209.323115 ms
    Reading took     142.025000 us
  Sample 61...
Starting computation...
    Writing took     3.698023 ms
    Computation took 209.340737 ms
    Reading took     146.480000 us
  Sample 62...
Starting computation...
    Writing took     3.661702 ms
    Computation took 209.420950 ms
    Reading took     142.453000 us
  Sample 63...
Starting computation...
    Writing took     3.677747 ms
    Computation took 209.444997 ms
    Reading took     119.925000 us
  Sample 64...
Starting computation...
    Writing took     2.947446 ms
    Computation took 209.411754 ms
    Reading took     123.486000 us
  Sample 65...
Starting computation...
    Writing took     2.942282 ms
    Computation took 209.346963 ms
    Reading took     116.888000 us
  Sample 66...
Starting computation...
    Writing took     2.861347 ms
    Computation took 209.374866 ms
    Reading took     210.017000 us
  Sample 67...
Starting computation...
    Writing took     5.969544 ms
    Computation took 209.414186 ms
    Reading took     174.554000 us
  Sample 68...
Starting computation...
    Writing took     5.599017 ms
    Computation took 209.439152 ms
    Reading took     145.906000 us
  Sample 69...
Starting computation...
    Writing took     3.704941 ms
    Computation took 209.395810 ms
    Reading took     135.957000 us
  Sample 70...
Starting computation...
    Writing took     3.056571 ms
    Computation took 209.345351 ms
    Reading took     133.664000 us
  Sample 71...
Starting computation...
    Writing took     3.655522 ms
    Computation took 209.401935 ms
    Reading took     134.724000 us
  Sample 72...
Starting computation...
    Writing took     3.670525 ms
    Computation took 209.458739 ms
    Reading took     133.142000 us
  Sample 73...
Starting computation...
    Writing took     3.682360 ms
    Computation took 209.371541 ms
    Reading took     168.524000 us
  Sample 74...
Starting computation...
    Writing took     3.332995 ms
    Computation took 209.375408 ms
    Reading took     135.216000 us
  Sample 75...
Starting computation...
    Writing took     3.675212 ms
    Computation took 209.447197 ms
    Reading took     132.282000 us
  Sample 76...
Starting computation...
    Writing took     3.655838 ms
    Computation took 209.378194 ms
    Reading took     134.483000 us
  Sample 77...
Starting computation...
    Writing took     4.166365 ms
    Computation took 209.383472 ms
    Reading took     135.237000 us
  Sample 78...
Starting computation...
    Writing took     3.687141 ms
    Computation took 209.426441 ms
    Reading took     214.431000 us
  Sample 79...
Starting computation...
    Writing took     7.943631 ms
    Computation took 209.502660 ms
    Reading took     203.784000 us
  Sample 80...
Starting computation...
    Writing took     6.176500 ms
    Computation took 209.459027 ms
    Reading took     133.510000 us
  Sample 81...
Starting computation...
    Writing took     3.631180 ms
    Computation took 209.380836 ms
    Reading took     135.045000 us
  Sample 82...
Starting computation...
    Writing took     3.647563 ms
    Computation took 209.418713 ms
    Reading took     133.268000 us
  Sample 83...
Starting computation...
    Writing took     3.688147 ms
    Computation took 209.483529 ms
    Reading took     212.218000 us
  Sample 84...
Starting computation...
    Writing took     6.086935 ms
    Computation took 209.582730 ms
    Reading took     169.843000 us
  Sample 85...
Starting computation...
    Writing took     3.690191 ms
    Computation took 209.451989 ms
    Reading took     133.903000 us
  Sample 86...
Starting computation...
    Writing took     3.669813 ms
    Computation took 209.456123 ms
    Reading took     217.258000 us
  Sample 87...
Starting computation...
    Writing took     6.133324 ms
    Computation took 209.494088 ms
    Reading took     138.421000 us
  Sample 88...
Starting computation...
    Writing took     3.656271 ms
    Computation took 209.405725 ms
    Reading took     113.337000 us
  Sample 89...
Starting computation...
    Writing took     3.075492 ms
    Computation took 209.458902 ms
    Reading took     108.711000 us
  Sample 90...
Starting computation...
    Writing took     2.791447 ms
    Computation took 209.474226 ms
    Reading took     105.044000 us
  Sample 91...
Starting computation...
    Writing took     2.756170 ms
    Computation took 209.377710 ms
    Reading took     112.123000 us
  Sample 92...
Starting computation...
    Writing took     2.970888 ms
    Computation took 209.475500 ms
    Reading took     108.809000 us
  Sample 93...
Starting computation...
    Writing took     2.947323 ms
    Computation took 209.483998 ms
    Reading took     133.139000 us
  Sample 94...
Starting computation...
    Writing took     3.659356 ms
    Computation took 209.480557 ms
    Reading took     132.261000 us
  Sample 95...
Starting computation...
    Writing took     3.631774 ms
    Computation took 209.563191 ms
    Reading took     132.034000 us
  Sample 96...
Starting computation...
    Writing took     3.639005 ms
    Computation took 209.429585 ms
    Reading took     132.321000 us
  Sample 97...
Starting computation...
    Writing took     3.669043 ms
    Computation took 209.504415 ms
    Reading took     133.692000 us
  Sample 98...
Starting computation...
    Writing took     3.656562 ms
    Computation took 209.483889 ms
    Reading took     134.424000 us
  Sample 99...
Starting computation...
    Writing took     3.651623 ms
    Computation took 209.473002 ms
    Reading took     134.150000 us
Mean computation time: 209.397690 ms
Mean deviation: 51.489000 us (0.0245891%)
Mean computation time (per hash): 4.362451 ms
Mean deviation (per hash): 1.072000 us
