Using device #0: CUDA Device 'GeForce GTX 1080 Ti'
  Sample 0...
Starting computation...
    Writing took     11.703948 ms
    Computation took 313.666567 ms
    Reading took     272.094000 us
  Sample 1...
Starting computation...
    Writing took     8.884510 ms
    Computation took 313.621187 ms
    Reading took     258.628000 us
  Sample 2...
Starting computation...
    Writing took     7.205446 ms
    Computation took 313.791705 ms
    Reading took     268.518000 us
  Sample 3...
Starting computation...
    Writing took     7.399938 ms
    Computation took 314.053901 ms
    Reading took     259.118000 us
  Sample 4...
Starting computation...
    Writing took     7.342130 ms
    Computation took 315.050739 ms
    Reading took     251.840000 us
  Sample 5...
Starting computation...
    Writing took     6.982904 ms
    Computation took 315.780648 ms
    Reading took     270.428000 us
  Sample 6...
Starting computation...
    Writing took     7.354343 ms
    Computation took 315.930230 ms
    Reading took     259.089000 us
  Sample 7...
Starting computation...
    Writing took     7.235821 ms
    Computation took 316.267342 ms
    Reading took     269.463000 us
  Sample 8...
Starting computation...
    Writing took     7.329574 ms
    Computation took 315.769689 ms
    Reading took     322.446000 us
  Sample 9...
Starting computation...
    Writing took     11.399044 ms
    Computation took 314.879208 ms
    Reading took     315.258000 us
  Sample 10...
Starting computation...
    Writing took     8.014448 ms
    Computation took 315.022936 ms
    Reading took     427.013000 us
  Sample 11...
Starting computation...
    Writing took     12.221694 ms
    Computation took 315.839971 ms
    Reading took     270.269000 us
  Sample 12...
Starting computation...
    Writing took     7.566717 ms
    Computation took 317.670204 ms
    Reading took     376.542000 us
  Sample 13...
Starting computation...
    Writing took     11.090901 ms
    Computation took 316.273612 ms
    Reading took     425.289000 us
  Sample 14...
Starting computation...
    Writing took     12.906395 ms
    Computation took 315.146195 ms
    Reading took     260.270000 us
  Sample 15...
Starting computation...
    Writing took     7.223512 ms
    Computation took 315.139411 ms
    Reading took     267.618000 us
  Sample 16...
Starting computation...
    Writing took     7.368716 ms
    Computation took 316.439345 ms
    Reading took     267.033000 us
  Sample 17...
Starting computation...
    Writing took     7.361379 ms
    Computation took 317.408804 ms
    Reading took     275.308000 us
  Sample 18...
Starting computation...
    Writing took     7.339305 ms
    Computation took 316.767760 ms
    Reading took     270.016000 us
  Sample 19...
Starting computation...
    Writing took     7.354885 ms
    Computation took 316.266080 ms
    Reading took     369.943000 us
  Sample 20...
Starting computation...
    Writing took     10.009305 ms
    Computation took 315.725658 ms
    Reading took     259.039000 us
  Sample 21...
Starting computation...
    Writing took     7.202600 ms
    Computation took 315.142958 ms
    Reading took     262.960000 us
  Sample 22...
Starting computation...
    Writing took     7.159626 ms
    Computation took 314.816886 ms
    Reading took     270.430000 us
  Sample 23...
Starting computation...
    Writing took     7.369198 ms
    Computation took 314.159242 ms
    Reading took     260.193000 us
  Sample 24...
Starting computation...
    Writing took     7.103258 ms
    Computation took 313.925658 ms
    Reading took     265.769000 us
  Sample 25...
Starting computation...
    Writing took     7.403653 ms
    Computation took 313.971028 ms
    Reading took     272.896000 us
  Sample 26...
Starting computation...
    Writing took     7.338493 ms
    Computation took 313.682747 ms
    Reading took     271.235000 us
  Sample 27...
Starting computation...
    Writing took     7.378284 ms
    Computation took 313.664973 ms
    Reading took     266.593000 us
  Sample 28...
Starting computation...
    Writing took     7.354270 ms
    Computation took 313.695590 ms
    Reading took     267.695000 us
  Sample 29...
Starting computation...
    Writing took     8.495365 ms
    Computation took 313.743007 ms
    Reading took     272.067000 us
  Sample 30...
Starting computation...
    Writing took     7.375150 ms
    Computation took 313.968021 ms
    Reading took     270.160000 us
  Sample 31...
Starting computation...
    Writing took     7.354432 ms
    Computation took 314.018207 ms
    Reading took     270.217000 us
  Sample 32...
Starting computation...
    Writing took     7.390575 ms
    Computation took 314.194433 ms
    Reading took     269.652000 us
  Sample 33...
Starting computation...
    Writing took     7.202502 ms
    Computation took 313.983321 ms
    Reading took     270.283000 us
  Sample 34...
Starting computation...
    Writing took     7.448348 ms
    Computation took 313.778442 ms
    Reading took     442.998000 us
  Sample 35...
Starting computation...
    Writing took     11.049211 ms
    Computation took 315.346676 ms
    Reading took     284.998000 us
  Sample 36...
Starting computation...
    Writing took     7.643329 ms
    Computation took 317.635590 ms
    Reading took     266.553000 us
  Sample 37...
Starting computation...
    Writing took     7.765528 ms
    Computation took 317.159448 ms
    Reading took     271.009000 us
  Sample 38...
Starting computation...
    Writing took     7.380443 ms
    Computation took 316.034650 ms
    Reading took     429.952000 us
  Sample 39...
Starting computation...
    Writing took     13.466506 ms
    Computation took 315.169414 ms
    Reading took     321.213000 us
  Sample 40...
Starting computation...
    Writing took     7.460695 ms
    Computation took 315.086752 ms
    Reading took     283.713000 us
  Sample 41...
Starting computation...
    Writing took     7.785645 ms
    Computation took 314.766348 ms
    Reading took     284.840000 us
  Sample 42...
Starting computation...
    Writing took     7.396478 ms
    Computation took 314.449813 ms
    Reading took     452.913000 us
  Sample 43...
Starting computation...
    Writing took     12.940094 ms
    Computation took 314.149722 ms
    Reading took     283.448000 us
  Sample 44...
Starting computation...
    Writing took     7.488739 ms
    Computation took 314.233092 ms
    Reading took     330.420000 us
  Sample 45...
Starting computation...
    Writing took     8.910898 ms
    Computation took 314.641587 ms
    Reading took     266.667000 us
  Sample 46...
Starting computation...
    Writing took     6.952656 ms
    Computation took 314.005436 ms
    Reading took     284.209000 us
  Sample 47...
Starting computation...
    Writing took     7.527976 ms
    Computation took 314.006146 ms
    Reading took     283.229000 us
  Sample 48...
Starting computation...
    Writing took     7.452613 ms
    Computation took 314.070281 ms
    Reading took     287.271000 us
  Sample 49...
Starting computation...
    Writing took     8.132735 ms
    Computation took 314.315264 ms
    Reading took     283.962000 us
  Sample 50...
Starting computation...
    Writing took     7.396520 ms
    Computation took 314.140402 ms
    Reading took     274.499000 us
  Sample 51...
Starting computation...
    Writing took     7.152010 ms
    Computation took 313.718671 ms
    Reading took     282.003000 us
  Sample 52...
Starting computation...
    Writing took     7.438894 ms
    Computation took 313.488764 ms
    Reading took     283.096000 us
  Sample 53...
Starting computation...
    Writing took     7.520911 ms
    Computation took 313.792304 ms
    Reading took     482.394000 us
  Sample 54...
Starting computation...
    Writing took     8.661639 ms
    Computation took 313.791385 ms
    Reading took     300.070000 us
  Sample 55...
Starting computation...
    Writing took     7.363741 ms
    Computation took 313.958544 ms
    Reading took     365.440000 us
  Sample 56...
Starting computation...
    Writing took     11.491404 ms
    Computation took 314.166905 ms
    Reading took     266.230000 us
  Sample 57...
Starting computation...
    Writing took     7.123906 ms
    Computation took 314.196359 ms
    Reading took     292.264000 us
  Sample 58...
Starting computation...
    Writing took     7.408136 ms
    Computation took 313.716337 ms
    Reading took     304.769000 us
  Sample 59...
Starting computation...
    Writing took     7.639104 ms
    Computation took 313.927389 ms
    Reading took     360.452000 us
  Sample 60...
Starting computation...
    Writing took     10.003207 ms
    Computation took 314.035143 ms
    Reading took     327.709000 us
  Sample 61...
Starting computation...
    Writing took     7.645666 ms
    Computation took 314.541754 ms
    Reading took     283.534000 us
  Sample 62...
Starting computation...
    Writing took     7.396084 ms
    Computation took 315.728492 ms
    Reading took     283.839000 us
  Sample 63...
Starting computation...
    Writing took     7.439443 ms
    Computation took 316.221577 ms
    Reading took     464.782000 us
  Sample 64...
Starting computation...
    Writing took     12.860229 ms
    Computation took 315.686750 ms
    Reading took     283.475000 us
  Sample 65...
Starting computation...
    Writing took     7.268922 ms
    Computation took 314.262600 ms
    Reading took     284.118000 us
  Sample 66...
Starting computation...
    Writing took     7.421383 ms
    Computation took 313.940957 ms
    Reading took     272.448000 us
  Sample 67...
Starting computation...
    Writing took     7.190506 ms
    Computation took 313.989878 ms
    Reading took     284.289000 us
  Sample 68...
Starting computation...
    Writing took     8.872740 ms
    Computation took 315.444954 ms
    Reading took     313.916000 us
  Sample 69...
Starting computation...
    Writing took     9.399711 ms
    Computation took 317.227776 ms
    Reading took     284.096000 us
  Sample 70...
Starting computation...
    Writing took     8.378881 ms
    Computation took 316.922216 ms
    Reading took     285.753000 us
  Sample 71...
Starting computation...
    Writing took     7.501100 ms
    Computation took 317.173961 ms
    Reading took     406.273000 us
  Sample 72...
Starting computation...
    Writing took     11.103117 ms
    Computation took 316.137622 ms
    Reading took     282.150000 us
  Sample 73...
Starting computation...
    Writing took     7.198835 ms
    Computation took 316.075794 ms
    Reading took     283.888000 us
  Sample 74...
Starting computation...
    Writing took     7.426283 ms
    Computation took 318.027722 ms
    Reading took     284.201000 us
  Sample 75...
Starting computation...
    Writing took     7.365517 ms
    Computation took 317.610430 ms
    Reading took     526.920000 us
  Sample 76...
Starting computation...
    Writing took     11.783839 ms
    Computation took 316.914683 ms
    Reading took     290.418000 us
  Sample 77...
Starting computation...
    Writing took     8.955766 ms
    Computation took 316.011284 ms
    Reading took     365.351000 us
  Sample 78...
Starting computation...
    Writing took     9.735837 ms
    Computation took 318.378242 ms
    Reading took     284.699000 us
  Sample 79...
Starting computation...
    Writing took     11.989482 ms
    Computation took 325.132711 ms
    Reading took     286.250000 us
  Sample 80...
Starting computation...
    Writing took     7.443714 ms
    Computation took 323.651598 ms
    Reading took     283.439000 us
  Sample 81...
Starting computation...
    Writing took     7.460493 ms
    Computation took 322.523798 ms
    Reading took     323.753000 us
  Sample 82...
Starting computation...
    Writing took     7.405286 ms
    Computation took 322.916899 ms
    Reading took     302.996000 us
  Sample 83...
Starting computation...
    Writing took     7.930698 ms
    Computation took 323.302880 ms
    Reading took     283.979000 us
  Sample 84...
Starting computation...
    Writing took     7.562956 ms
    Computation took 325.566011 ms
    Reading took     556.619000 us
  Sample 85...
Starting computation...
    Writing took     11.349999 ms
    Computation took 325.011383 ms
    Reading took     304.927000 us
  Sample 86...
Starting computation...
    Writing took     8.068115 ms
    Computation took 322.197041 ms
    Reading took     285.646000 us
  Sample 87...
Starting computation...
    Writing took     7.391235 ms
    Computation took 319.794370 ms
    Reading took     270.754000 us
  Sample 88...
Starting computation...
    Writing took     7.208204 ms
    Computation took 317.664009 ms
    Reading took     275.034000 us
  Sample 89...
Starting computation...
    Writing took     7.144629 ms
    Computation took 315.925393 ms
    Reading took     283.753000 us
  Sample 90...
Starting computation...
    Writing took     7.393500 ms
    Computation took 314.272856 ms
    Reading took     356.612000 us
  Sample 91...
Starting computation...
    Writing took     9.384597 ms
    Computation took 314.505820 ms
    Reading took     283.724000 us
  Sample 92...
Starting computation...
    Writing took     7.421054 ms
    Computation took 314.227652 ms
    Reading took     302.043000 us
  Sample 93...
Starting computation...
    Writing took     7.676488 ms
    Computation took 315.156743 ms
    Reading took     276.094000 us
  Sample 94...
Starting computation...
    Writing took     7.167421 ms
    Computation took 317.331704 ms
    Reading took     290.251000 us
  Sample 95...
Starting computation...
    Writing took     7.372448 ms
    Computation took 317.299761 ms
    Reading took     365.597000 us
  Sample 96...
Starting computation...
    Writing took     9.506926 ms
    Computation took 317.343576 ms
    Reading took     287.492000 us
  Sample 97...
Starting computation...
    Writing took     7.388506 ms
    Computation took 316.651387 ms
    Reading took     289.499000 us
  Sample 98...
Starting computation...
    Writing took     6.964857 ms
    Computation took 317.684650 ms
    Reading took     283.612000 us
  Sample 99...
Starting computation...
    Writing took     7.420810 ms
    Computation took 319.280200 ms
    Reading took     283.358000 us
Mean computation time: 315.989952 ms
Mean deviation: 1.926957 ms (0.609816%)
Mean computation time (per hash): 3.159899 ms
Mean deviation (per hash): 19.269000 us
