Using device #0: CUDA Device 'GeForce GTX 1080 Ti'
  Sample 0...
Starting computation...
    Writing took     8.170316 ms
    Computation took 343.189950 ms
    Reading took     312.174000 us
  Sample 1...
Starting computation...
    Writing took     14.500064 ms
    Computation took 343.096061 ms
    Reading took     323.212000 us
  Sample 2...
Starting computation...
    Writing took     8.983458 ms
    Computation took 343.309617 ms
    Reading took     296.553000 us
  Sample 3...
Starting computation...
    Writing took     8.220424 ms
    Computation took 343.441370 ms
    Reading took     296.966000 us
  Sample 4...
Starting computation...
    Writing took     8.227353 ms
    Computation took 343.306852 ms
    Reading took     297.900000 us
  Sample 5...
Starting computation...
    Writing took     8.209897 ms
    Computation took 343.727171 ms
    Reading took     295.690000 us
  Sample 6...
Starting computation...
    Writing took     8.216770 ms
    Computation took 343.373647 ms
    Reading took     271.606000 us
  Sample 7...
Starting computation...
    Writing took     7.331786 ms
    Computation took 343.211378 ms
    Reading took     286.640000 us
  Sample 8...
Starting computation...
    Writing took     7.979607 ms
    Computation took 343.320791 ms
    Reading took     297.932000 us
  Sample 9...
Starting computation...
    Writing took     8.236842 ms
    Computation took 344.540408 ms
    Reading took     298.753000 us
  Sample 10...
Starting computation...
    Writing took     8.225331 ms
    Computation took 347.171482 ms
    Reading took     295.631000 us
  Sample 11...
Starting computation...
    Writing took     8.233315 ms
    Computation took 346.499370 ms
    Reading took     307.501000 us
  Sample 12...
Starting computation...
    Writing took     8.114327 ms
    Computation took 345.342816 ms
    Reading took     297.132000 us
  Sample 13...
Starting computation...
    Writing took     12.536576 ms
    Computation took 345.079668 ms
    Reading took     524.043000 us
  Sample 14...
Starting computation...
    Writing took     15.347352 ms
    Computation took 348.021472 ms
    Reading took     297.823000 us
  Sample 15...
Starting computation...
    Writing took     8.233454 ms
    Computation took 347.531275 ms
    Reading took     296.603000 us
  Sample 16...
Starting computation...
    Writing took     8.212014 ms
    Computation took 345.561045 ms
    Reading took     311.654000 us
  Sample 17...
Starting computation...
    Writing took     8.068953 ms
    Computation took 345.862504 ms
    Reading took     308.767000 us
  Sample 18...
Starting computation...
    Writing took     8.604670 ms
    Computation took 345.138060 ms
    Reading took     298.197000 us
  Sample 19...
Starting computation...
    Writing took     8.213891 ms
    Computation took 344.282979 ms
    Reading took     397.693000 us
  Sample 20...
Starting computation...
    Writing took     9.609280 ms
    Computation took 344.022640 ms
    Reading took     300.229000 us
  Sample 21...
Starting computation...
    Writing took     8.242697 ms
    Computation took 343.969020 ms
    Reading took     297.140000 us
  Sample 22...
Starting computation...
    Writing took     8.217162 ms
    Computation took 344.076656 ms
    Reading took     288.759000 us
  Sample 23...
Starting computation...
    Writing took     8.003928 ms
    Computation took 343.861419 ms
    Reading took     310.110000 us
  Sample 24...
Starting computation...
    Writing took     8.121499 ms
    Computation took 344.121139 ms
    Reading took     303.743000 us
  Sample 25...
Starting computation...
    Writing took     7.700948 ms
    Computation took 343.533148 ms
    Reading took     303.117000 us
  Sample 26...
Starting computation...
    Writing took     7.974928 ms
    Computation took 343.338175 ms
    Reading took     436.615000 us
  Sample 27...
Starting computation...
    Writing took     13.920577 ms
    Computation took 343.940978 ms
    Reading took     473.332000 us
  Sample 28...
Starting computation...
    Writing took     12.994182 ms
    Computation took 345.134881 ms
    Reading took     302.115000 us
  Sample 29...
Starting computation...
    Writing took     8.335994 ms
    Computation took 350.738035 ms
    Reading took     298.274000 us
  Sample 30...
Starting computation...
    Writing took     8.187453 ms
    Computation took 350.715561 ms
    Reading took     296.394000 us
  Sample 31...
Starting computation...
    Writing took     8.204142 ms
    Computation took 350.794320 ms
    Reading took     380.735000 us
  Sample 32...
Starting computation...
    Writing took     9.693826 ms
    Computation took 350.530808 ms
    Reading took     298.605000 us
  Sample 33...
Starting computation...
    Writing took     8.535269 ms
    Computation took 348.376473 ms
    Reading took     290.791000 us
  Sample 34...
Starting computation...
    Writing took     7.871734 ms
    Computation took 346.022501 ms
    Reading took     297.035000 us
  Sample 35...
Starting computation...
    Writing took     8.214644 ms
    Computation took 345.370638 ms
    Reading took     299.187000 us
  Sample 36...
Starting computation...
    Writing took     9.271108 ms
    Computation took 344.841010 ms
    Reading took     315.507000 us
  Sample 37...
Starting computation...
    Writing took     8.246128 ms
    Computation took 343.910992 ms
    Reading took     337.637000 us
  Sample 38...
Starting computation...
    Writing took     8.556471 ms
    Computation took 343.476670 ms
    Reading took     297.762000 us
  Sample 39...
Starting computation...
    Writing took     8.181990 ms
    Computation took 343.456828 ms
    Reading took     315.088000 us
  Sample 40...
Starting computation...
    Writing took     8.076487 ms
    Computation took 343.542965 ms
    Reading took     288.554000 us
  Sample 41...
Starting computation...
    Writing took     7.966638 ms
    Computation took 343.619802 ms
    Reading took     305.407000 us
  Sample 42...
Starting computation...
    Writing took     7.981171 ms
    Computation took 343.848079 ms
    Reading took     535.189000 us
  Sample 43...
Starting computation...
    Writing took     15.340229 ms
    Computation took 343.481486 ms
    Reading took     296.920000 us
  Sample 44...
Starting computation...
    Writing took     8.183923 ms
    Computation took 343.318349 ms
    Reading took     296.553000 us
  Sample 45...
Starting computation...
    Writing took     8.227485 ms
    Computation took 343.097658 ms
    Reading took     297.652000 us
  Sample 46...
Starting computation...
    Writing took     8.220117 ms
    Computation took 343.579379 ms
    Reading took     298.074000 us
  Sample 47...
Starting computation...
    Writing took     8.207911 ms
    Computation took 343.287953 ms
    Reading took     435.680000 us
  Sample 48...
Starting computation...
    Writing took     12.166394 ms
    Computation took 343.166513 ms
    Reading took     297.003000 us
  Sample 49...
Starting computation...
    Writing took     8.119194 ms
    Computation took 343.138625 ms
    Reading took     300.579000 us
  Sample 50...
Starting computation...
    Writing took     8.181414 ms
    Computation took 343.627390 ms
    Reading took     272.885000 us
  Sample 51...
Starting computation...
    Writing took     7.356624 ms
    Computation took 343.949497 ms
    Reading took     297.842000 us
  Sample 52...
Starting computation...
    Writing took     8.366016 ms
    Computation took 343.551803 ms
    Reading took     287.079000 us
  Sample 53...
Starting computation...
    Writing took     7.993990 ms
    Computation took 343.599339 ms
    Reading took     298.390000 us
  Sample 54...
Starting computation...
    Writing took     8.245987 ms
    Computation took 343.374257 ms
    Reading took     289.273000 us
  Sample 55...
Starting computation...
    Writing took     8.023920 ms
    Computation took 343.751995 ms
    Reading took     429.327000 us
  Sample 56...
Starting computation...
    Writing took     8.445297 ms
    Computation took 343.509070 ms
    Reading took     299.519000 us
  Sample 57...
Starting computation...
    Writing took     8.308230 ms
    Computation took 343.869087 ms
    Reading took     297.666000 us
  Sample 58...
Starting computation...
    Writing took     11.377870 ms
    Computation took 343.880500 ms
    Reading took     427.169000 us
  Sample 59...
Starting computation...
    Writing took     10.208685 ms
    Computation took 343.429888 ms
    Reading took     296.246000 us
  Sample 60...
Starting computation...
    Writing took     8.222731 ms
    Computation took 344.018419 ms
    Reading took     300.264000 us
  Sample 61...
Starting computation...
    Writing took     8.466351 ms
    Computation took 344.907474 ms
    Reading took     297.044000 us
  Sample 62...
Starting computation...
    Writing took     8.222588 ms
    Computation took 347.924479 ms
    Reading took     297.633000 us
  Sample 63...
Starting computation...
    Writing took     8.200416 ms
    Computation took 346.620626 ms
    Reading took     408.286000 us
  Sample 64...
Starting computation...
    Writing took     8.625705 ms
    Computation took 346.723909 ms
    Reading took     298.784000 us
  Sample 65...
Starting computation...
    Writing took     8.216826 ms
    Computation took 347.079006 ms
    Reading took     299.207000 us
  Sample 66...
Starting computation...
    Writing took     8.209980 ms
    Computation took 346.313106 ms
    Reading took     295.522000 us
  Sample 67...
Starting computation...
    Writing took     8.225814 ms
    Computation took 345.423596 ms
    Reading took     297.853000 us
  Sample 68...
Starting computation...
    Writing took     10.050064 ms
    Computation took 345.680364 ms
    Reading took     300.281000 us
  Sample 69...
Starting computation...
    Writing took     8.201215 ms
    Computation took 345.602360 ms
    Reading took     400.376000 us
  Sample 70...
Starting computation...
    Writing took     8.842146 ms
    Computation took 345.079903 ms
    Reading took     298.579000 us
  Sample 71...
Starting computation...
    Writing took     9.366406 ms
    Computation took 344.338410 ms
    Reading took     297.683000 us
  Sample 72...
Starting computation...
    Writing took     8.236577 ms
    Computation took 344.257057 ms
    Reading took     297.182000 us
  Sample 73...
Starting computation...
    Writing took     8.437628 ms
    Computation took 343.550403 ms
    Reading took     298.435000 us
  Sample 74...
Starting computation...
    Writing took     9.577853 ms
    Computation took 343.315177 ms
    Reading took     374.725000 us
  Sample 75...
Starting computation...
    Writing took     10.794841 ms
    Computation took 343.436200 ms
    Reading took     297.077000 us
  Sample 76...
Starting computation...
    Writing took     8.298318 ms
    Computation took 343.570867 ms
    Reading took     298.411000 us
  Sample 77...
Starting computation...
    Writing took     8.210037 ms
    Computation took 343.456502 ms
    Reading took     300.919000 us
  Sample 78...
Starting computation...
    Writing took     8.016935 ms
    Computation took 343.419189 ms
    Reading took     297.884000 us
  Sample 79...
Starting computation...
    Writing took     8.222313 ms
    Computation took 343.559408 ms
    Reading took     298.550000 us
  Sample 80...
Starting computation...
    Writing took     8.218360 ms
    Computation took 343.524391 ms
    Reading took     298.461000 us
  Sample 81...
Starting computation...
    Writing took     8.226922 ms
    Computation took 343.412490 ms
    Reading took     306.445000 us
  Sample 82...
Starting computation...
    Writing took     7.973152 ms
    Computation took 343.363487 ms
    Reading took     296.262000 us
  Sample 83...
Starting computation...
    Writing took     8.227880 ms
    Computation took 343.853526 ms
    Reading took     296.913000 us
  Sample 84...
Starting computation...
    Writing took     8.224911 ms
    Computation took 344.396594 ms
    Reading took     293.975000 us
  Sample 85...
Starting computation...
    Writing took     7.998361 ms
    Computation took 343.861478 ms
    Reading took     318.494000 us
  Sample 86...
Starting computation...
    Writing took     8.187955 ms
    Computation took 344.313125 ms
    Reading took     505.807000 us
  Sample 87...
Starting computation...
    Writing took     11.232591 ms
    Computation took 343.884138 ms
    Reading took     298.798000 us
  Sample 88...
Starting computation...
    Writing took     8.218020 ms
    Computation took 343.849187 ms
    Reading took     429.288000 us
  Sample 89...
Starting computation...
    Writing took     8.591030 ms
    Computation took 343.949873 ms
    Reading took     295.144000 us
  Sample 90...
Starting computation...
    Writing took     8.229945 ms
    Computation took 344.023965 ms
    Reading took     298.447000 us
  Sample 91...
Starting computation...
    Writing took     8.217014 ms
    Computation took 343.816586 ms
    Reading took     373.946000 us
  Sample 92...
Starting computation...
    Writing took     10.883014 ms
    Computation took 343.512706 ms
    Reading took     297.509000 us
  Sample 93...
Starting computation...
    Writing took     8.226011 ms
    Computation took 343.414478 ms
    Reading took     296.054000 us
  Sample 94...
Starting computation...
    Writing took     8.226585 ms
    Computation took 344.003575 ms
    Reading took     296.610000 us
  Sample 95...
Starting computation...
    Writing took     8.246659 ms
    Computation took 343.635574 ms
    Reading took     297.742000 us
  Sample 96...
Starting computation...
    Writing took     8.234175 ms
    Computation took 343.526144 ms
    Reading took     327.581000 us
  Sample 97...
Starting computation...
    Writing took     10.125136 ms
    Computation took 344.078527 ms
    Reading took     287.504000 us
  Sample 98...
Starting computation...
    Writing took     7.944219 ms
    Computation took 344.285863 ms
    Reading took     279.563000 us
  Sample 99...
Starting computation...
    Writing took     8.178622 ms
    Computation took 343.853052 ms
    Reading took     314.058000 us
Mean computation time: 344.546986 ms
Mean deviation: 1.255422 ms (0.364369%)
Mean computation time (per hash): 3.104026 ms
Mean deviation (per hash): 11.309000 us
