Using device #0: CUDA Device 'GeForce GTX 1080 Ti'
  Sample 0...
Starting computation...
    Writing took     3.246511 ms
    Computation took 187.836370 ms
    Reading took     62.899000 us
  Sample 1...
Starting computation...
    Writing took     1.513849 ms
    Computation took 187.695885 ms
    Reading took     58.654000 us
  Sample 2...
Starting computation...
    Writing took     1.479202 ms
    Computation took 187.684403 ms
    Reading took     59.980000 us
  Sample 3...
Starting computation...
    Writing took     1.530841 ms
    Computation took 187.629903 ms
    Reading took     60.006000 us
  Sample 4...
Starting computation...
    Writing took     1.551530 ms
    Computation took 187.675644 ms
    Reading took     61.708000 us
  Sample 5...
Starting computation...
    Writing took     1.597176 ms
    Computation took 187.696544 ms
    Reading took     107.630000 us
  Sample 6...
Starting computation...
    Writing took     2.999669 ms
    Computation took 187.694929 ms
    Reading took     65.462000 us
  Sample 7...
Starting computation...
    Writing took     1.520137 ms
    Computation took 187.680767 ms
    Reading took     64.579000 us
  Sample 8...
Starting computation...
    Writing took     1.574485 ms
    Computation took 187.684912 ms
    Reading took     64.206000 us
  Sample 9...
Starting computation...
    Writing took     1.501561 ms
    Computation took 187.686801 ms
    Reading took     67.825000 us
  Sample 10...
Starting computation...
    Writing took     1.562895 ms
    Computation took 187.702828 ms
    Reading took     65.219000 us
  Sample 11...
Starting computation...
    Writing took     1.623938 ms
    Computation took 187.676672 ms
    Reading took     63.996000 us
  Sample 12...
Starting computation...
    Writing took     1.512112 ms
    Computation took 187.716783 ms
    Reading took     65.224000 us
  Sample 13...
Starting computation...
    Writing took     1.479373 ms
    Computation took 187.737605 ms
    Reading took     62.937000 us
  Sample 14...
Starting computation...
    Writing took     1.456562 ms
    Computation took 187.736700 ms
    Reading took     57.614000 us
  Sample 15...
Starting computation...
    Writing took     1.356784 ms
    Computation took 187.703754 ms
    Reading took     81.994000 us
  Sample 16...
Starting computation...
    Writing took     1.398784 ms
    Computation took 187.727340 ms
    Reading took     60.573000 us
  Sample 17...
Starting computation...
    Writing took     1.565040 ms
    Computation took 187.699726 ms
    Reading took     60.055000 us
  Sample 18...
Starting computation...
    Writing took     1.372019 ms
    Computation took 187.675208 ms
    Reading took     63.731000 us
  Sample 19...
Starting computation...
    Writing took     1.469008 ms
    Computation took 187.684645 ms
    Reading took     65.089000 us
  Sample 20...
Starting computation...
    Writing took     1.599375 ms
    Computation took 187.709223 ms
    Reading took     78.657000 us
  Sample 21...
Starting computation...
    Writing took     1.378598 ms
    Computation took 187.708567 ms
    Reading took     62.888000 us
  Sample 22...
Starting computation...
    Writing took     1.457272 ms
    Computation took 187.690184 ms
    Reading took     70.374000 us
  Sample 23...
Starting computation...
    Writing took     1.826790 ms
    Computation took 187.769557 ms
    Reading took     70.947000 us
  Sample 24...
Starting computation...
    Writing took     1.808916 ms
    Computation took 187.691320 ms
    Reading took     68.221000 us
  Sample 25...
Starting computation...
    Writing took     1.780363 ms
    Computation took 187.753284 ms
    Reading took     70.447000 us
  Sample 26...
Starting computation...
    Writing took     1.814076 ms
    Computation took 187.703607 ms
    Reading took     69.338000 us
  Sample 27...
Starting computation...
    Writing took     1.796541 ms
    Computation took 187.756459 ms
    Reading took     69.539000 us
  Sample 28...
Starting computation...
    Writing took     1.831353 ms
    Computation took 187.687840 ms
    Reading took     71.412000 us
  Sample 29...
Starting computation...
    Writing took     1.805823 ms
    Computation took 187.690712 ms
    Reading took     70.925000 us
  Sample 30...
Starting computation...
    Writing took     1.845932 ms
    Computation took 187.701681 ms
    Reading took     68.824000 us
  Sample 31...
Starting computation...
    Writing took     1.806696 ms
    Computation took 187.714143 ms
    Reading took     68.120000 us
  Sample 32...
Starting computation...
    Writing took     1.668037 ms
    Computation took 187.730350 ms
    Reading took     56.226000 us
  Sample 33...
Starting computation...
    Writing took     1.411928 ms
    Computation took 187.684014 ms
    Reading took     58.398000 us
  Sample 34...
Starting computation...
    Writing took     1.389241 ms
    Computation took 187.687690 ms
    Reading took     56.402000 us
  Sample 35...
Starting computation...
    Writing took     1.449193 ms
    Computation took 187.676717 ms
    Reading took     55.417000 us
  Sample 36...
Starting computation...
    Writing took     1.428000 ms
    Computation took 187.679400 ms
    Reading took     53.747000 us
  Sample 37...
Starting computation...
    Writing took     1.360831 ms
    Computation took 187.758297 ms
    Reading took     72.510000 us
  Sample 38...
Starting computation...
    Writing took     1.813671 ms
    Computation took 187.718747 ms
    Reading took     69.706000 us
  Sample 39...
Starting computation...
    Writing took     1.866480 ms
    Computation took 187.743798 ms
    Reading took     83.672000 us
  Sample 40...
Starting computation...
    Writing took     2.077919 ms
    Computation took 187.744785 ms
    Reading took     58.488000 us
  Sample 41...
Starting computation...
    Writing took     1.353739 ms
    Computation took 187.679437 ms
    Reading took     60.137000 us
  Sample 42...
Starting computation...
    Writing took     1.411175 ms
    Computation took 187.713543 ms
    Reading took     64.792000 us
  Sample 43...
Starting computation...
    Writing took     1.427901 ms
    Computation took 187.651407 ms
    Reading took     60.562000 us
  Sample 44...
Starting computation...
    Writing took     1.429049 ms
    Computation took 187.707217 ms
    Reading took     60.776000 us
  Sample 45...
Starting computation...
    Writing took     1.419132 ms
    Computation took 187.728053 ms
    Reading took     60.253000 us
  Sample 46...
Starting computation...
    Writing took     1.409258 ms
    Computation took 187.716142 ms
    Reading took     57.731000 us
  Sample 47...
Starting computation...
    Writing took     1.357759 ms
    Computation took 187.710762 ms
    Reading took     80.437000 us
  Sample 48...
Starting computation...
    Writing took     2.025245 ms
    Computation took 187.752403 ms
    Reading took     87.538000 us
  Sample 49...
Starting computation...
    Writing took     1.986374 ms
    Computation took 187.731719 ms
    Reading took     88.200000 us
  Sample 50...
Starting computation...
    Writing took     2.041710 ms
    Computation took 187.726792 ms
    Reading took     75.462000 us
  Sample 51...
Starting computation...
    Writing took     1.812977 ms
    Computation took 187.716454 ms
    Reading took     79.167000 us
  Sample 52...
Starting computation...
    Writing took     1.810447 ms
    Computation took 187.718462 ms
    Reading took     82.384000 us
  Sample 53...
Starting computation...
    Writing took     1.844121 ms
    Computation took 187.751319 ms
    Reading took     110.120000 us
  Sample 54...
Starting computation...
    Writing took     3.097116 ms
    Computation took 187.749884 ms
    Reading took     115.149000 us
  Sample 55...
Starting computation...
    Writing took     3.087593 ms
    Computation took 187.741783 ms
    Reading took     57.786000 us
  Sample 56...
Starting computation...
    Writing took     1.464871 ms
    Computation took 187.653432 ms
    Reading took     54.168000 us
  Sample 57...
Starting computation...
    Writing took     1.355565 ms
    Computation took 187.681767 ms
    Reading took     55.308000 us
  Sample 58...
Starting computation...
    Writing took     1.386045 ms
    Computation took 187.682602 ms
    Reading took     60.777000 us
  Sample 59...
Starting computation...
    Writing took     1.560351 ms
    Computation took 187.678827 ms
    Reading took     53.431000 us
  Sample 60...
Starting computation...
    Writing took     1.360321 ms
    Computation took 187.690665 ms
    Reading took     54.199000 us
  Sample 61...
Starting computation...
    Writing took     1.354021 ms
    Computation took 187.672366 ms
    Reading took     56.780000 us
  Sample 62...
Starting computation...
    Writing took     1.401199 ms
    Computation took 187.698308 ms
    Reading took     55.043000 us
  Sample 63...
Starting computation...
    Writing took     1.371339 ms
    Computation took 187.746618 ms
    Reading took     161.063000 us
  Sample 64...
Starting computation...
    Writing took     4.441167 ms
    Computation took 187.776596 ms
    Reading took     73.842000 us
  Sample 65...
Starting computation...
    Writing took     1.972090 ms
    Computation took 187.680177 ms
    Reading took     73.887000 us
  Sample 66...
Starting computation...
    Writing took     1.994469 ms
    Computation took 187.675326 ms
    Reading took     70.346000 us
  Sample 67...
Starting computation...
    Writing took     1.805485 ms
    Computation took 187.720639 ms
    Reading took     110.174000 us
  Sample 68...
Starting computation...
    Writing took     3.068246 ms
    Computation took 187.732883 ms
    Reading took     67.850000 us
  Sample 69...
Starting computation...
    Writing took     1.790021 ms
    Computation took 187.680754 ms
    Reading took     68.112000 us
  Sample 70...
Starting computation...
    Writing took     1.813938 ms
    Computation took 187.667655 ms
    Reading took     68.295000 us
  Sample 71...
Starting computation...
    Writing took     1.801683 ms
    Computation took 187.718299 ms
    Reading took     67.813000 us
  Sample 72...
Starting computation...
    Writing took     1.792800 ms
    Computation took 187.698961 ms
    Reading took     67.796000 us
  Sample 73...
Starting computation...
    Writing took     1.884210 ms
    Computation took 187.703314 ms
    Reading took     70.310000 us
  Sample 74...
Starting computation...
    Writing took     1.802015 ms
    Computation took 187.703158 ms
    Reading took     70.300000 us
  Sample 75...
Starting computation...
    Writing took     1.833750 ms
    Computation took 187.722631 ms
    Reading took     68.542000 us
  Sample 76...
Starting computation...
    Writing took     1.802643 ms
    Computation took 187.722599 ms
    Reading took     68.307000 us
  Sample 77...
Starting computation...
    Writing took     1.792748 ms
    Computation took 187.660603 ms
    Reading took     68.787000 us
  Sample 78...
Starting computation...
    Writing took     1.817097 ms
    Computation took 187.655226 ms
    Reading took     68.356000 us
  Sample 79...
Starting computation...
    Writing took     1.807808 ms
    Computation took 187.728787 ms
    Reading took     68.416000 us
  Sample 80...
Starting computation...
    Writing took     1.831933 ms
    Computation took 187.722118 ms
    Reading took     99.085000 us
  Sample 81...
Starting computation...
    Writing took     2.541775 ms
    Computation took 187.709899 ms
    Reading took     62.289000 us
  Sample 82...
Starting computation...
    Writing took     1.474187 ms
    Computation took 187.717461 ms
    Reading took     64.296000 us
  Sample 83...
Starting computation...
    Writing took     1.469645 ms
    Computation took 187.691166 ms
    Reading took     64.070000 us
  Sample 84...
Starting computation...
    Writing took     1.506413 ms
    Computation took 187.683757 ms
    Reading took     61.365000 us
  Sample 85...
Starting computation...
    Writing took     1.468961 ms
    Computation took 187.724983 ms
    Reading took     70.402000 us
  Sample 86...
Starting computation...
    Writing took     1.534468 ms
    Computation took 187.734180 ms
    Reading took     64.176000 us
  Sample 87...
Starting computation...
    Writing took     1.518500 ms
    Computation took 187.708654 ms
    Reading took     66.035000 us
  Sample 88...
Starting computation...
    Writing took     1.607307 ms
    Computation took 187.717789 ms
    Reading took     61.079000 us
  Sample 89...
Starting computation...
    Writing took     1.392941 ms
    Computation took 187.715003 ms
    Reading took     64.033000 us
  Sample 90...
Starting computation...
    Writing took     1.453191 ms
    Computation took 187.700162 ms
    Reading took     68.464000 us
  Sample 91...
Starting computation...
    Writing took     1.732148 ms
    Computation took 187.696430 ms
    Reading took     68.782000 us
  Sample 92...
Starting computation...
    Writing took     1.553105 ms
    Computation took 187.708036 ms
    Reading took     65.451000 us
  Sample 93...
Starting computation...
    Writing took     1.648677 ms
    Computation took 187.680431 ms
    Reading took     62.800000 us
  Sample 94...
Starting computation...
    Writing took     1.551882 ms
    Computation took 187.724960 ms
    Reading took     65.218000 us
  Sample 95...
Starting computation...
    Writing took     1.499996 ms
    Computation took 187.735044 ms
    Reading took     112.783000 us
  Sample 96...
Starting computation...
    Writing took     3.106872 ms
    Computation took 187.760090 ms
    Reading took     69.970000 us
  Sample 97...
Starting computation...
    Writing took     1.801544 ms
    Computation took 187.734661 ms
    Reading took     70.858000 us
  Sample 98...
Starting computation...
    Writing took     1.836191 ms
    Computation took 187.746112 ms
    Reading took     69.514000 us
  Sample 99...
Starting computation...
    Writing took     1.820054 ms
    Computation took 187.687565 ms
    Reading took     70.600000 us
Mean computation time: 187.708738 ms
Mean deviation: 24.227000 us (0.0129067%)
Mean computation time (per hash): 7.821196 ms
Mean deviation (per hash): 1.009000 us
