Using device #0: CUDA Device 'GeForce GTX 1080 Ti'
  Sample 0...
Starting computation...
    Writing took     2.668162 ms
    Computation took 201.846688 ms
    Reading took     103.736000 us
  Sample 1...
Starting computation...
    Writing took     2.528089 ms
    Computation took 201.765336 ms
    Reading took     99.719000 us
  Sample 2...
Starting computation...
    Writing took     2.620408 ms
    Computation took 201.763649 ms
    Reading took     100.929000 us
  Sample 3...
Starting computation...
    Writing took     2.609802 ms
    Computation took 201.739111 ms
    Reading took     99.633000 us
  Sample 4...
Starting computation...
    Writing took     2.621412 ms
    Computation took 201.723973 ms
    Reading took     99.884000 us
  Sample 5...
Starting computation...
    Writing took     2.634061 ms
    Computation took 201.785928 ms
    Reading took     164.040000 us
  Sample 6...
Starting computation...
    Writing took     4.501460 ms
    Computation took 201.737791 ms
    Reading took     81.103000 us
  Sample 7...
Starting computation...
    Writing took     2.021520 ms
    Computation took 201.767689 ms
    Reading took     76.912000 us
  Sample 8...
Starting computation...
    Writing took     1.977991 ms
    Computation took 201.731287 ms
    Reading took     99.616000 us
  Sample 9...
Starting computation...
    Writing took     2.596385 ms
    Computation took 201.811693 ms
    Reading took     116.687000 us
  Sample 10...
Starting computation...
    Writing took     2.871953 ms
    Computation took 201.824340 ms
    Reading took     114.460000 us
  Sample 11...
Starting computation...
    Writing took     2.857641 ms
    Computation took 201.800293 ms
    Reading took     116.989000 us
  Sample 12...
Starting computation...
    Writing took     2.415724 ms
    Computation took 201.852800 ms
    Reading took     90.283000 us
  Sample 13...
Starting computation...
    Writing took     2.111602 ms
    Computation took 201.835677 ms
    Reading took     86.417000 us
  Sample 14...
Starting computation...
    Writing took     2.114907 ms
    Computation took 201.761127 ms
    Reading took     85.541000 us
  Sample 15...
Starting computation...
    Writing took     2.184647 ms
    Computation took 201.778020 ms
    Reading took     90.272000 us
  Sample 16...
Starting computation...
    Writing took     2.111638 ms
    Computation took 201.753284 ms
    Reading took     101.164000 us
  Sample 17...
Starting computation...
    Writing took     2.623805 ms
    Computation took 201.765384 ms
    Reading took     102.702000 us
  Sample 18...
Starting computation...
    Writing took     2.608864 ms
    Computation took 201.818767 ms
    Reading took     101.578000 us
  Sample 19...
Starting computation...
    Writing took     2.615488 ms
    Computation took 201.774413 ms
    Reading took     104.931000 us
  Sample 20...
Starting computation...
    Writing took     2.602940 ms
    Computation took 201.786282 ms
    Reading took     99.003000 us
  Sample 21...
Starting computation...
    Writing took     2.651792 ms
    Computation took 201.782939 ms
    Reading took     161.745000 us
  Sample 22...
Starting computation...
    Writing took     4.446240 ms
    Computation took 201.760019 ms
    Reading took     77.928000 us
  Sample 23...
Starting computation...
    Writing took     1.979684 ms
    Computation took 201.750156 ms
    Reading took     83.672000 us
  Sample 24...
Starting computation...
    Writing took     1.981841 ms
    Computation took 201.783384 ms
    Reading took     85.468000 us
  Sample 25...
Starting computation...
    Writing took     2.159939 ms
    Computation took 201.775594 ms
    Reading took     100.117000 us
  Sample 26...
Starting computation...
    Writing took     2.593929 ms
    Computation took 201.742334 ms
    Reading took     98.285000 us
  Sample 27...
Starting computation...
    Writing took     2.604696 ms
    Computation took 201.833744 ms
    Reading took     101.030000 us
  Sample 28...
Starting computation...
    Writing took     2.629195 ms
    Computation took 201.226453 ms
    Reading took     98.493000 us
  Sample 29...
Starting computation...
    Writing took     2.613636 ms
    Computation took 201.175075 ms
    Reading took     99.761000 us
  Sample 30...
Starting computation...
    Writing took     2.633111 ms
    Computation took 201.183265 ms
    Reading took     81.419000 us
  Sample 31...
Starting computation...
    Writing took     2.023753 ms
    Computation took 201.091559 ms
    Reading took     79.146000 us
  Sample 32...
Starting computation...
    Writing took     1.985835 ms
    Computation took 201.128269 ms
    Reading took     75.285000 us
  Sample 33...
Starting computation...
    Writing took     1.982622 ms
    Computation took 201.144812 ms
    Reading took     84.657000 us
  Sample 34...
Starting computation...
    Writing took     2.178591 ms
    Computation took 201.128044 ms
    Reading took     83.949000 us
  Sample 35...
Starting computation...
    Writing took     2.186924 ms
    Computation took 201.165949 ms
    Reading took     87.917000 us
  Sample 36...
Starting computation...
    Writing took     2.262461 ms
    Computation took 201.157540 ms
    Reading took     84.218000 us
  Sample 37...
Starting computation...
    Writing took     2.163652 ms
    Computation took 201.126153 ms
    Reading took     81.903000 us
  Sample 38...
Starting computation...
    Writing took     2.111682 ms
    Computation took 201.144327 ms
    Reading took     82.742000 us
  Sample 39...
Starting computation...
    Writing took     2.134739 ms
    Computation took 201.118924 ms
    Reading took     83.869000 us
  Sample 40...
Starting computation...
    Writing took     2.150398 ms
    Computation took 201.152695 ms
    Reading took     85.173000 us
  Sample 41...
Starting computation...
    Writing took     2.194066 ms
    Computation took 201.120921 ms
    Reading took     82.132000 us
  Sample 42...
Starting computation...
    Writing took     2.154681 ms
    Computation took 201.062472 ms
    Reading took     81.895000 us
  Sample 43...
Starting computation...
    Writing took     2.111953 ms
    Computation took 201.066983 ms
    Reading took     81.164000 us
  Sample 44...
Starting computation...
    Writing took     2.114350 ms
    Computation took 201.125144 ms
    Reading took     93.333000 us
  Sample 45...
Starting computation...
    Writing took     2.287315 ms
    Computation took 201.142902 ms
    Reading took     107.109000 us
  Sample 46...
Starting computation...
    Writing took     2.838171 ms
    Computation took 201.194795 ms
    Reading took     191.147000 us
  Sample 47...
Starting computation...
    Writing took     5.181831 ms
    Computation took 201.152119 ms
    Reading took     88.831000 us
  Sample 48...
Starting computation...
    Writing took     2.276719 ms
    Computation took 201.086857 ms
    Reading took     83.290000 us
  Sample 49...
Starting computation...
    Writing took     2.117735 ms
    Computation took 201.110908 ms
    Reading took     85.487000 us
  Sample 50...
Starting computation...
    Writing took     2.184496 ms
    Computation took 201.095874 ms
    Reading took     85.307000 us
  Sample 51...
Starting computation...
    Writing took     2.114424 ms
    Computation took 201.096788 ms
    Reading took     90.684000 us
  Sample 52...
Starting computation...
    Writing took     2.133923 ms
    Computation took 201.145453 ms
    Reading took     87.003000 us
  Sample 53...
Starting computation...
    Writing took     2.192305 ms
    Computation took 201.091226 ms
    Reading took     87.551000 us
  Sample 54...
Starting computation...
    Writing took     2.222800 ms
    Computation took 201.113411 ms
    Reading took     86.146000 us
  Sample 55...
Starting computation...
    Writing took     2.225077 ms
    Computation took 201.161759 ms
    Reading took     150.996000 us
  Sample 56...
Starting computation...
    Writing took     4.117616 ms
    Computation took 201.213279 ms
    Reading took     91.599000 us
  Sample 57...
Starting computation...
    Writing took     2.251270 ms
    Computation took 201.165375 ms
    Reading took     85.182000 us
  Sample 58...
Starting computation...
    Writing took     2.141358 ms
    Computation took 201.066187 ms
    Reading took     84.574000 us
  Sample 59...
Starting computation...
    Writing took     1.977835 ms
    Computation took 201.140163 ms
    Reading took     90.109000 us
  Sample 60...
Starting computation...
    Writing took     2.161379 ms
    Computation took 201.101648 ms
    Reading took     86.118000 us
  Sample 61...
Starting computation...
    Writing took     2.044346 ms
    Computation took 201.143072 ms
    Reading took     86.924000 us
  Sample 62...
Starting computation...
    Writing took     2.039519 ms
    Computation took 201.110639 ms
    Reading took     106.740000 us
  Sample 63...
Starting computation...
    Writing took     2.256438 ms
    Computation took 201.139989 ms
    Reading took     86.038000 us
  Sample 64...
Starting computation...
    Writing took     2.181022 ms
    Computation took 201.138148 ms
    Reading took     84.122000 us
  Sample 65...
Starting computation...
    Writing took     2.073205 ms
    Computation took 201.161132 ms
    Reading took     103.776000 us
  Sample 66...
Starting computation...
    Writing took     2.651073 ms
    Computation took 201.199608 ms
    Reading took     100.492000 us
  Sample 67...
Starting computation...
    Writing took     2.618860 ms
    Computation took 201.153084 ms
    Reading took     99.009000 us
  Sample 68...
Starting computation...
    Writing took     2.634046 ms
    Computation took 201.183339 ms
    Reading took     101.293000 us
  Sample 69...
Starting computation...
    Writing took     2.629184 ms
    Computation took 201.151206 ms
    Reading took     80.846000 us
  Sample 70...
Starting computation...
    Writing took     2.006782 ms
    Computation took 201.119598 ms
    Reading took     76.982000 us
  Sample 71...
Starting computation...
    Writing took     1.974768 ms
    Computation took 201.129800 ms
    Reading took     126.093000 us
  Sample 72...
Starting computation...
    Writing took     3.422854 ms
    Computation took 201.230734 ms
    Reading took     89.477000 us
  Sample 73...
Starting computation...
    Writing took     2.150319 ms
    Computation took 202.841821 ms
    Reading took     85.730000 us
  Sample 74...
Starting computation...
    Writing took     2.151650 ms
    Computation took 202.663912 ms
    Reading took     87.777000 us
  Sample 75...
Starting computation...
    Writing took     2.274290 ms
    Computation took 202.670148 ms
    Reading took     79.362000 us
  Sample 76...
Starting computation...
    Writing took     2.169389 ms
    Computation took 202.655020 ms
    Reading took     87.363000 us
  Sample 77...
Starting computation...
    Writing took     2.210095 ms
    Computation took 202.635564 ms
    Reading took     89.679000 us
  Sample 78...
Starting computation...
    Writing took     2.340620 ms
    Computation took 202.636315 ms
    Reading took     87.282000 us
  Sample 79...
Starting computation...
    Writing took     2.232769 ms
    Computation took 202.681579 ms
    Reading took     87.458000 us
  Sample 80...
Starting computation...
    Writing took     2.215369 ms
    Computation took 202.669848 ms
    Reading took     79.881000 us
  Sample 81...
Starting computation...
    Writing took     1.975949 ms
    Computation took 202.669163 ms
    Reading took     82.653000 us
  Sample 82...
Starting computation...
    Writing took     2.110492 ms
    Computation took 202.671226 ms
    Reading took     81.109000 us
  Sample 83...
Starting computation...
    Writing took     2.116765 ms
    Computation took 202.628380 ms
    Reading took     87.727000 us
  Sample 84...
Starting computation...
    Writing took     2.316424 ms
    Computation took 202.669339 ms
    Reading took     109.206000 us
  Sample 85...
Starting computation...
    Writing took     2.611516 ms
    Computation took 202.705284 ms
    Reading took     133.193000 us
  Sample 86...
Starting computation...
    Writing took     3.516590 ms
    Computation took 202.715394 ms
    Reading took     92.022000 us
  Sample 87...
Starting computation...
    Writing took     2.065528 ms
    Computation took 202.657856 ms
    Reading took     87.397000 us
  Sample 88...
Starting computation...
    Writing took     2.043877 ms
    Computation took 202.680611 ms
    Reading took     84.140000 us
  Sample 89...
Starting computation...
    Writing took     1.976188 ms
    Computation took 202.684282 ms
    Reading took     91.156000 us
  Sample 90...
Starting computation...
    Writing took     2.263004 ms
    Computation took 202.687584 ms
    Reading took     90.415000 us
  Sample 91...
Starting computation...
    Writing took     2.240767 ms
    Computation took 202.706505 ms
    Reading took     112.136000 us
  Sample 92...
Starting computation...
    Writing took     2.852058 ms
    Computation took 202.747179 ms
    Reading took     118.802000 us
  Sample 93...
Starting computation...
    Writing took     2.408768 ms
    Computation took 202.701531 ms
    Reading took     132.318000 us
  Sample 94...
Starting computation...
    Writing took     3.356171 ms
    Computation took 202.688575 ms
    Reading took     90.179000 us
  Sample 95...
Starting computation...
    Writing took     2.016990 ms
    Computation took 202.710251 ms
    Reading took     87.784000 us
  Sample 96...
Starting computation...
    Writing took     2.179916 ms
    Computation took 202.713362 ms
    Reading took     85.206000 us
  Sample 97...
Starting computation...
    Writing took     2.066724 ms
    Computation took 202.671482 ms
    Reading took     87.512000 us
  Sample 98...
Starting computation...
    Writing took     2.027959 ms
    Computation took 202.675159 ms
    Reading took     84.836000 us
  Sample 99...
Starting computation...
    Writing took     1.974935 ms
    Computation took 202.687795 ms
    Reading took     89.531000 us
Mean computation time: 201.736345 ms
Mean deviation: 537.905000 us (0.266638%)
Mean computation time (per hash): 5.763895 ms
Mean deviation (per hash): 15.368000 us
