Using device #0: CUDA Device 'GeForce GTX 1080 Ti'
  Sample 0...
Starting computation...
    Writing took     1.685161 ms
    Computation took 177.534627 ms
    Reading took     69.911000 us
  Sample 1...
Starting computation...
    Writing took     1.726902 ms
    Computation took 177.599463 ms
    Reading took     62.451000 us
  Sample 2...
Starting computation...
    Writing took     1.637333 ms
    Computation took 177.561613 ms
    Reading took     60.390000 us
  Sample 3...
Starting computation...
    Writing took     1.605627 ms
    Computation took 177.529266 ms
    Reading took     62.880000 us
  Sample 4...
Starting computation...
    Writing took     1.631941 ms
    Computation took 177.626233 ms
    Reading took     62.120000 us
  Sample 5...
Starting computation...
    Writing took     1.631853 ms
    Computation took 177.556238 ms
    Reading took     61.313000 us
  Sample 6...
Starting computation...
    Writing took     1.602771 ms
    Computation took 177.648681 ms
    Reading took     70.697000 us
  Sample 7...
Starting computation...
    Writing took     1.863865 ms
    Computation took 177.628894 ms
    Reading took     73.784000 us
  Sample 8...
Starting computation...
    Writing took     1.835441 ms
    Computation took 177.618798 ms
    Reading took     70.116000 us
  Sample 9...
Starting computation...
    Writing took     1.893858 ms
    Computation took 177.556057 ms
    Reading took     65.194000 us
  Sample 10...
Starting computation...
    Writing took     1.725746 ms
    Computation took 177.542283 ms
    Reading took     61.139000 us
  Sample 11...
Starting computation...
    Writing took     1.597385 ms
    Computation took 177.565460 ms
    Reading took     60.787000 us
  Sample 12...
Starting computation...
    Writing took     1.527422 ms
    Computation took 177.566102 ms
    Reading took     56.552000 us
  Sample 13...
Starting computation...
    Writing took     1.405369 ms
    Computation took 177.502608 ms
    Reading took     53.770000 us
  Sample 14...
Starting computation...
    Writing took     1.428740 ms
    Computation took 177.484234 ms
    Reading took     55.192000 us
  Sample 15...
Starting computation...
    Writing took     1.429891 ms
    Computation took 177.606138 ms
    Reading took     60.729000 us
  Sample 16...
Starting computation...
    Writing took     1.506178 ms
    Computation took 177.616377 ms
    Reading took     62.887000 us
  Sample 17...
Starting computation...
    Writing took     1.654474 ms
    Computation took 177.552634 ms
    Reading took     60.525000 us
  Sample 18...
Starting computation...
    Writing took     1.601559 ms
    Computation took 177.504750 ms
    Reading took     60.477000 us
  Sample 19...
Starting computation...
    Writing took     1.548621 ms
    Computation took 177.510370 ms
    Reading took     61.237000 us
  Sample 20...
Starting computation...
    Writing took     1.600777 ms
    Computation took 177.599598 ms
    Reading took     61.011000 us
  Sample 21...
Starting computation...
    Writing took     1.601798 ms
    Computation took 177.519755 ms
    Reading took     60.509000 us
  Sample 22...
Starting computation...
    Writing took     1.604627 ms
    Computation took 177.832792 ms
    Reading took     100.444000 us
  Sample 23...
Starting computation...
    Writing took     3.076041 ms
    Computation took 178.335963 ms
    Reading took     69.558000 us
  Sample 24...
Starting computation...
    Writing took     1.817427 ms
    Computation took 178.313160 ms
    Reading took     69.277000 us
  Sample 25...
Starting computation...
    Writing took     1.831241 ms
    Computation took 178.322529 ms
    Reading took     67.907000 us
  Sample 26...
Starting computation...
    Writing took     1.817353 ms
    Computation took 178.324822 ms
    Reading took     55.339000 us
  Sample 27...
Starting computation...
    Writing took     1.442189 ms
    Computation took 178.320036 ms
    Reading took     58.109000 us
  Sample 28...
Starting computation...
    Writing took     1.476463 ms
    Computation took 178.320144 ms
    Reading took     56.373000 us
  Sample 29...
Starting computation...
    Writing took     1.453523 ms
    Computation took 178.286823 ms
    Reading took     59.310000 us
  Sample 30...
Starting computation...
    Writing took     1.458493 ms
    Computation took 178.358701 ms
    Reading took     62.805000 us
  Sample 31...
Starting computation...
    Writing took     1.519447 ms
    Computation took 178.310804 ms
    Reading took     60.929000 us
  Sample 32...
Starting computation...
    Writing took     1.575428 ms
    Computation took 178.283918 ms
    Reading took     61.614000 us
  Sample 33...
Starting computation...
    Writing took     1.542175 ms
    Computation took 178.336755 ms
    Reading took     79.437000 us
  Sample 34...
Starting computation...
    Writing took     2.055451 ms
    Computation took 178.313897 ms
    Reading took     69.490000 us
  Sample 35...
Starting computation...
    Writing took     1.867906 ms
    Computation took 178.351357 ms
    Reading took     69.260000 us
  Sample 36...
Starting computation...
    Writing took     1.826868 ms
    Computation took 178.293638 ms
    Reading took     68.690000 us
  Sample 37...
Starting computation...
    Writing took     1.828982 ms
    Computation took 178.249773 ms
    Reading took     62.190000 us
  Sample 38...
Starting computation...
    Writing took     1.640735 ms
    Computation took 178.248760 ms
    Reading took     62.419000 us
  Sample 39...
Starting computation...
    Writing took     1.636656 ms
    Computation took 178.309543 ms
    Reading took     63.718000 us
  Sample 40...
Starting computation...
    Writing took     1.608613 ms
    Computation took 178.301005 ms
    Reading took     64.513000 us
  Sample 41...
Starting computation...
    Writing took     1.757102 ms
    Computation took 178.265118 ms
    Reading took     65.238000 us
  Sample 42...
Starting computation...
    Writing took     1.730008 ms
    Computation took 178.333386 ms
    Reading took     66.814000 us
  Sample 43...
Starting computation...
    Writing took     1.733961 ms
    Computation took 178.294453 ms
    Reading took     65.890000 us
  Sample 44...
Starting computation...
    Writing took     1.773361 ms
    Computation took 178.340560 ms
    Reading took     111.206000 us
  Sample 45...
Starting computation...
    Writing took     2.999365 ms
    Computation took 178.333897 ms
    Reading took     66.276000 us
  Sample 46...
Starting computation...
    Writing took     1.716794 ms
    Computation took 178.262016 ms
    Reading took     65.424000 us
  Sample 47...
Starting computation...
    Writing took     1.717288 ms
    Computation took 178.327720 ms
    Reading took     65.220000 us
  Sample 48...
Starting computation...
    Writing took     1.715149 ms
    Computation took 178.333621 ms
    Reading took     65.872000 us
  Sample 49...
Starting computation...
    Writing took     1.704007 ms
    Computation took 178.268619 ms
    Reading took     68.055000 us
  Sample 50...
Starting computation...
    Writing took     1.715162 ms
    Computation took 178.319627 ms
    Reading took     65.895000 us
  Sample 51...
Starting computation...
    Writing took     1.712400 ms
    Computation took 178.316735 ms
    Reading took     64.851000 us
  Sample 52...
Starting computation...
    Writing took     1.695320 ms
    Computation took 178.380903 ms
    Reading took     71.656000 us
  Sample 53...
Starting computation...
    Writing took     1.693934 ms
    Computation took 178.302049 ms
    Reading took     65.117000 us
  Sample 54...
Starting computation...
    Writing took     1.691840 ms
    Computation took 178.340307 ms
    Reading took     66.441000 us
  Sample 55...
Starting computation...
    Writing took     1.738491 ms
    Computation took 178.307141 ms
    Reading took     66.125000 us
  Sample 56...
Starting computation...
    Writing took     1.703191 ms
    Computation took 178.321214 ms
    Reading took     67.146000 us
  Sample 57...
Starting computation...
    Writing took     1.718205 ms
    Computation took 178.320668 ms
    Reading took     65.778000 us
  Sample 58...
Starting computation...
    Writing took     1.707773 ms
    Computation took 178.301510 ms
    Reading took     66.211000 us
  Sample 59...
Starting computation...
    Writing took     1.735894 ms
    Computation took 178.282146 ms
    Reading took     64.820000 us
  Sample 60...
Starting computation...
    Writing took     1.731571 ms
    Computation took 178.335612 ms
    Reading took     66.169000 us
  Sample 61...
Starting computation...
    Writing took     1.742720 ms
    Computation took 178.324849 ms
    Reading took     67.426000 us
  Sample 62...
Starting computation...
    Writing took     1.741954 ms
    Computation took 178.279635 ms
    Reading took     65.564000 us
  Sample 63...
Starting computation...
    Writing took     1.708331 ms
    Computation took 178.281326 ms
    Reading took     64.527000 us
  Sample 64...
Starting computation...
    Writing took     1.721852 ms
    Computation took 178.321355 ms
    Reading took     65.227000 us
  Sample 65...
Starting computation...
    Writing took     1.714964 ms
    Computation took 178.332986 ms
    Reading took     54.817000 us
  Sample 66...
Starting computation...
    Writing took     1.953203 ms
    Computation took 178.347412 ms
    Reading took     66.233000 us
  Sample 67...
Starting computation...
    Writing took     1.723360 ms
    Computation took 178.353016 ms
    Reading took     66.440000 us
  Sample 68...
Starting computation...
    Writing took     1.735961 ms
    Computation took 178.346013 ms
    Reading took     81.574000 us
  Sample 69...
Starting computation...
    Writing took     1.720414 ms
    Computation took 178.382056 ms
    Reading took     66.920000 us
  Sample 70...
Starting computation...
    Writing took     1.709911 ms
    Computation took 178.298506 ms
    Reading took     69.123000 us
  Sample 71...
Starting computation...
    Writing took     1.695558 ms
    Computation took 178.354182 ms
    Reading took     65.966000 us
  Sample 72...
Starting computation...
    Writing took     1.713888 ms
    Computation took 178.356229 ms
    Reading took     65.639000 us
  Sample 73...
Starting computation...
    Writing took     1.730263 ms
    Computation took 178.321599 ms
    Reading took     53.276000 us
  Sample 74...
Starting computation...
    Writing took     1.312645 ms
    Computation took 178.295509 ms
    Reading took     67.637000 us
  Sample 75...
Starting computation...
    Writing took     1.715143 ms
    Computation took 178.309222 ms
    Reading took     68.313000 us
  Sample 76...
Starting computation...
    Writing took     1.727433 ms
    Computation took 178.340811 ms
    Reading took     53.670000 us
  Sample 77...
Starting computation...
    Writing took     1.332580 ms
    Computation took 178.403358 ms
    Reading took     86.703000 us
  Sample 78...
Starting computation...
    Writing took     2.423409 ms
    Computation took 178.407694 ms
    Reading took     57.768000 us
  Sample 79...
Starting computation...
    Writing took     1.470365 ms
    Computation took 178.315727 ms
    Reading took     57.043000 us
  Sample 80...
Starting computation...
    Writing took     1.430314 ms
    Computation took 178.282836 ms
    Reading took     57.850000 us
  Sample 81...
Starting computation...
    Writing took     1.485748 ms
    Computation took 178.333271 ms
    Reading took     59.208000 us
  Sample 82...
Starting computation...
    Writing took     1.552142 ms
    Computation took 178.354430 ms
    Reading took     59.500000 us
  Sample 83...
Starting computation...
    Writing took     1.484105 ms
    Computation took 178.357393 ms
    Reading took     57.362000 us
  Sample 84...
Starting computation...
    Writing took     1.440850 ms
    Computation took 178.314319 ms
    Reading took     62.927000 us
  Sample 85...
Starting computation...
    Writing took     1.520462 ms
    Computation took 178.440729 ms
    Reading took     57.934000 us
  Sample 86...
Starting computation...
    Writing took     1.484648 ms
    Computation took 178.304657 ms
    Reading took     55.708000 us
  Sample 87...
Starting computation...
    Writing took     1.429661 ms
    Computation took 178.365594 ms
    Reading took     102.930000 us
  Sample 88...
Starting computation...
    Writing took     2.916667 ms
    Computation took 178.352301 ms
    Reading took     67.678000 us
  Sample 89...
Starting computation...
    Writing took     1.732180 ms
    Computation took 178.361622 ms
    Reading took     65.938000 us
  Sample 90...
Starting computation...
    Writing took     1.725938 ms
    Computation took 178.350577 ms
    Reading took     64.606000 us
  Sample 91...
Starting computation...
    Writing took     1.737608 ms
    Computation took 178.309534 ms
    Reading took     65.343000 us
  Sample 92...
Starting computation...
    Writing took     1.735063 ms
    Computation took 178.316199 ms
    Reading took     65.681000 us
  Sample 93...
Starting computation...
    Writing took     1.744655 ms
    Computation took 178.310536 ms
    Reading took     66.703000 us
  Sample 94...
Starting computation...
    Writing took     1.743355 ms
    Computation took 178.379500 ms
    Reading took     106.327000 us
  Sample 95...
Starting computation...
    Writing took     2.104224 ms
    Computation took 178.285459 ms
    Reading took     53.955000 us
  Sample 96...
Starting computation...
    Writing took     1.350811 ms
    Computation took 178.323660 ms
    Reading took     50.372000 us
  Sample 97...
Starting computation...
    Writing took     1.298092 ms
    Computation took 178.316445 ms
    Reading took     51.058000 us
  Sample 98...
Starting computation...
    Writing took     1.296792 ms
    Computation took 178.300475 ms
    Reading took     52.846000 us
  Sample 99...
Starting computation...
    Writing took     1.324919 ms
    Computation took 178.293292 ms
    Reading took     53.161000 us
Mean computation time: 178.151562 ms
Mean deviation: 264.459000 us (0.148446%)
Mean computation time (per hash): 7.745719 ms
Mean deviation (per hash): 11.498000 us
