Using device #0: CUDA Device 'GeForce GTX 1080 Ti'
  Sample 0...
Starting computation...
    Writing took     5.260716 ms
    Computation took 205.163433 ms
    Reading took     141.218000 us
  Sample 1...
Starting computation...
    Writing took     3.409109 ms
    Computation took 204.960788 ms
    Reading took     135.343000 us
  Sample 2...
Starting computation...
    Writing took     3.438719 ms
    Computation took 204.994774 ms
    Reading took     133.074000 us
  Sample 3...
Starting computation...
    Writing took     3.459972 ms
    Computation took 205.013625 ms
    Reading took     120.500000 us
  Sample 4...
Starting computation...
    Writing took     3.022100 ms
    Computation took 204.958848 ms
    Reading took     119.840000 us
  Sample 5...
Starting computation...
    Writing took     3.030008 ms
    Computation took 205.007892 ms
    Reading took     122.068000 us
  Sample 6...
Starting computation...
    Writing took     3.060860 ms
    Computation took 204.973704 ms
    Reading took     185.944000 us
  Sample 7...
Starting computation...
    Writing took     5.268454 ms
    Computation took 205.083645 ms
    Reading took     177.173000 us
  Sample 8...
Starting computation...
    Writing took     5.358745 ms
    Computation took 205.030657 ms
    Reading took     125.207000 us
  Sample 9...
Starting computation...
    Writing took     3.147602 ms
    Computation took 205.031595 ms
    Reading took     125.229000 us
  Sample 10...
Starting computation...
    Writing took     3.148679 ms
    Computation took 205.065062 ms
    Reading took     194.101000 us
  Sample 11...
Starting computation...
    Writing took     4.512074 ms
    Computation took 205.043357 ms
    Reading took     104.002000 us
  Sample 12...
Starting computation...
    Writing took     2.468240 ms
    Computation took 204.970306 ms
    Reading took     126.351000 us
  Sample 13...
Starting computation...
    Writing took     3.196887 ms
    Computation took 205.069331 ms
    Reading took     128.960000 us
  Sample 14...
Starting computation...
    Writing took     3.208763 ms
    Computation took 204.989083 ms
    Reading took     127.714000 us
  Sample 15...
Starting computation...
    Writing took     3.202856 ms
    Computation took 205.035108 ms
    Reading took     126.606000 us
  Sample 16...
Starting computation...
    Writing took     3.188562 ms
    Computation took 205.014758 ms
    Reading took     127.056000 us
  Sample 17...
Starting computation...
    Writing took     3.166420 ms
    Computation took 205.001336 ms
    Reading took     126.992000 us
  Sample 18...
Starting computation...
    Writing took     3.139830 ms
    Computation took 205.021329 ms
    Reading took     136.120000 us
  Sample 19...
Starting computation...
    Writing took     3.140095 ms
    Computation took 204.999351 ms
    Reading took     124.852000 us
  Sample 20...
Starting computation...
    Writing took     3.135933 ms
    Computation took 205.075791 ms
    Reading took     125.327000 us
  Sample 21...
Starting computation...
    Writing took     3.127292 ms
    Computation took 205.054726 ms
    Reading took     135.241000 us
  Sample 22...
Starting computation...
    Writing took     3.168563 ms
    Computation took 205.045678 ms
    Reading took     127.440000 us
  Sample 23...
Starting computation...
    Writing took     3.190013 ms
    Computation took 205.044141 ms
    Reading took     126.273000 us
  Sample 24...
Starting computation...
    Writing took     3.174196 ms
    Computation took 205.050429 ms
    Reading took     128.010000 us
  Sample 25...
Starting computation...
    Writing took     3.203991 ms
    Computation took 205.102871 ms
    Reading took     199.723000 us
  Sample 26...
Starting computation...
    Writing took     5.414276 ms
    Computation took 205.043169 ms
    Reading took     126.333000 us
  Sample 27...
Starting computation...
    Writing took     3.170386 ms
    Computation took 205.068525 ms
    Reading took     130.076000 us
  Sample 28...
Starting computation...
    Writing took     3.170671 ms
    Computation took 205.059527 ms
    Reading took     126.276000 us
  Sample 29...
Starting computation...
    Writing took     3.211188 ms
    Computation took 205.073136 ms
    Reading took     124.617000 us
  Sample 30...
Starting computation...
    Writing took     3.183670 ms
    Computation took 205.089593 ms
    Reading took     197.255000 us
  Sample 31...
Starting computation...
    Writing took     5.367684 ms
    Computation took 205.078693 ms
    Reading took     126.695000 us
  Sample 32...
Starting computation...
    Writing took     3.191564 ms
    Computation took 205.034725 ms
    Reading took     126.475000 us
  Sample 33...
Starting computation...
    Writing took     3.190294 ms
    Computation took 204.993420 ms
    Reading took     130.428000 us
  Sample 34...
Starting computation...
    Writing took     3.178529 ms
    Computation took 205.029132 ms
    Reading took     131.837000 us
  Sample 35...
Starting computation...
    Writing took     3.180964 ms
    Computation took 205.021981 ms
    Reading took     126.574000 us
  Sample 36...
Starting computation...
    Writing took     3.157616 ms
    Computation took 205.040686 ms
    Reading took     124.649000 us
  Sample 37...
Starting computation...
    Writing took     3.137865 ms
    Computation took 205.076959 ms
    Reading took     133.446000 us
  Sample 38...
Starting computation...
    Writing took     3.142361 ms
    Computation took 204.995687 ms
    Reading took     126.248000 us
  Sample 39...
Starting computation...
    Writing took     3.127890 ms
    Computation took 204.992552 ms
    Reading took     127.117000 us
  Sample 40...
Starting computation...
    Writing took     3.142089 ms
    Computation took 205.012517 ms
    Reading took     192.699000 us
  Sample 41...
Starting computation...
    Writing took     5.448589 ms
    Computation took 205.068466 ms
    Reading took     130.098000 us
  Sample 42...
Starting computation...
    Writing took     3.169091 ms
    Computation took 205.064318 ms
    Reading took     125.762000 us
  Sample 43...
Starting computation...
    Writing took     3.178685 ms
    Computation took 205.041350 ms
    Reading took     129.761000 us
  Sample 44...
Starting computation...
    Writing took     3.135052 ms
    Computation took 205.352520 ms
    Reading took     129.062000 us
  Sample 45...
Starting computation...
    Writing took     3.165533 ms
    Computation took 205.270347 ms
    Reading took     102.333000 us
  Sample 46...
Starting computation...
    Writing took     2.533967 ms
    Computation took 205.229482 ms
    Reading took     102.274000 us
  Sample 47...
Starting computation...
    Writing took     2.410475 ms
    Computation took 205.210973 ms
    Reading took     105.775000 us
  Sample 48...
Starting computation...
    Writing took     2.539093 ms
    Computation took 205.244195 ms
    Reading took     102.840000 us
  Sample 49...
Starting computation...
    Writing took     2.432922 ms
    Computation took 205.287935 ms
    Reading took     111.723000 us
  Sample 50...
Starting computation...
    Writing took     2.679690 ms
    Computation took 205.258959 ms
    Reading took     112.320000 us
  Sample 51...
Starting computation...
    Writing took     2.684449 ms
    Computation took 205.258149 ms
    Reading took     113.724000 us
  Sample 52...
Starting computation...
    Writing took     2.804252 ms
    Computation took 205.201619 ms
    Reading took     114.781000 us
  Sample 53...
Starting computation...
    Writing took     2.790486 ms
    Computation took 205.296250 ms
    Reading took     112.524000 us
  Sample 54...
Starting computation...
    Writing took     2.684977 ms
    Computation took 205.272037 ms
    Reading took     104.480000 us
  Sample 55...
Starting computation...
    Writing took     2.502514 ms
    Computation took 205.298566 ms
    Reading took     105.416000 us
  Sample 56...
Starting computation...
    Writing took     2.460820 ms
    Computation took 205.274051 ms
    Reading took     108.935000 us
  Sample 57...
Starting computation...
    Writing took     2.590579 ms
    Computation took 205.255511 ms
    Reading took     112.595000 us
  Sample 58...
Starting computation...
    Writing took     2.748097 ms
    Computation took 205.176311 ms
    Reading took     106.279000 us
  Sample 59...
Starting computation...
    Writing took     2.538444 ms
    Computation took 205.226488 ms
    Reading took     199.794000 us
  Sample 60...
Starting computation...
    Writing took     5.209667 ms
    Computation took 205.255290 ms
    Reading took     134.743000 us
  Sample 61...
Starting computation...
    Writing took     3.387437 ms
    Computation took 205.285823 ms
    Reading took     131.933000 us
  Sample 62...
Starting computation...
    Writing took     3.341523 ms
    Computation took 205.214699 ms
    Reading took     132.453000 us
  Sample 63...
Starting computation...
    Writing took     3.354049 ms
    Computation took 205.212430 ms
    Reading took     102.659000 us
  Sample 64...
Starting computation...
    Writing took     2.465327 ms
    Computation took 205.177101 ms
    Reading took     109.330000 us
  Sample 65...
Starting computation...
    Writing took     2.692535 ms
    Computation took 205.251711 ms
    Reading took     113.320000 us
  Sample 66...
Starting computation...
    Writing took     2.881901 ms
    Computation took 205.256474 ms
    Reading took     112.348000 us
  Sample 67...
Starting computation...
    Writing took     2.732910 ms
    Computation took 205.201720 ms
    Reading took     112.045000 us
  Sample 68...
Starting computation...
    Writing took     2.779323 ms
    Computation took 205.189255 ms
    Reading took     113.304000 us
  Sample 69...
Starting computation...
    Writing took     2.786004 ms
    Computation took 205.242810 ms
    Reading took     118.352000 us
  Sample 70...
Starting computation...
    Writing took     2.841124 ms
    Computation took 205.290545 ms
    Reading took     110.038000 us
  Sample 71...
Starting computation...
    Writing took     2.632899 ms
    Computation took 205.286665 ms
    Reading took     125.770000 us
  Sample 72...
Starting computation...
    Writing took     3.174701 ms
    Computation took 205.289630 ms
    Reading took     117.556000 us
  Sample 73...
Starting computation...
    Writing took     2.939977 ms
    Computation took 205.221709 ms
    Reading took     102.622000 us
  Sample 74...
Starting computation...
    Writing took     2.508295 ms
    Computation took 205.260653 ms
    Reading took     199.179000 us
  Sample 75...
Starting computation...
    Writing took     5.323218 ms
    Computation took 205.224628 ms
    Reading took     126.771000 us
  Sample 76...
Starting computation...
    Writing took     3.287410 ms
    Computation took 205.246015 ms
    Reading took     127.573000 us
  Sample 77...
Starting computation...
    Writing took     3.161491 ms
    Computation took 205.306545 ms
    Reading took     132.896000 us
  Sample 78...
Starting computation...
    Writing took     3.134988 ms
    Computation took 205.317767 ms
    Reading took     157.140000 us
  Sample 79...
Starting computation...
    Writing took     4.842368 ms
    Computation took 205.269784 ms
    Reading took     102.409000 us
  Sample 80...
Starting computation...
    Writing took     2.487403 ms
    Computation took 205.241790 ms
    Reading took     99.629000 us
  Sample 81...
Starting computation...
    Writing took     2.425210 ms
    Computation took 205.263569 ms
    Reading took     108.563000 us
  Sample 82...
Starting computation...
    Writing took     2.564436 ms
    Computation took 205.168691 ms
    Reading took     105.836000 us
  Sample 83...
Starting computation...
    Writing took     2.572104 ms
    Computation took 205.137815 ms
    Reading took     115.579000 us
  Sample 84...
Starting computation...
    Writing took     2.634470 ms
    Computation took 205.199076 ms
    Reading took     118.559000 us
  Sample 85...
Starting computation...
    Writing took     2.934476 ms
    Computation took 205.280568 ms
    Reading took     113.122000 us
  Sample 86...
Starting computation...
    Writing took     2.749213 ms
    Computation took 205.194162 ms
    Reading took     115.501000 us
  Sample 87...
Starting computation...
    Writing took     2.808750 ms
    Computation took 205.265532 ms
    Reading took     114.571000 us
  Sample 88...
Starting computation...
    Writing took     2.826107 ms
    Computation took 205.262401 ms
    Reading took     189.331000 us
  Sample 89...
Starting computation...
    Writing took     5.088617 ms
    Computation took 205.354554 ms
    Reading took     129.102000 us
  Sample 90...
Starting computation...
    Writing took     4.015599 ms
    Computation took 205.257092 ms
    Reading took     126.063000 us
  Sample 91...
Starting computation...
    Writing took     3.185753 ms
    Computation took 205.188278 ms
    Reading took     127.821000 us
  Sample 92...
Starting computation...
    Writing took     3.144074 ms
    Computation took 205.218481 ms
    Reading took     126.787000 us
  Sample 93...
Starting computation...
    Writing took     3.126837 ms
    Computation took 205.229289 ms
    Reading took     127.647000 us
  Sample 94...
Starting computation...
    Writing took     3.224344 ms
    Computation took 205.231212 ms
    Reading took     126.729000 us
  Sample 95...
Starting computation...
    Writing took     3.143987 ms
    Computation took 205.334322 ms
    Reading took     128.159000 us
  Sample 96...
Starting computation...
    Writing took     3.211725 ms
    Computation took 205.216381 ms
    Reading took     156.619000 us
  Sample 97...
Starting computation...
    Writing took     4.922324 ms
    Computation took 205.336647 ms
    Reading took     125.706000 us
  Sample 98...
Starting computation...
    Writing took     3.002411 ms
    Computation took 205.291507 ms
    Reading took     125.944000 us
  Sample 99...
Starting computation...
    Writing took     3.192298 ms
    Computation took 205.267829 ms
    Reading took     126.400000 us
Mean computation time: 205.156398 ms
Mean deviation: 106.422000 us (0.0518736%)
Mean computation time (per hash): 4.884675 ms
Mean deviation (per hash): 2.533000 us
