Using device #0: CUDA Device 'GeForce GTX 1080 Ti'
  Sample 0...
Starting computation...
    Writing took     8.476166 ms
    Computation took 250.592258 ms
    Reading took     226.368000 us
  Sample 1...
Starting computation...
    Writing took     6.068197 ms
    Computation took 250.334815 ms
    Reading took     218.005000 us
  Sample 2...
Starting computation...
    Writing took     6.054383 ms
    Computation took 250.467451 ms
    Reading took     168.600000 us
  Sample 3...
Starting computation...
    Writing took     4.624791 ms
    Computation took 250.451885 ms
    Reading took     220.027000 us
  Sample 4...
Starting computation...
    Writing took     5.059865 ms
    Computation took 250.611391 ms
    Reading took     224.305000 us
  Sample 5...
Starting computation...
    Writing took     5.644878 ms
    Computation took 250.627087 ms
    Reading took     176.004000 us
  Sample 6...
Starting computation...
    Writing took     4.501401 ms
    Computation took 251.323600 ms
    Reading took     188.395000 us
  Sample 7...
Starting computation...
    Writing took     4.903890 ms
    Computation took 251.663843 ms
    Reading took     220.359000 us
  Sample 8...
Starting computation...
    Writing took     5.574843 ms
    Computation took 251.308942 ms
    Reading took     184.151000 us
  Sample 9...
Starting computation...
    Writing took     4.786217 ms
    Computation took 251.316246 ms
    Reading took     188.392000 us
  Sample 10...
Starting computation...
    Writing took     4.577564 ms
    Computation took 251.616089 ms
    Reading took     207.705000 us
  Sample 11...
Starting computation...
    Writing took     6.064739 ms
    Computation took 251.818259 ms
    Reading took     197.290000 us
  Sample 12...
Starting computation...
    Writing took     4.718775 ms
    Computation took 251.787324 ms
    Reading took     222.820000 us
  Sample 13...
Starting computation...
    Writing took     6.071573 ms
    Computation took 251.308725 ms
    Reading took     217.811000 us
  Sample 14...
Starting computation...
    Writing took     5.601442 ms
    Computation took 250.699092 ms
    Reading took     189.401000 us
  Sample 15...
Starting computation...
    Writing took     4.350296 ms
    Computation took 250.756155 ms
    Reading took     202.478000 us
  Sample 16...
Starting computation...
    Writing took     5.442464 ms
    Computation took 251.458450 ms
    Reading took     214.841000 us
  Sample 17...
Starting computation...
    Writing took     5.786722 ms
    Computation took 251.244628 ms
    Reading took     230.901000 us
  Sample 18...
Starting computation...
    Writing took     6.921066 ms
    Computation took 251.165189 ms
    Reading took     219.728000 us
  Sample 19...
Starting computation...
    Writing took     6.433337 ms
    Computation took 250.633848 ms
    Reading took     214.834000 us
  Sample 20...
Starting computation...
    Writing took     5.606082 ms
    Computation took 250.610738 ms
    Reading took     212.635000 us
  Sample 21...
Starting computation...
    Writing took     5.604873 ms
    Computation took 250.991710 ms
    Reading took     175.595000 us
  Sample 22...
Starting computation...
    Writing took     4.397793 ms
    Computation took 251.511258 ms
    Reading took     184.322000 us
  Sample 23...
Starting computation...
    Writing took     4.662496 ms
    Computation took 251.879088 ms
    Reading took     226.517000 us
  Sample 24...
Starting computation...
    Writing took     4.997510 ms
    Computation took 251.293812 ms
    Reading took     206.646000 us
  Sample 25...
Starting computation...
    Writing took     5.435833 ms
    Computation took 251.329201 ms
    Reading took     233.655000 us
  Sample 26...
Starting computation...
    Writing took     5.949048 ms
    Computation took 251.859358 ms
    Reading took     258.829000 us
  Sample 27...
Starting computation...
    Writing took     6.589567 ms
    Computation took 252.734887 ms
    Reading took     245.785000 us
  Sample 28...
Starting computation...
    Writing took     5.662446 ms
    Computation took 253.566338 ms
    Reading took     367.859000 us
  Sample 29...
Starting computation...
    Writing took     10.227899 ms
    Computation took 253.229666 ms
    Reading took     236.571000 us
  Sample 30...
Starting computation...
    Writing took     6.379204 ms
    Computation took 253.314425 ms
    Reading took     230.701000 us
  Sample 31...
Starting computation...
    Writing took     6.113835 ms
    Computation took 254.214397 ms
    Reading took     213.780000 us
  Sample 32...
Starting computation...
    Writing took     6.247657 ms
    Computation took 255.820443 ms
    Reading took     201.204000 us
  Sample 33...
Starting computation...
    Writing took     5.138510 ms
    Computation took 257.294780 ms
    Reading took     212.780000 us
  Sample 34...
Starting computation...
    Writing took     5.481911 ms
    Computation took 258.075008 ms
    Reading took     223.171000 us
  Sample 35...
Starting computation...
    Writing took     5.486365 ms
    Computation took 257.841931 ms
    Reading took     394.955000 us
  Sample 36...
Starting computation...
    Writing took     10.674563 ms
    Computation took 257.794748 ms
    Reading took     231.256000 us
  Sample 37...
Starting computation...
    Writing took     6.090246 ms
    Computation took 253.887631 ms
    Reading took     220.143000 us
  Sample 38...
Starting computation...
    Writing took     5.213320 ms
    Computation took 254.937647 ms
    Reading took     274.078000 us
  Sample 39...
Starting computation...
    Writing took     5.496684 ms
    Computation took 255.674594 ms
    Reading took     189.029000 us
  Sample 40...
Starting computation...
    Writing took     4.895786 ms
    Computation took 256.112412 ms
    Reading took     212.436000 us
  Sample 41...
Starting computation...
    Writing took     4.710176 ms
    Computation took 255.535986 ms
    Reading took     191.071000 us
  Sample 42...
Starting computation...
    Writing took     4.292841 ms
    Computation took 255.394224 ms
    Reading took     195.422000 us
  Sample 43...
Starting computation...
    Writing took     4.345911 ms
    Computation took 254.797006 ms
    Reading took     182.572000 us
  Sample 44...
Starting computation...
    Writing took     4.747384 ms
    Computation took 253.362548 ms
    Reading took     183.429000 us
  Sample 45...
Starting computation...
    Writing took     4.452509 ms
    Computation took 252.375271 ms
    Reading took     173.612000 us
  Sample 46...
Starting computation...
    Writing took     4.606023 ms
    Computation took 251.167301 ms
    Reading took     174.635000 us
  Sample 47...
Starting computation...
    Writing took     4.392440 ms
    Computation took 251.219981 ms
    Reading took     213.629000 us
  Sample 48...
Starting computation...
    Writing took     5.594372 ms
    Computation took 252.217650 ms
    Reading took     212.753000 us
  Sample 49...
Starting computation...
    Writing took     5.583566 ms
    Computation took 252.955853 ms
    Reading took     199.896000 us
  Sample 50...
Starting computation...
    Writing took     5.252757 ms
    Computation took 252.597516 ms
    Reading took     173.320000 us
  Sample 51...
Starting computation...
    Writing took     4.360488 ms
    Computation took 253.069711 ms
    Reading took     175.320000 us
  Sample 52...
Starting computation...
    Writing took     4.385464 ms
    Computation took 252.820809 ms
    Reading took     221.131000 us
  Sample 53...
Starting computation...
    Writing took     6.448408 ms
    Computation took 254.176639 ms
    Reading took     217.300000 us
  Sample 54...
Starting computation...
    Writing took     6.067306 ms
    Computation took 257.030649 ms
    Reading took     196.845000 us
  Sample 55...
Starting computation...
    Writing took     4.885441 ms
    Computation took 257.212297 ms
    Reading took     172.535000 us
  Sample 56...
Starting computation...
    Writing took     4.491180 ms
    Computation took 257.080032 ms
    Reading took     173.268000 us
  Sample 57...
Starting computation...
    Writing took     4.664356 ms
    Computation took 255.925505 ms
    Reading took     297.458000 us
  Sample 58...
Starting computation...
    Writing took     7.800066 ms
    Computation took 254.467195 ms
    Reading took     196.218000 us
  Sample 59...
Starting computation...
    Writing took     5.441065 ms
    Computation took 252.617190 ms
    Reading took     222.484000 us
  Sample 60...
Starting computation...
    Writing took     6.067112 ms
    Computation took 252.638595 ms
    Reading took     224.568000 us
  Sample 61...
Starting computation...
    Writing took     6.049739 ms
    Computation took 251.640402 ms
    Reading took     223.322000 us
  Sample 62...
Starting computation...
    Writing took     5.888819 ms
    Computation took 251.575034 ms
    Reading took     179.959000 us
  Sample 63...
Starting computation...
    Writing took     4.881322 ms
    Computation took 251.119912 ms
    Reading took     198.304000 us
  Sample 64...
Starting computation...
    Writing took     5.266453 ms
    Computation took 251.493400 ms
    Reading took     198.260000 us
  Sample 65...
Starting computation...
    Writing took     5.478775 ms
    Computation took 250.972733 ms
    Reading took     197.079000 us
  Sample 66...
Starting computation...
    Writing took     5.061165 ms
    Computation took 251.069939 ms
    Reading took     206.395000 us
  Sample 67...
Starting computation...
    Writing took     5.200476 ms
    Computation took 251.378016 ms
    Reading took     204.227000 us
  Sample 68...
Starting computation...
    Writing took     5.217223 ms
    Computation took 252.147295 ms
    Reading took     210.209000 us
  Sample 69...
Starting computation...
    Writing took     5.557279 ms
    Computation took 253.193496 ms
    Reading took     229.906000 us
  Sample 70...
Starting computation...
    Writing took     5.392518 ms
    Computation took 253.691254 ms
    Reading took     177.210000 us
  Sample 71...
Starting computation...
    Writing took     5.076093 ms
    Computation took 252.745443 ms
    Reading took     162.808000 us
  Sample 72...
Starting computation...
    Writing took     4.251770 ms
    Computation took 253.590628 ms
    Reading took     250.711000 us
  Sample 73...
Starting computation...
    Writing took     6.032114 ms
    Computation took 255.649141 ms
    Reading took     201.796000 us
  Sample 74...
Starting computation...
    Writing took     5.563771 ms
    Computation took 255.243217 ms
    Reading took     195.196000 us
  Sample 75...
Starting computation...
    Writing took     5.552471 ms
    Computation took 255.603505 ms
    Reading took     190.785000 us
  Sample 76...
Starting computation...
    Writing took     5.199357 ms
    Computation took 256.357448 ms
    Reading took     183.142000 us
  Sample 77...
Starting computation...
    Writing took     4.984026 ms
    Computation took 257.233807 ms
    Reading took     216.712000 us
  Sample 78...
Starting computation...
    Writing took     5.631687 ms
    Computation took 257.864942 ms
    Reading took     200.207000 us
  Sample 79...
Starting computation...
    Writing took     4.727697 ms
    Computation took 257.614477 ms
    Reading took     196.898000 us
  Sample 80...
Starting computation...
    Writing took     5.507558 ms
    Computation took 256.303247 ms
    Reading took     165.782000 us
  Sample 81...
Starting computation...
    Writing took     4.361729 ms
    Computation took 255.062632 ms
    Reading took     177.440000 us
  Sample 82...
Starting computation...
    Writing took     4.720306 ms
    Computation took 254.743138 ms
    Reading took     220.409000 us
  Sample 83...
Starting computation...
    Writing took     6.060478 ms
    Computation took 254.605417 ms
    Reading took     162.029000 us
  Sample 84...
Starting computation...
    Writing took     4.353245 ms
    Computation took 255.561475 ms
    Reading took     164.396000 us
  Sample 85...
Starting computation...
    Writing took     4.409627 ms
    Computation took 256.434875 ms
    Reading took     203.123000 us
  Sample 86...
Starting computation...
    Writing took     5.550348 ms
    Computation took 256.087705 ms
    Reading took     202.686000 us
  Sample 87...
Starting computation...
    Writing took     5.561138 ms
    Computation took 254.483239 ms
    Reading took     190.506000 us
  Sample 88...
Starting computation...
    Writing took     5.196344 ms
    Computation took 252.498682 ms
    Reading took     176.846000 us
  Sample 89...
Starting computation...
    Writing took     4.743889 ms
    Computation took 252.980560 ms
    Reading took     220.361000 us
  Sample 90...
Starting computation...
    Writing took     6.065322 ms
    Computation took 253.957863 ms
    Reading took     219.615000 us
  Sample 91...
Starting computation...
    Writing took     6.175910 ms
    Computation took 255.267275 ms
    Reading took     199.517000 us
  Sample 92...
Starting computation...
    Writing took     5.534351 ms
    Computation took 254.928729 ms
    Reading took     216.737000 us
  Sample 93...
Starting computation...
    Writing took     6.068439 ms
    Computation took 254.223412 ms
    Reading took     218.258000 us
  Sample 94...
Starting computation...
    Writing took     6.059239 ms
    Computation took 254.282195 ms
    Reading took     246.666000 us
  Sample 95...
Starting computation...
    Writing took     9.089032 ms
    Computation took 256.384432 ms
    Reading took     181.779000 us
  Sample 96...
Starting computation...
    Writing took     4.932693 ms
    Computation took 255.330037 ms
    Reading took     222.920000 us
  Sample 97...
Starting computation...
    Writing took     5.602135 ms
    Computation took 253.252724 ms
    Reading took     178.703000 us
  Sample 98...
Starting computation...
    Writing took     4.790678 ms
    Computation took 252.734549 ms
    Reading took     173.669000 us
  Sample 99...
Starting computation...
    Writing took     5.425938 ms
    Computation took 252.228670 ms
    Reading took     163.880000 us
Mean computation time: 253.453562 ms
Mean deviation: 1.907735 ms (0.752696%)
Mean computation time (per hash): 3.379380 ms
Mean deviation (per hash): 25.436000 us
