Using device #0: CUDA Device 'GeForce GTX 1080 Ti'
  Sample 0...
Starting computation...
    Writing took     2.679986 ms
    Computation took 181.713240 ms
    Reading took     108.094000 us
  Sample 1...
Starting computation...
    Writing took     2.670476 ms
    Computation took 181.741346 ms
    Reading took     101.980000 us
  Sample 2...
Starting computation...
    Writing took     2.663721 ms
    Computation took 181.711902 ms
    Reading took     93.171000 us
  Sample 3...
Starting computation...
    Writing took     2.286079 ms
    Computation took 181.669778 ms
    Reading took     97.906000 us
  Sample 4...
Starting computation...
    Writing took     2.480143 ms
    Computation took 181.693955 ms
    Reading took     94.005000 us
  Sample 5...
Starting computation...
    Writing took     2.258747 ms
    Computation took 181.634568 ms
    Reading took     172.258000 us
  Sample 6...
Starting computation...
    Writing took     4.365623 ms
    Computation took 181.683183 ms
    Reading took     82.963000 us
  Sample 7...
Starting computation...
    Writing took     2.044184 ms
    Computation took 181.639737 ms
    Reading took     80.221000 us
  Sample 8...
Starting computation...
    Writing took     1.989360 ms
    Computation took 181.632947 ms
    Reading took     85.806000 us
  Sample 9...
Starting computation...
    Writing took     2.210156 ms
    Computation took 181.665172 ms
    Reading took     89.552000 us
  Sample 10...
Starting computation...
    Writing took     2.364246 ms
    Computation took 181.710309 ms
    Reading took     92.374000 us
  Sample 11...
Starting computation...
    Writing took     2.339529 ms
    Computation took 181.729922 ms
    Reading took     87.239000 us
  Sample 12...
Starting computation...
    Writing took     2.295487 ms
    Computation took 181.660710 ms
    Reading took     90.022000 us
  Sample 13...
Starting computation...
    Writing took     2.416506 ms
    Computation took 181.678898 ms
    Reading took     94.299000 us
  Sample 14...
Starting computation...
    Writing took     2.388033 ms
    Computation took 181.741528 ms
    Reading took     97.292000 us
  Sample 15...
Starting computation...
    Writing took     2.463308 ms
    Computation took 181.727573 ms
    Reading took     95.257000 us
  Sample 16...
Starting computation...
    Writing took     2.541987 ms
    Computation took 181.707639 ms
    Reading took     91.216000 us
  Sample 17...
Starting computation...
    Writing took     2.439092 ms
    Computation took 181.651222 ms
    Reading took     91.362000 us
  Sample 18...
Starting computation...
    Writing took     2.407207 ms
    Computation took 181.721604 ms
    Reading took     93.986000 us
  Sample 19...
Starting computation...
    Writing took     2.495378 ms
    Computation took 181.699509 ms
    Reading took     94.951000 us
  Sample 20...
Starting computation...
    Writing took     2.430689 ms
    Computation took 181.684557 ms
    Reading took     97.246000 us
  Sample 21...
Starting computation...
    Writing took     2.423864 ms
    Computation took 181.704833 ms
    Reading took     110.666000 us
  Sample 22...
Starting computation...
    Writing took     2.861759 ms
    Computation took 181.705345 ms
    Reading took     107.228000 us
  Sample 23...
Starting computation...
    Writing took     2.848162 ms
    Computation took 181.638387 ms
    Reading took     107.302000 us
  Sample 24...
Starting computation...
    Writing took     2.821100 ms
    Computation took 181.813243 ms
    Reading took     94.097000 us
  Sample 25...
Starting computation...
    Writing took     2.435129 ms
    Computation took 182.394579 ms
    Reading took     92.759000 us
  Sample 26...
Starting computation...
    Writing took     2.435802 ms
    Computation took 182.424601 ms
    Reading took     104.881000 us
  Sample 27...
Starting computation...
    Writing took     2.657369 ms
    Computation took 182.381998 ms
    Reading took     106.420000 us
  Sample 28...
Starting computation...
    Writing took     2.524596 ms
    Computation took 182.367951 ms
    Reading took     95.384000 us
  Sample 29...
Starting computation...
    Writing took     2.531565 ms
    Computation took 182.341423 ms
    Reading took     94.586000 us
  Sample 30...
Starting computation...
    Writing took     2.488357 ms
    Computation took 182.379227 ms
    Reading took     98.831000 us
  Sample 31...
Starting computation...
    Writing took     2.480816 ms
    Computation took 182.388010 ms
    Reading took     95.253000 us
  Sample 32...
Starting computation...
    Writing took     2.517269 ms
    Computation took 182.399225 ms
    Reading took     94.669000 us
  Sample 33...
Starting computation...
    Writing took     2.561099 ms
    Computation took 182.396942 ms
    Reading took     92.500000 us
  Sample 34...
Starting computation...
    Writing took     2.531370 ms
    Computation took 182.368811 ms
    Reading took     77.903000 us
  Sample 35...
Starting computation...
    Writing took     1.997923 ms
    Computation took 182.357336 ms
    Reading took     92.094000 us
  Sample 36...
Starting computation...
    Writing took     2.321865 ms
    Computation took 182.423338 ms
    Reading took     135.205000 us
  Sample 37...
Starting computation...
    Writing took     3.646428 ms
    Computation took 182.487359 ms
    Reading took     109.042000 us
  Sample 38...
Starting computation...
    Writing took     2.845386 ms
    Computation took 182.400617 ms
    Reading took     105.009000 us
  Sample 39...
Starting computation...
    Writing took     2.841640 ms
    Computation took 182.409681 ms
    Reading took     107.310000 us
  Sample 40...
Starting computation...
    Writing took     2.904116 ms
    Computation took 182.397743 ms
    Reading took     82.766000 us
  Sample 41...
Starting computation...
    Writing took     2.133363 ms
    Computation took 182.349297 ms
    Reading took     83.829000 us
  Sample 42...
Starting computation...
    Writing took     2.136644 ms
    Computation took 182.410155 ms
    Reading took     186.300000 us
  Sample 43...
Starting computation...
    Writing took     5.241727 ms
    Computation took 182.479190 ms
    Reading took     106.242000 us
  Sample 44...
Starting computation...
    Writing took     2.882570 ms
    Computation took 182.424404 ms
    Reading took     103.230000 us
  Sample 45...
Starting computation...
    Writing took     2.837282 ms
    Computation took 182.384211 ms
    Reading took     106.024000 us
  Sample 46...
Starting computation...
    Writing took     2.809982 ms
    Computation took 182.420620 ms
    Reading took     85.754000 us
  Sample 47...
Starting computation...
    Writing took     2.148820 ms
    Computation took 182.402520 ms
    Reading took     111.732000 us
  Sample 48...
Starting computation...
    Writing took     3.372100 ms
    Computation took 182.415998 ms
    Reading took     88.082000 us
  Sample 49...
Starting computation...
    Writing took     2.224554 ms
    Computation took 182.399869 ms
    Reading took     84.789000 us
  Sample 50...
Starting computation...
    Writing took     2.210087 ms
    Computation took 182.372861 ms
    Reading took     84.934000 us
  Sample 51...
Starting computation...
    Writing took     2.209077 ms
    Computation took 182.392986 ms
    Reading took     85.105000 us
  Sample 52...
Starting computation...
    Writing took     2.262485 ms
    Computation took 182.394025 ms
    Reading took     76.822000 us
  Sample 53...
Starting computation...
    Writing took     2.134333 ms
    Computation took 182.406598 ms
    Reading took     181.282000 us
  Sample 54...
Starting computation...
    Writing took     4.731022 ms
    Computation took 182.450891 ms
    Reading took     89.231000 us
  Sample 55...
Starting computation...
    Writing took     2.105039 ms
    Computation took 182.364520 ms
    Reading took     91.830000 us
  Sample 56...
Starting computation...
    Writing took     2.267637 ms
    Computation took 182.399013 ms
    Reading took     89.860000 us
  Sample 57...
Starting computation...
    Writing took     2.050481 ms
    Computation took 182.391885 ms
    Reading took     86.646000 us
  Sample 58...
Starting computation...
    Writing took     1.991424 ms
    Computation took 182.356221 ms
    Reading took     93.764000 us
  Sample 59...
Starting computation...
    Writing took     2.139461 ms
    Computation took 182.384342 ms
    Reading took     89.616000 us
  Sample 60...
Starting computation...
    Writing took     2.196161 ms
    Computation took 182.435742 ms
    Reading took     88.391000 us
  Sample 61...
Starting computation...
    Writing took     2.094331 ms
    Computation took 182.363507 ms
    Reading took     91.857000 us
  Sample 62...
Starting computation...
    Writing took     2.183372 ms
    Computation took 182.393406 ms
    Reading took     96.183000 us
  Sample 63...
Starting computation...
    Writing took     2.223739 ms
    Computation took 182.394303 ms
    Reading took     88.281000 us
  Sample 64...
Starting computation...
    Writing took     2.060092 ms
    Computation took 182.369320 ms
    Reading took     86.333000 us
  Sample 65...
Starting computation...
    Writing took     1.988813 ms
    Computation took 182.364083 ms
    Reading took     91.549000 us
  Sample 66...
Starting computation...
    Writing took     2.174848 ms
    Computation took 182.397131 ms
    Reading took     91.747000 us
  Sample 67...
Starting computation...
    Writing took     2.336593 ms
    Computation took 182.413840 ms
    Reading took     87.575000 us
  Sample 68...
Starting computation...
    Writing took     2.061543 ms
    Computation took 182.451257 ms
    Reading took     94.687000 us
  Sample 69...
Starting computation...
    Writing took     2.076346 ms
    Computation took 182.402883 ms
    Reading took     88.287000 us
  Sample 70...
Starting computation...
    Writing took     2.059503 ms
    Computation took 182.441072 ms
    Reading took     168.034000 us
  Sample 71...
Starting computation...
    Writing took     4.557158 ms
    Computation took 182.485494 ms
    Reading took     114.578000 us
  Sample 72...
Starting computation...
    Writing took     2.810788 ms
    Computation took 182.441999 ms
    Reading took     111.873000 us
  Sample 73...
Starting computation...
    Writing took     2.819681 ms
    Computation took 182.367415 ms
    Reading took     114.131000 us
  Sample 74...
Starting computation...
    Writing took     2.905112 ms
    Computation took 182.373040 ms
    Reading took     85.007000 us
  Sample 75...
Starting computation...
    Writing took     2.009382 ms
    Computation took 182.375827 ms
    Reading took     87.717000 us
  Sample 76...
Starting computation...
    Writing took     2.025089 ms
    Computation took 182.414615 ms
    Reading took     85.304000 us
  Sample 77...
Starting computation...
    Writing took     2.099960 ms
    Computation took 182.407344 ms
    Reading took     84.557000 us
  Sample 78...
Starting computation...
    Writing took     2.058574 ms
    Computation took 182.414142 ms
    Reading took     88.640000 us
  Sample 79...
Starting computation...
    Writing took     2.193632 ms
    Computation took 182.415314 ms
    Reading took     98.634000 us
  Sample 80...
Starting computation...
    Writing took     2.276172 ms
    Computation took 182.419124 ms
    Reading took     87.444000 us
  Sample 81...
Starting computation...
    Writing took     2.070541 ms
    Computation took 182.445627 ms
    Reading took     103.351000 us
  Sample 82...
Starting computation...
    Writing took     2.632521 ms
    Computation took 182.430890 ms
    Reading took     141.274000 us
  Sample 83...
Starting computation...
    Writing took     4.579542 ms
    Computation took 182.479285 ms
    Reading took     108.886000 us
  Sample 84...
Starting computation...
    Writing took     2.659402 ms
    Computation took 182.436297 ms
    Reading took     81.794000 us
  Sample 85...
Starting computation...
    Writing took     2.079041 ms
    Computation took 182.479881 ms
    Reading took     85.450000 us
  Sample 86...
Starting computation...
    Writing took     2.251274 ms
    Computation took 182.454256 ms
    Reading took     93.822000 us
  Sample 87...
Starting computation...
    Writing took     2.254263 ms
    Computation took 182.436997 ms
    Reading took     84.908000 us
  Sample 88...
Starting computation...
    Writing took     2.152839 ms
    Computation took 182.367296 ms
    Reading took     83.156000 us
  Sample 89...
Starting computation...
    Writing took     2.137024 ms
    Computation took 182.391643 ms
    Reading took     98.726000 us
  Sample 90...
Starting computation...
    Writing took     2.670018 ms
    Computation took 182.406897 ms
    Reading took     97.780000 us
  Sample 91...
Starting computation...
    Writing took     2.658662 ms
    Computation took 182.457269 ms
    Reading took     101.881000 us
  Sample 92...
Starting computation...
    Writing took     2.623988 ms
    Computation took 182.414613 ms
    Reading took     100.377000 us
  Sample 93...
Starting computation...
    Writing took     2.674691 ms
    Computation took 182.460552 ms
    Reading took     105.683000 us
  Sample 94...
Starting computation...
    Writing took     2.659368 ms
    Computation took 182.461428 ms
    Reading took     99.622000 us
  Sample 95...
Starting computation...
    Writing took     2.622842 ms
    Computation took 182.381519 ms
    Reading took     81.121000 us
  Sample 96...
Starting computation...
    Writing took     2.038712 ms
    Computation took 182.436409 ms
    Reading took     149.837000 us
  Sample 97...
Starting computation...
    Writing took     4.139359 ms
    Computation took 182.455283 ms
    Reading took     81.843000 us
  Sample 98...
Starting computation...
    Writing took     1.997925 ms
    Computation took 183.005908 ms
    Reading took     87.068000 us
  Sample 99...
Starting computation...
    Writing took     2.190865 ms
    Computation took 183.332108 ms
    Reading took     81.646000 us
Mean computation time: 182.245545 ms
Mean deviation: 275.551000 us (0.151198%)
Mean computation time (per hash): 5.207015 ms
Mean deviation (per hash): 7.872000 us
