Using device #0: CUDA Device 'GeForce GTX 1080 Ti'
  Sample 0...
Starting computation...
    Writing took     7.374311 ms
    Computation took 299.078063 ms
    Reading took     257.696000 us
  Sample 1...
Starting computation...
    Writing took     7.995413 ms
    Computation took 299.103973 ms
    Reading took     251.562000 us
  Sample 2...
Starting computation...
    Writing took     7.285763 ms
    Computation took 299.059655 ms
    Reading took     247.637000 us
  Sample 3...
Starting computation...
    Writing took     6.728610 ms
    Computation took 299.153959 ms
    Reading took     251.150000 us
  Sample 4...
Starting computation...
    Writing took     7.281360 ms
    Computation took 299.108855 ms
    Reading took     401.630000 us
  Sample 5...
Starting computation...
    Writing took     6.978574 ms
    Computation took 299.032045 ms
    Reading took     245.595000 us
  Sample 6...
Starting computation...
    Writing took     6.699208 ms
    Computation took 299.133335 ms
    Reading took     254.546000 us
  Sample 7...
Starting computation...
    Writing took     6.727035 ms
    Computation took 298.985357 ms
    Reading took     270.821000 us
  Sample 8...
Starting computation...
    Writing took     8.478300 ms
    Computation took 299.377175 ms
    Reading took     246.205000 us
  Sample 9...
Starting computation...
    Writing took     6.724732 ms
    Computation took 299.423735 ms
    Reading took     277.249000 us
  Sample 10...
Starting computation...
    Writing took     7.324921 ms
    Computation took 299.007491 ms
    Reading took     387.008000 us
  Sample 11...
Starting computation...
    Writing took     10.457642 ms
    Computation took 298.963573 ms
    Reading took     250.777000 us
  Sample 12...
Starting computation...
    Writing took     6.708943 ms
    Computation took 299.330401 ms
    Reading took     247.586000 us
  Sample 13...
Starting computation...
    Writing took     6.753808 ms
    Computation took 299.445868 ms
    Reading took     246.401000 us
  Sample 14...
Starting computation...
    Writing took     7.277699 ms
    Computation took 299.136055 ms
    Reading took     262.086000 us
  Sample 15...
Starting computation...
    Writing took     7.814816 ms
    Computation took 299.174583 ms
    Reading took     293.704000 us
  Sample 16...
Starting computation...
    Writing took     9.500209 ms
    Computation took 299.270251 ms
    Reading took     258.379000 us
  Sample 17...
Starting computation...
    Writing took     6.697391 ms
    Computation took 299.386754 ms
    Reading took     246.763000 us
  Sample 18...
Starting computation...
    Writing took     6.752309 ms
    Computation took 299.025278 ms
    Reading took     246.386000 us
  Sample 19...
Starting computation...
    Writing took     6.713646 ms
    Computation took 299.080757 ms
    Reading took     267.298000 us
  Sample 20...
Starting computation...
    Writing took     7.334737 ms
    Computation took 299.297276 ms
    Reading took     340.531000 us
  Sample 21...
Starting computation...
    Writing took     7.544883 ms
    Computation took 299.397351 ms
    Reading took     319.863000 us
  Sample 22...
Starting computation...
    Writing took     8.068023 ms
    Computation took 299.772924 ms
    Reading took     244.958000 us
  Sample 23...
Starting computation...
    Writing took     6.765439 ms
    Computation took 299.424841 ms
    Reading took     246.968000 us
  Sample 24...
Starting computation...
    Writing took     6.735866 ms
    Computation took 299.543647 ms
    Reading took     246.700000 us
  Sample 25...
Starting computation...
    Writing took     6.739323 ms
    Computation took 299.288989 ms
    Reading took     258.081000 us
  Sample 26...
Starting computation...
    Writing took     7.159786 ms
    Computation took 299.535122 ms
    Reading took     268.062000 us
  Sample 27...
Starting computation...
    Writing took     8.111329 ms
    Computation took 299.413651 ms
    Reading took     246.884000 us
  Sample 28...
Starting computation...
    Writing took     6.733789 ms
    Computation took 299.169766 ms
    Reading took     248.179000 us
  Sample 29...
Starting computation...
    Writing took     6.719585 ms
    Computation took 299.672639 ms
    Reading took     276.247000 us
  Sample 30...
Starting computation...
    Writing took     6.257513 ms
    Computation took 299.428221 ms
    Reading took     247.443000 us
  Sample 31...
Starting computation...
    Writing took     6.752880 ms
    Computation took 299.526377 ms
    Reading took     245.952000 us
  Sample 32...
Starting computation...
    Writing took     6.708028 ms
    Computation took 299.519181 ms
    Reading took     241.442000 us
  Sample 33...
Starting computation...
    Writing took     6.727905 ms
    Computation took 299.510860 ms
    Reading took     247.920000 us
  Sample 34...
Starting computation...
    Writing took     7.094117 ms
    Computation took 299.455393 ms
    Reading took     245.461000 us
  Sample 35...
Starting computation...
    Writing took     6.807866 ms
    Computation took 299.393192 ms
    Reading took     246.308000 us
  Sample 36...
Starting computation...
    Writing took     6.725404 ms
    Computation took 299.395944 ms
    Reading took     247.711000 us
  Sample 37...
Starting computation...
    Writing took     6.728281 ms
    Computation took 299.568085 ms
    Reading took     247.237000 us
  Sample 38...
Starting computation...
    Writing took     6.703366 ms
    Computation took 299.706367 ms
    Reading took     246.476000 us
  Sample 39...
Starting computation...
    Writing took     6.742934 ms
    Computation took 299.400111 ms
    Reading took     247.640000 us
  Sample 40...
Starting computation...
    Writing took     6.733671 ms
    Computation took 299.545542 ms
    Reading took     261.272000 us
  Sample 41...
Starting computation...
    Writing took     6.737672 ms
    Computation took 299.660913 ms
    Reading took     250.100000 us
  Sample 42...
Starting computation...
    Writing took     6.750613 ms
    Computation took 299.816374 ms
    Reading took     245.801000 us
  Sample 43...
Starting computation...
    Writing took     6.752489 ms
    Computation took 300.343125 ms
    Reading took     249.670000 us
  Sample 44...
Starting computation...
    Writing took     7.163618 ms
    Computation took 300.842406 ms
    Reading took     248.440000 us
  Sample 45...
Starting computation...
    Writing took     6.697957 ms
    Computation took 300.734060 ms
    Reading took     251.667000 us
  Sample 46...
Starting computation...
    Writing took     6.669208 ms
    Computation took 300.581758 ms
    Reading took     283.559000 us
  Sample 47...
Starting computation...
    Writing took     6.329425 ms
    Computation took 301.205817 ms
    Reading took     415.573000 us
  Sample 48...
Starting computation...
    Writing took     11.857268 ms
    Computation took 300.767040 ms
    Reading took     244.885000 us
  Sample 49...
Starting computation...
    Writing took     6.724163 ms
    Computation took 301.346303 ms
    Reading took     246.156000 us
  Sample 50...
Starting computation...
    Writing took     6.732326 ms
    Computation took 301.792755 ms
    Reading took     248.250000 us
  Sample 51...
Starting computation...
    Writing took     6.810545 ms
    Computation took 302.263093 ms
    Reading took     246.813000 us
  Sample 52...
Starting computation...
    Writing took     6.700008 ms
    Computation took 302.916679 ms
    Reading took     247.474000 us
  Sample 53...
Starting computation...
    Writing took     6.720122 ms
    Computation took 302.721076 ms
    Reading took     252.590000 us
  Sample 54...
Starting computation...
    Writing took     6.733397 ms
    Computation took 302.968387 ms
    Reading took     247.088000 us
  Sample 55...
Starting computation...
    Writing took     6.738266 ms
    Computation took 302.470081 ms
    Reading took     283.683000 us
  Sample 56...
Starting computation...
    Writing took     6.911371 ms
    Computation took 303.037303 ms
    Reading took     246.177000 us
  Sample 57...
Starting computation...
    Writing took     6.762113 ms
    Computation took 302.947662 ms
    Reading took     248.004000 us
  Sample 58...
Starting computation...
    Writing took     6.737832 ms
    Computation took 302.519829 ms
    Reading took     246.501000 us
  Sample 59...
Starting computation...
    Writing took     6.737729 ms
    Computation took 302.872727 ms
    Reading took     247.213000 us
  Sample 60...
Starting computation...
    Writing took     6.773639 ms
    Computation took 302.605719 ms
    Reading took     433.292000 us
  Sample 61...
Starting computation...
    Writing took     7.460730 ms
    Computation took 302.311086 ms
    Reading took     246.508000 us
  Sample 62...
Starting computation...
    Writing took     6.741020 ms
    Computation took 302.521581 ms
    Reading took     292.363000 us
  Sample 63...
Starting computation...
    Writing took     9.073319 ms
    Computation took 301.335303 ms
    Reading took     391.858000 us
  Sample 64...
Starting computation...
    Writing took     11.175738 ms
    Computation took 300.532648 ms
    Reading took     267.502000 us
  Sample 65...
Starting computation...
    Writing took     7.377048 ms
    Computation took 300.579540 ms
    Reading took     265.309000 us
  Sample 66...
Starting computation...
    Writing took     7.312701 ms
    Computation took 299.934166 ms
    Reading took     267.411000 us
  Sample 67...
Starting computation...
    Writing took     7.399906 ms
    Computation took 300.328452 ms
    Reading took     249.054000 us
  Sample 68...
Starting computation...
    Writing took     6.754814 ms
    Computation took 299.906004 ms
    Reading took     246.962000 us
  Sample 69...
Starting computation...
    Writing took     6.760235 ms
    Computation took 299.931416 ms
    Reading took     247.725000 us
  Sample 70...
Starting computation...
    Writing took     6.699679 ms
    Computation took 299.749023 ms
    Reading took     245.052000 us
  Sample 71...
Starting computation...
    Writing took     6.753386 ms
    Computation took 300.297051 ms
    Reading took     247.400000 us
  Sample 72...
Starting computation...
    Writing took     7.379773 ms
    Computation took 299.843881 ms
    Reading took     321.468000 us
  Sample 73...
Starting computation...
    Writing took     7.861133 ms
    Computation took 300.429865 ms
    Reading took     282.633000 us
  Sample 74...
Starting computation...
    Writing took     7.889110 ms
    Computation took 300.394009 ms
    Reading took     282.433000 us
  Sample 75...
Starting computation...
    Writing took     7.437324 ms
    Computation took 300.460571 ms
    Reading took     236.145000 us
  Sample 76...
Starting computation...
    Writing took     6.102473 ms
    Computation took 300.959873 ms
    Reading took     263.241000 us
  Sample 77...
Starting computation...
    Writing took     8.543236 ms
    Computation took 301.092259 ms
    Reading took     430.043000 us
  Sample 78...
Starting computation...
    Writing took     6.709260 ms
    Computation took 300.805581 ms
    Reading took     262.987000 us
  Sample 79...
Starting computation...
    Writing took     6.740201 ms
    Computation took 301.649740 ms
    Reading took     382.023000 us
  Sample 80...
Starting computation...
    Writing took     11.199179 ms
    Computation took 301.652334 ms
    Reading took     248.057000 us
  Sample 81...
Starting computation...
    Writing took     6.737077 ms
    Computation took 301.988257 ms
    Reading took     255.785000 us
  Sample 82...
Starting computation...
    Writing took     6.701209 ms
    Computation took 302.923723 ms
    Reading took     245.599000 us
  Sample 83...
Starting computation...
    Writing took     6.754414 ms
    Computation took 303.161774 ms
    Reading took     253.481000 us
  Sample 84...
Starting computation...
    Writing took     6.714575 ms
    Computation took 303.837753 ms
    Reading took     247.277000 us
  Sample 85...
Starting computation...
    Writing took     6.720460 ms
    Computation took 305.698920 ms
    Reading took     274.956000 us
  Sample 86...
Starting computation...
    Writing took     6.760193 ms
    Computation took 307.672383 ms
    Reading took     247.041000 us
  Sample 87...
Starting computation...
    Writing took     6.749391 ms
    Computation took 307.121461 ms
    Reading took     361.418000 us
  Sample 88...
Starting computation...
    Writing took     8.604094 ms
    Computation took 305.199095 ms
    Reading took     351.806000 us
  Sample 89...
Starting computation...
    Writing took     11.261190 ms
    Computation took 304.542903 ms
    Reading took     249.404000 us
  Sample 90...
Starting computation...
    Writing took     7.148124 ms
    Computation took 303.696287 ms
    Reading took     247.072000 us
  Sample 91...
Starting computation...
    Writing took     8.066614 ms
    Computation took 304.750266 ms
    Reading took     246.037000 us
  Sample 92...
Starting computation...
    Writing took     6.756034 ms
    Computation took 304.564247 ms
    Reading took     245.803000 us
  Sample 93...
Starting computation...
    Writing took     6.749153 ms
    Computation took 304.969058 ms
    Reading took     246.169000 us
  Sample 94...
Starting computation...
    Writing took     6.735349 ms
    Computation took 303.412969 ms
    Reading took     429.043000 us
  Sample 95...
Starting computation...
    Writing took     8.596714 ms
    Computation took 302.920050 ms
    Reading took     247.302000 us
  Sample 96...
Starting computation...
    Writing took     6.703053 ms
    Computation took 302.770351 ms
    Reading took     248.391000 us
  Sample 97...
Starting computation...
    Writing took     6.735229 ms
    Computation took 302.903734 ms
    Reading took     245.690000 us
  Sample 98...
Starting computation...
    Writing took     6.742222 ms
    Computation took 303.069307 ms
    Reading took     247.931000 us
  Sample 99...
Starting computation...
    Writing took     6.470427 ms
    Computation took 303.332148 ms
    Reading took     247.643000 us
Mean computation time: 300.999048 ms
Mean deviation: 1.656011 ms (0.550172%)
Mean computation time (per hash): 3.307681 ms
Mean deviation (per hash): 18.197000 us
