Using device #0: CUDA Device 'GeForce GTX 1080 Ti'
  Sample 0...
Starting computation...
    Writing took     6.607030 ms
    Computation took 295.322727 ms
    Reading took     258.951000 us
  Sample 1...
Starting computation...
    Writing took     6.643959 ms
    Computation took 295.237468 ms
    Reading took     251.390000 us
  Sample 2...
Starting computation...
    Writing took     6.626703 ms
    Computation took 295.406478 ms
    Reading took     271.070000 us
  Sample 3...
Starting computation...
    Writing took     6.440639 ms
    Computation took 295.375256 ms
    Reading took     349.006000 us
  Sample 4...
Starting computation...
    Writing took     8.053002 ms
    Computation took 295.377595 ms
    Reading took     254.670000 us
  Sample 5...
Starting computation...
    Writing took     7.144533 ms
    Computation took 295.355171 ms
    Reading took     254.423000 us
  Sample 6...
Starting computation...
    Writing took     6.607227 ms
    Computation took 295.554861 ms
    Reading took     253.786000 us
  Sample 7...
Starting computation...
    Writing took     6.648361 ms
    Computation took 295.640409 ms
    Reading took     229.166000 us
  Sample 8...
Starting computation...
    Writing took     5.947626 ms
    Computation took 295.653614 ms
    Reading took     272.940000 us
  Sample 9...
Starting computation...
    Writing took     7.206993 ms
    Computation took 295.572544 ms
    Reading took     469.150000 us
  Sample 10...
Starting computation...
    Writing took     13.507997 ms
    Computation took 295.552209 ms
    Reading took     243.545000 us
  Sample 11...
Starting computation...
    Writing took     6.370898 ms
    Computation took 295.468455 ms
    Reading took     252.417000 us
  Sample 12...
Starting computation...
    Writing took     6.964079 ms
    Computation took 295.418169 ms
    Reading took     377.228000 us
  Sample 13...
Starting computation...
    Writing took     11.889083 ms
    Computation took 295.207036 ms
    Reading took     252.222000 us
  Sample 14...
Starting computation...
    Writing took     7.227598 ms
    Computation took 295.398142 ms
    Reading took     271.377000 us
  Sample 15...
Starting computation...
    Writing took     7.201066 ms
    Computation took 295.311711 ms
    Reading took     390.131000 us
  Sample 16...
Starting computation...
    Writing took     12.757658 ms
    Computation took 295.355078 ms
    Reading took     238.383000 us
  Sample 17...
Starting computation...
    Writing took     6.159645 ms
    Computation took 295.337283 ms
    Reading took     406.559000 us
  Sample 18...
Starting computation...
    Writing took     11.320866 ms
    Computation took 295.414011 ms
    Reading took     256.009000 us
  Sample 19...
Starting computation...
    Writing took     6.895395 ms
    Computation took 295.453517 ms
    Reading took     251.625000 us
  Sample 20...
Starting computation...
    Writing took     6.665682 ms
    Computation took 295.415821 ms
    Reading took     236.533000 us
  Sample 21...
Starting computation...
    Writing took     6.184312 ms
    Computation took 295.528267 ms
    Reading took     221.574000 us
  Sample 22...
Starting computation...
    Writing took     5.898978 ms
    Computation took 295.361882 ms
    Reading took     243.654000 us
  Sample 23...
Starting computation...
    Writing took     6.372844 ms
    Computation took 295.368787 ms
    Reading took     253.135000 us
  Sample 24...
Starting computation...
    Writing took     6.685243 ms
    Computation took 295.375709 ms
    Reading took     254.415000 us
  Sample 25...
Starting computation...
    Writing took     6.937764 ms
    Computation took 295.466269 ms
    Reading took     253.204000 us
  Sample 26...
Starting computation...
    Writing took     7.232500 ms
    Computation took 295.283229 ms
    Reading took     253.089000 us
  Sample 27...
Starting computation...
    Writing took     6.647243 ms
    Computation took 295.365347 ms
    Reading took     258.360000 us
  Sample 28...
Starting computation...
    Writing took     6.295524 ms
    Computation took 295.208145 ms
    Reading took     254.405000 us
  Sample 29...
Starting computation...
    Writing took     7.149523 ms
    Computation took 295.429049 ms
    Reading took     254.040000 us
  Sample 30...
Starting computation...
    Writing took     6.612380 ms
    Computation took 295.670350 ms
    Reading took     253.673000 us
  Sample 31...
Starting computation...
    Writing took     6.721477 ms
    Computation took 295.325459 ms
    Reading took     252.469000 us
  Sample 32...
Starting computation...
    Writing took     6.689422 ms
    Computation took 295.536073 ms
    Reading took     301.976000 us
  Sample 33...
Starting computation...
    Writing took     7.022861 ms
    Computation took 295.540558 ms
    Reading took     253.100000 us
  Sample 34...
Starting computation...
    Writing took     6.643180 ms
    Computation took 295.696311 ms
    Reading took     345.826000 us
  Sample 35...
Starting computation...
    Writing took     7.825127 ms
    Computation took 295.555711 ms
    Reading took     252.918000 us
  Sample 36...
Starting computation...
    Writing took     6.616092 ms
    Computation took 295.501710 ms
    Reading took     254.336000 us
  Sample 37...
Starting computation...
    Writing took     7.442242 ms
    Computation took 295.497108 ms
    Reading took     254.022000 us
  Sample 38...
Starting computation...
    Writing took     7.373975 ms
    Computation took 295.425714 ms
    Reading took     237.366000 us
  Sample 39...
Starting computation...
    Writing took     6.719814 ms
    Computation took 295.528067 ms
    Reading took     242.072000 us
  Sample 40...
Starting computation...
    Writing took     7.449041 ms
    Computation took 295.713808 ms
    Reading took     383.586000 us
  Sample 41...
Starting computation...
    Writing took     10.569005 ms
    Computation took 295.629397 ms
    Reading took     242.997000 us
  Sample 42...
Starting computation...
    Writing took     6.469181 ms
    Computation took 295.357962 ms
    Reading took     274.336000 us
  Sample 43...
Starting computation...
    Writing took     8.363997 ms
    Computation took 295.584654 ms
    Reading took     237.224000 us
  Sample 44...
Starting computation...
    Writing took     6.161317 ms
    Computation took 295.483773 ms
    Reading took     253.226000 us
  Sample 45...
Starting computation...
    Writing took     7.103632 ms
    Computation took 295.979038 ms
    Reading took     246.348000 us
  Sample 46...
Starting computation...
    Writing took     6.542322 ms
    Computation took 297.465538 ms
    Reading took     494.759000 us
  Sample 47...
Starting computation...
    Writing took     10.730650 ms
    Computation took 300.627351 ms
    Reading took     273.942000 us
  Sample 48...
Starting computation...
    Writing took     7.274351 ms
    Computation took 301.580708 ms
    Reading took     254.731000 us
  Sample 49...
Starting computation...
    Writing took     6.598524 ms
    Computation took 298.461072 ms
    Reading took     258.918000 us
  Sample 50...
Starting computation...
    Writing took     7.192059 ms
    Computation took 298.905569 ms
    Reading took     269.362000 us
  Sample 51...
Starting computation...
    Writing took     7.140711 ms
    Computation took 298.123692 ms
    Reading took     242.348000 us
  Sample 52...
Starting computation...
    Writing took     6.585439 ms
    Computation took 296.840039 ms
    Reading took     243.089000 us
  Sample 53...
Starting computation...
    Writing took     6.599583 ms
    Computation took 295.898601 ms
    Reading took     234.338000 us
  Sample 54...
Starting computation...
    Writing took     6.243985 ms
    Computation took 296.783050 ms
    Reading took     238.430000 us
  Sample 55...
Starting computation...
    Writing took     6.573798 ms
    Computation took 298.466034 ms
    Reading took     231.019000 us
  Sample 56...
Starting computation...
    Writing took     6.348682 ms
    Computation took 298.592965 ms
    Reading took     241.410000 us
  Sample 57...
Starting computation...
    Writing took     10.988296 ms
    Computation took 299.128213 ms
    Reading took     244.064000 us
  Sample 58...
Starting computation...
    Writing took     6.312564 ms
    Computation took 298.101024 ms
    Reading took     240.767000 us
  Sample 59...
Starting computation...
    Writing took     6.555359 ms
    Computation took 297.758632 ms
    Reading took     249.472000 us
  Sample 60...
Starting computation...
    Writing took     6.921929 ms
    Computation took 296.856857 ms
    Reading took     245.415000 us
  Sample 61...
Starting computation...
    Writing took     6.625911 ms
    Computation took 298.241008 ms
    Reading took     261.993000 us
  Sample 62...
Starting computation...
    Writing took     6.693004 ms
    Computation took 298.301800 ms
    Reading took     300.949000 us
  Sample 63...
Starting computation...
    Writing took     7.174999 ms
    Computation took 297.970987 ms
    Reading took     260.557000 us
  Sample 64...
Starting computation...
    Writing took     7.172246 ms
    Computation took 298.106612 ms
    Reading took     266.098000 us
  Sample 65...
Starting computation...
    Writing took     7.194576 ms
    Computation took 298.168542 ms
    Reading took     259.851000 us
  Sample 66...
Starting computation...
    Writing took     7.172291 ms
    Computation took 298.683172 ms
    Reading took     363.229000 us
  Sample 67...
Starting computation...
    Writing took     8.880608 ms
    Computation took 298.527771 ms
    Reading took     260.616000 us
  Sample 68...
Starting computation...
    Writing took     7.173327 ms
    Computation took 298.305552 ms
    Reading took     260.093000 us
  Sample 69...
Starting computation...
    Writing took     7.134409 ms
    Computation took 298.037198 ms
    Reading took     238.964000 us
  Sample 70...
Starting computation...
    Writing took     6.602688 ms
    Computation took 298.008672 ms
    Reading took     231.989000 us
  Sample 71...
Starting computation...
    Writing took     6.389243 ms
    Computation took 298.687734 ms
    Reading took     372.920000 us
  Sample 72...
Starting computation...
    Writing took     11.394111 ms
    Computation took 297.804737 ms
    Reading took     233.190000 us
  Sample 73...
Starting computation...
    Writing took     6.374296 ms
    Computation took 298.716326 ms
    Reading took     241.277000 us
  Sample 74...
Starting computation...
    Writing took     6.583560 ms
    Computation took 299.320379 ms
    Reading took     242.950000 us
  Sample 75...
Starting computation...
    Writing took     6.695502 ms
    Computation took 299.638635 ms
    Reading took     250.057000 us
  Sample 76...
Starting computation...
    Writing took     6.555302 ms
    Computation took 299.056821 ms
    Reading took     241.090000 us
  Sample 77...
Starting computation...
    Writing took     6.587411 ms
    Computation took 298.323746 ms
    Reading took     241.460000 us
  Sample 78...
Starting computation...
    Writing took     6.595648 ms
    Computation took 298.602613 ms
    Reading took     231.514000 us
  Sample 79...
Starting computation...
    Writing took     6.388701 ms
    Computation took 299.264086 ms
    Reading took     316.281000 us
  Sample 80...
Starting computation...
    Writing took     8.734555 ms
    Computation took 298.807621 ms
    Reading took     248.464000 us
  Sample 81...
Starting computation...
    Writing took     6.656655 ms
    Computation took 297.674576 ms
    Reading took     239.101000 us
  Sample 82...
Starting computation...
    Writing took     6.597054 ms
    Computation took 296.768762 ms
    Reading took     241.395000 us
  Sample 83...
Starting computation...
    Writing took     6.630589 ms
    Computation took 295.763977 ms
    Reading took     232.825000 us
  Sample 84...
Starting computation...
    Writing took     6.294709 ms
    Computation took 296.187961 ms
    Reading took     260.237000 us
  Sample 85...
Starting computation...
    Writing took     6.416848 ms
    Computation took 295.491600 ms
    Reading took     238.866000 us
  Sample 86...
Starting computation...
    Writing took     6.591039 ms
    Computation took 295.770211 ms
    Reading took     241.894000 us
  Sample 87...
Starting computation...
    Writing took     6.561439 ms
    Computation took 295.565151 ms
    Reading took     240.314000 us
  Sample 88...
Starting computation...
    Writing took     7.073528 ms
    Computation took 295.950017 ms
    Reading took     239.125000 us
  Sample 89...
Starting computation...
    Writing took     6.588575 ms
    Computation took 296.177607 ms
    Reading took     238.559000 us
  Sample 90...
Starting computation...
    Writing took     6.565747 ms
    Computation took 296.229723 ms
    Reading took     237.391000 us
  Sample 91...
Starting computation...
    Writing took     6.360273 ms
    Computation took 296.782234 ms
    Reading took     256.423000 us
  Sample 92...
Starting computation...
    Writing took     6.578227 ms
    Computation took 297.277322 ms
    Reading took     243.450000 us
  Sample 93...
Starting computation...
    Writing took     6.712071 ms
    Computation took 298.035953 ms
    Reading took     241.714000 us
  Sample 94...
Starting computation...
    Writing took     6.566900 ms
    Computation took 297.708859 ms
    Reading took     239.533000 us
  Sample 95...
Starting computation...
    Writing took     6.578865 ms
    Computation took 298.195295 ms
    Reading took     237.506000 us
  Sample 96...
Starting computation...
    Writing took     6.549063 ms
    Computation took 300.000088 ms
    Reading took     237.370000 us
  Sample 97...
Starting computation...
    Writing took     5.962078 ms
    Computation took 300.684391 ms
    Reading took     283.279000 us
  Sample 98...
Starting computation...
    Writing took     7.407124 ms
    Computation took 301.584780 ms
    Reading took     259.924000 us
  Sample 99...
Starting computation...
    Writing took     7.191571 ms
    Computation took 303.133455 ms
    Reading took     234.032000 us
Mean computation time: 296.903852 ms
Mean deviation: 1.518508 ms (0.511448%)
Mean computation time (per hash): 3.335997 ms
Mean deviation (per hash): 17.061000 us
