Using device #0: CUDA Device 'GeForce GTX 1080 Ti'
  Sample 0...
Starting computation...
    Writing took     8.803784 ms
    Computation took 260.739143 ms
    Reading took     236.647000 us
  Sample 1...
Starting computation...
    Writing took     6.422781 ms
    Computation took 261.102226 ms
    Reading took     248.620000 us
  Sample 2...
Starting computation...
    Writing took     7.094118 ms
    Computation took 261.328339 ms
    Reading took     189.638000 us
  Sample 3...
Starting computation...
    Writing took     4.685006 ms
    Computation took 260.966370 ms
    Reading took     185.942000 us
  Sample 4...
Starting computation...
    Writing took     4.740043 ms
    Computation took 260.580778 ms
    Reading took     197.094000 us
  Sample 5...
Starting computation...
    Writing took     5.141336 ms
    Computation took 260.796900 ms
    Reading took     216.053000 us
  Sample 6...
Starting computation...
    Writing took     5.607435 ms
    Computation took 260.833958 ms
    Reading took     234.647000 us
  Sample 7...
Starting computation...
    Writing took     6.494181 ms
    Computation took 260.690094 ms
    Reading took     232.786000 us
  Sample 8...
Starting computation...
    Writing took     6.418733 ms
    Computation took 260.742773 ms
    Reading took     199.976000 us
  Sample 9...
Starting computation...
    Writing took     5.047784 ms
    Computation took 261.068999 ms
    Reading took     183.644000 us
  Sample 10...
Starting computation...
    Writing took     5.543251 ms
    Computation took 261.054225 ms
    Reading took     203.941000 us
  Sample 11...
Starting computation...
    Writing took     5.457758 ms
    Computation took 260.906979 ms
    Reading took     235.107000 us
  Sample 12...
Starting computation...
    Writing took     5.939250 ms
    Computation took 260.993473 ms
    Reading took     208.718000 us
  Sample 13...
Starting computation...
    Writing took     5.775325 ms
    Computation took 261.032579 ms
    Reading took     216.142000 us
  Sample 14...
Starting computation...
    Writing took     6.102476 ms
    Computation took 261.174154 ms
    Reading took     182.573000 us
  Sample 15...
Starting computation...
    Writing took     4.722771 ms
    Computation took 261.439332 ms
    Reading took     214.018000 us
  Sample 16...
Starting computation...
    Writing took     5.902222 ms
    Computation took 261.375034 ms
    Reading took     189.403000 us
  Sample 17...
Starting computation...
    Writing took     5.106671 ms
    Computation took 262.445953 ms
    Reading took     314.946000 us
  Sample 18...
Starting computation...
    Writing took     7.875568 ms
    Computation took 262.705454 ms
    Reading took     232.846000 us
  Sample 19...
Starting computation...
    Writing took     6.475313 ms
    Computation took 263.420230 ms
    Reading took     233.922000 us
  Sample 20...
Starting computation...
    Writing took     6.425985 ms
    Computation took 264.395680 ms
    Reading took     207.414000 us
  Sample 21...
Starting computation...
    Writing took     5.730047 ms
    Computation took 264.177700 ms
    Reading took     184.229000 us
  Sample 22...
Starting computation...
    Writing took     4.917212 ms
    Computation took 264.045144 ms
    Reading took     187.688000 us
  Sample 23...
Starting computation...
    Writing took     5.060092 ms
    Computation took 265.040743 ms
    Reading took     185.915000 us
  Sample 24...
Starting computation...
    Writing took     4.993691 ms
    Computation took 265.434129 ms
    Reading took     175.833000 us
  Sample 25...
Starting computation...
    Writing took     4.698701 ms
    Computation took 264.368627 ms
    Reading took     215.959000 us
  Sample 26...
Starting computation...
    Writing took     5.964093 ms
    Computation took 264.734055 ms
    Reading took     209.530000 us
  Sample 27...
Starting computation...
    Writing took     4.996175 ms
    Computation took 264.055947 ms
    Reading took     190.143000 us
  Sample 28...
Starting computation...
    Writing took     5.229702 ms
    Computation took 264.899254 ms
    Reading took     285.288000 us
  Sample 29...
Starting computation...
    Writing took     5.901298 ms
    Computation took 265.298990 ms
    Reading took     398.261000 us
  Sample 30...
Starting computation...
    Writing took     10.386172 ms
    Computation took 264.045638 ms
    Reading took     214.799000 us
  Sample 31...
Starting computation...
    Writing took     5.952624 ms
    Computation took 264.856564 ms
    Reading took     198.799000 us
  Sample 32...
Starting computation...
    Writing took     5.014055 ms
    Computation took 264.829073 ms
    Reading took     231.788000 us
  Sample 33...
Starting computation...
    Writing took     5.701946 ms
    Computation took 264.617689 ms
    Reading took     228.624000 us
  Sample 34...
Starting computation...
    Writing took     5.981095 ms
    Computation took 264.924162 ms
    Reading took     251.996000 us
  Sample 35...
Starting computation...
    Writing took     6.186326 ms
    Computation took 262.737842 ms
    Reading took     229.008000 us
  Sample 36...
Starting computation...
    Writing took     5.986778 ms
    Computation took 262.412985 ms
    Reading took     228.024000 us
  Sample 37...
Starting computation...
    Writing took     5.950158 ms
    Computation took 262.522655 ms
    Reading took     235.232000 us
  Sample 38...
Starting computation...
    Writing took     5.953158 ms
    Computation took 263.218282 ms
    Reading took     207.512000 us
  Sample 39...
Starting computation...
    Writing took     5.422914 ms
    Computation took 266.481470 ms
    Reading took     230.080000 us
  Sample 40...
Starting computation...
    Writing took     5.961712 ms
    Computation took 264.595702 ms
    Reading took     228.303000 us
  Sample 41...
Starting computation...
    Writing took     6.268387 ms
    Computation took 264.739264 ms
    Reading took     264.377000 us
  Sample 42...
Starting computation...
    Writing took     6.486477 ms
    Computation took 263.981327 ms
    Reading took     381.283000 us
  Sample 43...
Starting computation...
    Writing took     6.051337 ms
    Computation took 262.312776 ms
    Reading took     227.792000 us
  Sample 44...
Starting computation...
    Writing took     5.954115 ms
    Computation took 263.514176 ms
    Reading took     349.276000 us
  Sample 45...
Starting computation...
    Writing took     9.928025 ms
    Computation took 267.244404 ms
    Reading took     195.183000 us
  Sample 46...
Starting computation...
    Writing took     4.940444 ms
    Computation took 267.447835 ms
    Reading took     206.146000 us
  Sample 47...
Starting computation...
    Writing took     5.478161 ms
    Computation took 266.749919 ms
    Reading took     226.705000 us
  Sample 48...
Starting computation...
    Writing took     4.799694 ms
    Computation took 264.211454 ms
    Reading took     219.224000 us
  Sample 49...
Starting computation...
    Writing took     5.825028 ms
    Computation took 264.018134 ms
    Reading took     213.013000 us
  Sample 50...
Starting computation...
    Writing took     5.808247 ms
    Computation took 262.931637 ms
    Reading took     220.959000 us
  Sample 51...
Starting computation...
    Writing took     5.719629 ms
    Computation took 261.952096 ms
    Reading took     222.929000 us
  Sample 52...
Starting computation...
    Writing took     5.708007 ms
    Computation took 262.290681 ms
    Reading took     184.397000 us
  Sample 53...
Starting computation...
    Writing took     4.620457 ms
    Computation took 262.432247 ms
    Reading took     196.340000 us
  Sample 54...
Starting computation...
    Writing took     14.490624 ms
    Computation took 262.741727 ms
    Reading took     275.651000 us
  Sample 55...
Starting computation...
    Writing took     9.331551 ms
    Computation took 261.526534 ms
    Reading took     247.829000 us
  Sample 56...
Starting computation...
    Writing took     6.506056 ms
    Computation took 261.433518 ms
    Reading took     229.092000 us
  Sample 57...
Starting computation...
    Writing took     5.980954 ms
    Computation took 261.459582 ms
    Reading took     201.409000 us
  Sample 58...
Starting computation...
    Writing took     4.983130 ms
    Computation took 260.860002 ms
    Reading took     230.606000 us
  Sample 59...
Starting computation...
    Writing took     5.982057 ms
    Computation took 261.167769 ms
    Reading took     218.629000 us
  Sample 60...
Starting computation...
    Writing took     5.535033 ms
    Computation took 261.066390 ms
    Reading took     225.143000 us
  Sample 61...
Starting computation...
    Writing took     5.744133 ms
    Computation took 261.077272 ms
    Reading took     185.404000 us
  Sample 62...
Starting computation...
    Writing took     4.713248 ms
    Computation took 261.214310 ms
    Reading took     246.370000 us
  Sample 63...
Starting computation...
    Writing took     6.524487 ms
    Computation took 261.782123 ms
    Reading took     243.713000 us
  Sample 64...
Starting computation...
    Writing took     6.537745 ms
    Computation took 262.908209 ms
    Reading took     226.227000 us
  Sample 65...
Starting computation...
    Writing took     5.745433 ms
    Computation took 262.589936 ms
    Reading took     191.676000 us
  Sample 66...
Starting computation...
    Writing took     4.722275 ms
    Computation took 263.108557 ms
    Reading took     220.975000 us
  Sample 67...
Starting computation...
    Writing took     5.752282 ms
    Computation took 263.176060 ms
    Reading took     199.846000 us
  Sample 68...
Starting computation...
    Writing took     4.984282 ms
    Computation took 262.336296 ms
    Reading took     218.333000 us
  Sample 69...
Starting computation...
    Writing took     5.779860 ms
    Computation took 262.468667 ms
    Reading took     198.132000 us
  Sample 70...
Starting computation...
    Writing took     4.926251 ms
    Computation took 263.073491 ms
    Reading took     225.738000 us
  Sample 71...
Starting computation...
    Writing took     5.804745 ms
    Computation took 262.707551 ms
    Reading took     221.534000 us
  Sample 72...
Starting computation...
    Writing took     5.999357 ms
    Computation took 262.974557 ms
    Reading took     232.581000 us
  Sample 73...
Starting computation...
    Writing took     5.602003 ms
    Computation took 262.211734 ms
    Reading took     225.743000 us
  Sample 74...
Starting computation...
    Writing took     5.935106 ms
    Computation took 263.041327 ms
    Reading took     196.051000 us
  Sample 75...
Starting computation...
    Writing took     4.983013 ms
    Computation took 264.120520 ms
    Reading took     228.640000 us
  Sample 76...
Starting computation...
    Writing took     6.050101 ms
    Computation took 264.704866 ms
    Reading took     348.856000 us
  Sample 77...
Starting computation...
    Writing took     9.500886 ms
    Computation took 265.069640 ms
    Reading took     247.278000 us
  Sample 78...
Starting computation...
    Writing took     6.460518 ms
    Computation took 264.351815 ms
    Reading took     245.189000 us
  Sample 79...
Starting computation...
    Writing took     6.910970 ms
    Computation took 266.255732 ms
    Reading took     227.507000 us
  Sample 80...
Starting computation...
    Writing took     5.951760 ms
    Computation took 269.064950 ms
    Reading took     221.703000 us
  Sample 81...
Starting computation...
    Writing took     5.741202 ms
    Computation took 267.335678 ms
    Reading took     221.246000 us
  Sample 82...
Starting computation...
    Writing took     5.795542 ms
    Computation took 266.167904 ms
    Reading took     202.170000 us
  Sample 83...
Starting computation...
    Writing took     5.283342 ms
    Computation took 265.723898 ms
    Reading took     228.298000 us
  Sample 84...
Starting computation...
    Writing took     5.845346 ms
    Computation took 265.068489 ms
    Reading took     232.330000 us
  Sample 85...
Starting computation...
    Writing took     5.962420 ms
    Computation took 264.993025 ms
    Reading took     255.637000 us
  Sample 86...
Starting computation...
    Writing took     5.571991 ms
    Computation took 264.625362 ms
    Reading took     261.416000 us
  Sample 87...
Starting computation...
    Writing took     6.589383 ms
    Computation took 264.956014 ms
    Reading took     190.315000 us
  Sample 88...
Starting computation...
    Writing took     4.761109 ms
    Computation took 266.698726 ms
    Reading took     193.081000 us
  Sample 89...
Starting computation...
    Writing took     4.669447 ms
    Computation took 271.255801 ms
    Reading took     185.159000 us
  Sample 90...
Starting computation...
    Writing took     5.553099 ms
    Computation took 271.252859 ms
    Reading took     228.086000 us
  Sample 91...
Starting computation...
    Writing took     6.745119 ms
    Computation took 269.309244 ms
    Reading took     295.813000 us
  Sample 92...
Starting computation...
    Writing took     8.403370 ms
    Computation took 266.073066 ms
    Reading took     236.539000 us
  Sample 93...
Starting computation...
    Writing took     6.466594 ms
    Computation took 265.713937 ms
    Reading took     233.309000 us
  Sample 94...
Starting computation...
    Writing took     6.462845 ms
    Computation took 265.157801 ms
    Reading took     174.791000 us
  Sample 95...
Starting computation...
    Writing took     4.605433 ms
    Computation took 263.100574 ms
    Reading took     216.753000 us
  Sample 96...
Starting computation...
    Writing took     6.006483 ms
    Computation took 262.146187 ms
    Reading took     233.151000 us
  Sample 97...
Starting computation...
    Writing took     6.460356 ms
    Computation took 261.416345 ms
    Reading took     246.253000 us
  Sample 98...
Starting computation...
    Writing took     6.675681 ms
    Computation took 262.322247 ms
    Reading took     348.268000 us
  Sample 99...
Starting computation...
    Writing took     11.466942 ms
    Computation took 262.394948 ms
    Reading took     244.640000 us
Mean computation time: 263.551205 ms
Mean deviation: 1.816784 ms (0.689348%)
Mean computation time (per hash): 3.294389 ms
Mean deviation (per hash): 22.709000 us
