Using device #0: CUDA Device 'GeForce GTX 1080 Ti'
  Sample 0...
Starting computation...
    Writing took     7.889742 ms
    Computation took 250.551752 ms
    Reading took     236.301000 us
  Sample 1...
Starting computation...
    Writing took     6.060270 ms
    Computation took 250.515909 ms
    Reading took     232.395000 us
  Sample 2...
Starting computation...
    Writing took     6.298134 ms
    Computation took 250.460909 ms
    Reading took     190.529000 us
  Sample 3...
Starting computation...
    Writing took     4.794712 ms
    Computation took 250.579038 ms
    Reading took     234.820000 us
  Sample 4...
Starting computation...
    Writing took     6.083374 ms
    Computation took 250.547815 ms
    Reading took     234.805000 us
  Sample 5...
Starting computation...
    Writing took     6.090408 ms
    Computation took 250.458732 ms
    Reading took     230.319000 us
  Sample 6...
Starting computation...
    Writing took     5.421368 ms
    Computation took 250.478230 ms
    Reading took     216.321000 us
  Sample 7...
Starting computation...
    Writing took     5.492903 ms
    Computation took 251.052355 ms
    Reading took     216.132000 us
  Sample 8...
Starting computation...
    Writing took     5.518794 ms
    Computation took 251.807401 ms
    Reading took     233.720000 us
  Sample 9...
Starting computation...
    Writing took     6.569394 ms
    Computation took 250.559482 ms
    Reading took     404.286000 us
  Sample 10...
Starting computation...
    Writing took     11.286935 ms
    Computation took 250.407602 ms
    Reading took     195.253000 us
  Sample 11...
Starting computation...
    Writing took     4.851631 ms
    Computation took 250.765975 ms
    Reading took     185.906000 us
  Sample 12...
Starting computation...
    Writing took     4.699275 ms
    Computation took 252.329200 ms
    Reading took     214.625000 us
  Sample 13...
Starting computation...
    Writing took     5.602651 ms
    Computation took 252.738514 ms
    Reading took     209.688000 us
  Sample 14...
Starting computation...
    Writing took     5.352901 ms
    Computation took 252.154485 ms
    Reading took     220.609000 us
  Sample 15...
Starting computation...
    Writing took     6.086274 ms
    Computation took 253.384492 ms
    Reading took     204.047000 us
  Sample 16...
Starting computation...
    Writing took     6.496828 ms
    Computation took 255.536890 ms
    Reading took     182.399000 us
  Sample 17...
Starting computation...
    Writing took     4.397241 ms
    Computation took 256.088563 ms
    Reading took     209.002000 us
  Sample 18...
Starting computation...
    Writing took     5.205870 ms
    Computation took 255.657772 ms
    Reading took     186.665000 us
  Sample 19...
Starting computation...
    Writing took     4.430337 ms
    Computation took 256.333956 ms
    Reading took     216.305000 us
  Sample 20...
Starting computation...
    Writing took     5.577478 ms
    Computation took 257.012080 ms
    Reading took     233.287000 us
  Sample 21...
Starting computation...
    Writing took     6.296436 ms
    Computation took 254.768376 ms
    Reading took     220.031000 us
  Sample 22...
Starting computation...
    Writing took     6.083037 ms
    Computation took 253.789474 ms
    Reading took     219.977000 us
  Sample 23...
Starting computation...
    Writing took     6.115271 ms
    Computation took 252.541300 ms
    Reading took     165.800000 us
  Sample 24...
Starting computation...
    Writing took     4.329764 ms
    Computation took 252.512101 ms
    Reading took     223.775000 us
  Sample 25...
Starting computation...
    Writing took     6.472191 ms
    Computation took 253.233296 ms
    Reading took     164.602000 us
  Sample 26...
Starting computation...
    Writing took     4.399491 ms
    Computation took 252.911833 ms
    Reading took     182.198000 us
  Sample 27...
Starting computation...
    Writing took     5.164737 ms
    Computation took 252.438915 ms
    Reading took     383.995000 us
  Sample 28...
Starting computation...
    Writing took     9.810842 ms
    Computation took 252.440994 ms
    Reading took     199.796000 us
  Sample 29...
Starting computation...
    Writing took     5.528322 ms
    Computation took 251.496348 ms
    Reading took     207.700000 us
  Sample 30...
Starting computation...
    Writing took     5.574513 ms
    Computation took 251.680452 ms
    Reading took     171.016000 us
  Sample 31...
Starting computation...
    Writing took     4.661543 ms
    Computation took 252.919660 ms
    Reading took     230.166000 us
  Sample 32...
Starting computation...
    Writing took     5.908963 ms
    Computation took 253.101750 ms
    Reading took     163.943000 us
  Sample 33...
Starting computation...
    Writing took     4.337633 ms
    Computation took 253.030117 ms
    Reading took     194.750000 us
  Sample 34...
Starting computation...
    Writing took     5.049957 ms
    Computation took 252.410986 ms
    Reading took     178.893000 us
  Sample 35...
Starting computation...
    Writing took     4.807983 ms
    Computation took 252.631069 ms
    Reading took     204.225000 us
  Sample 36...
Starting computation...
    Writing took     5.762706 ms
    Computation took 252.474724 ms
    Reading took     164.976000 us
  Sample 37...
Starting computation...
    Writing took     4.387278 ms
    Computation took 252.890627 ms
    Reading took     164.981000 us
  Sample 38...
Starting computation...
    Writing took     4.322871 ms
    Computation took 253.484854 ms
    Reading took     179.546000 us
  Sample 39...
Starting computation...
    Writing took     4.385767 ms
    Computation took 254.016102 ms
    Reading took     316.885000 us
  Sample 40...
Starting computation...
    Writing took     9.213013 ms
    Computation took 252.880662 ms
    Reading took     184.216000 us
  Sample 41...
Starting computation...
    Writing took     5.086635 ms
    Computation took 252.388524 ms
    Reading took     231.427000 us
  Sample 42...
Starting computation...
    Writing took     6.056868 ms
    Computation took 251.211404 ms
    Reading took     221.008000 us
  Sample 43...
Starting computation...
    Writing took     6.150354 ms
    Computation took 251.483155 ms
    Reading took     219.107000 us
  Sample 44...
Starting computation...
    Writing took     6.111183 ms
    Computation took 252.100833 ms
    Reading took     165.835000 us
  Sample 45...
Starting computation...
    Writing took     4.373582 ms
    Computation took 252.867269 ms
    Reading took     188.335000 us
  Sample 46...
Starting computation...
    Writing took     5.165185 ms
    Computation took 253.084582 ms
    Reading took     164.747000 us
  Sample 47...
Starting computation...
    Writing took     12.454892 ms
    Computation took 252.524019 ms
    Reading took     224.776000 us
  Sample 48...
Starting computation...
    Writing took     6.110288 ms
    Computation took 251.765584 ms
    Reading took     220.210000 us
  Sample 49...
Starting computation...
    Writing took     6.102897 ms
    Computation took 252.909007 ms
    Reading took     162.456000 us
  Sample 50...
Starting computation...
    Writing took     4.298848 ms
    Computation took 256.069782 ms
    Reading took     231.456000 us
  Sample 51...
Starting computation...
    Writing took     6.078915 ms
    Computation took 254.314962 ms
    Reading took     234.087000 us
  Sample 52...
Starting computation...
    Writing took     6.077276 ms
    Computation took 253.706728 ms
    Reading took     228.106000 us
  Sample 53...
Starting computation...
    Writing took     4.783431 ms
    Computation took 252.424706 ms
    Reading took     202.387000 us
  Sample 54...
Starting computation...
    Writing took     5.139385 ms
    Computation took 253.241710 ms
    Reading took     234.116000 us
  Sample 55...
Starting computation...
    Writing took     6.845841 ms
    Computation took 253.385713 ms
    Reading took     181.399000 us
  Sample 56...
Starting computation...
    Writing took     4.752118 ms
    Computation took 253.423943 ms
    Reading took     182.547000 us
  Sample 57...
Starting computation...
    Writing took     4.457075 ms
    Computation took 254.580565 ms
    Reading took     208.734000 us
  Sample 58...
Starting computation...
    Writing took     4.875014 ms
    Computation took 256.056616 ms
    Reading took     187.050000 us
  Sample 59...
Starting computation...
    Writing took     4.675643 ms
    Computation took 256.176047 ms
    Reading took     219.051000 us
  Sample 60...
Starting computation...
    Writing took     6.132071 ms
    Computation took 257.928101 ms
    Reading took     180.224000 us
  Sample 61...
Starting computation...
    Writing took     4.923961 ms
    Computation took 260.425500 ms
    Reading took     203.670000 us
  Sample 62...
Starting computation...
    Writing took     5.181137 ms
    Computation took 258.723685 ms
    Reading took     174.201000 us
  Sample 63...
Starting computation...
    Writing took     4.713553 ms
    Computation took 257.982609 ms
    Reading took     203.354000 us
  Sample 64...
Starting computation...
    Writing took     5.666824 ms
    Computation took 257.625197 ms
    Reading took     208.433000 us
  Sample 65...
Starting computation...
    Writing took     5.832690 ms
    Computation took 256.619086 ms
    Reading took     196.645000 us
  Sample 66...
Starting computation...
    Writing took     5.460630 ms
    Computation took 256.316564 ms
    Reading took     163.733000 us
  Sample 67...
Starting computation...
    Writing took     5.987677 ms
    Computation took 256.867501 ms
    Reading took     185.086000 us
  Sample 68...
Starting computation...
    Writing took     5.102720 ms
    Computation took 258.087115 ms
    Reading took     203.516000 us
  Sample 69...
Starting computation...
    Writing took     5.563821 ms
    Computation took 257.416356 ms
    Reading took     203.516000 us
  Sample 70...
Starting computation...
    Writing took     5.891780 ms
    Computation took 256.809872 ms
    Reading took     173.529000 us
  Sample 71...
Starting computation...
    Writing took     4.375037 ms
    Computation took 256.028476 ms
    Reading took     191.217000 us
  Sample 72...
Starting computation...
    Writing took     7.172633 ms
    Computation took 256.574220 ms
    Reading took     263.909000 us
  Sample 73...
Starting computation...
    Writing took     8.353616 ms
    Computation took 255.298259 ms
    Reading took     213.779000 us
  Sample 74...
Starting computation...
    Writing took     5.333524 ms
    Computation took 253.750844 ms
    Reading took     248.282000 us
  Sample 75...
Starting computation...
    Writing took     5.667709 ms
    Computation took 254.811830 ms
    Reading took     179.560000 us
  Sample 76...
Starting computation...
    Writing took     4.646693 ms
    Computation took 256.118197 ms
    Reading took     177.723000 us
  Sample 77...
Starting computation...
    Writing took     4.849490 ms
    Computation took 255.996306 ms
    Reading took     173.455000 us
  Sample 78...
Starting computation...
    Writing took     4.700942 ms
    Computation took 256.058433 ms
    Reading took     171.694000 us
  Sample 79...
Starting computation...
    Writing took     4.687020 ms
    Computation took 255.858893 ms
    Reading took     205.590000 us
  Sample 80...
Starting computation...
    Writing took     4.986745 ms
    Computation took 254.844085 ms
    Reading took     190.489000 us
  Sample 81...
Starting computation...
    Writing took     5.201087 ms
    Computation took 254.187329 ms
    Reading took     219.816000 us
  Sample 82...
Starting computation...
    Writing took     6.074481 ms
    Computation took 252.629612 ms
    Reading took     219.027000 us
  Sample 83...
Starting computation...
    Writing took     6.122932 ms
    Computation took 251.347884 ms
    Reading took     163.989000 us
  Sample 84...
Starting computation...
    Writing took     4.402526 ms
    Computation took 250.716363 ms
    Reading took     193.065000 us
  Sample 85...
Starting computation...
    Writing took     5.261500 ms
    Computation took 250.607472 ms
    Reading took     225.978000 us
  Sample 86...
Starting computation...
    Writing took     6.068292 ms
    Computation took 250.757670 ms
    Reading took     219.293000 us
  Sample 87...
Starting computation...
    Writing took     6.199599 ms
    Computation took 250.882118 ms
    Reading took     197.055000 us
  Sample 88...
Starting computation...
    Writing took     5.221130 ms
    Computation took 250.641818 ms
    Reading took     206.832000 us
  Sample 89...
Starting computation...
    Writing took     7.115776 ms
    Computation took 251.275113 ms
    Reading took     382.900000 us
  Sample 90...
Starting computation...
    Writing took     11.094872 ms
    Computation took 253.599118 ms
    Reading took     218.527000 us
  Sample 91...
Starting computation...
    Writing took     6.120561 ms
    Computation took 251.099253 ms
    Reading took     237.126000 us
  Sample 92...
Starting computation...
    Writing took     6.129512 ms
    Computation took 250.978078 ms
    Reading took     186.071000 us
  Sample 93...
Starting computation...
    Writing took     4.916921 ms
    Computation took 251.224037 ms
    Reading took     202.856000 us
  Sample 94...
Starting computation...
    Writing took     5.561771 ms
    Computation took 252.878745 ms
    Reading took     195.389000 us
  Sample 95...
Starting computation...
    Writing took     5.016464 ms
    Computation took 253.469805 ms
    Reading took     173.480000 us
  Sample 96...
Starting computation...
    Writing took     4.792696 ms
    Computation took 253.942699 ms
    Reading took     221.329000 us
  Sample 97...
Starting computation...
    Writing took     5.566045 ms
    Computation took 255.545792 ms
    Reading took     215.777000 us
  Sample 98...
Starting computation...
    Writing took     5.406799 ms
    Computation took 257.394468 ms
    Reading took     212.361000 us
  Sample 99...
Starting computation...
    Writing took     5.189482 ms
    Computation took 255.918021 ms
    Reading took     203.286000 us
Mean computation time: 253.600264 ms
Mean deviation: 1.944535 ms (0.766772%)
Mean computation time (per hash): 3.381336 ms
Mean deviation (per hash): 25.927000 us
