Using device #0: CUDA Device 'GeForce GTX 1080 Ti'
  Sample 0...
Starting computation...
    Writing took     1.245452 ms
    Computation took 188.338586 ms
    Reading took     56.555000 us
  Sample 1...
Starting computation...
    Writing took     1.320670 ms
    Computation took 188.322016 ms
    Reading took     48.374000 us
  Sample 2...
Starting computation...
    Writing took     1.226639 ms
    Computation took 188.325083 ms
    Reading took     56.849000 us
  Sample 3...
Starting computation...
    Writing took     1.426803 ms
    Computation took 188.366025 ms
    Reading took     69.283000 us
  Sample 4...
Starting computation...
    Writing took     1.986138 ms
    Computation took 188.398809 ms
    Reading took     48.717000 us
  Sample 5...
Starting computation...
    Writing took     1.189356 ms
    Computation took 188.363624 ms
    Reading took     49.436000 us
  Sample 6...
Starting computation...
    Writing took     1.115758 ms
    Computation took 188.367595 ms
    Reading took     49.763000 us
  Sample 7...
Starting computation...
    Writing took     1.172003 ms
    Computation took 188.328591 ms
    Reading took     92.928000 us
  Sample 8...
Starting computation...
    Writing took     2.402424 ms
    Computation took 188.367129 ms
    Reading took     59.037000 us
  Sample 9...
Starting computation...
    Writing took     1.452153 ms
    Computation took 188.292139 ms
    Reading took     57.611000 us
  Sample 10...
Starting computation...
    Writing took     1.444761 ms
    Computation took 188.328129 ms
    Reading took     58.471000 us
  Sample 11...
Starting computation...
    Writing took     1.434676 ms
    Computation took 188.346859 ms
    Reading took     59.807000 us
  Sample 12...
Starting computation...
    Writing took     1.452349 ms
    Computation took 188.335473 ms
    Reading took     66.810000 us
  Sample 13...
Starting computation...
    Writing took     1.465176 ms
    Computation took 188.360435 ms
    Reading took     49.747000 us
  Sample 14...
Starting computation...
    Writing took     1.142547 ms
    Computation took 188.351102 ms
    Reading took     69.287000 us
  Sample 15...
Starting computation...
    Writing took     1.947474 ms
    Computation took 188.351235 ms
    Reading took     49.605000 us
  Sample 16...
Starting computation...
    Writing took     1.156912 ms
    Computation took 188.343441 ms
    Reading took     49.188000 us
  Sample 17...
Starting computation...
    Writing took     1.248302 ms
    Computation took 188.322236 ms
    Reading took     73.546000 us
  Sample 18...
Starting computation...
    Writing took     1.933490 ms
    Computation took 188.377182 ms
    Reading took     54.505000 us
  Sample 19...
Starting computation...
    Writing took     1.386315 ms
    Computation took 188.375542 ms
    Reading took     50.529000 us
  Sample 20...
Starting computation...
    Writing took     1.136199 ms
    Computation took 188.303399 ms
    Reading took     46.360000 us
  Sample 21...
Starting computation...
    Writing took     1.093347 ms
    Computation took 188.323730 ms
    Reading took     48.485000 us
  Sample 22...
Starting computation...
    Writing took     1.109994 ms
    Computation took 188.358754 ms
    Reading took     47.245000 us
  Sample 23...
Starting computation...
    Writing took     1.125002 ms
    Computation took 188.363252 ms
    Reading took     48.409000 us
  Sample 24...
Starting computation...
    Writing took     1.135414 ms
    Computation took 188.330100 ms
    Reading took     51.522000 us
  Sample 25...
Starting computation...
    Writing took     1.207040 ms
    Computation took 188.312588 ms
    Reading took     46.880000 us
  Sample 26...
Starting computation...
    Writing took     1.071820 ms
    Computation took 188.349125 ms
    Reading took     50.238000 us
  Sample 27...
Starting computation...
    Writing took     1.123724 ms
    Computation took 188.318530 ms
    Reading took     92.149000 us
  Sample 28...
Starting computation...
    Writing took     2.450869 ms
    Computation took 188.368231 ms
    Reading took     92.730000 us
  Sample 29...
Starting computation...
    Writing took     2.422863 ms
    Computation took 188.401370 ms
    Reading took     50.613000 us
  Sample 30...
Starting computation...
    Writing took     1.197757 ms
    Computation took 188.366816 ms
    Reading took     52.302000 us
  Sample 31...
Starting computation...
    Writing took     1.204320 ms
    Computation took 188.338935 ms
    Reading took     46.737000 us
  Sample 32...
Starting computation...
    Writing took     1.073041 ms
    Computation took 188.322030 ms
    Reading took     53.796000 us
  Sample 33...
Starting computation...
    Writing took     1.225888 ms
    Computation took 188.344473 ms
    Reading took     48.277000 us
  Sample 34...
Starting computation...
    Writing took     1.125926 ms
    Computation took 188.314904 ms
    Reading took     48.842000 us
  Sample 35...
Starting computation...
    Writing took     1.190022 ms
    Computation took 188.354611 ms
    Reading took     47.371000 us
  Sample 36...
Starting computation...
    Writing took     1.220947 ms
    Computation took 188.308564 ms
    Reading took     48.901000 us
  Sample 37...
Starting computation...
    Writing took     1.128624 ms
    Computation took 188.315370 ms
    Reading took     52.593000 us
  Sample 38...
Starting computation...
    Writing took     1.144247 ms
    Computation took 188.292240 ms
    Reading took     48.290000 us
  Sample 39...
Starting computation...
    Writing took     1.114270 ms
    Computation took 188.322148 ms
    Reading took     63.235000 us
  Sample 40...
Starting computation...
    Writing took     1.593747 ms
    Computation took 188.328975 ms
    Reading took     61.816000 us
  Sample 41...
Starting computation...
    Writing took     1.549226 ms
    Computation took 188.329927 ms
    Reading took     59.960000 us
  Sample 42...
Starting computation...
    Writing took     1.544133 ms
    Computation took 188.293369 ms
    Reading took     46.124000 us
  Sample 43...
Starting computation...
    Writing took     1.070944 ms
    Computation took 188.353566 ms
    Reading took     48.302000 us
  Sample 44...
Starting computation...
    Writing took     1.130937 ms
    Computation took 188.317987 ms
    Reading took     46.017000 us
  Sample 45...
Starting computation...
    Writing took     1.072460 ms
    Computation took 188.394658 ms
    Reading took     98.795000 us
  Sample 46...
Starting computation...
    Writing took     2.643499 ms
    Computation took 188.429775 ms
    Reading took     65.211000 us
  Sample 47...
Starting computation...
    Writing took     1.568697 ms
    Computation took 188.398278 ms
    Reading took     101.723000 us
  Sample 48...
Starting computation...
    Writing took     2.692377 ms
    Computation took 188.405983 ms
    Reading took     66.831000 us
  Sample 49...
Starting computation...
    Writing took     1.548862 ms
    Computation took 188.345731 ms
    Reading took     52.571000 us
  Sample 50...
Starting computation...
    Writing took     1.282274 ms
    Computation took 188.369297 ms
    Reading took     55.440000 us
  Sample 51...
Starting computation...
    Writing took     1.293964 ms
    Computation took 188.327669 ms
    Reading took     49.818000 us
  Sample 52...
Starting computation...
    Writing took     1.287977 ms
    Computation took 188.291035 ms
    Reading took     51.535000 us
  Sample 53...
Starting computation...
    Writing took     1.230856 ms
    Computation took 188.328723 ms
    Reading took     55.300000 us
  Sample 54...
Starting computation...
    Writing took     1.374500 ms
    Computation took 188.400131 ms
    Reading took     56.556000 us
  Sample 55...
Starting computation...
    Writing took     1.349934 ms
    Computation took 188.298560 ms
    Reading took     54.263000 us
  Sample 56...
Starting computation...
    Writing took     1.338772 ms
    Computation took 188.362522 ms
    Reading took     55.985000 us
  Sample 57...
Starting computation...
    Writing took     1.305661 ms
    Computation took 188.364311 ms
    Reading took     51.280000 us
  Sample 58...
Starting computation...
    Writing took     1.237181 ms
    Computation took 188.330215 ms
    Reading took     45.720000 us
  Sample 59...
Starting computation...
    Writing took     1.250636 ms
    Computation took 188.371578 ms
    Reading took     56.132000 us
  Sample 60...
Starting computation...
    Writing took     1.335799 ms
    Computation took 188.386487 ms
    Reading took     54.317000 us
  Sample 61...
Starting computation...
    Writing took     1.343057 ms
    Computation took 188.360387 ms
    Reading took     52.681000 us
  Sample 62...
Starting computation...
    Writing took     1.311689 ms
    Computation took 188.374151 ms
    Reading took     52.373000 us
  Sample 63...
Starting computation...
    Writing took     1.237875 ms
    Computation took 188.411506 ms
    Reading took     54.834000 us
  Sample 64...
Starting computation...
    Writing took     1.341256 ms
    Computation took 188.286141 ms
    Reading took     54.595000 us
  Sample 65...
Starting computation...
    Writing took     1.340009 ms
    Computation took 188.359020 ms
    Reading took     79.590000 us
  Sample 66...
Starting computation...
    Writing took     2.119709 ms
    Computation took 188.370026 ms
    Reading took     45.860000 us
  Sample 67...
Starting computation...
    Writing took     1.105314 ms
    Computation took 188.321402 ms
    Reading took     43.614000 us
  Sample 68...
Starting computation...
    Writing took     1.075602 ms
    Computation took 188.344673 ms
    Reading took     47.685000 us
  Sample 69...
Starting computation...
    Writing took     1.192373 ms
    Computation took 188.332320 ms
    Reading took     48.699000 us
  Sample 70...
Starting computation...
    Writing took     1.232291 ms
    Computation took 188.332760 ms
    Reading took     42.762000 us
  Sample 71...
Starting computation...
    Writing took     1.071243 ms
    Computation took 188.351065 ms
    Reading took     45.620000 us
  Sample 72...
Starting computation...
    Writing took     1.145784 ms
    Computation took 188.335759 ms
    Reading took     43.480000 us
  Sample 73...
Starting computation...
    Writing took     1.204815 ms
    Computation took 188.304704 ms
    Reading took     41.960000 us
  Sample 74...
Starting computation...
    Writing took     1.071004 ms
    Computation took 188.321426 ms
    Reading took     46.572000 us
  Sample 75...
Starting computation...
    Writing took     1.157237 ms
    Computation took 188.320035 ms
    Reading took     75.354000 us
  Sample 76...
Starting computation...
    Writing took     1.088302 ms
    Computation took 188.318795 ms
    Reading took     45.962000 us
  Sample 77...
Starting computation...
    Writing took     1.101593 ms
    Computation took 188.385432 ms
    Reading took     42.708000 us
  Sample 78...
Starting computation...
    Writing took     1.076075 ms
    Computation took 188.279203 ms
    Reading took     47.500000 us
  Sample 79...
Starting computation...
    Writing took     1.208195 ms
    Computation took 188.325469 ms
    Reading took     46.577000 us
  Sample 80...
Starting computation...
    Writing took     1.190014 ms
    Computation took 188.314997 ms
    Reading took     46.349000 us
  Sample 81...
Starting computation...
    Writing took     1.230939 ms
    Computation took 189.172906 ms
    Reading took     83.706000 us
  Sample 82...
Starting computation...
    Writing took     2.356583 ms
    Computation took 189.906214 ms
    Reading took     57.012000 us
  Sample 83...
Starting computation...
    Writing took     1.435475 ms
    Computation took 189.879868 ms
    Reading took     63.629000 us
  Sample 84...
Starting computation...
    Writing took     1.570471 ms
    Computation took 189.919277 ms
    Reading took     67.216000 us
  Sample 85...
Starting computation...
    Writing took     1.818001 ms
    Computation took 189.908602 ms
    Reading took     87.533000 us
  Sample 86...
Starting computation...
    Writing took     2.400282 ms
    Computation took 189.891490 ms
    Reading took     61.382000 us
  Sample 87...
Starting computation...
    Writing took     1.445213 ms
    Computation took 189.914959 ms
    Reading took     48.863000 us
  Sample 88...
Starting computation...
    Writing took     1.127898 ms
    Computation took 189.874510 ms
    Reading took     67.704000 us
  Sample 89...
Starting computation...
    Writing took     1.773765 ms
    Computation took 189.856381 ms
    Reading took     71.503000 us
  Sample 90...
Starting computation...
    Writing took     1.545035 ms
    Computation took 189.867935 ms
    Reading took     60.882000 us
  Sample 91...
Starting computation...
    Writing took     1.515817 ms
    Computation took 189.834094 ms
    Reading took     60.295000 us
  Sample 92...
Starting computation...
    Writing took     1.513620 ms
    Computation took 189.871681 ms
    Reading took     65.415000 us
  Sample 93...
Starting computation...
    Writing took     1.595006 ms
    Computation took 189.840723 ms
    Reading took     61.529000 us
  Sample 94...
Starting computation...
    Writing took     1.514337 ms
    Computation took 189.864328 ms
    Reading took     77.145000 us
  Sample 95...
Starting computation...
    Writing took     2.171844 ms
    Computation took 189.960400 ms
    Reading took     52.790000 us
  Sample 96...
Starting computation...
    Writing took     1.248007 ms
    Computation took 189.844480 ms
    Reading took     52.816000 us
  Sample 97...
Starting computation...
    Writing took     1.221445 ms
    Computation took 189.863363 ms
    Reading took     56.424000 us
  Sample 98...
Starting computation...
    Writing took     1.310358 ms
    Computation took 189.866388 ms
    Reading took     53.614000 us
  Sample 99...
Starting computation...
    Writing took     1.356059 ms
    Computation took 189.860168 ms
    Reading took     53.447000 us
Mean computation time: 188.628462 ms
Mean deviation: 461.139000 us (0.244469%)
Mean computation time (per hash): 9.927813 ms
Mean deviation (per hash): 24.270000 us
