Using device #0: CUDA Device 'GeForce GTX 1080 Ti'
  Sample 0...
Starting computation...
    Writing took     6.430441 ms
    Computation took 286.380631 ms
    Reading took     403.107000 us
  Sample 1...
Starting computation...
    Writing took     11.379943 ms
    Computation took 286.474481 ms
    Reading took     226.098000 us
  Sample 2...
Starting computation...
    Writing took     6.324184 ms
    Computation took 286.451304 ms
    Reading took     367.835000 us
  Sample 3...
Starting computation...
    Writing took     9.935449 ms
    Computation took 286.401184 ms
    Reading took     255.442000 us
  Sample 4...
Starting computation...
    Writing took     6.528679 ms
    Computation took 286.411950 ms
    Reading took     235.220000 us
  Sample 5...
Starting computation...
    Writing took     6.490267 ms
    Computation took 286.422053 ms
    Reading took     235.810000 us
  Sample 6...
Starting computation...
    Writing took     6.532488 ms
    Computation took 287.478895 ms
    Reading took     223.453000 us
  Sample 7...
Starting computation...
    Writing took     6.067697 ms
    Computation took 288.572450 ms
    Reading took     206.540000 us
  Sample 8...
Starting computation...
    Writing took     5.631206 ms
    Computation took 287.769919 ms
    Reading took     328.862000 us
  Sample 9...
Starting computation...
    Writing took     7.322438 ms
    Computation took 287.053673 ms
    Reading took     245.633000 us
  Sample 10...
Starting computation...
    Writing took     6.513062 ms
    Computation took 287.426813 ms
    Reading took     235.148000 us
  Sample 11...
Starting computation...
    Writing took     6.546365 ms
    Computation took 286.937644 ms
    Reading took     247.680000 us
  Sample 12...
Starting computation...
    Writing took     6.316210 ms
    Computation took 286.892001 ms
    Reading took     227.325000 us
  Sample 13...
Starting computation...
    Writing took     6.367967 ms
    Computation took 287.550148 ms
    Reading took     251.503000 us
  Sample 14...
Starting computation...
    Writing took     6.410665 ms
    Computation took 288.602319 ms
    Reading took     256.351000 us
  Sample 15...
Starting computation...
    Writing took     7.145810 ms
    Computation took 287.717852 ms
    Reading took     254.624000 us
  Sample 16...
Starting computation...
    Writing took     7.133071 ms
    Computation took 287.500327 ms
    Reading took     228.789000 us
  Sample 17...
Starting computation...
    Writing took     6.319387 ms
    Computation took 286.840622 ms
    Reading took     235.690000 us
  Sample 18...
Starting computation...
    Writing took     6.535120 ms
    Computation took 286.556847 ms
    Reading took     294.600000 us
  Sample 19...
Starting computation...
    Writing took     6.321749 ms
    Computation took 286.865164 ms
    Reading took     214.374000 us
  Sample 20...
Starting computation...
    Writing took     5.976592 ms
    Computation took 286.963408 ms
    Reading took     249.820000 us
  Sample 21...
Starting computation...
    Writing took     6.306492 ms
    Computation took 286.830986 ms
    Reading took     213.265000 us
  Sample 22...
Starting computation...
    Writing took     5.786133 ms
    Computation took 289.062607 ms
    Reading took     245.937000 us
  Sample 23...
Starting computation...
    Writing took     6.357734 ms
    Computation took 293.601369 ms
    Reading took     223.175000 us
  Sample 24...
Starting computation...
    Writing took     6.186488 ms
    Computation took 292.740151 ms
    Reading took     233.710000 us
  Sample 25...
Starting computation...
    Writing took     6.539308 ms
    Computation took 290.075050 ms
    Reading took     237.398000 us
  Sample 26...
Starting computation...
    Writing took     6.518429 ms
    Computation took 289.498899 ms
    Reading took     227.685000 us
  Sample 27...
Starting computation...
    Writing took     6.249750 ms
    Computation took 288.240105 ms
    Reading took     387.497000 us
  Sample 28...
Starting computation...
    Writing took     10.800856 ms
    Computation took 287.723292 ms
    Reading took     342.674000 us
  Sample 29...
Starting computation...
    Writing took     10.742513 ms
    Computation took 286.613087 ms
    Reading took     222.323000 us
  Sample 30...
Starting computation...
    Writing took     6.038383 ms
    Computation took 287.030455 ms
    Reading took     237.630000 us
  Sample 31...
Starting computation...
    Writing took     6.565471 ms
    Computation took 287.820123 ms
    Reading took     233.908000 us
  Sample 32...
Starting computation...
    Writing took     6.575629 ms
    Computation took 289.656616 ms
    Reading took     227.320000 us
  Sample 33...
Starting computation...
    Writing took     6.358496 ms
    Computation took 289.408458 ms
    Reading took     237.777000 us
  Sample 34...
Starting computation...
    Writing took     6.302142 ms
    Computation took 288.734380 ms
    Reading took     254.105000 us
  Sample 35...
Starting computation...
    Writing took     6.613520 ms
    Computation took 288.651650 ms
    Reading took     227.750000 us
  Sample 36...
Starting computation...
    Writing took     6.430862 ms
    Computation took 287.658102 ms
    Reading took     235.738000 us
  Sample 37...
Starting computation...
    Writing took     6.482360 ms
    Computation took 287.342252 ms
    Reading took     298.450000 us
  Sample 38...
Starting computation...
    Writing took     9.610650 ms
    Computation took 286.994796 ms
    Reading took     236.417000 us
  Sample 39...
Starting computation...
    Writing took     6.501100 ms
    Computation took 287.138455 ms
    Reading took     222.751000 us
  Sample 40...
Starting computation...
    Writing took     6.274860 ms
    Computation took 287.934193 ms
    Reading took     238.718000 us
  Sample 41...
Starting computation...
    Writing took     6.518689 ms
    Computation took 288.917804 ms
    Reading took     234.703000 us
  Sample 42...
Starting computation...
    Writing took     6.507457 ms
    Computation took 287.850300 ms
    Reading took     412.993000 us
  Sample 43...
Starting computation...
    Writing took     8.929384 ms
    Computation took 287.842526 ms
    Reading took     228.013000 us
  Sample 44...
Starting computation...
    Writing took     7.379830 ms
    Computation took 287.510358 ms
    Reading took     235.194000 us
  Sample 45...
Starting computation...
    Writing took     6.543600 ms
    Computation took 286.931675 ms
    Reading took     269.359000 us
  Sample 46...
Starting computation...
    Writing took     7.145604 ms
    Computation took 286.564234 ms
    Reading took     265.729000 us
  Sample 47...
Starting computation...
    Writing took     7.025620 ms
    Computation took 286.780507 ms
    Reading took     237.083000 us
  Sample 48...
Starting computation...
    Writing took     5.971922 ms
    Computation took 286.967392 ms
    Reading took     226.890000 us
  Sample 49...
Starting computation...
    Writing took     5.877118 ms
    Computation took 287.758364 ms
    Reading took     232.919000 us
  Sample 50...
Starting computation...
    Writing took     6.211311 ms
    Computation took 287.142936 ms
    Reading took     242.559000 us
  Sample 51...
Starting computation...
    Writing took     6.129601 ms
    Computation took 287.164940 ms
    Reading took     460.573000 us
  Sample 52...
Starting computation...
    Writing took     13.644728 ms
    Computation took 286.845235 ms
    Reading took     282.307000 us
  Sample 53...
Starting computation...
    Writing took     7.133704 ms
    Computation took 286.845725 ms
    Reading took     269.892000 us
  Sample 54...
Starting computation...
    Writing took     7.175135 ms
    Computation took 286.685705 ms
    Reading took     269.704000 us
  Sample 55...
Starting computation...
    Writing took     7.115867 ms
    Computation took 287.352217 ms
    Reading took     464.446000 us
  Sample 56...
Starting computation...
    Writing took     13.308367 ms
    Computation took 292.208289 ms
    Reading took     249.030000 us
  Sample 57...
Starting computation...
    Writing took     6.528863 ms
    Computation took 299.576979 ms
    Reading took     352.924000 us
  Sample 58...
Starting computation...
    Writing took     7.269324 ms
    Computation took 302.532425 ms
    Reading took     243.346000 us
  Sample 59...
Starting computation...
    Writing took     6.313398 ms
    Computation took 300.204193 ms
    Reading took     249.911000 us
  Sample 60...
Starting computation...
    Writing took     6.548633 ms
    Computation took 303.081833 ms
    Reading took     264.104000 us
  Sample 61...
Starting computation...
    Writing took     6.786368 ms
    Computation took 307.071000 ms
    Reading took     251.195000 us
  Sample 62...
Starting computation...
    Writing took     6.639293 ms
    Computation took 307.079988 ms
    Reading took     236.618000 us
  Sample 63...
Starting computation...
    Writing took     6.186505 ms
    Computation took 306.890124 ms
    Reading took     251.284000 us
  Sample 64...
Starting computation...
    Writing took     6.555847 ms
    Computation took 306.281857 ms
    Reading took     251.194000 us
  Sample 65...
Starting computation...
    Writing took     6.361946 ms
    Computation took 303.096220 ms
    Reading took     241.127000 us
  Sample 66...
Starting computation...
    Writing took     6.420216 ms
    Computation took 297.593947 ms
    Reading took     243.837000 us
  Sample 67...
Starting computation...
    Writing took     6.399638 ms
    Computation took 296.307091 ms
    Reading took     252.680000 us
  Sample 68...
Starting computation...
    Writing took     6.683726 ms
    Computation took 294.624033 ms
    Reading took     261.170000 us
  Sample 69...
Starting computation...
    Writing took     6.536152 ms
    Computation took 292.387821 ms
    Reading took     250.590000 us
  Sample 70...
Starting computation...
    Writing took     6.559534 ms
    Computation took 291.330870 ms
    Reading took     274.833000 us
  Sample 71...
Starting computation...
    Writing took     6.408098 ms
    Computation took 289.622158 ms
    Reading took     229.633000 us
  Sample 72...
Starting computation...
    Writing took     5.874951 ms
    Computation took 289.600640 ms
    Reading took     234.516000 us
  Sample 73...
Starting computation...
    Writing took     6.097970 ms
    Computation took 288.532388 ms
    Reading took     258.012000 us
  Sample 74...
Starting computation...
    Writing took     6.532495 ms
    Computation took 287.606517 ms
    Reading took     252.072000 us
  Sample 75...
Starting computation...
    Writing took     6.738053 ms
    Computation took 286.867488 ms
    Reading took     241.483000 us
  Sample 76...
Starting computation...
    Writing took     6.338507 ms
    Computation took 287.335671 ms
    Reading took     253.981000 us
  Sample 77...
Starting computation...
    Writing took     6.585470 ms
    Computation took 287.153253 ms
    Reading took     236.456000 us
  Sample 78...
Starting computation...
    Writing took     6.103643 ms
    Computation took 287.110956 ms
    Reading took     249.906000 us
  Sample 79...
Starting computation...
    Writing took     7.070495 ms
    Computation took 287.458670 ms
    Reading took     253.120000 us
  Sample 80...
Starting computation...
    Writing took     7.138908 ms
    Computation took 288.033173 ms
    Reading took     255.851000 us
  Sample 81...
Starting computation...
    Writing took     6.541280 ms
    Computation took 287.426804 ms
    Reading took     249.816000 us
  Sample 82...
Starting computation...
    Writing took     6.605083 ms
    Computation took 287.201349 ms
    Reading took     243.935000 us
  Sample 83...
Starting computation...
    Writing took     6.332087 ms
    Computation took 286.803911 ms
    Reading took     296.951000 us
  Sample 84...
Starting computation...
    Writing took     7.252791 ms
    Computation took 286.679342 ms
    Reading took     253.619000 us
  Sample 85...
Starting computation...
    Writing took     6.554017 ms
    Computation took 286.724171 ms
    Reading took     426.535000 us
  Sample 86...
Starting computation...
    Writing took     12.201808 ms
    Computation took 287.051467 ms
    Reading took     257.824000 us
  Sample 87...
Starting computation...
    Writing took     6.568590 ms
    Computation took 286.880134 ms
    Reading took     234.399000 us
  Sample 88...
Starting computation...
    Writing took     6.178213 ms
    Computation took 288.293194 ms
    Reading took     251.919000 us
  Sample 89...
Starting computation...
    Writing took     6.629396 ms
    Computation took 290.957768 ms
    Reading took     282.072000 us
  Sample 90...
Starting computation...
    Writing took     6.374802 ms
    Computation took 289.864583 ms
    Reading took     234.979000 us
  Sample 91...
Starting computation...
    Writing took     6.142763 ms
    Computation took 288.656711 ms
    Reading took     236.286000 us
  Sample 92...
Starting computation...
    Writing took     6.146774 ms
    Computation took 288.935027 ms
    Reading took     229.015000 us
  Sample 93...
Starting computation...
    Writing took     5.958295 ms
    Computation took 287.690055 ms
    Reading took     223.508000 us
  Sample 94...
Starting computation...
    Writing took     5.830110 ms
    Computation took 287.534379 ms
    Reading took     229.936000 us
  Sample 95...
Starting computation...
    Writing took     5.941267 ms
    Computation took 287.084425 ms
    Reading took     263.258000 us
  Sample 96...
Starting computation...
    Writing took     6.217480 ms
    Computation took 287.533145 ms
    Reading took     289.355000 us
  Sample 97...
Starting computation...
    Writing took     6.844977 ms
    Computation took 287.730986 ms
    Reading took     249.524000 us
  Sample 98...
Starting computation...
    Writing took     6.542368 ms
    Computation took 287.601299 ms
    Reading took     305.007000 us
  Sample 99...
Starting computation...
    Writing took     8.243000 ms
    Computation took 286.731017 ms
    Reading took     269.891000 us
Mean computation time: 289.581519 ms
Mean deviation: 3.320200 ms (1.14655%)
Mean computation time (per hash): 3.290698 ms
Mean deviation (per hash): 37.729000 us
