Using device #0: CUDA Device 'GeForce GTX 1080 Ti'
  Sample 0...
Starting computation...
    Writing took     1.205352 ms
    Computation took 187.882874 ms
    Reading took     56.360000 us
  Sample 1...
Starting computation...
    Writing took     1.274833 ms
    Computation took 187.798740 ms
    Reading took     43.880000 us
  Sample 2...
Starting computation...
    Writing took     1.146880 ms
    Computation took 187.838451 ms
    Reading took     47.926000 us
  Sample 3...
Starting computation...
    Writing took     1.177993 ms
    Computation took 187.825093 ms
    Reading took     47.583000 us
  Sample 4...
Starting computation...
    Writing took     1.173266 ms
    Computation took 187.848053 ms
    Reading took     44.793000 us
  Sample 5...
Starting computation...
    Writing took     1.096896 ms
    Computation took 187.797016 ms
    Reading took     42.718000 us
  Sample 6...
Starting computation...
    Writing took     1.063843 ms
    Computation took 187.860847 ms
    Reading took     43.666000 us
  Sample 7...
Starting computation...
    Writing took     1.135650 ms
    Computation took 187.834827 ms
    Reading took     40.901000 us
  Sample 8...
Starting computation...
    Writing took     1.026619 ms
    Computation took 187.838746 ms
    Reading took     51.973000 us
  Sample 9...
Starting computation...
    Writing took     1.278503 ms
    Computation took 187.843794 ms
    Reading took     50.854000 us
  Sample 10...
Starting computation...
    Writing took     1.286072 ms
    Computation took 187.891757 ms
    Reading took     51.552000 us
  Sample 11...
Starting computation...
    Writing took     1.280501 ms
    Computation took 187.848852 ms
    Reading took     50.475000 us
  Sample 12...
Starting computation...
    Writing took     1.280960 ms
    Computation took 187.856340 ms
    Reading took     41.323000 us
  Sample 13...
Starting computation...
    Writing took     1.032055 ms
    Computation took 187.825400 ms
    Reading took     44.063000 us
  Sample 14...
Starting computation...
    Writing took     1.071104 ms
    Computation took 187.864524 ms
    Reading took     41.749000 us
  Sample 15...
Starting computation...
    Writing took     997.388000 us
    Computation took 187.823100 ms
    Reading took     39.574000 us
  Sample 16...
Starting computation...
    Writing took     972.350000 us
    Computation took 187.857298 ms
    Reading took     38.655000 us
  Sample 17...
Starting computation...
    Writing took     958.563000 us
    Computation took 187.881205 ms
    Reading took     51.047000 us
  Sample 18...
Starting computation...
    Writing took     1.285464 ms
    Computation took 187.913667 ms
    Reading took     54.502000 us
  Sample 19...
Starting computation...
    Writing took     1.393375 ms
    Computation took 187.863397 ms
    Reading took     54.680000 us
  Sample 20...
Starting computation...
    Writing took     1.379842 ms
    Computation took 187.833456 ms
    Reading took     42.037000 us
  Sample 21...
Starting computation...
    Writing took     1.021023 ms
    Computation took 187.861023 ms
    Reading took     45.195000 us
  Sample 22...
Starting computation...
    Writing took     998.797000 us
    Computation took 187.846937 ms
    Reading took     38.330000 us
  Sample 23...
Starting computation...
    Writing took     957.280000 us
    Computation took 187.811252 ms
    Reading took     42.705000 us
  Sample 24...
Starting computation...
    Writing took     1.018385 ms
    Computation took 187.883961 ms
    Reading took     88.373000 us
  Sample 25...
Starting computation...
    Writing took     2.408271 ms
    Computation took 187.838892 ms
    Reading took     51.045000 us
  Sample 26...
Starting computation...
    Writing took     1.348991 ms
    Computation took 187.842039 ms
    Reading took     54.718000 us
  Sample 27...
Starting computation...
    Writing took     1.382167 ms
    Computation took 187.889070 ms
    Reading took     44.302000 us
  Sample 28...
Starting computation...
    Writing took     1.171174 ms
    Computation took 187.826670 ms
    Reading took     42.207000 us
  Sample 29...
Starting computation...
    Writing took     1.064295 ms
    Computation took 187.832067 ms
    Reading took     45.699000 us
  Sample 30...
Starting computation...
    Writing took     1.101040 ms
    Computation took 187.868851 ms
    Reading took     85.673000 us
  Sample 31...
Starting computation...
    Writing took     2.335438 ms
    Computation took 187.932026 ms
    Reading took     55.553000 us
  Sample 32...
Starting computation...
    Writing took     1.400990 ms
    Computation took 187.840177 ms
    Reading took     54.295000 us
  Sample 33...
Starting computation...
    Writing took     1.390333 ms
    Computation took 187.848854 ms
    Reading took     54.711000 us
  Sample 34...
Starting computation...
    Writing took     1.421702 ms
    Computation took 187.861911 ms
    Reading took     43.962000 us
  Sample 35...
Starting computation...
    Writing took     1.065306 ms
    Computation took 187.865935 ms
    Reading took     39.857000 us
  Sample 36...
Starting computation...
    Writing took     962.238000 us
    Computation took 187.829340 ms
    Reading took     36.915000 us
  Sample 37...
Starting computation...
    Writing took     964.540000 us
    Computation took 187.846553 ms
    Reading took     38.714000 us
  Sample 38...
Starting computation...
    Writing took     963.303000 us
    Computation took 187.799454 ms
    Reading took     37.636000 us
  Sample 39...
Starting computation...
    Writing took     958.654000 us
    Computation took 187.816067 ms
    Reading took     42.708000 us
  Sample 40...
Starting computation...
    Writing took     999.166000 us
    Computation took 187.869497 ms
    Reading took     42.203000 us
  Sample 41...
Starting computation...
    Writing took     994.646000 us
    Computation took 187.847927 ms
    Reading took     37.384000 us
  Sample 42...
Starting computation...
    Writing took     962.606000 us
    Computation took 187.844376 ms
    Reading took     43.861000 us
  Sample 43...
Starting computation...
    Writing took     1.077033 ms
    Computation took 187.822913 ms
    Reading took     41.452000 us
  Sample 44...
Starting computation...
    Writing took     998.455000 us
    Computation took 187.875394 ms
    Reading took     52.033000 us
  Sample 45...
Starting computation...
    Writing took     1.510228 ms
    Computation took 187.897913 ms
    Reading took     43.363000 us
  Sample 46...
Starting computation...
    Writing took     1.126538 ms
    Computation took 187.859001 ms
    Reading took     44.654000 us
  Sample 47...
Starting computation...
    Writing took     1.086466 ms
    Computation took 187.829485 ms
    Reading took     42.750000 us
  Sample 48...
Starting computation...
    Writing took     1.067646 ms
    Computation took 187.857178 ms
    Reading took     41.559000 us
  Sample 49...
Starting computation...
    Writing took     994.513000 us
    Computation took 187.875656 ms
    Reading took     42.441000 us
  Sample 50...
Starting computation...
    Writing took     1.036955 ms
    Computation took 187.828147 ms
    Reading took     48.040000 us
  Sample 51...
Starting computation...
    Writing took     1.179439 ms
    Computation took 187.891015 ms
    Reading took     84.208000 us
  Sample 52...
Starting computation...
    Writing took     2.182886 ms
    Computation took 187.836571 ms
    Reading took     41.925000 us
  Sample 53...
Starting computation...
    Writing took     1.013326 ms
    Computation took 187.805939 ms
    Reading took     41.868000 us
  Sample 54...
Starting computation...
    Writing took     958.291000 us
    Computation took 187.812451 ms
    Reading took     42.795000 us
  Sample 55...
Starting computation...
    Writing took     959.329000 us
    Computation took 187.862174 ms
    Reading took     53.726000 us
  Sample 56...
Starting computation...
    Writing took     1.295785 ms
    Computation took 187.908362 ms
    Reading took     44.193000 us
  Sample 57...
Starting computation...
    Writing took     1.931073 ms
    Computation took 187.925890 ms
    Reading took     52.829000 us
  Sample 58...
Starting computation...
    Writing took     1.296876 ms
    Computation took 187.873263 ms
    Reading took     52.987000 us
  Sample 59...
Starting computation...
    Writing took     1.328391 ms
    Computation took 187.928930 ms
    Reading took     52.866000 us
  Sample 60...
Starting computation...
    Writing took     1.295363 ms
    Computation took 187.873561 ms
    Reading took     54.940000 us
  Sample 61...
Starting computation...
    Writing took     1.292366 ms
    Computation took 187.871878 ms
    Reading took     53.004000 us
  Sample 62...
Starting computation...
    Writing took     1.294752 ms
    Computation took 187.913701 ms
    Reading took     54.026000 us
  Sample 63...
Starting computation...
    Writing took     1.303717 ms
    Computation took 187.920294 ms
    Reading took     57.218000 us
  Sample 64...
Starting computation...
    Writing took     1.302929 ms
    Computation took 187.856458 ms
    Reading took     52.607000 us
  Sample 65...
Starting computation...
    Writing took     1.297382 ms
    Computation took 187.900453 ms
    Reading took     54.225000 us
  Sample 66...
Starting computation...
    Writing took     1.322942 ms
    Computation took 187.875495 ms
    Reading took     44.810000 us
  Sample 67...
Starting computation...
    Writing took     1.016220 ms
    Computation took 187.821508 ms
    Reading took     43.641000 us
  Sample 68...
Starting computation...
    Writing took     1.014119 ms
    Computation took 187.889080 ms
    Reading took     47.021000 us
  Sample 69...
Starting computation...
    Writing took     1.135150 ms
    Computation took 187.882447 ms
    Reading took     51.030000 us
  Sample 70...
Starting computation...
    Writing took     1.087359 ms
    Computation took 187.842106 ms
    Reading took     45.024000 us
  Sample 71...
Starting computation...
    Writing took     958.262000 us
    Computation took 187.845776 ms
    Reading took     46.072000 us
  Sample 72...
Starting computation...
    Writing took     1.070678 ms
    Computation took 187.816580 ms
    Reading took     46.713000 us
  Sample 73...
Starting computation...
    Writing took     1.160181 ms
    Computation took 187.883679 ms
    Reading took     44.188000 us
  Sample 74...
Starting computation...
    Writing took     973.083000 us
    Computation took 187.826224 ms
    Reading took     41.167000 us
  Sample 75...
Starting computation...
    Writing took     959.424000 us
    Computation took 187.846593 ms
    Reading took     46.916000 us
  Sample 76...
Starting computation...
    Writing took     1.023652 ms
    Computation took 187.820753 ms
    Reading took     45.196000 us
  Sample 77...
Starting computation...
    Writing took     1.056231 ms
    Computation took 187.850800 ms
    Reading took     43.411000 us
  Sample 78...
Starting computation...
    Writing took     1.041008 ms
    Computation took 187.866003 ms
    Reading took     44.905000 us
  Sample 79...
Starting computation...
    Writing took     997.723000 us
    Computation took 187.836044 ms
    Reading took     45.506000 us
  Sample 80...
Starting computation...
    Writing took     1.051849 ms
    Computation took 187.858847 ms
    Reading took     47.547000 us
  Sample 81...
Starting computation...
    Writing took     1.074044 ms
    Computation took 187.842497 ms
    Reading took     51.179000 us
  Sample 82...
Starting computation...
    Writing took     1.185689 ms
    Computation took 187.863246 ms
    Reading took     47.399000 us
  Sample 83...
Starting computation...
    Writing took     1.117720 ms
    Computation took 187.850251 ms
    Reading took     46.462000 us
  Sample 84...
Starting computation...
    Writing took     1.113076 ms
    Computation took 187.868241 ms
    Reading took     47.098000 us
  Sample 85...
Starting computation...
    Writing took     1.117812 ms
    Computation took 187.869347 ms
    Reading took     43.722000 us
  Sample 86...
Starting computation...
    Writing took     1.134797 ms
    Computation took 187.839395 ms
    Reading took     47.945000 us
  Sample 87...
Starting computation...
    Writing took     1.024290 ms
    Computation took 187.844642 ms
    Reading took     45.185000 us
  Sample 88...
Starting computation...
    Writing took     1.023843 ms
    Computation took 187.885346 ms
    Reading took     100.022000 us
  Sample 89...
Starting computation...
    Writing took     2.754904 ms
    Computation took 187.919367 ms
    Reading took     90.278000 us
  Sample 90...
Starting computation...
    Writing took     2.455986 ms
    Computation took 187.940189 ms
    Reading took     58.787000 us
  Sample 91...
Starting computation...
    Writing took     1.404275 ms
    Computation took 187.840049 ms
    Reading took     51.936000 us
  Sample 92...
Starting computation...
    Writing took     1.277420 ms
    Computation took 187.870541 ms
    Reading took     53.191000 us
  Sample 93...
Starting computation...
    Writing took     1.300099 ms
    Computation took 187.886493 ms
    Reading took     58.696000 us
  Sample 94...
Starting computation...
    Writing took     1.297320 ms
    Computation took 187.850046 ms
    Reading took     52.580000 us
  Sample 95...
Starting computation...
    Writing took     1.294625 ms
    Computation took 189.563949 ms
    Reading took     60.449000 us
  Sample 96...
Starting computation...
    Writing took     2.528691 ms
    Computation took 187.904315 ms
    Reading took     55.978000 us
  Sample 97...
Starting computation...
    Writing took     1.400468 ms
    Computation took 187.939382 ms
    Reading took     59.249000 us
  Sample 98...
Starting computation...
    Writing took     1.388708 ms
    Computation took 189.543063 ms
    Reading took     84.424000 us
  Sample 99...
Starting computation...
    Writing took     2.346969 ms
    Computation took 189.347949 ms
    Reading took     51.845000 us
Mean computation time: 187.907871 ms
Mean deviation: 97.888000 us (0.0520936%)
Mean computation time (per hash): 11.053403 ms
Mean deviation (per hash): 5.757000 us
