Using device #0: CUDA Device 'GeForce GTX 1080 Ti'
  Sample 0...
Starting computation...
    Writing took     1.074496 ms
    Computation took 176.361726 ms
    Reading took     49.211000 us
  Sample 1...
Starting computation...
    Writing took     1.184676 ms
    Computation took 176.323030 ms
    Reading took     41.049000 us
  Sample 2...
Starting computation...
    Writing took     1.049635 ms
    Computation took 176.387117 ms
    Reading took     37.991000 us
  Sample 3...
Starting computation...
    Writing took     957.397000 us
    Computation took 176.189114 ms
    Reading took     41.708000 us
  Sample 4...
Starting computation...
    Writing took     1.050426 ms
    Computation took 176.380496 ms
    Reading took     41.058000 us
  Sample 5...
Starting computation...
    Writing took     1.057317 ms
    Computation took 176.238399 ms
    Reading took     51.060000 us
  Sample 6...
Starting computation...
    Writing took     1.276847 ms
    Computation took 176.343473 ms
    Reading took     50.242000 us
  Sample 7...
Starting computation...
    Writing took     1.297272 ms
    Computation took 176.404397 ms
    Reading took     49.850000 us
  Sample 8...
Starting computation...
    Writing took     1.279371 ms
    Computation took 176.364153 ms
    Reading took     49.121000 us
  Sample 9...
Starting computation...
    Writing took     1.270582 ms
    Computation took 176.363609 ms
    Reading took     72.018000 us
  Sample 10...
Starting computation...
    Writing took     2.192240 ms
    Computation took 176.288319 ms
    Reading took     81.908000 us
  Sample 11...
Starting computation...
    Writing took     2.167283 ms
    Computation took 176.432899 ms
    Reading took     50.438000 us
  Sample 12...
Starting computation...
    Writing took     1.280614 ms
    Computation took 176.394057 ms
    Reading took     49.383000 us
  Sample 13...
Starting computation...
    Writing took     1.282137 ms
    Computation took 176.449630 ms
    Reading took     49.736000 us
  Sample 14...
Starting computation...
    Writing took     1.260637 ms
    Computation took 176.155263 ms
    Reading took     48.384000 us
  Sample 15...
Starting computation...
    Writing took     1.253011 ms
    Computation took 176.341052 ms
    Reading took     39.913000 us
  Sample 16...
Starting computation...
    Writing took     998.935000 us
    Computation took 176.206146 ms
    Reading took     61.382000 us
  Sample 17...
Starting computation...
    Writing took     1.599027 ms
    Computation took 176.253412 ms
    Reading took     40.742000 us
  Sample 18...
Starting computation...
    Writing took     1.097319 ms
    Computation took 176.282428 ms
    Reading took     38.891000 us
  Sample 19...
Starting computation...
    Writing took     956.784000 us
    Computation took 176.189523 ms
    Reading took     38.619000 us
  Sample 20...
Starting computation...
    Writing took     959.439000 us
    Computation took 176.320502 ms
    Reading took     44.333000 us
  Sample 21...
Starting computation...
    Writing took     1.183938 ms
    Computation took 176.264062 ms
    Reading took     39.045000 us
  Sample 22...
Starting computation...
    Writing took     960.280000 us
    Computation took 176.248642 ms
    Reading took     54.389000 us
  Sample 23...
Starting computation...
    Writing took     1.385940 ms
    Computation took 176.304681 ms
    Reading took     72.300000 us
  Sample 24...
Starting computation...
    Writing took     1.402466 ms
    Computation took 176.245967 ms
    Reading took     50.957000 us
  Sample 25...
Starting computation...
    Writing took     1.350100 ms
    Computation took 176.341980 ms
    Reading took     51.000000 us
  Sample 26...
Starting computation...
    Writing took     1.363942 ms
    Computation took 176.345354 ms
    Reading took     40.453000 us
  Sample 27...
Starting computation...
    Writing took     1.020100 ms
    Computation took 176.212390 ms
    Reading took     42.782000 us
  Sample 28...
Starting computation...
    Writing took     1.065987 ms
    Computation took 176.174512 ms
    Reading took     39.468000 us
  Sample 29...
Starting computation...
    Writing took     1.056747 ms
    Computation took 176.229200 ms
    Reading took     41.116000 us
  Sample 30...
Starting computation...
    Writing took     1.027831 ms
    Computation took 176.208474 ms
    Reading took     64.494000 us
  Sample 31...
Starting computation...
    Writing took     1.871113 ms
    Computation took 176.277552 ms
    Reading took     53.070000 us
  Sample 32...
Starting computation...
    Writing took     1.387870 ms
    Computation took 176.359171 ms
    Reading took     53.425000 us
  Sample 33...
Starting computation...
    Writing took     1.399703 ms
    Computation took 176.230927 ms
    Reading took     58.784000 us
  Sample 34...
Starting computation...
    Writing took     1.369892 ms
    Computation took 176.271449 ms
    Reading took     42.941000 us
  Sample 35...
Starting computation...
    Writing took     1.052757 ms
    Computation took 176.193846 ms
    Reading took     43.397000 us
  Sample 36...
Starting computation...
    Writing took     1.206976 ms
    Computation took 176.334383 ms
    Reading took     40.827000 us
  Sample 37...
Starting computation...
    Writing took     1.024737 ms
    Computation took 176.350011 ms
    Reading took     42.352000 us
  Sample 38...
Starting computation...
    Writing took     1.030271 ms
    Computation took 176.175269 ms
    Reading took     38.839000 us
  Sample 39...
Starting computation...
    Writing took     1.016218 ms
    Computation took 176.163330 ms
    Reading took     40.043000 us
  Sample 40...
Starting computation...
    Writing took     994.912000 us
    Computation took 176.245866 ms
    Reading took     38.087000 us
  Sample 41...
Starting computation...
    Writing took     958.765000 us
    Computation took 176.220155 ms
    Reading took     41.461000 us
  Sample 42...
Starting computation...
    Writing took     1.085370 ms
    Computation took 176.117571 ms
    Reading took     43.751000 us
  Sample 43...
Starting computation...
    Writing took     1.099831 ms
    Computation took 176.281387 ms
    Reading took     45.134000 us
  Sample 44...
Starting computation...
    Writing took     1.101441 ms
    Computation took 176.123762 ms
    Reading took     45.165000 us
  Sample 45...
Starting computation...
    Writing took     1.185646 ms
    Computation took 176.258432 ms
    Reading took     44.355000 us
  Sample 46...
Starting computation...
    Writing took     1.103082 ms
    Computation took 176.369960 ms
    Reading took     42.037000 us
  Sample 47...
Starting computation...
    Writing took     1.062045 ms
    Computation took 176.303970 ms
    Reading took     44.081000 us
  Sample 48...
Starting computation...
    Writing took     1.124323 ms
    Computation took 176.250262 ms
    Reading took     46.109000 us
  Sample 49...
Starting computation...
    Writing took     1.134664 ms
    Computation took 176.200067 ms
    Reading took     40.871000 us
  Sample 50...
Starting computation...
    Writing took     997.177000 us
    Computation took 176.219365 ms
    Reading took     59.450000 us
  Sample 51...
Starting computation...
    Writing took     1.050420 ms
    Computation took 176.235215 ms
    Reading took     47.631000 us
  Sample 52...
Starting computation...
    Writing took     1.061243 ms
    Computation took 176.261160 ms
    Reading took     44.090000 us
  Sample 53...
Starting computation...
    Writing took     1.101713 ms
    Computation took 176.353809 ms
    Reading took     42.304000 us
  Sample 54...
Starting computation...
    Writing took     1.039991 ms
    Computation took 176.225071 ms
    Reading took     43.703000 us
  Sample 55...
Starting computation...
    Writing took     1.138558 ms
    Computation took 176.249414 ms
    Reading took     43.410000 us
  Sample 56...
Starting computation...
    Writing took     1.132020 ms
    Computation took 176.218463 ms
    Reading took     41.414000 us
  Sample 57...
Starting computation...
    Writing took     1.029617 ms
    Computation took 176.181484 ms
    Reading took     41.470000 us
  Sample 58...
Starting computation...
    Writing took     1.061003 ms
    Computation took 176.233808 ms
    Reading took     61.383000 us
  Sample 59...
Starting computation...
    Writing took     1.151079 ms
    Computation took 176.304734 ms
    Reading took     43.813000 us
  Sample 60...
Starting computation...
    Writing took     1.106017 ms
    Computation took 176.336919 ms
    Reading took     40.216000 us
  Sample 61...
Starting computation...
    Writing took     1.050998 ms
    Computation took 176.216788 ms
    Reading took     75.573000 us
  Sample 62...
Starting computation...
    Writing took     2.117864 ms
    Computation took 176.291467 ms
    Reading took     74.892000 us
  Sample 63...
Starting computation...
    Writing took     2.197950 ms
    Computation took 176.251470 ms
    Reading took     50.317000 us
  Sample 64...
Starting computation...
    Writing took     1.274552 ms
    Computation took 176.295368 ms
    Reading took     49.769000 us
  Sample 65...
Starting computation...
    Writing took     1.279608 ms
    Computation took 176.411044 ms
    Reading took     74.606000 us
  Sample 66...
Starting computation...
    Writing took     1.285242 ms
    Computation took 176.191221 ms
    Reading took     49.642000 us
  Sample 67...
Starting computation...
    Writing took     1.283736 ms
    Computation took 176.239065 ms
    Reading took     48.606000 us
  Sample 68...
Starting computation...
    Writing took     1.283805 ms
    Computation took 176.359157 ms
    Reading took     49.740000 us
  Sample 69...
Starting computation...
    Writing took     1.274468 ms
    Computation took 176.295137 ms
    Reading took     49.380000 us
  Sample 70...
Starting computation...
    Writing took     1.265303 ms
    Computation took 176.293246 ms
    Reading took     48.106000 us
  Sample 71...
Starting computation...
    Writing took     1.273829 ms
    Computation took 176.180068 ms
    Reading took     41.649000 us
  Sample 72...
Starting computation...
    Writing took     996.811000 us
    Computation took 176.141110 ms
    Reading took     79.911000 us
  Sample 73...
Starting computation...
    Writing took     2.137136 ms
    Computation took 176.249599 ms
    Reading took     43.466000 us
  Sample 74...
Starting computation...
    Writing took     1.063927 ms
    Computation took 176.160065 ms
    Reading took     39.721000 us
  Sample 75...
Starting computation...
    Writing took     1.008506 ms
    Computation took 176.120759 ms
    Reading took     76.489000 us
  Sample 76...
Starting computation...
    Writing took     1.074883 ms
    Computation took 176.207812 ms
    Reading took     40.070000 us
  Sample 77...
Starting computation...
    Writing took     993.475000 us
    Computation took 176.252609 ms
    Reading took     40.498000 us
  Sample 78...
Starting computation...
    Writing took     1.046402 ms
    Computation took 176.140035 ms
    Reading took     39.861000 us
  Sample 79...
Starting computation...
    Writing took     1.128236 ms
    Computation took 176.192923 ms
    Reading took     41.413000 us
  Sample 80...
Starting computation...
    Writing took     1.038744 ms
    Computation took 176.215845 ms
    Reading took     40.030000 us
  Sample 81...
Starting computation...
    Writing took     999.072000 us
    Computation took 176.295660 ms
    Reading took     59.046000 us
  Sample 82...
Starting computation...
    Writing took     1.047233 ms
    Computation took 176.354149 ms
    Reading took     39.997000 us
  Sample 83...
Starting computation...
    Writing took     979.265000 us
    Computation took 176.182839 ms
    Reading took     38.301000 us
  Sample 84...
Starting computation...
    Writing took     958.115000 us
    Computation took 176.293834 ms
    Reading took     58.761000 us
  Sample 85...
Starting computation...
    Writing took     1.385055 ms
    Computation took 176.306751 ms
    Reading took     50.387000 us
  Sample 86...
Starting computation...
    Writing took     1.349739 ms
    Computation took 176.187469 ms
    Reading took     53.404000 us
  Sample 87...
Starting computation...
    Writing took     1.404240 ms
    Computation took 176.274959 ms
    Reading took     52.703000 us
  Sample 88...
Starting computation...
    Writing took     1.371721 ms
    Computation took 176.256710 ms
    Reading took     39.958000 us
  Sample 89...
Starting computation...
    Writing took     970.423000 us
    Computation took 177.040259 ms
    Reading took     48.173000 us
  Sample 90...
Starting computation...
    Writing took     1.291324 ms
    Computation took 176.211176 ms
    Reading took     40.694000 us
  Sample 91...
Starting computation...
    Writing took     997.409000 us
    Computation took 176.166462 ms
    Reading took     40.278000 us
  Sample 92...
Starting computation...
    Writing took     988.713000 us
    Computation took 176.176062 ms
    Reading took     44.022000 us
  Sample 93...
Starting computation...
    Writing took     1.104318 ms
    Computation took 176.165961 ms
    Reading took     42.854000 us
  Sample 94...
Starting computation...
    Writing took     1.097276 ms
    Computation took 176.250404 ms
    Reading took     55.293000 us
  Sample 95...
Starting computation...
    Writing took     1.419694 ms
    Computation took 176.406039 ms
    Reading took     84.655000 us
  Sample 96...
Starting computation...
    Writing took     2.164038 ms
    Computation took 176.386113 ms
    Reading took     76.131000 us
  Sample 97...
Starting computation...
    Writing took     2.193662 ms
    Computation took 176.278686 ms
    Reading took     85.637000 us
  Sample 98...
Starting computation...
    Writing took     2.151656 ms
    Computation took 176.347134 ms
    Reading took     67.260000 us
  Sample 99...
Starting computation...
    Writing took     1.784036 ms
    Computation took 176.287529 ms
    Reading took     52.736000 us
Mean computation time: 176.273638 ms
Mean deviation: 72.072000 us (0.0408864%)
Mean computation time (per hash): 10.369037 ms
Mean deviation (per hash): 4.239000 us
