Using device #0: CUDA Device 'GeForce GTX 1080 Ti'
  Sample 0...
Starting computation...
    Writing took     8.300700 ms
    Computation took 297.425772 ms
    Reading took     266.187000 us
  Sample 1...
Starting computation...
    Writing took     7.369206 ms
    Computation took 297.237959 ms
    Reading took     237.289000 us
  Sample 2...
Starting computation...
    Writing took     7.056718 ms
    Computation took 297.209692 ms
    Reading took     224.111000 us
  Sample 3...
Starting computation...
    Writing took     6.773870 ms
    Computation took 297.317474 ms
    Reading took     231.816000 us
  Sample 4...
Starting computation...
    Writing took     6.591696 ms
    Computation took 297.144778 ms
    Reading took     425.403000 us
  Sample 5...
Starting computation...
    Writing took     8.946353 ms
    Computation took 297.144858 ms
    Reading took     239.574000 us
  Sample 6...
Starting computation...
    Writing took     6.771341 ms
    Computation took 297.396822 ms
    Reading took     255.454000 us
  Sample 7...
Starting computation...
    Writing took     8.546313 ms
    Computation took 297.602900 ms
    Reading took     242.943000 us
  Sample 8...
Starting computation...
    Writing took     6.757302 ms
    Computation took 297.275293 ms
    Reading took     239.720000 us
  Sample 9...
Starting computation...
    Writing took     6.737890 ms
    Computation took 297.137418 ms
    Reading took     241.280000 us
  Sample 10...
Starting computation...
    Writing took     6.739878 ms
    Computation took 297.431387 ms
    Reading took     327.447000 us
  Sample 11...
Starting computation...
    Writing took     7.183975 ms
    Computation took 297.351252 ms
    Reading took     293.457000 us
  Sample 12...
Starting computation...
    Writing took     8.444061 ms
    Computation took 297.347113 ms
    Reading took     234.426000 us
  Sample 13...
Starting computation...
    Writing took     6.310678 ms
    Computation took 297.206434 ms
    Reading took     367.274000 us
  Sample 14...
Starting computation...
    Writing took     11.315325 ms
    Computation took 297.660326 ms
    Reading took     257.763000 us
  Sample 15...
Starting computation...
    Writing took     6.857354 ms
    Computation took 297.358850 ms
    Reading took     257.799000 us
  Sample 16...
Starting computation...
    Writing took     6.841641 ms
    Computation took 297.263600 ms
    Reading took     294.983000 us
  Sample 17...
Starting computation...
    Writing took     9.898368 ms
    Computation took 297.396794 ms
    Reading took     329.898000 us
  Sample 18...
Starting computation...
    Writing took     7.753733 ms
    Computation took 297.204889 ms
    Reading took     255.046000 us
  Sample 19...
Starting computation...
    Writing took     6.605352 ms
    Computation took 297.432041 ms
    Reading took     278.913000 us
  Sample 20...
Starting computation...
    Writing took     7.872181 ms
    Computation took 297.674705 ms
    Reading took     367.954000 us
  Sample 21...
Starting computation...
    Writing took     9.181606 ms
    Computation took 297.213138 ms
    Reading took     257.230000 us
  Sample 22...
Starting computation...
    Writing took     6.802435 ms
    Computation took 297.168190 ms
    Reading took     260.984000 us
  Sample 23...
Starting computation...
    Writing took     6.806914 ms
    Computation took 297.285142 ms
    Reading took     255.641000 us
  Sample 24...
Starting computation...
    Writing took     6.541186 ms
    Computation took 297.590974 ms
    Reading took     258.705000 us
  Sample 25...
Starting computation...
    Writing took     6.837825 ms
    Computation took 297.195759 ms
    Reading took     258.060000 us
  Sample 26...
Starting computation...
    Writing took     6.849575 ms
    Computation took 297.317817 ms
    Reading took     255.080000 us
  Sample 27...
Starting computation...
    Writing took     6.869002 ms
    Computation took 297.413470 ms
    Reading took     258.326000 us
  Sample 28...
Starting computation...
    Writing took     6.872874 ms
    Computation took 297.428656 ms
    Reading took     254.217000 us
  Sample 29...
Starting computation...
    Writing took     6.824615 ms
    Computation took 297.322867 ms
    Reading took     266.958000 us
  Sample 30...
Starting computation...
    Writing took     6.781257 ms
    Computation took 297.536437 ms
    Reading took     260.377000 us
  Sample 31...
Starting computation...
    Writing took     6.791374 ms
    Computation took 297.059030 ms
    Reading took     248.140000 us
  Sample 32...
Starting computation...
    Writing took     6.518841 ms
    Computation took 297.236312 ms
    Reading took     255.580000 us
  Sample 33...
Starting computation...
    Writing took     7.466947 ms
    Computation took 297.875949 ms
    Reading took     258.570000 us
  Sample 34...
Starting computation...
    Writing took     6.844283 ms
    Computation took 297.620741 ms
    Reading took     256.481000 us
  Sample 35...
Starting computation...
    Writing took     6.821677 ms
    Computation took 297.343099 ms
    Reading took     265.655000 us
  Sample 36...
Starting computation...
    Writing took     6.819678 ms
    Computation took 297.327397 ms
    Reading took     242.275000 us
  Sample 37...
Starting computation...
    Writing took     6.269129 ms
    Computation took 297.335455 ms
    Reading took     419.029000 us
  Sample 38...
Starting computation...
    Writing took     11.154907 ms
    Computation took 297.271126 ms
    Reading took     248.616000 us
  Sample 39...
Starting computation...
    Writing took     6.622695 ms
    Computation took 297.835415 ms
    Reading took     257.601000 us
  Sample 40...
Starting computation...
    Writing took     6.815678 ms
    Computation took 297.831796 ms
    Reading took     257.513000 us
  Sample 41...
Starting computation...
    Writing took     6.854000 ms
    Computation took 297.611028 ms
    Reading took     257.263000 us
  Sample 42...
Starting computation...
    Writing took     6.819775 ms
    Computation took 297.385973 ms
    Reading took     287.900000 us
  Sample 43...
Starting computation...
    Writing took     7.384553 ms
    Computation took 297.782505 ms
    Reading took     306.474000 us
  Sample 44...
Starting computation...
    Writing took     7.857538 ms
    Computation took 297.527206 ms
    Reading took     256.548000 us
  Sample 45...
Starting computation...
    Writing took     6.840023 ms
    Computation took 298.275310 ms
    Reading took     264.660000 us
  Sample 46...
Starting computation...
    Writing took     7.529244 ms
    Computation took 299.058881 ms
    Reading took     271.636000 us
  Sample 47...
Starting computation...
    Writing took     7.853928 ms
    Computation took 298.974430 ms
    Reading took     221.745000 us
  Sample 48...
Starting computation...
    Writing took     6.143660 ms
    Computation took 298.767464 ms
    Reading took     240.117000 us
  Sample 49...
Starting computation...
    Writing took     6.831018 ms
    Computation took 299.312449 ms
    Reading took     233.672000 us
  Sample 50...
Starting computation...
    Writing took     6.647266 ms
    Computation took 300.245682 ms
    Reading took     224.109000 us
  Sample 51...
Starting computation...
    Writing took     6.254489 ms
    Computation took 299.608869 ms
    Reading took     227.989000 us
  Sample 52...
Starting computation...
    Writing took     6.315418 ms
    Computation took 298.666562 ms
    Reading took     204.435000 us
  Sample 53...
Starting computation...
    Writing took     5.715530 ms
    Computation took 299.086451 ms
    Reading took     204.206000 us
  Sample 54...
Starting computation...
    Writing took     5.592103 ms
    Computation took 299.982946 ms
    Reading took     216.763000 us
  Sample 55...
Starting computation...
    Writing took     6.053682 ms
    Computation took 301.871236 ms
    Reading took     242.910000 us
  Sample 56...
Starting computation...
    Writing took     7.863897 ms
    Computation took 304.406176 ms
    Reading took     235.738000 us
  Sample 57...
Starting computation...
    Writing took     5.628359 ms
    Computation took 305.104424 ms
    Reading took     298.573000 us
  Sample 58...
Starting computation...
    Writing took     9.572287 ms
    Computation took 303.940548 ms
    Reading took     256.309000 us
  Sample 59...
Starting computation...
    Writing took     6.781277 ms
    Computation took 301.887724 ms
    Reading took     256.582000 us
  Sample 60...
Starting computation...
    Writing took     7.655246 ms
    Computation took 300.912215 ms
    Reading took     266.187000 us
  Sample 61...
Starting computation...
    Writing took     6.916698 ms
    Computation took 300.037954 ms
    Reading took     258.385000 us
  Sample 62...
Starting computation...
    Writing took     14.475345 ms
    Computation took 298.659026 ms
    Reading took     259.578000 us
  Sample 63...
Starting computation...
    Writing took     7.910021 ms
    Computation took 298.475184 ms
    Reading took     263.008000 us
  Sample 64...
Starting computation...
    Writing took     6.677027 ms
    Computation took 298.815751 ms
    Reading took     262.593000 us
  Sample 65...
Starting computation...
    Writing took     6.812733 ms
    Computation took 298.741537 ms
    Reading took     260.470000 us
  Sample 66...
Starting computation...
    Writing took     6.305095 ms
    Computation took 298.807589 ms
    Reading took     256.529000 us
  Sample 67...
Starting computation...
    Writing took     6.865810 ms
    Computation took 299.119399 ms
    Reading took     258.484000 us
  Sample 68...
Starting computation...
    Writing took     6.832159 ms
    Computation took 299.079221 ms
    Reading took     302.226000 us
  Sample 69...
Starting computation...
    Writing took     7.830483 ms
    Computation took 300.190878 ms
    Reading took     281.778000 us
  Sample 70...
Starting computation...
    Writing took     7.391972 ms
    Computation took 300.043007 ms
    Reading took     227.205000 us
  Sample 71...
Starting computation...
    Writing took     6.451983 ms
    Computation took 299.510667 ms
    Reading took     233.294000 us
  Sample 72...
Starting computation...
    Writing took     6.611970 ms
    Computation took 300.327092 ms
    Reading took     233.840000 us
  Sample 73...
Starting computation...
    Writing took     6.529274 ms
    Computation took 300.426706 ms
    Reading took     360.251000 us
  Sample 74...
Starting computation...
    Writing took     7.384926 ms
    Computation took 298.428988 ms
    Reading took     246.481000 us
  Sample 75...
Starting computation...
    Writing took     7.610816 ms
    Computation took 298.948305 ms
    Reading took     212.170000 us
  Sample 76...
Starting computation...
    Writing took     5.673394 ms
    Computation took 300.230555 ms
    Reading took     302.650000 us
  Sample 77...
Starting computation...
    Writing took     8.534745 ms
    Computation took 300.091937 ms
    Reading took     255.402000 us
  Sample 78...
Starting computation...
    Writing took     6.775755 ms
    Computation took 299.944751 ms
    Reading took     394.889000 us
  Sample 79...
Starting computation...
    Writing took     6.987409 ms
    Computation took 300.341780 ms
    Reading took     259.983000 us
  Sample 80...
Starting computation...
    Writing took     6.807629 ms
    Computation took 299.801165 ms
    Reading took     254.932000 us
  Sample 81...
Starting computation...
    Writing took     6.956442 ms
    Computation took 300.673010 ms
    Reading took     271.682000 us
  Sample 82...
Starting computation...
    Writing took     7.683433 ms
    Computation took 300.932651 ms
    Reading took     260.511000 us
  Sample 83...
Starting computation...
    Writing took     7.487130 ms
    Computation took 300.830451 ms
    Reading took     212.537000 us
  Sample 84...
Starting computation...
    Writing took     6.349121 ms
    Computation took 300.689101 ms
    Reading took     313.450000 us
  Sample 85...
Starting computation...
    Writing took     9.736506 ms
    Computation took 301.058706 ms
    Reading took     250.633000 us
  Sample 86...
Starting computation...
    Writing took     6.793129 ms
    Computation took 300.496179 ms
    Reading took     208.086000 us
  Sample 87...
Starting computation...
    Writing took     5.643163 ms
    Computation took 300.652888 ms
    Reading took     271.670000 us
  Sample 88...
Starting computation...
    Writing took     7.364990 ms
    Computation took 301.123693 ms
    Reading took     270.329000 us
  Sample 89...
Starting computation...
    Writing took     6.774121 ms
    Computation took 301.132299 ms
    Reading took     217.562000 us
  Sample 90...
Starting computation...
    Writing took     6.046446 ms
    Computation took 301.658648 ms
    Reading took     225.199000 us
  Sample 91...
Starting computation...
    Writing took     6.230639 ms
    Computation took 301.512371 ms
    Reading took     233.293000 us
  Sample 92...
Starting computation...
    Writing took     6.486063 ms
    Computation took 300.479620 ms
    Reading took     259.369000 us
  Sample 93...
Starting computation...
    Writing took     6.731871 ms
    Computation took 300.504177 ms
    Reading took     250.758000 us
  Sample 94...
Starting computation...
    Writing took     6.746152 ms
    Computation took 300.588004 ms
    Reading took     243.030000 us
  Sample 95...
Starting computation...
    Writing took     7.298620 ms
    Computation took 300.168960 ms
    Reading took     241.592000 us
  Sample 96...
Starting computation...
    Writing took     7.095245 ms
    Computation took 299.870900 ms
    Reading took     256.451000 us
  Sample 97...
Starting computation...
    Writing took     6.869697 ms
    Computation took 300.559149 ms
    Reading took     249.385000 us
  Sample 98...
Starting computation...
    Writing took     6.585486 ms
    Computation took 300.820821 ms
    Reading took     256.920000 us
  Sample 99...
Starting computation...
    Writing took     6.726216 ms
    Computation took 300.277591 ms
    Reading took     254.685000 us
Mean computation time: 298.968879 ms
Mean deviation: 1.479335 ms (0.494812%)
Mean computation time (per hash): 3.321875 ms
Mean deviation (per hash): 16.437000 us
