Using device #0: CUDA Device 'GeForce GTX 1080 Ti'
  Sample 0...
Starting computation...
    Writing took     8.917284 ms
    Computation took 367.496882 ms
    Reading took     293.541000 us
  Sample 1...
Starting computation...
    Writing took     8.557371 ms
    Computation took 368.799544 ms
    Reading took     301.101000 us
  Sample 2...
Starting computation...
    Writing took     8.280435 ms
    Computation took 368.531436 ms
    Reading took     301.104000 us
  Sample 3...
Starting computation...
    Writing took     8.241137 ms
    Computation took 367.501901 ms
    Reading took     302.770000 us
  Sample 4...
Starting computation...
    Writing took     8.227249 ms
    Computation took 368.599603 ms
    Reading took     283.903000 us
  Sample 5...
Starting computation...
    Writing took     7.805989 ms
    Computation took 371.183936 ms
    Reading took     392.270000 us
  Sample 6...
Starting computation...
    Writing took     11.050058 ms
    Computation took 366.094963 ms
    Reading took     299.057000 us
  Sample 7...
Starting computation...
    Writing took     8.279448 ms
    Computation took 366.900866 ms
    Reading took     299.771000 us
  Sample 8...
Starting computation...
    Writing took     8.274418 ms
    Computation took 367.628370 ms
    Reading took     526.832000 us
  Sample 9...
Starting computation...
    Writing took     15.470497 ms
    Computation took 367.901291 ms
    Reading took     299.658000 us
  Sample 10...
Starting computation...
    Writing took     9.210492 ms
    Computation took 366.708902 ms
    Reading took     300.199000 us
  Sample 11...
Starting computation...
    Writing took     8.283444 ms
    Computation took 367.643442 ms
    Reading took     302.166000 us
  Sample 12...
Starting computation...
    Writing took     8.331017 ms
    Computation took 368.304291 ms
    Reading took     290.834000 us
  Sample 13...
Starting computation...
    Writing took     7.936050 ms
    Computation took 367.439253 ms
    Reading took     302.375000 us
  Sample 14...
Starting computation...
    Writing took     9.330371 ms
    Computation took 367.276137 ms
    Reading took     303.073000 us
  Sample 15...
Starting computation...
    Writing took     8.271446 ms
    Computation took 366.982966 ms
    Reading took     299.594000 us
  Sample 16...
Starting computation...
    Writing took     15.504597 ms
    Computation took 367.978838 ms
    Reading took     299.103000 us
  Sample 17...
Starting computation...
    Writing took     8.333215 ms
    Computation took 368.432190 ms
    Reading took     502.660000 us
  Sample 18...
Starting computation...
    Writing took     14.508153 ms
    Computation took 368.839342 ms
    Reading took     305.875000 us
  Sample 19...
Starting computation...
    Writing took     8.260181 ms
    Computation took 368.543772 ms
    Reading took     342.836000 us
  Sample 20...
Starting computation...
    Writing took     9.625535 ms
    Computation took 367.484001 ms
    Reading took     282.334000 us
  Sample 21...
Starting computation...
    Writing took     9.707536 ms
    Computation took 367.381597 ms
    Reading took     329.042000 us
  Sample 22...
Starting computation...
    Writing took     9.420753 ms
    Computation took 367.393367 ms
    Reading took     326.784000 us
  Sample 23...
Starting computation...
    Writing took     9.019136 ms
    Computation took 367.963879 ms
    Reading took     317.699000 us
  Sample 24...
Starting computation...
    Writing took     8.288289 ms
    Computation took 368.218481 ms
    Reading took     299.842000 us
  Sample 25...
Starting computation...
    Writing took     8.269396 ms
    Computation took 368.568486 ms
    Reading took     292.955000 us
  Sample 26...
Starting computation...
    Writing took     8.206271 ms
    Computation took 367.549371 ms
    Reading took     302.917000 us
  Sample 27...
Starting computation...
    Writing took     8.103769 ms
    Computation took 367.067052 ms
    Reading took     325.944000 us
  Sample 28...
Starting computation...
    Writing took     9.528271 ms
    Computation took 367.540225 ms
    Reading took     300.800000 us
  Sample 29...
Starting computation...
    Writing took     8.866507 ms
    Computation took 369.408669 ms
    Reading took     302.162000 us
  Sample 30...
Starting computation...
    Writing took     8.268965 ms
    Computation took 371.158059 ms
    Reading took     347.567000 us
  Sample 31...
Starting computation...
    Writing took     10.541586 ms
    Computation took 372.075074 ms
    Reading took     301.516000 us
  Sample 32...
Starting computation...
    Writing took     8.758406 ms
    Computation took 369.693856 ms
    Reading took     377.504000 us
  Sample 33...
Starting computation...
    Writing took     9.648032 ms
    Computation took 368.787991 ms
    Reading took     309.166000 us
  Sample 34...
Starting computation...
    Writing took     8.288385 ms
    Computation took 368.345743 ms
    Reading took     301.008000 us
  Sample 35...
Starting computation...
    Writing took     8.572160 ms
    Computation took 369.830389 ms
    Reading took     318.586000 us
  Sample 36...
Starting computation...
    Writing took     8.337776 ms
    Computation took 369.641968 ms
    Reading took     319.288000 us
  Sample 37...
Starting computation...
    Writing took     8.313775 ms
    Computation took 368.803993 ms
    Reading took     317.179000 us
  Sample 38...
Starting computation...
    Writing took     8.313779 ms
    Computation took 368.882348 ms
    Reading took     318.259000 us
  Sample 39...
Starting computation...
    Writing took     8.514931 ms
    Computation took 367.215651 ms
    Reading took     318.603000 us
  Sample 40...
Starting computation...
    Writing took     8.317216 ms
    Computation took 368.245331 ms
    Reading took     315.491000 us
  Sample 41...
Starting computation...
    Writing took     8.304916 ms
    Computation took 368.373362 ms
    Reading took     364.109000 us
  Sample 42...
Starting computation...
    Writing took     8.388604 ms
    Computation took 368.061140 ms
    Reading took     319.806000 us
  Sample 43...
Starting computation...
    Writing took     8.470693 ms
    Computation took 368.011902 ms
    Reading took     317.206000 us
  Sample 44...
Starting computation...
    Writing took     8.340127 ms
    Computation took 369.848676 ms
    Reading took     330.050000 us
  Sample 45...
Starting computation...
    Writing took     8.078762 ms
    Computation took 367.415787 ms
    Reading took     429.016000 us
  Sample 46...
Starting computation...
    Writing took     12.483465 ms
    Computation took 368.186837 ms
    Reading took     385.343000 us
  Sample 47...
Starting computation...
    Writing took     11.135135 ms
    Computation took 368.487042 ms
    Reading took     316.383000 us
  Sample 48...
Starting computation...
    Writing took     8.349064 ms
    Computation took 368.895590 ms
    Reading took     318.846000 us
  Sample 49...
Starting computation...
    Writing took     8.787003 ms
    Computation took 367.946314 ms
    Reading took     329.484000 us
  Sample 50...
Starting computation...
    Writing took     8.297258 ms
    Computation took 367.539475 ms
    Reading took     318.898000 us
  Sample 51...
Starting computation...
    Writing took     8.820132 ms
    Computation took 369.356861 ms
    Reading took     300.619000 us
  Sample 52...
Starting computation...
    Writing took     8.289785 ms
    Computation took 368.781110 ms
    Reading took     301.142000 us
  Sample 53...
Starting computation...
    Writing took     8.253078 ms
    Computation took 367.983508 ms
    Reading took     300.528000 us
  Sample 54...
Starting computation...
    Writing took     8.299641 ms
    Computation took 368.041631 ms
    Reading took     299.650000 us
  Sample 55...
Starting computation...
    Writing took     8.317229 ms
    Computation took 368.728570 ms
    Reading took     299.979000 us
  Sample 56...
Starting computation...
    Writing took     12.607789 ms
    Computation took 368.087039 ms
    Reading took     307.750000 us
  Sample 57...
Starting computation...
    Writing took     8.239662 ms
    Computation took 367.816635 ms
    Reading took     312.583000 us
  Sample 58...
Starting computation...
    Writing took     8.256178 ms
    Computation took 369.366215 ms
    Reading took     302.140000 us
  Sample 59...
Starting computation...
    Writing took     8.298001 ms
    Computation took 367.953111 ms
    Reading took     300.436000 us
  Sample 60...
Starting computation...
    Writing took     8.251224 ms
    Computation took 368.802377 ms
    Reading took     306.638000 us
  Sample 61...
Starting computation...
    Writing took     8.258898 ms
    Computation took 369.244957 ms
    Reading took     300.151000 us
  Sample 62...
Starting computation...
    Writing took     8.312933 ms
    Computation took 367.934569 ms
    Reading took     300.517000 us
  Sample 63...
Starting computation...
    Writing took     8.255468 ms
    Computation took 368.127315 ms
    Reading took     300.249000 us
  Sample 64...
Starting computation...
    Writing took     8.239317 ms
    Computation took 369.639136 ms
    Reading took     310.700000 us
  Sample 65...
Starting computation...
    Writing took     8.313461 ms
    Computation took 368.967171 ms
    Reading took     368.737000 us
  Sample 66...
Starting computation...
    Writing took     12.636848 ms
    Computation took 369.694486 ms
    Reading took     384.549000 us
  Sample 67...
Starting computation...
    Writing took     11.463413 ms
    Computation took 367.575112 ms
    Reading took     371.258000 us
  Sample 68...
Starting computation...
    Writing took     8.379253 ms
    Computation took 366.547785 ms
    Reading took     288.987000 us
  Sample 69...
Starting computation...
    Writing took     7.947346 ms
    Computation took 368.150930 ms
    Reading took     302.423000 us
  Sample 70...
Starting computation...
    Writing took     8.571345 ms
    Computation took 367.842951 ms
    Reading took     291.457000 us
  Sample 71...
Starting computation...
    Writing took     7.956596 ms
    Computation took 367.675150 ms
    Reading took     376.178000 us
  Sample 72...
Starting computation...
    Writing took     12.321669 ms
    Computation took 368.008892 ms
    Reading took     310.911000 us
  Sample 73...
Starting computation...
    Writing took     8.568707 ms
    Computation took 367.989411 ms
    Reading took     507.754000 us
  Sample 74...
Starting computation...
    Writing took     8.323084 ms
    Computation took 367.371622 ms
    Reading took     306.884000 us
  Sample 75...
Starting computation...
    Writing took     9.499624 ms
    Computation took 368.332426 ms
    Reading took     301.268000 us
  Sample 76...
Starting computation...
    Writing took     8.324626 ms
    Computation took 367.603262 ms
    Reading took     282.810000 us
  Sample 77...
Starting computation...
    Writing took     7.719707 ms
    Computation took 367.442483 ms
    Reading took     301.438000 us
  Sample 78...
Starting computation...
    Writing took     8.288435 ms
    Computation took 367.181603 ms
    Reading took     300.781000 us
  Sample 79...
Starting computation...
    Writing took     8.277161 ms
    Computation took 368.207345 ms
    Reading took     301.877000 us
  Sample 80...
Starting computation...
    Writing took     11.201576 ms
    Computation took 368.489323 ms
    Reading took     304.203000 us
  Sample 81...
Starting computation...
    Writing took     12.004752 ms
    Computation took 367.901993 ms
    Reading took     299.382000 us
  Sample 82...
Starting computation...
    Writing took     8.350959 ms
    Computation took 368.372262 ms
    Reading took     324.823000 us
  Sample 83...
Starting computation...
    Writing took     8.810791 ms
    Computation took 368.428936 ms
    Reading took     291.072000 us
  Sample 84...
Starting computation...
    Writing took     7.979426 ms
    Computation took 368.202825 ms
    Reading took     292.302000 us
  Sample 85...
Starting computation...
    Writing took     8.064255 ms
    Computation took 367.778734 ms
    Reading took     299.025000 us
  Sample 86...
Starting computation...
    Writing took     8.287446 ms
    Computation took 368.040163 ms
    Reading took     302.226000 us
  Sample 87...
Starting computation...
    Writing took     8.263545 ms
    Computation took 368.366372 ms
    Reading took     279.765000 us
  Sample 88...
Starting computation...
    Writing took     7.793509 ms
    Computation took 368.163178 ms
    Reading took     310.736000 us
  Sample 89...
Starting computation...
    Writing took     8.248423 ms
    Computation took 368.503816 ms
    Reading took     498.489000 us
  Sample 90...
Starting computation...
    Writing took     14.461637 ms
    Computation took 367.452637 ms
    Reading took     301.511000 us
  Sample 91...
Starting computation...
    Writing took     8.042919 ms
    Computation took 368.091855 ms
    Reading took     312.427000 us
  Sample 92...
Starting computation...
    Writing took     8.264270 ms
    Computation took 368.115923 ms
    Reading took     473.217000 us
  Sample 93...
Starting computation...
    Writing took     14.058106 ms
    Computation took 368.049375 ms
    Reading took     302.683000 us
  Sample 94...
Starting computation...
    Writing took     8.247921 ms
    Computation took 368.577118 ms
    Reading took     363.191000 us
  Sample 95...
Starting computation...
    Writing took     10.184189 ms
    Computation took 367.977685 ms
    Reading took     302.419000 us
  Sample 96...
Starting computation...
    Writing took     8.274812 ms
    Computation took 368.670309 ms
    Reading took     307.609000 us
  Sample 97...
Starting computation...
    Writing took     8.329208 ms
    Computation took 368.809130 ms
    Reading took     301.241000 us
  Sample 98...
Starting computation...
    Writing took     8.275577 ms
    Computation took 368.347196 ms
    Reading took     299.419000 us
  Sample 99...
Starting computation...
    Writing took     8.270166 ms
    Computation took 368.544043 ms
    Reading took     313.190000 us
Mean computation time: 368.261461 ms
Mean deviation: 656.286000 us (0.178212%)
Mean computation time (per hash): 3.288048 ms
Mean deviation (per hash): 5.859000 us
