Using device #0: CUDA Device 'GeForce GTX 1080 Ti'
  Sample 0...
Starting computation...
    Writing took     7.988015 ms
    Computation took 324.493287 ms
    Reading took     280.652000 us
  Sample 1...
Starting computation...
    Writing took     9.167571 ms
    Computation took 324.524603 ms
    Reading took     368.355000 us
  Sample 2...
Starting computation...
    Writing took     9.483847 ms
    Computation took 324.519403 ms
    Reading took     296.474000 us
  Sample 3...
Starting computation...
    Writing took     8.276803 ms
    Computation took 324.546479 ms
    Reading took     282.685000 us
  Sample 4...
Starting computation...
    Writing took     7.415762 ms
    Computation took 324.494880 ms
    Reading took     275.789000 us
  Sample 5...
Starting computation...
    Writing took     7.617909 ms
    Computation took 324.768538 ms
    Reading took     248.997000 us
  Sample 6...
Starting computation...
    Writing took     6.774097 ms
    Computation took 324.636635 ms
    Reading took     273.803000 us
  Sample 7...
Starting computation...
    Writing took     7.595908 ms
    Computation took 324.689176 ms
    Reading took     298.588000 us
  Sample 8...
Starting computation...
    Writing took     8.322483 ms
    Computation took 324.721059 ms
    Reading took     295.304000 us
  Sample 9...
Starting computation...
    Writing took     8.308892 ms
    Computation took 324.812210 ms
    Reading took     275.044000 us
  Sample 10...
Starting computation...
    Writing took     7.633796 ms
    Computation took 324.653273 ms
    Reading took     309.182000 us
  Sample 11...
Starting computation...
    Writing took     8.373485 ms
    Computation took 324.731863 ms
    Reading took     297.095000 us
  Sample 12...
Starting computation...
    Writing took     8.292501 ms
    Computation took 324.608914 ms
    Reading took     276.139000 us
  Sample 13...
Starting computation...
    Writing took     7.589267 ms
    Computation took 324.725198 ms
    Reading took     276.034000 us
  Sample 14...
Starting computation...
    Writing took     7.553078 ms
    Computation took 324.823034 ms
    Reading took     247.231000 us
  Sample 15...
Starting computation...
    Writing took     6.903224 ms
    Computation took 324.775458 ms
    Reading took     276.369000 us
  Sample 16...
Starting computation...
    Writing took     7.613844 ms
    Computation took 324.979236 ms
    Reading took     500.097000 us
  Sample 17...
Starting computation...
    Writing took     14.324598 ms
    Computation took 324.748970 ms
    Reading took     294.492000 us
  Sample 18...
Starting computation...
    Writing took     7.690842 ms
    Computation took 324.794522 ms
    Reading took     292.093000 us
  Sample 19...
Starting computation...
    Writing took     7.677150 ms
    Computation took 324.808971 ms
    Reading took     293.224000 us
  Sample 20...
Starting computation...
    Writing took     7.675652 ms
    Computation took 324.708227 ms
    Reading took     300.056000 us
  Sample 21...
Starting computation...
    Writing took     7.621590 ms
    Computation took 324.812918 ms
    Reading took     292.267000 us
  Sample 22...
Starting computation...
    Writing took     7.641257 ms
    Computation took 324.720042 ms
    Reading took     301.494000 us
  Sample 23...
Starting computation...
    Writing took     7.671112 ms
    Computation took 325.010158 ms
    Reading took     293.960000 us
  Sample 24...
Starting computation...
    Writing took     7.706121 ms
    Computation took 324.999664 ms
    Reading took     293.141000 us
  Sample 25...
Starting computation...
    Writing took     7.955082 ms
    Computation took 324.917259 ms
    Reading took     290.495000 us
  Sample 26...
Starting computation...
    Writing took     7.646814 ms
    Computation took 325.062920 ms
    Reading took     291.689000 us
  Sample 27...
Starting computation...
    Writing took     9.842709 ms
    Computation took 324.817505 ms
    Reading took     295.026000 us
  Sample 28...
Starting computation...
    Writing took     8.019213 ms
    Computation took 327.381553 ms
    Reading took     372.653000 us
  Sample 29...
Starting computation...
    Writing took     11.581842 ms
    Computation took 324.824901 ms
    Reading took     294.561000 us
  Sample 30...
Starting computation...
    Writing took     7.688024 ms
    Computation took 325.102989 ms
    Reading took     289.244000 us
  Sample 31...
Starting computation...
    Writing took     7.670210 ms
    Computation took 325.153378 ms
    Reading took     331.914000 us
  Sample 32...
Starting computation...
    Writing took     8.420054 ms
    Computation took 324.833097 ms
    Reading took     446.311000 us
  Sample 33...
Starting computation...
    Writing took     8.007625 ms
    Computation took 324.830719 ms
    Reading took     292.271000 us
  Sample 34...
Starting computation...
    Writing took     7.824051 ms
    Computation took 324.994887 ms
    Reading took     292.134000 us
  Sample 35...
Starting computation...
    Writing took     7.732984 ms
    Computation took 325.016134 ms
    Reading took     292.857000 us
  Sample 36...
Starting computation...
    Writing took     8.467101 ms
    Computation took 325.060127 ms
    Reading took     291.111000 us
  Sample 37...
Starting computation...
    Writing took     7.792839 ms
    Computation took 325.011009 ms
    Reading took     294.458000 us
  Sample 38...
Starting computation...
    Writing took     7.794479 ms
    Computation took 325.099715 ms
    Reading took     500.970000 us
  Sample 39...
Starting computation...
    Writing took     14.304393 ms
    Computation took 325.055895 ms
    Reading took     294.696000 us
  Sample 40...
Starting computation...
    Writing took     7.674929 ms
    Computation took 325.145891 ms
    Reading took     392.956000 us
  Sample 41...
Starting computation...
    Writing took     11.346854 ms
    Computation took 325.152387 ms
    Reading took     323.217000 us
  Sample 42...
Starting computation...
    Writing took     9.403394 ms
    Computation took 325.185922 ms
    Reading took     295.303000 us
  Sample 43...
Starting computation...
    Writing took     7.681765 ms
    Computation took 325.094969 ms
    Reading took     293.456000 us
  Sample 44...
Starting computation...
    Writing took     7.661360 ms
    Computation took 325.019572 ms
    Reading took     310.422000 us
  Sample 45...
Starting computation...
    Writing took     7.605024 ms
    Computation took 325.083291 ms
    Reading took     291.727000 us
  Sample 46...
Starting computation...
    Writing took     7.675681 ms
    Computation took 324.984167 ms
    Reading took     293.488000 us
  Sample 47...
Starting computation...
    Writing took     7.673464 ms
    Computation took 325.257798 ms
    Reading took     292.543000 us
  Sample 48...
Starting computation...
    Writing took     7.629260 ms
    Computation took 325.042555 ms
    Reading took     431.399000 us
  Sample 49...
Starting computation...
    Writing took     13.578250 ms
    Computation took 325.081428 ms
    Reading took     327.750000 us
  Sample 50...
Starting computation...
    Writing took     8.293825 ms
    Computation took 325.139091 ms
    Reading took     292.913000 us
  Sample 51...
Starting computation...
    Writing took     7.698980 ms
    Computation took 325.087970 ms
    Reading took     291.058000 us
  Sample 52...
Starting computation...
    Writing took     7.668528 ms
    Computation took 325.170261 ms
    Reading took     291.460000 us
  Sample 53...
Starting computation...
    Writing took     7.663356 ms
    Computation took 325.135471 ms
    Reading took     293.484000 us
  Sample 54...
Starting computation...
    Writing took     7.682900 ms
    Computation took 325.151261 ms
    Reading took     295.130000 us
  Sample 55...
Starting computation...
    Writing took     7.678435 ms
    Computation took 325.093315 ms
    Reading took     316.721000 us
  Sample 56...
Starting computation...
    Writing took     8.068556 ms
    Computation took 325.172757 ms
    Reading took     448.771000 us
  Sample 57...
Starting computation...
    Writing took     10.392277 ms
    Computation took 325.289826 ms
    Reading took     293.353000 us
  Sample 58...
Starting computation...
    Writing took     7.656383 ms
    Computation took 325.231790 ms
    Reading took     501.218000 us
  Sample 59...
Starting computation...
    Writing took     14.365251 ms
    Computation took 325.263094 ms
    Reading took     291.470000 us
  Sample 60...
Starting computation...
    Writing took     7.695703 ms
    Computation took 325.269842 ms
    Reading took     293.685000 us
  Sample 61...
Starting computation...
    Writing took     7.657654 ms
    Computation took 325.128049 ms
    Reading took     292.342000 us
  Sample 62...
Starting computation...
    Writing took     7.918986 ms
    Computation took 325.366422 ms
    Reading took     290.773000 us
  Sample 63...
Starting computation...
    Writing took     7.682661 ms
    Computation took 325.175141 ms
    Reading took     292.590000 us
  Sample 64...
Starting computation...
    Writing took     7.649875 ms
    Computation took 325.369902 ms
    Reading took     292.812000 us
  Sample 65...
Starting computation...
    Writing took     7.682050 ms
    Computation took 325.179772 ms
    Reading took     293.739000 us
  Sample 66...
Starting computation...
    Writing took     7.700034 ms
    Computation took 325.640522 ms
    Reading took     293.264000 us
  Sample 67...
Starting computation...
    Writing took     7.760086 ms
    Computation took 325.419009 ms
    Reading took     290.656000 us
  Sample 68...
Starting computation...
    Writing took     7.588907 ms
    Computation took 325.222103 ms
    Reading took     281.865000 us
  Sample 69...
Starting computation...
    Writing took     7.470474 ms
    Computation took 325.441775 ms
    Reading took     292.669000 us
  Sample 70...
Starting computation...
    Writing took     7.770676 ms
    Computation took 325.451858 ms
    Reading took     290.372000 us
  Sample 71...
Starting computation...
    Writing took     7.652993 ms
    Computation took 325.310587 ms
    Reading took     292.743000 us
  Sample 72...
Starting computation...
    Writing took     7.700402 ms
    Computation took 325.428885 ms
    Reading took     292.114000 us
  Sample 73...
Starting computation...
    Writing took     7.636273 ms
    Computation took 325.414114 ms
    Reading took     301.477000 us
  Sample 74...
Starting computation...
    Writing took     7.855894 ms
    Computation took 325.445719 ms
    Reading took     281.487000 us
  Sample 75...
Starting computation...
    Writing took     7.472752 ms
    Computation took 325.507948 ms
    Reading took     318.149000 us
  Sample 76...
Starting computation...
    Writing took     7.436941 ms
    Computation took 325.389614 ms
    Reading took     361.784000 us
  Sample 77...
Starting computation...
    Writing took     11.686471 ms
    Computation took 325.502709 ms
    Reading took     410.768000 us
  Sample 78...
Starting computation...
    Writing took     8.989328 ms
    Computation took 325.425871 ms
    Reading took     291.777000 us
  Sample 79...
Starting computation...
    Writing took     7.716164 ms
    Computation took 325.402913 ms
    Reading took     294.967000 us
  Sample 80...
Starting computation...
    Writing took     7.659848 ms
    Computation took 325.373101 ms
    Reading took     295.900000 us
  Sample 81...
Starting computation...
    Writing took     7.635342 ms
    Computation took 325.430491 ms
    Reading took     292.543000 us
  Sample 82...
Starting computation...
    Writing took     7.904686 ms
    Computation took 325.619484 ms
    Reading took     290.449000 us
  Sample 83...
Starting computation...
    Writing took     7.618412 ms
    Computation took 325.339235 ms
    Reading took     291.049000 us
  Sample 84...
Starting computation...
    Writing took     7.670322 ms
    Computation took 325.518239 ms
    Reading took     292.226000 us
  Sample 85...
Starting computation...
    Writing took     7.676483 ms
    Computation took 325.707558 ms
    Reading took     294.477000 us
  Sample 86...
Starting computation...
    Writing took     7.776471 ms
    Computation took 325.760271 ms
    Reading took     297.862000 us
  Sample 87...
Starting computation...
    Writing took     7.791166 ms
    Computation took 325.795473 ms
    Reading took     350.431000 us
  Sample 88...
Starting computation...
    Writing took     7.708786 ms
    Computation took 325.495868 ms
    Reading took     292.444000 us
  Sample 89...
Starting computation...
    Writing took     7.913756 ms
    Computation took 325.756618 ms
    Reading took     291.150000 us
  Sample 90...
Starting computation...
    Writing took     7.785537 ms
    Computation took 325.553969 ms
    Reading took     294.975000 us
  Sample 91...
Starting computation...
    Writing took     7.850183 ms
    Computation took 325.758882 ms
    Reading took     471.859000 us
  Sample 92...
Starting computation...
    Writing took     14.413197 ms
    Computation took 325.572621 ms
    Reading took     292.918000 us
  Sample 93...
Starting computation...
    Writing took     7.680264 ms
    Computation took 325.705047 ms
    Reading took     320.444000 us
  Sample 94...
Starting computation...
    Writing took     8.346305 ms
    Computation took 325.733341 ms
    Reading took     390.939000 us
  Sample 95...
Starting computation...
    Writing took     7.913792 ms
    Computation took 325.676650 ms
    Reading took     292.322000 us
  Sample 96...
Starting computation...
    Writing took     7.786736 ms
    Computation took 325.730653 ms
    Reading took     311.294000 us
  Sample 97...
Starting computation...
    Writing took     7.688119 ms
    Computation took 325.726589 ms
    Reading took     289.906000 us
  Sample 98...
Starting computation...
    Writing took     7.758065 ms
    Computation took 325.886494 ms
    Reading took     385.042000 us
  Sample 99...
Starting computation...
    Writing took     9.025297 ms
    Computation took 325.679300 ms
    Reading took     292.845000 us
Mean computation time: 325.183642 ms
Mean deviation: 310.860000 us (0.0955952%)
Mean computation time (per hash): 3.157122 ms
Mean deviation (per hash): 3.018000 us
