Using device #0: CUDA Device 'GeForce GTX 1080 Ti'
  Sample 0...
Starting computation...
    Writing took     1.704074 ms
    Computation took 177.208697 ms
    Reading took     67.579000 us
  Sample 1...
Starting computation...
    Writing took     1.687253 ms
    Computation took 177.290249 ms
    Reading took     66.006000 us
  Sample 2...
Starting computation...
    Writing took     1.730260 ms
    Computation took 177.370773 ms
    Reading took     60.434000 us
  Sample 3...
Starting computation...
    Writing took     1.734854 ms
    Computation took 177.270408 ms
    Reading took     63.581000 us
  Sample 4...
Starting computation...
    Writing took     1.656201 ms
    Computation took 177.387269 ms
    Reading took     62.500000 us
  Sample 5...
Starting computation...
    Writing took     1.620195 ms
    Computation took 177.291626 ms
    Reading took     68.148000 us
  Sample 6...
Starting computation...
    Writing took     1.791877 ms
    Computation took 177.258963 ms
    Reading took     113.369000 us
  Sample 7...
Starting computation...
    Writing took     3.028266 ms
    Computation took 177.318751 ms
    Reading took     62.751000 us
  Sample 8...
Starting computation...
    Writing took     1.488954 ms
    Computation took 177.343125 ms
    Reading took     66.807000 us
  Sample 9...
Starting computation...
    Writing took     1.631403 ms
    Computation took 177.377707 ms
    Reading took     82.232000 us
  Sample 10...
Starting computation...
    Writing took     2.206530 ms
    Computation took 177.376450 ms
    Reading took     58.843000 us
  Sample 11...
Starting computation...
    Writing took     1.366161 ms
    Computation took 177.225809 ms
    Reading took     58.761000 us
  Sample 12...
Starting computation...
    Writing took     1.360882 ms
    Computation took 177.353057 ms
    Reading took     64.001000 us
  Sample 13...
Starting computation...
    Writing took     1.607133 ms
    Computation took 177.326355 ms
    Reading took     61.445000 us
  Sample 14...
Starting computation...
    Writing took     1.423218 ms
    Computation took 178.017048 ms
    Reading took     61.955000 us
  Sample 15...
Starting computation...
    Writing took     1.415387 ms
    Computation took 178.216520 ms
    Reading took     59.300000 us
  Sample 16...
Starting computation...
    Writing took     1.364511 ms
    Computation took 178.137293 ms
    Reading took     79.434000 us
  Sample 17...
Starting computation...
    Writing took     1.932621 ms
    Computation took 178.164751 ms
    Reading took     62.076000 us
  Sample 18...
Starting computation...
    Writing took     1.427047 ms
    Computation took 178.184275 ms
    Reading took     64.281000 us
  Sample 19...
Starting computation...
    Writing took     1.469925 ms
    Computation took 178.172039 ms
    Reading took     67.029000 us
  Sample 20...
Starting computation...
    Writing took     1.574418 ms
    Computation took 178.175657 ms
    Reading took     60.451000 us
  Sample 21...
Starting computation...
    Writing took     1.490238 ms
    Computation took 178.168205 ms
    Reading took     59.547000 us
  Sample 22...
Starting computation...
    Writing took     1.360995 ms
    Computation took 178.160344 ms
    Reading took     58.489000 us
  Sample 23...
Starting computation...
    Writing took     1.512045 ms
    Computation took 178.128035 ms
    Reading took     63.264000 us
  Sample 24...
Starting computation...
    Writing took     1.529021 ms
    Computation took 178.187971 ms
    Reading took     64.298000 us
  Sample 25...
Starting computation...
    Writing took     1.387586 ms
    Computation took 178.151916 ms
    Reading took     66.090000 us
  Sample 26...
Starting computation...
    Writing took     1.581572 ms
    Computation took 178.162774 ms
    Reading took     64.799000 us
  Sample 27...
Starting computation...
    Writing took     1.579041 ms
    Computation took 178.133688 ms
    Reading took     61.022000 us
  Sample 28...
Starting computation...
    Writing took     1.443850 ms
    Computation took 178.125778 ms
    Reading took     58.112000 us
  Sample 29...
Starting computation...
    Writing took     1.361189 ms
    Computation took 178.147912 ms
    Reading took     62.729000 us
  Sample 30...
Starting computation...
    Writing took     1.469487 ms
    Computation took 178.207832 ms
    Reading took     61.589000 us
  Sample 31...
Starting computation...
    Writing took     1.409593 ms
    Computation took 178.137866 ms
    Reading took     61.810000 us
  Sample 32...
Starting computation...
    Writing took     1.422441 ms
    Computation took 178.215648 ms
    Reading took     63.280000 us
  Sample 33...
Starting computation...
    Writing took     1.511119 ms
    Computation took 178.149917 ms
    Reading took     64.385000 us
  Sample 34...
Starting computation...
    Writing took     1.533517 ms
    Computation took 178.106890 ms
    Reading took     65.645000 us
  Sample 35...
Starting computation...
    Writing took     1.463584 ms
    Computation took 178.115175 ms
    Reading took     61.613000 us
  Sample 36...
Starting computation...
    Writing took     1.380693 ms
    Computation took 178.130873 ms
    Reading took     63.382000 us
  Sample 37...
Starting computation...
    Writing took     1.564169 ms
    Computation took 178.112104 ms
    Reading took     60.242000 us
  Sample 38...
Starting computation...
    Writing took     1.486754 ms
    Computation took 178.137437 ms
    Reading took     57.920000 us
  Sample 39...
Starting computation...
    Writing took     1.421003 ms
    Computation took 178.146525 ms
    Reading took     59.317000 us
  Sample 40...
Starting computation...
    Writing took     1.443905 ms
    Computation took 178.159680 ms
    Reading took     59.609000 us
  Sample 41...
Starting computation...
    Writing took     1.361209 ms
    Computation took 178.102378 ms
    Reading took     60.540000 us
  Sample 42...
Starting computation...
    Writing took     1.429564 ms
    Computation took 178.224955 ms
    Reading took     65.111000 us
  Sample 43...
Starting computation...
    Writing took     1.506195 ms
    Computation took 178.167540 ms
    Reading took     59.364000 us
  Sample 44...
Starting computation...
    Writing took     1.455334 ms
    Computation took 178.164528 ms
    Reading took     62.972000 us
  Sample 45...
Starting computation...
    Writing took     1.551203 ms
    Computation took 178.157290 ms
    Reading took     59.400000 us
  Sample 46...
Starting computation...
    Writing took     1.392003 ms
    Computation took 181.566694 ms
    Reading took     83.131000 us
  Sample 47...
Starting computation...
    Writing took     2.304343 ms
    Computation took 178.139648 ms
    Reading took     60.075000 us
  Sample 48...
Starting computation...
    Writing took     1.414992 ms
    Computation took 178.153589 ms
    Reading took     61.977000 us
  Sample 49...
Starting computation...
    Writing took     1.392807 ms
    Computation took 178.095215 ms
    Reading took     59.119000 us
  Sample 50...
Starting computation...
    Writing took     1.458444 ms
    Computation took 178.159412 ms
    Reading took     75.549000 us
  Sample 51...
Starting computation...
    Writing took     1.860492 ms
    Computation took 178.172304 ms
    Reading took     103.878000 us
  Sample 52...
Starting computation...
    Writing took     2.732291 ms
    Computation took 178.155726 ms
    Reading took     59.922000 us
  Sample 53...
Starting computation...
    Writing took     1.527124 ms
    Computation took 178.252414 ms
    Reading took     61.997000 us
  Sample 54...
Starting computation...
    Writing took     1.554924 ms
    Computation took 178.130855 ms
    Reading took     60.968000 us
  Sample 55...
Starting computation...
    Writing took     1.561677 ms
    Computation took 178.130917 ms
    Reading took     58.126000 us
  Sample 56...
Starting computation...
    Writing took     1.506824 ms
    Computation took 178.123816 ms
    Reading took     57.216000 us
  Sample 57...
Starting computation...
    Writing took     1.503910 ms
    Computation took 178.121751 ms
    Reading took     60.246000 us
  Sample 58...
Starting computation...
    Writing took     1.611507 ms
    Computation took 178.170580 ms
    Reading took     58.483000 us
  Sample 59...
Starting computation...
    Writing took     1.487791 ms
    Computation took 178.118128 ms
    Reading took     57.781000 us
  Sample 60...
Starting computation...
    Writing took     1.505974 ms
    Computation took 178.124311 ms
    Reading took     56.339000 us
  Sample 61...
Starting computation...
    Writing took     1.501388 ms
    Computation took 178.091131 ms
    Reading took     64.592000 us
  Sample 62...
Starting computation...
    Writing took     1.701311 ms
    Computation took 178.203901 ms
    Reading took     55.111000 us
  Sample 63...
Starting computation...
    Writing took     1.427697 ms
    Computation took 178.124985 ms
    Reading took     63.062000 us
  Sample 64...
Starting computation...
    Writing took     1.647455 ms
    Computation took 178.182395 ms
    Reading took     60.226000 us
  Sample 65...
Starting computation...
    Writing took     1.611818 ms
    Computation took 178.111441 ms
    Reading took     60.293000 us
  Sample 66...
Starting computation...
    Writing took     1.563746 ms
    Computation took 178.119106 ms
    Reading took     59.995000 us
  Sample 67...
Starting computation...
    Writing took     1.563365 ms
    Computation took 178.088559 ms
    Reading took     65.235000 us
  Sample 68...
Starting computation...
    Writing took     1.624571 ms
    Computation took 178.113750 ms
    Reading took     65.243000 us
  Sample 69...
Starting computation...
    Writing took     1.721440 ms
    Computation took 178.123469 ms
    Reading took     67.049000 us
  Sample 70...
Starting computation...
    Writing took     1.671356 ms
    Computation took 178.161371 ms
    Reading took     68.362000 us
  Sample 71...
Starting computation...
    Writing took     1.730841 ms
    Computation took 178.163222 ms
    Reading took     63.844000 us
  Sample 72...
Starting computation...
    Writing took     1.691207 ms
    Computation took 178.107704 ms
    Reading took     67.536000 us
  Sample 73...
Starting computation...
    Writing took     1.780856 ms
    Computation took 178.150870 ms
    Reading took     61.928000 us
  Sample 74...
Starting computation...
    Writing took     1.612747 ms
    Computation took 178.183136 ms
    Reading took     111.923000 us
  Sample 75...
Starting computation...
    Writing took     3.042562 ms
    Computation took 178.176475 ms
    Reading took     77.928000 us
  Sample 76...
Starting computation...
    Writing took     1.842569 ms
    Computation took 178.154447 ms
    Reading took     73.959000 us
  Sample 77...
Starting computation...
    Writing took     1.841627 ms
    Computation took 178.114148 ms
    Reading took     74.209000 us
  Sample 78...
Starting computation...
    Writing took     1.849157 ms
    Computation took 178.165257 ms
    Reading took     73.616000 us
  Sample 79...
Starting computation...
    Writing took     1.889130 ms
    Computation took 178.159227 ms
    Reading took     73.200000 us
  Sample 80...
Starting computation...
    Writing took     1.866564 ms
    Computation took 178.236129 ms
    Reading took     111.720000 us
  Sample 81...
Starting computation...
    Writing took     3.041847 ms
    Computation took 178.203903 ms
    Reading took     97.890000 us
  Sample 82...
Starting computation...
    Writing took     2.679721 ms
    Computation took 178.168555 ms
    Reading took     73.929000 us
  Sample 83...
Starting computation...
    Writing took     1.917463 ms
    Computation took 178.121356 ms
    Reading took     72.833000 us
  Sample 84...
Starting computation...
    Writing took     1.959552 ms
    Computation took 178.097680 ms
    Reading took     76.005000 us
  Sample 85...
Starting computation...
    Writing took     1.917341 ms
    Computation took 178.128708 ms
    Reading took     107.544000 us
  Sample 86...
Starting computation...
    Writing took     2.939929 ms
    Computation took 178.169305 ms
    Reading took     68.928000 us
  Sample 87...
Starting computation...
    Writing took     1.818529 ms
    Computation took 178.210998 ms
    Reading took     82.720000 us
  Sample 88...
Starting computation...
    Writing took     2.550953 ms
    Computation took 178.162007 ms
    Reading took     60.396000 us
  Sample 89...
Starting computation...
    Writing took     1.396469 ms
    Computation took 178.227069 ms
    Reading took     63.093000 us
  Sample 90...
Starting computation...
    Writing took     1.620802 ms
    Computation took 178.198815 ms
    Reading took     59.841000 us
  Sample 91...
Starting computation...
    Writing took     1.568175 ms
    Computation took 178.155817 ms
    Reading took     78.878000 us
  Sample 92...
Starting computation...
    Writing took     1.976479 ms
    Computation took 178.199120 ms
    Reading took     73.742000 us
  Sample 93...
Starting computation...
    Writing took     1.960670 ms
    Computation took 178.112843 ms
    Reading took     72.104000 us
  Sample 94...
Starting computation...
    Writing took     1.918536 ms
    Computation took 178.131910 ms
    Reading took     63.117000 us
  Sample 95...
Starting computation...
    Writing took     1.632344 ms
    Computation took 178.112886 ms
    Reading took     65.621000 us
  Sample 96...
Starting computation...
    Writing took     1.726189 ms
    Computation took 178.157198 ms
    Reading took     104.297000 us
  Sample 97...
Starting computation...
    Writing took     2.030281 ms
    Computation took 178.185652 ms
    Reading took     72.479000 us
  Sample 98...
Starting computation...
    Writing took     1.911500 ms
    Computation took 178.160714 ms
    Reading took     74.424000 us
  Sample 99...
Starting computation...
    Writing took     1.961777 ms
    Computation took 178.219300 ms
    Reading took     75.213000 us
Mean computation time: 178.069400 ms
Mean deviation: 212.494000 us (0.119332%)
Mean computation time (per hash): 7.419557 ms
Mean deviation (per hash): 8.854000 us
