Using device #0: CUDA Device 'GeForce GTX 1080 Ti'
  Sample 0...
Starting computation...
    Writing took     1.298606 ms
    Computation took 175.590884 ms
    Reading took     54.901000 us
  Sample 1...
Starting computation...
    Writing took     1.279825 ms
    Computation took 175.367995 ms
    Reading took     50.765000 us
  Sample 2...
Starting computation...
    Writing took     1.280046 ms
    Computation took 176.237097 ms
    Reading took     50.796000 us
  Sample 3...
Starting computation...
    Writing took     1.296679 ms
    Computation took 176.495919 ms
    Reading took     49.991000 us
  Sample 4...
Starting computation...
    Writing took     1.282315 ms
    Computation took 176.497983 ms
    Reading took     50.697000 us
  Sample 5...
Starting computation...
    Writing took     1.299291 ms
    Computation took 176.506930 ms
    Reading took     56.008000 us
  Sample 6...
Starting computation...
    Writing took     1.282270 ms
    Computation took 176.511889 ms
    Reading took     49.817000 us
  Sample 7...
Starting computation...
    Writing took     1.293683 ms
    Computation took 176.336431 ms
    Reading took     41.826000 us
  Sample 8...
Starting computation...
    Writing took     999.688000 us
    Computation took 176.340201 ms
    Reading took     37.209000 us
  Sample 9...
Starting computation...
    Writing took     959.906000 us
    Computation took 176.492775 ms
    Reading took     40.172000 us
  Sample 10...
Starting computation...
    Writing took     1.030751 ms
    Computation took 176.462270 ms
    Reading took     40.276000 us
  Sample 11...
Starting computation...
    Writing took     1.024982 ms
    Computation took 176.429279 ms
    Reading took     41.378000 us
  Sample 12...
Starting computation...
    Writing took     1.071680 ms
    Computation took 176.365436 ms
    Reading took     46.723000 us
  Sample 13...
Starting computation...
    Writing took     1.133200 ms
    Computation took 176.261865 ms
    Reading took     43.427000 us
  Sample 14...
Starting computation...
    Writing took     1.074004 ms
    Computation took 176.301125 ms
    Reading took     45.975000 us
  Sample 15...
Starting computation...
    Writing took     1.143946 ms
    Computation took 176.357877 ms
    Reading took     42.756000 us
  Sample 16...
Starting computation...
    Writing took     1.100880 ms
    Computation took 176.310365 ms
    Reading took     42.091000 us
  Sample 17...
Starting computation...
    Writing took     1.072692 ms
    Computation took 176.428712 ms
    Reading took     46.238000 us
  Sample 18...
Starting computation...
    Writing took     1.192228 ms
    Computation took 176.429536 ms
    Reading took     42.336000 us
  Sample 19...
Starting computation...
    Writing took     1.016773 ms
    Computation took 176.258653 ms
    Reading took     42.876000 us
  Sample 20...
Starting computation...
    Writing took     1.059132 ms
    Computation took 176.350590 ms
    Reading took     41.205000 us
  Sample 21...
Starting computation...
    Writing took     1.043052 ms
    Computation took 176.339079 ms
    Reading took     41.055000 us
  Sample 22...
Starting computation...
    Writing took     1.000137 ms
    Computation took 176.406589 ms
    Reading took     41.205000 us
  Sample 23...
Starting computation...
    Writing took     1.017917 ms
    Computation took 176.240063 ms
    Reading took     44.080000 us
  Sample 24...
Starting computation...
    Writing took     1.060383 ms
    Computation took 176.311772 ms
    Reading took     43.242000 us
  Sample 25...
Starting computation...
    Writing took     1.067395 ms
    Computation took 176.449431 ms
    Reading took     41.972000 us
  Sample 26...
Starting computation...
    Writing took     1.030530 ms
    Computation took 176.398353 ms
    Reading took     41.618000 us
  Sample 27...
Starting computation...
    Writing took     1.029225 ms
    Computation took 176.338440 ms
    Reading took     40.373000 us
  Sample 28...
Starting computation...
    Writing took     1.024433 ms
    Computation took 176.295334 ms
    Reading took     41.465000 us
  Sample 29...
Starting computation...
    Writing took     1.012006 ms
    Computation took 176.440359 ms
    Reading took     82.676000 us
  Sample 30...
Starting computation...
    Writing took     2.273708 ms
    Computation took 176.364460 ms
    Reading took     47.314000 us
  Sample 31...
Starting computation...
    Writing took     1.134179 ms
    Computation took 176.459241 ms
    Reading took     49.296000 us
  Sample 32...
Starting computation...
    Writing took     1.183260 ms
    Computation took 176.300506 ms
    Reading took     43.947000 us
  Sample 33...
Starting computation...
    Writing took     1.149719 ms
    Computation took 176.326658 ms
    Reading took     44.184000 us
  Sample 34...
Starting computation...
    Writing took     1.125145 ms
    Computation took 176.384860 ms
    Reading took     62.417000 us
  Sample 35...
Starting computation...
    Writing took     1.551899 ms
    Computation took 176.348832 ms
    Reading took     47.367000 us
  Sample 36...
Starting computation...
    Writing took     1.056928 ms
    Computation took 176.457063 ms
    Reading took     44.376000 us
  Sample 37...
Starting computation...
    Writing took     1.074866 ms
    Computation took 176.436240 ms
    Reading took     46.377000 us
  Sample 38...
Starting computation...
    Writing took     1.105894 ms
    Computation took 176.454285 ms
    Reading took     46.255000 us
  Sample 39...
Starting computation...
    Writing took     1.077324 ms
    Computation took 176.319861 ms
    Reading took     45.170000 us
  Sample 40...
Starting computation...
    Writing took     1.024824 ms
    Computation took 176.373535 ms
    Reading took     75.358000 us
  Sample 41...
Starting computation...
    Writing took     1.918388 ms
    Computation took 176.396445 ms
    Reading took     37.821000 us
  Sample 42...
Starting computation...
    Writing took     959.160000 us
    Computation took 176.342634 ms
    Reading took     42.615000 us
  Sample 43...
Starting computation...
    Writing took     1.054049 ms
    Computation took 176.337253 ms
    Reading took     41.432000 us
  Sample 44...
Starting computation...
    Writing took     1.025625 ms
    Computation took 176.344701 ms
    Reading took     63.714000 us
  Sample 45...
Starting computation...
    Writing took     1.304686 ms
    Computation took 176.322055 ms
    Reading took     54.267000 us
  Sample 46...
Starting computation...
    Writing took     1.298527 ms
    Computation took 176.323944 ms
    Reading took     44.733000 us
  Sample 47...
Starting computation...
    Writing took     1.134233 ms
    Computation took 176.364138 ms
    Reading took     56.562000 us
  Sample 48...
Starting computation...
    Writing took     1.460464 ms
    Computation took 176.371859 ms
    Reading took     45.410000 us
  Sample 49...
Starting computation...
    Writing took     1.136302 ms
    Computation took 176.453561 ms
    Reading took     45.079000 us
  Sample 50...
Starting computation...
    Writing took     1.142883 ms
    Computation took 176.297703 ms
    Reading took     51.343000 us
  Sample 51...
Starting computation...
    Writing took     1.182693 ms
    Computation took 176.255974 ms
    Reading took     43.827000 us
  Sample 52...
Starting computation...
    Writing took     1.155422 ms
    Computation took 176.359118 ms
    Reading took     47.105000 us
  Sample 53...
Starting computation...
    Writing took     1.138221 ms
    Computation took 176.343493 ms
    Reading took     43.880000 us
  Sample 54...
Starting computation...
    Writing took     1.143011 ms
    Computation took 176.343134 ms
    Reading took     45.673000 us
  Sample 55...
Starting computation...
    Writing took     1.196446 ms
    Computation took 176.305322 ms
    Reading took     50.230000 us
  Sample 56...
Starting computation...
    Writing took     1.280059 ms
    Computation took 176.365819 ms
    Reading took     46.527000 us
  Sample 57...
Starting computation...
    Writing took     1.184573 ms
    Computation took 176.397362 ms
    Reading took     57.705000 us
  Sample 58...
Starting computation...
    Writing took     1.042845 ms
    Computation took 176.262682 ms
    Reading took     42.905000 us
  Sample 59...
Starting computation...
    Writing took     957.726000 us
    Computation took 176.270344 ms
    Reading took     45.552000 us
  Sample 60...
Starting computation...
    Writing took     1.028899 ms
    Computation took 176.306551 ms
    Reading took     45.165000 us
  Sample 61...
Starting computation...
    Writing took     1.006770 ms
    Computation took 176.420316 ms
    Reading took     45.880000 us
  Sample 62...
Starting computation...
    Writing took     1.114519 ms
    Computation took 176.291443 ms
    Reading took     42.237000 us
  Sample 63...
Starting computation...
    Writing took     1.075422 ms
    Computation took 176.333452 ms
    Reading took     45.782000 us
  Sample 64...
Starting computation...
    Writing took     995.680000 us
    Computation took 176.452188 ms
    Reading took     42.993000 us
  Sample 65...
Starting computation...
    Writing took     1.015232 ms
    Computation took 176.280073 ms
    Reading took     41.924000 us
  Sample 66...
Starting computation...
    Writing took     1.094501 ms
    Computation took 176.278794 ms
    Reading took     45.240000 us
  Sample 67...
Starting computation...
    Writing took     1.068278 ms
    Computation took 176.382500 ms
    Reading took     43.158000 us
  Sample 68...
Starting computation...
    Writing took     992.981000 us
    Computation took 176.360458 ms
    Reading took     42.975000 us
  Sample 69...
Starting computation...
    Writing took     1.020596 ms
    Computation took 176.328189 ms
    Reading took     53.374000 us
  Sample 70...
Starting computation...
    Writing took     1.291735 ms
    Computation took 176.334029 ms
    Reading took     84.208000 us
  Sample 71...
Starting computation...
    Writing took     2.236326 ms
    Computation took 176.420458 ms
    Reading took     53.620000 us
  Sample 72...
Starting computation...
    Writing took     1.291357 ms
    Computation took 176.257224 ms
    Reading took     53.194000 us
  Sample 73...
Starting computation...
    Writing took     1.372993 ms
    Computation took 176.357865 ms
    Reading took     53.417000 us
  Sample 74...
Starting computation...
    Writing took     1.292873 ms
    Computation took 176.341724 ms
    Reading took     84.210000 us
  Sample 75...
Starting computation...
    Writing took     2.242378 ms
    Computation took 176.446114 ms
    Reading took     53.533000 us
  Sample 76...
Starting computation...
    Writing took     1.293448 ms
    Computation took 176.474795 ms
    Reading took     56.916000 us
  Sample 77...
Starting computation...
    Writing took     1.403126 ms
    Computation took 176.363493 ms
    Reading took     51.653000 us
  Sample 78...
Starting computation...
    Writing took     1.290314 ms
    Computation took 176.412729 ms
    Reading took     58.302000 us
  Sample 79...
Starting computation...
    Writing took     1.316178 ms
    Computation took 176.368865 ms
    Reading took     53.034000 us
  Sample 80...
Starting computation...
    Writing took     1.297858 ms
    Computation took 176.279937 ms
    Reading took     50.274000 us
  Sample 81...
Starting computation...
    Writing took     1.155323 ms
    Computation took 176.311021 ms
    Reading took     54.976000 us
  Sample 82...
Starting computation...
    Writing took     1.304562 ms
    Computation took 176.457430 ms
    Reading took     79.133000 us
  Sample 83...
Starting computation...
    Writing took     2.239005 ms
    Computation took 176.413534 ms
    Reading took     53.093000 us
  Sample 84...
Starting computation...
    Writing took     1.291672 ms
    Computation took 176.393829 ms
    Reading took     53.711000 us
  Sample 85...
Starting computation...
    Writing took     1.398531 ms
    Computation took 176.353627 ms
    Reading took     54.615000 us
  Sample 86...
Starting computation...
    Writing took     1.294785 ms
    Computation took 176.323491 ms
    Reading took     81.843000 us
  Sample 87...
Starting computation...
    Writing took     2.172670 ms
    Computation took 176.326351 ms
    Reading took     44.837000 us
  Sample 88...
Starting computation...
    Writing took     1.106223 ms
    Computation took 176.338790 ms
    Reading took     43.962000 us
  Sample 89...
Starting computation...
    Writing took     1.078848 ms
    Computation took 176.254858 ms
    Reading took     49.264000 us
  Sample 90...
Starting computation...
    Writing took     1.276346 ms
    Computation took 176.404169 ms
    Reading took     48.083000 us
  Sample 91...
Starting computation...
    Writing took     1.226646 ms
    Computation took 176.357020 ms
    Reading took     83.537000 us
  Sample 92...
Starting computation...
    Writing took     2.133451 ms
    Computation took 176.375014 ms
    Reading took     65.169000 us
  Sample 93...
Starting computation...
    Writing took     1.613648 ms
    Computation took 176.436712 ms
    Reading took     46.477000 us
  Sample 94...
Starting computation...
    Writing took     1.101141 ms
    Computation took 176.281480 ms
    Reading took     43.829000 us
  Sample 95...
Starting computation...
    Writing took     1.025278 ms
    Computation took 176.358147 ms
    Reading took     43.508000 us
  Sample 96...
Starting computation...
    Writing took     1.046186 ms
    Computation took 176.345558 ms
    Reading took     46.150000 us
  Sample 97...
Starting computation...
    Writing took     1.118689 ms
    Computation took 176.308657 ms
    Reading took     44.834000 us
  Sample 98...
Starting computation...
    Writing took     1.104562 ms
    Computation took 176.260494 ms
    Reading took     61.581000 us
  Sample 99...
Starting computation...
    Writing took     1.648464 ms
    Computation took 176.349577 ms
    Reading took     47.956000 us
Mean computation time: 176.343772 ms
Mean deviation: 69.922000 us (0.039651%)
Mean computation time (per hash): 10.373162 ms
Mean deviation (per hash): 4.113000 us
