Using device #0: CUDA Device 'GeForce GTX 1080 Ti'
  Sample 0...
Starting computation...
    Writing took     358.719000 us
    Computation took 196.628167 ms
    Reading took     18.752000 us
  Sample 1...
Starting computation...
    Writing took     306.240000 us
    Computation took 196.582703 ms
    Reading took     24.619000 us
  Sample 2...
Starting computation...
    Writing took     321.662000 us
    Computation took 196.607170 ms
    Reading took     21.797000 us
  Sample 3...
Starting computation...
    Writing took     433.456000 us
    Computation took 196.638148 ms
    Reading took     13.518000 us
  Sample 4...
Starting computation...
    Writing took     254.595000 us
    Computation took 196.610082 ms
    Reading took     13.978000 us
  Sample 5...
Starting computation...
    Writing took     278.555000 us
    Computation took 196.569687 ms
    Reading took     15.574000 us
  Sample 6...
Starting computation...
    Writing took     301.176000 us
    Computation took 196.576664 ms
    Reading took     12.796000 us
  Sample 7...
Starting computation...
    Writing took     261.734000 us
    Computation took 196.610535 ms
    Reading took     25.364000 us
  Sample 8...
Starting computation...
    Writing took     702.198000 us
    Computation took 196.619155 ms
    Reading took     27.155000 us
  Sample 9...
Starting computation...
    Writing took     611.417000 us
    Computation took 196.580016 ms
    Reading took     15.582000 us
  Sample 10...
Starting computation...
    Writing took     327.746000 us
    Computation took 196.630594 ms
    Reading took     27.313000 us
  Sample 11...
Starting computation...
    Writing took     613.858000 us
    Computation took 196.603957 ms
    Reading took     25.524000 us
  Sample 12...
Starting computation...
    Writing took     561.088000 us
    Computation took 196.610133 ms
    Reading took     15.309000 us
  Sample 13...
Starting computation...
    Writing took     301.423000 us
    Computation took 196.566078 ms
    Reading took     14.395000 us
  Sample 14...
Starting computation...
    Writing took     270.473000 us
    Computation took 196.619636 ms
    Reading took     15.756000 us
  Sample 15...
Starting computation...
    Writing took     339.303000 us
    Computation took 196.627750 ms
    Reading took     28.017000 us
  Sample 16...
Starting computation...
    Writing took     607.256000 us
    Computation took 196.624784 ms
    Reading took     15.808000 us
  Sample 17...
Starting computation...
    Writing took     335.148000 us
    Computation took 196.570540 ms
    Reading took     15.751000 us
  Sample 18...
Starting computation...
    Writing took     328.000000 us
    Computation took 196.594427 ms
    Reading took     14.926000 us
  Sample 19...
Starting computation...
    Writing took     317.265000 us
    Computation took 196.609671 ms
    Reading took     15.750000 us
  Sample 20...
Starting computation...
    Writing took     301.996000 us
    Computation took 196.582191 ms
    Reading took     14.981000 us
  Sample 21...
Starting computation...
    Writing took     301.961000 us
    Computation took 196.628773 ms
    Reading took     15.140000 us
  Sample 22...
Starting computation...
    Writing took     300.968000 us
    Computation took 196.631393 ms
    Reading took     15.173000 us
  Sample 23...
Starting computation...
    Writing took     304.194000 us
    Computation took 196.635221 ms
    Reading took     22.007000 us
  Sample 24...
Starting computation...
    Writing took     428.730000 us
    Computation took 196.645583 ms
    Reading took     15.240000 us
  Sample 25...
Starting computation...
    Writing took     290.616000 us
    Computation took 196.577647 ms
    Reading took     15.159000 us
  Sample 26...
Starting computation...
    Writing took     338.130000 us
    Computation took 196.568969 ms
    Reading took     15.092000 us
  Sample 27...
Starting computation...
    Writing took     304.970000 us
    Computation took 196.573211 ms
    Reading took     15.160000 us
  Sample 28...
Starting computation...
    Writing took     301.558000 us
    Computation took 196.612290 ms
    Reading took     14.184000 us
  Sample 29...
Starting computation...
    Writing took     279.983000 us
    Computation took 196.591319 ms
    Reading took     15.494000 us
  Sample 30...
Starting computation...
    Writing took     300.868000 us
    Computation took 196.567647 ms
    Reading took     15.140000 us
  Sample 31...
Starting computation...
    Writing took     310.874000 us
    Computation took 196.558457 ms
    Reading took     11.688000 us
  Sample 32...
Starting computation...
    Writing took     248.968000 us
    Computation took 196.601495 ms
    Reading took     19.997000 us
  Sample 33...
Starting computation...
    Writing took     352.669000 us
    Computation took 196.608729 ms
    Reading took     15.334000 us
  Sample 34...
Starting computation...
    Writing took     302.625000 us
    Computation took 196.579027 ms
    Reading took     15.543000 us
  Sample 35...
Starting computation...
    Writing took     316.091000 us
    Computation took 196.598609 ms
    Reading took     14.770000 us
  Sample 36...
Starting computation...
    Writing took     302.967000 us
    Computation took 196.574992 ms
    Reading took     15.549000 us
  Sample 37...
Starting computation...
    Writing took     307.563000 us
    Computation took 196.514554 ms
    Reading took     15.506000 us
  Sample 38...
Starting computation...
    Writing took     302.860000 us
    Computation took 196.622356 ms
    Reading took     18.951000 us
  Sample 39...
Starting computation...
    Writing took     327.742000 us
    Computation took 196.611699 ms
    Reading took     15.266000 us
  Sample 40...
Starting computation...
    Writing took     301.380000 us
    Computation took 196.644236 ms
    Reading took     14.483000 us
  Sample 41...
Starting computation...
    Writing took     309.892000 us
    Computation took 196.568975 ms
    Reading took     14.232000 us
  Sample 42...
Starting computation...
    Writing took     301.135000 us
    Computation took 196.601084 ms
    Reading took     24.617000 us
  Sample 43...
Starting computation...
    Writing took     621.196000 us
    Computation took 196.616632 ms
    Reading took     14.970000 us
  Sample 44...
Starting computation...
    Writing took     302.255000 us
    Computation took 196.593127 ms
    Reading took     15.390000 us
  Sample 45...
Starting computation...
    Writing took     308.915000 us
    Computation took 196.572812 ms
    Reading took     14.151000 us
  Sample 46...
Starting computation...
    Writing took     270.335000 us
    Computation took 196.629942 ms
    Reading took     15.720000 us
  Sample 47...
Starting computation...
    Writing took     300.829000 us
    Computation took 196.627863 ms
    Reading took     15.644000 us
  Sample 48...
Starting computation...
    Writing took     302.436000 us
    Computation took 196.599995 ms
    Reading took     13.046000 us
  Sample 49...
Starting computation...
    Writing took     236.463000 us
    Computation took 196.569000 ms
    Reading took     15.477000 us
  Sample 50...
Starting computation...
    Writing took     300.652000 us
    Computation took 196.601604 ms
    Reading took     15.593000 us
  Sample 51...
Starting computation...
    Writing took     301.840000 us
    Computation took 196.569931 ms
    Reading took     13.214000 us
  Sample 52...
Starting computation...
    Writing took     251.547000 us
    Computation took 196.589630 ms
    Reading took     14.912000 us
  Sample 53...
Starting computation...
    Writing took     291.510000 us
    Computation took 196.582122 ms
    Reading took     15.825000 us
  Sample 54...
Starting computation...
    Writing took     294.322000 us
    Computation took 196.611976 ms
    Reading took     15.221000 us
  Sample 55...
Starting computation...
    Writing took     289.483000 us
    Computation took 196.537794 ms
    Reading took     12.987000 us
  Sample 56...
Starting computation...
    Writing took     270.299000 us
    Computation took 196.585430 ms
    Reading took     14.505000 us
  Sample 57...
Starting computation...
    Writing took     284.471000 us
    Computation took 196.577208 ms
    Reading took     17.250000 us
  Sample 58...
Starting computation...
    Writing took     320.407000 us
    Computation took 196.594308 ms
    Reading took     16.605000 us
  Sample 59...
Starting computation...
    Writing took     328.287000 us
    Computation took 196.611057 ms
    Reading took     16.009000 us
  Sample 60...
Starting computation...
    Writing took     329.920000 us
    Computation took 196.603532 ms
    Reading took     15.779000 us
  Sample 61...
Starting computation...
    Writing took     329.236000 us
    Computation took 196.577100 ms
    Reading took     15.290000 us
  Sample 62...
Starting computation...
    Writing took     301.271000 us
    Computation took 196.588679 ms
    Reading took     13.930000 us
  Sample 63...
Starting computation...
    Writing took     257.833000 us
    Computation took 196.593217 ms
    Reading took     15.619000 us
  Sample 64...
Starting computation...
    Writing took     289.702000 us
    Computation took 196.598646 ms
    Reading took     14.698000 us
  Sample 65...
Starting computation...
    Writing took     308.586000 us
    Computation took 196.557295 ms
    Reading took     14.383000 us
  Sample 66...
Starting computation...
    Writing took     290.964000 us
    Computation took 196.559385 ms
    Reading took     15.671000 us
  Sample 67...
Starting computation...
    Writing took     319.613000 us
    Computation took 196.567215 ms
    Reading took     15.432000 us
  Sample 68...
Starting computation...
    Writing took     301.953000 us
    Computation took 196.617212 ms
    Reading took     23.043000 us
  Sample 69...
Starting computation...
    Writing took     485.594000 us
    Computation took 196.677516 ms
    Reading took     15.225000 us
  Sample 70...
Starting computation...
    Writing took     312.319000 us
    Computation took 196.649944 ms
    Reading took     14.710000 us
  Sample 71...
Starting computation...
    Writing took     290.280000 us
    Computation took 196.599279 ms
    Reading took     15.728000 us
  Sample 72...
Starting computation...
    Writing took     300.820000 us
    Computation took 196.599369 ms
    Reading took     15.339000 us
  Sample 73...
Starting computation...
    Writing took     303.050000 us
    Computation took 196.574153 ms
    Reading took     22.602000 us
  Sample 74...
Starting computation...
    Writing took     432.618000 us
    Computation took 196.633503 ms
    Reading took     14.840000 us
  Sample 75...
Starting computation...
    Writing took     291.077000 us
    Computation took 196.639067 ms
    Reading took     15.731000 us
  Sample 76...
Starting computation...
    Writing took     301.191000 us
    Computation took 196.608949 ms
    Reading took     23.990000 us
  Sample 77...
Starting computation...
    Writing took     518.619000 us
    Computation took 196.607423 ms
    Reading took     15.722000 us
  Sample 78...
Starting computation...
    Writing took     302.520000 us
    Computation took 196.610493 ms
    Reading took     15.656000 us
  Sample 79...
Starting computation...
    Writing took     301.115000 us
    Computation took 196.573868 ms
    Reading took     28.648000 us
  Sample 80...
Starting computation...
    Writing took     610.222000 us
    Computation took 196.590955 ms
    Reading took     16.100000 us
  Sample 81...
Starting computation...
    Writing took     327.635000 us
    Computation took 196.599052 ms
    Reading took     15.471000 us
  Sample 82...
Starting computation...
    Writing took     301.910000 us
    Computation took 196.611692 ms
    Reading took     14.923000 us
  Sample 83...
Starting computation...
    Writing took     315.669000 us
    Computation took 196.618873 ms
    Reading took     19.881000 us
  Sample 84...
Starting computation...
    Writing took     372.583000 us
    Computation took 196.598850 ms
    Reading took     13.418000 us
  Sample 85...
Starting computation...
    Writing took     240.437000 us
    Computation took 196.581368 ms
    Reading took     14.841000 us
  Sample 86...
Starting computation...
    Writing took     279.018000 us
    Computation took 196.601279 ms
    Reading took     15.116000 us
  Sample 87...
Starting computation...
    Writing took     301.858000 us
    Computation took 196.594938 ms
    Reading took     14.142000 us
  Sample 88...
Starting computation...
    Writing took     278.305000 us
    Computation took 196.641438 ms
    Reading took     16.959000 us
  Sample 89...
Starting computation...
    Writing took     327.469000 us
    Computation took 196.619485 ms
    Reading took     15.463000 us
  Sample 90...
Starting computation...
    Writing took     329.406000 us
    Computation took 196.603412 ms
    Reading took     14.550000 us
  Sample 91...
Starting computation...
    Writing took     268.680000 us
    Computation took 196.563243 ms
    Reading took     12.897000 us
  Sample 92...
Starting computation...
    Writing took     237.775000 us
    Computation took 196.591531 ms
    Reading took     14.308000 us
  Sample 93...
Starting computation...
    Writing took     331.417000 us
    Computation took 196.562103 ms
    Reading took     11.830000 us
  Sample 94...
Starting computation...
    Writing took     245.848000 us
    Computation took 196.607748 ms
    Reading took     15.071000 us
  Sample 95...
Starting computation...
    Writing took     291.670000 us
    Computation took 196.598136 ms
    Reading took     15.498000 us
  Sample 96...
Starting computation...
    Writing took     331.233000 us
    Computation took 196.596639 ms
    Reading took     15.993000 us
  Sample 97...
Starting computation...
    Writing took     332.891000 us
    Computation took 196.583069 ms
    Reading took     16.245000 us
  Sample 98...
Starting computation...
    Writing took     336.802000 us
    Computation took 196.590554 ms
    Reading took     15.300000 us
  Sample 99...
Starting computation...
    Writing took     306.640000 us
    Computation took 196.607374 ms
    Reading took     22.692000 us
Mean computation time: 196.598463 ms
Mean deviation: 20.348000 us (0.01035%)
Mean computation time (per hash): 49.149615 ms
Mean deviation (per hash): 5.087000 us
