Using device #0: CUDA Device 'GeForce GTX 1080 Ti'
  Sample 0...
Starting computation...
    Writing took     7.415703 ms
    Computation took 314.014170 ms
    Reading took     268.535000 us
  Sample 1...
Starting computation...
    Writing took     7.351828 ms
    Computation took 314.588468 ms
    Reading took     265.461000 us
  Sample 2...
Starting computation...
    Writing took     7.886482 ms
    Computation took 314.236854 ms
    Reading took     270.449000 us
  Sample 3...
Starting computation...
    Writing took     7.848151 ms
    Computation took 314.075825 ms
    Reading took     260.827000 us
  Sample 4...
Starting computation...
    Writing took     7.041553 ms
    Computation took 314.382425 ms
    Reading took     282.621000 us
  Sample 5...
Starting computation...
    Writing took     7.384104 ms
    Computation took 314.255544 ms
    Reading took     276.473000 us
  Sample 6...
Starting computation...
    Writing took     7.460882 ms
    Computation took 313.909478 ms
    Reading took     485.792000 us
  Sample 7...
Starting computation...
    Writing took     12.750479 ms
    Computation took 314.575150 ms
    Reading took     294.070000 us
  Sample 8...
Starting computation...
    Writing took     7.384515 ms
    Computation took 314.360130 ms
    Reading took     277.566000 us
  Sample 9...
Starting computation...
    Writing took     7.458080 ms
    Computation took 314.284234 ms
    Reading took     329.566000 us
  Sample 10...
Starting computation...
    Writing took     8.618345 ms
    Computation took 313.996677 ms
    Reading took     271.306000 us
  Sample 11...
Starting computation...
    Writing took     7.215660 ms
    Computation took 314.055381 ms
    Reading took     280.753000 us
  Sample 12...
Starting computation...
    Writing took     7.974468 ms
    Computation took 314.037375 ms
    Reading took     280.761000 us
  Sample 13...
Starting computation...
    Writing took     7.771768 ms
    Computation took 314.169631 ms
    Reading took     301.202000 us
  Sample 14...
Starting computation...
    Writing took     8.787082 ms
    Computation took 314.345144 ms
    Reading took     438.738000 us
  Sample 15...
Starting computation...
    Writing took     7.965816 ms
    Computation took 314.354292 ms
    Reading took     280.010000 us
  Sample 16...
Starting computation...
    Writing took     7.932160 ms
    Computation took 314.283128 ms
    Reading took     397.368000 us
  Sample 17...
Starting computation...
    Writing took     7.802521 ms
    Computation took 314.065481 ms
    Reading took     277.081000 us
  Sample 18...
Starting computation...
    Writing took     7.401555 ms
    Computation took 314.716556 ms
    Reading took     443.574000 us
  Sample 19...
Starting computation...
    Writing took     7.830132 ms
    Computation took 314.148212 ms
    Reading took     279.467000 us
  Sample 20...
Starting computation...
    Writing took     7.430465 ms
    Computation took 314.404936 ms
    Reading took     279.796000 us
  Sample 21...
Starting computation...
    Writing took     7.414863 ms
    Computation took 314.091738 ms
    Reading took     278.960000 us
  Sample 22...
Starting computation...
    Writing took     7.438094 ms
    Computation took 314.590054 ms
    Reading took     280.649000 us
  Sample 23...
Starting computation...
    Writing took     7.468491 ms
    Computation took 314.369926 ms
    Reading took     279.936000 us
  Sample 24...
Starting computation...
    Writing took     7.442502 ms
    Computation took 314.048440 ms
    Reading took     280.024000 us
  Sample 25...
Starting computation...
    Writing took     7.424314 ms
    Computation took 314.164572 ms
    Reading took     279.632000 us
  Sample 26...
Starting computation...
    Writing took     7.450953 ms
    Computation took 314.190309 ms
    Reading took     278.534000 us
  Sample 27...
Starting computation...
    Writing took     7.422233 ms
    Computation took 314.055401 ms
    Reading took     280.088000 us
  Sample 28...
Starting computation...
    Writing took     7.475936 ms
    Computation took 314.358654 ms
    Reading took     279.428000 us
  Sample 29...
Starting computation...
    Writing took     7.496532 ms
    Computation took 314.095133 ms
    Reading took     280.487000 us
  Sample 30...
Starting computation...
    Writing took     7.938436 ms
    Computation took 314.375104 ms
    Reading took     460.622000 us
  Sample 31...
Starting computation...
    Writing took     14.943785 ms
    Computation took 314.660141 ms
    Reading took     283.062000 us
  Sample 32...
Starting computation...
    Writing took     9.451663 ms
    Computation took 314.435564 ms
    Reading took     264.605000 us
  Sample 33...
Starting computation...
    Writing took     7.383136 ms
    Computation took 314.259225 ms
    Reading took     261.765000 us
  Sample 34...
Starting computation...
    Writing took     7.351902 ms
    Computation took 314.343222 ms
    Reading took     347.908000 us
  Sample 35...
Starting computation...
    Writing took     10.962607 ms
    Computation took 314.132455 ms
    Reading took     462.105000 us
  Sample 36...
Starting computation...
    Writing took     13.204611 ms
    Computation took 314.194288 ms
    Reading took     262.578000 us
  Sample 37...
Starting computation...
    Writing took     7.397369 ms
    Computation took 314.465921 ms
    Reading took     253.704000 us
  Sample 38...
Starting computation...
    Writing took     8.006732 ms
    Computation took 314.051205 ms
    Reading took     292.593000 us
  Sample 39...
Starting computation...
    Writing took     7.772201 ms
    Computation took 314.315289 ms
    Reading took     312.861000 us
  Sample 40...
Starting computation...
    Writing took     7.404447 ms
    Computation took 314.516068 ms
    Reading took     263.145000 us
  Sample 41...
Starting computation...
    Writing took     7.382786 ms
    Computation took 314.422198 ms
    Reading took     369.042000 us
  Sample 42...
Starting computation...
    Writing took     7.663045 ms
    Computation took 315.116491 ms
    Reading took     271.970000 us
  Sample 43...
Starting computation...
    Writing took     7.667479 ms
    Computation took 314.660849 ms
    Reading took     262.586000 us
  Sample 44...
Starting computation...
    Writing took     7.366610 ms
    Computation took 314.464776 ms
    Reading took     463.094000 us
  Sample 45...
Starting computation...
    Writing took     13.562026 ms
    Computation took 315.263961 ms
    Reading took     264.689000 us
  Sample 46...
Starting computation...
    Writing took     7.336371 ms
    Computation took 315.000760 ms
    Reading took     262.204000 us
  Sample 47...
Starting computation...
    Writing took     7.304663 ms
    Computation took 315.233777 ms
    Reading took     378.167000 us
  Sample 48...
Starting computation...
    Writing took     9.799394 ms
    Computation took 316.174623 ms
    Reading took     272.736000 us
  Sample 49...
Starting computation...
    Writing took     7.353544 ms
    Computation took 315.413255 ms
    Reading took     263.344000 us
  Sample 50...
Starting computation...
    Writing took     7.377739 ms
    Computation took 315.735780 ms
    Reading took     265.035000 us
  Sample 51...
Starting computation...
    Writing took     8.331552 ms
    Computation took 316.449887 ms
    Reading took     282.867000 us
  Sample 52...
Starting computation...
    Writing took     7.877388 ms
    Computation took 315.937728 ms
    Reading took     437.636000 us
  Sample 53...
Starting computation...
    Writing took     12.600300 ms
    Computation took 315.280379 ms
    Reading took     288.576000 us
  Sample 54...
Starting computation...
    Writing took     7.327579 ms
    Computation took 315.301773 ms
    Reading took     249.232000 us
  Sample 55...
Starting computation...
    Writing took     6.760463 ms
    Computation took 315.887642 ms
    Reading took     245.402000 us
  Sample 56...
Starting computation...
    Writing took     7.178974 ms
    Computation took 316.537997 ms
    Reading took     307.882000 us
  Sample 57...
Starting computation...
    Writing took     8.056801 ms
    Computation took 316.696945 ms
    Reading took     284.240000 us
  Sample 58...
Starting computation...
    Writing took     8.027563 ms
    Computation took 316.675387 ms
    Reading took     262.427000 us
  Sample 59...
Starting computation...
    Writing took     7.353205 ms
    Computation took 316.248645 ms
    Reading took     348.920000 us
  Sample 60...
Starting computation...
    Writing took     8.126475 ms
    Computation took 315.829574 ms
    Reading took     267.151000 us
  Sample 61...
Starting computation...
    Writing took     7.355448 ms
    Computation took 316.524862 ms
    Reading took     277.647000 us
  Sample 62...
Starting computation...
    Writing took     7.471824 ms
    Computation took 317.173800 ms
    Reading took     263.314000 us
  Sample 63...
Starting computation...
    Writing took     7.378514 ms
    Computation took 317.807099 ms
    Reading took     261.172000 us
  Sample 64...
Starting computation...
    Writing took     8.069298 ms
    Computation took 316.747295 ms
    Reading took     263.363000 us
  Sample 65...
Starting computation...
    Writing took     7.742446 ms
    Computation took 316.276758 ms
    Reading took     249.047000 us
  Sample 66...
Starting computation...
    Writing took     6.903761 ms
    Computation took 315.566630 ms
    Reading took     428.080000 us
  Sample 67...
Starting computation...
    Writing took     12.635858 ms
    Computation took 316.329813 ms
    Reading took     262.798000 us
  Sample 68...
Starting computation...
    Writing took     7.413957 ms
    Computation took 316.542581 ms
    Reading took     273.849000 us
  Sample 69...
Starting computation...
    Writing took     8.794887 ms
    Computation took 316.918421 ms
    Reading took     262.840000 us
  Sample 70...
Starting computation...
    Writing took     7.378286 ms
    Computation took 317.364712 ms
    Reading took     273.969000 us
  Sample 71...
Starting computation...
    Writing took     7.359424 ms
    Computation took 316.799908 ms
    Reading took     261.613000 us
  Sample 72...
Starting computation...
    Writing took     7.353319 ms
    Computation took 316.372850 ms
    Reading took     262.036000 us
  Sample 73...
Starting computation...
    Writing took     7.367330 ms
    Computation took 316.170741 ms
    Reading took     263.088000 us
  Sample 74...
Starting computation...
    Writing took     7.337143 ms
    Computation took 317.451230 ms
    Reading took     282.840000 us
  Sample 75...
Starting computation...
    Writing took     7.302348 ms
    Computation took 318.099707 ms
    Reading took     274.416000 us
  Sample 76...
Starting computation...
    Writing took     7.657998 ms
    Computation took 317.825596 ms
    Reading took     264.691000 us
  Sample 77...
Starting computation...
    Writing took     7.369035 ms
    Computation took 316.694822 ms
    Reading took     249.466000 us
  Sample 78...
Starting computation...
    Writing took     6.806064 ms
    Computation took 315.777015 ms
    Reading took     264.667000 us
  Sample 79...
Starting computation...
    Writing took     7.357020 ms
    Computation took 316.602355 ms
    Reading took     273.266000 us
  Sample 80...
Starting computation...
    Writing took     9.353557 ms
    Computation took 317.807100 ms
    Reading took     279.281000 us
  Sample 81...
Starting computation...
    Writing took     9.309745 ms
    Computation took 317.524641 ms
    Reading took     263.233000 us
  Sample 82...
Starting computation...
    Writing took     7.379176 ms
    Computation took 317.462914 ms
    Reading took     261.486000 us
  Sample 83...
Starting computation...
    Writing took     7.350646 ms
    Computation took 317.001303 ms
    Reading took     261.898000 us
  Sample 84...
Starting computation...
    Writing took     7.391172 ms
    Computation took 316.556256 ms
    Reading took     255.750000 us
  Sample 85...
Starting computation...
    Writing took     7.061785 ms
    Computation took 316.249249 ms
    Reading took     264.422000 us
  Sample 86...
Starting computation...
    Writing took     7.900552 ms
    Computation took 316.725614 ms
    Reading took     264.962000 us
  Sample 87...
Starting computation...
    Writing took     8.023331 ms
    Computation took 317.516114 ms
    Reading took     263.097000 us
  Sample 88...
Starting computation...
    Writing took     7.445198 ms
    Computation took 317.756606 ms
    Reading took     262.403000 us
  Sample 89...
Starting computation...
    Writing took     7.372447 ms
    Computation took 316.912573 ms
    Reading took     264.559000 us
  Sample 90...
Starting computation...
    Writing took     7.366738 ms
    Computation took 316.252897 ms
    Reading took     264.160000 us
  Sample 91...
Starting computation...
    Writing took     7.386805 ms
    Computation took 317.929774 ms
    Reading took     262.239000 us
  Sample 92...
Starting computation...
    Writing took     7.363794 ms
    Computation took 323.959749 ms
    Reading took     257.348000 us
  Sample 93...
Starting computation...
    Writing took     7.257028 ms
    Computation took 326.832304 ms
    Reading took     248.679000 us
  Sample 94...
Starting computation...
    Writing took     7.093516 ms
    Computation took 324.417078 ms
    Reading took     252.548000 us
  Sample 95...
Starting computation...
    Writing took     7.331614 ms
    Computation took 321.609743 ms
    Reading took     264.468000 us
  Sample 96...
Starting computation...
    Writing took     7.382271 ms
    Computation took 317.710381 ms
    Reading took     280.602000 us
  Sample 97...
Starting computation...
    Writing took     7.401286 ms
    Computation took 318.476185 ms
    Reading took     279.933000 us
  Sample 98...
Starting computation...
    Writing took     7.459546 ms
    Computation took 316.650029 ms
    Reading took     445.147000 us
  Sample 99...
Starting computation...
    Writing took     12.747016 ms
    Computation took 315.459878 ms
    Reading took     279.127000 us
Mean computation time: 315.871608 ms
Mean deviation: 1.506223 ms (0.476847%)
Mean computation time (per hash): 3.223179 ms
Mean deviation (per hash): 15.369000 us
