Using device #0: CUDA Device 'GeForce GTX 1080 Ti'
  Sample 0...
Starting computation...
    Writing took     5.683846 ms
    Computation took 239.454658 ms
    Reading took     202.831000 us
  Sample 1...
Starting computation...
    Writing took     5.508949 ms
    Computation took 239.232669 ms
    Reading took     185.667000 us
  Sample 2...
Starting computation...
    Writing took     5.051426 ms
    Computation took 239.184682 ms
    Reading took     149.900000 us
  Sample 3...
Starting computation...
    Writing took     4.802277 ms
    Computation took 239.160166 ms
    Reading took     188.413000 us
  Sample 4...
Starting computation...
    Writing took     5.048649 ms
    Computation took 239.187057 ms
    Reading took     185.485000 us
  Sample 5...
Starting computation...
    Writing took     5.043981 ms
    Computation took 239.330862 ms
    Reading took     191.087000 us
  Sample 6...
Starting computation...
    Writing took     5.420083 ms
    Computation took 239.198116 ms
    Reading took     186.345000 us
  Sample 7...
Starting computation...
    Writing took     5.044513 ms
    Computation took 239.242464 ms
    Reading took     149.144000 us
  Sample 8...
Starting computation...
    Writing took     3.931825 ms
    Computation took 239.092328 ms
    Reading took     145.345000 us
  Sample 9...
Starting computation...
    Writing took     3.844837 ms
    Computation took 239.153410 ms
    Reading took     147.435000 us
  Sample 10...
Starting computation...
    Writing took     3.838965 ms
    Computation took 239.194999 ms
    Reading took     287.751000 us
  Sample 11...
Starting computation...
    Writing took     7.929831 ms
    Computation took 239.266965 ms
    Reading took     166.150000 us
  Sample 12...
Starting computation...
    Writing took     4.406796 ms
    Computation took 239.128149 ms
    Reading took     167.094000 us
  Sample 13...
Starting computation...
    Writing took     4.443695 ms
    Computation took 239.252395 ms
    Reading took     271.265000 us
  Sample 14...
Starting computation...
    Writing took     5.267022 ms
    Computation took 239.140702 ms
    Reading took     148.143000 us
  Sample 15...
Starting computation...
    Writing took     4.654321 ms
    Computation took 239.320190 ms
    Reading took     191.165000 us
  Sample 16...
Starting computation...
    Writing took     5.078012 ms
    Computation took 239.338219 ms
    Reading took     212.734000 us
  Sample 17...
Starting computation...
    Writing took     6.824562 ms
    Computation took 239.282107 ms
    Reading took     188.449000 us
  Sample 18...
Starting computation...
    Writing took     5.077455 ms
    Computation took 239.235877 ms
    Reading took     186.430000 us
  Sample 19...
Starting computation...
    Writing took     5.081306 ms
    Computation took 239.323470 ms
    Reading took     187.260000 us
  Sample 20...
Starting computation...
    Writing took     5.072334 ms
    Computation took 239.272119 ms
    Reading took     186.530000 us
  Sample 21...
Starting computation...
    Writing took     5.091112 ms
    Computation took 239.177621 ms
    Reading took     186.790000 us
  Sample 22...
Starting computation...
    Writing took     5.073937 ms
    Computation took 239.165961 ms
    Reading took     186.519000 us
  Sample 23...
Starting computation...
    Writing took     5.059926 ms
    Computation took 239.144498 ms
    Reading took     173.176000 us
  Sample 24...
Starting computation...
    Writing took     4.023687 ms
    Computation took 239.219378 ms
    Reading took     170.335000 us
  Sample 25...
Starting computation...
    Writing took     4.226944 ms
    Computation took 239.225534 ms
    Reading took     158.153000 us
  Sample 26...
Starting computation...
    Writing took     3.864115 ms
    Computation took 239.132657 ms
    Reading took     186.289000 us
  Sample 27...
Starting computation...
    Writing took     5.046011 ms
    Computation took 239.231989 ms
    Reading took     186.411000 us
  Sample 28...
Starting computation...
    Writing took     5.076868 ms
    Computation took 239.197784 ms
    Reading took     195.820000 us
  Sample 29...
Starting computation...
    Writing took     5.061014 ms
    Computation took 239.265126 ms
    Reading took     186.137000 us
  Sample 30...
Starting computation...
    Writing took     5.054919 ms
    Computation took 240.556080 ms
    Reading took     184.245000 us
  Sample 31...
Starting computation...
    Writing took     5.120007 ms
    Computation took 239.740480 ms
    Reading took     184.921000 us
  Sample 32...
Starting computation...
    Writing took     5.079537 ms
    Computation took 241.778703 ms
    Reading took     184.453000 us
  Sample 33...
Starting computation...
    Writing took     5.074199 ms
    Computation took 242.777581 ms
    Reading took     194.473000 us
  Sample 34...
Starting computation...
    Writing took     5.032284 ms
    Computation took 240.335233 ms
    Reading took     185.716000 us
  Sample 35...
Starting computation...
    Writing took     5.066217 ms
    Computation took 240.044012 ms
    Reading took     189.294000 us
  Sample 36...
Starting computation...
    Writing took     5.061125 ms
    Computation took 240.436544 ms
    Reading took     185.690000 us
  Sample 37...
Starting computation...
    Writing took     5.061420 ms
    Computation took 242.863565 ms
    Reading took     185.717000 us
  Sample 38...
Starting computation...
    Writing took     5.060157 ms
    Computation took 241.454433 ms
    Reading took     189.379000 us
  Sample 39...
Starting computation...
    Writing took     5.066556 ms
    Computation took 241.013772 ms
    Reading took     238.460000 us
  Sample 40...
Starting computation...
    Writing took     5.068410 ms
    Computation took 240.066534 ms
    Reading took     185.415000 us
  Sample 41...
Starting computation...
    Writing took     5.056977 ms
    Computation took 240.094279 ms
    Reading took     185.844000 us
  Sample 42...
Starting computation...
    Writing took     5.015681 ms
    Computation took 239.437750 ms
    Reading took     296.739000 us
  Sample 43...
Starting computation...
    Writing took     8.503855 ms
    Computation took 239.549453 ms
    Reading took     184.817000 us
  Sample 44...
Starting computation...
    Writing took     4.803966 ms
    Computation took 239.272657 ms
    Reading took     187.827000 us
  Sample 45...
Starting computation...
    Writing took     5.064692 ms
    Computation took 239.585093 ms
    Reading took     187.916000 us
  Sample 46...
Starting computation...
    Writing took     5.057457 ms
    Computation took 239.689283 ms
    Reading took     186.063000 us
  Sample 47...
Starting computation...
    Writing took     5.058489 ms
    Computation took 239.755819 ms
    Reading took     293.023000 us
  Sample 48...
Starting computation...
    Writing took     5.066017 ms
    Computation took 239.528196 ms
    Reading took     151.280000 us
  Sample 49...
Starting computation...
    Writing took     3.911741 ms
    Computation took 239.617781 ms
    Reading took     148.632000 us
  Sample 50...
Starting computation...
    Writing took     3.842930 ms
    Computation took 239.553721 ms
    Reading took     160.559000 us
  Sample 51...
Starting computation...
    Writing took     4.103531 ms
    Computation took 239.381307 ms
    Reading took     170.266000 us
  Sample 52...
Starting computation...
    Writing took     4.543145 ms
    Computation took 239.536737 ms
    Reading took     170.954000 us
  Sample 53...
Starting computation...
    Writing took     4.392104 ms
    Computation took 239.631746 ms
    Reading took     200.001000 us
  Sample 54...
Starting computation...
    Writing took     4.661592 ms
    Computation took 239.664608 ms
    Reading took     295.874000 us
  Sample 55...
Starting computation...
    Writing took     7.670344 ms
    Computation took 239.807957 ms
    Reading took     200.145000 us
  Sample 56...
Starting computation...
    Writing took     5.048571 ms
    Computation took 239.648296 ms
    Reading took     202.215000 us
  Sample 57...
Starting computation...
    Writing took     5.503077 ms
    Computation took 242.803196 ms
    Reading took     197.327000 us
  Sample 58...
Starting computation...
    Writing took     5.405777 ms
    Computation took 247.807591 ms
    Reading took     158.874000 us
  Sample 59...
Starting computation...
    Writing took     4.308186 ms
    Computation took 247.197625 ms
    Reading took     160.303000 us
  Sample 60...
Starting computation...
    Writing took     4.274122 ms
    Computation took 247.688439 ms
    Reading took     162.346000 us
  Sample 61...
Starting computation...
    Writing took     4.341265 ms
    Computation took 245.208030 ms
    Reading took     171.829000 us
  Sample 62...
Starting computation...
    Writing took     4.787846 ms
    Computation took 243.835692 ms
    Reading took     179.293000 us
  Sample 63...
Starting computation...
    Writing took     4.908163 ms
    Computation took 243.217545 ms
    Reading took     178.789000 us
  Sample 64...
Starting computation...
    Writing took     4.894776 ms
    Computation took 242.592729 ms
    Reading took     149.878000 us
  Sample 65...
Starting computation...
    Writing took     3.983045 ms
    Computation took 241.912806 ms
    Reading took     155.585000 us
  Sample 66...
Starting computation...
    Writing took     3.833718 ms
    Computation took 242.048675 ms
    Reading took     155.549000 us
  Sample 67...
Starting computation...
    Writing took     4.105622 ms
    Computation took 242.480343 ms
    Reading took     159.424000 us
  Sample 68...
Starting computation...
    Writing took     4.070491 ms
    Computation took 241.547009 ms
    Reading took     198.621000 us
  Sample 69...
Starting computation...
    Writing took     4.924843 ms
    Computation took 242.500697 ms
    Reading took     172.821000 us
  Sample 70...
Starting computation...
    Writing took     4.617524 ms
    Computation took 241.598964 ms
    Reading took     176.524000 us
  Sample 71...
Starting computation...
    Writing took     4.902683 ms
    Computation took 244.198225 ms
    Reading took     178.714000 us
  Sample 72...
Starting computation...
    Writing took     4.815736 ms
    Computation took 253.021636 ms
    Reading took     197.473000 us
  Sample 73...
Starting computation...
    Writing took     5.086962 ms
    Computation took 256.048369 ms
    Reading took     186.923000 us
  Sample 74...
Starting computation...
    Writing took     5.055375 ms
    Computation took 253.590064 ms
    Reading took     197.800000 us
  Sample 75...
Starting computation...
    Writing took     5.056226 ms
    Computation took 251.721598 ms
    Reading took     236.868000 us
  Sample 76...
Starting computation...
    Writing took     7.244905 ms
    Computation took 248.799284 ms
    Reading took     185.950000 us
  Sample 77...
Starting computation...
    Writing took     5.061277 ms
    Computation took 245.796601 ms
    Reading took     192.087000 us
  Sample 78...
Starting computation...
    Writing took     5.046416 ms
    Computation took 245.323548 ms
    Reading took     186.691000 us
  Sample 79...
Starting computation...
    Writing took     4.842985 ms
    Computation took 243.416114 ms
    Reading took     267.940000 us
  Sample 80...
Starting computation...
    Writing took     7.635008 ms
    Computation took 242.247278 ms
    Reading took     149.250000 us
  Sample 81...
Starting computation...
    Writing took     3.935137 ms
    Computation took 239.982687 ms
    Reading took     145.725000 us
  Sample 82...
Starting computation...
    Writing took     3.839998 ms
    Computation took 239.532173 ms
    Reading took     148.129000 us
  Sample 83...
Starting computation...
    Writing took     3.840716 ms
    Computation took 239.275967 ms
    Reading took     147.278000 us
  Sample 84...
Starting computation...
    Writing took     3.839743 ms
    Computation took 240.452290 ms
    Reading took     183.980000 us
  Sample 85...
Starting computation...
    Writing took     5.080244 ms
    Computation took 242.531017 ms
    Reading took     185.630000 us
  Sample 86...
Starting computation...
    Writing took     5.071786 ms
    Computation took 242.272982 ms
    Reading took     185.441000 us
  Sample 87...
Starting computation...
    Writing took     5.064945 ms
    Computation took 241.563973 ms
    Reading took     186.342000 us
  Sample 88...
Starting computation...
    Writing took     5.078949 ms
    Computation took 239.577128 ms
    Reading took     200.934000 us
  Sample 89...
Starting computation...
    Writing took     5.053746 ms
    Computation took 240.201267 ms
    Reading took     151.251000 us
  Sample 90...
Starting computation...
    Writing took     3.912126 ms
    Computation took 242.420689 ms
    Reading took     154.931000 us
  Sample 91...
Starting computation...
    Writing took     4.201441 ms
    Computation took 242.022258 ms
    Reading took     162.494000 us
  Sample 92...
Starting computation...
    Writing took     4.289893 ms
    Computation took 240.435989 ms
    Reading took     167.920000 us
  Sample 93...
Starting computation...
    Writing took     4.477193 ms
    Computation took 239.575631 ms
    Reading took     179.918000 us
  Sample 94...
Starting computation...
    Writing took     4.585160 ms
    Computation took 241.220259 ms
    Reading took     177.123000 us
  Sample 95...
Starting computation...
    Writing took     4.636615 ms
    Computation took 247.110670 ms
    Reading took     184.293000 us
  Sample 96...
Starting computation...
    Writing took     4.979446 ms
    Computation took 249.224702 ms
    Reading took     177.150000 us
  Sample 97...
Starting computation...
    Writing took     4.939758 ms
    Computation took 247.925139 ms
    Reading took     176.756000 us
  Sample 98...
Starting computation...
    Writing took     4.804258 ms
    Computation took 245.679566 ms
    Reading took     175.602000 us
  Sample 99...
Starting computation...
    Writing took     3.954329 ms
    Computation took 244.061240 ms
    Reading took     156.525000 us
Mean computation time: 241.632414 ms
Mean deviation: 2.572441 ms (1.06461%)
Mean computation time (per hash): 3.553417 ms
Mean deviation (per hash): 37.829000 us
