Using device #0: CUDA Device 'GeForce GTX 1080 Ti'
  Sample 0...
Starting computation...
    Writing took     2.018366 ms
    Computation took 216.886994 ms
    Reading took     91.807000 us
  Sample 1...
Starting computation...
    Writing took     2.107138 ms
    Computation took 216.858343 ms
    Reading took     100.871000 us
  Sample 2...
Starting computation...
    Writing took     2.074432 ms
    Computation took 216.845476 ms
    Reading took     80.167000 us
  Sample 3...
Starting computation...
    Writing took     2.080917 ms
    Computation took 216.909470 ms
    Reading took     80.763000 us
  Sample 4...
Starting computation...
    Writing took     2.063455 ms
    Computation took 216.885523 ms
    Reading took     147.928000 us
  Sample 5...
Starting computation...
    Writing took     4.182135 ms
    Computation took 216.929620 ms
    Reading took     96.815000 us
  Sample 6...
Starting computation...
    Writing took     2.454551 ms
    Computation took 216.891422 ms
    Reading took     80.275000 us
  Sample 7...
Starting computation...
    Writing took     1.923854 ms
    Computation took 216.901689 ms
    Reading took     77.524000 us
  Sample 8...
Starting computation...
    Writing took     1.802568 ms
    Computation took 216.839584 ms
    Reading took     81.500000 us
  Sample 9...
Starting computation...
    Writing took     2.001242 ms
    Computation took 216.844288 ms
    Reading took     82.788000 us
  Sample 10...
Starting computation...
    Writing took     2.028871 ms
    Computation took 216.894270 ms
    Reading took     104.298000 us
  Sample 11...
Starting computation...
    Writing took     2.652818 ms
    Computation took 216.918951 ms
    Reading took     103.093000 us
  Sample 12...
Starting computation...
    Writing took     2.641360 ms
    Computation took 216.842877 ms
    Reading took     100.101000 us
  Sample 13...
Starting computation...
    Writing took     2.401980 ms
    Computation took 216.905270 ms
    Reading took     96.849000 us
  Sample 14...
Starting computation...
    Writing took     2.414300 ms
    Computation took 216.883992 ms
    Reading took     96.842000 us
  Sample 15...
Starting computation...
    Writing took     2.406850 ms
    Computation took 216.883993 ms
    Reading took     96.948000 us
  Sample 16...
Starting computation...
    Writing took     2.416139 ms
    Computation took 216.859924 ms
    Reading took     103.547000 us
  Sample 17...
Starting computation...
    Writing took     2.428896 ms
    Computation took 216.863099 ms
    Reading took     106.237000 us
  Sample 18...
Starting computation...
    Writing took     2.423352 ms
    Computation took 216.968676 ms
    Reading took     97.200000 us
  Sample 19...
Starting computation...
    Writing took     2.418291 ms
    Computation took 216.881187 ms
    Reading took     79.301000 us
  Sample 20...
Starting computation...
    Writing took     1.860091 ms
    Computation took 216.879822 ms
    Reading took     76.680000 us
  Sample 21...
Starting computation...
    Writing took     1.808119 ms
    Computation took 216.842021 ms
    Reading took     78.263000 us
  Sample 22...
Starting computation...
    Writing took     1.826961 ms
    Computation took 216.838068 ms
    Reading took     81.633000 us
  Sample 23...
Starting computation...
    Writing took     1.860327 ms
    Computation took 216.867368 ms
    Reading took     134.163000 us
  Sample 24...
Starting computation...
    Writing took     2.389338 ms
    Computation took 216.851646 ms
    Reading took     92.170000 us
  Sample 25...
Starting computation...
    Writing took     2.380677 ms
    Computation took 216.842610 ms
    Reading took     92.050000 us
  Sample 26...
Starting computation...
    Writing took     2.413632 ms
    Computation took 216.874545 ms
    Reading took     92.105000 us
  Sample 27...
Starting computation...
    Writing took     2.416770 ms
    Computation took 216.841866 ms
    Reading took     94.409000 us
  Sample 28...
Starting computation...
    Writing took     2.415078 ms
    Computation took 216.877379 ms
    Reading took     91.686000 us
  Sample 29...
Starting computation...
    Writing took     2.478945 ms
    Computation took 216.876179 ms
    Reading took     99.565000 us
  Sample 30...
Starting computation...
    Writing took     2.383438 ms
    Computation took 216.852460 ms
    Reading took     103.587000 us
  Sample 31...
Starting computation...
    Writing took     2.501228 ms
    Computation took 216.862435 ms
    Reading took     92.961000 us
  Sample 32...
Starting computation...
    Writing took     2.413497 ms
    Computation took 216.867150 ms
    Reading took     91.731000 us
  Sample 33...
Starting computation...
    Writing took     2.418847 ms
    Computation took 216.894018 ms
    Reading took     92.954000 us
  Sample 34...
Starting computation...
    Writing took     2.425339 ms
    Computation took 216.856979 ms
    Reading took     92.120000 us
  Sample 35...
Starting computation...
    Writing took     2.425383 ms
    Computation took 216.808120 ms
    Reading took     91.494000 us
  Sample 36...
Starting computation...
    Writing took     2.387489 ms
    Computation took 216.847735 ms
    Reading took     92.556000 us
  Sample 37...
Starting computation...
    Writing took     2.386084 ms
    Computation took 216.808946 ms
    Reading took     92.935000 us
  Sample 38...
Starting computation...
    Writing took     2.395499 ms
    Computation took 216.892547 ms
    Reading took     92.500000 us
  Sample 39...
Starting computation...
    Writing took     2.412909 ms
    Computation took 216.820791 ms
    Reading took     92.191000 us
  Sample 40...
Starting computation...
    Writing took     2.429520 ms
    Computation took 216.844192 ms
    Reading took     93.071000 us
  Sample 41...
Starting computation...
    Writing took     2.434616 ms
    Computation took 216.822043 ms
    Reading took     92.045000 us
  Sample 42...
Starting computation...
    Writing took     2.392138 ms
    Computation took 216.834939 ms
    Reading took     92.230000 us
  Sample 43...
Starting computation...
    Writing took     2.374473 ms
    Computation took 216.827384 ms
    Reading took     103.384000 us
  Sample 44...
Starting computation...
    Writing took     2.377066 ms
    Computation took 216.844796 ms
    Reading took     91.619000 us
  Sample 45...
Starting computation...
    Writing took     2.386939 ms
    Computation took 216.847617 ms
    Reading took     91.765000 us
  Sample 46...
Starting computation...
    Writing took     2.405663 ms
    Computation took 216.876717 ms
    Reading took     100.407000 us
  Sample 47...
Starting computation...
    Writing took     2.477930 ms
    Computation took 216.858875 ms
    Reading took     91.942000 us
  Sample 48...
Starting computation...
    Writing took     2.404875 ms
    Computation took 216.798081 ms
    Reading took     91.868000 us
  Sample 49...
Starting computation...
    Writing took     2.531079 ms
    Computation took 216.844940 ms
    Reading took     106.971000 us
  Sample 50...
Starting computation...
    Writing took     2.604690 ms
    Computation took 216.851016 ms
    Reading took     107.925000 us
  Sample 51...
Starting computation...
    Writing took     2.537695 ms
    Computation took 216.857073 ms
    Reading took     156.567000 us
  Sample 52...
Starting computation...
    Writing took     4.054023 ms
    Computation took 216.890464 ms
    Reading took     100.212000 us
  Sample 53...
Starting computation...
    Writing took     2.400043 ms
    Computation took 216.841028 ms
    Reading took     96.821000 us
  Sample 54...
Starting computation...
    Writing took     2.404415 ms
    Computation took 216.892908 ms
    Reading took     101.310000 us
  Sample 55...
Starting computation...
    Writing took     2.401672 ms
    Computation took 216.847934 ms
    Reading took     96.963000 us
  Sample 56...
Starting computation...
    Writing took     2.412569 ms
    Computation took 216.854225 ms
    Reading took     94.908000 us
  Sample 57...
Starting computation...
    Writing took     2.443176 ms
    Computation took 216.861735 ms
    Reading took     97.885000 us
  Sample 58...
Starting computation...
    Writing took     2.395714 ms
    Computation took 216.863784 ms
    Reading took     95.781000 us
  Sample 59...
Starting computation...
    Writing took     2.386579 ms
    Computation took 216.854113 ms
    Reading took     81.768000 us
  Sample 60...
Starting computation...
    Writing took     1.825842 ms
    Computation took 216.840814 ms
    Reading took     78.722000 us
  Sample 61...
Starting computation...
    Writing took     1.832093 ms
    Computation took 216.876382 ms
    Reading took     81.055000 us
  Sample 62...
Starting computation...
    Writing took     1.956162 ms
    Computation took 216.861574 ms
    Reading took     79.543000 us
  Sample 63...
Starting computation...
    Writing took     1.810312 ms
    Computation took 216.867777 ms
    Reading took     129.118000 us
  Sample 64...
Starting computation...
    Writing took     3.351395 ms
    Computation took 216.903853 ms
    Reading took     96.140000 us
  Sample 65...
Starting computation...
    Writing took     2.400208 ms
    Computation took 216.834309 ms
    Reading took     115.764000 us
  Sample 66...
Starting computation...
    Writing took     2.399072 ms
    Computation took 216.852320 ms
    Reading took     97.981000 us
  Sample 67...
Starting computation...
    Writing took     2.842343 ms
    Computation took 216.901071 ms
    Reading took     98.159000 us
  Sample 68...
Starting computation...
    Writing took     2.242457 ms
    Computation took 216.858026 ms
    Reading took     89.865000 us
  Sample 69...
Starting computation...
    Writing took     2.220815 ms
    Computation took 216.874618 ms
    Reading took     89.264000 us
  Sample 70...
Starting computation...
    Writing took     2.062886 ms
    Computation took 216.833403 ms
    Reading took     87.076000 us
  Sample 71...
Starting computation...
    Writing took     1.980745 ms
    Computation took 216.914143 ms
    Reading took     84.246000 us
  Sample 72...
Starting computation...
    Writing took     2.032426 ms
    Computation took 216.864235 ms
    Reading took     80.228000 us
  Sample 73...
Starting computation...
    Writing took     1.985999 ms
    Computation took 217.189371 ms
    Reading took     81.565000 us
  Sample 74...
Starting computation...
    Writing took     1.817208 ms
    Computation took 216.847289 ms
    Reading took     84.838000 us
  Sample 75...
Starting computation...
    Writing took     2.296034 ms
    Computation took 216.850781 ms
    Reading took     106.443000 us
  Sample 76...
Starting computation...
    Writing took     2.009093 ms
    Computation took 216.887849 ms
    Reading took     88.315000 us
  Sample 77...
Starting computation...
    Writing took     1.871981 ms
    Computation took 216.868327 ms
    Reading took     84.109000 us
  Sample 78...
Starting computation...
    Writing took     2.008313 ms
    Computation took 216.859257 ms
    Reading took     99.733000 us
  Sample 79...
Starting computation...
    Writing took     2.422352 ms
    Computation took 216.874895 ms
    Reading took     77.249000 us
  Sample 80...
Starting computation...
    Writing took     1.850965 ms
    Computation took 216.845303 ms
    Reading took     87.778000 us
  Sample 81...
Starting computation...
    Writing took     2.224001 ms
    Computation took 216.861483 ms
    Reading took     73.942000 us
  Sample 82...
Starting computation...
    Writing took     2.086190 ms
    Computation took 216.863973 ms
    Reading took     99.289000 us
  Sample 83...
Starting computation...
    Writing took     2.597206 ms
    Computation took 216.850712 ms
    Reading took     98.435000 us
  Sample 84...
Starting computation...
    Writing took     2.586379 ms
    Computation took 216.875309 ms
    Reading took     73.642000 us
  Sample 85...
Starting computation...
    Writing took     1.846428 ms
    Computation took 216.836883 ms
    Reading took     83.791000 us
  Sample 86...
Starting computation...
    Writing took     2.170386 ms
    Computation took 216.872868 ms
    Reading took     89.096000 us
  Sample 87...
Starting computation...
    Writing took     2.214166 ms
    Computation took 216.836589 ms
    Reading took     82.422000 us
  Sample 88...
Starting computation...
    Writing took     2.106421 ms
    Computation took 216.843243 ms
    Reading took     90.565000 us
  Sample 89...
Starting computation...
    Writing took     2.192593 ms
    Computation took 216.833991 ms
    Reading took     87.268000 us
  Sample 90...
Starting computation...
    Writing took     2.198795 ms
    Computation took 216.856662 ms
    Reading took     90.384000 us
  Sample 91...
Starting computation...
    Writing took     2.280621 ms
    Computation took 216.809342 ms
    Reading took     86.942000 us
  Sample 92...
Starting computation...
    Writing took     2.312326 ms
    Computation took 216.764080 ms
    Reading took     85.157000 us
  Sample 93...
Starting computation...
    Writing took     2.224002 ms
    Computation took 216.801339 ms
    Reading took     86.876000 us
  Sample 94...
Starting computation...
    Writing took     2.249825 ms
    Computation took 216.873032 ms
    Reading took     118.181000 us
  Sample 95...
Starting computation...
    Writing took     3.530159 ms
    Computation took 216.863869 ms
    Reading took     91.810000 us
  Sample 96...
Starting computation...
    Writing took     2.355289 ms
    Computation took 216.851538 ms
    Reading took     90.447000 us
  Sample 97...
Starting computation...
    Writing took     2.389524 ms
    Computation took 216.829583 ms
    Reading took     90.041000 us
  Sample 98...
Starting computation...
    Writing took     2.366957 ms
    Computation took 216.841245 ms
    Reading took     95.378000 us
  Sample 99...
Starting computation...
    Writing took     2.323231 ms
    Computation took 216.851417 ms
    Reading took     94.898000 us
Mean computation time: 216.863339 ms
Mean deviation: 25.371000 us (0.0116991%)
Mean computation time (per hash): 6.776978 ms
Mean deviation (per hash): 792 ns
