Using device #0: CUDA Device 'GeForce GTX 1080 Ti'
  Sample 0...
Starting computation...
    Writing took     5.067470 ms
    Computation took 219.306118 ms
    Reading took     113.384000 us
  Sample 1...
Starting computation...
    Writing took     2.786414 ms
    Computation took 219.138588 ms
    Reading took     170.843000 us
  Sample 2...
Starting computation...
    Writing took     4.751598 ms
    Computation took 219.164003 ms
    Reading took     84.672000 us
  Sample 3...
Starting computation...
    Writing took     2.125875 ms
    Computation took 219.073578 ms
    Reading took     84.597000 us
  Sample 4...
Starting computation...
    Writing took     2.112607 ms
    Computation took 219.090141 ms
    Reading took     95.615000 us
  Sample 5...
Starting computation...
    Writing took     2.517097 ms
    Computation took 219.104694 ms
    Reading took     89.288000 us
  Sample 6...
Starting computation...
    Writing took     2.390832 ms
    Computation took 219.097197 ms
    Reading took     84.231000 us
  Sample 7...
Starting computation...
    Writing took     2.139830 ms
    Computation took 219.146832 ms
    Reading took     195.777000 us
  Sample 8...
Starting computation...
    Writing took     5.134327 ms
    Computation took 219.132758 ms
    Reading took     85.723000 us
  Sample 9...
Starting computation...
    Writing took     2.150641 ms
    Computation took 219.076847 ms
    Reading took     85.529000 us
  Sample 10...
Starting computation...
    Writing took     2.085295 ms
    Computation took 219.107333 ms
    Reading took     89.278000 us
  Sample 11...
Starting computation...
    Writing took     2.352930 ms
    Computation took 219.103951 ms
    Reading took     104.044000 us
  Sample 12...
Starting computation...
    Writing took     2.121846 ms
    Computation took 219.084920 ms
    Reading took     88.677000 us
  Sample 13...
Starting computation...
    Writing took     2.235810 ms
    Computation took 219.144237 ms
    Reading took     111.398000 us
  Sample 14...
Starting computation...
    Writing took     3.499842 ms
    Computation took 219.947475 ms
    Reading took     82.570000 us
  Sample 15...
Starting computation...
    Writing took     2.112545 ms
    Computation took 219.107772 ms
    Reading took     87.127000 us
  Sample 16...
Starting computation...
    Writing took     2.293757 ms
    Computation took 219.104942 ms
    Reading took     130.307000 us
  Sample 17...
Starting computation...
    Writing took     3.483436 ms
    Computation took 219.143721 ms
    Reading took     89.801000 us
  Sample 18...
Starting computation...
    Writing took     2.091660 ms
    Computation took 219.087206 ms
    Reading took     83.252000 us
  Sample 19...
Starting computation...
    Writing took     2.086721 ms
    Computation took 219.122575 ms
    Reading took     83.668000 us
  Sample 20...
Starting computation...
    Writing took     2.171849 ms
    Computation took 219.103462 ms
    Reading took     88.689000 us
  Sample 21...
Starting computation...
    Writing took     2.142629 ms
    Computation took 219.077519 ms
    Reading took     125.032000 us
  Sample 22...
Starting computation...
    Writing took     3.685729 ms
    Computation took 219.158210 ms
    Reading took     113.596000 us
  Sample 23...
Starting computation...
    Writing took     2.994375 ms
    Computation took 219.114867 ms
    Reading took     113.089000 us
  Sample 24...
Starting computation...
    Writing took     3.067873 ms
    Computation took 219.098732 ms
    Reading took     104.277000 us
  Sample 25...
Starting computation...
    Writing took     2.764543 ms
    Computation took 219.116289 ms
    Reading took     165.041000 us
  Sample 26...
Starting computation...
    Writing took     4.752184 ms
    Computation took 219.145714 ms
    Reading took     105.290000 us
  Sample 27...
Starting computation...
    Writing took     2.811791 ms
    Computation took 219.124740 ms
    Reading took     103.957000 us
  Sample 28...
Starting computation...
    Writing took     2.758790 ms
    Computation took 219.154029 ms
    Reading took     105.090000 us
  Sample 29...
Starting computation...
    Writing took     2.795173 ms
    Computation took 219.331986 ms
    Reading took     104.233000 us
  Sample 30...
Starting computation...
    Writing took     2.787015 ms
    Computation took 219.134397 ms
    Reading took     105.555000 us
  Sample 31...
Starting computation...
    Writing took     2.781108 ms
    Computation took 219.115431 ms
    Reading took     145.947000 us
  Sample 32...
Starting computation...
    Writing took     4.641563 ms
    Computation took 219.146716 ms
    Reading took     105.257000 us
  Sample 33...
Starting computation...
    Writing took     2.790921 ms
    Computation took 219.107953 ms
    Reading took     103.809000 us
  Sample 34...
Starting computation...
    Writing took     2.787125 ms
    Computation took 219.117596 ms
    Reading took     165.371000 us
  Sample 35...
Starting computation...
    Writing took     4.617475 ms
    Computation took 219.144013 ms
    Reading took     106.291000 us
  Sample 36...
Starting computation...
    Writing took     2.787963 ms
    Computation took 219.140958 ms
    Reading took     104.711000 us
  Sample 37...
Starting computation...
    Writing took     2.797842 ms
    Computation took 219.106902 ms
    Reading took     119.032000 us
  Sample 38...
Starting computation...
    Writing took     2.819424 ms
    Computation took 219.090185 ms
    Reading took     106.817000 us
  Sample 39...
Starting computation...
    Writing took     2.778868 ms
    Computation took 219.112984 ms
    Reading took     104.776000 us
  Sample 40...
Starting computation...
    Writing took     2.780454 ms
    Computation took 219.134122 ms
    Reading took     103.548000 us
  Sample 41...
Starting computation...
    Writing took     2.768523 ms
    Computation took 219.098813 ms
    Reading took     104.654000 us
  Sample 42...
Starting computation...
    Writing took     2.783045 ms
    Computation took 219.112193 ms
    Reading took     104.508000 us
  Sample 43...
Starting computation...
    Writing took     2.773539 ms
    Computation took 219.080311 ms
    Reading took     103.213000 us
  Sample 44...
Starting computation...
    Writing took     2.777441 ms
    Computation took 219.090611 ms
    Reading took     105.380000 us
  Sample 45...
Starting computation...
    Writing took     2.763179 ms
    Computation took 219.134160 ms
    Reading took     103.695000 us
  Sample 46...
Starting computation...
    Writing took     2.789822 ms
    Computation took 219.111856 ms
    Reading took     121.570000 us
  Sample 47...
Starting computation...
    Writing took     2.756519 ms
    Computation took 219.084325 ms
    Reading took     102.548000 us
  Sample 48...
Starting computation...
    Writing took     2.780560 ms
    Computation took 219.077960 ms
    Reading took     83.973000 us
  Sample 49...
Starting computation...
    Writing took     2.519788 ms
    Computation took 219.095551 ms
    Reading took     103.662000 us
  Sample 50...
Starting computation...
    Writing took     2.749912 ms
    Computation took 219.087580 ms
    Reading took     102.180000 us
  Sample 51...
Starting computation...
    Writing took     2.749816 ms
    Computation took 219.104494 ms
    Reading took     103.516000 us
  Sample 52...
Starting computation...
    Writing took     2.779997 ms
    Computation took 219.131630 ms
    Reading took     175.524000 us
  Sample 53...
Starting computation...
    Writing took     4.789249 ms
    Computation took 219.182653 ms
    Reading took     184.040000 us
  Sample 54...
Starting computation...
    Writing took     4.714674 ms
    Computation took 219.160890 ms
    Reading took     124.129000 us
  Sample 55...
Starting computation...
    Writing took     2.995759 ms
    Computation took 219.062654 ms
    Reading took     123.207000 us
  Sample 56...
Starting computation...
    Writing took     3.061323 ms
    Computation took 219.074219 ms
    Reading took     99.250000 us
  Sample 57...
Starting computation...
    Writing took     2.306607 ms
    Computation took 219.075480 ms
    Reading took     98.590000 us
  Sample 58...
Starting computation...
    Writing took     2.368632 ms
    Computation took 219.122448 ms
    Reading took     93.888000 us
  Sample 59...
Starting computation...
    Writing took     2.232969 ms
    Computation took 219.072403 ms
    Reading took     98.477000 us
  Sample 60...
Starting computation...
    Writing took     2.088495 ms
    Computation took 219.061595 ms
    Reading took     95.281000 us
  Sample 61...
Starting computation...
    Writing took     2.374601 ms
    Computation took 219.022924 ms
    Reading took     96.412000 us
  Sample 62...
Starting computation...
    Writing took     2.192874 ms
    Computation took 219.120605 ms
    Reading took     98.669000 us
  Sample 63...
Starting computation...
    Writing took     2.302801 ms
    Computation took 219.106409 ms
    Reading took     91.144000 us
  Sample 64...
Starting computation...
    Writing took     2.303222 ms
    Computation took 219.128505 ms
    Reading took     125.475000 us
  Sample 65...
Starting computation...
    Writing took     2.089561 ms
    Computation took 219.083964 ms
    Reading took     96.674000 us
  Sample 66...
Starting computation...
    Writing took     2.367728 ms
    Computation took 219.148686 ms
    Reading took     91.983000 us
  Sample 67...
Starting computation...
    Writing took     2.215763 ms
    Computation took 219.102079 ms
    Reading took     90.062000 us
  Sample 68...
Starting computation...
    Writing took     2.092092 ms
    Computation took 219.148341 ms
    Reading took     92.224000 us
  Sample 69...
Starting computation...
    Writing took     2.243799 ms
    Computation took 219.106810 ms
    Reading took     91.670000 us
  Sample 70...
Starting computation...
    Writing took     2.209158 ms
    Computation took 219.107275 ms
    Reading took     171.280000 us
  Sample 71...
Starting computation...
    Writing took     4.622955 ms
    Computation took 219.139440 ms
    Reading took     104.481000 us
  Sample 72...
Starting computation...
    Writing took     2.769658 ms
    Computation took 219.125701 ms
    Reading took     105.003000 us
  Sample 73...
Starting computation...
    Writing took     2.787779 ms
    Computation took 219.095535 ms
    Reading took     104.390000 us
  Sample 74...
Starting computation...
    Writing took     2.749139 ms
    Computation took 219.099172 ms
    Reading took     104.248000 us
  Sample 75...
Starting computation...
    Writing took     2.788501 ms
    Computation took 219.118893 ms
    Reading took     104.974000 us
  Sample 76...
Starting computation...
    Writing took     2.744506 ms
    Computation took 219.132929 ms
    Reading took     103.060000 us
  Sample 77...
Starting computation...
    Writing took     2.764788 ms
    Computation took 219.112624 ms
    Reading took     107.110000 us
  Sample 78...
Starting computation...
    Writing took     2.742983 ms
    Computation took 219.155198 ms
    Reading took     175.297000 us
  Sample 79...
Starting computation...
    Writing took     4.644187 ms
    Computation took 219.186737 ms
    Reading took     166.990000 us
  Sample 80...
Starting computation...
    Writing took     4.725794 ms
    Computation took 219.170655 ms
    Reading took     102.197000 us
  Sample 81...
Starting computation...
    Writing took     2.185727 ms
    Computation took 219.124258 ms
    Reading took     103.497000 us
  Sample 82...
Starting computation...
    Writing took     2.325445 ms
    Computation took 219.097529 ms
    Reading took     92.376000 us
  Sample 83...
Starting computation...
    Writing took     2.319059 ms
    Computation took 219.132871 ms
    Reading took     89.680000 us
  Sample 84...
Starting computation...
    Writing took     2.199297 ms
    Computation took 219.081752 ms
    Reading took     91.834000 us
  Sample 85...
Starting computation...
    Writing took     2.153199 ms
    Computation took 219.121791 ms
    Reading took     91.671000 us
  Sample 86...
Starting computation...
    Writing took     2.260210 ms
    Computation took 219.123192 ms
    Reading took     96.821000 us
  Sample 87...
Starting computation...
    Writing took     2.133718 ms
    Computation took 219.117371 ms
    Reading took     91.669000 us
  Sample 88...
Starting computation...
    Writing took     2.092075 ms
    Computation took 219.095598 ms
    Reading took     92.747000 us
  Sample 89...
Starting computation...
    Writing took     2.213931 ms
    Computation took 219.137452 ms
    Reading took     106.270000 us
  Sample 90...
Starting computation...
    Writing took     2.762533 ms
    Computation took 219.158017 ms
    Reading took     107.754000 us
  Sample 91...
Starting computation...
    Writing took     2.790561 ms
    Computation took 219.095120 ms
    Reading took     104.483000 us
  Sample 92...
Starting computation...
    Writing took     2.762356 ms
    Computation took 219.151422 ms
    Reading took     103.923000 us
  Sample 93...
Starting computation...
    Writing took     2.799543 ms
    Computation took 219.156375 ms
    Reading took     105.318000 us
  Sample 94...
Starting computation...
    Writing took     2.748435 ms
    Computation took 219.115496 ms
    Reading took     106.175000 us
  Sample 95...
Starting computation...
    Writing took     2.786232 ms
    Computation took 219.157815 ms
    Reading took     104.169000 us
  Sample 96...
Starting computation...
    Writing took     2.751363 ms
    Computation took 219.160099 ms
    Reading took     97.514000 us
  Sample 97...
Starting computation...
    Writing took     2.533917 ms
    Computation took 219.133840 ms
    Reading took     104.803000 us
  Sample 98...
Starting computation...
    Writing took     2.677914 ms
    Computation took 219.129055 ms
    Reading took     106.933000 us
  Sample 99...
Starting computation...
    Writing took     2.798233 ms
    Computation took 219.173010 ms
    Reading took     103.926000 us
Mean computation time: 219.129580 ms
Mean deviation: 37.432000 us (0.0170821%)
Mean computation time (per hash): 5.922420 ms
Mean deviation (per hash): 1.011000 us
