Using device #0: CUDA Device 'GeForce GTX 1080 Ti'
  Sample 0...
Starting computation...
    Writing took     3.904946 ms
    Computation took 224.932700 ms
    Reading took     164.218000 us
  Sample 1...
Starting computation...
    Writing took     3.966421 ms
    Computation took 224.715773 ms
    Reading took     152.706000 us
  Sample 2...
Starting computation...
    Writing took     3.674765 ms
    Computation took 224.898822 ms
    Reading took     161.349000 us
  Sample 3...
Starting computation...
    Writing took     4.088164 ms
    Computation took 224.745125 ms
    Reading took     154.602000 us
  Sample 4...
Starting computation...
    Writing took     3.609932 ms
    Computation took 224.958772 ms
    Reading took     145.302000 us
  Sample 5...
Starting computation...
    Writing took     3.543501 ms
    Computation took 224.914466 ms
    Reading took     154.404000 us
  Sample 6...
Starting computation...
    Writing took     3.744547 ms
    Computation took 224.886367 ms
    Reading took     165.606000 us
  Sample 7...
Starting computation...
    Writing took     4.054045 ms
    Computation took 224.763439 ms
    Reading took     173.381000 us
  Sample 8...
Starting computation...
    Writing took     4.405551 ms
    Computation took 224.837161 ms
    Reading took     194.500000 us
  Sample 9...
Starting computation...
    Writing took     4.101558 ms
    Computation took 224.820026 ms
    Reading took     157.701000 us
  Sample 10...
Starting computation...
    Writing took     3.948299 ms
    Computation took 224.702057 ms
    Reading took     166.846000 us
  Sample 11...
Starting computation...
    Writing took     4.202362 ms
    Computation took 225.034614 ms
    Reading took     159.697000 us
  Sample 12...
Starting computation...
    Writing took     3.884053 ms
    Computation took 224.801338 ms
    Reading took     145.351000 us
  Sample 13...
Starting computation...
    Writing took     3.706457 ms
    Computation took 225.152240 ms
    Reading took     154.553000 us
  Sample 14...
Starting computation...
    Writing took     3.800951 ms
    Computation took 224.997933 ms
    Reading took     151.981000 us
  Sample 15...
Starting computation...
    Writing took     3.494050 ms
    Computation took 224.940623 ms
    Reading took     290.524000 us
  Sample 16...
Starting computation...
    Writing took     7.799565 ms
    Computation took 225.188031 ms
    Reading took     230.291000 us
  Sample 17...
Starting computation...
    Writing took     6.089626 ms
    Computation took 224.912917 ms
    Reading took     133.596000 us
  Sample 18...
Starting computation...
    Writing took     3.484856 ms
    Computation took 225.015108 ms
    Reading took     146.414000 us
  Sample 19...
Starting computation...
    Writing took     3.940116 ms
    Computation took 224.980768 ms
    Reading took     141.615000 us
  Sample 20...
Starting computation...
    Writing took     3.800733 ms
    Computation took 224.942464 ms
    Reading took     140.950000 us
  Sample 21...
Starting computation...
    Writing took     3.795468 ms
    Computation took 224.854049 ms
    Reading took     139.399000 us
  Sample 22...
Starting computation...
    Writing took     3.747022 ms
    Computation took 225.127022 ms
    Reading took     143.265000 us
  Sample 23...
Starting computation...
    Writing took     3.744107 ms
    Computation took 225.168659 ms
    Reading took     145.909000 us
  Sample 24...
Starting computation...
    Writing took     3.907097 ms
    Computation took 224.983712 ms
    Reading took     205.890000 us
  Sample 25...
Starting computation...
    Writing took     6.416080 ms
    Computation took 225.081708 ms
    Reading took     167.244000 us
  Sample 26...
Starting computation...
    Writing took     4.624128 ms
    Computation took 224.758444 ms
    Reading took     134.747000 us
  Sample 27...
Starting computation...
    Writing took     3.502724 ms
    Computation took 225.468642 ms
    Reading took     134.023000 us
  Sample 28...
Starting computation...
    Writing took     3.547334 ms
    Computation took 226.109429 ms
    Reading took     141.054000 us
  Sample 29...
Starting computation...
    Writing took     3.711310 ms
    Computation took 226.149310 ms
    Reading took     154.700000 us
  Sample 30...
Starting computation...
    Writing took     3.827163 ms
    Computation took 225.997823 ms
    Reading took     151.823000 us
  Sample 31...
Starting computation...
    Writing took     3.914271 ms
    Computation took 226.082236 ms
    Reading took     160.824000 us
  Sample 32...
Starting computation...
    Writing took     4.151900 ms
    Computation took 225.974522 ms
    Reading took     151.496000 us
  Sample 33...
Starting computation...
    Writing took     3.830429 ms
    Computation took 226.031634 ms
    Reading took     136.015000 us
  Sample 34...
Starting computation...
    Writing took     3.487841 ms
    Computation took 226.093681 ms
    Reading took     148.818000 us
  Sample 35...
Starting computation...
    Writing took     3.852428 ms
    Computation took 225.960216 ms
    Reading took     134.071000 us
  Sample 36...
Starting computation...
    Writing took     3.555414 ms
    Computation took 225.898086 ms
    Reading took     151.206000 us
  Sample 37...
Starting computation...
    Writing took     4.099250 ms
    Computation took 226.096457 ms
    Reading took     155.014000 us
  Sample 38...
Starting computation...
    Writing took     4.288514 ms
    Computation took 225.966801 ms
    Reading took     134.527000 us
  Sample 39...
Starting computation...
    Writing took     3.599216 ms
    Computation took 225.890715 ms
    Reading took     152.136000 us
  Sample 40...
Starting computation...
    Writing took     4.146839 ms
    Computation took 225.976467 ms
    Reading took     146.486000 us
  Sample 41...
Starting computation...
    Writing took     3.931104 ms
    Computation took 225.947454 ms
    Reading took     151.474000 us
  Sample 42...
Starting computation...
    Writing took     3.989510 ms
    Computation took 226.259276 ms
    Reading took     181.794000 us
  Sample 43...
Starting computation...
    Writing took     4.029996 ms
    Computation took 226.107461 ms
    Reading took     134.197000 us
  Sample 44...
Starting computation...
    Writing took     3.505994 ms
    Computation took 225.994869 ms
    Reading took     187.935000 us
  Sample 45...
Starting computation...
    Writing took     3.788380 ms
    Computation took 226.165348 ms
    Reading took     149.329000 us
  Sample 46...
Starting computation...
    Writing took     3.794375 ms
    Computation took 225.950125 ms
    Reading took     163.000000 us
  Sample 47...
Starting computation...
    Writing took     3.543276 ms
    Computation took 225.889917 ms
    Reading took     283.158000 us
  Sample 48...
Starting computation...
    Writing took     7.838751 ms
    Computation took 225.957433 ms
    Reading took     153.592000 us
  Sample 49...
Starting computation...
    Writing took     3.590235 ms
    Computation took 225.727422 ms
    Reading took     153.870000 us
  Sample 50...
Starting computation...
    Writing took     3.737858 ms
    Computation took 226.016543 ms
    Reading took     158.164000 us
  Sample 51...
Starting computation...
    Writing took     6.659574 ms
    Computation took 226.093281 ms
    Reading took     182.778000 us
  Sample 52...
Starting computation...
    Writing took     4.577446 ms
    Computation took 226.043579 ms
    Reading took     145.310000 us
  Sample 53...
Starting computation...
    Writing took     3.654052 ms
    Computation took 225.915690 ms
    Reading took     153.716000 us
  Sample 54...
Starting computation...
    Writing took     3.848439 ms
    Computation took 225.937335 ms
    Reading took     149.782000 us
  Sample 55...
Starting computation...
    Writing took     3.665487 ms
    Computation took 226.010738 ms
    Reading took     143.402000 us
  Sample 56...
Starting computation...
    Writing took     3.453671 ms
    Computation took 225.840230 ms
    Reading took     148.173000 us
  Sample 57...
Starting computation...
    Writing took     3.537708 ms
    Computation took 225.903762 ms
    Reading took     145.524000 us
  Sample 58...
Starting computation...
    Writing took     3.640871 ms
    Computation took 225.952559 ms
    Reading took     153.892000 us
  Sample 59...
Starting computation...
    Writing took     3.746794 ms
    Computation took 225.971816 ms
    Reading took     151.438000 us
  Sample 60...
Starting computation...
    Writing took     3.732437 ms
    Computation took 225.883915 ms
    Reading took     148.474000 us
  Sample 61...
Starting computation...
    Writing took     3.558048 ms
    Computation took 226.050177 ms
    Reading took     162.712000 us
  Sample 62...
Starting computation...
    Writing took     4.117711 ms
    Computation took 225.718253 ms
    Reading took     169.513000 us
  Sample 63...
Starting computation...
    Writing took     4.375419 ms
    Computation took 225.959924 ms
    Reading took     172.644000 us
  Sample 64...
Starting computation...
    Writing took     4.339696 ms
    Computation took 226.102987 ms
    Reading took     276.518000 us
  Sample 65...
Starting computation...
    Writing took     8.064437 ms
    Computation took 226.042375 ms
    Reading took     143.429000 us
  Sample 66...
Starting computation...
    Writing took     3.762002 ms
    Computation took 225.966235 ms
    Reading took     133.550000 us
  Sample 67...
Starting computation...
    Writing took     3.563554 ms
    Computation took 226.239791 ms
    Reading took     134.713000 us
  Sample 68...
Starting computation...
    Writing took     3.469804 ms
    Computation took 226.005081 ms
    Reading took     133.390000 us
  Sample 69...
Starting computation...
    Writing took     3.578001 ms
    Computation took 226.242821 ms
    Reading took     175.227000 us
  Sample 70...
Starting computation...
    Writing took     3.734241 ms
    Computation took 226.122525 ms
    Reading took     142.038000 us
  Sample 71...
Starting computation...
    Writing took     3.790797 ms
    Computation took 225.876511 ms
    Reading took     141.232000 us
  Sample 72...
Starting computation...
    Writing took     3.750844 ms
    Computation took 225.949444 ms
    Reading took     135.041000 us
  Sample 73...
Starting computation...
    Writing took     3.664412 ms
    Computation took 225.973358 ms
    Reading took     134.393000 us
  Sample 74...
Starting computation...
    Writing took     3.556157 ms
    Computation took 225.802566 ms
    Reading took     134.922000 us
  Sample 75...
Starting computation...
    Writing took     3.733442 ms
    Computation took 225.958173 ms
    Reading took     145.600000 us
  Sample 76...
Starting computation...
    Writing took     3.900717 ms
    Computation took 226.213653 ms
    Reading took     166.804000 us
  Sample 77...
Starting computation...
    Writing took     4.630838 ms
    Computation took 226.032117 ms
    Reading took     225.936000 us
  Sample 78...
Starting computation...
    Writing took     4.984438 ms
    Computation took 225.994316 ms
    Reading took     142.184000 us
  Sample 79...
Starting computation...
    Writing took     3.772883 ms
    Computation took 226.016867 ms
    Reading took     145.018000 us
  Sample 80...
Starting computation...
    Writing took     3.856912 ms
    Computation took 226.048959 ms
    Reading took     168.878000 us
  Sample 81...
Starting computation...
    Writing took     4.066519 ms
    Computation took 225.965679 ms
    Reading took     150.410000 us
  Sample 82...
Starting computation...
    Writing took     4.047335 ms
    Computation took 226.027031 ms
    Reading took     165.788000 us
  Sample 83...
Starting computation...
    Writing took     4.198069 ms
    Computation took 226.143956 ms
    Reading took     145.692000 us
  Sample 84...
Starting computation...
    Writing took     3.980304 ms
    Computation took 225.960983 ms
    Reading took     160.090000 us
  Sample 85...
Starting computation...
    Writing took     4.364405 ms
    Computation took 226.068519 ms
    Reading took     163.804000 us
  Sample 86...
Starting computation...
    Writing took     4.409620 ms
    Computation took 225.978797 ms
    Reading took     190.203000 us
  Sample 87...
Starting computation...
    Writing took     4.929564 ms
    Computation took 226.073287 ms
    Reading took     166.040000 us
  Sample 88...
Starting computation...
    Writing took     4.512050 ms
    Computation took 226.141440 ms
    Reading took     165.264000 us
  Sample 89...
Starting computation...
    Writing took     4.407070 ms
    Computation took 226.069793 ms
    Reading took     142.126000 us
  Sample 90...
Starting computation...
    Writing took     3.723113 ms
    Computation took 225.831545 ms
    Reading took     156.930000 us
  Sample 91...
Starting computation...
    Writing took     3.910516 ms
    Computation took 226.096915 ms
    Reading took     158.928000 us
  Sample 92...
Starting computation...
    Writing took     4.239617 ms
    Computation took 226.044376 ms
    Reading took     162.255000 us
  Sample 93...
Starting computation...
    Writing took     4.398525 ms
    Computation took 225.735766 ms
    Reading took     168.383000 us
  Sample 94...
Starting computation...
    Writing took     4.374152 ms
    Computation took 225.689317 ms
    Reading took     157.768000 us
  Sample 95...
Starting computation...
    Writing took     4.212042 ms
    Computation took 225.915595 ms
    Reading took     164.620000 us
  Sample 96...
Starting computation...
    Writing took     4.409078 ms
    Computation took 225.825980 ms
    Reading took     153.873000 us
  Sample 97...
Starting computation...
    Writing took     4.485630 ms
    Computation took 226.010739 ms
    Reading took     155.702000 us
  Sample 98...
Starting computation...
    Writing took     4.214104 ms
    Computation took 226.003605 ms
    Reading took     160.993000 us
  Sample 99...
Starting computation...
    Writing took     4.368075 ms
    Computation took 225.855753 ms
    Reading took     158.504000 us
Mean computation time: 225.701343 ms
Mean deviation: 421.333000 us (0.186677%)
Mean computation time (per hash): 3.700021 ms
Mean deviation (per hash): 6.907000 us
