Using device #0: CUDA Device 'GeForce GTX 1080 Ti'
  Sample 0...
Starting computation...
    Writing took     6.792057 ms
    Computation took 245.249670 ms
    Reading took     213.875000 us
  Sample 1...
Starting computation...
    Writing took     5.360318 ms
    Computation took 245.133351 ms
    Reading took     342.080000 us
  Sample 2...
Starting computation...
    Writing took     9.295867 ms
    Computation took 245.153287 ms
    Reading took     225.346000 us
  Sample 3...
Starting computation...
    Writing took     5.365712 ms
    Computation took 245.169832 ms
    Reading took     322.100000 us
  Sample 4...
Starting computation...
    Writing took     9.218114 ms
    Computation took 245.197676 ms
    Reading took     310.762000 us
  Sample 5...
Starting computation...
    Writing took     8.904367 ms
    Computation took 245.107009 ms
    Reading took     200.844000 us
  Sample 6...
Starting computation...
    Writing took     4.563551 ms
    Computation took 245.140089 ms
    Reading took     156.624000 us
  Sample 7...
Starting computation...
    Writing took     4.290192 ms
    Computation took 245.008846 ms
    Reading took     164.563000 us
  Sample 8...
Starting computation...
    Writing took     4.809705 ms
    Computation took 245.148444 ms
    Reading took     168.850000 us
  Sample 9...
Starting computation...
    Writing took     4.555274 ms
    Computation took 245.068418 ms
    Reading took     185.665000 us
  Sample 10...
Starting computation...
    Writing took     4.836101 ms
    Computation took 245.163829 ms
    Reading took     211.322000 us
  Sample 11...
Starting computation...
    Writing took     5.720116 ms
    Computation took 245.128874 ms
    Reading took     211.991000 us
  Sample 12...
Starting computation...
    Writing took     5.736823 ms
    Computation took 245.013530 ms
    Reading took     235.873000 us
  Sample 13...
Starting computation...
    Writing took     5.745654 ms
    Computation took 245.170672 ms
    Reading took     167.018000 us
  Sample 14...
Starting computation...
    Writing took     4.452216 ms
    Computation took 245.172305 ms
    Reading took     209.027000 us
  Sample 15...
Starting computation...
    Writing took     5.305150 ms
    Computation took 245.172098 ms
    Reading took     215.960000 us
  Sample 16...
Starting computation...
    Writing took     5.310365 ms
    Computation took 245.206529 ms
    Reading took     208.560000 us
  Sample 17...
Starting computation...
    Writing took     5.391464 ms
    Computation took 245.128522 ms
    Reading took     333.279000 us
  Sample 18...
Starting computation...
    Writing took     9.297371 ms
    Computation took 245.159178 ms
    Reading took     210.165000 us
  Sample 19...
Starting computation...
    Writing took     5.322508 ms
    Computation took 245.112235 ms
    Reading took     326.366000 us
  Sample 20...
Starting computation...
    Writing took     9.038675 ms
    Computation took 245.227201 ms
    Reading took     329.238000 us
  Sample 21...
Starting computation...
    Writing took     9.161257 ms
    Computation took 245.200933 ms
    Reading took     323.411000 us
  Sample 22...
Starting computation...
    Writing took     9.165351 ms
    Computation took 245.246026 ms
    Reading took     330.545000 us
  Sample 23...
Starting computation...
    Writing took     9.014415 ms
    Computation took 245.167962 ms
    Reading took     311.986000 us
  Sample 24...
Starting computation...
    Writing took     8.995995 ms
    Computation took 245.164680 ms
    Reading took     289.541000 us
  Sample 25...
Starting computation...
    Writing took     5.416238 ms
    Computation took 245.134683 ms
    Reading took     207.008000 us
  Sample 26...
Starting computation...
    Writing took     5.356358 ms
    Computation took 245.194512 ms
    Reading took     211.511000 us
  Sample 27...
Starting computation...
    Writing took     5.370163 ms
    Computation took 245.086981 ms
    Reading took     207.640000 us
  Sample 28...
Starting computation...
    Writing took     5.337219 ms
    Computation took 245.215588 ms
    Reading took     320.557000 us
  Sample 29...
Starting computation...
    Writing took     9.083859 ms
    Computation took 245.119854 ms
    Reading took     311.406000 us
  Sample 30...
Starting computation...
    Writing took     8.705713 ms
    Computation took 245.136278 ms
    Reading took     228.926000 us
  Sample 31...
Starting computation...
    Writing took     6.407668 ms
    Computation took 245.197984 ms
    Reading took     302.207000 us
  Sample 32...
Starting computation...
    Writing took     8.872549 ms
    Computation took 245.141455 ms
    Reading took     275.594000 us
  Sample 33...
Starting computation...
    Writing took     7.534815 ms
    Computation took 245.187148 ms
    Reading took     211.197000 us
  Sample 34...
Starting computation...
    Writing took     5.735798 ms
    Computation took 245.198698 ms
    Reading took     209.932000 us
  Sample 35...
Starting computation...
    Writing took     5.770980 ms
    Computation took 245.147844 ms
    Reading took     197.280000 us
  Sample 36...
Starting computation...
    Writing took     5.319197 ms
    Computation took 245.058607 ms
    Reading took     205.652000 us
  Sample 37...
Starting computation...
    Writing took     5.321627 ms
    Computation took 245.226153 ms
    Reading took     195.120000 us
  Sample 38...
Starting computation...
    Writing took     5.338274 ms
    Computation took 245.108345 ms
    Reading took     188.001000 us
  Sample 39...
Starting computation...
    Writing took     4.943361 ms
    Computation took 245.190026 ms
    Reading took     192.067000 us
  Sample 40...
Starting computation...
    Writing took     4.634396 ms
    Computation took 245.178677 ms
    Reading took     331.788000 us
  Sample 41...
Starting computation...
    Writing took     7.722575 ms
    Computation took 245.156456 ms
    Reading took     207.836000 us
  Sample 42...
Starting computation...
    Writing took     5.385266 ms
    Computation took 245.106249 ms
    Reading took     167.366000 us
  Sample 43...
Starting computation...
    Writing took     4.369288 ms
    Computation took 245.144875 ms
    Reading took     191.831000 us
  Sample 44...
Starting computation...
    Writing took     4.310724 ms
    Computation took 245.095981 ms
    Reading took     169.184000 us
  Sample 45...
Starting computation...
    Writing took     4.256430 ms
    Computation took 245.214586 ms
    Reading took     167.801000 us
  Sample 46...
Starting computation...
    Writing took     4.285613 ms
    Computation took 245.361263 ms
    Reading took     179.180000 us
  Sample 47...
Starting computation...
    Writing took     4.521855 ms
    Computation took 245.339445 ms
    Reading took     176.603000 us
  Sample 48...
Starting computation...
    Writing took     4.490903 ms
    Computation took 245.438121 ms
    Reading took     183.623000 us
  Sample 49...
Starting computation...
    Writing took     4.493957 ms
    Computation took 245.366354 ms
    Reading took     207.047000 us
  Sample 50...
Starting computation...
    Writing took     4.723120 ms
    Computation took 245.318097 ms
    Reading took     188.314000 us
  Sample 51...
Starting computation...
    Writing took     4.936216 ms
    Computation took 245.336682 ms
    Reading took     193.736000 us
  Sample 52...
Starting computation...
    Writing took     4.736373 ms
    Computation took 245.344921 ms
    Reading took     188.565000 us
  Sample 53...
Starting computation...
    Writing took     4.819411 ms
    Computation took 245.347732 ms
    Reading took     187.220000 us
  Sample 54...
Starting computation...
    Writing took     4.851459 ms
    Computation took 245.386673 ms
    Reading took     187.378000 us
  Sample 55...
Starting computation...
    Writing took     4.828704 ms
    Computation took 245.400185 ms
    Reading took     181.721000 us
  Sample 56...
Starting computation...
    Writing took     4.672575 ms
    Computation took 245.404211 ms
    Reading took     241.641000 us
  Sample 57...
Starting computation...
    Writing took     4.873529 ms
    Computation took 245.402651 ms
    Reading took     186.782000 us
  Sample 58...
Starting computation...
    Writing took     4.826367 ms
    Computation took 245.325138 ms
    Reading took     181.910000 us
  Sample 59...
Starting computation...
    Writing took     4.634938 ms
    Computation took 245.357656 ms
    Reading took     177.280000 us
  Sample 60...
Starting computation...
    Writing took     4.526423 ms
    Computation took 245.385858 ms
    Reading took     174.329000 us
  Sample 61...
Starting computation...
    Writing took     4.512758 ms
    Computation took 245.356545 ms
    Reading took     291.516000 us
  Sample 62...
Starting computation...
    Writing took     7.440934 ms
    Computation took 245.423151 ms
    Reading took     220.718000 us
  Sample 63...
Starting computation...
    Writing took     5.764987 ms
    Computation took 245.335986 ms
    Reading took     224.462000 us
  Sample 64...
Starting computation...
    Writing took     5.760668 ms
    Computation took 245.403420 ms
    Reading took     168.041000 us
  Sample 65...
Starting computation...
    Writing took     4.127436 ms
    Computation took 245.380537 ms
    Reading took     178.342000 us
  Sample 66...
Starting computation...
    Writing took     4.543536 ms
    Computation took 245.303491 ms
    Reading took     167.367000 us
  Sample 67...
Starting computation...
    Writing took     4.513989 ms
    Computation took 245.348628 ms
    Reading took     183.482000 us
  Sample 68...
Starting computation...
    Writing took     4.647996 ms
    Computation took 245.320780 ms
    Reading took     181.167000 us
  Sample 69...
Starting computation...
    Writing took     4.757629 ms
    Computation took 245.312953 ms
    Reading took     184.132000 us
  Sample 70...
Starting computation...
    Writing took     4.649643 ms
    Computation took 245.448250 ms
    Reading took     179.629000 us
  Sample 71...
Starting computation...
    Writing took     7.075216 ms
    Computation took 245.410675 ms
    Reading took     245.073000 us
  Sample 72...
Starting computation...
    Writing took     5.099711 ms
    Computation took 245.287356 ms
    Reading took     307.234000 us
  Sample 73...
Starting computation...
    Writing took     9.070103 ms
    Computation took 245.534622 ms
    Reading took     275.000000 us
  Sample 74...
Starting computation...
    Writing took     7.898958 ms
    Computation took 245.416265 ms
    Reading took     163.446000 us
  Sample 75...
Starting computation...
    Writing took     4.425275 ms
    Computation took 245.339797 ms
    Reading took     176.023000 us
  Sample 76...
Starting computation...
    Writing took     4.843211 ms
    Computation took 245.356237 ms
    Reading took     202.144000 us
  Sample 77...
Starting computation...
    Writing took     4.799749 ms
    Computation took 246.973360 ms
    Reading took     270.286000 us
  Sample 78...
Starting computation...
    Writing took     7.465168 ms
    Computation took 245.486038 ms
    Reading took     181.539000 us
  Sample 79...
Starting computation...
    Writing took     4.992057 ms
    Computation took 245.432257 ms
    Reading took     184.464000 us
  Sample 80...
Starting computation...
    Writing took     4.870951 ms
    Computation took 245.329866 ms
    Reading took     179.756000 us
  Sample 81...
Starting computation...
    Writing took     4.952442 ms
    Computation took 245.349191 ms
    Reading took     297.849000 us
  Sample 82...
Starting computation...
    Writing took     8.912890 ms
    Computation took 245.430493 ms
    Reading took     192.686000 us
  Sample 83...
Starting computation...
    Writing took     5.274432 ms
    Computation took 245.421206 ms
    Reading took     195.293000 us
  Sample 84...
Starting computation...
    Writing took     5.283689 ms
    Computation took 245.376870 ms
    Reading took     194.888000 us
  Sample 85...
Starting computation...
    Writing took     5.272690 ms
    Computation took 245.465478 ms
    Reading took     247.071000 us
  Sample 86...
Starting computation...
    Writing took     8.063087 ms
    Computation took 245.469396 ms
    Reading took     193.335000 us
  Sample 87...
Starting computation...
    Writing took     5.278450 ms
    Computation took 245.394571 ms
    Reading took     196.772000 us
  Sample 88...
Starting computation...
    Writing took     5.363098 ms
    Computation took 245.433332 ms
    Reading took     154.676000 us
  Sample 89...
Starting computation...
    Writing took     4.071209 ms
    Computation took 245.641047 ms
    Reading took     297.329000 us
  Sample 90...
Starting computation...
    Writing took     8.814959 ms
    Computation took 246.322253 ms
    Reading took     195.850000 us
  Sample 91...
Starting computation...
    Writing took     5.288221 ms
    Computation took 246.297828 ms
    Reading took     193.571000 us
  Sample 92...
Starting computation...
    Writing took     5.272272 ms
    Computation took 246.342252 ms
    Reading took     194.323000 us
  Sample 93...
Starting computation...
    Writing took     8.553751 ms
    Computation took 246.800774 ms
    Reading took     192.745000 us
  Sample 94...
Starting computation...
    Writing took     5.379405 ms
    Computation took 246.336619 ms
    Reading took     192.016000 us
  Sample 95...
Starting computation...
    Writing took     5.282267 ms
    Computation took 246.501681 ms
    Reading took     301.110000 us
  Sample 96...
Starting computation...
    Writing took     9.082697 ms
    Computation took 246.909352 ms
    Reading took     194.800000 us
  Sample 97...
Starting computation...
    Writing took     5.020674 ms
    Computation took 246.397414 ms
    Reading took     196.687000 us
  Sample 98...
Starting computation...
    Writing took     5.287352 ms
    Computation took 246.233339 ms
    Reading took     193.667000 us
  Sample 99...
Starting computation...
    Writing took     5.284821 ms
    Computation took 246.086605 ms
    Reading took     205.757000 us
Mean computation time: 245.399770 ms
Mean deviation: 253.378000 us (0.103251%)
Mean computation time (per hash): 3.456334 ms
Mean deviation (per hash): 3.568000 us
