Using device #0: CUDA Device 'GeForce GTX 1080 Ti'
  Sample 0...
Starting computation...
    Writing took     5.430770 ms
    Computation took 269.014126 ms
    Reading took     220.292000 us
  Sample 1...
Starting computation...
    Writing took     5.921298 ms
    Computation took 269.084158 ms
    Reading took     243.000000 us
  Sample 2...
Starting computation...
    Writing took     6.682176 ms
    Computation took 269.187298 ms
    Reading took     244.224000 us
  Sample 3...
Starting computation...
    Writing took     6.709352 ms
    Computation took 269.201923 ms
    Reading took     192.233000 us
  Sample 4...
Starting computation...
    Writing took     5.143768 ms
    Computation took 269.316123 ms
    Reading took     211.988000 us
  Sample 5...
Starting computation...
    Writing took     5.693191 ms
    Computation took 269.382603 ms
    Reading took     204.867000 us
  Sample 6...
Starting computation...
    Writing took     5.503265 ms
    Computation took 269.201622 ms
    Reading took     217.488000 us
  Sample 7...
Starting computation...
    Writing took     5.772376 ms
    Computation took 269.370428 ms
    Reading took     201.350000 us
  Sample 8...
Starting computation...
    Writing took     5.451607 ms
    Computation took 269.587844 ms
    Reading took     189.330000 us
  Sample 9...
Starting computation...
    Writing took     5.095750 ms
    Computation took 269.286073 ms
    Reading took     242.715000 us
  Sample 10...
Starting computation...
    Writing took     6.909000 ms
    Computation took 269.626763 ms
    Reading took     251.149000 us
  Sample 11...
Starting computation...
    Writing took     6.751883 ms
    Computation took 269.412590 ms
    Reading took     259.333000 us
  Sample 12...
Starting computation...
    Writing took     6.678757 ms
    Computation took 269.123166 ms
    Reading took     196.382000 us
  Sample 13...
Starting computation...
    Writing took     5.145003 ms
    Computation took 269.382928 ms
    Reading took     224.312000 us
  Sample 14...
Starting computation...
    Writing took     6.860632 ms
    Computation took 269.505627 ms
    Reading took     242.538000 us
  Sample 15...
Starting computation...
    Writing took     6.701776 ms
    Computation took 269.343945 ms
    Reading took     321.507000 us
  Sample 16...
Starting computation...
    Writing took     9.989066 ms
    Computation took 269.414594 ms
    Reading took     241.807000 us
  Sample 17...
Starting computation...
    Writing took     6.709436 ms
    Computation took 269.463589 ms
    Reading took     188.199000 us
  Sample 18...
Starting computation...
    Writing took     4.997525 ms
    Computation took 269.447397 ms
    Reading took     224.335000 us
  Sample 19...
Starting computation...
    Writing took     6.179702 ms
    Computation took 269.800529 ms
    Reading took     224.248000 us
  Sample 20...
Starting computation...
    Writing took     6.181675 ms
    Computation took 269.341891 ms
    Reading took     212.256000 us
  Sample 21...
Starting computation...
    Writing took     5.819620 ms
    Computation took 269.529687 ms
    Reading took     198.366000 us
  Sample 22...
Starting computation...
    Writing took     5.149580 ms
    Computation took 269.620509 ms
    Reading took     196.880000 us
  Sample 23...
Starting computation...
    Writing took     4.794420 ms
    Computation took 269.577913 ms
    Reading took     4.478804 ms
  Sample 24...
Starting computation...
    Writing took     11.851052 ms
    Computation took 269.539110 ms
    Reading took     236.649000 us
  Sample 25...
Starting computation...
    Writing took     6.374056 ms
    Computation took 269.635787 ms
    Reading took     274.371000 us
  Sample 26...
Starting computation...
    Writing took     8.296010 ms
    Computation took 269.510500 ms
    Reading took     338.923000 us
  Sample 27...
Starting computation...
    Writing took     8.717789 ms
    Computation took 269.871017 ms
    Reading took     316.409000 us
  Sample 28...
Starting computation...
    Writing took     9.168030 ms
    Computation took 269.712610 ms
    Reading took     202.408000 us
  Sample 29...
Starting computation...
    Writing took     5.556077 ms
    Computation took 269.555504 ms
    Reading took     184.216000 us
  Sample 30...
Starting computation...
    Writing took     5.052382 ms
    Computation took 269.676701 ms
    Reading took     192.710000 us
  Sample 31...
Starting computation...
    Writing took     5.146945 ms
    Computation took 269.838260 ms
    Reading took     211.052000 us
  Sample 32...
Starting computation...
    Writing took     4.945764 ms
    Computation took 269.572943 ms
    Reading took     191.339000 us
  Sample 33...
Starting computation...
    Writing took     5.131451 ms
    Computation took 269.810915 ms
    Reading took     180.939000 us
  Sample 34...
Starting computation...
    Writing took     4.839477 ms
    Computation took 269.928773 ms
    Reading took     324.330000 us
  Sample 35...
Starting computation...
    Writing took     7.375751 ms
    Computation took 269.759043 ms
    Reading took     281.696000 us
  Sample 36...
Starting computation...
    Writing took     8.321590 ms
    Computation took 269.505596 ms
    Reading took     210.495000 us
  Sample 37...
Starting computation...
    Writing took     5.722667 ms
    Computation took 269.821114 ms
    Reading took     289.366000 us
  Sample 38...
Starting computation...
    Writing took     9.281487 ms
    Computation took 269.726996 ms
    Reading took     223.206000 us
  Sample 39...
Starting computation...
    Writing took     6.143577 ms
    Computation took 270.058933 ms
    Reading took     365.433000 us
  Sample 40...
Starting computation...
    Writing took     9.155831 ms
    Computation took 269.712363 ms
    Reading took     252.891000 us
  Sample 41...
Starting computation...
    Writing took     6.735498 ms
    Computation took 269.805895 ms
    Reading took     294.741000 us
  Sample 42...
Starting computation...
    Writing took     6.849906 ms
    Computation took 269.921911 ms
    Reading took     273.576000 us
  Sample 43...
Starting computation...
    Writing took     6.086455 ms
    Computation took 269.725476 ms
    Reading took     435.790000 us
  Sample 44...
Starting computation...
    Writing took     11.577969 ms
    Computation took 269.934878 ms
    Reading took     264.927000 us
  Sample 45...
Starting computation...
    Writing took     6.707699 ms
    Computation took 270.200496 ms
    Reading took     253.451000 us
  Sample 46...
Starting computation...
    Writing took     6.640251 ms
    Computation took 269.956473 ms
    Reading took     207.758000 us
  Sample 47...
Starting computation...
    Writing took     4.794714 ms
    Computation took 270.016434 ms
    Reading took     198.326000 us
  Sample 48...
Starting computation...
    Writing took     4.795283 ms
    Computation took 270.325138 ms
    Reading took     205.992000 us
  Sample 49...
Starting computation...
    Writing took     4.872959 ms
    Computation took 270.077170 ms
    Reading took     226.410000 us
  Sample 50...
Starting computation...
    Writing took     6.203712 ms
    Computation took 270.083238 ms
    Reading took     212.867000 us
  Sample 51...
Starting computation...
    Writing took     5.112758 ms
    Computation took 270.208166 ms
    Reading took     231.471000 us
  Sample 52...
Starting computation...
    Writing took     4.866850 ms
    Computation took 271.815149 ms
    Reading took     437.061000 us
  Sample 53...
Starting computation...
    Writing took     12.194664 ms
    Computation took 269.938151 ms
    Reading took     242.760000 us
  Sample 54...
Starting computation...
    Writing took     6.708587 ms
    Computation took 270.094878 ms
    Reading took     226.570000 us
  Sample 55...
Starting computation...
    Writing took     5.565366 ms
    Computation took 270.022341 ms
    Reading took     241.636000 us
  Sample 56...
Starting computation...
    Writing took     6.696278 ms
    Computation took 270.206015 ms
    Reading took     406.691000 us
  Sample 57...
Starting computation...
    Writing took     10.736308 ms
    Computation took 270.025473 ms
    Reading took     336.950000 us
  Sample 58...
Starting computation...
    Writing took     9.039994 ms
    Computation took 270.115532 ms
    Reading took     256.399000 us
  Sample 59...
Starting computation...
    Writing took     6.800804 ms
    Computation took 270.293585 ms
    Reading took     255.198000 us
  Sample 60...
Starting computation...
    Writing took     6.765400 ms
    Computation took 270.073058 ms
    Reading took     380.304000 us
  Sample 61...
Starting computation...
    Writing took     10.060136 ms
    Computation took 270.121770 ms
    Reading took     254.331000 us
  Sample 62...
Starting computation...
    Writing took     6.731716 ms
    Computation took 270.377112 ms
    Reading took     252.753000 us
  Sample 63...
Starting computation...
    Writing took     6.801753 ms
    Computation took 270.264233 ms
    Reading took     231.331000 us
  Sample 64...
Starting computation...
    Writing took     6.093465 ms
    Computation took 270.107627 ms
    Reading took     218.687000 us
  Sample 65...
Starting computation...
    Writing took     4.836451 ms
    Computation took 270.363894 ms
    Reading took     249.109000 us
  Sample 66...
Starting computation...
    Writing took     7.105435 ms
    Computation took 270.054349 ms
    Reading took     242.725000 us
  Sample 67...
Starting computation...
    Writing took     6.186283 ms
    Computation took 270.032063 ms
    Reading took     215.923000 us
  Sample 68...
Starting computation...
    Writing took     4.883452 ms
    Computation took 270.369627 ms
    Reading took     368.732000 us
  Sample 69...
Starting computation...
    Writing took     9.978118 ms
    Computation took 269.975930 ms
    Reading took     235.366000 us
  Sample 70...
Starting computation...
    Writing took     6.230223 ms
    Computation took 270.361938 ms
    Reading took     222.747000 us
  Sample 71...
Starting computation...
    Writing took     5.781842 ms
    Computation took 270.580354 ms
    Reading took     237.290000 us
  Sample 72...
Starting computation...
    Writing took     6.087265 ms
    Computation took 270.296964 ms
    Reading took     194.838000 us
  Sample 73...
Starting computation...
    Writing took     4.905452 ms
    Computation took 270.604157 ms
    Reading took     254.605000 us
  Sample 74...
Starting computation...
    Writing took     6.707252 ms
    Computation took 270.327902 ms
    Reading took     265.318000 us
  Sample 75...
Starting computation...
    Writing took     6.752767 ms
    Computation took 270.195402 ms
    Reading took     233.156000 us
  Sample 76...
Starting computation...
    Writing took     6.190278 ms
    Computation took 270.435138 ms
    Reading took     241.916000 us
  Sample 77...
Starting computation...
    Writing took     7.457606 ms
    Computation took 270.284146 ms
    Reading took     242.703000 us
  Sample 78...
Starting computation...
    Writing took     6.186799 ms
    Computation took 270.375863 ms
    Reading took     237.761000 us
  Sample 79...
Starting computation...
    Writing took     6.687450 ms
    Computation took 270.456548 ms
    Reading took     220.392000 us
  Sample 80...
Starting computation...
    Writing took     5.622934 ms
    Computation took 270.198253 ms
    Reading took     234.853000 us
  Sample 81...
Starting computation...
    Writing took     6.200017 ms
    Computation took 270.312879 ms
    Reading took     239.766000 us
  Sample 82...
Starting computation...
    Writing took     5.888021 ms
    Computation took 270.569544 ms
    Reading took     192.662000 us
  Sample 83...
Starting computation...
    Writing took     4.842442 ms
    Computation took 270.291119 ms
    Reading took     242.359000 us
  Sample 84...
Starting computation...
    Writing took     5.922084 ms
    Computation took 270.581078 ms
    Reading took     193.280000 us
  Sample 85...
Starting computation...
    Writing took     4.904801 ms
    Computation took 270.635277 ms
    Reading took     242.606000 us
  Sample 86...
Starting computation...
    Writing took     6.217568 ms
    Computation took 270.308495 ms
    Reading took     287.474000 us
  Sample 87...
Starting computation...
    Writing took     6.500116 ms
    Computation took 270.444725 ms
    Reading took     194.887000 us
  Sample 88...
Starting computation...
    Writing took     4.906877 ms
    Computation took 270.510691 ms
    Reading took     318.617000 us
  Sample 89...
Starting computation...
    Writing took     9.967799 ms
    Computation took 270.438743 ms
    Reading took     340.222000 us
  Sample 90...
Starting computation...
    Writing took     7.410813 ms
    Computation took 270.422532 ms
    Reading took     234.819000 us
  Sample 91...
Starting computation...
    Writing took     6.238456 ms
    Computation took 270.351474 ms
    Reading took     229.775000 us
  Sample 92...
Starting computation...
    Writing took     6.135998 ms
    Computation took 270.479812 ms
    Reading took     238.527000 us
  Sample 93...
Starting computation...
    Writing took     6.147234 ms
    Computation took 270.814714 ms
    Reading took     228.434000 us
  Sample 94...
Starting computation...
    Writing took     6.040297 ms
    Computation took 270.525065 ms
    Reading took     192.752000 us
  Sample 95...
Starting computation...
    Writing took     4.918547 ms
    Computation took 270.402102 ms
    Reading took     236.499000 us
  Sample 96...
Starting computation...
    Writing took     6.168406 ms
    Computation took 270.764963 ms
    Reading took     191.966000 us
  Sample 97...
Starting computation...
    Writing took     4.979706 ms
    Computation took 270.414605 ms
    Reading took     208.233000 us
  Sample 98...
Starting computation...
    Writing took     5.351527 ms
    Computation took 270.400359 ms
    Reading took     229.065000 us
  Sample 99...
Starting computation...
    Writing took     6.124826 ms
    Computation took 270.870551 ms
    Reading took     215.818000 us
Mean computation time: 269.986209 ms
Mean deviation: 393.851000 us (0.145878%)
Mean computation time (per hash): 3.252845 ms
Mean deviation (per hash): 4.745000 us
