Using device #0: CUDA Device 'GeForce GTX 1080 Ti'
  Sample 0...
Starting computation...
    Writing took     7.237972 ms
    Computation took 319.200196 ms
    Reading took     273.378000 us
  Sample 1...
Starting computation...
    Writing took     7.378755 ms
    Computation took 319.031899 ms
    Reading took     268.392000 us
  Sample 2...
Starting computation...
    Writing took     7.402954 ms
    Computation took 319.148425 ms
    Reading took     268.209000 us
  Sample 3...
Starting computation...
    Writing took     7.379481 ms
    Computation took 319.280097 ms
    Reading took     267.299000 us
  Sample 4...
Starting computation...
    Writing took     7.343172 ms
    Computation took 319.338351 ms
    Reading took     282.151000 us
  Sample 5...
Starting computation...
    Writing took     7.133896 ms
    Computation took 319.225008 ms
    Reading took     269.056000 us
  Sample 6...
Starting computation...
    Writing took     7.404636 ms
    Computation took 319.372310 ms
    Reading took     266.746000 us
  Sample 7...
Starting computation...
    Writing took     7.389459 ms
    Computation took 319.608364 ms
    Reading took     258.459000 us
  Sample 8...
Starting computation...
    Writing took     7.034199 ms
    Computation took 319.343394 ms
    Reading took     268.296000 us
  Sample 9...
Starting computation...
    Writing took     7.417753 ms
    Computation took 319.094764 ms
    Reading took     256.382000 us
  Sample 10...
Starting computation...
    Writing took     6.854233 ms
    Computation took 319.555103 ms
    Reading took     394.664000 us
  Sample 11...
Starting computation...
    Writing took     12.544997 ms
    Computation took 318.990504 ms
    Reading took     258.416000 us
  Sample 12...
Starting computation...
    Writing took     7.072410 ms
    Computation took 319.444231 ms
    Reading took     269.333000 us
  Sample 13...
Starting computation...
    Writing took     7.384461 ms
    Computation took 319.442605 ms
    Reading took     268.468000 us
  Sample 14...
Starting computation...
    Writing took     7.169718 ms
    Computation took 319.582880 ms
    Reading took     268.654000 us
  Sample 15...
Starting computation...
    Writing took     7.382944 ms
    Computation took 319.551136 ms
    Reading took     380.499000 us
  Sample 16...
Starting computation...
    Writing took     7.764848 ms
    Computation took 319.405800 ms
    Reading took     268.070000 us
  Sample 17...
Starting computation...
    Writing took     7.378069 ms
    Computation took 319.361624 ms
    Reading took     267.170000 us
  Sample 18...
Starting computation...
    Writing took     7.370248 ms
    Computation took 319.487303 ms
    Reading took     241.780000 us
  Sample 19...
Starting computation...
    Writing took     6.749712 ms
    Computation took 319.326241 ms
    Reading took     249.834000 us
  Sample 20...
Starting computation...
    Writing took     6.797492 ms
    Computation took 319.314083 ms
    Reading took     277.346000 us
  Sample 21...
Starting computation...
    Writing took     7.811701 ms
    Computation took 319.331354 ms
    Reading took     258.068000 us
  Sample 22...
Starting computation...
    Writing took     7.221338 ms
    Computation took 319.290148 ms
    Reading took     266.463000 us
  Sample 23...
Starting computation...
    Writing took     8.311701 ms
    Computation took 319.193247 ms
    Reading took     250.660000 us
  Sample 24...
Starting computation...
    Writing took     6.916124 ms
    Computation took 319.275354 ms
    Reading took     241.899000 us
  Sample 25...
Starting computation...
    Writing took     6.622397 ms
    Computation took 319.296316 ms
    Reading took     267.373000 us
  Sample 26...
Starting computation...
    Writing took     7.651320 ms
    Computation took 319.513539 ms
    Reading took     267.145000 us
  Sample 27...
Starting computation...
    Writing took     7.385664 ms
    Computation took 319.194536 ms
    Reading took     378.685000 us
  Sample 28...
Starting computation...
    Writing took     7.841541 ms
    Computation took 319.515251 ms
    Reading took     278.104000 us
  Sample 29...
Starting computation...
    Writing took     7.348594 ms
    Computation took 319.359670 ms
    Reading took     266.971000 us
  Sample 30...
Starting computation...
    Writing took     7.395061 ms
    Computation took 319.631644 ms
    Reading took     267.997000 us
  Sample 31...
Starting computation...
    Writing took     7.414501 ms
    Computation took 319.648293 ms
    Reading took     266.076000 us
  Sample 32...
Starting computation...
    Writing took     7.391847 ms
    Computation took 319.531865 ms
    Reading took     267.836000 us
  Sample 33...
Starting computation...
    Writing took     7.383089 ms
    Computation took 319.496036 ms
    Reading took     364.105000 us
  Sample 34...
Starting computation...
    Writing took     9.144529 ms
    Computation took 319.438569 ms
    Reading took     287.767000 us
  Sample 35...
Starting computation...
    Writing took     7.802154 ms
    Computation took 319.621253 ms
    Reading took     277.573000 us
  Sample 36...
Starting computation...
    Writing took     7.125737 ms
    Computation took 319.283891 ms
    Reading took     273.213000 us
  Sample 37...
Starting computation...
    Writing took     7.364061 ms
    Computation took 320.429290 ms
    Reading took     266.960000 us
  Sample 38...
Starting computation...
    Writing took     7.399001 ms
    Computation took 320.937925 ms
    Reading took     342.133000 us
  Sample 39...
Starting computation...
    Writing took     9.310903 ms
    Computation took 320.044621 ms
    Reading took     267.294000 us
  Sample 40...
Starting computation...
    Writing took     7.416964 ms
    Computation took 319.755904 ms
    Reading took     441.560000 us
  Sample 41...
Starting computation...
    Writing took     12.301963 ms
    Computation took 319.744285 ms
    Reading took     268.831000 us
  Sample 42...
Starting computation...
    Writing took     7.393774 ms
    Computation took 320.063487 ms
    Reading took     321.750000 us
  Sample 43...
Starting computation...
    Writing took     8.761594 ms
    Computation took 319.531757 ms
    Reading took     268.799000 us
  Sample 44...
Starting computation...
    Writing took     7.398072 ms
    Computation took 320.808072 ms
    Reading took     266.911000 us
  Sample 45...
Starting computation...
    Writing took     7.372970 ms
    Computation took 322.053185 ms
    Reading took     267.685000 us
  Sample 46...
Starting computation...
    Writing took     7.385068 ms
    Computation took 322.403726 ms
    Reading took     266.206000 us
  Sample 47...
Starting computation...
    Writing took     7.798669 ms
    Computation took 322.356415 ms
    Reading took     268.418000 us
  Sample 48...
Starting computation...
    Writing took     7.386920 ms
    Computation took 320.730239 ms
    Reading took     268.590000 us
  Sample 49...
Starting computation...
    Writing took     7.827899 ms
    Computation took 321.297147 ms
    Reading took     268.373000 us
  Sample 50...
Starting computation...
    Writing took     8.031039 ms
    Computation took 321.605843 ms
    Reading took     289.406000 us
  Sample 51...
Starting computation...
    Writing took     8.080208 ms
    Computation took 321.235313 ms
    Reading took     347.695000 us
  Sample 52...
Starting computation...
    Writing took     7.585447 ms
    Computation took 321.722499 ms
    Reading took     266.765000 us
  Sample 53...
Starting computation...
    Writing took     7.335996 ms
    Computation took 321.647298 ms
    Reading took     290.255000 us
  Sample 54...
Starting computation...
    Writing took     8.063785 ms
    Computation took 321.685268 ms
    Reading took     294.411000 us
  Sample 55...
Starting computation...
    Writing took     8.060323 ms
    Computation took 321.479464 ms
    Reading took     470.951000 us
  Sample 56...
Starting computation...
    Writing took     13.873538 ms
    Computation took 320.772496 ms
    Reading took     432.563000 us
  Sample 57...
Starting computation...
    Writing took     13.954182 ms
    Computation took 323.691913 ms
    Reading took     267.821000 us
  Sample 58...
Starting computation...
    Writing took     7.382787 ms
    Computation took 331.788891 ms
    Reading took     267.699000 us
  Sample 59...
Starting computation...
    Writing took     7.390168 ms
    Computation took 331.445160 ms
    Reading took     268.040000 us
  Sample 60...
Starting computation...
    Writing took     7.427576 ms
    Computation took 331.559760 ms
    Reading took     268.623000 us
  Sample 61...
Starting computation...
    Writing took     8.009976 ms
    Computation took 330.001018 ms
    Reading took     280.885000 us
  Sample 62...
Starting computation...
    Writing took     7.367016 ms
    Computation took 326.579334 ms
    Reading took     268.273000 us
  Sample 63...
Starting computation...
    Writing took     7.489017 ms
    Computation took 324.954356 ms
    Reading took     269.179000 us
  Sample 64...
Starting computation...
    Writing took     7.422173 ms
    Computation took 323.497357 ms
    Reading took     267.874000 us
  Sample 65...
Starting computation...
    Writing took     7.416137 ms
    Computation took 322.063435 ms
    Reading took     288.669000 us
  Sample 66...
Starting computation...
    Writing took     7.378834 ms
    Computation took 321.308937 ms
    Reading took     275.022000 us
  Sample 67...
Starting computation...
    Writing took     7.410127 ms
    Computation took 320.221911 ms
    Reading took     267.343000 us
  Sample 68...
Starting computation...
    Writing took     7.392141 ms
    Computation took 320.037494 ms
    Reading took     272.603000 us
  Sample 69...
Starting computation...
    Writing took     7.375741 ms
    Computation took 319.499028 ms
    Reading took     276.461000 us
  Sample 70...
Starting computation...
    Writing took     7.382948 ms
    Computation took 319.784985 ms
    Reading took     267.230000 us
  Sample 71...
Starting computation...
    Writing took     7.372432 ms
    Computation took 320.014310 ms
    Reading took     265.704000 us
  Sample 72...
Starting computation...
    Writing took     7.438037 ms
    Computation took 321.168393 ms
    Reading took     279.951000 us
  Sample 73...
Starting computation...
    Writing took     9.833151 ms
    Computation took 320.333482 ms
    Reading took     266.713000 us
  Sample 74...
Starting computation...
    Writing took     7.210175 ms
    Computation took 320.814080 ms
    Reading took     434.590000 us
  Sample 75...
Starting computation...
    Writing took     7.771815 ms
    Computation took 321.568745 ms
    Reading took     267.229000 us
  Sample 76...
Starting computation...
    Writing took     7.362907 ms
    Computation took 321.039893 ms
    Reading took     267.376000 us
  Sample 77...
Starting computation...
    Writing took     7.391030 ms
    Computation took 321.157001 ms
    Reading took     458.870000 us
  Sample 78...
Starting computation...
    Writing took     9.214407 ms
    Computation took 321.976802 ms
    Reading took     269.498000 us
  Sample 79...
Starting computation...
    Writing took     7.550843 ms
    Computation took 323.663640 ms
    Reading took     391.209000 us
  Sample 80...
Starting computation...
    Writing took     10.151829 ms
    Computation took 324.383222 ms
    Reading took     267.530000 us
  Sample 81...
Starting computation...
    Writing took     7.375953 ms
    Computation took 322.517673 ms
    Reading took     257.165000 us
  Sample 82...
Starting computation...
    Writing took     7.217422 ms
    Computation took 321.614620 ms
    Reading took     257.480000 us
  Sample 83...
Starting computation...
    Writing took     7.183636 ms
    Computation took 320.986479 ms
    Reading took     319.522000 us
  Sample 84...
Starting computation...
    Writing took     8.643704 ms
    Computation took 320.507169 ms
    Reading took     288.579000 us
  Sample 85...
Starting computation...
    Writing took     8.082637 ms
    Computation took 320.145801 ms
    Reading took     268.040000 us
  Sample 86...
Starting computation...
    Writing took     7.427684 ms
    Computation took 321.214031 ms
    Reading took     252.921000 us
  Sample 87...
Starting computation...
    Writing took     6.727271 ms
    Computation took 320.253888 ms
    Reading took     268.651000 us
  Sample 88...
Starting computation...
    Writing took     7.409587 ms
    Computation took 320.950483 ms
    Reading took     267.531000 us
  Sample 89...
Starting computation...
    Writing took     7.250483 ms
    Computation took 320.817015 ms
    Reading took     268.020000 us
  Sample 90...
Starting computation...
    Writing took     7.416863 ms
    Computation took 320.847483 ms
    Reading took     273.091000 us
  Sample 91...
Starting computation...
    Writing took     7.380128 ms
    Computation took 321.778639 ms
    Reading took     268.733000 us
  Sample 92...
Starting computation...
    Writing took     7.382258 ms
    Computation took 322.115354 ms
    Reading took     268.735000 us
  Sample 93...
Starting computation...
    Writing took     11.809667 ms
    Computation took 321.493365 ms
    Reading took     314.484000 us
  Sample 94...
Starting computation...
    Writing took     9.068682 ms
    Computation took 321.158078 ms
    Reading took     276.659000 us
  Sample 95...
Starting computation...
    Writing took     8.280065 ms
    Computation took 324.122831 ms
    Reading took     447.819000 us
  Sample 96...
Starting computation...
    Writing took     12.948322 ms
    Computation took 321.156781 ms
    Reading took     367.283000 us
  Sample 97...
Starting computation...
    Writing took     8.837570 ms
    Computation took 320.551161 ms
    Reading took     259.388000 us
  Sample 98...
Starting computation...
    Writing took     7.074431 ms
    Computation took 320.282513 ms
    Reading took     268.904000 us
  Sample 99...
Starting computation...
    Writing took     7.391556 ms
    Computation took 320.502173 ms
    Reading took     267.369000 us
Mean computation time: 321.025982 ms
Mean deviation: 1.591400 ms (0.495723%)
Mean computation time (per hash): 3.210259 ms
Mean deviation (per hash): 15.913000 us
