Using device #0: CUDA Device 'GeForce GTX 1080 Ti'
  Sample 0...
Starting computation...
    Writing took     6.782604 ms
    Computation took 299.175888 ms
    Reading took     249.294000 us
  Sample 1...
Starting computation...
    Writing took     6.688224 ms
    Computation took 299.195800 ms
    Reading took     338.284000 us
  Sample 2...
Starting computation...
    Writing took     8.810123 ms
    Computation took 299.354494 ms
    Reading took     245.901000 us
  Sample 3...
Starting computation...
    Writing took     6.711061 ms
    Computation took 299.047441 ms
    Reading took     235.294000 us
  Sample 4...
Starting computation...
    Writing took     6.424037 ms
    Computation took 299.082004 ms
    Reading took     244.132000 us
  Sample 5...
Starting computation...
    Writing took     6.722264 ms
    Computation took 299.076439 ms
    Reading took     223.263000 us
  Sample 6...
Starting computation...
    Writing took     5.950940 ms
    Computation took 299.304550 ms
    Reading took     238.530000 us
  Sample 7...
Starting computation...
    Writing took     6.454028 ms
    Computation took 299.366296 ms
    Reading took     245.998000 us
  Sample 8...
Starting computation...
    Writing took     6.865235 ms
    Computation took 299.358378 ms
    Reading took     245.816000 us
  Sample 9...
Starting computation...
    Writing took     6.737155 ms
    Computation took 299.257642 ms
    Reading took     246.593000 us
  Sample 10...
Starting computation...
    Writing took     6.673287 ms
    Computation took 299.046203 ms
    Reading took     235.583000 us
  Sample 11...
Starting computation...
    Writing took     6.474664 ms
    Computation took 299.267841 ms
    Reading took     243.155000 us
  Sample 12...
Starting computation...
    Writing took     6.837762 ms
    Computation took 299.254678 ms
    Reading took     374.360000 us
  Sample 13...
Starting computation...
    Writing took     10.594383 ms
    Computation took 299.394007 ms
    Reading took     244.442000 us
  Sample 14...
Starting computation...
    Writing took     6.722181 ms
    Computation took 299.226926 ms
    Reading took     316.738000 us
  Sample 15...
Starting computation...
    Writing took     7.063733 ms
    Computation took 299.179902 ms
    Reading took     246.694000 us
  Sample 16...
Starting computation...
    Writing took     6.710620 ms
    Computation took 299.192364 ms
    Reading took     326.595000 us
  Sample 17...
Starting computation...
    Writing took     10.038018 ms
    Computation took 299.213980 ms
    Reading took     245.570000 us
  Sample 18...
Starting computation...
    Writing took     6.747126 ms
    Computation took 299.209285 ms
    Reading took     285.832000 us
  Sample 19...
Starting computation...
    Writing took     8.014627 ms
    Computation took 299.330018 ms
    Reading took     230.780000 us
  Sample 20...
Starting computation...
    Writing took     6.177419 ms
    Computation took 299.428917 ms
    Reading took     245.177000 us
  Sample 21...
Starting computation...
    Writing took     6.730451 ms
    Computation took 299.337331 ms
    Reading took     244.118000 us
  Sample 22...
Starting computation...
    Writing took     6.682449 ms
    Computation took 299.249211 ms
    Reading took     244.877000 us
  Sample 23...
Starting computation...
    Writing took     6.711075 ms
    Computation took 299.229993 ms
    Reading took     246.452000 us
  Sample 24...
Starting computation...
    Writing took     6.697077 ms
    Computation took 299.415229 ms
    Reading took     326.896000 us
  Sample 25...
Starting computation...
    Writing took     8.990196 ms
    Computation took 299.451189 ms
    Reading took     228.655000 us
  Sample 26...
Starting computation...
    Writing took     6.230122 ms
    Computation took 299.260585 ms
    Reading took     245.010000 us
  Sample 27...
Starting computation...
    Writing took     6.735932 ms
    Computation took 299.490406 ms
    Reading took     245.950000 us
  Sample 28...
Starting computation...
    Writing took     6.692556 ms
    Computation took 299.291811 ms
    Reading took     245.454000 us
  Sample 29...
Starting computation...
    Writing took     6.716728 ms
    Computation took 299.241709 ms
    Reading took     246.073000 us
  Sample 30...
Starting computation...
    Writing took     6.691624 ms
    Computation took 299.787625 ms
    Reading took     244.387000 us
  Sample 31...
Starting computation...
    Writing took     6.417727 ms
    Computation took 299.596384 ms
    Reading took     324.803000 us
  Sample 32...
Starting computation...
    Writing took     11.223158 ms
    Computation took 299.202403 ms
    Reading took     404.921000 us
  Sample 33...
Starting computation...
    Writing took     6.901725 ms
    Computation took 299.035043 ms
    Reading took     236.565000 us
  Sample 34...
Starting computation...
    Writing took     6.643710 ms
    Computation took 299.406954 ms
    Reading took     244.860000 us
  Sample 35...
Starting computation...
    Writing took     6.711239 ms
    Computation took 299.276324 ms
    Reading took     255.662000 us
  Sample 36...
Starting computation...
    Writing took     6.687563 ms
    Computation took 299.393579 ms
    Reading took     245.740000 us
  Sample 37...
Starting computation...
    Writing took     6.718490 ms
    Computation took 299.502890 ms
    Reading took     245.034000 us
  Sample 38...
Starting computation...
    Writing took     7.032892 ms
    Computation took 299.398548 ms
    Reading took     245.536000 us
  Sample 39...
Starting computation...
    Writing took     6.692714 ms
    Computation took 299.442391 ms
    Reading took     244.453000 us
  Sample 40...
Starting computation...
    Writing took     6.715262 ms
    Computation took 299.423101 ms
    Reading took     247.373000 us
  Sample 41...
Starting computation...
    Writing took     6.691560 ms
    Computation took 299.356814 ms
    Reading took     428.193000 us
  Sample 42...
Starting computation...
    Writing took     12.553642 ms
    Computation took 299.377469 ms
    Reading took     244.164000 us
  Sample 43...
Starting computation...
    Writing took     6.702841 ms
    Computation took 299.782037 ms
    Reading took     247.570000 us
  Sample 44...
Starting computation...
    Writing took     6.784975 ms
    Computation took 299.675561 ms
    Reading took     267.980000 us
  Sample 45...
Starting computation...
    Writing took     7.957131 ms
    Computation took 299.619818 ms
    Reading took     264.480000 us
  Sample 46...
Starting computation...
    Writing took     7.751201 ms
    Computation took 299.627929 ms
    Reading took     231.698000 us
  Sample 47...
Starting computation...
    Writing took     6.189087 ms
    Computation took 299.442405 ms
    Reading took     244.193000 us
  Sample 48...
Starting computation...
    Writing took     6.628011 ms
    Computation took 299.926157 ms
    Reading took     245.041000 us
  Sample 49...
Starting computation...
    Writing took     6.945185 ms
    Computation took 299.604966 ms
    Reading took     244.359000 us
  Sample 50...
Starting computation...
    Writing took     6.737157 ms
    Computation took 300.125867 ms
    Reading took     283.674000 us
  Sample 51...
Starting computation...
    Writing took     7.736132 ms
    Computation took 299.715971 ms
    Reading took     244.155000 us
  Sample 52...
Starting computation...
    Writing took     6.720948 ms
    Computation took 299.520378 ms
    Reading took     343.257000 us
  Sample 53...
Starting computation...
    Writing took     7.630961 ms
    Computation took 299.671169 ms
    Reading took     236.856000 us
  Sample 54...
Starting computation...
    Writing took     6.581973 ms
    Computation took 300.312685 ms
    Reading took     251.460000 us
  Sample 55...
Starting computation...
    Writing took     7.045654 ms
    Computation took 300.154733 ms
    Reading took     222.770000 us
  Sample 56...
Starting computation...
    Writing took     6.177755 ms
    Computation took 299.896487 ms
    Reading took     257.256000 us
  Sample 57...
Starting computation...
    Writing took     6.536567 ms
    Computation took 299.725026 ms
    Reading took     416.089000 us
  Sample 58...
Starting computation...
    Writing took     12.233194 ms
    Computation took 299.652064 ms
    Reading took     243.486000 us
  Sample 59...
Starting computation...
    Writing took     6.693805 ms
    Computation took 299.513459 ms
    Reading took     237.544000 us
  Sample 60...
Starting computation...
    Writing took     6.631834 ms
    Computation took 300.276730 ms
    Reading took     245.842000 us
  Sample 61...
Starting computation...
    Writing took     6.722227 ms
    Computation took 300.289001 ms
    Reading took     243.831000 us
  Sample 62...
Starting computation...
    Writing took     6.722841 ms
    Computation took 300.166209 ms
    Reading took     246.495000 us
  Sample 63...
Starting computation...
    Writing took     6.701128 ms
    Computation took 299.812285 ms
    Reading took     236.129000 us
  Sample 64...
Starting computation...
    Writing took     6.683522 ms
    Computation took 300.790849 ms
    Reading took     339.717000 us
  Sample 65...
Starting computation...
    Writing took     6.712248 ms
    Computation took 300.040877 ms
    Reading took     244.266000 us
  Sample 66...
Starting computation...
    Writing took     6.669111 ms
    Computation took 300.187192 ms
    Reading took     243.793000 us
  Sample 67...
Starting computation...
    Writing took     6.700188 ms
    Computation took 299.948657 ms
    Reading took     378.962000 us
  Sample 68...
Starting computation...
    Writing took     11.108828 ms
    Computation took 300.405548 ms
    Reading took     247.043000 us
  Sample 69...
Starting computation...
    Writing took     6.693029 ms
    Computation took 300.092699 ms
    Reading took     243.204000 us
  Sample 70...
Starting computation...
    Writing took     6.689094 ms
    Computation took 300.463779 ms
    Reading took     239.122000 us
  Sample 71...
Starting computation...
    Writing took     6.699990 ms
    Computation took 299.780265 ms
    Reading took     243.582000 us
  Sample 72...
Starting computation...
    Writing took     6.727903 ms
    Computation took 300.103509 ms
    Reading took     237.233000 us
  Sample 73...
Starting computation...
    Writing took     6.482168 ms
    Computation took 300.351515 ms
    Reading took     253.161000 us
  Sample 74...
Starting computation...
    Writing took     6.680979 ms
    Computation took 300.598841 ms
    Reading took     246.276000 us
  Sample 75...
Starting computation...
    Writing took     6.709700 ms
    Computation took 300.026542 ms
    Reading took     244.115000 us
  Sample 76...
Starting computation...
    Writing took     6.730804 ms
    Computation took 300.655298 ms
    Reading took     246.208000 us
  Sample 77...
Starting computation...
    Writing took     6.729892 ms
    Computation took 300.645324 ms
    Reading took     271.772000 us
  Sample 78...
Starting computation...
    Writing took     6.975106 ms
    Computation took 300.571335 ms
    Reading took     260.400000 us
  Sample 79...
Starting computation...
    Writing took     6.758569 ms
    Computation took 300.843463 ms
    Reading took     260.816000 us
  Sample 80...
Starting computation...
    Writing took     6.756641 ms
    Computation took 300.912008 ms
    Reading took     435.992000 us
  Sample 81...
Starting computation...
    Writing took     12.254588 ms
    Computation took 300.598870 ms
    Reading took     248.194000 us
  Sample 82...
Starting computation...
    Writing took     6.594339 ms
    Computation took 301.259805 ms
    Reading took     259.208000 us
  Sample 83...
Starting computation...
    Writing took     6.748958 ms
    Computation took 300.403360 ms
    Reading took     249.616000 us
  Sample 84...
Starting computation...
    Writing took     6.614775 ms
    Computation took 300.817051 ms
    Reading took     257.690000 us
  Sample 85...
Starting computation...
    Writing took     6.778364 ms
    Computation took 300.609035 ms
    Reading took     258.062000 us
  Sample 86...
Starting computation...
    Writing took     6.770832 ms
    Computation took 301.086793 ms
    Reading took     236.327000 us
  Sample 87...
Starting computation...
    Writing took     6.106389 ms
    Computation took 300.679449 ms
    Reading took     261.090000 us
  Sample 88...
Starting computation...
    Writing took     6.735765 ms
    Computation took 300.049644 ms
    Reading took     257.104000 us
  Sample 89...
Starting computation...
    Writing took     6.704927 ms
    Computation took 300.234639 ms
    Reading took     281.537000 us
  Sample 90...
Starting computation...
    Writing took     7.335903 ms
    Computation took 300.283663 ms
    Reading took     280.473000 us
  Sample 91...
Starting computation...
    Writing took     7.340934 ms
    Computation took 299.952767 ms
    Reading took     277.967000 us
  Sample 92...
Starting computation...
    Writing took     9.308372 ms
    Computation took 300.329168 ms
    Reading took     258.051000 us
  Sample 93...
Starting computation...
    Writing took     6.733932 ms
    Computation took 300.347065 ms
    Reading took     258.229000 us
  Sample 94...
Starting computation...
    Writing took     6.714443 ms
    Computation took 300.314510 ms
    Reading took     258.661000 us
  Sample 95...
Starting computation...
    Writing took     6.731035 ms
    Computation took 301.119819 ms
    Reading took     272.167000 us
  Sample 96...
Starting computation...
    Writing took     7.246948 ms
    Computation took 301.805550 ms
    Reading took     259.249000 us
  Sample 97...
Starting computation...
    Writing took     7.077135 ms
    Computation took 301.656097 ms
    Reading took     258.769000 us
  Sample 98...
Starting computation...
    Writing took     6.692260 ms
    Computation took 302.013829 ms
    Reading took     267.581000 us
  Sample 99...
Starting computation...
    Writing took     6.821104 ms
    Computation took 302.202400 ms
    Reading took     257.776000 us
Mean computation time: 299.888221 ms
Mean deviation: 567.105000 us (0.189105%)
Mean computation time (per hash): 3.295474 ms
Mean deviation (per hash): 6.231000 us
