Using device #0: CUDA Device 'GeForce GTX 1080 Ti'
  Sample 0...
Starting computation...
    Writing took     6.821402 ms
    Computation took 234.167776 ms
    Reading took     245.606000 us
  Sample 1...
Starting computation...
    Writing took     5.202700 ms
    Computation took 234.266970 ms
    Reading took     194.862000 us
  Sample 2...
Starting computation...
    Writing took     4.969851 ms
    Computation took 234.149033 ms
    Reading took     174.120000 us
  Sample 3...
Starting computation...
    Writing took     4.195416 ms
    Computation took 234.106675 ms
    Reading took     156.917000 us
  Sample 4...
Starting computation...
    Writing took     3.849556 ms
    Computation took 234.072877 ms
    Reading took     154.788000 us
  Sample 5...
Starting computation...
    Writing took     3.783888 ms
    Computation took 234.080274 ms
    Reading took     304.629000 us
  Sample 6...
Starting computation...
    Writing took     7.906586 ms
    Computation took 234.137045 ms
    Reading took     192.565000 us
  Sample 7...
Starting computation...
    Writing took     4.960673 ms
    Computation took 234.219412 ms
    Reading took     192.935000 us
  Sample 8...
Starting computation...
    Writing took     4.940647 ms
    Computation took 234.118162 ms
    Reading took     158.624000 us
  Sample 9...
Starting computation...
    Writing took     3.923350 ms
    Computation took 234.108675 ms
    Reading took     192.478000 us
  Sample 10...
Starting computation...
    Writing took     4.957038 ms
    Computation took 234.245370 ms
    Reading took     308.085000 us
  Sample 11...
Starting computation...
    Writing took     8.439764 ms
    Computation took 234.238825 ms
    Reading took     192.484000 us
  Sample 12...
Starting computation...
    Writing took     4.963354 ms
    Computation took 234.203454 ms
    Reading took     194.236000 us
  Sample 13...
Starting computation...
    Writing took     4.972297 ms
    Computation took 234.030727 ms
    Reading took     190.856000 us
  Sample 14...
Starting computation...
    Writing took     4.924608 ms
    Computation took 234.115137 ms
    Reading took     190.498000 us
  Sample 15...
Starting computation...
    Writing took     4.959451 ms
    Computation took 234.107706 ms
    Reading took     193.753000 us
  Sample 16...
Starting computation...
    Writing took     4.966404 ms
    Computation took 234.256519 ms
    Reading took     191.354000 us
  Sample 17...
Starting computation...
    Writing took     4.981295 ms
    Computation took 234.587438 ms
    Reading took     195.420000 us
  Sample 18...
Starting computation...
    Writing took     4.978710 ms
    Computation took 234.985452 ms
    Reading took     193.178000 us
  Sample 19...
Starting computation...
    Writing took     4.958940 ms
    Computation took 235.000604 ms
    Reading took     166.977000 us
  Sample 20...
Starting computation...
    Writing took     3.928116 ms
    Computation took 235.068209 ms
    Reading took     164.877000 us
  Sample 21...
Starting computation...
    Writing took     4.160296 ms
    Computation took 234.962046 ms
    Reading took     170.302000 us
  Sample 22...
Starting computation...
    Writing took     4.323393 ms
    Computation took 235.087580 ms
    Reading took     167.626000 us
  Sample 23...
Starting computation...
    Writing took     4.295048 ms
    Computation took 235.056769 ms
    Reading took     168.407000 us
  Sample 24...
Starting computation...
    Writing took     4.124758 ms
    Computation took 234.972679 ms
    Reading took     274.287000 us
  Sample 25...
Starting computation...
    Writing took     7.344734 ms
    Computation took 235.113781 ms
    Reading took     171.319000 us
  Sample 26...
Starting computation...
    Writing took     4.243085 ms
    Computation took 234.957252 ms
    Reading took     177.738000 us
  Sample 27...
Starting computation...
    Writing took     4.420281 ms
    Computation took 234.937511 ms
    Reading took     171.544000 us
  Sample 28...
Starting computation...
    Writing took     4.368710 ms
    Computation took 234.918748 ms
    Reading took     296.806000 us
  Sample 29...
Starting computation...
    Writing took     8.345043 ms
    Computation took 235.076127 ms
    Reading took     197.284000 us
  Sample 30...
Starting computation...
    Writing took     4.955250 ms
    Computation took 234.957033 ms
    Reading took     192.833000 us
  Sample 31...
Starting computation...
    Writing took     4.952147 ms
    Computation took 234.922360 ms
    Reading took     193.387000 us
  Sample 32...
Starting computation...
    Writing took     4.968844 ms
    Computation took 235.077580 ms
    Reading took     191.069000 us
  Sample 33...
Starting computation...
    Writing took     4.984602 ms
    Computation took 235.005760 ms
    Reading took     165.425000 us
  Sample 34...
Starting computation...
    Writing took     4.094708 ms
    Computation took 235.109582 ms
    Reading took     166.898000 us
  Sample 35...
Starting computation...
    Writing took     4.162574 ms
    Computation took 235.003976 ms
    Reading took     181.862000 us
  Sample 36...
Starting computation...
    Writing took     4.586122 ms
    Computation took 235.003339 ms
    Reading took     179.271000 us
  Sample 37...
Starting computation...
    Writing took     4.577891 ms
    Computation took 235.015625 ms
    Reading took     177.298000 us
  Sample 38...
Starting computation...
    Writing took     4.564247 ms
    Computation took 235.003151 ms
    Reading took     178.212000 us
  Sample 39...
Starting computation...
    Writing took     4.493679 ms
    Computation took 235.111008 ms
    Reading took     181.589000 us
  Sample 40...
Starting computation...
    Writing took     4.558889 ms
    Computation took 234.939184 ms
    Reading took     184.070000 us
  Sample 41...
Starting computation...
    Writing took     4.280483 ms
    Computation took 234.888674 ms
    Reading took     187.616000 us
  Sample 42...
Starting computation...
    Writing took     4.914316 ms
    Computation took 235.117707 ms
    Reading took     182.867000 us
  Sample 43...
Starting computation...
    Writing took     4.655985 ms
    Computation took 234.983539 ms
    Reading took     153.501000 us
  Sample 44...
Starting computation...
    Writing took     3.825947 ms
    Computation took 235.082417 ms
    Reading took     194.374000 us
  Sample 45...
Starting computation...
    Writing took     4.138386 ms
    Computation took 235.057263 ms
    Reading took     166.240000 us
  Sample 46...
Starting computation...
    Writing took     4.124020 ms
    Computation took 234.991040 ms
    Reading took     164.367000 us
  Sample 47...
Starting computation...
    Writing took     4.183538 ms
    Computation took 235.072868 ms
    Reading took     192.685000 us
  Sample 48...
Starting computation...
    Writing took     4.505466 ms
    Computation took 235.062860 ms
    Reading took     168.091000 us
  Sample 49...
Starting computation...
    Writing took     4.217397 ms
    Computation took 234.962661 ms
    Reading took     247.767000 us
  Sample 50...
Starting computation...
    Writing took     6.587889 ms
    Computation took 235.096438 ms
    Reading took     203.902000 us
  Sample 51...
Starting computation...
    Writing took     5.247816 ms
    Computation took 235.077535 ms
    Reading took     207.371000 us
  Sample 52...
Starting computation...
    Writing took     5.319490 ms
    Computation took 235.016547 ms
    Reading took     161.369000 us
  Sample 53...
Starting computation...
    Writing took     4.045158 ms
    Computation took 234.986608 ms
    Reading took     287.047000 us
  Sample 54...
Starting computation...
    Writing took     8.165676 ms
    Computation took 235.213466 ms
    Reading took     191.493000 us
  Sample 55...
Starting computation...
    Writing took     4.965225 ms
    Computation took 235.092502 ms
    Reading took     198.918000 us
  Sample 56...
Starting computation...
    Writing took     4.932890 ms
    Computation took 234.984948 ms
    Reading took     192.841000 us
  Sample 57...
Starting computation...
    Writing took     4.945463 ms
    Computation took 235.050265 ms
    Reading took     317.037000 us
  Sample 58...
Starting computation...
    Writing took     7.242495 ms
    Computation took 235.078512 ms
    Reading took     158.083000 us
  Sample 59...
Starting computation...
    Writing took     3.895599 ms
    Computation took 234.976791 ms
    Reading took     164.251000 us
  Sample 60...
Starting computation...
    Writing took     4.172154 ms
    Computation took 235.005746 ms
    Reading took     167.580000 us
  Sample 61...
Starting computation...
    Writing took     4.173553 ms
    Computation took 235.094146 ms
    Reading took     175.900000 us
  Sample 62...
Starting computation...
    Writing took     4.202376 ms
    Computation took 235.106016 ms
    Reading took     173.669000 us
  Sample 63...
Starting computation...
    Writing took     4.216735 ms
    Computation took 235.059950 ms
    Reading took     173.384000 us
  Sample 64...
Starting computation...
    Writing took     4.361274 ms
    Computation took 234.924490 ms
    Reading took     176.616000 us
  Sample 65...
Starting computation...
    Writing took     4.288987 ms
    Computation took 235.002194 ms
    Reading took     177.329000 us
  Sample 66...
Starting computation...
    Writing took     4.437113 ms
    Computation took 235.229506 ms
    Reading took     169.982000 us
  Sample 67...
Starting computation...
    Writing took     4.133876 ms
    Computation took 234.897527 ms
    Reading took     173.529000 us
  Sample 68...
Starting computation...
    Writing took     4.318407 ms
    Computation took 234.983705 ms
    Reading took     171.648000 us
  Sample 69...
Starting computation...
    Writing took     4.130372 ms
    Computation took 235.038860 ms
    Reading took     192.110000 us
  Sample 70...
Starting computation...
    Writing took     4.960764 ms
    Computation took 235.067914 ms
    Reading took     193.597000 us
  Sample 71...
Starting computation...
    Writing took     4.948933 ms
    Computation took 234.984068 ms
    Reading took     159.590000 us
  Sample 72...
Starting computation...
    Writing took     4.213081 ms
    Computation took 234.903098 ms
    Reading took     172.703000 us
  Sample 73...
Starting computation...
    Writing took     4.218621 ms
    Computation took 235.118799 ms
    Reading took     154.374000 us
  Sample 74...
Starting computation...
    Writing took     3.765365 ms
    Computation took 234.962116 ms
    Reading took     155.718000 us
  Sample 75...
Starting computation...
    Writing took     4.108460 ms
    Computation took 235.079639 ms
    Reading took     145.958000 us
  Sample 76...
Starting computation...
    Writing took     4.000162 ms
    Computation took 234.970708 ms
    Reading took     161.902000 us
  Sample 77...
Starting computation...
    Writing took     4.528749 ms
    Computation took 234.995662 ms
    Reading took     161.657000 us
  Sample 78...
Starting computation...
    Writing took     4.455187 ms
    Computation took 235.077969 ms
    Reading took     163.526000 us
  Sample 79...
Starting computation...
    Writing took     4.364777 ms
    Computation took 235.098451 ms
    Reading took     175.000000 us
  Sample 80...
Starting computation...
    Writing took     4.745547 ms
    Computation took 234.945818 ms
    Reading took     161.837000 us
  Sample 81...
Starting computation...
    Writing took     4.244389 ms
    Computation took 235.109246 ms
    Reading took     163.251000 us
  Sample 82...
Starting computation...
    Writing took     4.431780 ms
    Computation took 234.985198 ms
    Reading took     161.331000 us
  Sample 83...
Starting computation...
    Writing took     4.422068 ms
    Computation took 235.082528 ms
    Reading took     169.007000 us
  Sample 84...
Starting computation...
    Writing took     4.558826 ms
    Computation took 234.974751 ms
    Reading took     169.137000 us
  Sample 85...
Starting computation...
    Writing took     4.605602 ms
    Computation took 235.098722 ms
    Reading took     171.518000 us
  Sample 86...
Starting computation...
    Writing took     4.668779 ms
    Computation took 234.884923 ms
    Reading took     170.483000 us
  Sample 87...
Starting computation...
    Writing took     4.701917 ms
    Computation took 235.038717 ms
    Reading took     144.483000 us
  Sample 88...
Starting computation...
    Writing took     3.850251 ms
    Computation took 235.006667 ms
    Reading took     159.200000 us
  Sample 89...
Starting computation...
    Writing took     4.184168 ms
    Computation took 234.945761 ms
    Reading took     157.599000 us
  Sample 90...
Starting computation...
    Writing took     4.299511 ms
    Computation took 234.942952 ms
    Reading took     163.541000 us
  Sample 91...
Starting computation...
    Writing took     4.231234 ms
    Computation took 234.901562 ms
    Reading took     200.358000 us
  Sample 92...
Starting computation...
    Writing took     6.121728 ms
    Computation took 235.027228 ms
    Reading took     144.881000 us
  Sample 93...
Starting computation...
    Writing took     3.867156 ms
    Computation took 235.039595 ms
    Reading took     165.026000 us
  Sample 94...
Starting computation...
    Writing took     3.754263 ms
    Computation took 235.162821 ms
    Reading took     174.109000 us
  Sample 95...
Starting computation...
    Writing took     4.334824 ms
    Computation took 235.885618 ms
    Reading took     144.154000 us
  Sample 96...
Starting computation...
    Writing took     3.878290 ms
    Computation took 236.125473 ms
    Reading took     143.754000 us
  Sample 97...
Starting computation...
    Writing took     3.881772 ms
    Computation took 236.671179 ms
    Reading took     164.111000 us
  Sample 98...
Starting computation...
    Writing took     3.810704 ms
    Computation took 237.674706 ms
    Reading took     149.291000 us
  Sample 99...
Starting computation...
    Writing took     4.149726 ms
    Computation took 239.352616 ms
    Reading took     158.100000 us
Mean computation time: 234.977467 ms
Mean deviation: 304.759000 us (0.129697%)
Mean computation time (per hash): 3.560264 ms
Mean deviation (per hash): 4.617000 us
