Using device #0: CUDA Device 'GeForce GTX 1080 Ti'
  Sample 0...
Starting computation...
    Writing took     8.786651 ms
    Computation took 258.918060 ms
    Reading took     204.347000 us
  Sample 1...
Starting computation...
    Writing took     5.469627 ms
    Computation took 261.394415 ms
    Reading took     400.963000 us
  Sample 2...
Starting computation...
    Writing took     11.652869 ms
    Computation took 260.692850 ms
    Reading took     232.042000 us
  Sample 3...
Starting computation...
    Writing took     6.397024 ms
    Computation took 261.275133 ms
    Reading took     234.939000 us
  Sample 4...
Starting computation...
    Writing took     6.408325 ms
    Computation took 260.825449 ms
    Reading took     214.866000 us
  Sample 5...
Starting computation...
    Writing took     5.870143 ms
    Computation took 259.538763 ms
    Reading took     207.452000 us
  Sample 6...
Starting computation...
    Writing took     5.738800 ms
    Computation took 258.696212 ms
    Reading took     189.466000 us
  Sample 7...
Starting computation...
    Writing took     5.106877 ms
    Computation took 258.513032 ms
    Reading took     196.535000 us
  Sample 8...
Starting computation...
    Writing took     5.417363 ms
    Computation took 258.448006 ms
    Reading took     184.717000 us
  Sample 9...
Starting computation...
    Writing took     4.966815 ms
    Computation took 258.630815 ms
    Reading took     226.450000 us
  Sample 10...
Starting computation...
    Writing took     6.306492 ms
    Computation took 258.937604 ms
    Reading took     199.389000 us
  Sample 11...
Starting computation...
    Writing took     5.080959 ms
    Computation took 258.829365 ms
    Reading took     172.786000 us
  Sample 12...
Starting computation...
    Writing took     4.603451 ms
    Computation took 259.252718 ms
    Reading took     172.809000 us
  Sample 13...
Starting computation...
    Writing took     4.606011 ms
    Computation took 258.735972 ms
    Reading took     214.546000 us
  Sample 14...
Starting computation...
    Writing took     5.839657 ms
    Computation took 258.549067 ms
    Reading took     307.504000 us
  Sample 15...
Starting computation...
    Writing took     7.106587 ms
    Computation took 258.932639 ms
    Reading took     184.963000 us
  Sample 16...
Starting computation...
    Writing took     4.953371 ms
    Computation took 259.467790 ms
    Reading took     376.275000 us
  Sample 17...
Starting computation...
    Writing took     10.628062 ms
    Computation took 261.600681 ms
    Reading took     230.380000 us
  Sample 18...
Starting computation...
    Writing took     6.380455 ms
    Computation took 260.995203 ms
    Reading took     240.869000 us
  Sample 19...
Starting computation...
    Writing took     6.367906 ms
    Computation took 259.457613 ms
    Reading took     261.678000 us
  Sample 20...
Starting computation...
    Writing took     7.419065 ms
    Computation took 259.566716 ms
    Reading took     183.334000 us
  Sample 21...
Starting computation...
    Writing took     4.886902 ms
    Computation took 259.658365 ms
    Reading took     174.118000 us
  Sample 22...
Starting computation...
    Writing took     4.660684 ms
    Computation took 260.311759 ms
    Reading took     253.778000 us
  Sample 23...
Starting computation...
    Writing took     6.180687 ms
    Computation took 259.996293 ms
    Reading took     182.699000 us
  Sample 24...
Starting computation...
    Writing took     4.952988 ms
    Computation took 259.902941 ms
    Reading took     188.973000 us
  Sample 25...
Starting computation...
    Writing took     5.241907 ms
    Computation took 260.038446 ms
    Reading took     206.930000 us
  Sample 26...
Starting computation...
    Writing took     5.666568 ms
    Computation took 260.845829 ms
    Reading took     203.298000 us
  Sample 27...
Starting computation...
    Writing took     5.470524 ms
    Computation took 262.312834 ms
    Reading took     201.305000 us
  Sample 28...
Starting computation...
    Writing took     5.592564 ms
    Computation took 262.284979 ms
    Reading took     203.915000 us
  Sample 29...
Starting computation...
    Writing took     5.524277 ms
    Computation took 261.668196 ms
    Reading took     205.680000 us
  Sample 30...
Starting computation...
    Writing took     5.650934 ms
    Computation took 260.870104 ms
    Reading took     215.753000 us
  Sample 31...
Starting computation...
    Writing took     5.871344 ms
    Computation took 259.515510 ms
    Reading took     184.262000 us
  Sample 32...
Starting computation...
    Writing took     4.980631 ms
    Computation took 259.427530 ms
    Reading took     214.180000 us
  Sample 33...
Starting computation...
    Writing took     5.842980 ms
    Computation took 259.651672 ms
    Reading took     198.212000 us
  Sample 34...
Starting computation...
    Writing took     5.386666 ms
    Computation took 260.298887 ms
    Reading took     221.895000 us
  Sample 35...
Starting computation...
    Writing took     5.841674 ms
    Computation took 260.175913 ms
    Reading took     346.846000 us
  Sample 36...
Starting computation...
    Writing took     8.973171 ms
    Computation took 260.821758 ms
    Reading took     309.516000 us
  Sample 37...
Starting computation...
    Writing took     6.431435 ms
    Computation took 262.312104 ms
    Reading took     241.979000 us
  Sample 38...
Starting computation...
    Writing took     6.325810 ms
    Computation took 261.820496 ms
    Reading took     186.480000 us
  Sample 39...
Starting computation...
    Writing took     4.517412 ms
    Computation took 261.000835 ms
    Reading took     316.943000 us
  Sample 40...
Starting computation...
    Writing took     6.123578 ms
    Computation took 260.398491 ms
    Reading took     226.903000 us
  Sample 41...
Starting computation...
    Writing took     5.827319 ms
    Computation took 259.686755 ms
    Reading took     211.693000 us
  Sample 42...
Starting computation...
    Writing took     5.422412 ms
    Computation took 259.343612 ms
    Reading took     358.591000 us
  Sample 43...
Starting computation...
    Writing took     9.372624 ms
    Computation took 258.696656 ms
    Reading took     242.739000 us
  Sample 44...
Starting computation...
    Writing took     6.355844 ms
    Computation took 258.929309 ms
    Reading took     243.248000 us
  Sample 45...
Starting computation...
    Writing took     6.375067 ms
    Computation took 258.836943 ms
    Reading took     226.429000 us
  Sample 46...
Starting computation...
    Writing took     5.815924 ms
    Computation took 259.107318 ms
    Reading took     217.630000 us
  Sample 47...
Starting computation...
    Writing took     5.312623 ms
    Computation took 260.577240 ms
    Reading took     227.447000 us
  Sample 48...
Starting computation...
    Writing took     5.840552 ms
    Computation took 259.647450 ms
    Reading took     217.849000 us
  Sample 49...
Starting computation...
    Writing took     6.155906 ms
    Computation took 260.564230 ms
    Reading took     247.954000 us
  Sample 50...
Starting computation...
    Writing took     6.333830 ms
    Computation took 262.165822 ms
    Reading took     185.477000 us
  Sample 51...
Starting computation...
    Writing took     4.518060 ms
    Computation took 261.564054 ms
    Reading took     304.290000 us
  Sample 52...
Starting computation...
    Writing took     8.653490 ms
    Computation took 261.205037 ms
    Reading took     218.846000 us
  Sample 53...
Starting computation...
    Writing took     5.386774 ms
    Computation took 260.979972 ms
    Reading took     209.393000 us
  Sample 54...
Starting computation...
    Writing took     5.172429 ms
    Computation took 261.098516 ms
    Reading took     244.091000 us
  Sample 55...
Starting computation...
    Writing took     6.920882 ms
    Computation took 261.346049 ms
    Reading took     250.420000 us
  Sample 56...
Starting computation...
    Writing took     6.330818 ms
    Computation took 261.315485 ms
    Reading took     249.291000 us
  Sample 57...
Starting computation...
    Writing took     6.358973 ms
    Computation took 261.948375 ms
    Reading took     287.290000 us
  Sample 58...
Starting computation...
    Writing took     7.727465 ms
    Computation took 261.668165 ms
    Reading took     195.587000 us
  Sample 59...
Starting computation...
    Writing took     4.799603 ms
    Computation took 262.862018 ms
    Reading took     206.893000 us
  Sample 60...
Starting computation...
    Writing took     5.165828 ms
    Computation took 264.418057 ms
    Reading took     199.954000 us
  Sample 61...
Starting computation...
    Writing took     5.481821 ms
    Computation took 264.311370 ms
    Reading took     243.726000 us
  Sample 62...
Starting computation...
    Writing took     6.362997 ms
    Computation took 263.137519 ms
    Reading took     243.366000 us
  Sample 63...
Starting computation...
    Writing took     6.359636 ms
    Computation took 261.906637 ms
    Reading took     214.079000 us
  Sample 64...
Starting computation...
    Writing took     5.403939 ms
    Computation took 262.608489 ms
    Reading took     219.575000 us
  Sample 65...
Starting computation...
    Writing took     5.369006 ms
    Computation took 262.461940 ms
    Reading took     254.493000 us
  Sample 66...
Starting computation...
    Writing took     6.523100 ms
    Computation took 262.169906 ms
    Reading took     218.523000 us
  Sample 67...
Starting computation...
    Writing took     5.118572 ms
    Computation took 262.659694 ms
    Reading took     204.988000 us
  Sample 68...
Starting computation...
    Writing took     5.325060 ms
    Computation took 261.158271 ms
    Reading took     368.067000 us
  Sample 69...
Starting computation...
    Writing took     9.931240 ms
    Computation took 260.337147 ms
    Reading took     238.896000 us
  Sample 70...
Starting computation...
    Writing took     5.855665 ms
    Computation took 260.438715 ms
    Reading took     405.424000 us
  Sample 71...
Starting computation...
    Writing took     8.014214 ms
    Computation took 260.143806 ms
    Reading took     219.450000 us
  Sample 72...
Starting computation...
    Writing took     5.595229 ms
    Computation took 260.140100 ms
    Reading took     218.868000 us
  Sample 73...
Starting computation...
    Writing took     4.890117 ms
    Computation took 260.865824 ms
    Reading took     200.739000 us
  Sample 74...
Starting computation...
    Writing took     4.936266 ms
    Computation took 261.789804 ms
    Reading took     202.080000 us
  Sample 75...
Starting computation...
    Writing took     4.974331 ms
    Computation took 262.478882 ms
    Reading took     242.431000 us
  Sample 76...
Starting computation...
    Writing took     5.986519 ms
    Computation took 267.815719 ms
    Reading took     377.112000 us
  Sample 77...
Starting computation...
    Writing took     10.417959 ms
    Computation took 268.617733 ms
    Reading took     232.374000 us
  Sample 78...
Starting computation...
    Writing took     6.428572 ms
    Computation took 263.951930 ms
    Reading took     232.742000 us
  Sample 79...
Starting computation...
    Writing took     6.378628 ms
    Computation took 264.274968 ms
    Reading took     207.986000 us
  Sample 80...
Starting computation...
    Writing took     5.124066 ms
    Computation took 263.767065 ms
    Reading took     182.028000 us
  Sample 81...
Starting computation...
    Writing took     4.962558 ms
    Computation took 262.762743 ms
    Reading took     202.807000 us
  Sample 82...
Starting computation...
    Writing took     5.533746 ms
    Computation took 261.526893 ms
    Reading took     218.328000 us
  Sample 83...
Starting computation...
    Writing took     4.918661 ms
    Computation took 259.307553 ms
    Reading took     190.126000 us
  Sample 84...
Starting computation...
    Writing took     5.121575 ms
    Computation took 259.083318 ms
    Reading took     233.466000 us
  Sample 85...
Starting computation...
    Writing took     6.401628 ms
    Computation took 258.597897 ms
    Reading took     232.754000 us
  Sample 86...
Starting computation...
    Writing took     6.619039 ms
    Computation took 259.106840 ms
    Reading took     257.729000 us
  Sample 87...
Starting computation...
    Writing took     6.696683 ms
    Computation took 259.395464 ms
    Reading took     230.069000 us
  Sample 88...
Starting computation...
    Writing took     6.436822 ms
    Computation took 258.832829 ms
    Reading took     211.133000 us
  Sample 89...
Starting computation...
    Writing took     5.236712 ms
    Computation took 258.832376 ms
    Reading took     202.086000 us
  Sample 90...
Starting computation...
    Writing took     5.517776 ms
    Computation took 258.707108 ms
    Reading took     189.273000 us
  Sample 91...
Starting computation...
    Writing took     5.136372 ms
    Computation took 259.440435 ms
    Reading took     305.617000 us
  Sample 92...
Starting computation...
    Writing took     8.628564 ms
    Computation took 260.081989 ms
    Reading took     232.155000 us
  Sample 93...
Starting computation...
    Writing took     6.446107 ms
    Computation took 259.441240 ms
    Reading took     232.993000 us
  Sample 94...
Starting computation...
    Writing took     6.369040 ms
    Computation took 258.689423 ms
    Reading took     174.020000 us
  Sample 95...
Starting computation...
    Writing took     4.631702 ms
    Computation took 258.893701 ms
    Reading took     205.026000 us
  Sample 96...
Starting computation...
    Writing took     5.696426 ms
    Computation took 259.702619 ms
    Reading took     204.171000 us
  Sample 97...
Starting computation...
    Writing took     4.678747 ms
    Computation took 260.327804 ms
    Reading took     172.154000 us
  Sample 98...
Starting computation...
    Writing took     4.651850 ms
    Computation took 261.068717 ms
    Reading took     229.728000 us
  Sample 99...
Starting computation...
    Writing took     6.001338 ms
    Computation took 263.722230 ms
    Reading took     213.890000 us
Mean computation time: 260.730888 ms
Mean deviation: 1.415318 ms (0.542827%)
Mean computation time (per hash): 3.300390 ms
Mean deviation (per hash): 17.915000 us
