Using device #0: CUDA Device 'GeForce GTX 1080 Ti'
  Sample 0...
Starting computation...
    Writing took     10.050858 ms
    Computation took 280.215457 ms
    Reading took     217.246000 us
  Sample 1...
Starting computation...
    Writing took     5.594718 ms
    Computation took 280.289125 ms
    Reading took     198.988000 us
  Sample 2...
Starting computation...
    Writing took     5.606260 ms
    Computation took 280.182035 ms
    Reading took     223.279000 us
  Sample 3...
Starting computation...
    Writing took     5.512402 ms
    Computation took 280.122004 ms
    Reading took     208.141000 us
  Sample 4...
Starting computation...
    Writing took     5.469188 ms
    Computation took 280.633664 ms
    Reading took     197.048000 us
  Sample 5...
Starting computation...
    Writing took     5.339491 ms
    Computation took 280.709273 ms
    Reading took     208.243000 us
  Sample 6...
Starting computation...
    Writing took     5.751780 ms
    Computation took 280.571860 ms
    Reading took     208.665000 us
  Sample 7...
Starting computation...
    Writing took     5.297033 ms
    Computation took 280.819852 ms
    Reading took     301.515000 us
  Sample 8...
Starting computation...
    Writing took     7.781549 ms
    Computation took 280.766162 ms
    Reading took     241.820000 us
  Sample 9...
Starting computation...
    Writing took     6.326501 ms
    Computation took 280.704404 ms
    Reading took     241.263000 us
  Sample 10...
Starting computation...
    Writing took     6.353737 ms
    Computation took 280.615938 ms
    Reading took     261.748000 us
  Sample 11...
Starting computation...
    Writing took     6.328543 ms
    Computation took 280.657210 ms
    Reading took     270.669000 us
  Sample 12...
Starting computation...
    Writing took     7.221712 ms
    Computation took 280.682284 ms
    Reading took     244.010000 us
  Sample 13...
Starting computation...
    Writing took     6.357864 ms
    Computation took 280.515336 ms
    Reading took     247.813000 us
  Sample 14...
Starting computation...
    Writing took     6.576673 ms
    Computation took 280.542377 ms
    Reading took     247.989000 us
  Sample 15...
Starting computation...
    Writing took     6.451668 ms
    Computation took 280.530531 ms
    Reading took     227.606000 us
  Sample 16...
Starting computation...
    Writing took     5.930854 ms
    Computation took 280.490201 ms
    Reading took     277.212000 us
  Sample 17...
Starting computation...
    Writing took     5.903509 ms
    Computation took 280.427021 ms
    Reading took     242.023000 us
  Sample 18...
Starting computation...
    Writing took     6.363485 ms
    Computation took 280.440249 ms
    Reading took     244.768000 us
  Sample 19...
Starting computation...
    Writing took     6.410126 ms
    Computation took 280.423560 ms
    Reading took     240.530000 us
  Sample 20...
Starting computation...
    Writing took     6.320682 ms
    Computation took 280.317241 ms
    Reading took     231.972000 us
  Sample 21...
Starting computation...
    Writing took     6.094529 ms
    Computation took 280.667986 ms
    Reading took     233.101000 us
  Sample 22...
Starting computation...
    Writing took     6.178138 ms
    Computation took 280.505149 ms
    Reading took     225.061000 us
  Sample 23...
Starting computation...
    Writing took     5.900576 ms
    Computation took 280.284666 ms
    Reading took     234.847000 us
  Sample 24...
Starting computation...
    Writing took     6.202990 ms
    Computation took 280.508695 ms
    Reading took     218.968000 us
  Sample 25...
Starting computation...
    Writing took     5.822112 ms
    Computation took 281.224699 ms
    Reading took     233.390000 us
  Sample 26...
Starting computation...
    Writing took     6.075152 ms
    Computation took 281.771247 ms
    Reading took     220.084000 us
  Sample 27...
Starting computation...
    Writing took     5.696918 ms
    Computation took 280.600990 ms
    Reading took     217.476000 us
  Sample 28...
Starting computation...
    Writing took     5.722445 ms
    Computation took 280.723704 ms
    Reading took     215.093000 us
  Sample 29...
Starting computation...
    Writing took     5.521408 ms
    Computation took 280.652866 ms
    Reading took     213.480000 us
  Sample 30...
Starting computation...
    Writing took     5.600869 ms
    Computation took 280.771414 ms
    Reading took     220.649000 us
  Sample 31...
Starting computation...
    Writing took     5.746886 ms
    Computation took 281.439782 ms
    Reading took     227.283000 us
  Sample 32...
Starting computation...
    Writing took     5.778857 ms
    Computation took 281.192377 ms
    Reading took     226.264000 us
  Sample 33...
Starting computation...
    Writing took     5.985863 ms
    Computation took 280.591616 ms
    Reading took     219.286000 us
  Sample 34...
Starting computation...
    Writing took     5.877928 ms
    Computation took 280.469248 ms
    Reading took     212.262000 us
  Sample 35...
Starting computation...
    Writing took     5.591311 ms
    Computation took 282.147899 ms
    Reading took     225.826000 us
  Sample 36...
Starting computation...
    Writing took     5.689962 ms
    Computation took 284.988602 ms
    Reading took     270.282000 us
  Sample 37...
Starting computation...
    Writing took     6.904900 ms
    Computation took 282.252092 ms
    Reading took     276.095000 us
  Sample 38...
Starting computation...
    Writing took     6.895641 ms
    Computation took 281.398414 ms
    Reading took     237.439000 us
  Sample 39...
Starting computation...
    Writing took     6.131302 ms
    Computation took 281.195115 ms
    Reading took     224.764000 us
  Sample 40...
Starting computation...
    Writing took     5.981022 ms
    Computation took 281.423987 ms
    Reading took     226.287000 us
  Sample 41...
Starting computation...
    Writing took     5.969738 ms
    Computation took 281.443822 ms
    Reading took     227.241000 us
  Sample 42...
Starting computation...
    Writing took     5.875457 ms
    Computation took 281.297689 ms
    Reading took     257.799000 us
  Sample 43...
Starting computation...
    Writing took     5.961893 ms
    Computation took 280.569623 ms
    Reading took     217.758000 us
  Sample 44...
Starting computation...
    Writing took     5.855018 ms
    Computation took 280.409779 ms
    Reading took     263.376000 us
  Sample 45...
Starting computation...
    Writing took     6.638480 ms
    Computation took 281.798031 ms
    Reading took     265.621000 us
  Sample 46...
Starting computation...
    Writing took     6.554302 ms
    Computation took 283.172626 ms
    Reading took     253.134000 us
  Sample 47...
Starting computation...
    Writing took     6.139448 ms
    Computation took 282.094826 ms
    Reading took     234.036000 us
  Sample 48...
Starting computation...
    Writing took     6.146936 ms
    Computation took 281.017167 ms
    Reading took     241.523000 us
  Sample 49...
Starting computation...
    Writing took     6.361724 ms
    Computation took 281.236803 ms
    Reading took     261.901000 us
  Sample 50...
Starting computation...
    Writing took     6.146713 ms
    Computation took 282.696120 ms
    Reading took     242.055000 us
  Sample 51...
Starting computation...
    Writing took     6.314362 ms
    Computation took 284.507260 ms
    Reading took     251.186000 us
  Sample 52...
Starting computation...
    Writing took     6.328417 ms
    Computation took 283.700900 ms
    Reading took     241.675000 us
  Sample 53...
Starting computation...
    Writing took     6.362714 ms
    Computation took 283.480168 ms
    Reading took     249.205000 us
  Sample 54...
Starting computation...
    Writing took     5.943820 ms
    Computation took 282.970150 ms
    Reading took     241.571000 us
  Sample 55...
Starting computation...
    Writing took     6.343272 ms
    Computation took 281.157946 ms
    Reading took     240.585000 us
  Sample 56...
Starting computation...
    Writing took     6.388893 ms
    Computation took 281.305333 ms
    Reading took     242.402000 us
  Sample 57...
Starting computation...
    Writing took     6.178790 ms
    Computation took 282.497928 ms
    Reading took     234.534000 us
  Sample 58...
Starting computation...
    Writing took     6.165561 ms
    Computation took 284.717512 ms
    Reading took     233.308000 us
  Sample 59...
Starting computation...
    Writing took     6.077233 ms
    Computation took 283.315747 ms
    Reading took     242.490000 us
  Sample 60...
Starting computation...
    Writing took     6.365210 ms
    Computation took 282.476529 ms
    Reading took     320.389000 us
  Sample 61...
Starting computation...
    Writing took     6.616181 ms
    Computation took 281.578348 ms
    Reading took     243.009000 us
  Sample 62...
Starting computation...
    Writing took     6.320420 ms
    Computation took 281.707475 ms
    Reading took     241.039000 us
  Sample 63...
Starting computation...
    Writing took     7.001458 ms
    Computation took 282.957754 ms
    Reading took     248.850000 us
  Sample 64...
Starting computation...
    Writing took     6.857843 ms
    Computation took 281.821966 ms
    Reading took     248.538000 us
  Sample 65...
Starting computation...
    Writing took     6.864053 ms
    Computation took 281.238279 ms
    Reading took     222.087000 us
  Sample 66...
Starting computation...
    Writing took     7.113835 ms
    Computation took 280.472469 ms
    Reading took     227.152000 us
  Sample 67...
Starting computation...
    Writing took     6.095278 ms
    Computation took 281.479180 ms
    Reading took     231.908000 us
  Sample 68...
Starting computation...
    Writing took     6.861614 ms
    Computation took 283.592800 ms
    Reading took     231.180000 us
  Sample 69...
Starting computation...
    Writing took     6.302473 ms
    Computation took 281.228409 ms
    Reading took     384.935000 us
  Sample 70...
Starting computation...
    Writing took     11.600037 ms
    Computation took 281.277324 ms
    Reading took     249.927000 us
  Sample 71...
Starting computation...
    Writing took     6.792229 ms
    Computation took 280.787814 ms
    Reading took     290.870000 us
  Sample 72...
Starting computation...
    Writing took     8.291788 ms
    Computation took 280.522592 ms
    Reading took     269.305000 us
  Sample 73...
Starting computation...
    Writing took     6.731725 ms
    Computation took 280.542830 ms
    Reading took     213.314000 us
  Sample 74...
Starting computation...
    Writing took     5.951194 ms
    Computation took 281.688722 ms
    Reading took     382.396000 us
  Sample 75...
Starting computation...
    Writing took     10.457882 ms
    Computation took 282.947332 ms
    Reading took     231.851000 us
  Sample 76...
Starting computation...
    Writing took     5.883391 ms
    Computation took 281.388626 ms
    Reading took     229.027000 us
  Sample 77...
Starting computation...
    Writing took     6.253718 ms
    Computation took 280.735794 ms
    Reading took     243.305000 us
  Sample 78...
Starting computation...
    Writing took     6.333460 ms
    Computation took 280.597706 ms
    Reading took     242.663000 us
  Sample 79...
Starting computation...
    Writing took     6.316101 ms
    Computation took 282.018789 ms
    Reading took     239.863000 us
  Sample 80...
Starting computation...
    Writing took     6.337331 ms
    Computation took 283.627891 ms
    Reading took     243.434000 us
  Sample 81...
Starting computation...
    Writing took     6.345478 ms
    Computation took 282.902310 ms
    Reading took     244.983000 us
  Sample 82...
Starting computation...
    Writing took     6.328347 ms
    Computation took 281.639352 ms
    Reading took     242.380000 us
  Sample 83...
Starting computation...
    Writing took     6.341744 ms
    Computation took 281.302840 ms
    Reading took     241.606000 us
  Sample 84...
Starting computation...
    Writing took     6.329927 ms
    Computation took 283.550708 ms
    Reading took     240.033000 us
  Sample 85...
Starting computation...
    Writing took     6.359454 ms
    Computation took 287.091193 ms
    Reading took     242.722000 us
  Sample 86...
Starting computation...
    Writing took     6.326844 ms
    Computation took 285.316077 ms
    Reading took     243.304000 us
  Sample 87...
Starting computation...
    Writing took     6.316839 ms
    Computation took 283.067175 ms
    Reading took     241.440000 us
  Sample 88...
Starting computation...
    Writing took     6.367162 ms
    Computation took 282.969862 ms
    Reading took     240.510000 us
  Sample 89...
Starting computation...
    Writing took     6.323010 ms
    Computation took 281.962340 ms
    Reading took     243.025000 us
  Sample 90...
Starting computation...
    Writing took     6.345288 ms
    Computation took 281.484389 ms
    Reading took     244.207000 us
  Sample 91...
Starting computation...
    Writing took     6.314626 ms
    Computation took 282.736892 ms
    Reading took     242.380000 us
  Sample 92...
Starting computation...
    Writing took     6.344388 ms
    Computation took 285.476527 ms
    Reading took     235.192000 us
  Sample 93...
Starting computation...
    Writing took     6.276634 ms
    Computation took 283.176118 ms
    Reading took     241.588000 us
  Sample 94...
Starting computation...
    Writing took     6.333500 ms
    Computation took 280.956877 ms
    Reading took     256.189000 us
  Sample 95...
Starting computation...
    Writing took     5.948749 ms
    Computation took 281.495798 ms
    Reading took     221.128000 us
  Sample 96...
Starting computation...
    Writing took     5.803584 ms
    Computation took 280.862815 ms
    Reading took     218.552000 us
  Sample 97...
Starting computation...
    Writing took     6.219102 ms
    Computation took 281.297922 ms
    Reading took     219.640000 us
  Sample 98...
Starting computation...
    Writing took     5.589691 ms
    Computation took 280.610686 ms
    Reading took     243.631000 us
  Sample 99...
Starting computation...
    Writing took     6.347054 ms
    Computation took 280.850995 ms
    Reading took     248.365000 us
Mean computation time: 281.622952 ms
Mean deviation: 1.040711 ms (0.369541%)
Mean computation time (per hash): 3.313210 ms
Mean deviation (per hash): 12.243000 us
