Using device #0: CUDA Device 'GeForce GTX 1080 Ti'
  Sample 0...
Starting computation...
    Writing took     4.968152 ms
    Computation took 231.553212 ms
    Reading took     185.631000 us
  Sample 1...
Starting computation...
    Writing took     4.551001 ms
    Computation took 231.528122 ms
    Reading took     178.118000 us
  Sample 2...
Starting computation...
    Writing took     4.848786 ms
    Computation took 231.599422 ms
    Reading took     256.740000 us
  Sample 3...
Starting computation...
    Writing took     7.301905 ms
    Computation took 231.576863 ms
    Reading took     166.404000 us
  Sample 4...
Starting computation...
    Writing took     4.155783 ms
    Computation took 231.509714 ms
    Reading took     161.480000 us
  Sample 5...
Starting computation...
    Writing took     4.040602 ms
    Computation took 231.445199 ms
    Reading took     166.160000 us
  Sample 6...
Starting computation...
    Writing took     4.171923 ms
    Computation took 231.570675 ms
    Reading took     281.383000 us
  Sample 7...
Starting computation...
    Writing took     7.747937 ms
    Computation took 231.561501 ms
    Reading took     198.190000 us
  Sample 8...
Starting computation...
    Writing took     4.913550 ms
    Computation took 231.642731 ms
    Reading took     180.510000 us
  Sample 9...
Starting computation...
    Writing took     4.962632 ms
    Computation took 231.610793 ms
    Reading took     179.292000 us
  Sample 10...
Starting computation...
    Writing took     4.909883 ms
    Computation took 231.573525 ms
    Reading took     165.010000 us
  Sample 11...
Starting computation...
    Writing took     4.503555 ms
    Computation took 231.520204 ms
    Reading took     189.458000 us
  Sample 12...
Starting computation...
    Writing took     7.546941 ms
    Computation took 231.603475 ms
    Reading took     166.622000 us
  Sample 13...
Starting computation...
    Writing took     4.481958 ms
    Computation took 231.583770 ms
    Reading took     166.580000 us
  Sample 14...
Starting computation...
    Writing took     4.497740 ms
    Computation took 231.606446 ms
    Reading took     173.667000 us
  Sample 15...
Starting computation...
    Writing took     4.549106 ms
    Computation took 231.533994 ms
    Reading took     168.226000 us
  Sample 16...
Starting computation...
    Writing took     4.501326 ms
    Computation took 231.610508 ms
    Reading took     262.813000 us
  Sample 17...
Starting computation...
    Writing took     7.629180 ms
    Computation took 231.563075 ms
    Reading took     247.532000 us
  Sample 18...
Starting computation...
    Writing took     5.966466 ms
    Computation took 231.584511 ms
    Reading took     144.266000 us
  Sample 19...
Starting computation...
    Writing took     3.740440 ms
    Computation took 231.502973 ms
    Reading took     144.717000 us
  Sample 20...
Starting computation...
    Writing took     3.979622 ms
    Computation took 231.573261 ms
    Reading took     141.190000 us
  Sample 21...
Starting computation...
    Writing took     3.770108 ms
    Computation took 231.546001 ms
    Reading took     179.487000 us
  Sample 22...
Starting computation...
    Writing took     4.961297 ms
    Computation took 231.582862 ms
    Reading took     181.991000 us
  Sample 23...
Starting computation...
    Writing took     4.957492 ms
    Computation took 231.604589 ms
    Reading took     178.530000 us
  Sample 24...
Starting computation...
    Writing took     4.540493 ms
    Computation took 231.606754 ms
    Reading took     168.508000 us
  Sample 25...
Starting computation...
    Writing took     4.536199 ms
    Computation took 231.990566 ms
    Reading took     136.689000 us
  Sample 26...
Starting computation...
    Writing took     3.502273 ms
    Computation took 231.971725 ms
    Reading took     179.067000 us
  Sample 27...
Starting computation...
    Writing took     5.371093 ms
    Computation took 231.935711 ms
    Reading took     164.164000 us
  Sample 28...
Starting computation...
    Writing took     3.466914 ms
    Computation took 231.999523 ms
    Reading took     154.083000 us
  Sample 29...
Starting computation...
    Writing took     3.459608 ms
    Computation took 231.922929 ms
    Reading took     139.628000 us
  Sample 30...
Starting computation...
    Writing took     3.758039 ms
    Computation took 231.922116 ms
    Reading took     134.734000 us
  Sample 31...
Starting computation...
    Writing took     3.486117 ms
    Computation took 231.888333 ms
    Reading took     133.567000 us
  Sample 32...
Starting computation...
    Writing took     3.527692 ms
    Computation took 231.919697 ms
    Reading took     141.238000 us
  Sample 33...
Starting computation...
    Writing took     3.790962 ms
    Computation took 231.937331 ms
    Reading took     135.954000 us
  Sample 34...
Starting computation...
    Writing took     3.581201 ms
    Computation took 231.887117 ms
    Reading took     140.323000 us
  Sample 35...
Starting computation...
    Writing took     3.805028 ms
    Computation took 231.916985 ms
    Reading took     144.746000 us
  Sample 36...
Starting computation...
    Writing took     3.912664 ms
    Computation took 231.875397 ms
    Reading took     133.680000 us
  Sample 37...
Starting computation...
    Writing took     3.446105 ms
    Computation took 232.061947 ms
    Reading took     257.575000 us
  Sample 38...
Starting computation...
    Writing took     7.644998 ms
    Computation took 231.983739 ms
    Reading took     170.738000 us
  Sample 39...
Starting computation...
    Writing took     4.536436 ms
    Computation took 232.054363 ms
    Reading took     166.956000 us
  Sample 40...
Starting computation...
    Writing took     4.548832 ms
    Computation took 231.989362 ms
    Reading took     164.477000 us
  Sample 41...
Starting computation...
    Writing took     4.568919 ms
    Computation took 231.889310 ms
    Reading took     164.586000 us
  Sample 42...
Starting computation...
    Writing took     4.536164 ms
    Computation took 231.981104 ms
    Reading took     140.566000 us
  Sample 43...
Starting computation...
    Writing took     3.703658 ms
    Computation took 231.911996 ms
    Reading took     140.346000 us
  Sample 44...
Starting computation...
    Writing took     3.484512 ms
    Computation took 231.894447 ms
    Reading took     217.292000 us
  Sample 45...
Starting computation...
    Writing took     6.116308 ms
    Computation took 231.920864 ms
    Reading took     145.724000 us
  Sample 46...
Starting computation...
    Writing took     4.013234 ms
    Computation took 231.950367 ms
    Reading took     179.636000 us
  Sample 47...
Starting computation...
    Writing took     4.565616 ms
    Computation took 232.020472 ms
    Reading took     182.876000 us
  Sample 48...
Starting computation...
    Writing took     4.572008 ms
    Computation took 232.052003 ms
    Reading took     182.400000 us
  Sample 49...
Starting computation...
    Writing took     4.557500 ms
    Computation took 231.959169 ms
    Reading took     179.691000 us
  Sample 50...
Starting computation...
    Writing took     4.572825 ms
    Computation took 231.997729 ms
    Reading took     180.201000 us
  Sample 51...
Starting computation...
    Writing took     4.574028 ms
    Computation took 231.969788 ms
    Reading took     177.800000 us
  Sample 52...
Starting computation...
    Writing took     4.585122 ms
    Computation took 231.942266 ms
    Reading took     177.293000 us
  Sample 53...
Starting computation...
    Writing took     4.556317 ms
    Computation took 232.020614 ms
    Reading took     210.846000 us
  Sample 54...
Starting computation...
    Writing took     7.360193 ms
    Computation took 232.015906 ms
    Reading took     168.962000 us
  Sample 55...
Starting computation...
    Writing took     4.284051 ms
    Computation took 231.862955 ms
    Reading took     174.884000 us
  Sample 56...
Starting computation...
    Writing took     4.548416 ms
    Computation took 232.422318 ms
    Reading took     183.567000 us
  Sample 57...
Starting computation...
    Writing took     4.569145 ms
    Computation took 232.316728 ms
    Reading took     178.408000 us
  Sample 58...
Starting computation...
    Writing took     4.578247 ms
    Computation took 232.378483 ms
    Reading took     178.060000 us
  Sample 59...
Starting computation...
    Writing took     4.549005 ms
    Computation took 232.364145 ms
    Reading took     145.523000 us
  Sample 60...
Starting computation...
    Writing took     3.488642 ms
    Computation took 232.401969 ms
    Reading took     156.825000 us
  Sample 61...
Starting computation...
    Writing took     3.534543 ms
    Computation took 232.380599 ms
    Reading took     219.083000 us
  Sample 62...
Starting computation...
    Writing took     5.980048 ms
    Computation took 232.390937 ms
    Reading took     134.427000 us
  Sample 63...
Starting computation...
    Writing took     3.564450 ms
    Computation took 232.441234 ms
    Reading took     150.892000 us
  Sample 64...
Starting computation...
    Writing took     3.871044 ms
    Computation took 232.302393 ms
    Reading took     153.032000 us
  Sample 65...
Starting computation...
    Writing took     3.845070 ms
    Computation took 232.439171 ms
    Reading took     194.021000 us
  Sample 66...
Starting computation...
    Writing took     3.915940 ms
    Computation took 232.466047 ms
    Reading took     171.006000 us
  Sample 67...
Starting computation...
    Writing took     4.137154 ms
    Computation took 232.497142 ms
    Reading took     357.266000 us
  Sample 68...
Starting computation...
    Writing took     9.641275 ms
    Computation took 232.475179 ms
    Reading took     311.175000 us
  Sample 69...
Starting computation...
    Writing took     8.511961 ms
    Computation took 232.469952 ms
    Reading took     236.122000 us
  Sample 70...
Starting computation...
    Writing took     7.114353 ms
    Computation took 232.451630 ms
    Reading took     264.784000 us
  Sample 71...
Starting computation...
    Writing took     7.747041 ms
    Computation took 232.477145 ms
    Reading took     166.492000 us
  Sample 72...
Starting computation...
    Writing took     4.545132 ms
    Computation took 232.400474 ms
    Reading took     165.426000 us
  Sample 73...
Starting computation...
    Writing took     4.511978 ms
    Computation took 232.369976 ms
    Reading took     164.736000 us
  Sample 74...
Starting computation...
    Writing took     4.518825 ms
    Computation took 232.396649 ms
    Reading took     176.577000 us
  Sample 75...
Starting computation...
    Writing took     4.551072 ms
    Computation took 232.447774 ms
    Reading took     167.899000 us
  Sample 76...
Starting computation...
    Writing took     4.529879 ms
    Computation took 232.407093 ms
    Reading took     167.970000 us
  Sample 77...
Starting computation...
    Writing took     4.533021 ms
    Computation took 232.432779 ms
    Reading took     173.150000 us
  Sample 78...
Starting computation...
    Writing took     4.520079 ms
    Computation took 232.391016 ms
    Reading took     168.245000 us
  Sample 79...
Starting computation...
    Writing took     4.560691 ms
    Computation took 232.454108 ms
    Reading took     168.631000 us
  Sample 80...
Starting computation...
    Writing took     4.526492 ms
    Computation took 232.423901 ms
    Reading took     172.773000 us
  Sample 81...
Starting computation...
    Writing took     4.499718 ms
    Computation took 232.425294 ms
    Reading took     165.180000 us
  Sample 82...
Starting computation...
    Writing took     4.534855 ms
    Computation took 232.425631 ms
    Reading took     168.041000 us
  Sample 83...
Starting computation...
    Writing took     4.542494 ms
    Computation took 232.484543 ms
    Reading took     147.269000 us
  Sample 84...
Starting computation...
    Writing took     3.795569 ms
    Computation took 232.446229 ms
    Reading took     159.795000 us
  Sample 85...
Starting computation...
    Writing took     3.538422 ms
    Computation took 232.312614 ms
    Reading took     158.679000 us
  Sample 86...
Starting computation...
    Writing took     3.477579 ms
    Computation took 232.352865 ms
    Reading took     165.025000 us
  Sample 87...
Starting computation...
    Writing took     3.479966 ms
    Computation took 232.489139 ms
    Reading took     166.892000 us
  Sample 88...
Starting computation...
    Writing took     4.381614 ms
    Computation took 232.490999 ms
    Reading took     159.899000 us
  Sample 89...
Starting computation...
    Writing took     4.448835 ms
    Computation took 233.015025 ms
    Reading took     132.685000 us
  Sample 90...
Starting computation...
    Writing took     3.522775 ms
    Computation took 233.206912 ms
    Reading took     142.315000 us
  Sample 91...
Starting computation...
    Writing took     3.824227 ms
    Computation took 233.149820 ms
    Reading took     153.598000 us
  Sample 92...
Starting computation...
    Writing took     4.041208 ms
    Computation took 233.189236 ms
    Reading took     148.639000 us
  Sample 93...
Starting computation...
    Writing took     3.975485 ms
    Computation took 233.114722 ms
    Reading took     269.356000 us
  Sample 94...
Starting computation...
    Writing took     7.790169 ms
    Computation took 233.124822 ms
    Reading took     166.926000 us
  Sample 95...
Starting computation...
    Writing took     4.582105 ms
    Computation took 233.209388 ms
    Reading took     167.079000 us
  Sample 96...
Starting computation...
    Writing took     4.563070 ms
    Computation took 233.258792 ms
    Reading took     167.350000 us
  Sample 97...
Starting computation...
    Writing took     4.543503 ms
    Computation took 233.213979 ms
    Reading took     168.510000 us
  Sample 98...
Starting computation...
    Writing took     4.552606 ms
    Computation took 233.142801 ms
    Reading took     168.441000 us
  Sample 99...
Starting computation...
    Writing took     4.515778 ms
    Computation took 233.134858 ms
    Reading took     133.312000 us
Mean computation time: 232.144265 ms
Mean deviation: 404.776000 us (0.174364%)
Mean computation time (per hash): 3.805643 ms
Mean deviation (per hash): 6.635000 us
