Using device #0: CUDA Device 'GeForce GTX 1080 Ti'
  Sample 0...
Starting computation...
    Writing took     899.070000 us
    Computation took 196.596692 ms
    Reading took     24.556000 us
  Sample 1...
Starting computation...
    Writing took     506.778000 us
    Computation took 196.407397 ms
    Reading took     18.827000 us
  Sample 2...
Starting computation...
    Writing took     478.625000 us
    Computation took 196.452121 ms
    Reading took     19.980000 us
  Sample 3...
Starting computation...
    Writing took     493.009000 us
    Computation took 196.454910 ms
    Reading took     18.409000 us
  Sample 4...
Starting computation...
    Writing took     409.892000 us
    Computation took 196.425846 ms
    Reading took     17.877000 us
  Sample 5...
Starting computation...
    Writing took     403.652000 us
    Computation took 196.469487 ms
    Reading took     17.013000 us
  Sample 6...
Starting computation...
    Writing took     423.456000 us
    Computation took 196.458588 ms
    Reading took     18.287000 us
  Sample 7...
Starting computation...
    Writing took     434.519000 us
    Computation took 196.466246 ms
    Reading took     15.599000 us
  Sample 8...
Starting computation...
    Writing took     354.835000 us
    Computation took 196.474722 ms
    Reading took     17.217000 us
  Sample 9...
Starting computation...
    Writing took     377.199000 us
    Computation took 196.413918 ms
    Reading took     15.738000 us
  Sample 10...
Starting computation...
    Writing took     353.854000 us
    Computation took 196.458821 ms
    Reading took     19.200000 us
  Sample 11...
Starting computation...
    Writing took     458.019000 us
    Computation took 196.455636 ms
    Reading took     16.714000 us
  Sample 12...
Starting computation...
    Writing took     437.334000 us
    Computation took 196.434997 ms
    Reading took     20.270000 us
  Sample 13...
Starting computation...
    Writing took     354.474000 us
    Computation took 196.491370 ms
    Reading took     15.954000 us
  Sample 14...
Starting computation...
    Writing took     353.968000 us
    Computation took 196.457924 ms
    Reading took     21.495000 us
  Sample 15...
Starting computation...
    Writing took     492.631000 us
    Computation took 196.484745 ms
    Reading took     21.810000 us
  Sample 16...
Starting computation...
    Writing took     493.962000 us
    Computation took 196.489324 ms
    Reading took     21.102000 us
  Sample 17...
Starting computation...
    Writing took     498.913000 us
    Computation took 196.470307 ms
    Reading took     17.027000 us
  Sample 18...
Starting computation...
    Writing took     388.589000 us
    Computation took 196.420851 ms
    Reading took     17.292000 us
  Sample 19...
Starting computation...
    Writing took     384.299000 us
    Computation took 196.439600 ms
    Reading took     19.832000 us
  Sample 20...
Starting computation...
    Writing took     452.091000 us
    Computation took 196.467184 ms
    Reading took     19.417000 us
  Sample 21...
Starting computation...
    Writing took     475.343000 us
    Computation took 196.478496 ms
    Reading took     19.350000 us
  Sample 22...
Starting computation...
    Writing took     451.925000 us
    Computation took 196.459877 ms
    Reading took     19.915000 us
  Sample 23...
Starting computation...
    Writing took     515.045000 us
    Computation took 196.483669 ms
    Reading took     17.704000 us
  Sample 24...
Starting computation...
    Writing took     390.757000 us
    Computation took 196.470951 ms
    Reading took     19.920000 us
  Sample 25...
Starting computation...
    Writing took     467.945000 us
    Computation took 196.478279 ms
    Reading took     19.071000 us
  Sample 26...
Starting computation...
    Writing took     451.839000 us
    Computation took 196.442750 ms
    Reading took     19.256000 us
  Sample 27...
Starting computation...
    Writing took     451.245000 us
    Computation took 196.427716 ms
    Reading took     16.621000 us
  Sample 28...
Starting computation...
    Writing took     376.653000 us
    Computation took 196.473939 ms
    Reading took     18.957000 us
  Sample 29...
Starting computation...
    Writing took     419.113000 us
    Computation took 196.435220 ms
    Reading took     17.596000 us
  Sample 30...
Starting computation...
    Writing took     402.801000 us
    Computation took 196.401276 ms
    Reading took     19.874000 us
  Sample 31...
Starting computation...
    Writing took     450.560000 us
    Computation took 196.461150 ms
    Reading took     22.567000 us
  Sample 32...
Starting computation...
    Writing took     541.494000 us
    Computation took 196.506904 ms
    Reading took     19.093000 us
  Sample 33...
Starting computation...
    Writing took     450.373000 us
    Computation took 196.422234 ms
    Reading took     15.320000 us
  Sample 34...
Starting computation...
    Writing took     347.421000 us
    Computation took 196.437066 ms
    Reading took     19.049000 us
  Sample 35...
Starting computation...
    Writing took     453.233000 us
    Computation took 196.487958 ms
    Reading took     19.361000 us
  Sample 36...
Starting computation...
    Writing took     450.283000 us
    Computation took 196.428836 ms
    Reading took     16.446000 us
  Sample 37...
Starting computation...
    Writing took     354.801000 us
    Computation took 196.387574 ms
    Reading took     27.873000 us
  Sample 38...
Starting computation...
    Writing took     540.140000 us
    Computation took 196.478031 ms
    Reading took     23.498000 us
  Sample 39...
Starting computation...
    Writing took     542.836000 us
    Computation took 196.478645 ms
    Reading took     20.408000 us
  Sample 40...
Starting computation...
    Writing took     492.539000 us
    Computation took 196.491586 ms
    Reading took     20.500000 us
  Sample 41...
Starting computation...
    Writing took     490.602000 us
    Computation took 196.453659 ms
    Reading took     20.551000 us
  Sample 42...
Starting computation...
    Writing took     506.679000 us
    Computation took 196.513610 ms
    Reading took     18.997000 us
  Sample 43...
Starting computation...
    Writing took     435.095000 us
    Computation took 196.476017 ms
    Reading took     19.069000 us
  Sample 44...
Starting computation...
    Writing took     432.915000 us
    Computation took 196.425414 ms
    Reading took     18.492000 us
  Sample 45...
Starting computation...
    Writing took     435.036000 us
    Computation took 196.452593 ms
    Reading took     21.502000 us
  Sample 46...
Starting computation...
    Writing took     477.466000 us
    Computation took 196.436407 ms
    Reading took     17.064000 us
  Sample 47...
Starting computation...
    Writing took     438.998000 us
    Computation took 196.466781 ms
    Reading took     16.357000 us
  Sample 48...
Starting computation...
    Writing took     354.670000 us
    Computation took 196.437687 ms
    Reading took     19.276000 us
  Sample 49...
Starting computation...
    Writing took     450.718000 us
    Computation took 196.475486 ms
    Reading took     19.927000 us
  Sample 50...
Starting computation...
    Writing took     458.624000 us
    Computation took 196.490631 ms
    Reading took     28.676000 us
  Sample 51...
Starting computation...
    Writing took     727.722000 us
    Computation took 196.493266 ms
    Reading took     17.177000 us
  Sample 52...
Starting computation...
    Writing took     390.636000 us
    Computation took 196.406297 ms
    Reading took     16.400000 us
  Sample 53...
Starting computation...
    Writing took     349.892000 us
    Computation took 196.417375 ms
    Reading took     13.993000 us
  Sample 54...
Starting computation...
    Writing took     339.405000 us
    Computation took 196.427892 ms
    Reading took     32.028000 us
  Sample 55...
Starting computation...
    Writing took     770.496000 us
    Computation took 196.492409 ms
    Reading took     21.095000 us
  Sample 56...
Starting computation...
    Writing took     489.756000 us
    Computation took 196.477219 ms
    Reading took     23.118000 us
  Sample 57...
Starting computation...
    Writing took     498.579000 us
    Computation took 196.474430 ms
    Reading took     22.863000 us
  Sample 58...
Starting computation...
    Writing took     513.275000 us
    Computation took 196.465209 ms
    Reading took     21.560000 us
  Sample 59...
Starting computation...
    Writing took     458.326000 us
    Computation took 196.481994 ms
    Reading took     21.736000 us
  Sample 60...
Starting computation...
    Writing took     459.142000 us
    Computation took 196.490829 ms
    Reading took     18.885000 us
  Sample 61...
Starting computation...
    Writing took     362.875000 us
    Computation took 196.465338 ms
    Reading took     17.696000 us
  Sample 62...
Starting computation...
    Writing took     363.112000 us
    Computation took 196.462370 ms
    Reading took     16.447000 us
  Sample 63...
Starting computation...
    Writing took     340.102000 us
    Computation took 196.420958 ms
    Reading took     17.970000 us
  Sample 64...
Starting computation...
    Writing took     382.157000 us
    Computation took 196.455096 ms
    Reading took     17.788000 us
  Sample 65...
Starting computation...
    Writing took     360.402000 us
    Computation took 196.466081 ms
    Reading took     23.588000 us
  Sample 66...
Starting computation...
    Writing took     461.337000 us
    Computation took 196.496708 ms
    Reading took     28.420000 us
  Sample 67...
Starting computation...
    Writing took     696.217000 us
    Computation took 196.489546 ms
    Reading took     20.092000 us
  Sample 68...
Starting computation...
    Writing took     398.289000 us
    Computation took 196.491242 ms
    Reading took     20.406000 us
  Sample 69...
Starting computation...
    Writing took     412.702000 us
    Computation took 196.504654 ms
    Reading took     22.008000 us
  Sample 70...
Starting computation...
    Writing took     458.138000 us
    Computation took 196.496880 ms
    Reading took     20.371000 us
  Sample 71...
Starting computation...
    Writing took     413.858000 us
    Computation took 196.462018 ms
    Reading took     16.282000 us
  Sample 72...
Starting computation...
    Writing took     340.456000 us
    Computation took 196.470396 ms
    Reading took     20.359000 us
  Sample 73...
Starting computation...
    Writing took     425.434000 us
    Computation took 196.499329 ms
    Reading took     19.270000 us
  Sample 74...
Starting computation...
    Writing took     397.587000 us
    Computation took 196.475544 ms
    Reading took     21.439000 us
  Sample 75...
Starting computation...
    Writing took     464.379000 us
    Computation took 196.490253 ms
    Reading took     32.060000 us
  Sample 76...
Starting computation...
    Writing took     534.419000 us
    Computation took 196.448517 ms
    Reading took     20.483000 us
  Sample 77...
Starting computation...
    Writing took     428.953000 us
    Computation took 196.466829 ms
    Reading took     21.608000 us
  Sample 78...
Starting computation...
    Writing took     461.680000 us
    Computation took 196.497418 ms
    Reading took     40.730000 us
  Sample 79...
Starting computation...
    Writing took     462.613000 us
    Computation took 196.478819 ms
    Reading took     33.174000 us
  Sample 80...
Starting computation...
    Writing took     751.065000 us
    Computation took 196.472860 ms
    Reading took     20.672000 us
  Sample 81...
Starting computation...
    Writing took     425.536000 us
    Computation took 196.480038 ms
    Reading took     20.037000 us
  Sample 82...
Starting computation...
    Writing took     386.169000 us
    Computation took 196.422172 ms
    Reading took     23.544000 us
  Sample 83...
Starting computation...
    Writing took     459.641000 us
    Computation took 196.479441 ms
    Reading took     19.296000 us
  Sample 84...
Starting computation...
    Writing took     385.649000 us
    Computation took 196.449183 ms
    Reading took     19.131000 us
  Sample 85...
Starting computation...
    Writing took     361.251000 us
    Computation took 196.481852 ms
    Reading took     22.220000 us
  Sample 86...
Starting computation...
    Writing took     465.042000 us
    Computation took 196.450124 ms
    Reading took     21.230000 us
  Sample 87...
Starting computation...
    Writing took     460.898000 us
    Computation took 196.470916 ms
    Reading took     31.930000 us
  Sample 88...
Starting computation...
    Writing took     651.453000 us
    Computation took 196.499244 ms
    Reading took     18.328000 us
  Sample 89...
Starting computation...
    Writing took     353.475000 us
    Computation took 196.501723 ms
    Reading took     22.116000 us
  Sample 90...
Starting computation...
    Writing took     458.606000 us
    Computation took 196.477055 ms
    Reading took     32.449000 us
  Sample 91...
Starting computation...
    Writing took     772.154000 us
    Computation took 196.514815 ms
    Reading took     25.549000 us
  Sample 92...
Starting computation...
    Writing took     504.061000 us
    Computation took 196.520860 ms
    Reading took     22.936000 us
  Sample 93...
Starting computation...
    Writing took     499.320000 us
    Computation took 196.451029 ms
    Reading took     20.695000 us
  Sample 94...
Starting computation...
    Writing took     517.353000 us
    Computation took 196.458730 ms
    Reading took     28.670000 us
  Sample 95...
Starting computation...
    Writing took     607.991000 us
    Computation took 196.526303 ms
    Reading took     23.387000 us
  Sample 96...
Starting computation...
    Writing took     498.374000 us
    Computation took 196.438887 ms
    Reading took     23.632000 us
  Sample 97...
Starting computation...
    Writing took     500.180000 us
    Computation took 196.534206 ms
    Reading took     20.383000 us
  Sample 98...
Starting computation...
    Writing took     429.517000 us
    Computation took 196.505373 ms
    Reading took     21.889000 us
  Sample 99...
Starting computation...
    Writing took     458.680000 us
    Computation took 196.497035 ms
    Reading took     19.354000 us
Mean computation time: 196.467478 ms
Mean deviation: 24.292000 us (0.0123644%)
Mean computation time (per hash): 32.744579 ms
Mean deviation (per hash): 4.048000 us
