Using device #0: CUDA Device 'GeForce GTX 1080 Ti'
  Sample 0...
Starting computation...
    Writing took     7.727744 ms
    Computation took 284.390220 ms
    Reading took     237.049000 us
  Sample 1...
Starting computation...
    Writing took     6.419573 ms
    Computation took 284.536678 ms
    Reading took     248.803000 us
  Sample 2...
Starting computation...
    Writing took     6.480254 ms
    Computation took 284.486124 ms
    Reading took     287.568000 us
  Sample 3...
Starting computation...
    Writing took     6.163808 ms
    Computation took 284.682144 ms
    Reading took     235.264000 us
  Sample 4...
Starting computation...
    Writing took     6.459907 ms
    Computation took 284.485025 ms
    Reading took     244.542000 us
  Sample 5...
Starting computation...
    Writing took     6.547063 ms
    Computation took 285.009663 ms
    Reading took     234.613000 us
  Sample 6...
Starting computation...
    Writing took     6.464274 ms
    Computation took 285.584033 ms
    Reading took     210.665000 us
  Sample 7...
Starting computation...
    Writing took     5.743604 ms
    Computation took 287.541000 ms
    Reading took     246.201000 us
  Sample 8...
Starting computation...
    Writing took     6.024569 ms
    Computation took 287.548429 ms
    Reading took     232.893000 us
  Sample 9...
Starting computation...
    Writing took     6.480411 ms
    Computation took 288.644913 ms
    Reading took     227.130000 us
  Sample 10...
Starting computation...
    Writing took     6.158254 ms
    Computation took 287.272743 ms
    Reading took     222.544000 us
  Sample 11...
Starting computation...
    Writing took     6.068918 ms
    Computation took 286.353681 ms
    Reading took     226.165000 us
  Sample 12...
Starting computation...
    Writing took     6.395639 ms
    Computation took 284.906696 ms
    Reading took     219.005000 us
  Sample 13...
Starting computation...
    Writing took     6.067347 ms
    Computation took 284.460882 ms
    Reading took     235.287000 us
  Sample 14...
Starting computation...
    Writing took     6.346752 ms
    Computation took 284.937221 ms
    Reading took     233.915000 us
  Sample 15...
Starting computation...
    Writing took     6.431560 ms
    Computation took 284.568599 ms
    Reading took     227.829000 us
  Sample 16...
Starting computation...
    Writing took     6.229479 ms
    Computation took 284.736019 ms
    Reading took     267.517000 us
  Sample 17...
Starting computation...
    Writing took     6.438225 ms
    Computation took 284.891824 ms
    Reading took     248.700000 us
  Sample 18...
Starting computation...
    Writing took     6.440461 ms
    Computation took 284.571915 ms
    Reading took     269.002000 us
  Sample 19...
Starting computation...
    Writing took     7.038709 ms
    Computation took 284.626955 ms
    Reading took     234.588000 us
  Sample 20...
Starting computation...
    Writing took     11.849323 ms
    Computation took 286.058525 ms
    Reading took     234.312000 us
  Sample 21...
Starting computation...
    Writing took     7.075101 ms
    Computation took 288.086814 ms
    Reading took     234.123000 us
  Sample 22...
Starting computation...
    Writing took     6.490505 ms
    Computation took 289.402857 ms
    Reading took     234.251000 us
  Sample 23...
Starting computation...
    Writing took     6.434239 ms
    Computation took 290.144363 ms
    Reading took     252.913000 us
  Sample 24...
Starting computation...
    Writing took     7.046478 ms
    Computation took 289.590985 ms
    Reading took     251.251000 us
  Sample 25...
Starting computation...
    Writing took     7.062148 ms
    Computation took 288.240363 ms
    Reading took     210.621000 us
  Sample 26...
Starting computation...
    Writing took     5.818398 ms
    Computation took 286.597280 ms
    Reading took     227.009000 us
  Sample 27...
Starting computation...
    Writing took     6.303109 ms
    Computation took 285.034554 ms
    Reading took     221.430000 us
  Sample 28...
Starting computation...
    Writing took     6.194919 ms
    Computation took 285.253503 ms
    Reading took     218.616000 us
  Sample 29...
Starting computation...
    Writing took     5.951294 ms
    Computation took 285.914049 ms
    Reading took     217.133000 us
  Sample 30...
Starting computation...
    Writing took     6.053710 ms
    Computation took 288.264608 ms
    Reading took     397.496000 us
  Sample 31...
Starting computation...
    Writing took     11.217877 ms
    Computation took 286.630882 ms
    Reading took     247.429000 us
  Sample 32...
Starting computation...
    Writing took     6.724523 ms
    Computation took 285.708719 ms
    Reading took     248.125000 us
  Sample 33...
Starting computation...
    Writing took     7.036019 ms
    Computation took 285.270517 ms
    Reading took     250.128000 us
  Sample 34...
Starting computation...
    Writing took     6.616743 ms
    Computation took 284.616039 ms
    Reading took     272.309000 us
  Sample 35...
Starting computation...
    Writing took     7.055167 ms
    Computation took 284.577369 ms
    Reading took     237.873000 us
  Sample 36...
Starting computation...
    Writing took     6.253951 ms
    Computation took 285.817149 ms
    Reading took     219.809000 us
  Sample 37...
Starting computation...
    Writing took     5.547118 ms
    Computation took 287.681263 ms
    Reading took     247.349000 us
  Sample 38...
Starting computation...
    Writing took     6.502136 ms
    Computation took 287.873482 ms
    Reading took     253.656000 us
  Sample 39...
Starting computation...
    Writing took     6.581546 ms
    Computation took 286.873755 ms
    Reading took     345.665000 us
  Sample 40...
Starting computation...
    Writing took     10.864538 ms
    Computation took 286.430018 ms
    Reading took     313.856000 us
  Sample 41...
Starting computation...
    Writing took     10.090608 ms
    Computation took 284.985523 ms
    Reading took     265.524000 us
  Sample 42...
Starting computation...
    Writing took     7.375509 ms
    Computation took 284.788203 ms
    Reading took     267.480000 us
  Sample 43...
Starting computation...
    Writing took     7.065736 ms
    Computation took 284.528685 ms
    Reading took     240.250000 us
  Sample 44...
Starting computation...
    Writing took     6.240633 ms
    Computation took 285.187556 ms
    Reading took     249.731000 us
  Sample 45...
Starting computation...
    Writing took     6.500393 ms
    Computation took 286.711309 ms
    Reading took     247.481000 us
  Sample 46...
Starting computation...
    Writing took     6.651214 ms
    Computation took 289.440238 ms
    Reading took     281.456000 us
  Sample 47...
Starting computation...
    Writing took     7.451614 ms
    Computation took 286.313336 ms
    Reading took     247.106000 us
  Sample 48...
Starting computation...
    Writing took     6.516759 ms
    Computation took 285.507390 ms
    Reading took     233.299000 us
  Sample 49...
Starting computation...
    Writing took     6.435098 ms
    Computation took 284.997784 ms
    Reading took     394.734000 us
  Sample 50...
Starting computation...
    Writing took     11.299562 ms
    Computation took 284.598567 ms
    Reading took     234.589000 us
  Sample 51...
Starting computation...
    Writing took     6.433046 ms
    Computation took 284.587533 ms
    Reading took     234.934000 us
  Sample 52...
Starting computation...
    Writing took     6.480319 ms
    Computation took 287.396946 ms
    Reading took     232.046000 us
  Sample 53...
Starting computation...
    Writing took     6.421624 ms
    Computation took 292.325573 ms
    Reading took     247.245000 us
  Sample 54...
Starting computation...
    Writing took     7.245101 ms
    Computation took 291.420185 ms
    Reading took     225.639000 us
  Sample 55...
Starting computation...
    Writing took     6.319095 ms
    Computation took 288.482946 ms
    Reading took     226.871000 us
  Sample 56...
Starting computation...
    Writing took     6.334300 ms
    Computation took 287.716111 ms
    Reading took     224.236000 us
  Sample 57...
Starting computation...
    Writing took     6.237878 ms
    Computation took 287.441070 ms
    Reading took     226.959000 us
  Sample 58...
Starting computation...
    Writing took     6.295620 ms
    Computation took 286.958290 ms
    Reading took     219.724000 us
  Sample 59...
Starting computation...
    Writing took     6.004518 ms
    Computation took 286.205437 ms
    Reading took     233.246000 us
  Sample 60...
Starting computation...
    Writing took     5.994033 ms
    Computation took 285.832498 ms
    Reading took     270.131000 us
  Sample 61...
Starting computation...
    Writing took     7.329529 ms
    Computation took 285.838876 ms
    Reading took     251.346000 us
  Sample 62...
Starting computation...
    Writing took     7.055827 ms
    Computation took 285.734866 ms
    Reading took     252.846000 us
  Sample 63...
Starting computation...
    Writing took     7.040117 ms
    Computation took 284.671478 ms
    Reading took     236.547000 us
  Sample 64...
Starting computation...
    Writing took     6.469822 ms
    Computation took 284.692521 ms
    Reading took     218.511000 us
  Sample 65...
Starting computation...
    Writing took     5.971520 ms
    Computation took 285.300982 ms
    Reading took     234.640000 us
  Sample 66...
Starting computation...
    Writing took     6.478568 ms
    Computation took 286.505334 ms
    Reading took     225.568000 us
  Sample 67...
Starting computation...
    Writing took     6.220422 ms
    Computation took 286.665226 ms
    Reading took     235.668000 us
  Sample 68...
Starting computation...
    Writing took     6.428325 ms
    Computation took 286.463400 ms
    Reading took     232.942000 us
  Sample 69...
Starting computation...
    Writing took     6.450778 ms
    Computation took 287.106296 ms
    Reading took     226.315000 us
  Sample 70...
Starting computation...
    Writing took     6.207484 ms
    Computation took 286.265002 ms
    Reading took     234.185000 us
  Sample 71...
Starting computation...
    Writing took     6.213799 ms
    Computation took 284.965308 ms
    Reading took     234.855000 us
  Sample 72...
Starting computation...
    Writing took     6.449052 ms
    Computation took 285.416604 ms
    Reading took     234.946000 us
  Sample 73...
Starting computation...
    Writing took     7.088695 ms
    Computation took 284.945317 ms
    Reading took     381.872000 us
  Sample 74...
Starting computation...
    Writing took     10.550599 ms
    Computation took 284.899193 ms
    Reading took     265.529000 us
  Sample 75...
Starting computation...
    Writing took     7.032089 ms
    Computation took 285.531963 ms
    Reading took     251.783000 us
  Sample 76...
Starting computation...
    Writing took     7.961757 ms
    Computation took 286.915250 ms
    Reading took     256.545000 us
  Sample 77...
Starting computation...
    Writing took     6.985065 ms
    Computation took 285.734109 ms
    Reading took     266.020000 us
  Sample 78...
Starting computation...
    Writing took     7.032047 ms
    Computation took 285.534530 ms
    Reading took     254.433000 us
  Sample 79...
Starting computation...
    Writing took     7.024500 ms
    Computation took 284.909775 ms
    Reading took     218.897000 us
  Sample 80...
Starting computation...
    Writing took     5.956300 ms
    Computation took 284.887840 ms
    Reading took     276.980000 us
  Sample 81...
Starting computation...
    Writing took     9.648628 ms
    Computation took 284.828754 ms
    Reading took     256.849000 us
  Sample 82...
Starting computation...
    Writing took     7.006321 ms
    Computation took 285.662500 ms
    Reading took     252.528000 us
  Sample 83...
Starting computation...
    Writing took     6.268354 ms
    Computation took 285.898962 ms
    Reading took     219.293000 us
  Sample 84...
Starting computation...
    Writing took     5.958347 ms
    Computation took 285.691301 ms
    Reading took     234.963000 us
  Sample 85...
Starting computation...
    Writing took     7.378361 ms
    Computation took 284.882476 ms
    Reading took     238.173000 us
  Sample 86...
Starting computation...
    Writing took     6.908924 ms
    Computation took 284.650229 ms
    Reading took     329.060000 us
  Sample 87...
Starting computation...
    Writing took     7.269492 ms
    Computation took 284.788948 ms
    Reading took     303.509000 us
  Sample 88...
Starting computation...
    Writing took     6.847002 ms
    Computation took 285.238639 ms
    Reading took     234.118000 us
  Sample 89...
Starting computation...
    Writing took     6.477212 ms
    Computation took 285.904142 ms
    Reading took     220.558000 us
  Sample 90...
Starting computation...
    Writing took     6.002304 ms
    Computation took 287.085141 ms
    Reading took     236.036000 us
  Sample 91...
Starting computation...
    Writing took     6.446964 ms
    Computation took 286.621373 ms
    Reading took     233.720000 us
  Sample 92...
Starting computation...
    Writing took     6.457377 ms
    Computation took 286.158497 ms
    Reading took     261.083000 us
  Sample 93...
Starting computation...
    Writing took     7.073739 ms
    Computation took 285.686047 ms
    Reading took     346.178000 us
  Sample 94...
Starting computation...
    Writing took     10.975564 ms
    Computation took 284.559655 ms
    Reading took     261.040000 us
  Sample 95...
Starting computation...
    Writing took     7.643373 ms
    Computation took 285.104068 ms
    Reading took     233.253000 us
  Sample 96...
Starting computation...
    Writing took     7.768710 ms
    Computation took 286.216846 ms
    Reading took     213.081000 us
  Sample 97...
Starting computation...
    Writing took     5.881997 ms
    Computation took 288.491505 ms
    Reading took     233.446000 us
  Sample 98...
Starting computation...
    Writing took     6.439081 ms
    Computation took 286.510943 ms
    Reading took     212.809000 us
  Sample 99...
Starting computation...
    Writing took     5.832702 ms
    Computation took 285.855524 ms
    Reading took     333.935000 us
Mean computation time: 286.105464 ms
Mean deviation: 1.207502 ms (0.422048%)
Mean computation time (per hash): 3.288568 ms
Mean deviation (per hash): 13.879000 us
