Using device #0: CUDA Device 'GeForce GTX 1080 Ti'
  Sample 0...
Starting computation...
    Writing took     1.077474 ms
    Computation took 175.390906 ms
    Reading took     50.381000 us
  Sample 1...
Starting computation...
    Writing took     1.183688 ms
    Computation took 175.566503 ms
    Reading took     41.632000 us
  Sample 2...
Starting computation...
    Writing took     1.100353 ms
    Computation took 175.743453 ms
    Reading took     42.818000 us
  Sample 3...
Starting computation...
    Writing took     1.149050 ms
    Computation took 176.378944 ms
    Reading took     41.089000 us
  Sample 4...
Starting computation...
    Writing took     1.074529 ms
    Computation took 176.483910 ms
    Reading took     52.249000 us
  Sample 5...
Starting computation...
    Writing took     1.253577 ms
    Computation took 176.398870 ms
    Reading took     50.040000 us
  Sample 6...
Starting computation...
    Writing took     1.293608 ms
    Computation took 176.427863 ms
    Reading took     46.837000 us
  Sample 7...
Starting computation...
    Writing took     1.286199 ms
    Computation took 176.443189 ms
    Reading took     38.839000 us
  Sample 8...
Starting computation...
    Writing took     1.049488 ms
    Computation took 176.474787 ms
    Reading took     38.905000 us
  Sample 9...
Starting computation...
    Writing took     997.679000 us
    Computation took 176.457464 ms
    Reading took     36.395000 us
  Sample 10...
Starting computation...
    Writing took     962.214000 us
    Computation took 176.355339 ms
    Reading took     37.181000 us
  Sample 11...
Starting computation...
    Writing took     1.072768 ms
    Computation took 176.450668 ms
    Reading took     41.010000 us
  Sample 12...
Starting computation...
    Writing took     1.079718 ms
    Computation took 176.339199 ms
    Reading took     41.897000 us
  Sample 13...
Starting computation...
    Writing took     1.111011 ms
    Computation took 176.422319 ms
    Reading took     41.763000 us
  Sample 14...
Starting computation...
    Writing took     1.118263 ms
    Computation took 176.512940 ms
    Reading took     42.367000 us
  Sample 15...
Starting computation...
    Writing took     1.136141 ms
    Computation took 176.417762 ms
    Reading took     44.249000 us
  Sample 16...
Starting computation...
    Writing took     1.187199 ms
    Computation took 176.321823 ms
    Reading took     49.533000 us
  Sample 17...
Starting computation...
    Writing took     1.298360 ms
    Computation took 176.415830 ms
    Reading took     49.120000 us
  Sample 18...
Starting computation...
    Writing took     1.304942 ms
    Computation took 176.365794 ms
    Reading took     50.259000 us
  Sample 19...
Starting computation...
    Writing took     1.295169 ms
    Computation took 176.423176 ms
    Reading took     49.382000 us
  Sample 20...
Starting computation...
    Writing took     1.307209 ms
    Computation took 176.329182 ms
    Reading took     55.689000 us
  Sample 21...
Starting computation...
    Writing took     1.302201 ms
    Computation took 176.399116 ms
    Reading took     48.699000 us
  Sample 22...
Starting computation...
    Writing took     1.298054 ms
    Computation took 176.391034 ms
    Reading took     50.214000 us
  Sample 23...
Starting computation...
    Writing took     1.311097 ms
    Computation took 176.560616 ms
    Reading took     49.865000 us
  Sample 24...
Starting computation...
    Writing took     1.322414 ms
    Computation took 176.473254 ms
    Reading took     49.702000 us
  Sample 25...
Starting computation...
    Writing took     1.305035 ms
    Computation took 176.409168 ms
    Reading took     48.780000 us
  Sample 26...
Starting computation...
    Writing took     1.296407 ms
    Computation took 176.454643 ms
    Reading took     51.425000 us
  Sample 27...
Starting computation...
    Writing took     1.301997 ms
    Computation took 176.410094 ms
    Reading took     51.647000 us
  Sample 28...
Starting computation...
    Writing took     1.299740 ms
    Computation took 176.496225 ms
    Reading took     56.974000 us
  Sample 29...
Starting computation...
    Writing took     1.301946 ms
    Computation took 176.493666 ms
    Reading took     48.677000 us
  Sample 30...
Starting computation...
    Writing took     1.295672 ms
    Computation took 176.404663 ms
    Reading took     51.249000 us
  Sample 31...
Starting computation...
    Writing took     1.311662 ms
    Computation took 176.436004 ms
    Reading took     50.231000 us
  Sample 32...
Starting computation...
    Writing took     1.296503 ms
    Computation took 176.366745 ms
    Reading took     49.371000 us
  Sample 33...
Starting computation...
    Writing took     1.293348 ms
    Computation took 176.484861 ms
    Reading took     48.857000 us
  Sample 34...
Starting computation...
    Writing took     1.293093 ms
    Computation took 176.480067 ms
    Reading took     45.994000 us
  Sample 35...
Starting computation...
    Writing took     1.240915 ms
    Computation took 176.473797 ms
    Reading took     66.548000 us
  Sample 36...
Starting computation...
    Writing took     1.141678 ms
    Computation took 176.390084 ms
    Reading took     67.801000 us
  Sample 37...
Starting computation...
    Writing took     1.678231 ms
    Computation took 176.448908 ms
    Reading took     42.359000 us
  Sample 38...
Starting computation...
    Writing took     1.115070 ms
    Computation took 176.410184 ms
    Reading took     57.226000 us
  Sample 39...
Starting computation...
    Writing took     1.425177 ms
    Computation took 176.415628 ms
    Reading took     44.122000 us
  Sample 40...
Starting computation...
    Writing took     1.192333 ms
    Computation took 176.443698 ms
    Reading took     44.259000 us
  Sample 41...
Starting computation...
    Writing took     1.074328 ms
    Computation took 176.371754 ms
    Reading took     50.250000 us
  Sample 42...
Starting computation...
    Writing took     1.289436 ms
    Computation took 176.335135 ms
    Reading took     56.127000 us
  Sample 43...
Starting computation...
    Writing took     1.165380 ms
    Computation took 176.398899 ms
    Reading took     69.312000 us
  Sample 44...
Starting computation...
    Writing took     1.196822 ms
    Computation took 176.508002 ms
    Reading took     45.019000 us
  Sample 45...
Starting computation...
    Writing took     1.253026 ms
    Computation took 176.476207 ms
    Reading took     76.919000 us
  Sample 46...
Starting computation...
    Writing took     2.017955 ms
    Computation took 176.426707 ms
    Reading took     80.667000 us
  Sample 47...
Starting computation...
    Writing took     2.293094 ms
    Computation took 176.438299 ms
    Reading took     53.194000 us
  Sample 48...
Starting computation...
    Writing took     1.415346 ms
    Computation took 176.376068 ms
    Reading took     54.405000 us
  Sample 49...
Starting computation...
    Writing took     1.418692 ms
    Computation took 176.417024 ms
    Reading took     49.123000 us
  Sample 50...
Starting computation...
    Writing took     1.322399 ms
    Computation took 176.422951 ms
    Reading took     50.476000 us
  Sample 51...
Starting computation...
    Writing took     1.295981 ms
    Computation took 176.440226 ms
    Reading took     49.330000 us
  Sample 52...
Starting computation...
    Writing took     1.284995 ms
    Computation took 176.420560 ms
    Reading took     49.487000 us
  Sample 53...
Starting computation...
    Writing took     1.294797 ms
    Computation took 176.409817 ms
    Reading took     48.698000 us
  Sample 54...
Starting computation...
    Writing took     1.284220 ms
    Computation took 176.344951 ms
    Reading took     49.750000 us
  Sample 55...
Starting computation...
    Writing took     1.269610 ms
    Computation took 176.335436 ms
    Reading took     48.902000 us
  Sample 56...
Starting computation...
    Writing took     1.303980 ms
    Computation took 176.382308 ms
    Reading took     49.218000 us
  Sample 57...
Starting computation...
    Writing took     1.298643 ms
    Computation took 176.370433 ms
    Reading took     51.495000 us
  Sample 58...
Starting computation...
    Writing took     1.292632 ms
    Computation took 176.453891 ms
    Reading took     50.028000 us
  Sample 59...
Starting computation...
    Writing took     1.298764 ms
    Computation took 176.366208 ms
    Reading took     48.608000 us
  Sample 60...
Starting computation...
    Writing took     1.268254 ms
    Computation took 176.387183 ms
    Reading took     49.809000 us
  Sample 61...
Starting computation...
    Writing took     1.275109 ms
    Computation took 176.356948 ms
    Reading took     52.160000 us
  Sample 62...
Starting computation...
    Writing took     1.294271 ms
    Computation took 176.383467 ms
    Reading took     48.648000 us
  Sample 63...
Starting computation...
    Writing took     1.254596 ms
    Computation took 176.375297 ms
    Reading took     41.818000 us
  Sample 64...
Starting computation...
    Writing took     1.153725 ms
    Computation took 176.378329 ms
    Reading took     39.344000 us
  Sample 65...
Starting computation...
    Writing took     962.941000 us
    Computation took 176.317377 ms
    Reading took     38.598000 us
  Sample 66...
Starting computation...
    Writing took     961.161000 us
    Computation took 176.242635 ms
    Reading took     38.587000 us
  Sample 67...
Starting computation...
    Writing took     1.018782 ms
    Computation took 176.248282 ms
    Reading took     44.213000 us
  Sample 68...
Starting computation...
    Writing took     1.117273 ms
    Computation took 176.343209 ms
    Reading took     42.893000 us
  Sample 69...
Starting computation...
    Writing took     1.076353 ms
    Computation took 176.355060 ms
    Reading took     62.020000 us
  Sample 70...
Starting computation...
    Writing took     1.077990 ms
    Computation took 176.381083 ms
    Reading took     44.287000 us
  Sample 71...
Starting computation...
    Writing took     1.113222 ms
    Computation took 176.329312 ms
    Reading took     43.870000 us
  Sample 72...
Starting computation...
    Writing took     1.173605 ms
    Computation took 176.293859 ms
    Reading took     45.438000 us
  Sample 73...
Starting computation...
    Writing took     1.195875 ms
    Computation took 176.280677 ms
    Reading took     48.518000 us
  Sample 74...
Starting computation...
    Writing took     1.245467 ms
    Computation took 176.358407 ms
    Reading took     42.005000 us
  Sample 75...
Starting computation...
    Writing took     1.172279 ms
    Computation took 176.327896 ms
    Reading took     43.301000 us
  Sample 76...
Starting computation...
    Writing took     1.078607 ms
    Computation took 176.453297 ms
    Reading took     41.584000 us
  Sample 77...
Starting computation...
    Writing took     974.892000 us
    Computation took 176.419913 ms
    Reading took     38.940000 us
  Sample 78...
Starting computation...
    Writing took     1.027660 ms
    Computation took 176.370911 ms
    Reading took     39.678000 us
  Sample 79...
Starting computation...
    Writing took     1.001963 ms
    Computation took 176.393988 ms
    Reading took     53.046000 us
  Sample 80...
Starting computation...
    Writing took     1.411775 ms
    Computation took 176.398968 ms
    Reading took     54.662000 us
  Sample 81...
Starting computation...
    Writing took     1.368349 ms
    Computation took 176.292747 ms
    Reading took     51.996000 us
  Sample 82...
Starting computation...
    Writing took     1.411272 ms
    Computation took 176.351995 ms
    Reading took     47.521000 us
  Sample 83...
Starting computation...
    Writing took     1.285170 ms
    Computation took 176.350537 ms
    Reading took     48.660000 us
  Sample 84...
Starting computation...
    Writing took     1.289349 ms
    Computation took 176.393981 ms
    Reading took     48.591000 us
  Sample 85...
Starting computation...
    Writing took     1.282150 ms
    Computation took 176.310351 ms
    Reading took     74.885000 us
  Sample 86...
Starting computation...
    Writing took     2.004117 ms
    Computation took 176.372432 ms
    Reading took     48.967000 us
  Sample 87...
Starting computation...
    Writing took     1.290806 ms
    Computation took 176.404959 ms
    Reading took     74.248000 us
  Sample 88...
Starting computation...
    Writing took     2.005085 ms
    Computation took 176.339212 ms
    Reading took     48.312000 us
  Sample 89...
Starting computation...
    Writing took     1.285439 ms
    Computation took 176.383920 ms
    Reading took     75.606000 us
  Sample 90...
Starting computation...
    Writing took     2.102996 ms
    Computation took 176.361311 ms
    Reading took     75.373000 us
  Sample 91...
Starting computation...
    Writing took     2.121796 ms
    Computation took 176.449505 ms
    Reading took     78.970000 us
  Sample 92...
Starting computation...
    Writing took     2.070651 ms
    Computation took 176.413404 ms
    Reading took     51.120000 us
  Sample 93...
Starting computation...
    Writing took     1.285510 ms
    Computation took 176.432939 ms
    Reading took     48.787000 us
  Sample 94...
Starting computation...
    Writing took     1.291688 ms
    Computation took 176.390375 ms
    Reading took     47.037000 us
  Sample 95...
Starting computation...
    Writing took     1.290246 ms
    Computation took 176.356205 ms
    Reading took     47.110000 us
  Sample 96...
Starting computation...
    Writing took     1.298663 ms
    Computation took 176.383371 ms
    Reading took     78.577000 us
  Sample 97...
Starting computation...
    Writing took     2.090574 ms
    Computation took 176.376664 ms
    Reading took     47.047000 us
  Sample 98...
Starting computation...
    Writing took     1.299495 ms
    Computation took 176.304540 ms
    Reading took     48.583000 us
  Sample 99...
Starting computation...
    Writing took     1.285080 ms
    Computation took 176.311917 ms
    Reading took     48.320000 us
Mean computation time: 176.370337 ms
Mean deviation: 72.559000 us (0.0411401%)
Mean computation time (per hash): 11.023145 ms
Mean deviation (per hash): 4.535000 us
