Using device #0: CUDA Device 'GeForce GTX 1080 Ti'
  Sample 0...
Starting computation...
    Writing took     8.498500 ms
    Computation took 363.603418 ms
    Reading took     449.415000 us
  Sample 1...
Starting computation...
    Writing took     12.870119 ms
    Computation took 363.382812 ms
    Reading took     307.751000 us
  Sample 2...
Starting computation...
    Writing took     8.118925 ms
    Computation took 363.577717 ms
    Reading took     315.940000 us
  Sample 3...
Starting computation...
    Writing took     8.365473 ms
    Computation took 363.655383 ms
    Reading took     305.590000 us
  Sample 4...
Starting computation...
    Writing took     8.209889 ms
    Computation took 363.546092 ms
    Reading took     404.660000 us
  Sample 5...
Starting computation...
    Writing took     10.454402 ms
    Computation took 363.596602 ms
    Reading took     316.212000 us
  Sample 6...
Starting computation...
    Writing took     8.355850 ms
    Computation took 363.658212 ms
    Reading took     316.488000 us
  Sample 7...
Starting computation...
    Writing took     8.378124 ms
    Computation took 363.474834 ms
    Reading took     342.318000 us
  Sample 8...
Starting computation...
    Writing took     9.123102 ms
    Computation took 363.613676 ms
    Reading took     361.066000 us
  Sample 9...
Starting computation...
    Writing took     9.549134 ms
    Computation took 363.485085 ms
    Reading took     342.639000 us
  Sample 10...
Starting computation...
    Writing took     9.106610 ms
    Computation took 363.541859 ms
    Reading took     508.801000 us
  Sample 11...
Starting computation...
    Writing took     10.481003 ms
    Computation took 363.754953 ms
    Reading took     288.929000 us
  Sample 12...
Starting computation...
    Writing took     6.997028 ms
    Computation took 363.555828 ms
    Reading took     331.481000 us
  Sample 13...
Starting computation...
    Writing took     8.908602 ms
    Computation took 363.968515 ms
    Reading took     297.101000 us
  Sample 14...
Starting computation...
    Writing took     7.838624 ms
    Computation took 363.731550 ms
    Reading took     337.183000 us
  Sample 15...
Starting computation...
    Writing took     9.879632 ms
    Computation took 363.635165 ms
    Reading took     316.580000 us
  Sample 16...
Starting computation...
    Writing took     8.434636 ms
    Computation took 363.698782 ms
    Reading took     328.940000 us
  Sample 17...
Starting computation...
    Writing took     9.043657 ms
    Computation took 363.876996 ms
    Reading took     393.591000 us
  Sample 18...
Starting computation...
    Writing took     10.524805 ms
    Computation took 363.788506 ms
    Reading took     338.317000 us
  Sample 19...
Starting computation...
    Writing took     9.155798 ms
    Computation took 364.581457 ms
    Reading took     296.911000 us
  Sample 20...
Starting computation...
    Writing took     8.031919 ms
    Computation took 364.399777 ms
    Reading took     328.720000 us
  Sample 21...
Starting computation...
    Writing took     9.084977 ms
    Computation took 363.998133 ms
    Reading took     357.292000 us
  Sample 22...
Starting computation...
    Writing took     7.243010 ms
    Computation took 363.927529 ms
    Reading took     280.699000 us
  Sample 23...
Starting computation...
    Writing took     7.278680 ms
    Computation took 363.823612 ms
    Reading took     258.718000 us
  Sample 24...
Starting computation...
    Writing took     6.808854 ms
    Computation took 364.271080 ms
    Reading took     319.141000 us
  Sample 25...
Starting computation...
    Writing took     8.397947 ms
    Computation took 364.501987 ms
    Reading took     315.363000 us
  Sample 26...
Starting computation...
    Writing took     8.608001 ms
    Computation took 364.737322 ms
    Reading took     300.189000 us
  Sample 27...
Starting computation...
    Writing took     7.687089 ms
    Computation took 364.455192 ms
    Reading took     606.792000 us
  Sample 28...
Starting computation...
    Writing took     15.427436 ms
    Computation took 364.298214 ms
    Reading took     343.696000 us
  Sample 29...
Starting computation...
    Writing took     9.111710 ms
    Computation took 364.462552 ms
    Reading took     318.058000 us
  Sample 30...
Starting computation...
    Writing took     8.149362 ms
    Computation took 364.112117 ms
    Reading took     319.486000 us
  Sample 31...
Starting computation...
    Writing took     9.768678 ms
    Computation took 364.292436 ms
    Reading took     282.206000 us
  Sample 32...
Starting computation...
    Writing took     7.397069 ms
    Computation took 364.081350 ms
    Reading took     296.856000 us
  Sample 33...
Starting computation...
    Writing took     8.220625 ms
    Computation took 364.254380 ms
    Reading took     287.563000 us
  Sample 34...
Starting computation...
    Writing took     7.642149 ms
    Computation took 363.831928 ms
    Reading took     318.983000 us
  Sample 35...
Starting computation...
    Writing took     8.395306 ms
    Computation took 364.001534 ms
    Reading took     316.294000 us
  Sample 36...
Starting computation...
    Writing took     8.400011 ms
    Computation took 364.077076 ms
    Reading took     323.071000 us
  Sample 37...
Starting computation...
    Writing took     8.136795 ms
    Computation took 365.403741 ms
    Reading took     296.861000 us
  Sample 38...
Starting computation...
    Writing took     7.883572 ms
    Computation took 366.418636 ms
    Reading took     327.017000 us
  Sample 39...
Starting computation...
    Writing took     8.285872 ms
    Computation took 366.407592 ms
    Reading took     354.366000 us
  Sample 40...
Starting computation...
    Writing took     9.144801 ms
    Computation took 366.219334 ms
    Reading took     418.422000 us
  Sample 41...
Starting computation...
    Writing took     10.443979 ms
    Computation took 366.333571 ms
    Reading took     342.073000 us
  Sample 42...
Starting computation...
    Writing took     9.110978 ms
    Computation took 366.315759 ms
    Reading took     276.963000 us
  Sample 43...
Starting computation...
    Writing took     7.028205 ms
    Computation took 365.933183 ms
    Reading took     288.759000 us
  Sample 44...
Starting computation...
    Writing took     7.719719 ms
    Computation took 366.260248 ms
    Reading took     298.169000 us
  Sample 45...
Starting computation...
    Writing took     7.825551 ms
    Computation took 364.473335 ms
    Reading took     318.685000 us
  Sample 46...
Starting computation...
    Writing took     8.377416 ms
    Computation took 364.871595 ms
    Reading took     299.672000 us
  Sample 47...
Starting computation...
    Writing took     7.811002 ms
    Computation took 365.191668 ms
    Reading took     336.212000 us
  Sample 48...
Starting computation...
    Writing took     8.636976 ms
    Computation took 365.029438 ms
    Reading took     280.445000 us
  Sample 49...
Starting computation...
    Writing took     7.340506 ms
    Computation took 364.940906 ms
    Reading took     523.801000 us
  Sample 50...
Starting computation...
    Writing took     15.281178 ms
    Computation took 364.745387 ms
    Reading took     316.675000 us
  Sample 51...
Starting computation...
    Writing took     8.361881 ms
    Computation took 364.299528 ms
    Reading took     319.433000 us
  Sample 52...
Starting computation...
    Writing took     8.389232 ms
    Computation took 364.823952 ms
    Reading took     437.671000 us
  Sample 53...
Starting computation...
    Writing took     10.553222 ms
    Computation took 364.277973 ms
    Reading took     317.326000 us
  Sample 54...
Starting computation...
    Writing took     8.431073 ms
    Computation took 364.793556 ms
    Reading took     318.461000 us
  Sample 55...
Starting computation...
    Writing took     9.204756 ms
    Computation took 364.828239 ms
    Reading took     317.513000 us
  Sample 56...
Starting computation...
    Writing took     9.172187 ms
    Computation took 364.303786 ms
    Reading took     274.164000 us
  Sample 57...
Starting computation...
    Writing took     7.089118 ms
    Computation took 364.311605 ms
    Reading took     326.924000 us
  Sample 58...
Starting computation...
    Writing took     7.646126 ms
    Computation took 363.736900 ms
    Reading took     300.580000 us
  Sample 59...
Starting computation...
    Writing took     7.847134 ms
    Computation took 364.229833 ms
    Reading took     281.720000 us
  Sample 60...
Starting computation...
    Writing took     7.362498 ms
    Computation took 364.413042 ms
    Reading took     289.074000 us
  Sample 61...
Starting computation...
    Writing took     7.729877 ms
    Computation took 364.286003 ms
    Reading took     311.826000 us
  Sample 62...
Starting computation...
    Writing took     7.914451 ms
    Computation took 363.895610 ms
    Reading took     295.488000 us
  Sample 63...
Starting computation...
    Writing took     7.121886 ms
    Computation took 363.877280 ms
    Reading took     299.190000 us
  Sample 64...
Starting computation...
    Writing took     7.839979 ms
    Computation took 364.471256 ms
    Reading took     380.340000 us
  Sample 65...
Starting computation...
    Writing took     11.442181 ms
    Computation took 364.229752 ms
    Reading took     280.684000 us
  Sample 66...
Starting computation...
    Writing took     16.700668 ms
    Computation took 364.441798 ms
    Reading took     317.284000 us
  Sample 67...
Starting computation...
    Writing took     8.394169 ms
    Computation took 365.408668 ms
    Reading took     442.836000 us
  Sample 68...
Starting computation...
    Writing took     10.985201 ms
    Computation took 364.693978 ms
    Reading took     287.808000 us
  Sample 69...
Starting computation...
    Writing took     7.494284 ms
    Computation took 365.157416 ms
    Reading took     342.814000 us
  Sample 70...
Starting computation...
    Writing took     8.819651 ms
    Computation took 365.243296 ms
    Reading took     272.429000 us
  Sample 71...
Starting computation...
    Writing took     7.107563 ms
    Computation took 365.107320 ms
    Reading took     289.717000 us
  Sample 72...
Starting computation...
    Writing took     7.272462 ms
    Computation took 365.188270 ms
    Reading took     355.446000 us
  Sample 73...
Starting computation...
    Writing took     12.905294 ms
    Computation took 364.495462 ms
    Reading took     344.146000 us
  Sample 74...
Starting computation...
    Writing took     8.781062 ms
    Computation took 363.570167 ms
    Reading took     280.165000 us
  Sample 75...
Starting computation...
    Writing took     7.351989 ms
    Computation took 363.849871 ms
    Reading took     298.616000 us
  Sample 76...
Starting computation...
    Writing took     7.709845 ms
    Computation took 364.227471 ms
    Reading took     279.922000 us
  Sample 77...
Starting computation...
    Writing took     7.318169 ms
    Computation took 364.528884 ms
    Reading took     297.623000 us
  Sample 78...
Starting computation...
    Writing took     7.911343 ms
    Computation took 365.144522 ms
    Reading took     328.871000 us
  Sample 79...
Starting computation...
    Writing took     8.364294 ms
    Computation took 365.017699 ms
    Reading took     310.585000 us
  Sample 80...
Starting computation...
    Writing took     8.188325 ms
    Computation took 364.020197 ms
    Reading took     308.590000 us
  Sample 81...
Starting computation...
    Writing took     8.056376 ms
    Computation took 365.124581 ms
    Reading took     330.455000 us
  Sample 82...
Starting computation...
    Writing took     7.262781 ms
    Computation took 365.271836 ms
    Reading took     274.211000 us
  Sample 83...
Starting computation...
    Writing took     7.002756 ms
    Computation took 365.733872 ms
    Reading took     279.423000 us
  Sample 84...
Starting computation...
    Writing took     7.364707 ms
    Computation took 366.134327 ms
    Reading took     288.022000 us
  Sample 85...
Starting computation...
    Writing took     9.136678 ms
    Computation took 366.679058 ms
    Reading took     379.056000 us
  Sample 86...
Starting computation...
    Writing took     11.574828 ms
    Computation took 365.561208 ms
    Reading took     288.966000 us
  Sample 87...
Starting computation...
    Writing took     7.602647 ms
    Computation took 365.939534 ms
    Reading took     305.694000 us
  Sample 88...
Starting computation...
    Writing took     8.107050 ms
    Computation took 365.870530 ms
    Reading took     270.252000 us
  Sample 89...
Starting computation...
    Writing took     7.042544 ms
    Computation took 366.330676 ms
    Reading took     318.664000 us
  Sample 90...
Starting computation...
    Writing took     8.337987 ms
    Computation took 366.127726 ms
    Reading took     316.377000 us
  Sample 91...
Starting computation...
    Writing took     9.456421 ms
    Computation took 365.356985 ms
    Reading took     306.743000 us
  Sample 92...
Starting computation...
    Writing took     8.156686 ms
    Computation took 365.517465 ms
    Reading took     332.690000 us
  Sample 93...
Starting computation...
    Writing took     9.177442 ms
    Computation took 365.473067 ms
    Reading took     279.563000 us
  Sample 94...
Starting computation...
    Writing took     7.518370 ms
    Computation took 368.335242 ms
    Reading took     443.841000 us
  Sample 95...
Starting computation...
    Writing took     8.325331 ms
    Computation took 371.788068 ms
    Reading took     318.169000 us
  Sample 96...
Starting computation...
    Writing took     12.044526 ms
    Computation took 368.054761 ms
    Reading took     282.118000 us
  Sample 97...
Starting computation...
    Writing took     7.148669 ms
    Computation took 367.712308 ms
    Reading took     259.237000 us
  Sample 98...
Starting computation...
    Writing took     6.628748 ms
    Computation took 366.176223 ms
    Reading took     333.364000 us
  Sample 99...
Starting computation...
    Writing took     8.354224 ms
    Computation took 365.895449 ms
    Reading took     323.598000 us
Mean computation time: 364.817543 ms
Mean deviation: 912.524000 us (0.250132%)
Mean computation time (per hash): 3.228473 ms
Mean deviation (per hash): 8.075000 us
