Using device #0: CUDA Device 'GeForce GTX 1080 Ti'
  Sample 0...
Starting computation...
    Writing took     6.958087 ms
    Computation took 234.054071 ms
    Reading took     174.082000 us
  Sample 1...
Starting computation...
    Writing took     4.299901 ms
    Computation took 236.544721 ms
    Reading took     169.431000 us
  Sample 2...
Starting computation...
    Writing took     4.275516 ms
    Computation took 233.730780 ms
    Reading took     173.333000 us
  Sample 3...
Starting computation...
    Writing took     4.382450 ms
    Computation took 236.345610 ms
    Reading took     160.693000 us
  Sample 4...
Starting computation...
    Writing took     4.021545 ms
    Computation took 233.921563 ms
    Reading took     158.087000 us
  Sample 5...
Starting computation...
    Writing took     3.948907 ms
    Computation took 234.272442 ms
    Reading took     153.045000 us
  Sample 6...
Starting computation...
    Writing took     3.896332 ms
    Computation took 234.172710 ms
    Reading took     143.783000 us
  Sample 7...
Starting computation...
    Writing took     3.521182 ms
    Computation took 233.806021 ms
    Reading took     159.739000 us
  Sample 8...
Starting computation...
    Writing took     4.058814 ms
    Computation took 235.178118 ms
    Reading took     159.772000 us
  Sample 9...
Starting computation...
    Writing took     4.050468 ms
    Computation took 233.913183 ms
    Reading took     240.993000 us
  Sample 10...
Starting computation...
    Writing took     6.897802 ms
    Computation took 233.815303 ms
    Reading took     159.443000 us
  Sample 11...
Starting computation...
    Writing took     8.214426 ms
    Computation took 234.374248 ms
    Reading took     221.083000 us
  Sample 12...
Starting computation...
    Writing took     4.060613 ms
    Computation took 235.192858 ms
    Reading took     160.179000 us
  Sample 13...
Starting computation...
    Writing took     4.024055 ms
    Computation took 234.230852 ms
    Reading took     161.551000 us
  Sample 14...
Starting computation...
    Writing took     5.816775 ms
    Computation took 234.460300 ms
    Reading took     159.835000 us
  Sample 15...
Starting computation...
    Writing took     4.051490 ms
    Computation took 234.147230 ms
    Reading took     159.126000 us
  Sample 16...
Starting computation...
    Writing took     4.046392 ms
    Computation took 234.205931 ms
    Reading took     179.399000 us
  Sample 17...
Starting computation...
    Writing took     4.024961 ms
    Computation took 234.303039 ms
    Reading took     159.031000 us
  Sample 18...
Starting computation...
    Writing took     4.069291 ms
    Computation took 234.063576 ms
    Reading took     160.571000 us
  Sample 19...
Starting computation...
    Writing took     4.083725 ms
    Computation took 234.360579 ms
    Reading took     160.949000 us
  Sample 20...
Starting computation...
    Writing took     4.009645 ms
    Computation took 235.976620 ms
    Reading took     159.880000 us
  Sample 21...
Starting computation...
    Writing took     4.015011 ms
    Computation took 234.242366 ms
    Reading took     158.944000 us
  Sample 22...
Starting computation...
    Writing took     4.083209 ms
    Computation took 233.987879 ms
    Reading took     132.760000 us
  Sample 23...
Starting computation...
    Writing took     3.107224 ms
    Computation took 234.113218 ms
    Reading took     128.704000 us
  Sample 24...
Starting computation...
    Writing took     3.037459 ms
    Computation took 233.880312 ms
    Reading took     243.468000 us
  Sample 25...
Starting computation...
    Writing took     6.729806 ms
    Computation took 236.681116 ms
    Reading took     219.300000 us
  Sample 26...
Starting computation...
    Writing took     6.893688 ms
    Computation took 234.492295 ms
    Reading took     162.742000 us
  Sample 27...
Starting computation...
    Writing took     4.048497 ms
    Computation took 234.060965 ms
    Reading took     158.984000 us
  Sample 28...
Starting computation...
    Writing took     4.077788 ms
    Computation took 234.027356 ms
    Reading took     169.010000 us
  Sample 29...
Starting computation...
    Writing took     4.039995 ms
    Computation took 234.366628 ms
    Reading took     160.722000 us
  Sample 30...
Starting computation...
    Writing took     4.024367 ms
    Computation took 234.911459 ms
    Reading took     159.220000 us
  Sample 31...
Starting computation...
    Writing took     4.055087 ms
    Computation took 234.383658 ms
    Reading took     157.056000 us
  Sample 32...
Starting computation...
    Writing took     4.082084 ms
    Computation took 234.010056 ms
    Reading took     157.100000 us
  Sample 33...
Starting computation...
    Writing took     4.022775 ms
    Computation took 233.805202 ms
    Reading took     158.636000 us
  Sample 34...
Starting computation...
    Writing took     4.062793 ms
    Computation took 233.848148 ms
    Reading took     252.989000 us
  Sample 35...
Starting computation...
    Writing took     6.785896 ms
    Computation took 233.990677 ms
    Reading took     137.457000 us
  Sample 36...
Starting computation...
    Writing took     3.330293 ms
    Computation took 234.944972 ms
    Reading took     143.804000 us
  Sample 37...
Starting computation...
    Writing took     3.538039 ms
    Computation took 234.439920 ms
    Reading took     149.407000 us
  Sample 38...
Starting computation...
    Writing took     3.743880 ms
    Computation took 233.915105 ms
    Reading took     148.599000 us
  Sample 39...
Starting computation...
    Writing took     3.782990 ms
    Computation took 234.462850 ms
    Reading took     147.908000 us
  Sample 40...
Starting computation...
    Writing took     3.725642 ms
    Computation took 234.211625 ms
    Reading took     149.047000 us
  Sample 41...
Starting computation...
    Writing took     3.674413 ms
    Computation took 234.463791 ms
    Reading took     155.282000 us
  Sample 42...
Starting computation...
    Writing took     3.892026 ms
    Computation took 233.723808 ms
    Reading took     146.896000 us
  Sample 43...
Starting computation...
    Writing took     3.622651 ms
    Computation took 234.462232 ms
    Reading took     154.851000 us
  Sample 44...
Starting computation...
    Writing took     4.000468 ms
    Computation took 233.864519 ms
    Reading took     147.782000 us
  Sample 45...
Starting computation...
    Writing took     3.779499 ms
    Computation took 234.056925 ms
    Reading took     148.195000 us
  Sample 46...
Starting computation...
    Writing took     3.675282 ms
    Computation took 233.836186 ms
    Reading took     154.033000 us
  Sample 47...
Starting computation...
    Writing took     3.678092 ms
    Computation took 233.927046 ms
    Reading took     162.769000 us
  Sample 48...
Starting computation...
    Writing took     4.044605 ms
    Computation took 234.334423 ms
    Reading took     148.743000 us
  Sample 49...
Starting computation...
    Writing took     3.679770 ms
    Computation took 234.083485 ms
    Reading took     145.751000 us
  Sample 50...
Starting computation...
    Writing took     3.597043 ms
    Computation took 234.628427 ms
    Reading took     153.251000 us
  Sample 51...
Starting computation...
    Writing took     3.868798 ms
    Computation took 235.176031 ms
    Reading took     145.056000 us
  Sample 52...
Starting computation...
    Writing took     3.551542 ms
    Computation took 235.740022 ms
    Reading took     144.962000 us
  Sample 53...
Starting computation...
    Writing took     3.753611 ms
    Computation took 234.819448 ms
    Reading took     149.803000 us
  Sample 54...
Starting computation...
    Writing took     4.003598 ms
    Computation took 234.839578 ms
    Reading took     150.402000 us
  Sample 55...
Starting computation...
    Writing took     3.570861 ms
    Computation took 235.544173 ms
    Reading took     167.180000 us
  Sample 56...
Starting computation...
    Writing took     3.566333 ms
    Computation took 235.946672 ms
    Reading took     149.224000 us
  Sample 57...
Starting computation...
    Writing took     3.551986 ms
    Computation took 234.258571 ms
    Reading took     151.954000 us
  Sample 58...
Starting computation...
    Writing took     3.648855 ms
    Computation took 233.777581 ms
    Reading took     148.236000 us
  Sample 59...
Starting computation...
    Writing took     3.648639 ms
    Computation took 234.048999 ms
    Reading took     167.711000 us
  Sample 60...
Starting computation...
    Writing took     4.451506 ms
    Computation took 235.043584 ms
    Reading took     151.491000 us
  Sample 61...
Starting computation...
    Writing took     3.733063 ms
    Computation took 235.924214 ms
    Reading took     149.740000 us
  Sample 62...
Starting computation...
    Writing took     3.605132 ms
    Computation took 239.372273 ms
    Reading took     156.812000 us
  Sample 63...
Starting computation...
    Writing took     3.792823 ms
    Computation took 238.447233 ms
    Reading took     153.136000 us
  Sample 64...
Starting computation...
    Writing took     4.020105 ms
    Computation took 234.045431 ms
    Reading took     157.620000 us
  Sample 65...
Starting computation...
    Writing took     3.827592 ms
    Computation took 234.667606 ms
    Reading took     140.012000 us
  Sample 66...
Starting computation...
    Writing took     3.445904 ms
    Computation took 235.362089 ms
    Reading took     138.348000 us
  Sample 67...
Starting computation...
    Writing took     3.485563 ms
    Computation took 237.619386 ms
    Reading took     133.980000 us
  Sample 68...
Starting computation...
    Writing took     3.316458 ms
    Computation took 238.324732 ms
    Reading took     143.930000 us
  Sample 69...
Starting computation...
    Writing took     3.518885 ms
    Computation took 238.840821 ms
    Reading took     145.390000 us
  Sample 70...
Starting computation...
    Writing took     3.497340 ms
    Computation took 237.429374 ms
    Reading took     254.736000 us
  Sample 71...
Starting computation...
    Writing took     6.897141 ms
    Computation took 235.042006 ms
    Reading took     160.454000 us
  Sample 72...
Starting computation...
    Writing took     4.047096 ms
    Computation took 233.883353 ms
    Reading took     161.083000 us
  Sample 73...
Starting computation...
    Writing took     4.052521 ms
    Computation took 234.383706 ms
    Reading took     262.515000 us
  Sample 74...
Starting computation...
    Writing took     6.854751 ms
    Computation took 233.909740 ms
    Reading took     131.299000 us
  Sample 75...
Starting computation...
    Writing took     3.089138 ms
    Computation took 234.256840 ms
    Reading took     141.124000 us
  Sample 76...
Starting computation...
    Writing took     3.461136 ms
    Computation took 234.082935 ms
    Reading took     138.934000 us
  Sample 77...
Starting computation...
    Writing took     3.302576 ms
    Computation took 234.264109 ms
    Reading took     167.103000 us
  Sample 78...
Starting computation...
    Writing took     5.976250 ms
    Computation took 234.355122 ms
    Reading took     253.340000 us
  Sample 79...
Starting computation...
    Writing took     6.867098 ms
    Computation took 235.822555 ms
    Reading took     169.126000 us
  Sample 80...
Starting computation...
    Writing took     4.333563 ms
    Computation took 234.167153 ms
    Reading took     169.967000 us
  Sample 81...
Starting computation...
    Writing took     4.389744 ms
    Computation took 234.824228 ms
    Reading took     195.030000 us
  Sample 82...
Starting computation...
    Writing took     4.393998 ms
    Computation took 239.692801 ms
    Reading took     168.542000 us
  Sample 83...
Starting computation...
    Writing took     4.362012 ms
    Computation took 239.706255 ms
    Reading took     169.138000 us
  Sample 84...
Starting computation...
    Writing took     4.357157 ms
    Computation took 240.604124 ms
    Reading took     153.020000 us
  Sample 85...
Starting computation...
    Writing took     3.784931 ms
    Computation took 236.965962 ms
    Reading took     157.855000 us
  Sample 86...
Starting computation...
    Writing took     4.021515 ms
    Computation took 236.359671 ms
    Reading took     145.238000 us
  Sample 87...
Starting computation...
    Writing took     3.381372 ms
    Computation took 235.064594 ms
    Reading took     138.168000 us
  Sample 88...
Starting computation...
    Writing took     3.509546 ms
    Computation took 234.049601 ms
    Reading took     144.792000 us
  Sample 89...
Starting computation...
    Writing took     3.610101 ms
    Computation took 234.209518 ms
    Reading took     145.214000 us
  Sample 90...
Starting computation...
    Writing took     3.598136 ms
    Computation took 233.877040 ms
    Reading took     144.868000 us
  Sample 91...
Starting computation...
    Writing took     3.633547 ms
    Computation took 233.656701 ms
    Reading took     150.949000 us
  Sample 92...
Starting computation...
    Writing took     3.817037 ms
    Computation took 236.011723 ms
    Reading took     149.404000 us
  Sample 93...
Starting computation...
    Writing took     3.779639 ms
    Computation took 233.854979 ms
    Reading took     156.199000 us
  Sample 94...
Starting computation...
    Writing took     3.955764 ms
    Computation took 234.330731 ms
    Reading took     146.604000 us
  Sample 95...
Starting computation...
    Writing took     3.866122 ms
    Computation took 234.184941 ms
    Reading took     143.523000 us
  Sample 96...
Starting computation...
    Writing took     3.579530 ms
    Computation took 236.350142 ms
    Reading took     147.421000 us
  Sample 97...
Starting computation...
    Writing took     3.484723 ms
    Computation took 233.810235 ms
    Reading took     143.178000 us
  Sample 98...
Starting computation...
    Writing took     3.565682 ms
    Computation took 233.694025 ms
    Reading took     143.835000 us
  Sample 99...
Starting computation...
    Writing took     3.563718 ms
    Computation took 233.977840 ms
    Reading took     173.413000 us
Mean computation time: 234.918468 ms
Mean deviation: 1.074007 ms (0.457183%)
Mean computation time (per hash): 4.350341 ms
Mean deviation (per hash): 19.888000 us
