Using device #0: CUDA Device 'GeForce GTX 1080 Ti'
  Sample 0...
Starting computation...
    Writing took     6.900975 ms
    Computation took 303.272603 ms
    Reading took     253.038000 us
  Sample 1...
Starting computation...
    Writing took     6.894145 ms
    Computation took 303.422970 ms
    Reading took     255.648000 us
  Sample 2...
Starting computation...
    Writing took     6.874240 ms
    Computation took 303.416627 ms
    Reading took     249.825000 us
  Sample 3...
Starting computation...
    Writing took     7.480422 ms
    Computation took 303.548707 ms
    Reading took     243.682000 us
  Sample 4...
Starting computation...
    Writing took     6.766726 ms
    Computation took 303.543601 ms
    Reading took     250.660000 us
  Sample 5...
Starting computation...
    Writing took     6.866031 ms
    Computation took 303.018798 ms
    Reading took     249.833000 us
  Sample 6...
Starting computation...
    Writing took     6.988218 ms
    Computation took 303.043541 ms
    Reading took     249.674000 us
  Sample 7...
Starting computation...
    Writing took     6.973677 ms
    Computation took 303.231452 ms
    Reading took     258.049000 us
  Sample 8...
Starting computation...
    Writing took     6.852028 ms
    Computation took 303.214635 ms
    Reading took     249.926000 us
  Sample 9...
Starting computation...
    Writing took     6.948770 ms
    Computation took 303.329594 ms
    Reading took     362.009000 us
  Sample 10...
Starting computation...
    Writing took     9.572618 ms
    Computation took 303.580809 ms
    Reading took     251.044000 us
  Sample 11...
Starting computation...
    Writing took     6.909179 ms
    Computation took 303.171817 ms
    Reading took     252.239000 us
  Sample 12...
Starting computation...
    Writing took     6.877676 ms
    Computation took 303.523977 ms
    Reading took     263.532000 us
  Sample 13...
Starting computation...
    Writing took     7.014883 ms
    Computation took 303.594913 ms
    Reading took     265.033000 us
  Sample 14...
Starting computation...
    Writing took     6.961193 ms
    Computation took 303.598404 ms
    Reading took     265.768000 us
  Sample 15...
Starting computation...
    Writing took     6.933124 ms
    Computation took 303.483514 ms
    Reading took     283.342000 us
  Sample 16...
Starting computation...
    Writing took     6.909108 ms
    Computation took 303.557808 ms
    Reading took     322.736000 us
  Sample 17...
Starting computation...
    Writing took     8.021737 ms
    Computation took 303.557527 ms
    Reading took     317.010000 us
  Sample 18...
Starting computation...
    Writing took     7.223528 ms
    Computation took 303.231636 ms
    Reading took     265.710000 us
  Sample 19...
Starting computation...
    Writing took     6.954682 ms
    Computation took 303.153821 ms
    Reading took     275.764000 us
  Sample 20...
Starting computation...
    Writing took     6.937374 ms
    Computation took 303.468371 ms
    Reading took     271.319000 us
  Sample 21...
Starting computation...
    Writing took     6.982332 ms
    Computation took 303.179628 ms
    Reading took     259.308000 us
  Sample 22...
Starting computation...
    Writing took     6.759937 ms
    Computation took 303.714095 ms
    Reading took     268.219000 us
  Sample 23...
Starting computation...
    Writing took     6.649992 ms
    Computation took 303.327310 ms
    Reading took     458.995000 us
  Sample 24...
Starting computation...
    Writing took     12.880523 ms
    Computation took 303.502384 ms
    Reading took     257.352000 us
  Sample 25...
Starting computation...
    Writing took     6.730429 ms
    Computation took 303.352175 ms
    Reading took     263.475000 us
  Sample 26...
Starting computation...
    Writing took     6.795311 ms
    Computation took 303.238771 ms
    Reading took     267.764000 us
  Sample 27...
Starting computation...
    Writing took     6.924891 ms
    Computation took 303.347015 ms
    Reading took     268.013000 us
  Sample 28...
Starting computation...
    Writing took     6.982265 ms
    Computation took 303.338574 ms
    Reading took     258.529000 us
  Sample 29...
Starting computation...
    Writing took     6.711936 ms
    Computation took 303.467890 ms
    Reading took     284.836000 us
  Sample 30...
Starting computation...
    Writing took     9.250778 ms
    Computation took 303.764052 ms
    Reading took     283.776000 us
  Sample 31...
Starting computation...
    Writing took     7.538284 ms
    Computation took 303.759094 ms
    Reading took     285.817000 us
  Sample 32...
Starting computation...
    Writing took     7.558864 ms
    Computation took 303.298281 ms
    Reading took     267.257000 us
  Sample 33...
Starting computation...
    Writing took     6.914916 ms
    Computation took 303.468616 ms
    Reading took     268.721000 us
  Sample 34...
Starting computation...
    Writing took     6.970989 ms
    Computation took 303.491576 ms
    Reading took     258.323000 us
  Sample 35...
Starting computation...
    Writing took     6.708991 ms
    Computation took 303.925230 ms
    Reading took     279.274000 us
  Sample 36...
Starting computation...
    Writing took     6.745654 ms
    Computation took 303.605314 ms
    Reading took     242.617000 us
  Sample 37...
Starting computation...
    Writing took     6.584516 ms
    Computation took 303.819326 ms
    Reading took     241.150000 us
  Sample 38...
Starting computation...
    Writing took     6.200937 ms
    Computation took 303.375969 ms
    Reading took     241.259000 us
  Sample 39...
Starting computation...
    Writing took     6.274800 ms
    Computation took 303.474291 ms
    Reading took     260.821000 us
  Sample 40...
Starting computation...
    Writing took     6.829411 ms
    Computation took 303.560412 ms
    Reading took     270.631000 us
  Sample 41...
Starting computation...
    Writing took     6.865634 ms
    Computation took 303.621566 ms
    Reading took     268.445000 us
  Sample 42...
Starting computation...
    Writing took     7.765336 ms
    Computation took 304.344712 ms
    Reading took     301.629000 us
  Sample 43...
Starting computation...
    Writing took     6.832740 ms
    Computation took 304.837820 ms
    Reading took     256.955000 us
  Sample 44...
Starting computation...
    Writing took     6.699189 ms
    Computation took 304.881118 ms
    Reading took     252.097000 us
  Sample 45...
Starting computation...
    Writing took     7.145512 ms
    Computation took 305.062560 ms
    Reading took     250.605000 us
  Sample 46...
Starting computation...
    Writing took     6.488472 ms
    Computation took 305.255695 ms
    Reading took     268.245000 us
  Sample 47...
Starting computation...
    Writing took     6.931239 ms
    Computation took 305.717952 ms
    Reading took     259.686000 us
  Sample 48...
Starting computation...
    Writing took     6.703085 ms
    Computation took 305.966095 ms
    Reading took     258.196000 us
  Sample 49...
Starting computation...
    Writing took     6.702895 ms
    Computation took 305.890244 ms
    Reading took     265.321000 us
  Sample 50...
Starting computation...
    Writing took     6.966655 ms
    Computation took 305.550895 ms
    Reading took     315.550000 us
  Sample 51...
Starting computation...
    Writing took     7.069057 ms
    Computation took 305.079496 ms
    Reading took     269.003000 us
  Sample 52...
Starting computation...
    Writing took     7.128258 ms
    Computation took 306.037099 ms
    Reading took     264.905000 us
  Sample 53...
Starting computation...
    Writing took     6.954734 ms
    Computation took 305.778645 ms
    Reading took     265.820000 us
  Sample 54...
Starting computation...
    Writing took     6.983095 ms
    Computation took 305.878508 ms
    Reading took     259.679000 us
  Sample 55...
Starting computation...
    Writing took     6.816494 ms
    Computation took 306.001002 ms
    Reading took     265.376000 us
  Sample 56...
Starting computation...
    Writing took     6.940307 ms
    Computation took 306.403959 ms
    Reading took     280.019000 us
  Sample 57...
Starting computation...
    Writing took     7.400462 ms
    Computation took 307.252838 ms
    Reading took     264.163000 us
  Sample 58...
Starting computation...
    Writing took     7.316084 ms
    Computation took 306.761186 ms
    Reading took     263.013000 us
  Sample 59...
Starting computation...
    Writing took     6.926223 ms
    Computation took 305.746037 ms
    Reading took     282.495000 us
  Sample 60...
Starting computation...
    Writing took     6.923460 ms
    Computation took 305.786415 ms
    Reading took     276.716000 us
  Sample 61...
Starting computation...
    Writing took     7.131923 ms
    Computation took 305.989932 ms
    Reading took     266.358000 us
  Sample 62...
Starting computation...
    Writing took     6.961717 ms
    Computation took 305.282136 ms
    Reading took     267.522000 us
  Sample 63...
Starting computation...
    Writing took     6.933932 ms
    Computation took 305.895815 ms
    Reading took     266.892000 us
  Sample 64...
Starting computation...
    Writing took     6.914826 ms
    Computation took 305.056006 ms
    Reading took     267.316000 us
  Sample 65...
Starting computation...
    Writing took     6.940541 ms
    Computation took 304.993375 ms
    Reading took     325.881000 us
  Sample 66...
Starting computation...
    Writing took     8.076739 ms
    Computation took 304.609669 ms
    Reading took     266.219000 us
  Sample 67...
Starting computation...
    Writing took     6.972385 ms
    Computation took 304.904793 ms
    Reading took     321.299000 us
  Sample 68...
Starting computation...
    Writing took     6.953317 ms
    Computation took 304.535792 ms
    Reading took     266.229000 us
  Sample 69...
Starting computation...
    Writing took     8.366025 ms
    Computation took 304.657927 ms
    Reading took     269.268000 us
  Sample 70...
Starting computation...
    Writing took     6.929229 ms
    Computation took 303.959915 ms
    Reading took     267.108000 us
  Sample 71...
Starting computation...
    Writing took     6.973014 ms
    Computation took 304.936596 ms
    Reading took     264.244000 us
  Sample 72...
Starting computation...
    Writing took     6.950800 ms
    Computation took 305.542215 ms
    Reading took     256.485000 us
  Sample 73...
Starting computation...
    Writing took     6.805780 ms
    Computation took 306.118030 ms
    Reading took     279.619000 us
  Sample 74...
Starting computation...
    Writing took     6.908240 ms
    Computation took 306.895947 ms
    Reading took     266.449000 us
  Sample 75...
Starting computation...
    Writing took     7.801746 ms
    Computation took 306.822785 ms
    Reading took     251.108000 us
  Sample 76...
Starting computation...
    Writing took     6.484906 ms
    Computation took 307.309040 ms
    Reading took     312.140000 us
  Sample 77...
Starting computation...
    Writing took     8.855264 ms
    Computation took 307.705735 ms
    Reading took     268.592000 us
  Sample 78...
Starting computation...
    Writing took     6.920832 ms
    Computation took 306.691955 ms
    Reading took     270.082000 us
  Sample 79...
Starting computation...
    Writing took     6.972653 ms
    Computation took 307.126967 ms
    Reading took     268.088000 us
  Sample 80...
Starting computation...
    Writing took     6.943340 ms
    Computation took 307.875485 ms
    Reading took     270.934000 us
  Sample 81...
Starting computation...
    Writing took     6.972168 ms
    Computation took 307.745807 ms
    Reading took     266.958000 us
  Sample 82...
Starting computation...
    Writing took     6.885539 ms
    Computation took 308.594736 ms
    Reading took     265.931000 us
  Sample 83...
Starting computation...
    Writing took     6.932281 ms
    Computation took 307.855195 ms
    Reading took     430.353000 us
  Sample 84...
Starting computation...
    Writing took     8.723646 ms
    Computation took 306.792006 ms
    Reading took     385.173000 us
  Sample 85...
Starting computation...
    Writing took     10.443963 ms
    Computation took 306.048143 ms
    Reading took     265.389000 us
  Sample 86...
Starting computation...
    Writing took     6.937162 ms
    Computation took 305.817418 ms
    Reading took     276.797000 us
  Sample 87...
Starting computation...
    Writing took     6.915201 ms
    Computation took 306.202460 ms
    Reading took     255.372000 us
  Sample 88...
Starting computation...
    Writing took     7.006340 ms
    Computation took 307.988557 ms
    Reading took     291.154000 us
  Sample 89...
Starting computation...
    Writing took     6.982615 ms
    Computation took 307.979169 ms
    Reading took     267.964000 us
  Sample 90...
Starting computation...
    Writing took     6.932124 ms
    Computation took 307.377638 ms
    Reading took     265.359000 us
  Sample 91...
Starting computation...
    Writing took     6.950320 ms
    Computation took 307.102620 ms
    Reading took     265.024000 us
  Sample 92...
Starting computation...
    Writing took     6.935600 ms
    Computation took 306.910858 ms
    Reading took     268.580000 us
  Sample 93...
Starting computation...
    Writing took     6.922251 ms
    Computation took 306.063024 ms
    Reading took     257.764000 us
  Sample 94...
Starting computation...
    Writing took     7.856160 ms
    Computation took 306.233965 ms
    Reading took     455.702000 us
  Sample 95...
Starting computation...
    Writing took     12.228897 ms
    Computation took 305.772314 ms
    Reading took     265.710000 us
  Sample 96...
Starting computation...
    Writing took     6.956666 ms
    Computation took 305.523912 ms
    Reading took     265.358000 us
  Sample 97...
Starting computation...
    Writing took     6.975152 ms
    Computation took 305.951209 ms
    Reading took     266.896000 us
  Sample 98...
Starting computation...
    Writing took     6.928915 ms
    Computation took 305.893327 ms
    Reading took     265.076000 us
  Sample 99...
Starting computation...
    Writing took     7.548202 ms
    Computation took 305.850613 ms
    Reading took     346.984000 us
Mean computation time: 304.974420 ms
Mean deviation: 1.348608 ms (0.442204%)
Mean computation time (per hash): 3.279294 ms
Mean deviation (per hash): 14.501000 us
