Using device #0: CUDA Device 'GeForce GTX 1080 Ti'
  Sample 0...
Starting computation...
    Writing took     8.216690 ms
    Computation took 345.667618 ms
    Reading took     301.652000 us
  Sample 1...
Starting computation...
    Writing took     8.207885 ms
    Computation took 345.772425 ms
    Reading took     300.386000 us
  Sample 2...
Starting computation...
    Writing took     8.204287 ms
    Computation took 345.773447 ms
    Reading took     296.179000 us
  Sample 3...
Starting computation...
    Writing took     8.230392 ms
    Computation took 345.774989 ms
    Reading took     296.111000 us
  Sample 4...
Starting computation...
    Writing took     8.214699 ms
    Computation took 345.855930 ms
    Reading took     294.832000 us
  Sample 5...
Starting computation...
    Writing took     8.204852 ms
    Computation took 345.738254 ms
    Reading took     296.893000 us
  Sample 6...
Starting computation...
    Writing took     8.233398 ms
    Computation took 345.992517 ms
    Reading took     295.432000 us
  Sample 7...
Starting computation...
    Writing took     8.200518 ms
    Computation took 345.795136 ms
    Reading took     296.046000 us
  Sample 8...
Starting computation...
    Writing took     8.225535 ms
    Computation took 345.745820 ms
    Reading took     302.103000 us
  Sample 9...
Starting computation...
    Writing took     8.188222 ms
    Computation took 345.830512 ms
    Reading took     296.896000 us
  Sample 10...
Starting computation...
    Writing took     8.218330 ms
    Computation took 345.702443 ms
    Reading took     285.615000 us
  Sample 11...
Starting computation...
    Writing took     7.918232 ms
    Computation took 345.622904 ms
    Reading took     295.566000 us
  Sample 12...
Starting computation...
    Writing took     8.224524 ms
    Computation took 345.698376 ms
    Reading took     296.003000 us
  Sample 13...
Starting computation...
    Writing took     8.242662 ms
    Computation took 345.732670 ms
    Reading took     295.367000 us
  Sample 14...
Starting computation...
    Writing took     8.209856 ms
    Computation took 345.878229 ms
    Reading took     285.689000 us
  Sample 15...
Starting computation...
    Writing took     7.997188 ms
    Computation took 345.777793 ms
    Reading took     301.205000 us
  Sample 16...
Starting computation...
    Writing took     8.191316 ms
    Computation took 345.930895 ms
    Reading took     294.041000 us
  Sample 17...
Starting computation...
    Writing took     8.239792 ms
    Computation took 345.986863 ms
    Reading took     297.111000 us
  Sample 18...
Starting computation...
    Writing took     8.204576 ms
    Computation took 345.797780 ms
    Reading took     297.554000 us
  Sample 19...
Starting computation...
    Writing took     8.222467 ms
    Computation took 345.753104 ms
    Reading took     305.988000 us
  Sample 20...
Starting computation...
    Writing took     8.844567 ms
    Computation took 345.980196 ms
    Reading took     350.787000 us
  Sample 21...
Starting computation...
    Writing took     8.492396 ms
    Computation took 345.727577 ms
    Reading took     296.537000 us
  Sample 22...
Starting computation...
    Writing took     8.230251 ms
    Computation took 345.801857 ms
    Reading took     294.451000 us
  Sample 23...
Starting computation...
    Writing took     8.238090 ms
    Computation took 345.821843 ms
    Reading took     317.104000 us
  Sample 24...
Starting computation...
    Writing took     8.219171 ms
    Computation took 345.950721 ms
    Reading took     295.887000 us
  Sample 25...
Starting computation...
    Writing took     8.690160 ms
    Computation took 345.976429 ms
    Reading took     296.420000 us
  Sample 26...
Starting computation...
    Writing took     8.669143 ms
    Computation took 346.052151 ms
    Reading took     309.485000 us
  Sample 27...
Starting computation...
    Writing took     9.452007 ms
    Computation took 346.036135 ms
    Reading took     302.040000 us
  Sample 28...
Starting computation...
    Writing took     8.207904 ms
    Computation took 345.819673 ms
    Reading took     507.872000 us
  Sample 29...
Starting computation...
    Writing took     13.246477 ms
    Computation took 345.979622 ms
    Reading took     335.090000 us
  Sample 30...
Starting computation...
    Writing took     9.027042 ms
    Computation took 346.024062 ms
    Reading took     304.681000 us
  Sample 31...
Starting computation...
    Writing took     8.066538 ms
    Computation took 345.956784 ms
    Reading took     296.200000 us
  Sample 32...
Starting computation...
    Writing took     9.282356 ms
    Computation took 345.928922 ms
    Reading took     317.086000 us
  Sample 33...
Starting computation...
    Writing took     8.215906 ms
    Computation took 346.027463 ms
    Reading took     346.644000 us
  Sample 34...
Starting computation...
    Writing took     9.818387 ms
    Computation took 345.964190 ms
    Reading took     295.976000 us
  Sample 35...
Starting computation...
    Writing took     8.240836 ms
    Computation took 345.966333 ms
    Reading took     301.341000 us
  Sample 36...
Starting computation...
    Writing took     8.230425 ms
    Computation took 345.966688 ms
    Reading took     295.197000 us
  Sample 37...
Starting computation...
    Writing took     8.591922 ms
    Computation took 345.987780 ms
    Reading took     306.296000 us
  Sample 38...
Starting computation...
    Writing took     8.307599 ms
    Computation took 345.967925 ms
    Reading took     312.880000 us
  Sample 39...
Starting computation...
    Writing took     10.414049 ms
    Computation took 345.838620 ms
    Reading took     295.761000 us
  Sample 40...
Starting computation...
    Writing took     8.229755 ms
    Computation took 346.019712 ms
    Reading took     300.787000 us
  Sample 41...
Starting computation...
    Writing took     8.218856 ms
    Computation took 346.075586 ms
    Reading took     294.846000 us
  Sample 42...
Starting computation...
    Writing took     8.206347 ms
    Computation took 346.314910 ms
    Reading took     297.446000 us
  Sample 43...
Starting computation...
    Writing took     8.246055 ms
    Computation took 346.101741 ms
    Reading took     402.573000 us
  Sample 44...
Starting computation...
    Writing took     12.638200 ms
    Computation took 346.168916 ms
    Reading took     309.008000 us
  Sample 45...
Starting computation...
    Writing took     8.399829 ms
    Computation took 345.993012 ms
    Reading took     297.368000 us
  Sample 46...
Starting computation...
    Writing took     8.232284 ms
    Computation took 346.004666 ms
    Reading took     308.911000 us
  Sample 47...
Starting computation...
    Writing took     8.699093 ms
    Computation took 346.187264 ms
    Reading took     288.411000 us
  Sample 48...
Starting computation...
    Writing took     8.174329 ms
    Computation took 346.040864 ms
    Reading took     295.839000 us
  Sample 49...
Starting computation...
    Writing took     8.196717 ms
    Computation took 346.175734 ms
    Reading took     296.236000 us
  Sample 50...
Starting computation...
    Writing took     8.232544 ms
    Computation took 346.089237 ms
    Reading took     285.158000 us
  Sample 51...
Starting computation...
    Writing took     7.912945 ms
    Computation took 346.178062 ms
    Reading took     295.831000 us
  Sample 52...
Starting computation...
    Writing took     8.196335 ms
    Computation took 346.047533 ms
    Reading took     296.113000 us
  Sample 53...
Starting computation...
    Writing took     8.226662 ms
    Computation took 346.089202 ms
    Reading took     311.581000 us
  Sample 54...
Starting computation...
    Writing took     8.410000 ms
    Computation took 346.075191 ms
    Reading took     337.237000 us
  Sample 55...
Starting computation...
    Writing took     19.469405 ms
    Computation took 346.003131 ms
    Reading took     295.789000 us
  Sample 56...
Starting computation...
    Writing took     8.238024 ms
    Computation took 346.073689 ms
    Reading took     299.546000 us
  Sample 57...
Starting computation...
    Writing took     8.209695 ms
    Computation took 346.116894 ms
    Reading took     286.203000 us
  Sample 58...
Starting computation...
    Writing took     7.979995 ms
    Computation took 346.287759 ms
    Reading took     295.130000 us
  Sample 59...
Starting computation...
    Writing took     8.211971 ms
    Computation took 346.183860 ms
    Reading took     296.019000 us
  Sample 60...
Starting computation...
    Writing took     8.196975 ms
    Computation took 346.208479 ms
    Reading took     298.814000 us
  Sample 61...
Starting computation...
    Writing took     8.230117 ms
    Computation took 346.122978 ms
    Reading took     286.940000 us
  Sample 62...
Starting computation...
    Writing took     8.062461 ms
    Computation took 346.064469 ms
    Reading took     404.791000 us
  Sample 63...
Starting computation...
    Writing took     11.532812 ms
    Computation took 346.086253 ms
    Reading took     296.676000 us
  Sample 64...
Starting computation...
    Writing took     8.241820 ms
    Computation took 346.248573 ms
    Reading took     302.783000 us
  Sample 65...
Starting computation...
    Writing took     8.211232 ms
    Computation took 346.165862 ms
    Reading took     380.330000 us
  Sample 66...
Starting computation...
    Writing took     10.270077 ms
    Computation took 346.136687 ms
    Reading took     296.935000 us
  Sample 67...
Starting computation...
    Writing took     8.205680 ms
    Computation took 346.390282 ms
    Reading took     293.664000 us
  Sample 68...
Starting computation...
    Writing took     8.215552 ms
    Computation took 346.296615 ms
    Reading took     285.469000 us
  Sample 69...
Starting computation...
    Writing took     8.690737 ms
    Computation took 346.448109 ms
    Reading took     295.573000 us
  Sample 70...
Starting computation...
    Writing took     8.237001 ms
    Computation took 346.338132 ms
    Reading took     287.934000 us
  Sample 71...
Starting computation...
    Writing took     8.012508 ms
    Computation took 346.193727 ms
    Reading took     284.759000 us
  Sample 72...
Starting computation...
    Writing took     8.011222 ms
    Computation took 346.059742 ms
    Reading took     297.501000 us
  Sample 73...
Starting computation...
    Writing took     8.125669 ms
    Computation took 346.173266 ms
    Reading took     296.080000 us
  Sample 74...
Starting computation...
    Writing took     8.198524 ms
    Computation took 346.222890 ms
    Reading took     296.132000 us
  Sample 75...
Starting computation...
    Writing took     8.214719 ms
    Computation took 346.375401 ms
    Reading took     297.629000 us
  Sample 76...
Starting computation...
    Writing took     8.233041 ms
    Computation took 346.336158 ms
    Reading took     306.062000 us
  Sample 77...
Starting computation...
    Writing took     8.405260 ms
    Computation took 346.451180 ms
    Reading took     298.361000 us
  Sample 78...
Starting computation...
    Writing took     8.232245 ms
    Computation took 346.333008 ms
    Reading took     295.456000 us
  Sample 79...
Starting computation...
    Writing took     8.240858 ms
    Computation took 346.318794 ms
    Reading took     297.070000 us
  Sample 80...
Starting computation...
    Writing took     8.228362 ms
    Computation took 346.283884 ms
    Reading took     297.366000 us
  Sample 81...
Starting computation...
    Writing took     8.209001 ms
    Computation took 346.322258 ms
    Reading took     300.005000 us
  Sample 82...
Starting computation...
    Writing took     8.237121 ms
    Computation took 346.335208 ms
    Reading took     296.367000 us
  Sample 83...
Starting computation...
    Writing took     8.259282 ms
    Computation took 346.252429 ms
    Reading took     448.320000 us
  Sample 84...
Starting computation...
    Writing took     8.227735 ms
    Computation took 346.218369 ms
    Reading took     341.894000 us
  Sample 85...
Starting computation...
    Writing took     11.068013 ms
    Computation took 346.280427 ms
    Reading took     295.559000 us
  Sample 86...
Starting computation...
    Writing took     8.232580 ms
    Computation took 346.355148 ms
    Reading took     317.719000 us
  Sample 87...
Starting computation...
    Writing took     8.225943 ms
    Computation took 346.310596 ms
    Reading took     294.894000 us
  Sample 88...
Starting computation...
    Writing took     8.214825 ms
    Computation took 346.336141 ms
    Reading took     401.821000 us
  Sample 89...
Starting computation...
    Writing took     11.064387 ms
    Computation took 346.309274 ms
    Reading took     305.657000 us
  Sample 90...
Starting computation...
    Writing took     10.495788 ms
    Computation took 346.386121 ms
    Reading took     295.853000 us
  Sample 91...
Starting computation...
    Writing took     8.234004 ms
    Computation took 346.254941 ms
    Reading took     296.397000 us
  Sample 92...
Starting computation...
    Writing took     10.604675 ms
    Computation took 346.193687 ms
    Reading took     424.458000 us
  Sample 93...
Starting computation...
    Writing took     12.397363 ms
    Computation took 346.378996 ms
    Reading took     317.426000 us
  Sample 94...
Starting computation...
    Writing took     8.215915 ms
    Computation took 346.432721 ms
    Reading took     294.909000 us
  Sample 95...
Starting computation...
    Writing took     8.194340 ms
    Computation took 346.365106 ms
    Reading took     295.120000 us
  Sample 96...
Starting computation...
    Writing took     8.229232 ms
    Computation took 346.655003 ms
    Reading took     285.098000 us
  Sample 97...
Starting computation...
    Writing took     8.103247 ms
    Computation took 346.387873 ms
    Reading took     306.319000 us
  Sample 98...
Starting computation...
    Writing took     8.203265 ms
    Computation took 346.473111 ms
    Reading took     293.000000 us
  Sample 99...
Starting computation...
    Writing took     8.205616 ms
    Computation took 346.322357 ms
    Reading took     296.329000 us
Mean computation time: 346.086538 ms
Mean deviation: 187.069000 us (0.0540527%)
Mean computation time (per hash): 3.117896 ms
Mean deviation (per hash): 1.685000 us
