Using device #0: CUDA Device 'GeForce GTX 1080 Ti'
  Sample 0...
Starting computation...
    Writing took     8.082526 ms
    Computation took 345.582565 ms
    Reading took     403.251000 us
  Sample 1...
Starting computation...
    Writing took     11.151225 ms
    Computation took 346.213826 ms
    Reading took     313.241000 us
  Sample 2...
Starting computation...
    Writing took     8.225874 ms
    Computation took 346.044742 ms
    Reading took     321.013000 us
  Sample 3...
Starting computation...
    Writing took     8.218378 ms
    Computation took 345.920749 ms
    Reading took     326.826000 us
  Sample 4...
Starting computation...
    Writing took     8.193488 ms
    Computation took 346.000055 ms
    Reading took     311.526000 us
  Sample 5...
Starting computation...
    Writing took     8.198945 ms
    Computation took 346.269015 ms
    Reading took     310.287000 us
  Sample 6...
Starting computation...
    Writing took     8.148499 ms
    Computation took 345.789121 ms
    Reading took     326.051000 us
  Sample 7...
Starting computation...
    Writing took     8.121509 ms
    Computation took 346.164602 ms
    Reading took     483.938000 us
  Sample 8...
Starting computation...
    Writing took     12.354603 ms
    Computation took 345.773504 ms
    Reading took     309.579000 us
  Sample 9...
Starting computation...
    Writing took     8.198630 ms
    Computation took 346.051269 ms
    Reading took     309.088000 us
  Sample 10...
Starting computation...
    Writing took     8.707611 ms
    Computation took 346.229055 ms
    Reading took     311.408000 us
  Sample 11...
Starting computation...
    Writing took     8.218291 ms
    Computation took 345.904979 ms
    Reading took     310.796000 us
  Sample 12...
Starting computation...
    Writing took     8.159827 ms
    Computation took 346.087460 ms
    Reading took     353.169000 us
  Sample 13...
Starting computation...
    Writing took     8.249666 ms
    Computation took 346.008382 ms
    Reading took     312.362000 us
  Sample 14...
Starting computation...
    Writing took     8.227274 ms
    Computation took 345.372307 ms
    Reading took     311.059000 us
  Sample 15...
Starting computation...
    Writing took     8.240623 ms
    Computation took 346.224340 ms
    Reading took     298.883000 us
  Sample 16...
Starting computation...
    Writing took     7.993328 ms
    Computation took 345.776196 ms
    Reading took     311.890000 us
  Sample 17...
Starting computation...
    Writing took     8.167515 ms
    Computation took 346.199953 ms
    Reading took     308.527000 us
  Sample 18...
Starting computation...
    Writing took     9.058594 ms
    Computation took 345.656702 ms
    Reading took     310.254000 us
  Sample 19...
Starting computation...
    Writing took     8.161561 ms
    Computation took 346.800307 ms
    Reading took     312.062000 us
  Sample 20...
Starting computation...
    Writing took     8.154570 ms
    Computation took 347.205913 ms
    Reading took     308.449000 us
  Sample 21...
Starting computation...
    Writing took     8.169615 ms
    Computation took 346.417701 ms
    Reading took     308.919000 us
  Sample 22...
Starting computation...
    Writing took     8.170763 ms
    Computation took 345.908928 ms
    Reading took     310.189000 us
  Sample 23...
Starting computation...
    Writing took     8.100989 ms
    Computation took 346.044618 ms
    Reading took     307.956000 us
  Sample 24...
Starting computation...
    Writing took     8.187483 ms
    Computation took 346.010595 ms
    Reading took     310.578000 us
  Sample 25...
Starting computation...
    Writing took     8.175925 ms
    Computation took 346.628279 ms
    Reading took     327.028000 us
  Sample 26...
Starting computation...
    Writing took     8.138337 ms
    Computation took 345.815714 ms
    Reading took     309.220000 us
  Sample 27...
Starting computation...
    Writing took     8.181245 ms
    Computation took 346.728845 ms
    Reading took     309.777000 us
  Sample 28...
Starting computation...
    Writing took     8.156165 ms
    Computation took 346.120980 ms
    Reading took     309.586000 us
  Sample 29...
Starting computation...
    Writing took     8.018327 ms
    Computation took 346.739304 ms
    Reading took     310.276000 us
  Sample 30...
Starting computation...
    Writing took     8.126510 ms
    Computation took 346.638405 ms
    Reading took     310.762000 us
  Sample 31...
Starting computation...
    Writing took     8.166403 ms
    Computation took 347.233705 ms
    Reading took     312.908000 us
  Sample 32...
Starting computation...
    Writing took     8.148993 ms
    Computation took 346.942760 ms
    Reading took     313.680000 us
  Sample 33...
Starting computation...
    Writing took     8.158114 ms
    Computation took 347.554478 ms
    Reading took     311.006000 us
  Sample 34...
Starting computation...
    Writing took     9.578094 ms
    Computation took 346.618407 ms
    Reading took     311.785000 us
  Sample 35...
Starting computation...
    Writing took     8.173867 ms
    Computation took 346.405348 ms
    Reading took     312.485000 us
  Sample 36...
Starting computation...
    Writing took     8.166628 ms
    Computation took 347.381792 ms
    Reading took     477.806000 us
  Sample 37...
Starting computation...
    Writing took     8.300053 ms
    Computation took 346.837959 ms
    Reading took     311.090000 us
  Sample 38...
Starting computation...
    Writing took     8.172118 ms
    Computation took 347.260854 ms
    Reading took     312.620000 us
  Sample 39...
Starting computation...
    Writing took     8.768998 ms
    Computation took 347.033966 ms
    Reading took     311.230000 us
  Sample 40...
Starting computation...
    Writing took     8.549309 ms
    Computation took 347.145695 ms
    Reading took     480.515000 us
  Sample 41...
Starting computation...
    Writing took     13.605844 ms
    Computation took 347.055146 ms
    Reading took     312.496000 us
  Sample 42...
Starting computation...
    Writing took     9.858341 ms
    Computation took 346.884328 ms
    Reading took     326.401000 us
  Sample 43...
Starting computation...
    Writing took     8.132161 ms
    Computation took 347.807840 ms
    Reading took     396.930000 us
  Sample 44...
Starting computation...
    Writing took     9.155050 ms
    Computation took 347.983398 ms
    Reading took     302.906000 us
  Sample 45...
Starting computation...
    Writing took     7.814057 ms
    Computation took 347.476472 ms
    Reading took     310.602000 us
  Sample 46...
Starting computation...
    Writing took     9.513385 ms
    Computation took 347.200647 ms
    Reading took     310.313000 us
  Sample 47...
Starting computation...
    Writing took     8.149070 ms
    Computation took 346.757420 ms
    Reading took     310.143000 us
  Sample 48...
Starting computation...
    Writing took     8.160472 ms
    Computation took 347.096442 ms
    Reading took     312.517000 us
  Sample 49...
Starting computation...
    Writing took     8.147729 ms
    Computation took 347.575549 ms
    Reading took     354.955000 us
  Sample 50...
Starting computation...
    Writing took     9.400976 ms
    Computation took 347.097085 ms
    Reading took     312.199000 us
  Sample 51...
Starting computation...
    Writing took     8.848713 ms
    Computation took 347.376404 ms
    Reading took     406.559000 us
  Sample 52...
Starting computation...
    Writing took     8.182741 ms
    Computation took 347.341626 ms
    Reading took     309.221000 us
  Sample 53...
Starting computation...
    Writing took     8.177278 ms
    Computation took 346.981501 ms
    Reading took     311.912000 us
  Sample 54...
Starting computation...
    Writing took     8.154421 ms
    Computation took 347.251939 ms
    Reading took     319.796000 us
  Sample 55...
Starting computation...
    Writing took     8.910889 ms
    Computation took 346.895820 ms
    Reading took     312.617000 us
  Sample 56...
Starting computation...
    Writing took     8.192250 ms
    Computation took 347.146699 ms
    Reading took     313.185000 us
  Sample 57...
Starting computation...
    Writing took     8.176301 ms
    Computation took 347.356335 ms
    Reading took     373.800000 us
  Sample 58...
Starting computation...
    Writing took     8.500134 ms
    Computation took 348.000608 ms
    Reading took     312.779000 us
  Sample 59...
Starting computation...
    Writing took     8.222555 ms
    Computation took 347.295921 ms
    Reading took     310.103000 us
  Sample 60...
Starting computation...
    Writing took     8.494351 ms
    Computation took 346.782315 ms
    Reading took     308.742000 us
  Sample 61...
Starting computation...
    Writing took     8.172789 ms
    Computation took 346.190615 ms
    Reading took     332.446000 us
  Sample 62...
Starting computation...
    Writing took     8.011419 ms
    Computation took 347.388723 ms
    Reading took     357.703000 us
  Sample 63...
Starting computation...
    Writing took     11.766798 ms
    Computation took 347.841746 ms
    Reading took     308.466000 us
  Sample 64...
Starting computation...
    Writing took     7.812305 ms
    Computation took 351.832243 ms
    Reading took     322.209000 us
  Sample 65...
Starting computation...
    Writing took     8.081951 ms
    Computation took 352.614542 ms
    Reading took     317.181000 us
  Sample 66...
Starting computation...
    Writing took     8.877987 ms
    Computation took 350.759496 ms
    Reading took     319.995000 us
  Sample 67...
Starting computation...
    Writing took     8.845272 ms
    Computation took 350.064913 ms
    Reading took     291.499000 us
  Sample 68...
Starting computation...
    Writing took     8.085473 ms
    Computation took 348.098839 ms
    Reading took     299.133000 us
  Sample 69...
Starting computation...
    Writing took     8.685511 ms
    Computation took 347.362368 ms
    Reading took     295.373000 us
  Sample 70...
Starting computation...
    Writing took     8.109074 ms
    Computation took 346.295199 ms
    Reading took     294.973000 us
  Sample 71...
Starting computation...
    Writing took     8.379124 ms
    Computation took 345.873452 ms
    Reading took     379.438000 us
  Sample 72...
Starting computation...
    Writing took     8.405649 ms
    Computation took 346.582005 ms
    Reading took     292.831000 us
  Sample 73...
Starting computation...
    Writing took     8.087750 ms
    Computation took 346.509596 ms
    Reading took     293.576000 us
  Sample 74...
Starting computation...
    Writing took     8.096705 ms
    Computation took 347.324995 ms
    Reading took     430.716000 us
  Sample 75...
Starting computation...
    Writing took     8.786991 ms
    Computation took 346.707110 ms
    Reading took     283.150000 us
  Sample 76...
Starting computation...
    Writing took     7.855385 ms
    Computation took 346.797206 ms
    Reading took     294.568000 us
  Sample 77...
Starting computation...
    Writing took     8.328953 ms
    Computation took 346.870371 ms
    Reading took     293.345000 us
  Sample 78...
Starting computation...
    Writing took     8.091800 ms
    Computation took 347.123185 ms
    Reading took     295.647000 us
  Sample 79...
Starting computation...
    Writing took     8.111037 ms
    Computation took 347.259561 ms
    Reading took     429.970000 us
  Sample 80...
Starting computation...
    Writing took     13.702186 ms
    Computation took 346.225660 ms
    Reading took     447.360000 us
  Sample 81...
Starting computation...
    Writing took     11.797164 ms
    Computation took 346.374325 ms
    Reading took     295.042000 us
  Sample 82...
Starting computation...
    Writing took     8.123973 ms
    Computation took 347.013763 ms
    Reading took     293.946000 us
  Sample 83...
Starting computation...
    Writing took     8.123636 ms
    Computation took 346.848075 ms
    Reading took     518.993000 us
  Sample 84...
Starting computation...
    Writing took     14.284967 ms
    Computation took 346.875677 ms
    Reading took     387.254000 us
  Sample 85...
Starting computation...
    Writing took     9.801598 ms
    Computation took 347.114993 ms
    Reading took     339.043000 us
  Sample 86...
Starting computation...
    Writing took     9.969717 ms
    Computation took 346.714783 ms
    Reading took     293.409000 us
  Sample 87...
Starting computation...
    Writing took     8.521015 ms
    Computation took 346.624417 ms
    Reading took     303.973000 us
  Sample 88...
Starting computation...
    Writing took     8.306930 ms
    Computation took 346.570980 ms
    Reading took     560.152000 us
  Sample 89...
Starting computation...
    Writing took     16.562157 ms
    Computation took 346.474102 ms
    Reading took     316.340000 us
  Sample 90...
Starting computation...
    Writing took     8.823858 ms
    Computation took 346.288909 ms
    Reading took     382.123000 us
  Sample 91...
Starting computation...
    Writing took     11.541518 ms
    Computation took 346.560202 ms
    Reading took     360.558000 us
  Sample 92...
Starting computation...
    Writing took     10.255362 ms
    Computation took 346.498073 ms
    Reading took     293.480000 us
  Sample 93...
Starting computation...
    Writing took     8.117167 ms
    Computation took 346.692014 ms
    Reading took     303.718000 us
  Sample 94...
Starting computation...
    Writing took     7.844680 ms
    Computation took 347.325109 ms
    Reading took     294.911000 us
  Sample 95...
Starting computation...
    Writing took     8.091881 ms
    Computation took 347.276035 ms
    Reading took     502.093000 us
  Sample 96...
Starting computation...
    Writing took     14.853790 ms
    Computation took 346.049732 ms
    Reading took     287.023000 us
  Sample 97...
Starting computation...
    Writing took     8.300319 ms
    Computation took 346.406067 ms
    Reading took     280.798000 us
  Sample 98...
Starting computation...
    Writing took     7.792747 ms
    Computation took 347.452032 ms
    Reading took     292.802000 us
  Sample 99...
Starting computation...
    Writing took     8.072626 ms
    Computation took 347.631916 ms
    Reading took     318.157000 us
Mean computation time: 346.906198 ms
Mean deviation: 682.661000 us (0.196785%)
Mean computation time (per hash): 3.153692 ms
Mean deviation (per hash): 6.205000 us
