Using device #0: CUDA Device 'GeForce GTX 1080 Ti'
  Sample 0...
Starting computation...
    Writing took     2.677943 ms
    Computation took 205.571233 ms
    Reading took     68.133000 us
  Sample 1...
Starting computation...
    Writing took     1.567383 ms
    Computation took 205.709220 ms
    Reading took     69.486000 us
  Sample 2...
Starting computation...
    Writing took     1.790096 ms
    Computation took 205.698867 ms
    Reading took     69.760000 us
  Sample 3...
Starting computation...
    Writing took     1.790612 ms
    Computation took 205.555882 ms
    Reading took     77.292000 us
  Sample 4...
Starting computation...
    Writing took     1.868601 ms
    Computation took 205.786434 ms
    Reading took     79.564000 us
  Sample 5...
Starting computation...
    Writing took     1.868398 ms
    Computation took 205.530136 ms
    Reading took     70.853000 us
  Sample 6...
Starting computation...
    Writing took     1.869560 ms
    Computation took 205.763606 ms
    Reading took     69.814000 us
  Sample 7...
Starting computation...
    Writing took     1.841684 ms
    Computation took 207.058449 ms
    Reading took     70.617000 us
  Sample 8...
Starting computation...
    Writing took     1.877596 ms
    Computation took 205.662651 ms
    Reading took     71.789000 us
  Sample 9...
Starting computation...
    Writing took     1.871694 ms
    Computation took 205.538663 ms
    Reading took     72.893000 us
  Sample 10...
Starting computation...
    Writing took     1.890672 ms
    Computation took 205.662601 ms
    Reading took     64.337000 us
  Sample 11...
Starting computation...
    Writing took     1.863125 ms
    Computation took 205.840448 ms
    Reading took     68.524000 us
  Sample 12...
Starting computation...
    Writing took     1.863170 ms
    Computation took 205.885042 ms
    Reading took     71.753000 us
  Sample 13...
Starting computation...
    Writing took     1.891367 ms
    Computation took 205.535942 ms
    Reading took     71.010000 us
  Sample 14...
Starting computation...
    Writing took     1.894225 ms
    Computation took 206.911423 ms
    Reading took     71.346000 us
  Sample 15...
Starting computation...
    Writing took     1.908530 ms
    Computation took 205.922830 ms
    Reading took     73.318000 us
  Sample 16...
Starting computation...
    Writing took     1.893471 ms
    Computation took 205.464980 ms
    Reading took     72.533000 us
  Sample 17...
Starting computation...
    Writing took     1.888517 ms
    Computation took 206.555318 ms
    Reading took     72.553000 us
  Sample 18...
Starting computation...
    Writing took     1.901688 ms
    Computation took 205.501281 ms
    Reading took     70.735000 us
  Sample 19...
Starting computation...
    Writing took     1.777053 ms
    Computation took 205.598267 ms
    Reading took     68.891000 us
  Sample 20...
Starting computation...
    Writing took     1.728892 ms
    Computation took 206.462341 ms
    Reading took     72.259000 us
  Sample 21...
Starting computation...
    Writing took     1.751075 ms
    Computation took 205.820846 ms
    Reading took     68.288000 us
  Sample 22...
Starting computation...
    Writing took     1.706028 ms
    Computation took 205.768893 ms
    Reading took     70.189000 us
  Sample 23...
Starting computation...
    Writing took     1.699581 ms
    Computation took 205.619378 ms
    Reading took     70.246000 us
  Sample 24...
Starting computation...
    Writing took     1.757431 ms
    Computation took 205.582851 ms
    Reading took     72.140000 us
  Sample 25...
Starting computation...
    Writing took     1.795128 ms
    Computation took 205.834633 ms
    Reading took     74.194000 us
  Sample 26...
Starting computation...
    Writing took     1.678469 ms
    Computation took 205.901654 ms
    Reading took     76.264000 us
  Sample 27...
Starting computation...
    Writing took     1.771111 ms
    Computation took 205.601898 ms
    Reading took     70.061000 us
  Sample 28...
Starting computation...
    Writing took     1.864608 ms
    Computation took 205.510270 ms
    Reading took     72.183000 us
  Sample 29...
Starting computation...
    Writing took     1.843852 ms
    Computation took 206.826199 ms
    Reading took     95.454000 us
  Sample 30...
Starting computation...
    Writing took     1.867564 ms
    Computation took 205.563702 ms
    Reading took     74.480000 us
  Sample 31...
Starting computation...
    Writing took     1.817976 ms
    Computation took 205.858769 ms
    Reading took     73.226000 us
  Sample 32...
Starting computation...
    Writing took     1.750576 ms
    Computation took 207.049791 ms
    Reading took     73.687000 us
  Sample 33...
Starting computation...
    Writing took     1.753636 ms
    Computation took 205.465989 ms
    Reading took     69.952000 us
  Sample 34...
Starting computation...
    Writing took     1.810204 ms
    Computation took 205.584519 ms
    Reading took     119.028000 us
  Sample 35...
Starting computation...
    Writing took     3.101362 ms
    Computation took 205.582318 ms
    Reading took     104.589000 us
  Sample 36...
Starting computation...
    Writing took     2.476051 ms
    Computation took 205.587005 ms
    Reading took     68.128000 us
  Sample 37...
Starting computation...
    Writing took     1.540526 ms
    Computation took 205.804361 ms
    Reading took     59.148000 us
  Sample 38...
Starting computation...
    Writing took     1.452309 ms
    Computation took 205.546104 ms
    Reading took     58.190000 us
  Sample 39...
Starting computation...
    Writing took     1.447123 ms
    Computation took 205.589600 ms
    Reading took     65.901000 us
  Sample 40...
Starting computation...
    Writing took     1.617893 ms
    Computation took 207.136815 ms
    Reading took     62.841000 us
  Sample 41...
Starting computation...
    Writing took     1.557369 ms
    Computation took 205.548794 ms
    Reading took     58.990000 us
  Sample 42...
Starting computation...
    Writing took     1.468965 ms
    Computation took 206.552395 ms
    Reading took     61.891000 us
  Sample 43...
Starting computation...
    Writing took     1.546849 ms
    Computation took 205.549209 ms
    Reading took     58.389000 us
  Sample 44...
Starting computation...
    Writing took     1.461902 ms
    Computation took 205.593625 ms
    Reading took     62.810000 us
  Sample 45...
Starting computation...
    Writing took     1.574193 ms
    Computation took 205.462389 ms
    Reading took     58.253000 us
  Sample 46...
Starting computation...
    Writing took     1.626832 ms
    Computation took 205.463083 ms
    Reading took     54.113000 us
  Sample 47...
Starting computation...
    Writing took     1.412449 ms
    Computation took 205.580627 ms
    Reading took     58.980000 us
  Sample 48...
Starting computation...
    Writing took     1.462141 ms
    Computation took 205.638064 ms
    Reading took     120.535000 us
  Sample 49...
Starting computation...
    Writing took     3.077177 ms
    Computation took 205.611100 ms
    Reading took     76.740000 us
  Sample 50...
Starting computation...
    Writing took     1.881814 ms
    Computation took 205.755892 ms
    Reading took     79.043000 us
  Sample 51...
Starting computation...
    Writing took     1.880799 ms
    Computation took 205.844857 ms
    Reading took     63.705000 us
  Sample 52...
Starting computation...
    Writing took     1.549812 ms
    Computation took 205.512285 ms
    Reading took     59.078000 us
  Sample 53...
Starting computation...
    Writing took     1.455151 ms
    Computation took 205.638893 ms
    Reading took     58.238000 us
  Sample 54...
Starting computation...
    Writing took     1.526480 ms
    Computation took 205.432079 ms
    Reading took     83.189000 us
  Sample 55...
Starting computation...
    Writing took     2.150254 ms
    Computation took 206.884091 ms
    Reading took     76.754000 us
  Sample 56...
Starting computation...
    Writing took     2.042374 ms
    Computation took 205.563547 ms
    Reading took     78.145000 us
  Sample 57...
Starting computation...
    Writing took     2.067196 ms
    Computation took 207.111548 ms
    Reading took     77.238000 us
  Sample 58...
Starting computation...
    Writing took     2.028267 ms
    Computation took 205.547323 ms
    Reading took     72.750000 us
  Sample 59...
Starting computation...
    Writing took     1.885090 ms
    Computation took 205.768390 ms
    Reading took     66.025000 us
  Sample 60...
Starting computation...
    Writing took     1.509996 ms
    Computation took 205.580948 ms
    Reading took     65.717000 us
  Sample 61...
Starting computation...
    Writing took     1.648300 ms
    Computation took 206.290172 ms
    Reading took     67.568000 us
  Sample 62...
Starting computation...
    Writing took     1.730676 ms
    Computation took 206.943744 ms
    Reading took     69.186000 us
  Sample 63...
Starting computation...
    Writing took     1.664373 ms
    Computation took 205.555050 ms
    Reading took     61.543000 us
  Sample 64...
Starting computation...
    Writing took     1.548731 ms
    Computation took 205.798875 ms
    Reading took     76.613000 us
  Sample 65...
Starting computation...
    Writing took     1.935629 ms
    Computation took 205.574896 ms
    Reading took     75.324000 us
  Sample 66...
Starting computation...
    Writing took     1.916078 ms
    Computation took 205.837926 ms
    Reading took     61.609000 us
  Sample 67...
Starting computation...
    Writing took     1.456995 ms
    Computation took 205.991548 ms
    Reading took     61.603000 us
  Sample 68...
Starting computation...
    Writing took     1.411982 ms
    Computation took 205.575939 ms
    Reading took     64.909000 us
  Sample 69...
Starting computation...
    Writing took     1.572326 ms
    Computation took 205.526862 ms
    Reading took     70.255000 us
  Sample 70...
Starting computation...
    Writing took     1.632463 ms
    Computation took 207.053349 ms
    Reading took     67.745000 us
  Sample 71...
Starting computation...
    Writing took     1.631638 ms
    Computation took 205.603695 ms
    Reading took     72.110000 us
  Sample 72...
Starting computation...
    Writing took     1.637125 ms
    Computation took 205.595016 ms
    Reading took     63.492000 us
  Sample 73...
Starting computation...
    Writing took     1.523898 ms
    Computation took 207.592727 ms
    Reading took     87.429000 us
  Sample 74...
Starting computation...
    Writing took     2.393978 ms
    Computation took 205.555782 ms
    Reading took     76.120000 us
  Sample 75...
Starting computation...
    Writing took     1.888871 ms
    Computation took 205.786131 ms
    Reading took     75.764000 us
  Sample 76...
Starting computation...
    Writing took     1.888008 ms
    Computation took 205.688115 ms
    Reading took     75.672000 us
  Sample 77...
Starting computation...
    Writing took     1.887195 ms
    Computation took 205.592403 ms
    Reading took     100.323000 us
  Sample 78...
Starting computation...
    Writing took     1.912123 ms
    Computation took 205.794501 ms
    Reading took     81.096000 us
  Sample 79...
Starting computation...
    Writing took     2.075228 ms
    Computation took 205.552730 ms
    Reading took     68.406000 us
  Sample 80...
Starting computation...
    Writing took     1.747484 ms
    Computation took 205.666531 ms
    Reading took     66.015000 us
  Sample 81...
Starting computation...
    Writing took     1.720867 ms
    Computation took 205.533571 ms
    Reading took     68.278000 us
  Sample 82...
Starting computation...
    Writing took     1.804634 ms
    Computation took 206.590974 ms
    Reading took     62.104000 us
  Sample 83...
Starting computation...
    Writing took     1.657858 ms
    Computation took 205.500281 ms
    Reading took     63.586000 us
  Sample 84...
Starting computation...
    Writing took     1.582229 ms
    Computation took 205.602680 ms
    Reading took     58.798000 us
  Sample 85...
Starting computation...
    Writing took     1.459107 ms
    Computation took 205.974957 ms
    Reading took     62.261000 us
  Sample 86...
Starting computation...
    Writing took     1.561179 ms
    Computation took 205.719583 ms
    Reading took     62.408000 us
  Sample 87...
Starting computation...
    Writing took     1.551900 ms
    Computation took 205.756163 ms
    Reading took     63.683000 us
  Sample 88...
Starting computation...
    Writing took     1.654682 ms
    Computation took 206.823286 ms
    Reading took     78.890000 us
  Sample 89...
Starting computation...
    Writing took     1.607083 ms
    Computation took 205.694174 ms
    Reading took     59.706000 us
  Sample 90...
Starting computation...
    Writing took     1.565031 ms
    Computation took 207.139824 ms
    Reading took     61.136000 us
  Sample 91...
Starting computation...
    Writing took     1.547006 ms
    Computation took 207.377502 ms
    Reading took     58.146000 us
  Sample 92...
Starting computation...
    Writing took     1.456781 ms
    Computation took 207.380780 ms
    Reading took     61.219000 us
  Sample 93...
Starting computation...
    Writing took     1.562178 ms
    Computation took 206.861776 ms
    Reading took     59.267000 us
  Sample 94...
Starting computation...
    Writing took     1.473680 ms
    Computation took 206.802636 ms
    Reading took     58.775000 us
  Sample 95...
Starting computation...
    Writing took     1.510527 ms
    Computation took 207.357869 ms
    Reading took     63.067000 us
  Sample 96...
Starting computation...
    Writing took     1.561102 ms
    Computation took 207.839160 ms
    Reading took     108.507000 us
  Sample 97...
Starting computation...
    Writing took     3.272417 ms
    Computation took 206.679914 ms
    Reading took     84.126000 us
  Sample 98...
Starting computation...
    Writing took     1.902235 ms
    Computation took 206.646288 ms
    Reading took     113.461000 us
  Sample 99...
Starting computation...
    Writing took     3.177327 ms
    Computation took 207.400838 ms
    Reading took     76.436000 us
Mean computation time: 205.993485 ms
Mean deviation: 509.971000 us (0.247567%)
Mean computation time (per hash): 8.239738 ms
Mean deviation (per hash): 20.398000 us
