Using device #0: CUDA Device 'GeForce GTX 1080 Ti'
  Sample 0...
Starting computation...
    Writing took     6.522711 ms
    Computation took 293.298915 ms
    Reading took     242.047000 us
  Sample 1...
Starting computation...
    Writing took     6.533243 ms
    Computation took 293.480662 ms
    Reading took     239.659000 us
  Sample 2...
Starting computation...
    Writing took     7.484269 ms
    Computation took 293.491601 ms
    Reading took     237.809000 us
  Sample 3...
Starting computation...
    Writing took     6.279629 ms
    Computation took 293.730422 ms
    Reading took     239.591000 us
  Sample 4...
Starting computation...
    Writing took     6.242181 ms
    Computation took 293.282162 ms
    Reading took     237.593000 us
  Sample 5...
Starting computation...
    Writing took     6.493480 ms
    Computation took 293.322518 ms
    Reading took     238.599000 us
  Sample 6...
Starting computation...
    Writing took     6.287013 ms
    Computation took 293.739485 ms
    Reading took     325.358000 us
  Sample 7...
Starting computation...
    Writing took     6.654857 ms
    Computation took 293.343994 ms
    Reading took     237.366000 us
  Sample 8...
Starting computation...
    Writing took     7.282028 ms
    Computation took 293.465454 ms
    Reading took     237.160000 us
  Sample 9...
Starting computation...
    Writing took     6.601397 ms
    Computation took 293.227377 ms
    Reading took     392.342000 us
  Sample 10...
Starting computation...
    Writing took     11.458582 ms
    Computation took 293.420213 ms
    Reading took     238.456000 us
  Sample 11...
Starting computation...
    Writing took     6.521726 ms
    Computation took 293.448719 ms
    Reading took     239.284000 us
  Sample 12...
Starting computation...
    Writing took     6.517924 ms
    Computation took 293.271687 ms
    Reading took     382.810000 us
  Sample 13...
Starting computation...
    Writing took     9.220012 ms
    Computation took 293.618647 ms
    Reading took     239.886000 us
  Sample 14...
Starting computation...
    Writing took     6.527241 ms
    Computation took 293.495912 ms
    Reading took     237.040000 us
  Sample 15...
Starting computation...
    Writing took     6.510634 ms
    Computation took 293.547329 ms
    Reading took     236.655000 us
  Sample 16...
Starting computation...
    Writing took     6.529499 ms
    Computation took 293.702284 ms
    Reading took     239.774000 us
  Sample 17...
Starting computation...
    Writing took     6.510071 ms
    Computation took 293.702814 ms
    Reading took     322.758000 us
  Sample 18...
Starting computation...
    Writing took     6.452791 ms
    Computation took 293.348173 ms
    Reading took     239.744000 us
  Sample 19...
Starting computation...
    Writing took     6.710399 ms
    Computation took 293.275254 ms
    Reading took     390.374000 us
  Sample 20...
Starting computation...
    Writing took     11.416092 ms
    Computation took 293.406398 ms
    Reading took     238.972000 us
  Sample 21...
Starting computation...
    Writing took     6.501724 ms
    Computation took 293.445238 ms
    Reading took     230.128000 us
  Sample 22...
Starting computation...
    Writing took     6.268530 ms
    Computation took 293.588646 ms
    Reading took     238.123000 us
  Sample 23...
Starting computation...
    Writing took     6.523552 ms
    Computation took 293.531514 ms
    Reading took     238.666000 us
  Sample 24...
Starting computation...
    Writing took     6.518411 ms
    Computation took 293.454409 ms
    Reading took     222.745000 us
  Sample 25...
Starting computation...
    Writing took     6.108054 ms
    Computation took 293.509045 ms
    Reading took     299.127000 us
  Sample 26...
Starting computation...
    Writing took     6.668309 ms
    Computation took 293.474634 ms
    Reading took     236.392000 us
  Sample 27...
Starting computation...
    Writing took     6.519660 ms
    Computation took 293.553469 ms
    Reading took     229.837000 us
  Sample 28...
Starting computation...
    Writing took     6.345248 ms
    Computation took 293.564066 ms
    Reading took     288.572000 us
  Sample 29...
Starting computation...
    Writing took     8.040459 ms
    Computation took 293.280414 ms
    Reading took     323.075000 us
  Sample 30...
Starting computation...
    Writing took     7.793179 ms
    Computation took 293.603228 ms
    Reading took     238.730000 us
  Sample 31...
Starting computation...
    Writing took     6.505186 ms
    Computation took 293.690820 ms
    Reading took     241.861000 us
  Sample 32...
Starting computation...
    Writing took     6.682876 ms
    Computation took 293.686324 ms
    Reading took     236.177000 us
  Sample 33...
Starting computation...
    Writing took     6.433880 ms
    Computation took 293.731179 ms
    Reading took     238.060000 us
  Sample 34...
Starting computation...
    Writing took     6.490288 ms
    Computation took 293.635552 ms
    Reading took     240.260000 us
  Sample 35...
Starting computation...
    Writing took     6.488503 ms
    Computation took 293.785021 ms
    Reading took     272.298000 us
  Sample 36...
Starting computation...
    Writing took     7.157953 ms
    Computation took 293.763466 ms
    Reading took     427.485000 us
  Sample 37...
Starting computation...
    Writing took     12.203809 ms
    Computation took 293.826144 ms
    Reading took     251.958000 us
  Sample 38...
Starting computation...
    Writing took     6.571893 ms
    Computation took 293.855224 ms
    Reading took     250.820000 us
  Sample 39...
Starting computation...
    Writing took     6.589962 ms
    Computation took 293.634697 ms
    Reading took     250.481000 us
  Sample 40...
Starting computation...
    Writing took     6.620409 ms
    Computation took 293.829187 ms
    Reading took     250.283000 us
  Sample 41...
Starting computation...
    Writing took     6.376064 ms
    Computation took 293.779522 ms
    Reading took     249.520000 us
  Sample 42...
Starting computation...
    Writing took     6.517677 ms
    Computation took 293.840819 ms
    Reading took     249.823000 us
  Sample 43...
Starting computation...
    Writing took     6.565138 ms
    Computation took 293.626861 ms
    Reading took     363.015000 us
  Sample 44...
Starting computation...
    Writing took     8.042053 ms
    Computation took 293.480890 ms
    Reading took     252.286000 us
  Sample 45...
Starting computation...
    Writing took     6.568973 ms
    Computation took 294.339052 ms
    Reading took     301.018000 us
  Sample 46...
Starting computation...
    Writing took     6.176064 ms
    Computation took 298.001881 ms
    Reading took     245.404000 us
  Sample 47...
Starting computation...
    Writing took     5.799862 ms
    Computation took 299.716804 ms
    Reading took     248.511000 us
  Sample 48...
Starting computation...
    Writing took     6.573653 ms
    Computation took 299.725503 ms
    Reading took     249.810000 us
  Sample 49...
Starting computation...
    Writing took     6.513415 ms
    Computation took 298.403147 ms
    Reading took     241.436000 us
  Sample 50...
Starting computation...
    Writing took     6.398601 ms
    Computation took 296.917234 ms
    Reading took     234.730000 us
  Sample 51...
Starting computation...
    Writing took     6.308631 ms
    Computation took 295.527905 ms
    Reading took     250.548000 us
  Sample 52...
Starting computation...
    Writing took     6.568418 ms
    Computation took 294.598546 ms
    Reading took     233.195000 us
  Sample 53...
Starting computation...
    Writing took     6.032149 ms
    Computation took 293.961287 ms
    Reading took     234.752000 us
  Sample 54...
Starting computation...
    Writing took     5.858185 ms
    Computation took 293.853363 ms
    Reading took     227.078000 us
  Sample 55...
Starting computation...
    Writing took     5.831554 ms
    Computation took 294.579845 ms
    Reading took     214.231000 us
  Sample 56...
Starting computation...
    Writing took     5.477875 ms
    Computation took 294.773231 ms
    Reading took     222.336000 us
  Sample 57...
Starting computation...
    Writing took     5.603986 ms
    Computation took 294.229544 ms
    Reading took     238.793000 us
  Sample 58...
Starting computation...
    Writing took     6.522632 ms
    Computation took 294.492955 ms
    Reading took     313.426000 us
  Sample 59...
Starting computation...
    Writing took     6.859513 ms
    Computation took 294.893786 ms
    Reading took     386.016000 us
  Sample 60...
Starting computation...
    Writing took     9.453934 ms
    Computation took 294.836620 ms
    Reading took     231.907000 us
  Sample 61...
Starting computation...
    Writing took     6.313929 ms
    Computation took 294.068950 ms
    Reading took     237.751000 us
  Sample 62...
Starting computation...
    Writing took     6.529757 ms
    Computation took 293.781511 ms
    Reading took     253.313000 us
  Sample 63...
Starting computation...
    Writing took     6.342724 ms
    Computation took 294.580823 ms
    Reading took     230.748000 us
  Sample 64...
Starting computation...
    Writing took     6.208996 ms
    Computation took 295.175241 ms
    Reading took     273.431000 us
  Sample 65...
Starting computation...
    Writing took     7.207952 ms
    Computation took 294.665983 ms
    Reading took     253.647000 us
  Sample 66...
Starting computation...
    Writing took     7.007480 ms
    Computation took 294.910458 ms
    Reading took     256.880000 us
  Sample 67...
Starting computation...
    Writing took     6.863097 ms
    Computation took 295.581628 ms
    Reading took     229.819000 us
  Sample 68...
Starting computation...
    Writing took     6.258181 ms
    Computation took 296.256502 ms
    Reading took     235.440000 us
  Sample 69...
Starting computation...
    Writing took     6.487685 ms
    Computation took 297.842040 ms
    Reading took     239.109000 us
  Sample 70...
Starting computation...
    Writing took     6.504313 ms
    Computation took 298.683845 ms
    Reading took     415.120000 us
  Sample 71...
Starting computation...
    Writing took     10.629611 ms
    Computation took 304.438322 ms
    Reading took     238.481000 us
  Sample 72...
Starting computation...
    Writing took     6.534905 ms
    Computation took 305.937292 ms
    Reading took     239.184000 us
  Sample 73...
Starting computation...
    Writing took     6.293166 ms
    Computation took 304.437928 ms
    Reading took     238.735000 us
  Sample 74...
Starting computation...
    Writing took     6.502500 ms
    Computation took 301.732349 ms
    Reading took     239.140000 us
  Sample 75...
Starting computation...
    Writing took     7.871241 ms
    Computation took 299.014814 ms
    Reading took     238.219000 us
  Sample 76...
Starting computation...
    Writing took     6.501895 ms
    Computation took 297.841121 ms
    Reading took     223.248000 us
  Sample 77...
Starting computation...
    Writing took     6.045887 ms
    Computation took 296.938773 ms
    Reading took     224.776000 us
  Sample 78...
Starting computation...
    Writing took     6.099717 ms
    Computation took 295.939385 ms
    Reading took     245.439000 us
  Sample 79...
Starting computation...
    Writing took     5.929711 ms
    Computation took 295.352196 ms
    Reading took     311.210000 us
  Sample 80...
Starting computation...
    Writing took     8.699608 ms
    Computation took 294.193436 ms
    Reading took     257.205000 us
  Sample 81...
Starting computation...
    Writing took     7.072944 ms
    Computation took 293.484692 ms
    Reading took     257.218000 us
  Sample 82...
Starting computation...
    Writing took     7.120589 ms
    Computation took 294.171356 ms
    Reading took     231.102000 us
  Sample 83...
Starting computation...
    Writing took     6.336246 ms
    Computation took 294.636824 ms
    Reading took     245.600000 us
  Sample 84...
Starting computation...
    Writing took     6.916003 ms
    Computation took 294.969254 ms
    Reading took     237.690000 us
  Sample 85...
Starting computation...
    Writing took     6.895019 ms
    Computation took 295.265766 ms
    Reading took     246.253000 us
  Sample 86...
Starting computation...
    Writing took     6.493545 ms
    Computation took 295.740926 ms
    Reading took     317.867000 us
  Sample 87...
Starting computation...
    Writing took     6.596545 ms
    Computation took 295.620617 ms
    Reading took     231.277000 us
  Sample 88...
Starting computation...
    Writing took     6.459990 ms
    Computation took 296.086217 ms
    Reading took     224.269000 us
  Sample 89...
Starting computation...
    Writing took     6.974700 ms
    Computation took 295.342373 ms
    Reading took     259.027000 us
  Sample 90...
Starting computation...
    Writing took     7.068207 ms
    Computation took 294.910262 ms
    Reading took     231.182000 us
  Sample 91...
Starting computation...
    Writing took     6.251874 ms
    Computation took 294.112278 ms
    Reading took     230.313000 us
  Sample 92...
Starting computation...
    Writing took     6.086199 ms
    Computation took 294.181154 ms
    Reading took     235.275000 us
  Sample 93...
Starting computation...
    Writing took     5.941071 ms
    Computation took 294.557447 ms
    Reading took     226.083000 us
  Sample 94...
Starting computation...
    Writing took     6.107705 ms
    Computation took 295.383612 ms
    Reading took     217.170000 us
  Sample 95...
Starting computation...
    Writing took     5.898952 ms
    Computation took 296.461165 ms
    Reading took     239.576000 us
  Sample 96...
Starting computation...
    Writing took     6.479961 ms
    Computation took 296.951898 ms
    Reading took     428.539000 us
  Sample 97...
Starting computation...
    Writing took     11.703937 ms
    Computation took 296.098794 ms
    Reading took     257.436000 us
  Sample 98...
Starting computation...
    Writing took     7.096440 ms
    Computation took 296.882236 ms
    Reading took     256.502000 us
  Sample 99...
Starting computation...
    Writing took     7.078855 ms
    Computation took 297.700663 ms
    Reading took     239.898000 us
Mean computation time: 295.065712 ms
Mean deviation: 1.679221 ms (0.569101%)
Mean computation time (per hash): 3.353018 ms
Mean deviation (per hash): 19.081000 us
