Using device #0: CUDA Device 'GeForce GTX 1080 Ti'
  Sample 0...
Starting computation...
    Writing took     2.698049 ms
    Computation took 202.997711 ms
    Reading took     51.400000 us
  Sample 1...
Starting computation...
    Writing took     1.174203 ms
    Computation took 203.413718 ms
    Reading took     45.674000 us
  Sample 2...
Starting computation...
    Writing took     1.185180 ms
    Computation took 202.428276 ms
    Reading took     46.839000 us
  Sample 3...
Starting computation...
    Writing took     1.180096 ms
    Computation took 202.683472 ms
    Reading took     50.358000 us
  Sample 4...
Starting computation...
    Writing took     1.300245 ms
    Computation took 202.693356 ms
    Reading took     57.840000 us
  Sample 5...
Starting computation...
    Writing took     1.518818 ms
    Computation took 202.792371 ms
    Reading took     54.996000 us
  Sample 6...
Starting computation...
    Writing took     1.498360 ms
    Computation took 202.761108 ms
    Reading took     53.213000 us
  Sample 7...
Starting computation...
    Writing took     1.329876 ms
    Computation took 202.534825 ms
    Reading took     56.282000 us
  Sample 8...
Starting computation...
    Writing took     1.438996 ms
    Computation took 202.546137 ms
    Reading took     57.425000 us
  Sample 9...
Starting computation...
    Writing took     1.465615 ms
    Computation took 202.292921 ms
    Reading took     53.145000 us
  Sample 10...
Starting computation...
    Writing took     1.380615 ms
    Computation took 202.389706 ms
    Reading took     52.561000 us
  Sample 11...
Starting computation...
    Writing took     1.436317 ms
    Computation took 202.642524 ms
    Reading took     55.563000 us
  Sample 12...
Starting computation...
    Writing took     1.370497 ms
    Computation took 202.666476 ms
    Reading took     52.057000 us
  Sample 13...
Starting computation...
    Writing took     1.330827 ms
    Computation took 202.482258 ms
    Reading took     57.950000 us
  Sample 14...
Starting computation...
    Writing took     1.504367 ms
    Computation took 202.441367 ms
    Reading took     55.501000 us
  Sample 15...
Starting computation...
    Writing took     1.216171 ms
    Computation took 202.404216 ms
    Reading took     55.301000 us
  Sample 16...
Starting computation...
    Writing took     1.208634 ms
    Computation took 202.548155 ms
    Reading took     48.524000 us
  Sample 17...
Starting computation...
    Writing took     1.137373 ms
    Computation took 202.422591 ms
    Reading took     51.649000 us
  Sample 18...
Starting computation...
    Writing took     1.305789 ms
    Computation took 202.406968 ms
    Reading took     51.948000 us
  Sample 19...
Starting computation...
    Writing took     1.205678 ms
    Computation took 202.593040 ms
    Reading took     50.242000 us
  Sample 20...
Starting computation...
    Writing took     1.182298 ms
    Computation took 202.409776 ms
    Reading took     54.574000 us
  Sample 21...
Starting computation...
    Writing took     1.328773 ms
    Computation took 202.553173 ms
    Reading took     51.660000 us
  Sample 22...
Starting computation...
    Writing took     1.190300 ms
    Computation took 202.434712 ms
    Reading took     53.286000 us
  Sample 23...
Starting computation...
    Writing took     1.177067 ms
    Computation took 203.329586 ms
    Reading took     52.334000 us
  Sample 24...
Starting computation...
    Writing took     1.248635 ms
    Computation took 202.952540 ms
    Reading took     52.439000 us
  Sample 25...
Starting computation...
    Writing took     1.209046 ms
    Computation took 202.312492 ms
    Reading took     48.293000 us
  Sample 26...
Starting computation...
    Writing took     1.127133 ms
    Computation took 202.407221 ms
    Reading took     82.016000 us
  Sample 27...
Starting computation...
    Writing took     2.158810 ms
    Computation took 202.771696 ms
    Reading took     51.578000 us
  Sample 28...
Starting computation...
    Writing took     1.197375 ms
    Computation took 203.312114 ms
    Reading took     70.400000 us
  Sample 29...
Starting computation...
    Writing took     1.227989 ms
    Computation took 202.460692 ms
    Reading took     54.211000 us
  Sample 30...
Starting computation...
    Writing took     1.336153 ms
    Computation took 202.635010 ms
    Reading took     51.043000 us
  Sample 31...
Starting computation...
    Writing took     1.246288 ms
    Computation took 202.515671 ms
    Reading took     51.670000 us
  Sample 32...
Starting computation...
    Writing took     1.257434 ms
    Computation took 202.492094 ms
    Reading took     50.540000 us
  Sample 33...
Starting computation...
    Writing took     1.249344 ms
    Computation took 202.369731 ms
    Reading took     88.545000 us
  Sample 34...
Starting computation...
    Writing took     2.624637 ms
    Computation took 202.941103 ms
    Reading took     58.384000 us
  Sample 35...
Starting computation...
    Writing took     1.502592 ms
    Computation took 202.432015 ms
    Reading took     58.708000 us
  Sample 36...
Starting computation...
    Writing took     1.508081 ms
    Computation took 202.565006 ms
    Reading took     59.183000 us
  Sample 37...
Starting computation...
    Writing took     1.510419 ms
    Computation took 202.477355 ms
    Reading took     56.864000 us
  Sample 38...
Starting computation...
    Writing took     1.492471 ms
    Computation took 202.501035 ms
    Reading took     60.197000 us
  Sample 39...
Starting computation...
    Writing took     1.512985 ms
    Computation took 203.025659 ms
    Reading took     57.696000 us
  Sample 40...
Starting computation...
    Writing took     1.502192 ms
    Computation took 202.386137 ms
    Reading took     59.410000 us
  Sample 41...
Starting computation...
    Writing took     1.496977 ms
    Computation took 202.729916 ms
    Reading took     58.739000 us
  Sample 42...
Starting computation...
    Writing took     1.522670 ms
    Computation took 202.660090 ms
    Reading took     58.359000 us
  Sample 43...
Starting computation...
    Writing took     1.391459 ms
    Computation took 202.657194 ms
    Reading took     46.989000 us
  Sample 44...
Starting computation...
    Writing took     1.170574 ms
    Computation took 202.583784 ms
    Reading took     46.166000 us
  Sample 45...
Starting computation...
    Writing took     1.129367 ms
    Computation took 202.497852 ms
    Reading took     48.301000 us
  Sample 46...
Starting computation...
    Writing took     1.171612 ms
    Computation took 202.413265 ms
    Reading took     46.642000 us
  Sample 47...
Starting computation...
    Writing took     1.133522 ms
    Computation took 202.413341 ms
    Reading took     50.559000 us
  Sample 48...
Starting computation...
    Writing took     1.246825 ms
    Computation took 203.085905 ms
    Reading took     46.931000 us
  Sample 49...
Starting computation...
    Writing took     1.165392 ms
    Computation took 203.281266 ms
    Reading took     45.106000 us
  Sample 50...
Starting computation...
    Writing took     1.127082 ms
    Computation took 203.288469 ms
    Reading took     46.059000 us
  Sample 51...
Starting computation...
    Writing took     1.127320 ms
    Computation took 203.063542 ms
    Reading took     46.726000 us
  Sample 52...
Starting computation...
    Writing took     1.210806 ms
    Computation took 203.040023 ms
    Reading took     44.501000 us
  Sample 53...
Starting computation...
    Writing took     1.132579 ms
    Computation took 203.328292 ms
    Reading took     47.514000 us
  Sample 54...
Starting computation...
    Writing took     1.250153 ms
    Computation took 203.126816 ms
    Reading took     44.830000 us
  Sample 55...
Starting computation...
    Writing took     1.125839 ms
    Computation took 203.067235 ms
    Reading took     48.699000 us
  Sample 56...
Starting computation...
    Writing took     1.241486 ms
    Computation took 203.090928 ms
    Reading took     51.924000 us
  Sample 57...
Starting computation...
    Writing took     1.251691 ms
    Computation took 203.046486 ms
    Reading took     54.189000 us
  Sample 58...
Starting computation...
    Writing took     1.391220 ms
    Computation took 203.131539 ms
    Reading took     57.212000 us
  Sample 59...
Starting computation...
    Writing took     1.484632 ms
    Computation took 203.196068 ms
    Reading took     69.616000 us
  Sample 60...
Starting computation...
    Writing took     1.496406 ms
    Computation took 203.035712 ms
    Reading took     60.690000 us
  Sample 61...
Starting computation...
    Writing took     1.483809 ms
    Computation took 203.127929 ms
    Reading took     48.041000 us
  Sample 62...
Starting computation...
    Writing took     1.164884 ms
    Computation took 204.539446 ms
    Reading took     57.259000 us
  Sample 63...
Starting computation...
    Writing took     1.507125 ms
    Computation took 203.376860 ms
    Reading took     61.049000 us
  Sample 64...
Starting computation...
    Writing took     1.515860 ms
    Computation took 203.379323 ms
    Reading took     56.914000 us
  Sample 65...
Starting computation...
    Writing took     1.524654 ms
    Computation took 204.092179 ms
    Reading took     59.676000 us
  Sample 66...
Starting computation...
    Writing took     1.505597 ms
    Computation took 203.261652 ms
    Reading took     57.899000 us
  Sample 67...
Starting computation...
    Writing took     1.499816 ms
    Computation took 203.185052 ms
    Reading took     58.377000 us
  Sample 68...
Starting computation...
    Writing took     1.524208 ms
    Computation took 203.473697 ms
    Reading took     73.931000 us
  Sample 69...
Starting computation...
    Writing took     1.827043 ms
    Computation took 204.203635 ms
    Reading took     55.680000 us
  Sample 70...
Starting computation...
    Writing took     1.351412 ms
    Computation took 203.227982 ms
    Reading took     54.425000 us
  Sample 71...
Starting computation...
    Writing took     1.401399 ms
    Computation took 203.023202 ms
    Reading took     57.279000 us
  Sample 72...
Starting computation...
    Writing took     1.353578 ms
    Computation took 203.222417 ms
    Reading took     60.013000 us
  Sample 73...
Starting computation...
    Writing took     1.423756 ms
    Computation took 203.071459 ms
    Reading took     55.143000 us
  Sample 74...
Starting computation...
    Writing took     1.294333 ms
    Computation took 203.041677 ms
    Reading took     54.749000 us
  Sample 75...
Starting computation...
    Writing took     1.306924 ms
    Computation took 203.147522 ms
    Reading took     58.803000 us
  Sample 76...
Starting computation...
    Writing took     1.400780 ms
    Computation took 203.028457 ms
    Reading took     53.175000 us
  Sample 77...
Starting computation...
    Writing took     1.248096 ms
    Computation took 203.054294 ms
    Reading took     56.583000 us
  Sample 78...
Starting computation...
    Writing took     1.334465 ms
    Computation took 203.142357 ms
    Reading took     54.218000 us
  Sample 79...
Starting computation...
    Writing took     1.360479 ms
    Computation took 203.070110 ms
    Reading took     52.210000 us
  Sample 80...
Starting computation...
    Writing took     1.308332 ms
    Computation took 203.654502 ms
    Reading took     53.416000 us
  Sample 81...
Starting computation...
    Writing took     1.260669 ms
    Computation took 203.020569 ms
    Reading took     53.568000 us
  Sample 82...
Starting computation...
    Writing took     1.266679 ms
    Computation took 203.220179 ms
    Reading took     51.964000 us
  Sample 83...
Starting computation...
    Writing took     1.181000 ms
    Computation took 203.288220 ms
    Reading took     59.267000 us
  Sample 84...
Starting computation...
    Writing took     1.256553 ms
    Computation took 203.110811 ms
    Reading took     56.100000 us
  Sample 85...
Starting computation...
    Writing took     1.337264 ms
    Computation took 203.117491 ms
    Reading took     51.191000 us
  Sample 86...
Starting computation...
    Writing took     1.251654 ms
    Computation took 203.244484 ms
    Reading took     54.814000 us
  Sample 87...
Starting computation...
    Writing took     1.320539 ms
    Computation took 203.050779 ms
    Reading took     63.238000 us
  Sample 88...
Starting computation...
    Writing took     1.510252 ms
    Computation took 204.119507 ms
    Reading took     47.716000 us
  Sample 89...
Starting computation...
    Writing took     1.226911 ms
    Computation took 203.139568 ms
    Reading took     45.272000 us
  Sample 90...
Starting computation...
    Writing took     1.126193 ms
    Computation took 203.460766 ms
    Reading took     47.505000 us
  Sample 91...
Starting computation...
    Writing took     1.216432 ms
    Computation took 203.091484 ms
    Reading took     83.968000 us
  Sample 92...
Starting computation...
    Writing took     2.213503 ms
    Computation took 203.096459 ms
    Reading took     45.798000 us
  Sample 93...
Starting computation...
    Writing took     1.124129 ms
    Computation took 203.171121 ms
    Reading took     49.343000 us
  Sample 94...
Starting computation...
    Writing took     1.244800 ms
    Computation took 203.138954 ms
    Reading took     49.226000 us
  Sample 95...
Starting computation...
    Writing took     1.247036 ms
    Computation took 203.304378 ms
    Reading took     49.569000 us
  Sample 96...
Starting computation...
    Writing took     1.248185 ms
    Computation took 204.329441 ms
    Reading took     60.888000 us
  Sample 97...
Starting computation...
    Writing took     1.510582 ms
    Computation took 203.211275 ms
    Reading took     59.714000 us
  Sample 98...
Starting computation...
    Writing took     1.512544 ms
    Computation took 203.470965 ms
    Reading took     58.942000 us
  Sample 99...
Starting computation...
    Writing took     1.511212 ms
    Computation took 203.318097 ms
    Reading took     58.213000 us
Mean computation time: 202.963920 ms
Mean deviation: 362.918000 us (0.178809%)
Mean computation time (per hash): 10.148195 ms
Mean deviation (per hash): 18.145000 us
