Using device #0: CUDA Device 'GeForce GTX 1080 Ti'
  Sample 0...
Starting computation...
    Writing took     4.232899 ms
    Computation took 218.333291 ms
    Reading took     265.165000 us
  Sample 1...
Starting computation...
    Writing took     7.186675 ms
    Computation took 218.399166 ms
    Reading took     156.750000 us
  Sample 2...
Starting computation...
    Writing took     4.199146 ms
    Computation took 218.374928 ms
    Reading took     249.970000 us
  Sample 3...
Starting computation...
    Writing took     7.110444 ms
    Computation took 218.402348 ms
    Reading took     154.116000 us
  Sample 4...
Starting computation...
    Writing took     4.178377 ms
    Computation took 218.257349 ms
    Reading took     156.182000 us
  Sample 5...
Starting computation...
    Writing took     4.172640 ms
    Computation took 218.400019 ms
    Reading took     161.139000 us
  Sample 6...
Starting computation...
    Writing took     4.231442 ms
    Computation took 218.377160 ms
    Reading took     166.007000 us
  Sample 7...
Starting computation...
    Writing took     4.210856 ms
    Computation took 218.341174 ms
    Reading took     153.387000 us
  Sample 8...
Starting computation...
    Writing took     4.222398 ms
    Computation took 218.318121 ms
    Reading took     155.880000 us
  Sample 9...
Starting computation...
    Writing took     4.189458 ms
    Computation took 218.303245 ms
    Reading took     248.206000 us
  Sample 10...
Starting computation...
    Writing took     7.215003 ms
    Computation took 218.401258 ms
    Reading took     155.885000 us
  Sample 11...
Starting computation...
    Writing took     4.192093 ms
    Computation took 218.355036 ms
    Reading took     154.336000 us
  Sample 12...
Starting computation...
    Writing took     4.226112 ms
    Computation took 218.349541 ms
    Reading took     125.038000 us
  Sample 13...
Starting computation...
    Writing took     3.328911 ms
    Computation took 218.285480 ms
    Reading took     214.138000 us
  Sample 14...
Starting computation...
    Writing took     5.197348 ms
    Computation took 218.311437 ms
    Reading took     245.523000 us
  Sample 15...
Starting computation...
    Writing took     7.149184 ms
    Computation took 218.393484 ms
    Reading took     247.666000 us
  Sample 16...
Starting computation...
    Writing took     7.106088 ms
    Computation took 218.304052 ms
    Reading took     208.236000 us
  Sample 17...
Starting computation...
    Writing took     5.279297 ms
    Computation took 218.364820 ms
    Reading took     176.581000 us
  Sample 18...
Starting computation...
    Writing took     4.536346 ms
    Computation took 218.289867 ms
    Reading took     175.609000 us
  Sample 19...
Starting computation...
    Writing took     4.574095 ms
    Computation took 218.230711 ms
    Reading took     287.244000 us
  Sample 20...
Starting computation...
    Writing took     6.084458 ms
    Computation took 218.272940 ms
    Reading took     241.409000 us
  Sample 21...
Starting computation...
    Writing took     5.975453 ms
    Computation took 218.235731 ms
    Reading took     166.889000 us
  Sample 22...
Starting computation...
    Writing took     4.258500 ms
    Computation took 218.271085 ms
    Reading took     169.676000 us
  Sample 23...
Starting computation...
    Writing took     4.231967 ms
    Computation took 218.545699 ms
    Reading took     167.561000 us
  Sample 24...
Starting computation...
    Writing took     4.204135 ms
    Computation took 218.675008 ms
    Reading took     246.302000 us
  Sample 25...
Starting computation...
    Writing took     7.159518 ms
    Computation took 218.812420 ms
    Reading took     166.438000 us
  Sample 26...
Starting computation...
    Writing took     4.290628 ms
    Computation took 218.721842 ms
    Reading took     166.104000 us
  Sample 27...
Starting computation...
    Writing took     4.198183 ms
    Computation took 218.727209 ms
    Reading took     157.050000 us
  Sample 28...
Starting computation...
    Writing took     3.914099 ms
    Computation took 218.722121 ms
    Reading took     141.327000 us
  Sample 29...
Starting computation...
    Writing took     3.465169 ms
    Computation took 218.737986 ms
    Reading took     150.556000 us
  Sample 30...
Starting computation...
    Writing took     3.302348 ms
    Computation took 218.682396 ms
    Reading took     144.404000 us
  Sample 31...
Starting computation...
    Writing took     3.657163 ms
    Computation took 218.756945 ms
    Reading took     142.352000 us
  Sample 32...
Starting computation...
    Writing took     3.635377 ms
    Computation took 218.601657 ms
    Reading took     143.461000 us
  Sample 33...
Starting computation...
    Writing took     3.539583 ms
    Computation took 218.689834 ms
    Reading took     154.699000 us
  Sample 34...
Starting computation...
    Writing took     4.202720 ms
    Computation took 218.742510 ms
    Reading took     164.437000 us
  Sample 35...
Starting computation...
    Writing took     4.192580 ms
    Computation took 218.747350 ms
    Reading took     153.644000 us
  Sample 36...
Starting computation...
    Writing took     4.165157 ms
    Computation took 218.739771 ms
    Reading took     166.836000 us
  Sample 37...
Starting computation...
    Writing took     4.166220 ms
    Computation took 218.731260 ms
    Reading took     153.570000 us
  Sample 38...
Starting computation...
    Writing took     4.169752 ms
    Computation took 218.756358 ms
    Reading took     236.533000 us
  Sample 39...
Starting computation...
    Writing took     7.095773 ms
    Computation took 218.722384 ms
    Reading took     154.173000 us
  Sample 40...
Starting computation...
    Writing took     4.169732 ms
    Computation took 218.794409 ms
    Reading took     155.684000 us
  Sample 41...
Starting computation...
    Writing took     4.154380 ms
    Computation took 218.690725 ms
    Reading took     165.899000 us
  Sample 42...
Starting computation...
    Writing took     4.184713 ms
    Computation took 218.723773 ms
    Reading took     165.320000 us
  Sample 43...
Starting computation...
    Writing took     4.182551 ms
    Computation took 218.827687 ms
    Reading took     152.523000 us
  Sample 44...
Starting computation...
    Writing took     4.193131 ms
    Computation took 218.676348 ms
    Reading took     154.199000 us
  Sample 45...
Starting computation...
    Writing took     4.174206 ms
    Computation took 218.770154 ms
    Reading took     155.596000 us
  Sample 46...
Starting computation...
    Writing took     4.178433 ms
    Computation took 218.760784 ms
    Reading took     163.667000 us
  Sample 47...
Starting computation...
    Writing took     4.185538 ms
    Computation took 218.667281 ms
    Reading took     153.752000 us
  Sample 48...
Starting computation...
    Writing took     4.200032 ms
    Computation took 218.793886 ms
    Reading took     154.876000 us
  Sample 49...
Starting computation...
    Writing took     4.174973 ms
    Computation took 218.667366 ms
    Reading took     156.006000 us
  Sample 50...
Starting computation...
    Writing took     4.189698 ms
    Computation took 218.731624 ms
    Reading took     156.729000 us
  Sample 51...
Starting computation...
    Writing took     4.180887 ms
    Computation took 218.737200 ms
    Reading took     152.727000 us
  Sample 52...
Starting computation...
    Writing took     4.174739 ms
    Computation took 218.763405 ms
    Reading took     154.782000 us
  Sample 53...
Starting computation...
    Writing took     4.185750 ms
    Computation took 218.714719 ms
    Reading took     155.228000 us
  Sample 54...
Starting computation...
    Writing took     4.186152 ms
    Computation took 219.487855 ms
    Reading took     153.159000 us
  Sample 55...
Starting computation...
    Writing took     4.134713 ms
    Computation took 219.536145 ms
    Reading took     153.293000 us
  Sample 56...
Starting computation...
    Writing took     4.163564 ms
    Computation took 219.567657 ms
    Reading took     156.919000 us
  Sample 57...
Starting computation...
    Writing took     4.149520 ms
    Computation took 219.562344 ms
    Reading took     153.126000 us
  Sample 58...
Starting computation...
    Writing took     4.160380 ms
    Computation took 219.509004 ms
    Reading took     130.152000 us
  Sample 59...
Starting computation...
    Writing took     3.344375 ms
    Computation took 219.558469 ms
    Reading took     124.421000 us
  Sample 60...
Starting computation...
    Writing took     3.234862 ms
    Computation took 219.471676 ms
    Reading took     132.488000 us
  Sample 61...
Starting computation...
    Writing took     3.484470 ms
    Computation took 219.461031 ms
    Reading took     138.430000 us
  Sample 62...
Starting computation...
    Writing took     3.204581 ms
    Computation took 219.515578 ms
    Reading took     154.701000 us
  Sample 63...
Starting computation...
    Writing took     4.236552 ms
    Computation took 219.584367 ms
    Reading took     154.690000 us
  Sample 64...
Starting computation...
    Writing took     4.146608 ms
    Computation took 219.522027 ms
    Reading took     126.230000 us
  Sample 65...
Starting computation...
    Writing took     3.233327 ms
    Computation took 219.443288 ms
    Reading took     238.693000 us
  Sample 66...
Starting computation...
    Writing took     6.904776 ms
    Computation took 219.537831 ms
    Reading took     132.560000 us
  Sample 67...
Starting computation...
    Writing took     3.515582 ms
    Computation took 219.510499 ms
    Reading took     235.283000 us
  Sample 68...
Starting computation...
    Writing took     6.803197 ms
    Computation took 219.582125 ms
    Reading took     153.496000 us
  Sample 69...
Starting computation...
    Writing took     4.171179 ms
    Computation took 219.491641 ms
    Reading took     159.731000 us
  Sample 70...
Starting computation...
    Writing took     4.193480 ms
    Computation took 219.442409 ms
    Reading took     155.471000 us
  Sample 71...
Starting computation...
    Writing took     4.275628 ms
    Computation took 219.587376 ms
    Reading took     157.235000 us
  Sample 72...
Starting computation...
    Writing took     4.182450 ms
    Computation took 219.562627 ms
    Reading took     155.810000 us
  Sample 73...
Starting computation...
    Writing took     4.177163 ms
    Computation took 219.457237 ms
    Reading took     155.350000 us
  Sample 74...
Starting computation...
    Writing took     4.188912 ms
    Computation took 219.495035 ms
    Reading took     126.023000 us
  Sample 75...
Starting computation...
    Writing took     3.369352 ms
    Computation took 219.481851 ms
    Reading took     130.872000 us
  Sample 76...
Starting computation...
    Writing took     3.255534 ms
    Computation took 219.514160 ms
    Reading took     123.203000 us
  Sample 77...
Starting computation...
    Writing took     3.367446 ms
    Computation took 219.464466 ms
    Reading took     121.723000 us
  Sample 78...
Starting computation...
    Writing took     3.217057 ms
    Computation took 219.457122 ms
    Reading took     129.473000 us
  Sample 79...
Starting computation...
    Writing took     3.464825 ms
    Computation took 219.578407 ms
    Reading took     289.824000 us
  Sample 80...
Starting computation...
    Writing took     8.343035 ms
    Computation took 219.623903 ms
    Reading took     168.782000 us
  Sample 81...
Starting computation...
    Writing took     4.557444 ms
    Computation took 219.585200 ms
    Reading took     253.617000 us
  Sample 82...
Starting computation...
    Writing took     7.647564 ms
    Computation took 219.488146 ms
    Reading took     152.783000 us
  Sample 83...
Starting computation...
    Writing took     4.171907 ms
    Computation took 219.528773 ms
    Reading took     157.424000 us
  Sample 84...
Starting computation...
    Writing took     4.180114 ms
    Computation took 219.454944 ms
    Reading took     155.083000 us
  Sample 85...
Starting computation...
    Writing took     4.158547 ms
    Computation took 219.614659 ms
    Reading took     151.460000 us
  Sample 86...
Starting computation...
    Writing took     4.173195 ms
    Computation took 219.515914 ms
    Reading took     155.389000 us
  Sample 87...
Starting computation...
    Writing took     4.192753 ms
    Computation took 219.532010 ms
    Reading took     152.680000 us
  Sample 88...
Starting computation...
    Writing took     4.239515 ms
    Computation took 219.582627 ms
    Reading took     142.809000 us
  Sample 89...
Starting computation...
    Writing took     3.409098 ms
    Computation took 219.474121 ms
    Reading took     123.200000 us
  Sample 90...
Starting computation...
    Writing took     3.224142 ms
    Computation took 219.509028 ms
    Reading took     121.116000 us
  Sample 91...
Starting computation...
    Writing took     3.162680 ms
    Computation took 219.618297 ms
    Reading took     131.827000 us
  Sample 92...
Starting computation...
    Writing took     3.457646 ms
    Computation took 219.577176 ms
    Reading took     147.056000 us
  Sample 93...
Starting computation...
    Writing took     3.448156 ms
    Computation took 219.544959 ms
    Reading took     131.962000 us
  Sample 94...
Starting computation...
    Writing took     3.543195 ms
    Computation took 219.968815 ms
    Reading took     132.992000 us
  Sample 95...
Starting computation...
    Writing took     3.459317 ms
    Computation took 220.086032 ms
    Reading took     124.689000 us
  Sample 96...
Starting computation...
    Writing took     3.274684 ms
    Computation took 220.088768 ms
    Reading took     134.230000 us
  Sample 97...
Starting computation...
    Writing took     3.701603 ms
    Computation took 220.143756 ms
    Reading took     139.346000 us
  Sample 98...
Starting computation...
    Writing took     3.755761 ms
    Computation took 220.041003 ms
    Reading took     131.819000 us
  Sample 99...
Starting computation...
    Writing took     3.427634 ms
    Computation took 220.048137 ms
    Reading took     124.060000 us
Mean computation time: 219.034128 ms
Mean deviation: 516.771000 us (0.235932%)
Mean computation time (per hash): 3.911323 ms
Mean deviation (per hash): 9.228000 us
