Using device #0: CUDA Device 'GeForce GTX 1080 Ti'
  Sample 0...
Starting computation...
    Writing took     9.612966 ms
    Computation took 277.280006 ms
    Reading took     234.491000 us
  Sample 1...
Starting computation...
    Writing took     6.269390 ms
    Computation took 276.248170 ms
    Reading took     245.924000 us
  Sample 2...
Starting computation...
    Writing took     6.318983 ms
    Computation took 277.173993 ms
    Reading took     211.570000 us
  Sample 3...
Starting computation...
    Writing took     6.151598 ms
    Computation took 276.515011 ms
    Reading took     188.304000 us
  Sample 4...
Starting computation...
    Writing took     5.043523 ms
    Computation took 276.746861 ms
    Reading took     230.162000 us
  Sample 5...
Starting computation...
    Writing took     6.317678 ms
    Computation took 278.243648 ms
    Reading took     229.931000 us
  Sample 6...
Starting computation...
    Writing took     6.293541 ms
    Computation took 277.714998 ms
    Reading took     205.023000 us
  Sample 7...
Starting computation...
    Writing took     5.427714 ms
    Computation took 278.501212 ms
    Reading took     201.782000 us
  Sample 8...
Starting computation...
    Writing took     5.325743 ms
    Computation took 278.607532 ms
    Reading took     194.207000 us
  Sample 9...
Starting computation...
    Writing took     5.164410 ms
    Computation took 277.215713 ms
    Reading took     180.375000 us
  Sample 10...
Starting computation...
    Writing took     4.874573 ms
    Computation took 278.590485 ms
    Reading took     216.740000 us
  Sample 11...
Starting computation...
    Writing took     5.790831 ms
    Computation took 277.487900 ms
    Reading took     173.066000 us
  Sample 12...
Starting computation...
    Writing took     4.483332 ms
    Computation took 278.515727 ms
    Reading took     211.550000 us
  Sample 13...
Starting computation...
    Writing took     5.723796 ms
    Computation took 283.100283 ms
    Reading took     173.885000 us
  Sample 14...
Starting computation...
    Writing took     4.585275 ms
    Computation took 283.656086 ms
    Reading took     181.958000 us
  Sample 15...
Starting computation...
    Writing took     4.806369 ms
    Computation took 281.957653 ms
    Reading took     206.963000 us
  Sample 16...
Starting computation...
    Writing took     5.624215 ms
    Computation took 280.144572 ms
    Reading took     190.340000 us
  Sample 17...
Starting computation...
    Writing took     4.652422 ms
    Computation took 280.165639 ms
    Reading took     204.820000 us
  Sample 18...
Starting computation...
    Writing took     5.674567 ms
    Computation took 278.833544 ms
    Reading took     181.606000 us
  Sample 19...
Starting computation...
    Writing took     4.946002 ms
    Computation took 277.244765 ms
    Reading took     204.802000 us
  Sample 20...
Starting computation...
    Writing took     5.436570 ms
    Computation took 277.538886 ms
    Reading took     196.349000 us
  Sample 21...
Starting computation...
    Writing took     4.760123 ms
    Computation took 276.389333 ms
    Reading took     206.403000 us
  Sample 22...
Starting computation...
    Writing took     5.592722 ms
    Computation took 276.378206 ms
    Reading took     200.207000 us
  Sample 23...
Starting computation...
    Writing took     5.319895 ms
    Computation took 276.325878 ms
    Reading took     195.513000 us
  Sample 24...
Starting computation...
    Writing took     5.251209 ms
    Computation took 276.759745 ms
    Reading took     187.155000 us
  Sample 25...
Starting computation...
    Writing took     4.946651 ms
    Computation took 278.567578 ms
    Reading took     320.831000 us
  Sample 26...
Starting computation...
    Writing took     7.325153 ms
    Computation took 281.091778 ms
    Reading took     240.135000 us
  Sample 27...
Starting computation...
    Writing took     6.271425 ms
    Computation took 281.287588 ms
    Reading took     255.456000 us
  Sample 28...
Starting computation...
    Writing took     6.312524 ms
    Computation took 278.901607 ms
    Reading took     226.482000 us
  Sample 29...
Starting computation...
    Writing took     5.860581 ms
    Computation took 277.269627 ms
    Reading took     283.231000 us
  Sample 30...
Starting computation...
    Writing took     9.010757 ms
    Computation took 279.439483 ms
    Reading took     224.834000 us
  Sample 31...
Starting computation...
    Writing took     5.816655 ms
    Computation took 283.237013 ms
    Reading took     222.539000 us
  Sample 32...
Starting computation...
    Writing took     5.943955 ms
    Computation took 281.687633 ms
    Reading took     275.689000 us
  Sample 33...
Starting computation...
    Writing took     6.903970 ms
    Computation took 280.986381 ms
    Reading took     210.985000 us
  Sample 34...
Starting computation...
    Writing took     6.269251 ms
    Computation took 279.204933 ms
    Reading took     217.706000 us
  Sample 35...
Starting computation...
    Writing took     5.628333 ms
    Computation took 278.594624 ms
    Reading took     252.113000 us
  Sample 36...
Starting computation...
    Writing took     6.959280 ms
    Computation took 278.781377 ms
    Reading took     223.048000 us
  Sample 37...
Starting computation...
    Writing took     5.639371 ms
    Computation took 276.522464 ms
    Reading took     250.907000 us
  Sample 38...
Starting computation...
    Writing took     6.425631 ms
    Computation took 276.362384 ms
    Reading took     391.654000 us
  Sample 39...
Starting computation...
    Writing took     11.043178 ms
    Computation took 277.202697 ms
    Reading took     241.322000 us
  Sample 40...
Starting computation...
    Writing took     12.672487 ms
    Computation took 279.457804 ms
    Reading took     183.029000 us
  Sample 41...
Starting computation...
    Writing took     4.581381 ms
    Computation took 286.352635 ms
    Reading took     214.398000 us
  Sample 42...
Starting computation...
    Writing took     5.392638 ms
    Computation took 288.437389 ms
    Reading took     218.830000 us
  Sample 43...
Starting computation...
    Writing took     5.675951 ms
    Computation took 285.860660 ms
    Reading took     183.977000 us
  Sample 44...
Starting computation...
    Writing took     4.563599 ms
    Computation took 285.468257 ms
    Reading took     216.640000 us
  Sample 45...
Starting computation...
    Writing took     5.622368 ms
    Computation took 282.883305 ms
    Reading took     241.200000 us
  Sample 46...
Starting computation...
    Writing took     6.334588 ms
    Computation took 280.027753 ms
    Reading took     216.630000 us
  Sample 47...
Starting computation...
    Writing took     5.583481 ms
    Computation took 280.085598 ms
    Reading took     200.036000 us
  Sample 48...
Starting computation...
    Writing took     5.153068 ms
    Computation took 277.936623 ms
    Reading took     400.397000 us
  Sample 49...
Starting computation...
    Writing took     5.738664 ms
    Computation took 277.569311 ms
    Reading took     187.687000 us
  Sample 50...
Starting computation...
    Writing took     4.614393 ms
    Computation took 276.297958 ms
    Reading took     218.135000 us
  Sample 51...
Starting computation...
    Writing took     10.544767 ms
    Computation took 276.349169 ms
    Reading took     240.649000 us
  Sample 52...
Starting computation...
    Writing took     6.368975 ms
    Computation took 277.656764 ms
    Reading took     330.467000 us
  Sample 53...
Starting computation...
    Writing took     9.417139 ms
    Computation took 276.421617 ms
    Reading took     203.452000 us
  Sample 54...
Starting computation...
    Writing took     5.085703 ms
    Computation took 276.458085 ms
    Reading took     226.336000 us
  Sample 55...
Starting computation...
    Writing took     5.816899 ms
    Computation took 277.685127 ms
    Reading took     198.429000 us
  Sample 56...
Starting computation...
    Writing took     5.285832 ms
    Computation took 277.056534 ms
    Reading took     221.128000 us
  Sample 57...
Starting computation...
    Writing took     5.619271 ms
    Computation took 278.502817 ms
    Reading took     271.510000 us
  Sample 58...
Starting computation...
    Writing took     8.197225 ms
    Computation took 277.832905 ms
    Reading took     242.625000 us
  Sample 59...
Starting computation...
    Writing took     6.353103 ms
    Computation took 277.232526 ms
    Reading took     239.171000 us
  Sample 60...
Starting computation...
    Writing took     5.431657 ms
    Computation took 279.301373 ms
    Reading took     226.069000 us
  Sample 61...
Starting computation...
    Writing took     5.819238 ms
    Computation took 278.411659 ms
    Reading took     225.146000 us
  Sample 62...
Starting computation...
    Writing took     6.190836 ms
    Computation took 278.128438 ms
    Reading took     211.171000 us
  Sample 63...
Starting computation...
    Writing took     5.376093 ms
    Computation took 278.074066 ms
    Reading took     278.862000 us
  Sample 64...
Starting computation...
    Writing took     7.316706 ms
    Computation took 278.680304 ms
    Reading took     241.207000 us
  Sample 65...
Starting computation...
    Writing took     7.033241 ms
    Computation took 278.110779 ms
    Reading took     241.986000 us
  Sample 66...
Starting computation...
    Writing took     7.720375 ms
    Computation took 277.157688 ms
    Reading took     217.939000 us
  Sample 67...
Starting computation...
    Writing took     5.636671 ms
    Computation took 277.469534 ms
    Reading took     228.576000 us
  Sample 68...
Starting computation...
    Writing took     5.824764 ms
    Computation took 277.920983 ms
    Reading took     229.121000 us
  Sample 69...
Starting computation...
    Writing took     5.819863 ms
    Computation took 278.529135 ms
    Reading took     202.248000 us
  Sample 70...
Starting computation...
    Writing took     5.095085 ms
    Computation took 278.529706 ms
    Reading took     184.945000 us
  Sample 71...
Starting computation...
    Writing took     4.577224 ms
    Computation took 278.543860 ms
    Reading took     241.983000 us
  Sample 72...
Starting computation...
    Writing took     6.300268 ms
    Computation took 276.588857 ms
    Reading took     240.807000 us
  Sample 73...
Starting computation...
    Writing took     6.291639 ms
    Computation took 277.527709 ms
    Reading took     230.936000 us
  Sample 74...
Starting computation...
    Writing took     5.392294 ms
    Computation took 279.825224 ms
    Reading took     201.307000 us
  Sample 75...
Starting computation...
    Writing took     5.199384 ms
    Computation took 280.836219 ms
    Reading took     241.128000 us
  Sample 76...
Starting computation...
    Writing took     6.055086 ms
    Computation took 278.904468 ms
    Reading took     182.664000 us
  Sample 77...
Starting computation...
    Writing took     4.522840 ms
    Computation took 277.786106 ms
    Reading took     251.564000 us
  Sample 78...
Starting computation...
    Writing took     5.793559 ms
    Computation took 280.385806 ms
    Reading took     228.983000 us
  Sample 79...
Starting computation...
    Writing took     6.307523 ms
    Computation took 285.496227 ms
    Reading took     228.855000 us
  Sample 80...
Starting computation...
    Writing took     6.298162 ms
    Computation took 285.008758 ms
    Reading took     242.811000 us
  Sample 81...
Starting computation...
    Writing took     6.337648 ms
    Computation took 284.819074 ms
    Reading took     194.525000 us
  Sample 82...
Starting computation...
    Writing took     4.848018 ms
    Computation took 281.840386 ms
    Reading took     183.959000 us
  Sample 83...
Starting computation...
    Writing took     4.506065 ms
    Computation took 280.446634 ms
    Reading took     181.924000 us
  Sample 84...
Starting computation...
    Writing took     4.857367 ms
    Computation took 279.392056 ms
    Reading took     211.658000 us
  Sample 85...
Starting computation...
    Writing took     5.415545 ms
    Computation took 278.529029 ms
    Reading took     240.830000 us
  Sample 86...
Starting computation...
    Writing took     6.360074 ms
    Computation took 277.086078 ms
    Reading took     240.851000 us
  Sample 87...
Starting computation...
    Writing took     6.346983 ms
    Computation took 276.552743 ms
    Reading took     418.273000 us
  Sample 88...
Starting computation...
    Writing took     10.081146 ms
    Computation took 281.051044 ms
    Reading took     183.992000 us
  Sample 89...
Starting computation...
    Writing took     4.578723 ms
    Computation took 289.602432 ms
    Reading took     257.280000 us
  Sample 90...
Starting computation...
    Writing took     6.410326 ms
    Computation took 289.300992 ms
    Reading took     414.591000 us
  Sample 91...
Starting computation...
    Writing took     6.370686 ms
    Computation took 288.380612 ms
    Reading took     197.126000 us
  Sample 92...
Starting computation...
    Writing took     4.914341 ms
    Computation took 287.098641 ms
    Reading took     193.006000 us
  Sample 93...
Starting computation...
    Writing took     4.846410 ms
    Computation took 283.798446 ms
    Reading took     218.731000 us
  Sample 94...
Starting computation...
    Writing took     5.675771 ms
    Computation took 282.327213 ms
    Reading took     190.494000 us
  Sample 95...
Starting computation...
    Writing took     4.890171 ms
    Computation took 282.195046 ms
    Reading took     243.430000 us
  Sample 96...
Starting computation...
    Writing took     7.787713 ms
    Computation took 278.511572 ms
    Reading took     231.078000 us
  Sample 97...
Starting computation...
    Writing took     6.278687 ms
    Computation took 276.659738 ms
    Reading took     228.879000 us
  Sample 98...
Starting computation...
    Writing took     6.288910 ms
    Computation took 277.697364 ms
    Reading took     350.698000 us
  Sample 99...
Starting computation...
    Writing took     10.412547 ms
    Computation took 276.394405 ms
    Reading took     205.904000 us
Mean computation time: 279.549462 ms
Mean deviation: 2.474214 ms (0.885072%)
Mean computation time (per hash): 3.583966 ms
Mean deviation (per hash): 31.720000 us
