Using device #0: CUDA Device 'GeForce GTX 1080 Ti'
  Sample 0...
Starting computation...
    Writing took     503.398000 us
    Computation took 167.805861 ms
    Reading took     27.331000 us
  Sample 1...
Starting computation...
    Writing took     483.619000 us
    Computation took 167.785550 ms
    Reading took     20.017000 us
  Sample 2...
Starting computation...
    Writing took     417.419000 us
    Computation took 167.791326 ms
    Reading took     18.395000 us
  Sample 3...
Starting computation...
    Writing took     379.042000 us
    Computation took 167.772219 ms
    Reading took     14.549000 us
  Sample 4...
Starting computation...
    Writing took     362.187000 us
    Computation took 167.742352 ms
    Reading took     18.526000 us
  Sample 5...
Starting computation...
    Writing took     411.000000 us
    Computation took 167.770725 ms
    Reading took     18.850000 us
  Sample 6...
Starting computation...
    Writing took     391.799000 us
    Computation took 167.794054 ms
    Reading took     16.679000 us
  Sample 7...
Starting computation...
    Writing took     355.036000 us
    Computation took 167.799001 ms
    Reading took     15.903000 us
  Sample 8...
Starting computation...
    Writing took     375.666000 us
    Computation took 167.741993 ms
    Reading took     19.690000 us
  Sample 9...
Starting computation...
    Writing took     448.349000 us
    Computation took 167.752981 ms
    Reading took     18.475000 us
  Sample 10...
Starting computation...
    Writing took     406.157000 us
    Computation took 167.776821 ms
    Reading took     18.611000 us
  Sample 11...
Starting computation...
    Writing took     379.734000 us
    Computation took 167.808994 ms
    Reading took     18.871000 us
  Sample 12...
Starting computation...
    Writing took     426.962000 us
    Computation took 167.780829 ms
    Reading took     16.183000 us
  Sample 13...
Starting computation...
    Writing took     418.997000 us
    Computation took 167.736619 ms
    Reading took     17.400000 us
  Sample 14...
Starting computation...
    Writing took     486.443000 us
    Computation took 167.769194 ms
    Reading took     19.763000 us
  Sample 15...
Starting computation...
    Writing took     394.842000 us
    Computation took 167.813349 ms
    Reading took     28.312000 us
  Sample 16...
Starting computation...
    Writing took     676.920000 us
    Computation took 167.820885 ms
    Reading took     22.676000 us
  Sample 17...
Starting computation...
    Writing took     578.649000 us
    Computation took 167.854254 ms
    Reading took     31.316000 us
  Sample 18...
Starting computation...
    Writing took     694.535000 us
    Computation took 167.791937 ms
    Reading took     21.931000 us
  Sample 19...
Starting computation...
    Writing took     485.969000 us
    Computation took 167.796092 ms
    Reading took     22.082000 us
  Sample 20...
Starting computation...
    Writing took     490.527000 us
    Computation took 167.798348 ms
    Reading took     20.785000 us
  Sample 21...
Starting computation...
    Writing took     451.984000 us
    Computation took 167.795746 ms
    Reading took     22.395000 us
  Sample 22...
Starting computation...
    Writing took     491.293000 us
    Computation took 167.741374 ms
    Reading took     21.207000 us
  Sample 23...
Starting computation...
    Writing took     495.508000 us
    Computation took 167.799303 ms
    Reading took     16.999000 us
  Sample 24...
Starting computation...
    Writing took     412.672000 us
    Computation took 167.733558 ms
    Reading took     16.490000 us
  Sample 25...
Starting computation...
    Writing took     359.134000 us
    Computation took 167.810719 ms
    Reading took     18.208000 us
  Sample 26...
Starting computation...
    Writing took     414.521000 us
    Computation took 167.787347 ms
    Reading took     18.636000 us
  Sample 27...
Starting computation...
    Writing took     378.774000 us
    Computation took 167.825922 ms
    Reading took     26.717000 us
  Sample 28...
Starting computation...
    Writing took     630.367000 us
    Computation took 167.821767 ms
    Reading took     20.523000 us
  Sample 29...
Starting computation...
    Writing took     435.541000 us
    Computation took 167.796662 ms
    Reading took     21.031000 us
  Sample 30...
Starting computation...
    Writing took     482.086000 us
    Computation took 167.805274 ms
    Reading took     15.779000 us
  Sample 31...
Starting computation...
    Writing took     342.038000 us
    Computation took 167.800740 ms
    Reading took     17.073000 us
  Sample 32...
Starting computation...
    Writing took     355.455000 us
    Computation took 167.833747 ms
    Reading took     17.159000 us
  Sample 33...
Starting computation...
    Writing took     354.763000 us
    Computation took 167.774568 ms
    Reading took     15.082000 us
  Sample 34...
Starting computation...
    Writing took     340.925000 us
    Computation took 167.760494 ms
    Reading took     17.550000 us
  Sample 35...
Starting computation...
    Writing took     355.448000 us
    Computation took 167.868655 ms
    Reading took     20.516000 us
  Sample 36...
Starting computation...
    Writing took     576.705000 us
    Computation took 167.813444 ms
    Reading took     15.400000 us
  Sample 37...
Starting computation...
    Writing took     340.238000 us
    Computation took 167.746723 ms
    Reading took     17.360000 us
  Sample 38...
Starting computation...
    Writing took     371.112000 us
    Computation took 167.791260 ms
    Reading took     27.070000 us
  Sample 39...
Starting computation...
    Writing took     590.969000 us
    Computation took 167.813856 ms
    Reading took     19.862000 us
  Sample 40...
Starting computation...
    Writing took     490.745000 us
    Computation took 167.790929 ms
    Reading took     18.181000 us
  Sample 41...
Starting computation...
    Writing took     395.408000 us
    Computation took 167.758821 ms
    Reading took     19.851000 us
  Sample 42...
Starting computation...
    Writing took     478.186000 us
    Computation took 167.786588 ms
    Reading took     21.113000 us
  Sample 43...
Starting computation...
    Writing took     452.399000 us
    Computation took 167.803315 ms
    Reading took     18.773000 us
  Sample 44...
Starting computation...
    Writing took     405.820000 us
    Computation took 167.785008 ms
    Reading took     24.103000 us
  Sample 45...
Starting computation...
    Writing took     541.018000 us
    Computation took 167.782088 ms
    Reading took     32.920000 us
  Sample 46...
Starting computation...
    Writing took     778.731000 us
    Computation took 167.768288 ms
    Reading took     23.077000 us
  Sample 47...
Starting computation...
    Writing took     487.182000 us
    Computation took 167.760408 ms
    Reading took     21.073000 us
  Sample 48...
Starting computation...
    Writing took     491.535000 us
    Computation took 167.775815 ms
    Reading took     22.131000 us
  Sample 49...
Starting computation...
    Writing took     491.684000 us
    Computation took 167.772472 ms
    Reading took     21.004000 us
  Sample 50...
Starting computation...
    Writing took     498.663000 us
    Computation took 167.787860 ms
    Reading took     19.056000 us
  Sample 51...
Starting computation...
    Writing took     498.780000 us
    Computation took 167.813691 ms
    Reading took     22.563000 us
  Sample 52...
Starting computation...
    Writing took     453.369000 us
    Computation took 167.810736 ms
    Reading took     18.183000 us
  Sample 53...
Starting computation...
    Writing took     378.236000 us
    Computation took 167.800082 ms
    Reading took     15.389000 us
  Sample 54...
Starting computation...
    Writing took     339.517000 us
    Computation took 167.786395 ms
    Reading took     19.237000 us
  Sample 55...
Starting computation...
    Writing took     403.815000 us
    Computation took 167.811675 ms
    Reading took     24.548000 us
  Sample 56...
Starting computation...
    Writing took     430.625000 us
    Computation took 167.721866 ms
    Reading took     15.021000 us
  Sample 57...
Starting computation...
    Writing took     338.911000 us
    Computation took 167.733265 ms
    Reading took     18.583000 us
  Sample 58...
Starting computation...
    Writing took     355.644000 us
    Computation took 167.744356 ms
    Reading took     26.607000 us
  Sample 59...
Starting computation...
    Writing took     536.891000 us
    Computation took 167.834768 ms
    Reading took     30.860000 us
  Sample 60...
Starting computation...
    Writing took     685.050000 us
    Computation took 167.809413 ms
    Reading took     24.631000 us
  Sample 61...
Starting computation...
    Writing took     566.224000 us
    Computation took 167.805595 ms
    Reading took     22.205000 us
  Sample 62...
Starting computation...
    Writing took     491.382000 us
    Computation took 167.777276 ms
    Reading took     21.991000 us
  Sample 63...
Starting computation...
    Writing took     499.986000 us
    Computation took 167.828019 ms
    Reading took     26.491000 us
  Sample 64...
Starting computation...
    Writing took     504.163000 us
    Computation took 167.787694 ms
    Reading took     17.429000 us
  Sample 65...
Starting computation...
    Writing took     400.582000 us
    Computation took 167.763368 ms
    Reading took     20.791000 us
  Sample 66...
Starting computation...
    Writing took     452.520000 us
    Computation took 167.786678 ms
    Reading took     16.917000 us
  Sample 67...
Starting computation...
    Writing took     390.877000 us
    Computation took 169.194469 ms
    Reading took     17.327000 us
  Sample 68...
Starting computation...
    Writing took     354.271000 us
    Computation took 168.860520 ms
    Reading took     15.085000 us
  Sample 69...
Starting computation...
    Writing took     375.688000 us
    Computation took 168.855412 ms
    Reading took     30.276000 us
  Sample 70...
Starting computation...
    Writing took     504.367000 us
    Computation took 168.824201 ms
    Reading took     20.740000 us
  Sample 71...
Starting computation...
    Writing took     485.633000 us
    Computation took 168.878299 ms
    Reading took     20.731000 us
  Sample 72...
Starting computation...
    Writing took     456.887000 us
    Computation took 168.762636 ms
    Reading took     26.660000 us
  Sample 73...
Starting computation...
    Writing took     632.364000 us
    Computation took 168.986848 ms
    Reading took     21.809000 us
  Sample 74...
Starting computation...
    Writing took     492.392000 us
    Computation took 168.880741 ms
    Reading took     21.805000 us
  Sample 75...
Starting computation...
    Writing took     491.609000 us
    Computation took 168.810048 ms
    Reading took     22.100000 us
  Sample 76...
Starting computation...
    Writing took     491.874000 us
    Computation took 168.918618 ms
    Reading took     22.435000 us
  Sample 77...
Starting computation...
    Writing took     490.087000 us
    Computation took 168.899666 ms
    Reading took     17.456000 us
  Sample 78...
Starting computation...
    Writing took     355.280000 us
    Computation took 168.876758 ms
    Reading took     18.213000 us
  Sample 79...
Starting computation...
    Writing took     358.514000 us
    Computation took 168.896332 ms
    Reading took     14.275000 us
  Sample 80...
Starting computation...
    Writing took     337.685000 us
    Computation took 168.878447 ms
    Reading took     14.482000 us
  Sample 81...
Starting computation...
    Writing took     339.496000 us
    Computation took 168.875738 ms
    Reading took     17.278000 us
  Sample 82...
Starting computation...
    Writing took     354.241000 us
    Computation took 168.951424 ms
    Reading took     20.593000 us
  Sample 83...
Starting computation...
    Writing took     450.320000 us
    Computation took 168.849186 ms
    Reading took     17.118000 us
  Sample 84...
Starting computation...
    Writing took     421.564000 us
    Computation took 168.852668 ms
    Reading took     20.813000 us
  Sample 85...
Starting computation...
    Writing took     458.956000 us
    Computation took 168.926936 ms
    Reading took     18.174000 us
  Sample 86...
Starting computation...
    Writing took     389.597000 us
    Computation took 168.922726 ms
    Reading took     17.089000 us
  Sample 87...
Starting computation...
    Writing took     354.641000 us
    Computation took 168.858621 ms
    Reading took     14.458000 us
  Sample 88...
Starting computation...
    Writing took     339.922000 us
    Computation took 168.859680 ms
    Reading took     18.330000 us
  Sample 89...
Starting computation...
    Writing took     390.783000 us
    Computation took 168.873266 ms
    Reading took     16.528000 us
  Sample 90...
Starting computation...
    Writing took     353.661000 us
    Computation took 168.808663 ms
    Reading took     14.150000 us
  Sample 91...
Starting computation...
    Writing took     341.314000 us
    Computation took 168.817024 ms
    Reading took     15.737000 us
  Sample 92...
Starting computation...
    Writing took     344.155000 us
    Computation took 168.834647 ms
    Reading took     16.689000 us
  Sample 93...
Starting computation...
    Writing took     394.624000 us
    Computation took 168.911018 ms
    Reading took     17.451000 us
  Sample 94...
Starting computation...
    Writing took     352.048000 us
    Computation took 168.877005 ms
    Reading took     27.522000 us
  Sample 95...
Starting computation...
    Writing took     367.870000 us
    Computation took 168.945056 ms
    Reading took     17.438000 us
  Sample 96...
Starting computation...
    Writing took     486.537000 us
    Computation took 168.938943 ms
    Reading took     17.922000 us
  Sample 97...
Starting computation...
    Writing took     401.084000 us
    Computation took 168.935681 ms
    Reading took     17.156000 us
  Sample 98...
Starting computation...
    Writing took     353.407000 us
    Computation took 168.848617 ms
    Reading took     15.280000 us
  Sample 99...
Starting computation...
    Writing took     381.898000 us
    Computation took 168.904725 ms
    Reading took     16.876000 us
Mean computation time: 168.151256 ms
Mean deviation: 486.463000 us (0.289301%)
Mean computation time (per hash): 28.025209 ms
Mean deviation (per hash): 81.077000 us
