Using device #0: CUDA Device 'GeForce GTX 1080 Ti'
  Sample 0...
Starting computation...
    Writing took     1.906354 ms
    Computation took 184.007753 ms
    Reading took     42.469000 us
  Sample 1...
Starting computation...
    Writing took     995.867000 us
    Computation took 183.851050 ms
    Reading took     63.686000 us
  Sample 2...
Starting computation...
    Writing took     1.725823 ms
    Computation took 183.819140 ms
    Reading took     55.698000 us
  Sample 3...
Starting computation...
    Writing took     1.372302 ms
    Computation took 183.773727 ms
    Reading took     43.505000 us
  Sample 4...
Starting computation...
    Writing took     1.067353 ms
    Computation took 183.813144 ms
    Reading took     43.203000 us
  Sample 5...
Starting computation...
    Writing took     1.065504 ms
    Computation took 183.765053 ms
    Reading took     42.932000 us
  Sample 6...
Starting computation...
    Writing took     1.086949 ms
    Computation took 183.835363 ms
    Reading took     50.127000 us
  Sample 7...
Starting computation...
    Writing took     1.218376 ms
    Computation took 183.821369 ms
    Reading took     42.787000 us
  Sample 8...
Starting computation...
    Writing took     1.053031 ms
    Computation took 183.801142 ms
    Reading took     40.651000 us
  Sample 9...
Starting computation...
    Writing took     1.033371 ms
    Computation took 183.834440 ms
    Reading took     40.368000 us
  Sample 10...
Starting computation...
    Writing took     1.032216 ms
    Computation took 183.856594 ms
    Reading took     37.167000 us
  Sample 11...
Starting computation...
    Writing took     816.688000 us
    Computation took 183.798918 ms
    Reading took     35.072000 us
  Sample 12...
Starting computation...
    Writing took     815.802000 us
    Computation took 183.800383 ms
    Reading took     33.520000 us
  Sample 13...
Starting computation...
    Writing took     749.300000 us
    Computation took 183.766012 ms
    Reading took     33.152000 us
  Sample 14...
Starting computation...
    Writing took     766.436000 us
    Computation took 183.733156 ms
    Reading took     35.123000 us
  Sample 15...
Starting computation...
    Writing took     806.531000 us
    Computation took 183.815166 ms
    Reading took     36.375000 us
  Sample 16...
Starting computation...
    Writing took     808.931000 us
    Computation took 183.811576 ms
    Reading took     35.130000 us
  Sample 17...
Starting computation...
    Writing took     828.283000 us
    Computation took 183.770026 ms
    Reading took     35.598000 us
  Sample 18...
Starting computation...
    Writing took     846.829000 us
    Computation took 183.786074 ms
    Reading took     34.466000 us
  Sample 19...
Starting computation...
    Writing took     805.939000 us
    Computation took 183.819042 ms
    Reading took     31.177000 us
  Sample 20...
Starting computation...
    Writing took     735.517000 us
    Computation took 183.755841 ms
    Reading took     34.039000 us
  Sample 21...
Starting computation...
    Writing took     817.189000 us
    Computation took 183.775811 ms
    Reading took     35.610000 us
  Sample 22...
Starting computation...
    Writing took     837.241000 us
    Computation took 183.750119 ms
    Reading took     35.017000 us
  Sample 23...
Starting computation...
    Writing took     816.288000 us
    Computation took 183.762428 ms
    Reading took     32.603000 us
  Sample 24...
Starting computation...
    Writing took     786.451000 us
    Computation took 183.788465 ms
    Reading took     37.918000 us
  Sample 25...
Starting computation...
    Writing took     849.795000 us
    Computation took 183.783721 ms
    Reading took     37.376000 us
  Sample 26...
Starting computation...
    Writing took     862.176000 us
    Computation took 183.759536 ms
    Reading took     33.564000 us
  Sample 27...
Starting computation...
    Writing took     733.946000 us
    Computation took 183.755314 ms
    Reading took     36.596000 us
  Sample 28...
Starting computation...
    Writing took     833.641000 us
    Computation took 183.829685 ms
    Reading took     40.524000 us
  Sample 29...
Starting computation...
    Writing took     1.202813 ms
    Computation took 183.800579 ms
    Reading took     30.349000 us
  Sample 30...
Starting computation...
    Writing took     736.097000 us
    Computation took 183.803488 ms
    Reading took     30.916000 us
  Sample 31...
Starting computation...
    Writing took     819.847000 us
    Computation took 183.750996 ms
    Reading took     31.440000 us
  Sample 32...
Starting computation...
    Writing took     816.196000 us
    Computation took 183.759420 ms
    Reading took     33.145000 us
  Sample 33...
Starting computation...
    Writing took     822.736000 us
    Computation took 183.752261 ms
    Reading took     29.242000 us
  Sample 34...
Starting computation...
    Writing took     734.770000 us
    Computation took 183.790069 ms
    Reading took     31.277000 us
  Sample 35...
Starting computation...
    Writing took     777.928000 us
    Computation took 183.774207 ms
    Reading took     30.850000 us
  Sample 36...
Starting computation...
    Writing took     776.760000 us
    Computation took 183.767454 ms
    Reading took     28.976000 us
  Sample 37...
Starting computation...
    Writing took     734.543000 us
    Computation took 183.758331 ms
    Reading took     31.129000 us
  Sample 38...
Starting computation...
    Writing took     872.236000 us
    Computation took 183.764059 ms
    Reading took     32.240000 us
  Sample 39...
Starting computation...
    Writing took     775.425000 us
    Computation took 183.803108 ms
    Reading took     30.886000 us
  Sample 40...
Starting computation...
    Writing took     753.895000 us
    Computation took 183.775102 ms
    Reading took     31.135000 us
  Sample 41...
Starting computation...
    Writing took     778.450000 us
    Computation took 183.782485 ms
    Reading took     32.604000 us
  Sample 42...
Starting computation...
    Writing took     829.191000 us
    Computation took 183.775040 ms
    Reading took     31.282000 us
  Sample 43...
Starting computation...
    Writing took     763.129000 us
    Computation took 183.745424 ms
    Reading took     33.041000 us
  Sample 44...
Starting computation...
    Writing took     898.286000 us
    Computation took 183.785334 ms
    Reading took     34.095000 us
  Sample 45...
Starting computation...
    Writing took     853.596000 us
    Computation took 183.812696 ms
    Reading took     36.172000 us
  Sample 46...
Starting computation...
    Writing took     826.572000 us
    Computation took 183.748846 ms
    Reading took     31.054000 us
  Sample 47...
Starting computation...
    Writing took     785.257000 us
    Computation took 183.755567 ms
    Reading took     31.531000 us
  Sample 48...
Starting computation...
    Writing took     772.779000 us
    Computation took 183.755768 ms
    Reading took     30.798000 us
  Sample 49...
Starting computation...
    Writing took     769.575000 us
    Computation took 183.792785 ms
    Reading took     31.778000 us
  Sample 50...
Starting computation...
    Writing took     797.555000 us
    Computation took 183.777088 ms
    Reading took     30.675000 us
  Sample 51...
Starting computation...
    Writing took     795.741000 us
    Computation took 183.793583 ms
    Reading took     33.770000 us
  Sample 52...
Starting computation...
    Writing took     824.748000 us
    Computation took 183.797758 ms
    Reading took     32.813000 us
  Sample 53...
Starting computation...
    Writing took     812.220000 us
    Computation took 183.798148 ms
    Reading took     29.122000 us
  Sample 54...
Starting computation...
    Writing took     736.182000 us
    Computation took 183.827937 ms
    Reading took     30.873000 us
  Sample 55...
Starting computation...
    Writing took     775.312000 us
    Computation took 183.798565 ms
    Reading took     33.329000 us
  Sample 56...
Starting computation...
    Writing took     850.130000 us
    Computation took 183.795210 ms
    Reading took     45.236000 us
  Sample 57...
Starting computation...
    Writing took     1.070898 ms
    Computation took 183.828464 ms
    Reading took     38.538000 us
  Sample 58...
Starting computation...
    Writing took     869.869000 us
    Computation took 183.787104 ms
    Reading took     35.796000 us
  Sample 59...
Starting computation...
    Writing took     816.642000 us
    Computation took 183.780498 ms
    Reading took     35.868000 us
  Sample 60...
Starting computation...
    Writing took     807.053000 us
    Computation took 183.750310 ms
    Reading took     33.505000 us
  Sample 61...
Starting computation...
    Writing took     783.706000 us
    Computation took 183.791628 ms
    Reading took     36.725000 us
  Sample 62...
Starting computation...
    Writing took     881.901000 us
    Computation took 183.787832 ms
    Reading took     36.558000 us
  Sample 63...
Starting computation...
    Writing took     817.632000 us
    Computation took 183.796414 ms
    Reading took     34.610000 us
  Sample 64...
Starting computation...
    Writing took     785.825000 us
    Computation took 183.756674 ms
    Reading took     63.130000 us
  Sample 65...
Starting computation...
    Writing took     1.612331 ms
    Computation took 183.831892 ms
    Reading took     32.796000 us
  Sample 66...
Starting computation...
    Writing took     779.713000 us
    Computation took 183.814573 ms
    Reading took     30.042000 us
  Sample 67...
Starting computation...
    Writing took     739.987000 us
    Computation took 183.788944 ms
    Reading took     31.677000 us
  Sample 68...
Starting computation...
    Writing took     758.332000 us
    Computation took 183.787118 ms
    Reading took     33.836000 us
  Sample 69...
Starting computation...
    Writing took     826.817000 us
    Computation took 183.787105 ms
    Reading took     32.335000 us
  Sample 70...
Starting computation...
    Writing took     848.198000 us
    Computation took 183.787170 ms
    Reading took     29.246000 us
  Sample 71...
Starting computation...
    Writing took     735.839000 us
    Computation took 183.768100 ms
    Reading took     31.424000 us
  Sample 72...
Starting computation...
    Writing took     778.350000 us
    Computation took 183.787181 ms
    Reading took     30.931000 us
  Sample 73...
Starting computation...
    Writing took     787.861000 us
    Computation took 183.790081 ms
    Reading took     34.150000 us
  Sample 74...
Starting computation...
    Writing took     840.594000 us
    Computation took 183.744846 ms
    Reading took     33.896000 us
  Sample 75...
Starting computation...
    Writing took     851.943000 us
    Computation took 183.719786 ms
    Reading took     32.887000 us
  Sample 76...
Starting computation...
    Writing took     867.902000 us
    Computation took 183.734232 ms
    Reading took     32.657000 us
  Sample 77...
Starting computation...
    Writing took     815.453000 us
    Computation took 183.826730 ms
    Reading took     47.362000 us
  Sample 78...
Starting computation...
    Writing took     1.247588 ms
    Computation took 183.784198 ms
    Reading took     31.382000 us
  Sample 79...
Starting computation...
    Writing took     752.889000 us
    Computation took 183.747171 ms
    Reading took     31.042000 us
  Sample 80...
Starting computation...
    Writing took     785.244000 us
    Computation took 183.745814 ms
    Reading took     31.075000 us
  Sample 81...
Starting computation...
    Writing took     784.224000 us
    Computation took 183.744618 ms
    Reading took     32.603000 us
  Sample 82...
Starting computation...
    Writing took     819.270000 us
    Computation took 183.802010 ms
    Reading took     31.440000 us
  Sample 83...
Starting computation...
    Writing took     759.203000 us
    Computation took 183.749655 ms
    Reading took     33.660000 us
  Sample 84...
Starting computation...
    Writing took     826.790000 us
    Computation took 183.780632 ms
    Reading took     31.263000 us
  Sample 85...
Starting computation...
    Writing took     810.527000 us
    Computation took 183.777291 ms
    Reading took     33.374000 us
  Sample 86...
Starting computation...
    Writing took     805.241000 us
    Computation took 183.803419 ms
    Reading took     29.923000 us
  Sample 87...
Starting computation...
    Writing took     827.956000 us
    Computation took 183.759062 ms
    Reading took     30.605000 us
  Sample 88...
Starting computation...
    Writing took     735.511000 us
    Computation took 183.782256 ms
    Reading took     37.421000 us
  Sample 89...
Starting computation...
    Writing took     780.106000 us
    Computation took 183.801683 ms
    Reading took     34.844000 us
  Sample 90...
Starting computation...
    Writing took     827.711000 us
    Computation took 183.761938 ms
    Reading took     30.313000 us
  Sample 91...
Starting computation...
    Writing took     736.603000 us
    Computation took 183.793775 ms
    Reading took     41.017000 us
  Sample 92...
Starting computation...
    Writing took     1.070880 ms
    Computation took 183.784577 ms
    Reading took     29.228000 us
  Sample 93...
Starting computation...
    Writing took     734.119000 us
    Computation took 183.759284 ms
    Reading took     33.644000 us
  Sample 94...
Starting computation...
    Writing took     841.262000 us
    Computation took 183.779317 ms
    Reading took     33.500000 us
  Sample 95...
Starting computation...
    Writing took     823.613000 us
    Computation took 183.779172 ms
    Reading took     30.418000 us
  Sample 96...
Starting computation...
    Writing took     757.681000 us
    Computation took 183.743214 ms
    Reading took     30.104000 us
  Sample 97...
Starting computation...
    Writing took     885.670000 us
    Computation took 183.772762 ms
    Reading took     30.804000 us
  Sample 98...
Starting computation...
    Writing took     832.008000 us
    Computation took 183.761498 ms
    Reading took     31.230000 us
  Sample 99...
Starting computation...
    Writing took     784.510000 us
    Computation took 183.793210 ms
    Reading took     31.604000 us
Mean computation time: 183.785345 ms
Mean deviation: 23.859000 us (0.012982%)
Mean computation time (per hash): 14.137333 ms
Mean deviation (per hash): 1.835000 us
