Using device #0: CUDA Device 'GeForce GTX 1080 Ti'
  Sample 0...
Starting computation...
    Writing took     5.456307 ms
    Computation took 256.152890 ms
    Reading took     207.847000 us
  Sample 1...
Starting computation...
    Writing took     5.687951 ms
    Computation took 256.099208 ms
    Reading took     202.953000 us
  Sample 2...
Starting computation...
    Writing took     4.923163 ms
    Computation took 256.203444 ms
    Reading took     165.239000 us
  Sample 3...
Starting computation...
    Writing took     4.452990 ms
    Computation took 256.119408 ms
    Reading took     221.618000 us
  Sample 4...
Starting computation...
    Writing took     6.174310 ms
    Computation took 256.131970 ms
    Reading took     194.917000 us
  Sample 5...
Starting computation...
    Writing took     5.320590 ms
    Computation took 256.135548 ms
    Reading took     350.327000 us
  Sample 6...
Starting computation...
    Writing took     10.315203 ms
    Computation took 256.211914 ms
    Reading took     196.609000 us
  Sample 7...
Starting computation...
    Writing took     5.366481 ms
    Computation took 256.188617 ms
    Reading took     221.390000 us
  Sample 8...
Starting computation...
    Writing took     6.215768 ms
    Computation took 256.118295 ms
    Reading took     232.051000 us
  Sample 9...
Starting computation...
    Writing took     6.172201 ms
    Computation took 256.070060 ms
    Reading took     209.668000 us
  Sample 10...
Starting computation...
    Writing took     6.093515 ms
    Computation took 256.183616 ms
    Reading took     199.501000 us
  Sample 11...
Starting computation...
    Writing took     5.462561 ms
    Computation took 256.145392 ms
    Reading took     227.733000 us
  Sample 12...
Starting computation...
    Writing took     6.189356 ms
    Computation took 256.130522 ms
    Reading took     224.383000 us
  Sample 13...
Starting computation...
    Writing took     6.399912 ms
    Computation took 256.201129 ms
    Reading took     207.880000 us
  Sample 14...
Starting computation...
    Writing took     5.590953 ms
    Computation took 256.029149 ms
    Reading took     280.058000 us
  Sample 15...
Starting computation...
    Writing took     7.300714 ms
    Computation took 256.231441 ms
    Reading took     222.235000 us
  Sample 16...
Starting computation...
    Writing took     6.192522 ms
    Computation took 256.066140 ms
    Reading took     174.162000 us
  Sample 17...
Starting computation...
    Writing took     4.785373 ms
    Computation took 256.163177 ms
    Reading took     285.918000 us
  Sample 18...
Starting computation...
    Writing took     6.297609 ms
    Computation took 256.173791 ms
    Reading took     169.081000 us
  Sample 19...
Starting computation...
    Writing took     4.508682 ms
    Computation took 256.182364 ms
    Reading took     199.550000 us
  Sample 20...
Starting computation...
    Writing took     5.496978 ms
    Computation took 256.173484 ms
    Reading took     166.132000 us
  Sample 21...
Starting computation...
    Writing took     4.507192 ms
    Computation took 256.126099 ms
    Reading took     204.885000 us
  Sample 22...
Starting computation...
    Writing took     5.666388 ms
    Computation took 256.104577 ms
    Reading took     199.277000 us
  Sample 23...
Starting computation...
    Writing took     5.533801 ms
    Computation took 256.172628 ms
    Reading took     220.882000 us
  Sample 24...
Starting computation...
    Writing took     6.172556 ms
    Computation took 256.123396 ms
    Reading took     220.179000 us
  Sample 25...
Starting computation...
    Writing took     5.284596 ms
    Computation took 256.301657 ms
    Reading took     169.245000 us
  Sample 26...
Starting computation...
    Writing took     4.515949 ms
    Computation took 256.160229 ms
    Reading took     190.623000 us
  Sample 27...
Starting computation...
    Writing took     5.269910 ms
    Computation took 256.175142 ms
    Reading took     290.084000 us
  Sample 28...
Starting computation...
    Writing took     5.885253 ms
    Computation took 256.190979 ms
    Reading took     188.061000 us
  Sample 29...
Starting computation...
    Writing took     6.407565 ms
    Computation took 256.083047 ms
    Reading took     204.474000 us
  Sample 30...
Starting computation...
    Writing took     5.652722 ms
    Computation took 256.093818 ms
    Reading took     204.408000 us
  Sample 31...
Starting computation...
    Writing took     5.667422 ms
    Computation took 256.171955 ms
    Reading took     191.632000 us
  Sample 32...
Starting computation...
    Writing took     5.318749 ms
    Computation took 256.192730 ms
    Reading took     209.880000 us
  Sample 33...
Starting computation...
    Writing took     5.691097 ms
    Computation took 256.134923 ms
    Reading took     196.023000 us
  Sample 34...
Starting computation...
    Writing took     5.259070 ms
    Computation took 256.165586 ms
    Reading took     305.319000 us
  Sample 35...
Starting computation...
    Writing took     5.827348 ms
    Computation took 256.209824 ms
    Reading took     186.602000 us
  Sample 36...
Starting computation...
    Writing took     5.751844 ms
    Computation took 256.152391 ms
    Reading took     208.277000 us
  Sample 37...
Starting computation...
    Writing took     5.680327 ms
    Computation took 256.337809 ms
    Reading took     344.304000 us
  Sample 38...
Starting computation...
    Writing took     5.794639 ms
    Computation took 256.214418 ms
    Reading took     176.269000 us
  Sample 39...
Starting computation...
    Writing took     4.731737 ms
    Computation took 256.080258 ms
    Reading took     168.801000 us
  Sample 40...
Starting computation...
    Writing took     4.412516 ms
    Computation took 256.196872 ms
    Reading took     178.281000 us
  Sample 41...
Starting computation...
    Writing took     4.744692 ms
    Computation took 256.240048 ms
    Reading took     209.056000 us
  Sample 42...
Starting computation...
    Writing took     6.335569 ms
    Computation took 256.139325 ms
    Reading took     185.654000 us
  Sample 43...
Starting computation...
    Writing took     5.722600 ms
    Computation took 256.162408 ms
    Reading took     177.314000 us
  Sample 44...
Starting computation...
    Writing took     5.004356 ms
    Computation took 256.205393 ms
    Reading took     166.702000 us
  Sample 45...
Starting computation...
    Writing took     4.793038 ms
    Computation took 256.141537 ms
    Reading took     221.945000 us
  Sample 46...
Starting computation...
    Writing took     6.188033 ms
    Computation took 256.246901 ms
    Reading took     225.522000 us
  Sample 47...
Starting computation...
    Writing took     6.191450 ms
    Computation took 256.201273 ms
    Reading took     206.555000 us
  Sample 48...
Starting computation...
    Writing took     5.747393 ms
    Computation took 256.135331 ms
    Reading took     206.478000 us
  Sample 49...
Starting computation...
    Writing took     6.018018 ms
    Computation took 256.110251 ms
    Reading took     199.723000 us
  Sample 50...
Starting computation...
    Writing took     5.483605 ms
    Computation took 256.184493 ms
    Reading took     205.624000 us
  Sample 51...
Starting computation...
    Writing took     5.681870 ms
    Computation took 256.179288 ms
    Reading took     168.036000 us
  Sample 52...
Starting computation...
    Writing took     4.985401 ms
    Computation took 256.342813 ms
    Reading took     212.673000 us
  Sample 53...
Starting computation...
    Writing took     5.297044 ms
    Computation took 256.553881 ms
    Reading took     194.700000 us
  Sample 54...
Starting computation...
    Writing took     5.301897 ms
    Computation took 256.412443 ms
    Reading took     166.784000 us
  Sample 55...
Starting computation...
    Writing took     4.428022 ms
    Computation took 256.215656 ms
    Reading took     165.919000 us
  Sample 56...
Starting computation...
    Writing took     4.525529 ms
    Computation took 256.350573 ms
    Reading took     240.392000 us
  Sample 57...
Starting computation...
    Writing took     7.638131 ms
    Computation took 256.106338 ms
    Reading took     371.715000 us
  Sample 58...
Starting computation...
    Writing took     6.203481 ms
    Computation took 256.182402 ms
    Reading took     186.891000 us
  Sample 59...
Starting computation...
    Writing took     5.056908 ms
    Computation took 256.234696 ms
    Reading took     234.717000 us
  Sample 60...
Starting computation...
    Writing took     5.097732 ms
    Computation took 256.196896 ms
    Reading took     194.528000 us
  Sample 61...
Starting computation...
    Writing took     5.283814 ms
    Computation took 256.119816 ms
    Reading took     169.519000 us
  Sample 62...
Starting computation...
    Writing took     4.525787 ms
    Computation took 256.141871 ms
    Reading took     249.487000 us
  Sample 63...
Starting computation...
    Writing took     6.023634 ms
    Computation took 256.163262 ms
    Reading took     166.070000 us
  Sample 64...
Starting computation...
    Writing took     4.440637 ms
    Computation took 256.128218 ms
    Reading took     294.062000 us
  Sample 65...
Starting computation...
    Writing took     6.102714 ms
    Computation took 256.138425 ms
    Reading took     329.181000 us
  Sample 66...
Starting computation...
    Writing took     6.425580 ms
    Computation took 256.402763 ms
    Reading took     192.557000 us
  Sample 67...
Starting computation...
    Writing took     5.646208 ms
    Computation took 256.293180 ms
    Reading took     178.485000 us
  Sample 68...
Starting computation...
    Writing took     4.374271 ms
    Computation took 256.498478 ms
    Reading took     221.951000 us
  Sample 69...
Starting computation...
    Writing took     6.236387 ms
    Computation took 256.401248 ms
    Reading took     231.656000 us
  Sample 70...
Starting computation...
    Writing took     6.246953 ms
    Computation took 256.436947 ms
    Reading took     175.713000 us
  Sample 71...
Starting computation...
    Writing took     4.690546 ms
    Computation took 256.294184 ms
    Reading took     217.963000 us
  Sample 72...
Starting computation...
    Writing took     4.776414 ms
    Computation took 256.702852 ms
    Reading took     242.728000 us
  Sample 73...
Starting computation...
    Writing took     6.259260 ms
    Computation took 256.354167 ms
    Reading took     202.083000 us
  Sample 74...
Starting computation...
    Writing took     5.103411 ms
    Computation took 256.498313 ms
    Reading took     191.353000 us
  Sample 75...
Starting computation...
    Writing took     4.960303 ms
    Computation took 256.370392 ms
    Reading took     213.839000 us
  Sample 76...
Starting computation...
    Writing took     5.084709 ms
    Computation took 256.527860 ms
    Reading took     207.196000 us
  Sample 77...
Starting computation...
    Writing took     5.200946 ms
    Computation took 256.291348 ms
    Reading took     226.468000 us
  Sample 78...
Starting computation...
    Writing took     5.735468 ms
    Computation took 256.571784 ms
    Reading took     223.793000 us
  Sample 79...
Starting computation...
    Writing took     6.225138 ms
    Computation took 256.537351 ms
    Reading took     295.345000 us
  Sample 80...
Starting computation...
    Writing took     5.791323 ms
    Computation took 256.507434 ms
    Reading took     164.584000 us
  Sample 81...
Starting computation...
    Writing took     4.627687 ms
    Computation took 256.423913 ms
    Reading took     328.439000 us
  Sample 82...
Starting computation...
    Writing took     9.664507 ms
    Computation took 256.369319 ms
    Reading took     307.210000 us
  Sample 83...
Starting computation...
    Writing took     8.792174 ms
    Computation took 256.532693 ms
    Reading took     195.797000 us
  Sample 84...
Starting computation...
    Writing took     5.634177 ms
    Computation took 256.963152 ms
    Reading took     291.781000 us
  Sample 85...
Starting computation...
    Writing took     5.317626 ms
    Computation took 258.573104 ms
    Reading took     205.899000 us
  Sample 86...
Starting computation...
    Writing took     5.499859 ms
    Computation took 257.949143 ms
    Reading took     324.638000 us
  Sample 87...
Starting computation...
    Writing took     5.658797 ms
    Computation took 257.490439 ms
    Reading took     204.869000 us
  Sample 88...
Starting computation...
    Writing took     5.668629 ms
    Computation took 257.213372 ms
    Reading took     178.000000 us
  Sample 89...
Starting computation...
    Writing took     4.765411 ms
    Computation took 257.162186 ms
    Reading took     221.497000 us
  Sample 90...
Starting computation...
    Writing took     5.349488 ms
    Computation took 257.835749 ms
    Reading took     208.602000 us
  Sample 91...
Starting computation...
    Writing took     5.635300 ms
    Computation took 258.479354 ms
    Reading took     205.010000 us
  Sample 92...
Starting computation...
    Writing took     5.662812 ms
    Computation took 258.451813 ms
    Reading took     190.190000 us
  Sample 93...
Starting computation...
    Writing took     5.206243 ms
    Computation took 257.768579 ms
    Reading took     227.993000 us
  Sample 94...
Starting computation...
    Writing took     7.923122 ms
    Computation took 257.401323 ms
    Reading took     187.274000 us
  Sample 95...
Starting computation...
    Writing took     5.035560 ms
    Computation took 256.899558 ms
    Reading took     167.058000 us
  Sample 96...
Starting computation...
    Writing took     4.383043 ms
    Computation took 256.967318 ms
    Reading took     177.436000 us
  Sample 97...
Starting computation...
    Writing took     4.734302 ms
    Computation took 256.616387 ms
    Reading took     178.343000 us
  Sample 98...
Starting computation...
    Writing took     4.786069 ms
    Computation took 257.027057 ms
    Reading took     319.909000 us
  Sample 99...
Starting computation...
    Writing took     9.092608 ms
    Computation took 258.692319 ms
    Reading took     222.105000 us
Mean computation time: 256.452385 ms
Mean deviation: 382.237000 us (0.149048%)
Mean computation time (per hash): 3.330549 ms
Mean deviation (per hash): 4.963000 us
