[libargon2] Selecting best fill_segment implementation...
[libargon2] x86_64: Checking availability... OK!
[libargon2] x86_64: Benchmarking...
[libargon2] x86_64: Benchmark result: 47426
[libargon2] SSE2: Checking availability... OK!
[libargon2] SSE2: Benchmarking...
[libargon2] SSE2: Benchmark result: 51666
[libargon2] SSSE3: Checking availability... OK!
[libargon2] SSSE3: Benchmarking...
[libargon2] SSSE3: Benchmark result: 36922
[libargon2] XOP: Checking availability... FAILED!
[libargon2] AVX2: Checking availability... OK!
[libargon2] AVX2: Benchmarking...
[libargon2] AVX2: Benchmark result: 21096
[libargon2] AVX-512F: Checking availability... OK!
[libargon2] AVX-512F: Benchmarking...
[libargon2] AVX-512F: Benchmark result: 12775
[libargon2] Best implementation: 'AVX-512F' (bench 12775)
  Sample 0...
Starting computation...
    Computation took 22.622331 s
  Sample 1...
Starting computation...
    Computation took 26.865320 s
  Sample 2...
Starting computation...
    Computation took 24.441690 s
  Sample 3...
Starting computation...
    Computation took 24.051046 s
  Sample 4...
Starting computation...
    Computation took 22.772135 s
  Sample 5...
Starting computation...
    Computation took 24.814902 s
  Sample 6...
Starting computation...
    Computation took 28.324429 s
  Sample 7...
Starting computation...
    Computation took 24.384297 s
  Sample 8...
Starting computation...
    Computation took 25.309001 s
  Sample 9...
Starting computation...
    Computation took 20.913605 s
  Sample 10...
Starting computation...
    Computation took 26.346601 s
  Sample 11...
Starting computation...
    Computation took 25.806451 s
  Sample 12...
Starting computation...
    Computation took 26.952571 s
  Sample 13...
Starting computation...
    Computation took 21.703376 s
  Sample 14...
Starting computation...
    Computation took 24.642510 s
  Sample 15...
Starting computation...
    Computation took 25.596764 s
  Sample 16...
Starting computation...
    Computation took 23.947863 s
  Sample 17...
Starting computation...
    Computation took 22.960864 s
  Sample 18...
Starting computation...
    Computation took 29.702377 s
  Sample 19...
Starting computation...
    Computation took 21.411851 s
  Sample 20...
Starting computation...
    Computation took 24.608714 s
  Sample 21...
Starting computation...
    Computation took 29.552373 s
  Sample 22...
Starting computation...
    Computation took 21.574553 s
  Sample 23...
Starting computation...
    Computation took 23.281631 s
  Sample 24...
Starting computation...
    Computation took 24.076868 s
  Sample 25...
Starting computation...
    Computation took 20.827648 s
  Sample 26...
Starting computation...
    Computation took 27.226531 s
  Sample 27...
Starting computation...
    Computation took 24.262807 s
  Sample 28...
Starting computation...
    Computation took 20.925696 s
  Sample 29...
Starting computation...
    Computation took 24.447213 s
  Sample 30...
Starting computation...
    Computation took 25.843156 s
  Sample 31...
Starting computation...
    Computation took 23.813603 s
  Sample 32...
Starting computation...
    Computation took 24.380584 s
  Sample 33...
Starting computation...
    Computation took 29.193485 s
  Sample 34...
Starting computation...
    Computation took 22.443196 s
  Sample 35...
Starting computation...
    Computation took 31.654130 s
  Sample 36...
Starting computation...
    Computation took 23.166319 s
  Sample 37...
Starting computation...
    Computation took 22.135461 s
  Sample 38...
Starting computation...
    Computation took 27.089677 s
  Sample 39...
Starting computation...
    Computation took 26.347007 s
  Sample 40...
Starting computation...
    Computation took 45.852885 s
  Sample 41...
Starting computation...
    Computation took 27.576474 s
  Sample 42...
Starting computation...
    Computation took 28.779523 s
  Sample 43...
Starting computation...
    Computation took 29.525389 s
  Sample 44...
Starting computation...
    Computation took 26.343002 s
  Sample 45...
Starting computation...
    Computation took 22.790663 s
  Sample 46...
Starting computation...
    Computation took 27.269680 s
  Sample 47...
Starting computation...
    Computation took 22.695799 s
  Sample 48...
Starting computation...
    Computation took 30.831898 s
  Sample 49...
Starting computation...
    Computation took 24.336750 s
  Sample 50...
Starting computation...
    Computation took 29.940839 s
  Sample 51...
Starting computation...
    Computation took 28.548225 s
  Sample 52...
Starting computation...
    Computation took 28.584824 s
  Sample 53...
Starting computation...
    Computation took 25.750476 s
  Sample 54...
Starting computation...
    Computation took 22.899088 s
  Sample 55...
Starting computation...
    Computation took 25.216446 s
  Sample 56...
Starting computation...
    Computation took 29.546767 s
  Sample 57...
Starting computation...
    Computation took 34.255054 s
  Sample 58...
Starting computation...
    Computation took 25.029278 s
  Sample 59...
Starting computation...
    Computation took 26.038799 s
  Sample 60...
Starting computation...
    Computation took 29.118983 s
  Sample 61...
Starting computation...
    Computation took 26.359068 s
  Sample 62...
Starting computation...
    Computation took 26.965159 s
  Sample 63...
Starting computation...
    Computation took 24.572372 s
  Sample 64...
Starting computation...
    Computation took 20.769167 s
  Sample 65...
Starting computation...
    Computation took 24.583438 s
  Sample 66...
Starting computation...
    Computation took 24.077164 s
  Sample 67...
Starting computation...
    Computation took 28.557566 s
  Sample 68...
Starting computation...
    Computation took 25.781595 s
  Sample 69...
Starting computation...
    Computation took 27.669067 s
  Sample 70...
Starting computation...
    Computation took 24.373090 s
  Sample 71...
Starting computation...
    Computation took 23.030452 s
  Sample 72...
Starting computation...
    Computation took 28.663116 s
  Sample 73...
Starting computation...
    Computation took 22.161967 s
  Sample 74...
Starting computation...
    Computation took 26.245027 s
  Sample 75...
Starting computation...
    Computation took 25.545177 s
  Sample 76...
Starting computation...
    Computation took 25.716195 s
  Sample 77...
Starting computation...
    Computation took 30.961287 s
  Sample 78...
Starting computation...
    Computation took 24.228460 s
  Sample 79...
Starting computation...
    Computation took 28.242337 s
  Sample 80...
Starting computation...
    Computation took 23.229796 s
  Sample 81...
Starting computation...
    Computation took 23.836889 s
  Sample 82...
Starting computation...
    Computation took 23.121971 s
  Sample 83...
Starting computation...
    Computation took 23.274671 s
  Sample 84...
Starting computation...
    Computation took 23.749299 s
  Sample 85...
Starting computation...
    Computation took 37.259387 s
  Sample 86...
Starting computation...
    Computation took 26.616355 s
  Sample 87...
Starting computation...
    Computation took 25.101216 s
  Sample 88...
Starting computation...
    Computation took 27.716796 s
  Sample 89...
Starting computation...
    Computation took 28.132840 s
  Sample 90...
Starting computation...
    Computation took 30.541155 s
  Sample 91...
Starting computation...
    Computation took 27.483554 s
  Sample 92...
Starting computation...
    Computation took 22.816411 s
  Sample 93...
Starting computation...
    Computation took 23.985684 s
  Sample 94...
Starting computation...
    Computation took 26.505002 s
  Sample 95...
Starting computation...
    Computation took 25.906303 s
  Sample 96...
Starting computation...
    Computation took 26.159469 s
  Sample 97...
Starting computation...
    Computation took 29.694475 s
  Sample 98...
Starting computation...
    Computation took 26.214248 s
  Sample 99...
Starting computation...
    Computation took 24.890208 s
Mean computation time: 25.960889 s
Mean deviation: 2.502690 s (9.64023%)
Mean computation time (per hash): 811.277783 ms
Mean deviation (per hash): 78.209074 ms
