Using device #0: CUDA Device 'GeForce GTX 1080 Ti'
  Sample 0...
Starting computation...
    Writing took     1.169297 ms
    Computation took 3.340371 s
    Reading took     37.395000 us
  Sample 1...
Starting computation...
    Writing took     813.561000 us
    Computation took 3.340380 s
    Reading took     30.079000 us
  Sample 2...
Starting computation...
    Writing took     732.569000 us
    Computation took 3.340109 s
    Reading took     30.909000 us
  Sample 3...
Starting computation...
    Writing took     755.732000 us
    Computation took 3.340311 s
    Reading took     31.210000 us
  Sample 4...
Starting computation...
    Writing took     749.952000 us
    Computation took 3.340229 s
    Reading took     30.833000 us
  Sample 5...
Starting computation...
    Writing took     720.342000 us
    Computation took 3.340206 s
    Reading took     31.637000 us
  Sample 6...
Starting computation...
    Writing took     754.296000 us
    Computation took 3.340158 s
    Reading took     33.095000 us
  Sample 7...
Starting computation...
    Writing took     814.086000 us
    Computation took 3.340288 s
    Reading took     30.916000 us
  Sample 8...
Starting computation...
    Writing took     754.154000 us
    Computation took 3.340299 s
    Reading took     30.848000 us
  Sample 9...
Starting computation...
    Writing took     749.029000 us
    Computation took 3.340310 s
    Reading took     36.252000 us
  Sample 10...
Starting computation...
    Writing took     895.929000 us
    Computation took 3.340379 s
    Reading took     33.086000 us
  Sample 11...
Starting computation...
    Writing took     814.931000 us
    Computation took 3.340297 s
    Reading took     29.826000 us
  Sample 12...
Starting computation...
    Writing took     719.281000 us
    Computation took 3.340192 s
    Reading took     31.558000 us
  Sample 13...
Starting computation...
    Writing took     767.571000 us
    Computation took 3.340293 s
    Reading took     29.541000 us
  Sample 14...
Starting computation...
    Writing took     692.140000 us
    Computation took 3.340307 s
    Reading took     40.681000 us
  Sample 15...
Starting computation...
    Writing took     746.074000 us
    Computation took 3.340272 s
    Reading took     33.226000 us
  Sample 16...
Starting computation...
    Writing took     840.944000 us
    Computation took 3.340284 s
    Reading took     46.185000 us
  Sample 17...
Starting computation...
    Writing took     1.297772 ms
    Computation took 3.340215 s
    Reading took     32.591000 us
  Sample 18...
Starting computation...
    Writing took     759.318000 us
    Computation took 3.340394 s
    Reading took     54.731000 us
  Sample 19...
Starting computation...
    Writing took     1.370080 ms
    Computation took 3.340349 s
    Reading took     32.741000 us
  Sample 20...
Starting computation...
    Writing took     728.961000 us
    Computation took 3.340340 s
    Reading took     69.875000 us
  Sample 21...
Starting computation...
    Writing took     1.572055 ms
    Computation took 3.340574 s
    Reading took     32.808000 us
  Sample 22...
Starting computation...
    Writing took     758.165000 us
    Computation took 3.340331 s
    Reading took     34.299000 us
  Sample 23...
Starting computation...
    Writing took     824.171000 us
    Computation took 3.340255 s
    Reading took     29.875000 us
  Sample 24...
Starting computation...
    Writing took     654.918000 us
    Computation took 3.340310 s
    Reading took     34.835000 us
  Sample 25...
Starting computation...
    Writing took     831.203000 us
    Computation took 3.340305 s
    Reading took     31.510000 us
  Sample 26...
Starting computation...
    Writing took     748.764000 us
    Computation took 3.340203 s
    Reading took     31.686000 us
  Sample 27...
Starting computation...
    Writing took     747.696000 us
    Computation took 3.340334 s
    Reading took     33.763000 us
  Sample 28...
Starting computation...
    Writing took     854.850000 us
    Computation took 3.340268 s
    Reading took     29.923000 us
  Sample 29...
Starting computation...
    Writing took     692.866000 us
    Computation took 3.340474 s
    Reading took     30.733000 us
  Sample 30...
Starting computation...
    Writing took     747.173000 us
    Computation took 3.340135 s
    Reading took     31.178000 us
  Sample 31...
Starting computation...
    Writing took     753.699000 us
    Computation took 3.340441 s
    Reading took     29.959000 us
  Sample 32...
Starting computation...
    Writing took     705.316000 us
    Computation took 3.340314 s
    Reading took     31.171000 us
  Sample 33...
Starting computation...
    Writing took     913.614000 us
    Computation took 3.340291 s
    Reading took     31.116000 us
  Sample 34...
Starting computation...
    Writing took     803.448000 us
    Computation took 3.340225 s
    Reading took     31.062000 us
  Sample 35...
Starting computation...
    Writing took     753.746000 us
    Computation took 3.340263 s
    Reading took     31.219000 us
  Sample 36...
Starting computation...
    Writing took     749.101000 us
    Computation took 3.340168 s
    Reading took     30.360000 us
  Sample 37...
Starting computation...
    Writing took     783.329000 us
    Computation took 3.340377 s
    Reading took     31.280000 us
  Sample 38...
Starting computation...
    Writing took     789.034000 us
    Computation took 3.340317 s
    Reading took     31.956000 us
  Sample 39...
Starting computation...
    Writing took     756.625000 us
    Computation took 3.340373 s
    Reading took     31.023000 us
  Sample 40...
Starting computation...
    Writing took     759.956000 us
    Computation took 3.340284 s
    Reading took     45.915000 us
  Sample 41...
Starting computation...
    Writing took     1.237269 ms
    Computation took 3.340283 s
    Reading took     52.166000 us
  Sample 42...
Starting computation...
    Writing took     1.328395 ms
    Computation took 3.340232 s
    Reading took     30.867000 us
  Sample 43...
Starting computation...
    Writing took     748.768000 us
    Computation took 3.340367 s
    Reading took     45.459000 us
  Sample 44...
Starting computation...
    Writing took     1.286999 ms
    Computation took 3.340154 s
    Reading took     34.042000 us
  Sample 45...
Starting computation...
    Writing took     820.044000 us
    Computation took 3.340226 s
    Reading took     31.394000 us
  Sample 46...
Starting computation...
    Writing took     750.939000 us
    Computation took 3.340249 s
    Reading took     30.775000 us
  Sample 47...
Starting computation...
    Writing took     899.131000 us
    Computation took 3.340217 s
    Reading took     32.929000 us
  Sample 48...
Starting computation...
    Writing took     844.444000 us
    Computation took 3.340033 s
    Reading took     46.028000 us
  Sample 49...
Starting computation...
    Writing took     983.109000 us
    Computation took 3.340070 s
    Reading took     30.712000 us
  Sample 50...
Starting computation...
    Writing took     750.002000 us
    Computation took 3.340249 s
    Reading took     31.153000 us
  Sample 51...
Starting computation...
    Writing took     749.394000 us
    Computation took 3.340396 s
    Reading took     35.918000 us
  Sample 52...
Starting computation...
    Writing took     933.455000 us
    Computation took 3.340231 s
    Reading took     31.183000 us
  Sample 53...
Starting computation...
    Writing took     756.165000 us
    Computation took 3.340345 s
    Reading took     31.126000 us
  Sample 54...
Starting computation...
    Writing took     750.121000 us
    Computation took 3.340412 s
    Reading took     30.706000 us
  Sample 55...
Starting computation...
    Writing took     760.738000 us
    Computation took 3.340560 s
    Reading took     31.455000 us
  Sample 56...
Starting computation...
    Writing took     719.926000 us
    Computation took 3.340415 s
    Reading took     31.053000 us
  Sample 57...
Starting computation...
    Writing took     749.062000 us
    Computation took 3.340400 s
    Reading took     31.093000 us
  Sample 58...
Starting computation...
    Writing took     753.448000 us
    Computation took 3.340331 s
    Reading took     33.497000 us
  Sample 59...
Starting computation...
    Writing took     816.276000 us
    Computation took 3.340339 s
    Reading took     31.643000 us
  Sample 60...
Starting computation...
    Writing took     748.852000 us
    Computation took 3.340390 s
    Reading took     30.673000 us
  Sample 61...
Starting computation...
    Writing took     753.653000 us
    Computation took 3.340397 s
    Reading took     31.724000 us
  Sample 62...
Starting computation...
    Writing took     806.403000 us
    Computation took 3.340333 s
    Reading took     34.509000 us
  Sample 63...
Starting computation...
    Writing took     776.522000 us
    Computation took 3.340539 s
    Reading took     30.637000 us
  Sample 64...
Starting computation...
    Writing took     748.998000 us
    Computation took 3.340234 s
    Reading took     32.592000 us
  Sample 65...
Starting computation...
    Writing took     769.489000 us
    Computation took 3.340410 s
    Reading took     31.186000 us
  Sample 66...
Starting computation...
    Writing took     756.042000 us
    Computation took 3.340403 s
    Reading took     30.700000 us
  Sample 67...
Starting computation...
    Writing took     748.041000 us
    Computation took 3.340391 s
    Reading took     30.665000 us
  Sample 68...
Starting computation...
    Writing took     755.598000 us
    Computation took 3.340343 s
    Reading took     31.278000 us
  Sample 69...
Starting computation...
    Writing took     748.003000 us
    Computation took 3.340429 s
    Reading took     33.288000 us
  Sample 70...
Starting computation...
    Writing took     813.177000 us
    Computation took 3.340281 s
    Reading took     42.451000 us
  Sample 71...
Starting computation...
    Writing took     885.848000 us
    Computation took 3.340321 s
    Reading took     34.130000 us
  Sample 72...
Starting computation...
    Writing took     813.148000 us
    Computation took 3.340379 s
    Reading took     49.650000 us
  Sample 73...
Starting computation...
    Writing took     1.029522 ms
    Computation took 3.340485 s
    Reading took     31.739000 us
  Sample 74...
Starting computation...
    Writing took     805.163000 us
    Computation took 3.340356 s
    Reading took     30.893000 us
  Sample 75...
Starting computation...
    Writing took     719.623000 us
    Computation took 3.340520 s
    Reading took     28.132000 us
  Sample 76...
Starting computation...
    Writing took     644.635000 us
    Computation took 3.340241 s
    Reading took     46.712000 us
  Sample 77...
Starting computation...
    Writing took     834.579000 us
    Computation took 3.340394 s
    Reading took     53.934000 us
  Sample 78...
Starting computation...
    Writing took     1.395435 ms
    Computation took 3.340332 s
    Reading took     30.863000 us
  Sample 79...
Starting computation...
    Writing took     752.822000 us
    Computation took 3.340278 s
    Reading took     38.617000 us
  Sample 80...
Starting computation...
    Writing took     775.722000 us
    Computation took 3.340418 s
    Reading took     31.824000 us
  Sample 81...
Starting computation...
    Writing took     748.755000 us
    Computation took 3.340562 s
    Reading took     31.436000 us
  Sample 82...
Starting computation...
    Writing took     749.917000 us
    Computation took 3.340330 s
    Reading took     30.688000 us
  Sample 83...
Starting computation...
    Writing took     747.494000 us
    Computation took 3.340494 s
    Reading took     31.137000 us
  Sample 84...
Starting computation...
    Writing took     748.160000 us
    Computation took 3.340411 s
    Reading took     54.379000 us
  Sample 85...
Starting computation...
    Writing took     1.394067 ms
    Computation took 3.340378 s
    Reading took     42.643000 us
  Sample 86...
Starting computation...
    Writing took     1.047150 ms
    Computation took 3.340484 s
    Reading took     31.091000 us
  Sample 87...
Starting computation...
    Writing took     764.329000 us
    Computation took 3.340538 s
    Reading took     31.155000 us
  Sample 88...
Starting computation...
    Writing took     749.514000 us
    Computation took 3.340314 s
    Reading took     31.204000 us
  Sample 89...
Starting computation...
    Writing took     755.472000 us
    Computation took 3.340620 s
    Reading took     33.536000 us
  Sample 90...
Starting computation...
    Writing took     900.604000 us
    Computation took 3.340422 s
    Reading took     31.277000 us
  Sample 91...
Starting computation...
    Writing took     945.425000 us
    Computation took 3.340454 s
    Reading took     29.535000 us
  Sample 92...
Starting computation...
    Writing took     698.023000 us
    Computation took 3.340418 s
    Reading took     32.952000 us
  Sample 93...
Starting computation...
    Writing took     757.961000 us
    Computation took 3.340485 s
    Reading took     35.156000 us
  Sample 94...
Starting computation...
    Writing took     753.536000 us
    Computation took 3.340360 s
    Reading took     27.902000 us
  Sample 95...
Starting computation...
    Writing took     675.947000 us
    Computation took 3.340575 s
    Reading took     30.149000 us
  Sample 96...
Starting computation...
    Writing took     719.715000 us
    Computation took 3.340347 s
    Reading took     30.275000 us
  Sample 97...
Starting computation...
    Writing took     693.061000 us
    Computation took 3.340402 s
    Reading took     30.479000 us
  Sample 98...
Starting computation...
    Writing took     720.641000 us
    Computation took 3.340305 s
    Reading took     30.483000 us
  Sample 99...
Starting computation...
    Writing took     748.278000 us
    Computation took 3.340373 s
    Reading took     30.497000 us
Mean computation time: 3.340339 s
Mean deviation: 85.239000 us (0.00255181%)
Mean computation time (per hash): 334.033881 ms
Mean deviation (per hash): 8.523000 us
