Using device #0: CUDA Device 'GeForce GTX 1080 Ti'
  Sample 0...
Starting computation...
    Writing took     619.593000 us
    Computation took 2.949832 s
    Reading took     30.933000 us
  Sample 1...
Starting computation...
    Writing took     610.949000 us
    Computation took 2.950143 s
    Reading took     26.283000 us
  Sample 2...
Starting computation...
    Writing took     598.574000 us
    Computation took 2.949652 s
    Reading took     23.627000 us
  Sample 3...
Starting computation...
    Writing took     533.869000 us
    Computation took 2.949542 s
    Reading took     36.553000 us
  Sample 4...
Starting computation...
    Writing took     626.619000 us
    Computation took 2.949812 s
    Reading took     25.255000 us
  Sample 5...
Starting computation...
    Writing took     660.778000 us
    Computation took 2.949940 s
    Reading took     25.330000 us
  Sample 6...
Starting computation...
    Writing took     607.666000 us
    Computation took 2.949880 s
    Reading took     26.205000 us
  Sample 7...
Starting computation...
    Writing took     600.343000 us
    Computation took 2.949847 s
    Reading took     31.106000 us
  Sample 8...
Starting computation...
    Writing took     665.532000 us
    Computation took 2.950037 s
    Reading took     26.896000 us
  Sample 9...
Starting computation...
    Writing took     606.787000 us
    Computation took 2.950029 s
    Reading took     26.362000 us
  Sample 10...
Starting computation...
    Writing took     607.600000 us
    Computation took 2.949608 s
    Reading took     28.783000 us
  Sample 11...
Starting computation...
    Writing took     656.682000 us
    Computation took 2.949913 s
    Reading took     26.919000 us
  Sample 12...
Starting computation...
    Writing took     612.506000 us
    Computation took 2.949859 s
    Reading took     43.615000 us
  Sample 13...
Starting computation...
    Writing took     1.077956 ms
    Computation took 2.949776 s
    Reading took     27.215000 us
  Sample 14...
Starting computation...
    Writing took     608.524000 us
    Computation took 2.949978 s
    Reading took     31.287000 us
  Sample 15...
Starting computation...
    Writing took     620.119000 us
    Computation took 2.950107 s
    Reading took     26.609000 us
  Sample 16...
Starting computation...
    Writing took     581.625000 us
    Computation took 2.949962 s
    Reading took     41.668000 us
  Sample 17...
Starting computation...
    Writing took     887.573000 us
    Computation took 2.949665 s
    Reading took     27.020000 us
  Sample 18...
Starting computation...
    Writing took     690.652000 us
    Computation took 2.949810 s
    Reading took     27.381000 us
  Sample 19...
Starting computation...
    Writing took     679.696000 us
    Computation took 2.949824 s
    Reading took     27.061000 us
  Sample 20...
Starting computation...
    Writing took     614.193000 us
    Computation took 2.950003 s
    Reading took     26.087000 us
  Sample 21...
Starting computation...
    Writing took     662.231000 us
    Computation took 2.950284 s
    Reading took     27.243000 us
  Sample 22...
Starting computation...
    Writing took     601.367000 us
    Computation took 2.949955 s
    Reading took     34.460000 us
  Sample 23...
Starting computation...
    Writing took     918.859000 us
    Computation took 2.950362 s
    Reading took     26.818000 us
  Sample 24...
Starting computation...
    Writing took     619.078000 us
    Computation took 2.949908 s
    Reading took     44.919000 us
  Sample 25...
Starting computation...
    Writing took     1.127091 ms
    Computation took 2.950002 s
    Reading took     38.820000 us
  Sample 26...
Starting computation...
    Writing took     612.433000 us
    Computation took 2.950038 s
    Reading took     26.884000 us
  Sample 27...
Starting computation...
    Writing took     605.235000 us
    Computation took 2.950051 s
    Reading took     34.261000 us
  Sample 28...
Starting computation...
    Writing took     922.394000 us
    Computation took 2.949667 s
    Reading took     27.116000 us
  Sample 29...
Starting computation...
    Writing took     606.447000 us
    Computation took 2.949873 s
    Reading took     25.139000 us
  Sample 30...
Starting computation...
    Writing took     542.416000 us
    Computation took 2.949905 s
    Reading took     32.045000 us
  Sample 31...
Starting computation...
    Writing took     809.556000 us
    Computation took 2.949710 s
    Reading took     27.607000 us
  Sample 32...
Starting computation...
    Writing took     600.400000 us
    Computation took 2.949886 s
    Reading took     27.081000 us
  Sample 33...
Starting computation...
    Writing took     606.565000 us
    Computation took 2.949764 s
    Reading took     28.751000 us
  Sample 34...
Starting computation...
    Writing took     665.432000 us
    Computation took 2.949798 s
    Reading took     26.851000 us
  Sample 35...
Starting computation...
    Writing took     606.943000 us
    Computation took 2.950036 s
    Reading took     26.523000 us
  Sample 36...
Starting computation...
    Writing took     774.210000 us
    Computation took 2.949559 s
    Reading took     26.210000 us
  Sample 37...
Starting computation...
    Writing took     597.760000 us
    Computation took 2.949694 s
    Reading took     27.773000 us
  Sample 38...
Starting computation...
    Writing took     651.220000 us
    Computation took 2.949830 s
    Reading took     26.094000 us
  Sample 39...
Starting computation...
    Writing took     611.849000 us
    Computation took 2.950053 s
    Reading took     38.140000 us
  Sample 40...
Starting computation...
    Writing took     896.234000 us
    Computation took 2.949880 s
    Reading took     25.674000 us
  Sample 41...
Starting computation...
    Writing took     599.062000 us
    Computation took 2.949707 s
    Reading took     25.750000 us
  Sample 42...
Starting computation...
    Writing took     667.955000 us
    Computation took 2.949822 s
    Reading took     26.024000 us
  Sample 43...
Starting computation...
    Writing took     845.086000 us
    Computation took 2.949877 s
    Reading took     25.862000 us
  Sample 44...
Starting computation...
    Writing took     598.176000 us
    Computation took 2.950188 s
    Reading took     23.543000 us
  Sample 45...
Starting computation...
    Writing took     535.536000 us
    Computation took 2.950146 s
    Reading took     26.210000 us
  Sample 46...
Starting computation...
    Writing took     598.683000 us
    Computation took 2.950177 s
    Reading took     25.696000 us
  Sample 47...
Starting computation...
    Writing took     614.123000 us
    Computation took 2.949803 s
    Reading took     25.195000 us
  Sample 48...
Starting computation...
    Writing took     599.091000 us
    Computation took 2.949690 s
    Reading took     25.590000 us
  Sample 49...
Starting computation...
    Writing took     692.233000 us
    Computation took 2.949856 s
    Reading took     24.264000 us
  Sample 50...
Starting computation...
    Writing took     553.143000 us
    Computation took 2.949777 s
    Reading took     25.790000 us
  Sample 51...
Starting computation...
    Writing took     877.565000 us
    Computation took 2.949804 s
    Reading took     25.889000 us
  Sample 52...
Starting computation...
    Writing took     598.541000 us
    Computation took 2.949716 s
    Reading took     25.375000 us
  Sample 53...
Starting computation...
    Writing took     687.032000 us
    Computation took 2.949890 s
    Reading took     25.405000 us
  Sample 54...
Starting computation...
    Writing took     601.926000 us
    Computation took 2.950007 s
    Reading took     25.298000 us
  Sample 55...
Starting computation...
    Writing took     597.956000 us
    Computation took 2.949680 s
    Reading took     26.641000 us
  Sample 56...
Starting computation...
    Writing took     749.368000 us
    Computation took 2.949961 s
    Reading took     26.193000 us
  Sample 57...
Starting computation...
    Writing took     783.650000 us
    Computation took 2.949716 s
    Reading took     38.731000 us
  Sample 58...
Starting computation...
    Writing took     919.151000 us
    Computation took 2.949749 s
    Reading took     25.454000 us
  Sample 59...
Starting computation...
    Writing took     599.312000 us
    Computation took 2.949955 s
    Reading took     25.213000 us
  Sample 60...
Starting computation...
    Writing took     598.003000 us
    Computation took 2.949860 s
    Reading took     26.951000 us
  Sample 61...
Starting computation...
    Writing took     606.309000 us
    Computation took 2.950074 s
    Reading took     27.190000 us
  Sample 62...
Starting computation...
    Writing took     747.039000 us
    Computation took 2.949782 s
    Reading took     27.370000 us
  Sample 63...
Starting computation...
    Writing took     606.404000 us
    Computation took 2.949803 s
    Reading took     25.769000 us
  Sample 64...
Starting computation...
    Writing took     582.591000 us
    Computation took 2.949830 s
    Reading took     27.266000 us
  Sample 65...
Starting computation...
    Writing took     611.177000 us
    Computation took 2.949825 s
    Reading took     27.238000 us
  Sample 66...
Starting computation...
    Writing took     604.460000 us
    Computation took 2.949715 s
    Reading took     26.921000 us
  Sample 67...
Starting computation...
    Writing took     662.484000 us
    Computation took 2.949545 s
    Reading took     26.965000 us
  Sample 68...
Starting computation...
    Writing took     606.422000 us
    Computation took 2.949791 s
    Reading took     26.439000 us
  Sample 69...
Starting computation...
    Writing took     606.094000 us
    Computation took 2.949746 s
    Reading took     27.216000 us
  Sample 70...
Starting computation...
    Writing took     610.871000 us
    Computation took 2.949597 s
    Reading took     27.311000 us
  Sample 71...
Starting computation...
    Writing took     606.710000 us
    Computation took 2.950087 s
    Reading took     26.995000 us
  Sample 72...
Starting computation...
    Writing took     605.316000 us
    Computation took 2.949916 s
    Reading took     27.032000 us
  Sample 73...
Starting computation...
    Writing took     680.596000 us
    Computation took 2.950053 s
    Reading took     26.727000 us
  Sample 74...
Starting computation...
    Writing took     607.202000 us
    Computation took 2.949915 s
    Reading took     32.136000 us
  Sample 75...
Starting computation...
    Writing took     904.134000 us
    Computation took 2.950345 s
    Reading took     40.497000 us
  Sample 76...
Starting computation...
    Writing took     894.058000 us
    Computation took 2.949676 s
    Reading took     26.590000 us
  Sample 77...
Starting computation...
    Writing took     604.735000 us
    Computation took 2.949872 s
    Reading took     26.905000 us
  Sample 78...
Starting computation...
    Writing took     607.161000 us
    Computation took 2.950047 s
    Reading took     26.733000 us
  Sample 79...
Starting computation...
    Writing took     607.240000 us
    Computation took 2.949731 s
    Reading took     27.211000 us
  Sample 80...
Starting computation...
    Writing took     607.710000 us
    Computation took 2.949677 s
    Reading took     26.543000 us
  Sample 81...
Starting computation...
    Writing took     605.323000 us
    Computation took 2.949982 s
    Reading took     26.388000 us
  Sample 82...
Starting computation...
    Writing took     618.097000 us
    Computation took 2.949351 s
    Reading took     26.411000 us
  Sample 83...
Starting computation...
    Writing took     605.367000 us
    Computation took 2.949978 s
    Reading took     24.358000 us
  Sample 84...
Starting computation...
    Writing took     712.630000 us
    Computation took 2.949747 s
    Reading took     34.883000 us
  Sample 85...
Starting computation...
    Writing took     921.790000 us
    Computation took 2.949846 s
    Reading took     26.682000 us
  Sample 86...
Starting computation...
    Writing took     606.436000 us
    Computation took 2.949900 s
    Reading took     37.135000 us
  Sample 87...
Starting computation...
    Writing took     606.493000 us
    Computation took 2.950179 s
    Reading took     25.024000 us
  Sample 88...
Starting computation...
    Writing took     562.529000 us
    Computation took 2.949931 s
    Reading took     32.985000 us
  Sample 89...
Starting computation...
    Writing took     721.025000 us
    Computation took 2.949837 s
    Reading took     26.468000 us
  Sample 90...
Starting computation...
    Writing took     608.543000 us
    Computation took 2.949962 s
    Reading took     29.294000 us
  Sample 91...
Starting computation...
    Writing took     671.478000 us
    Computation took 2.949610 s
    Reading took     25.872000 us
  Sample 92...
Starting computation...
    Writing took     599.109000 us
    Computation took 2.949871 s
    Reading took     26.676000 us
  Sample 93...
Starting computation...
    Writing took     647.702000 us
    Computation took 2.950118 s
    Reading took     42.422000 us
  Sample 94...
Starting computation...
    Writing took     710.972000 us
    Computation took 2.949985 s
    Reading took     38.316000 us
  Sample 95...
Starting computation...
    Writing took     663.558000 us
    Computation took 2.949707 s
    Reading took     25.717000 us
  Sample 96...
Starting computation...
    Writing took     635.274000 us
    Computation took 2.950207 s
    Reading took     26.231000 us
  Sample 97...
Starting computation...
    Writing took     598.744000 us
    Computation took 2.949874 s
    Reading took     27.272000 us
  Sample 98...
Starting computation...
    Writing took     606.471000 us
    Computation took 2.949882 s
    Reading took     27.014000 us
  Sample 99...
Starting computation...
    Writing took     613.238000 us
    Computation took 2.949636 s
    Reading took     25.987000 us
Mean computation time: 2.949875 s
Mean deviation: 139.952000 us (0.00474434%)
Mean computation time (per hash): 368.734346 ms
Mean deviation (per hash): 17.494000 us
