Using device #0: CUDA Device 'GeForce GTX 1080 Ti'
  Sample 0...
Starting computation...
    Writing took     89.553000 us
    Computation took 2.996198 s
    Reading took     11.229000 us
  Sample 1...
Starting computation...
    Writing took     77.092000 us
    Computation took 2.996319 s
    Reading took     6.623000 us
  Sample 2...
Starting computation...
    Writing took     76.596000 us
    Computation took 2.996010 s
    Reading took     6.681000 us
  Sample 3...
Starting computation...
    Writing took     79.496000 us
    Computation took 2.996208 s
    Reading took     6.785000 us
  Sample 4...
Starting computation...
    Writing took     76.611000 us
    Computation took 2.996148 s
    Reading took     7.428000 us
  Sample 5...
Starting computation...
    Writing took     77.292000 us
    Computation took 2.996251 s
    Reading took     6.331000 us
  Sample 6...
Starting computation...
    Writing took     78.129000 us
    Computation took 2.996051 s
    Reading took     6.970000 us
  Sample 7...
Starting computation...
    Writing took     77.526000 us
    Computation took 2.996107 s
    Reading took     6.539000 us
  Sample 8...
Starting computation...
    Writing took     77.434000 us
    Computation took 2.996133 s
    Reading took     7.122000 us
  Sample 9...
Starting computation...
    Writing took     78.915000 us
    Computation took 2.996142 s
    Reading took     6.499000 us
  Sample 10...
Starting computation...
    Writing took     78.003000 us
    Computation took 2.996241 s
    Reading took     6.587000 us
  Sample 11...
Starting computation...
    Writing took     77.790000 us
    Computation took 2.996109 s
    Reading took     6.363000 us
  Sample 12...
Starting computation...
    Writing took     78.340000 us
    Computation took 2.996268 s
    Reading took     6.772000 us
  Sample 13...
Starting computation...
    Writing took     77.754000 us
    Computation took 2.996229 s
    Reading took     6.479000 us
  Sample 14...
Starting computation...
    Writing took     78.148000 us
    Computation took 2.996123 s
    Reading took     9.770000 us
  Sample 15...
Starting computation...
    Writing took     130.202000 us
    Computation took 2.996275 s
    Reading took     6.614000 us
  Sample 16...
Starting computation...
    Writing took     78.009000 us
    Computation took 2.996197 s
    Reading took     6.607000 us
  Sample 17...
Starting computation...
    Writing took     72.421000 us
    Computation took 2.996236 s
    Reading took     9.585000 us
  Sample 18...
Starting computation...
    Writing took     72.343000 us
    Computation took 2.996167 s
    Reading took     6.424000 us
  Sample 19...
Starting computation...
    Writing took     79.559000 us
    Computation took 2.996158 s
    Reading took     6.389000 us
  Sample 20...
Starting computation...
    Writing took     77.211000 us
    Computation took 2.996241 s
    Reading took     6.409000 us
  Sample 21...
Starting computation...
    Writing took     77.723000 us
    Computation took 2.996096 s
    Reading took     6.259000 us
  Sample 22...
Starting computation...
    Writing took     77.448000 us
    Computation took 2.996254 s
    Reading took     6.335000 us
  Sample 23...
Starting computation...
    Writing took     77.908000 us
    Computation took 2.996141 s
    Reading took     6.596000 us
  Sample 24...
Starting computation...
    Writing took     77.590000 us
    Computation took 2.996190 s
    Reading took     6.479000 us
  Sample 25...
Starting computation...
    Writing took     77.904000 us
    Computation took 2.996262 s
    Reading took     6.227000 us
  Sample 26...
Starting computation...
    Writing took     69.695000 us
    Computation took 2.996128 s
    Reading took     7.520000 us
  Sample 27...
Starting computation...
    Writing took     77.728000 us
    Computation took 2.996044 s
    Reading took     7.060000 us
  Sample 28...
Starting computation...
    Writing took     77.609000 us
    Computation took 2.996115 s
    Reading took     7.122000 us
  Sample 29...
Starting computation...
    Writing took     80.557000 us
    Computation took 2.996072 s
    Reading took     7.374000 us
  Sample 30...
Starting computation...
    Writing took     78.043000 us
    Computation took 2.996123 s
    Reading took     11.089000 us
  Sample 31...
Starting computation...
    Writing took     136.800000 us
    Computation took 2.996096 s
    Reading took     5.977000 us
  Sample 32...
Starting computation...
    Writing took     61.175000 us
    Computation took 2.996215 s
    Reading took     6.714000 us
  Sample 33...
Starting computation...
    Writing took     77.249000 us
    Computation took 2.996166 s
    Reading took     6.888000 us
  Sample 34...
Starting computation...
    Writing took     106.997000 us
    Computation took 2.996185 s
    Reading took     6.801000 us
  Sample 35...
Starting computation...
    Writing took     77.113000 us
    Computation took 2.996120 s
    Reading took     11.163000 us
  Sample 36...
Starting computation...
    Writing took     130.473000 us
    Computation took 2.996270 s
    Reading took     7.886000 us
  Sample 37...
Starting computation...
    Writing took     76.748000 us
    Computation took 2.996121 s
    Reading took     7.084000 us
  Sample 38...
Starting computation...
    Writing took     76.586000 us
    Computation took 2.996159 s
    Reading took     7.062000 us
  Sample 39...
Starting computation...
    Writing took     78.168000 us
    Computation took 2.996054 s
    Reading took     6.494000 us
  Sample 40...
Starting computation...
    Writing took     76.086000 us
    Computation took 2.996125 s
    Reading took     7.126000 us
  Sample 41...
Starting computation...
    Writing took     76.907000 us
    Computation took 2.996099 s
    Reading took     7.121000 us
  Sample 42...
Starting computation...
    Writing took     76.374000 us
    Computation took 2.996292 s
    Reading took     6.716000 us
  Sample 43...
Starting computation...
    Writing took     78.395000 us
    Computation took 2.996121 s
    Reading took     7.333000 us
  Sample 44...
Starting computation...
    Writing took     78.201000 us
    Computation took 2.996343 s
    Reading took     6.555000 us
  Sample 45...
Starting computation...
    Writing took     78.088000 us
    Computation took 2.996107 s
    Reading took     9.760000 us
  Sample 46...
Starting computation...
    Writing took     104.341000 us
    Computation took 2.996136 s
    Reading took     6.108000 us
  Sample 47...
Starting computation...
    Writing took     67.276000 us
    Computation took 2.996117 s
    Reading took     6.611000 us
  Sample 48...
Starting computation...
    Writing took     79.901000 us
    Computation took 2.996318 s
    Reading took     6.808000 us
  Sample 49...
Starting computation...
    Writing took     78.219000 us
    Computation took 2.996212 s
    Reading took     6.430000 us
  Sample 50...
Starting computation...
    Writing took     78.384000 us
    Computation took 2.996267 s
    Reading took     6.196000 us
  Sample 51...
Starting computation...
    Writing took     64.995000 us
    Computation took 2.996267 s
    Reading took     7.566000 us
  Sample 52...
Starting computation...
    Writing took     76.630000 us
    Computation took 2.996154 s
    Reading took     9.678000 us
  Sample 53...
Starting computation...
    Writing took     113.560000 us
    Computation took 2.996236 s
    Reading took     7.141000 us
  Sample 54...
Starting computation...
    Writing took     76.604000 us
    Computation took 2.996208 s
    Reading took     6.848000 us
  Sample 55...
Starting computation...
    Writing took     76.386000 us
    Computation took 2.996229 s
    Reading took     6.634000 us
  Sample 56...
Starting computation...
    Writing took     76.994000 us
    Computation took 2.996117 s
    Reading took     6.999000 us
  Sample 57...
Starting computation...
    Writing took     76.196000 us
    Computation took 2.996177 s
    Reading took     7.327000 us
  Sample 58...
Starting computation...
    Writing took     78.053000 us
    Computation took 2.996229 s
    Reading took     6.782000 us
  Sample 59...
Starting computation...
    Writing took     76.666000 us
    Computation took 2.996097 s
    Reading took     7.727000 us
  Sample 60...
Starting computation...
    Writing took     76.275000 us
    Computation took 2.996058 s
    Reading took     16.347000 us
  Sample 61...
Starting computation...
    Writing took     77.109000 us
    Computation took 2.996166 s
    Reading took     7.006000 us
  Sample 62...
Starting computation...
    Writing took     76.944000 us
    Computation took 2.996325 s
    Reading took     6.041000 us
  Sample 63...
Starting computation...
    Writing took     62.033000 us
    Computation took 2.996083 s
    Reading took     6.143000 us
  Sample 64...
Starting computation...
    Writing took     77.607000 us
    Computation took 2.996181 s
    Reading took     6.491000 us
  Sample 65...
Starting computation...
    Writing took     77.298000 us
    Computation took 2.996100 s
    Reading took     10.295000 us
  Sample 66...
Starting computation...
    Writing took     130.459000 us
    Computation took 2.996085 s
    Reading took     6.089000 us
  Sample 67...
Starting computation...
    Writing took     65.072000 us
    Computation took 2.996209 s
    Reading took     6.517000 us
  Sample 68...
Starting computation...
    Writing took     67.010000 us
    Computation took 2.996191 s
    Reading took     6.301000 us
  Sample 69...
Starting computation...
    Writing took     67.033000 us
    Computation took 2.996215 s
    Reading took     9.329000 us
  Sample 70...
Starting computation...
    Writing took     76.922000 us
    Computation took 2.996163 s
    Reading took     13.134000 us
  Sample 71...
Starting computation...
    Writing took     129.248000 us
    Computation took 2.996097 s
    Reading took     7.367000 us
  Sample 72...
Starting computation...
    Writing took     69.575000 us
    Computation took 2.996125 s
    Reading took     7.666000 us
  Sample 73...
Starting computation...
    Writing took     76.355000 us
    Computation took 2.996167 s
    Reading took     7.511000 us
  Sample 74...
Starting computation...
    Writing took     76.749000 us
    Computation took 2.996155 s
    Reading took     7.496000 us
  Sample 75...
Starting computation...
    Writing took     76.865000 us
    Computation took 2.996286 s
    Reading took     11.019000 us
  Sample 76...
Starting computation...
    Writing took     129.139000 us
    Computation took 2.996165 s
    Reading took     6.717000 us
  Sample 77...
Starting computation...
    Writing took     68.728000 us
    Computation took 2.996094 s
    Reading took     6.850000 us
  Sample 78...
Starting computation...
    Writing took     78.729000 us
    Computation took 2.996196 s
    Reading took     6.800000 us
  Sample 79...
Starting computation...
    Writing took     76.803000 us
    Computation took 2.996210 s
    Reading took     6.932000 us
  Sample 80...
Starting computation...
    Writing took     77.127000 us
    Computation took 2.996143 s
    Reading took     6.193000 us
  Sample 81...
Starting computation...
    Writing took     77.960000 us
    Computation took 2.996228 s
    Reading took     6.146000 us
  Sample 82...
Starting computation...
    Writing took     64.993000 us
    Computation took 2.996207 s
    Reading took     5.934000 us
  Sample 83...
Starting computation...
    Writing took     72.061000 us
    Computation took 2.996142 s
    Reading took     5.675000 us
  Sample 84...
Starting computation...
    Writing took     65.483000 us
    Computation took 2.996217 s
    Reading took     6.405000 us
  Sample 85...
Starting computation...
    Writing took     77.687000 us
    Computation took 2.996282 s
    Reading took     7.225000 us
  Sample 86...
Starting computation...
    Writing took     77.539000 us
    Computation took 2.996154 s
    Reading took     6.152000 us
  Sample 87...
Starting computation...
    Writing took     79.077000 us
    Computation took 2.996169 s
    Reading took     6.326000 us
  Sample 88...
Starting computation...
    Writing took     77.181000 us
    Computation took 2.996266 s
    Reading took     6.918000 us
  Sample 89...
Starting computation...
    Writing took     78.090000 us
    Computation took 2.996107 s
    Reading took     6.292000 us
  Sample 90...
Starting computation...
    Writing took     78.037000 us
    Computation took 2.996112 s
    Reading took     7.200000 us
  Sample 91...
Starting computation...
    Writing took     77.982000 us
    Computation took 2.996202 s
    Reading took     6.392000 us
  Sample 92...
Starting computation...
    Writing took     78.041000 us
    Computation took 2.996131 s
    Reading took     8.389000 us
  Sample 93...
Starting computation...
    Writing took     131.064000 us
    Computation took 2.996250 s
    Reading took     6.122000 us
  Sample 94...
Starting computation...
    Writing took     66.165000 us
    Computation took 2.996169 s
    Reading took     7.544000 us
  Sample 95...
Starting computation...
    Writing took     78.820000 us
    Computation took 2.996207 s
    Reading took     6.863000 us
  Sample 96...
Starting computation...
    Writing took     65.217000 us
    Computation took 2.996174 s
    Reading took     6.450000 us
  Sample 97...
Starting computation...
    Writing took     79.220000 us
    Computation took 2.996268 s
    Reading took     6.167000 us
  Sample 98...
Starting computation...
    Writing took     77.799000 us
    Computation took 2.996145 s
    Reading took     7.036000 us
  Sample 99...
Starting computation...
    Writing took     77.234000 us
    Computation took 2.996153 s
    Reading took     6.294000 us
Mean computation time: 2.996175 s
Mean deviation: 57.949000 us (0.0019341%)
Mean computation time (per hash): 2.996175 s
Mean deviation (per hash): 57.949000 us
