Using device #0: CUDA Device 'GeForce GTX 1080 Ti'
  Sample 0...
Starting computation...
    Writing took     182.294000 us
    Computation took 3.306175 s
    Reading took     16.080000 us
  Sample 1...
Starting computation...
    Writing took     151.988000 us
    Computation took 3.305702 s
    Reading took     12.123000 us
  Sample 2...
Starting computation...
    Writing took     152.733000 us
    Computation took 3.306331 s
    Reading took     11.262000 us
  Sample 3...
Starting computation...
    Writing took     152.091000 us
    Computation took 3.305913 s
    Reading took     8.917000 us
  Sample 4...
Starting computation...
    Writing took     130.844000 us
    Computation took 3.306243 s
    Reading took     12.580000 us
  Sample 5...
Starting computation...
    Writing took     151.667000 us
    Computation took 3.305712 s
    Reading took     11.581000 us
  Sample 6...
Starting computation...
    Writing took     152.731000 us
    Computation took 3.306146 s
    Reading took     9.151000 us
  Sample 7...
Starting computation...
    Writing took     136.445000 us
    Computation took 3.305850 s
    Reading took     14.553000 us
  Sample 8...
Starting computation...
    Writing took     238.084000 us
    Computation took 3.306305 s
    Reading took     12.224000 us
  Sample 9...
Starting computation...
    Writing took     137.875000 us
    Computation took 3.305691 s
    Reading took     10.742000 us
  Sample 10...
Starting computation...
    Writing took     151.970000 us
    Computation took 3.306196 s
    Reading took     13.269000 us
  Sample 11...
Starting computation...
    Writing took     152.263000 us
    Computation took 3.305673 s
    Reading took     12.606000 us
  Sample 12...
Starting computation...
    Writing took     152.388000 us
    Computation took 3.306282 s
    Reading took     15.424000 us
  Sample 13...
Starting computation...
    Writing took     153.154000 us
    Computation took 3.305688 s
    Reading took     10.284000 us
  Sample 14...
Starting computation...
    Writing took     155.142000 us
    Computation took 3.306262 s
    Reading took     11.420000 us
  Sample 15...
Starting computation...
    Writing took     153.931000 us
    Computation took 3.305779 s
    Reading took     11.330000 us
  Sample 16...
Starting computation...
    Writing took     152.928000 us
    Computation took 3.306237 s
    Reading took     11.782000 us
  Sample 17...
Starting computation...
    Writing took     159.996000 us
    Computation took 3.305695 s
    Reading took     11.693000 us
  Sample 18...
Starting computation...
    Writing took     153.403000 us
    Computation took 3.306409 s
    Reading took     11.057000 us
  Sample 19...
Starting computation...
    Writing took     142.922000 us
    Computation took 3.305869 s
    Reading took     9.963000 us
  Sample 20...
Starting computation...
    Writing took     135.672000 us
    Computation took 3.306394 s
    Reading took     15.024000 us
  Sample 21...
Starting computation...
    Writing took     263.284000 us
    Computation took 3.305924 s
    Reading took     9.092000 us
  Sample 22...
Starting computation...
    Writing took     153.932000 us
    Computation took 3.306308 s
    Reading took     9.970000 us
  Sample 23...
Starting computation...
    Writing took     137.884000 us
    Computation took 3.305908 s
    Reading took     10.931000 us
  Sample 24...
Starting computation...
    Writing took     154.717000 us
    Computation took 3.306220 s
    Reading took     9.254000 us
  Sample 25...
Starting computation...
    Writing took     119.673000 us
    Computation took 3.305740 s
    Reading took     9.810000 us
  Sample 26...
Starting computation...
    Writing took     163.147000 us
    Computation took 3.306282 s
    Reading took     10.563000 us
  Sample 27...
Starting computation...
    Writing took     152.652000 us
    Computation took 3.305755 s
    Reading took     9.124000 us
  Sample 28...
Starting computation...
    Writing took     153.898000 us
    Computation took 3.306160 s
    Reading took     10.282000 us
  Sample 29...
Starting computation...
    Writing took     154.789000 us
    Computation took 3.305645 s
    Reading took     9.475000 us
  Sample 30...
Starting computation...
    Writing took     127.433000 us
    Computation took 3.306178 s
    Reading took     10.385000 us
  Sample 31...
Starting computation...
    Writing took     152.471000 us
    Computation took 3.308623 s
    Reading took     14.434000 us
  Sample 32...
Starting computation...
    Writing took     199.834000 us
    Computation took 3.306441 s
    Reading took     9.782000 us
  Sample 33...
Starting computation...
    Writing took     141.037000 us
    Computation took 3.305784 s
    Reading took     10.007000 us
  Sample 34...
Starting computation...
    Writing took     154.193000 us
    Computation took 3.306346 s
    Reading took     11.220000 us
  Sample 35...
Starting computation...
    Writing took     152.621000 us
    Computation took 3.305862 s
    Reading took     10.890000 us
  Sample 36...
Starting computation...
    Writing took     153.410000 us
    Computation took 3.306154 s
    Reading took     9.867000 us
  Sample 37...
Starting computation...
    Writing took     136.988000 us
    Computation took 3.305600 s
    Reading took     9.618000 us
  Sample 38...
Starting computation...
    Writing took     152.647000 us
    Computation took 3.306182 s
    Reading took     10.053000 us
  Sample 39...
Starting computation...
    Writing took     154.384000 us
    Computation took 3.305844 s
    Reading took     11.695000 us
  Sample 40...
Starting computation...
    Writing took     166.184000 us
    Computation took 3.306199 s
    Reading took     9.770000 us
  Sample 41...
Starting computation...
    Writing took     137.052000 us
    Computation took 3.305606 s
    Reading took     9.005000 us
  Sample 42...
Starting computation...
    Writing took     155.629000 us
    Computation took 3.306298 s
    Reading took     9.882000 us
  Sample 43...
Starting computation...
    Writing took     155.491000 us
    Computation took 3.305636 s
    Reading took     9.356000 us
  Sample 44...
Starting computation...
    Writing took     152.658000 us
    Computation took 3.306244 s
    Reading took     8.625000 us
  Sample 45...
Starting computation...
    Writing took     137.621000 us
    Computation took 3.305749 s
    Reading took     11.018000 us
  Sample 46...
Starting computation...
    Writing took     153.772000 us
    Computation took 3.306265 s
    Reading took     11.885000 us
  Sample 47...
Starting computation...
    Writing took     136.035000 us
    Computation took 3.305951 s
    Reading took     11.041000 us
  Sample 48...
Starting computation...
    Writing took     142.788000 us
    Computation took 3.306272 s
    Reading took     14.269000 us
  Sample 49...
Starting computation...
    Writing took     239.858000 us
    Computation took 3.305693 s
    Reading took     16.430000 us
  Sample 50...
Starting computation...
    Writing took     207.314000 us
    Computation took 3.306271 s
    Reading took     10.615000 us
  Sample 51...
Starting computation...
    Writing took     154.744000 us
    Computation took 3.305825 s
    Reading took     11.585000 us
  Sample 52...
Starting computation...
    Writing took     145.958000 us
    Computation took 3.306408 s
    Reading took     9.402000 us
  Sample 53...
Starting computation...
    Writing took     128.314000 us
    Computation took 3.305802 s
    Reading took     10.949000 us
  Sample 54...
Starting computation...
    Writing took     135.943000 us
    Computation took 3.306212 s
    Reading took     17.143000 us
  Sample 55...
Starting computation...
    Writing took     276.582000 us
    Computation took 3.305924 s
    Reading took     11.888000 us
  Sample 56...
Starting computation...
    Writing took     152.228000 us
    Computation took 3.306243 s
    Reading took     12.057000 us
  Sample 57...
Starting computation...
    Writing took     152.280000 us
    Computation took 3.305823 s
    Reading took     11.380000 us
  Sample 58...
Starting computation...
    Writing took     154.814000 us
    Computation took 3.306276 s
    Reading took     10.013000 us
  Sample 59...
Starting computation...
    Writing took     135.904000 us
    Computation took 3.305773 s
    Reading took     10.389000 us
  Sample 60...
Starting computation...
    Writing took     136.458000 us
    Computation took 3.306194 s
    Reading took     11.140000 us
  Sample 61...
Starting computation...
    Writing took     127.648000 us
    Computation took 3.305647 s
    Reading took     11.659000 us
  Sample 62...
Starting computation...
    Writing took     152.090000 us
    Computation took 3.306172 s
    Reading took     11.902000 us
  Sample 63...
Starting computation...
    Writing took     154.752000 us
    Computation took 3.305752 s
    Reading took     11.650000 us
  Sample 64...
Starting computation...
    Writing took     152.752000 us
    Computation took 3.306299 s
    Reading took     12.029000 us
  Sample 65...
Starting computation...
    Writing took     153.405000 us
    Computation took 3.305747 s
    Reading took     12.620000 us
  Sample 66...
Starting computation...
    Writing took     160.142000 us
    Computation took 3.306064 s
    Reading took     11.340000 us
  Sample 67...
Starting computation...
    Writing took     153.961000 us
    Computation took 3.305838 s
    Reading took     12.083000 us
  Sample 68...
Starting computation...
    Writing took     154.151000 us
    Computation took 3.306157 s
    Reading took     11.767000 us
  Sample 69...
Starting computation...
    Writing took     152.322000 us
    Computation took 3.305571 s
    Reading took     12.722000 us
  Sample 70...
Starting computation...
    Writing took     152.315000 us
    Computation took 3.306222 s
    Reading took     12.069000 us
  Sample 71...
Starting computation...
    Writing took     151.954000 us
    Computation took 3.305728 s
    Reading took     10.520000 us
  Sample 72...
Starting computation...
    Writing took     152.777000 us
    Computation took 3.306248 s
    Reading took     9.634000 us
  Sample 73...
Starting computation...
    Writing took     133.899000 us
    Computation took 3.305775 s
    Reading took     12.061000 us
  Sample 74...
Starting computation...
    Writing took     152.181000 us
    Computation took 3.306240 s
    Reading took     11.050000 us
  Sample 75...
Starting computation...
    Writing took     128.260000 us
    Computation took 3.305812 s
    Reading took     10.969000 us
  Sample 76...
Starting computation...
    Writing took     127.388000 us
    Computation took 3.306115 s
    Reading took     10.360000 us
  Sample 77...
Starting computation...
    Writing took     161.762000 us
    Computation took 3.305888 s
    Reading took     10.844000 us
  Sample 78...
Starting computation...
    Writing took     129.402000 us
    Computation took 3.306176 s
    Reading took     10.051000 us
  Sample 79...
Starting computation...
    Writing took     153.426000 us
    Computation took 3.305780 s
    Reading took     10.424000 us
  Sample 80...
Starting computation...
    Writing took     152.990000 us
    Computation took 3.306207 s
    Reading took     9.073000 us
  Sample 81...
Starting computation...
    Writing took     132.133000 us
    Computation took 3.305869 s
    Reading took     9.846000 us
  Sample 82...
Starting computation...
    Writing took     154.255000 us
    Computation took 3.306046 s
    Reading took     9.553000 us
  Sample 83...
Starting computation...
    Writing took     152.920000 us
    Computation took 3.305700 s
    Reading took     15.890000 us
  Sample 84...
Starting computation...
    Writing took     182.465000 us
    Computation took 3.306281 s
    Reading took     9.659000 us
  Sample 85...
Starting computation...
    Writing took     136.963000 us
    Computation took 3.305852 s
    Reading took     9.520000 us
  Sample 86...
Starting computation...
    Writing took     153.433000 us
    Computation took 3.306414 s
    Reading took     9.350000 us
  Sample 87...
Starting computation...
    Writing took     155.095000 us
    Computation took 3.305776 s
    Reading took     14.830000 us
  Sample 88...
Starting computation...
    Writing took     153.500000 us
    Computation took 3.306343 s
    Reading took     9.796000 us
  Sample 89...
Starting computation...
    Writing took     120.874000 us
    Computation took 3.305763 s
    Reading took     10.918000 us
  Sample 90...
Starting computation...
    Writing took     151.908000 us
    Computation took 3.306334 s
    Reading took     13.513000 us
  Sample 91...
Starting computation...
    Writing took     202.216000 us
    Computation took 3.305757 s
    Reading took     13.147000 us
  Sample 92...
Starting computation...
    Writing took     154.688000 us
    Computation took 3.306024 s
    Reading took     11.509000 us
  Sample 93...
Starting computation...
    Writing took     151.601000 us
    Computation took 3.305919 s
    Reading took     10.213000 us
  Sample 94...
Starting computation...
    Writing took     153.168000 us
    Computation took 3.306158 s
    Reading took     10.339000 us
  Sample 95...
Starting computation...
    Writing took     234.450000 us
    Computation took 3.305833 s
    Reading took     11.625000 us
  Sample 96...
Starting computation...
    Writing took     167.048000 us
    Computation took 3.306151 s
    Reading took     11.929000 us
  Sample 97...
Starting computation...
    Writing took     154.677000 us
    Computation took 3.305661 s
    Reading took     12.925000 us
  Sample 98...
Starting computation...
    Writing took     152.837000 us
    Computation took 3.306288 s
    Reading took     11.167000 us
  Sample 99...
Starting computation...
    Writing took     153.860000 us
    Computation took 3.305780 s
    Reading took     15.928000 us
Mean computation time: 3.306036 s
Mean deviation: 257.794000 us (0.00779768%)
Mean computation time (per hash): 1.653018 s
Mean deviation (per hash): 128.897000 us
