Using device #0: CUDA Device 'GeForce GTX 1080 Ti'
  Sample 0...
Starting computation...
    Writing took     281.584000 us
    Computation took 3.008350 s
    Reading took     18.131000 us
  Sample 1...
Starting computation...
    Writing took     300.407000 us
    Computation took 3.008254 s
    Reading took     14.765000 us
  Sample 2...
Starting computation...
    Writing took     302.651000 us
    Computation took 3.008352 s
    Reading took     21.216000 us
  Sample 3...
Starting computation...
    Writing took     517.505000 us
    Computation took 3.008315 s
    Reading took     14.503000 us
  Sample 4...
Starting computation...
    Writing took     345.917000 us
    Computation took 3.008382 s
    Reading took     15.025000 us
  Sample 5...
Starting computation...
    Writing took     301.186000 us
    Computation took 3.008225 s
    Reading took     13.588000 us
  Sample 6...
Starting computation...
    Writing took     289.504000 us
    Computation took 3.008282 s
    Reading took     14.339000 us
  Sample 7...
Starting computation...
    Writing took     302.282000 us
    Computation took 3.008405 s
    Reading took     14.367000 us
  Sample 8...
Starting computation...
    Writing took     304.922000 us
    Computation took 3.008282 s
    Reading took     14.167000 us
  Sample 9...
Starting computation...
    Writing took     332.828000 us
    Computation took 3.008340 s
    Reading took     14.056000 us
  Sample 10...
Starting computation...
    Writing took     300.834000 us
    Computation took 3.008319 s
    Reading took     24.531000 us
  Sample 11...
Starting computation...
    Writing took     561.673000 us
    Computation took 3.008467 s
    Reading took     18.449000 us
  Sample 12...
Starting computation...
    Writing took     415.309000 us
    Computation took 3.008412 s
    Reading took     22.527000 us
  Sample 13...
Starting computation...
    Writing took     388.938000 us
    Computation took 3.008391 s
    Reading took     12.898000 us
  Sample 14...
Starting computation...
    Writing took     261.141000 us
    Computation took 3.008311 s
    Reading took     14.077000 us
  Sample 15...
Starting computation...
    Writing took     278.809000 us
    Computation took 3.008364 s
    Reading took     12.707000 us
  Sample 16...
Starting computation...
    Writing took     260.744000 us
    Computation took 3.008338 s
    Reading took     28.350000 us
  Sample 17...
Starting computation...
    Writing took     856.444000 us
    Computation took 3.008434 s
    Reading took     15.265000 us
  Sample 18...
Starting computation...
    Writing took     327.562000 us
    Computation took 3.008394 s
    Reading took     14.403000 us
  Sample 19...
Starting computation...
    Writing took     305.847000 us
    Computation took 3.008411 s
    Reading took     14.846000 us
  Sample 20...
Starting computation...
    Writing took     394.532000 us
    Computation took 3.008354 s
    Reading took     13.791000 us
  Sample 21...
Starting computation...
    Writing took     290.847000 us
    Computation took 3.008414 s
    Reading took     14.971000 us
  Sample 22...
Starting computation...
    Writing took     301.283000 us
    Computation took 3.008417 s
    Reading took     14.438000 us
  Sample 23...
Starting computation...
    Writing took     300.254000 us
    Computation took 3.008448 s
    Reading took     14.515000 us
  Sample 24...
Starting computation...
    Writing took     303.596000 us
    Computation took 3.008420 s
    Reading took     14.504000 us
  Sample 25...
Starting computation...
    Writing took     301.843000 us
    Computation took 3.008358 s
    Reading took     14.639000 us
  Sample 26...
Starting computation...
    Writing took     303.407000 us
    Computation took 3.008389 s
    Reading took     15.085000 us
  Sample 27...
Starting computation...
    Writing took     300.526000 us
    Computation took 3.008336 s
    Reading took     14.229000 us
  Sample 28...
Starting computation...
    Writing took     301.157000 us
    Computation took 3.008383 s
    Reading took     13.970000 us
  Sample 29...
Starting computation...
    Writing took     309.598000 us
    Computation took 3.008335 s
    Reading took     14.787000 us
  Sample 30...
Starting computation...
    Writing took     300.320000 us
    Computation took 3.008453 s
    Reading took     13.964000 us
  Sample 31...
Starting computation...
    Writing took     303.311000 us
    Computation took 3.008405 s
    Reading took     14.080000 us
  Sample 32...
Starting computation...
    Writing took     300.678000 us
    Computation took 3.008284 s
    Reading took     14.869000 us
  Sample 33...
Starting computation...
    Writing took     309.685000 us
    Computation took 3.008416 s
    Reading took     14.341000 us
  Sample 34...
Starting computation...
    Writing took     322.943000 us
    Computation took 3.008358 s
    Reading took     14.010000 us
  Sample 35...
Starting computation...
    Writing took     301.021000 us
    Computation took 3.008323 s
    Reading took     14.543000 us
  Sample 36...
Starting computation...
    Writing took     302.117000 us
    Computation took 3.008359 s
    Reading took     14.477000 us
  Sample 37...
Starting computation...
    Writing took     289.889000 us
    Computation took 3.008235 s
    Reading took     16.012000 us
  Sample 38...
Starting computation...
    Writing took     305.883000 us
    Computation took 3.008356 s
    Reading took     16.421000 us
  Sample 39...
Starting computation...
    Writing took     307.920000 us
    Computation took 3.008561 s
    Reading took     17.007000 us
  Sample 40...
Starting computation...
    Writing took     327.129000 us
    Computation took 3.008400 s
    Reading took     16.101000 us
  Sample 41...
Starting computation...
    Writing took     308.353000 us
    Computation took 3.008368 s
    Reading took     16.364000 us
  Sample 42...
Starting computation...
    Writing took     307.311000 us
    Computation took 3.008320 s
    Reading took     15.837000 us
  Sample 43...
Starting computation...
    Writing took     307.019000 us
    Computation took 3.008454 s
    Reading took     16.383000 us
  Sample 44...
Starting computation...
    Writing took     348.804000 us
    Computation took 3.008486 s
    Reading took     16.200000 us
  Sample 45...
Starting computation...
    Writing took     315.013000 us
    Computation took 3.008370 s
    Reading took     15.606000 us
  Sample 46...
Starting computation...
    Writing took     308.202000 us
    Computation took 3.008423 s
    Reading took     16.212000 us
  Sample 47...
Starting computation...
    Writing took     309.828000 us
    Computation took 3.008280 s
    Reading took     16.029000 us
  Sample 48...
Starting computation...
    Writing took     307.158000 us
    Computation took 3.008348 s
    Reading took     16.713000 us
  Sample 49...
Starting computation...
    Writing took     307.422000 us
    Computation took 3.008375 s
    Reading took     15.661000 us
  Sample 50...
Starting computation...
    Writing took     393.762000 us
    Computation took 3.008405 s
    Reading took     16.250000 us
  Sample 51...
Starting computation...
    Writing took     306.512000 us
    Computation took 3.008457 s
    Reading took     16.064000 us
  Sample 52...
Starting computation...
    Writing took     308.026000 us
    Computation took 3.008394 s
    Reading took     15.962000 us
  Sample 53...
Starting computation...
    Writing took     308.216000 us
    Computation took 3.008371 s
    Reading took     25.026000 us
  Sample 54...
Starting computation...
    Writing took     292.916000 us
    Computation took 3.008307 s
    Reading took     16.620000 us
  Sample 55...
Starting computation...
    Writing took     324.441000 us
    Computation took 3.008382 s
    Reading took     15.578000 us
  Sample 56...
Starting computation...
    Writing took     307.526000 us
    Computation took 3.008396 s
    Reading took     15.734000 us
  Sample 57...
Starting computation...
    Writing took     307.741000 us
    Computation took 3.008358 s
    Reading took     15.200000 us
  Sample 58...
Starting computation...
    Writing took     418.959000 us
    Computation took 3.008287 s
    Reading took     12.962000 us
  Sample 59...
Starting computation...
    Writing took     267.904000 us
    Computation took 3.008447 s
    Reading took     13.636000 us
  Sample 60...
Starting computation...
    Writing took     290.305000 us
    Computation took 3.008381 s
    Reading took     15.171000 us
  Sample 61...
Starting computation...
    Writing took     332.045000 us
    Computation took 3.008341 s
    Reading took     13.193000 us
  Sample 62...
Starting computation...
    Writing took     311.667000 us
    Computation took 3.008394 s
    Reading took     14.430000 us
  Sample 63...
Starting computation...
    Writing took     302.488000 us
    Computation took 3.008318 s
    Reading took     14.548000 us
  Sample 64...
Starting computation...
    Writing took     290.985000 us
    Computation took 3.008426 s
    Reading took     14.921000 us
  Sample 65...
Starting computation...
    Writing took     462.395000 us
    Computation took 3.008389 s
    Reading took     14.446000 us
  Sample 66...
Starting computation...
    Writing took     310.858000 us
    Computation took 3.008361 s
    Reading took     14.076000 us
  Sample 67...
Starting computation...
    Writing took     300.832000 us
    Computation took 3.008324 s
    Reading took     14.232000 us
  Sample 68...
Starting computation...
    Writing took     290.675000 us
    Computation took 3.008373 s
    Reading took     14.510000 us
  Sample 69...
Starting computation...
    Writing took     301.532000 us
    Computation took 3.008525 s
    Reading took     13.942000 us
  Sample 70...
Starting computation...
    Writing took     302.940000 us
    Computation took 3.008468 s
    Reading took     14.750000 us
  Sample 71...
Starting computation...
    Writing took     300.974000 us
    Computation took 3.008284 s
    Reading took     30.112000 us
  Sample 72...
Starting computation...
    Writing took     504.806000 us
    Computation took 3.008479 s
    Reading took     14.379000 us
  Sample 73...
Starting computation...
    Writing took     302.157000 us
    Computation took 3.008321 s
    Reading took     14.205000 us
  Sample 74...
Starting computation...
    Writing took     301.752000 us
    Computation took 3.008435 s
    Reading took     16.094000 us
  Sample 75...
Starting computation...
    Writing took     307.259000 us
    Computation took 3.008264 s
    Reading took     16.567000 us
  Sample 76...
Starting computation...
    Writing took     360.887000 us
    Computation took 3.008314 s
    Reading took     17.031000 us
  Sample 77...
Starting computation...
    Writing took     337.094000 us
    Computation took 3.008308 s
    Reading took     16.677000 us
  Sample 78...
Starting computation...
    Writing took     307.513000 us
    Computation took 3.008316 s
    Reading took     15.538000 us
  Sample 79...
Starting computation...
    Writing took     379.745000 us
    Computation took 3.008371 s
    Reading took     16.083000 us
  Sample 80...
Starting computation...
    Writing took     285.138000 us
    Computation took 3.008405 s
    Reading took     16.099000 us
  Sample 81...
Starting computation...
    Writing took     304.525000 us
    Computation took 3.008469 s
    Reading took     15.952000 us
  Sample 82...
Starting computation...
    Writing took     342.992000 us
    Computation took 3.009401 s
    Reading took     19.563000 us
  Sample 83...
Starting computation...
    Writing took     451.668000 us
    Computation took 3.008379 s
    Reading took     24.361000 us
  Sample 84...
Starting computation...
    Writing took     539.926000 us
    Computation took 3.008379 s
    Reading took     17.075000 us
  Sample 85...
Starting computation...
    Writing took     378.756000 us
    Computation took 3.008299 s
    Reading took     14.715000 us
  Sample 86...
Starting computation...
    Writing took     337.098000 us
    Computation took 3.008373 s
    Reading took     14.561000 us
  Sample 87...
Starting computation...
    Writing took     320.965000 us
    Computation took 3.008345 s
    Reading took     14.859000 us
  Sample 88...
Starting computation...
    Writing took     327.205000 us
    Computation took 3.008289 s
    Reading took     14.174000 us
  Sample 89...
Starting computation...
    Writing took     289.887000 us
    Computation took 3.008232 s
    Reading took     15.507000 us
  Sample 90...
Starting computation...
    Writing took     329.093000 us
    Computation took 3.008365 s
    Reading took     21.179000 us
  Sample 91...
Starting computation...
    Writing took     486.356000 us
    Computation took 3.008410 s
    Reading took     16.184000 us
  Sample 92...
Starting computation...
    Writing took     307.184000 us
    Computation took 3.008365 s
    Reading took     15.901000 us
  Sample 93...
Starting computation...
    Writing took     394.042000 us
    Computation took 3.008307 s
    Reading took     16.973000 us
  Sample 94...
Starting computation...
    Writing took     331.426000 us
    Computation took 3.008465 s
    Reading took     26.067000 us
  Sample 95...
Starting computation...
    Writing took     571.626000 us
    Computation took 3.008335 s
    Reading took     16.888000 us
  Sample 96...
Starting computation...
    Writing took     347.127000 us
    Computation took 3.008281 s
    Reading took     16.102000 us
  Sample 97...
Starting computation...
    Writing took     287.178000 us
    Computation took 3.008349 s
    Reading took     14.816000 us
  Sample 98...
Starting computation...
    Writing took     282.838000 us
    Computation took 3.008405 s
    Reading took     15.987000 us
  Sample 99...
Starting computation...
    Writing took     302.361000 us
    Computation took 3.008287 s
    Reading took     13.333000 us
Mean computation time: 3.008378 s
Mean deviation: 60.533000 us (0.00201215%)
Mean computation time (per hash): 752.094474 ms
Mean deviation (per hash): 15.133000 us
