Using device #0: CUDA Device 'GeForce GTX 1080 Ti'
  Sample 0...
Starting computation...
    Writing took     348.092000 us
    Computation took 2.917829 s
    Reading took     21.874000 us
  Sample 1...
Starting computation...
    Writing took     376.757000 us
    Computation took 2.918329 s
    Reading took     17.370000 us
  Sample 2...
Starting computation...
    Writing took     374.827000 us
    Computation took 2.918308 s
    Reading took     17.836000 us
  Sample 3...
Starting computation...
    Writing took     377.949000 us
    Computation took 2.917616 s
    Reading took     17.116000 us
  Sample 4...
Starting computation...
    Writing took     375.572000 us
    Computation took 2.918212 s
    Reading took     17.859000 us
  Sample 5...
Starting computation...
    Writing took     381.486000 us
    Computation took 2.917510 s
    Reading took     17.226000 us
  Sample 6...
Starting computation...
    Writing took     373.369000 us
    Computation took 2.918068 s
    Reading took     17.519000 us
  Sample 7...
Starting computation...
    Writing took     376.461000 us
    Computation took 2.918100 s
    Reading took     16.074000 us
  Sample 8...
Starting computation...
    Writing took     316.698000 us
    Computation took 2.917901 s
    Reading took     17.777000 us
  Sample 9...
Starting computation...
    Writing took     365.613000 us
    Computation took 2.917974 s
    Reading took     19.074000 us
  Sample 10...
Starting computation...
    Writing took     509.024000 us
    Computation took 2.917761 s
    Reading took     17.864000 us
  Sample 11...
Starting computation...
    Writing took     389.526000 us
    Computation took 2.918215 s
    Reading took     28.554000 us
  Sample 12...
Starting computation...
    Writing took     651.224000 us
    Computation took 2.917756 s
    Reading took     18.786000 us
  Sample 13...
Starting computation...
    Writing took     376.112000 us
    Computation took 2.917150 s
    Reading took     17.503000 us
  Sample 14...
Starting computation...
    Writing took     389.409000 us
    Computation took 2.918120 s
    Reading took     17.499000 us
  Sample 15...
Starting computation...
    Writing took     367.728000 us
    Computation took 2.917757 s
    Reading took     26.140000 us
  Sample 16...
Starting computation...
    Writing took     536.762000 us
    Computation took 2.917513 s
    Reading took     17.429000 us
  Sample 17...
Starting computation...
    Writing took     380.092000 us
    Computation took 2.917348 s
    Reading took     17.471000 us
  Sample 18...
Starting computation...
    Writing took     381.917000 us
    Computation took 2.917605 s
    Reading took     18.743000 us
  Sample 19...
Starting computation...
    Writing took     544.853000 us
    Computation took 2.918132 s
    Reading took     18.026000 us
  Sample 20...
Starting computation...
    Writing took     375.830000 us
    Computation took 2.917493 s
    Reading took     17.414000 us
  Sample 21...
Starting computation...
    Writing took     379.196000 us
    Computation took 2.918159 s
    Reading took     27.740000 us
  Sample 22...
Starting computation...
    Writing took     640.993000 us
    Computation took 2.917752 s
    Reading took     19.409000 us
  Sample 23...
Starting computation...
    Writing took     408.002000 us
    Computation took 2.917900 s
    Reading took     14.596000 us
  Sample 24...
Starting computation...
    Writing took     294.094000 us
    Computation took 2.917854 s
    Reading took     17.664000 us
  Sample 25...
Starting computation...
    Writing took     377.132000 us
    Computation took 2.918510 s
    Reading took     17.559000 us
  Sample 26...
Starting computation...
    Writing took     374.799000 us
    Computation took 2.917809 s
    Reading took     17.261000 us
  Sample 27...
Starting computation...
    Writing took     378.497000 us
    Computation took 2.918507 s
    Reading took     17.327000 us
  Sample 28...
Starting computation...
    Writing took     377.322000 us
    Computation took 2.918064 s
    Reading took     19.394000 us
  Sample 29...
Starting computation...
    Writing took     418.040000 us
    Computation took 2.917862 s
    Reading took     19.084000 us
  Sample 30...
Starting computation...
    Writing took     383.556000 us
    Computation took 2.918021 s
    Reading took     18.514000 us
  Sample 31...
Starting computation...
    Writing took     381.005000 us
    Computation took 2.917683 s
    Reading took     19.150000 us
  Sample 32...
Starting computation...
    Writing took     381.084000 us
    Computation took 2.917986 s
    Reading took     18.401000 us
  Sample 33...
Starting computation...
    Writing took     365.840000 us
    Computation took 2.917456 s
    Reading took     25.780000 us
  Sample 34...
Starting computation...
    Writing took     651.335000 us
    Computation took 2.917327 s
    Reading took     16.248000 us
  Sample 35...
Starting computation...
    Writing took     298.355000 us
    Computation took 2.917697 s
    Reading took     18.257000 us
  Sample 36...
Starting computation...
    Writing took     413.310000 us
    Computation took 2.917682 s
    Reading took     17.969000 us
  Sample 37...
Starting computation...
    Writing took     381.640000 us
    Computation took 2.918112 s
    Reading took     20.988000 us
  Sample 38...
Starting computation...
    Writing took     365.569000 us
    Computation took 2.917808 s
    Reading took     32.250000 us
  Sample 39...
Starting computation...
    Writing took     366.839000 us
    Computation took 2.917854 s
    Reading took     26.316000 us
  Sample 40...
Starting computation...
    Writing took     394.422000 us
    Computation took 2.917331 s
    Reading took     18.339000 us
  Sample 41...
Starting computation...
    Writing took     364.703000 us
    Computation took 2.917997 s
    Reading took     28.994000 us
  Sample 42...
Starting computation...
    Writing took     643.002000 us
    Computation took 2.917610 s
    Reading took     16.139000 us
  Sample 43...
Starting computation...
    Writing took     349.368000 us
    Computation took 2.917851 s
    Reading took     16.586000 us
  Sample 44...
Starting computation...
    Writing took     330.067000 us
    Computation took 2.917610 s
    Reading took     18.185000 us
  Sample 45...
Starting computation...
    Writing took     390.298000 us
    Computation took 2.917545 s
    Reading took     17.830000 us
  Sample 46...
Starting computation...
    Writing took     369.019000 us
    Computation took 2.917335 s
    Reading took     18.236000 us
  Sample 47...
Starting computation...
    Writing took     389.780000 us
    Computation took 2.918100 s
    Reading took     27.725000 us
  Sample 48...
Starting computation...
    Writing took     615.566000 us
    Computation took 2.917875 s
    Reading took     25.051000 us
  Sample 49...
Starting computation...
    Writing took     598.294000 us
    Computation took 2.917946 s
    Reading took     17.937000 us
  Sample 50...
Starting computation...
    Writing took     375.943000 us
    Computation took 2.917733 s
    Reading took     17.223000 us
  Sample 51...
Starting computation...
    Writing took     374.443000 us
    Computation took 2.917445 s
    Reading took     15.970000 us
  Sample 52...
Starting computation...
    Writing took     334.941000 us
    Computation took 2.917324 s
    Reading took     15.946000 us
  Sample 53...
Starting computation...
    Writing took     323.606000 us
    Computation took 2.917545 s
    Reading took     19.527000 us
  Sample 54...
Starting computation...
    Writing took     412.869000 us
    Computation took 2.917434 s
    Reading took     21.397000 us
  Sample 55...
Starting computation...
    Writing took     380.812000 us
    Computation took 2.917531 s
    Reading took     27.362000 us
  Sample 56...
Starting computation...
    Writing took     437.526000 us
    Computation took 2.917912 s
    Reading took     18.062000 us
  Sample 57...
Starting computation...
    Writing took     386.376000 us
    Computation took 2.918194 s
    Reading took     24.861000 us
  Sample 58...
Starting computation...
    Writing took     346.317000 us
    Computation took 2.918396 s
    Reading took     18.863000 us
  Sample 59...
Starting computation...
    Writing took     379.042000 us
    Computation took 2.917536 s
    Reading took     16.440000 us
  Sample 60...
Starting computation...
    Writing took     336.051000 us
    Computation took 2.917936 s
    Reading took     18.193000 us
  Sample 61...
Starting computation...
    Writing took     377.829000 us
    Computation took 2.918118 s
    Reading took     15.129000 us
  Sample 62...
Starting computation...
    Writing took     312.983000 us
    Computation took 2.917494 s
    Reading took     19.093000 us
  Sample 63...
Starting computation...
    Writing took     424.849000 us
    Computation took 2.917411 s
    Reading took     16.592000 us
  Sample 64...
Starting computation...
    Writing took     376.424000 us
    Computation took 2.918140 s
    Reading took     18.631000 us
  Sample 65...
Starting computation...
    Writing took     407.701000 us
    Computation took 2.918448 s
    Reading took     24.970000 us
  Sample 66...
Starting computation...
    Writing took     381.364000 us
    Computation took 2.918418 s
    Reading took     16.371000 us
  Sample 67...
Starting computation...
    Writing took     346.868000 us
    Computation took 2.918594 s
    Reading took     17.003000 us
  Sample 68...
Starting computation...
    Writing took     375.289000 us
    Computation took 2.918410 s
    Reading took     19.184000 us
  Sample 69...
Starting computation...
    Writing took     419.072000 us
    Computation took 2.918080 s
    Reading took     28.239000 us
  Sample 70...
Starting computation...
    Writing took     484.619000 us
    Computation took 2.917805 s
    Reading took     18.115000 us
  Sample 71...
Starting computation...
    Writing took     367.888000 us
    Computation took 2.918101 s
    Reading took     18.715000 us
  Sample 72...
Starting computation...
    Writing took     383.542000 us
    Computation took 2.917686 s
    Reading took     20.344000 us
  Sample 73...
Starting computation...
    Writing took     367.040000 us
    Computation took 2.917361 s
    Reading took     16.420000 us
  Sample 74...
Starting computation...
    Writing took     341.658000 us
    Computation took 2.918533 s
    Reading took     18.348000 us
  Sample 75...
Starting computation...
    Writing took     408.547000 us
    Computation took 2.917677 s
    Reading took     18.412000 us
  Sample 76...
Starting computation...
    Writing took     381.749000 us
    Computation took 2.917919 s
    Reading took     18.600000 us
  Sample 77...
Starting computation...
    Writing took     407.262000 us
    Computation took 2.918362 s
    Reading took     15.126000 us
  Sample 78...
Starting computation...
    Writing took     294.337000 us
    Computation took 2.917865 s
    Reading took     18.246000 us
  Sample 79...
Starting computation...
    Writing took     387.380000 us
    Computation took 2.918332 s
    Reading took     18.223000 us
  Sample 80...
Starting computation...
    Writing took     383.163000 us
    Computation took 2.917724 s
    Reading took     18.682000 us
  Sample 81...
Starting computation...
    Writing took     383.586000 us
    Computation took 2.917690 s
    Reading took     16.438000 us
  Sample 82...
Starting computation...
    Writing took     370.021000 us
    Computation took 2.917748 s
    Reading took     15.892000 us
  Sample 83...
Starting computation...
    Writing took     325.498000 us
    Computation took 2.918533 s
    Reading took     17.506000 us
  Sample 84...
Starting computation...
    Writing took     382.136000 us
    Computation took 2.918087 s
    Reading took     16.572000 us
  Sample 85...
Starting computation...
    Writing took     337.407000 us
    Computation took 2.917991 s
    Reading took     24.363000 us
  Sample 86...
Starting computation...
    Writing took     557.581000 us
    Computation took 2.916921 s
    Reading took     17.257000 us
  Sample 87...
Starting computation...
    Writing took     348.492000 us
    Computation took 2.917252 s
    Reading took     17.955000 us
  Sample 88...
Starting computation...
    Writing took     468.577000 us
    Computation took 2.918005 s
    Reading took     28.964000 us
  Sample 89...
Starting computation...
    Writing took     460.490000 us
    Computation took 2.917867 s
    Reading took     17.998000 us
  Sample 90...
Starting computation...
    Writing took     374.808000 us
    Computation took 2.917522 s
    Reading took     18.170000 us
  Sample 91...
Starting computation...
    Writing took     375.730000 us
    Computation took 2.917741 s
    Reading took     18.307000 us
  Sample 92...
Starting computation...
    Writing took     408.875000 us
    Computation took 2.917963 s
    Reading took     20.229000 us
  Sample 93...
Starting computation...
    Writing took     454.420000 us
    Computation took 2.918119 s
    Reading took     19.370000 us
  Sample 94...
Starting computation...
    Writing took     382.441000 us
    Computation took 2.918083 s
    Reading took     17.616000 us
  Sample 95...
Starting computation...
    Writing took     376.825000 us
    Computation took 2.917581 s
    Reading took     21.776000 us
  Sample 96...
Starting computation...
    Writing took     380.096000 us
    Computation took 2.917762 s
    Reading took     18.928000 us
  Sample 97...
Starting computation...
    Writing took     384.095000 us
    Computation took 2.917953 s
    Reading took     18.099000 us
  Sample 98...
Starting computation...
    Writing took     381.403000 us
    Computation took 2.918139 s
    Reading took     18.631000 us
  Sample 99...
Starting computation...
    Writing took     414.714000 us
    Computation took 2.918536 s
    Reading took     16.684000 us
Mean computation time: 2.917869 s
Mean deviation: 282.554000 us (0.00968357%)
Mean computation time (per hash): 583.573785 ms
Mean deviation (per hash): 56.511000 us
