Using device #0: CUDA Device 'GeForce GTX 1080 Ti'
  Sample 0...
Starting computation...
    Writing took     319.682000 us
    Computation took 2.878851 s
    Reading took     18.786000 us
  Sample 1...
Starting computation...
    Writing took     305.893000 us
    Computation took 2.878237 s
    Reading took     14.001000 us
  Sample 2...
Starting computation...
    Writing took     287.594000 us
    Computation took 2.878709 s
    Reading took     13.984000 us
  Sample 3...
Starting computation...
    Writing took     306.896000 us
    Computation took 2.878769 s
    Reading took     21.084000 us
  Sample 4...
Starting computation...
    Writing took     309.121000 us
    Computation took 2.878351 s
    Reading took     13.493000 us
  Sample 5...
Starting computation...
    Writing took     264.677000 us
    Computation took 2.878706 s
    Reading took     14.986000 us
  Sample 6...
Starting computation...
    Writing took     306.007000 us
    Computation took 2.878856 s
    Reading took     14.943000 us
  Sample 7...
Starting computation...
    Writing took     312.416000 us
    Computation took 2.877931 s
    Reading took     13.563000 us
  Sample 8...
Starting computation...
    Writing took     264.737000 us
    Computation took 2.879276 s
    Reading took     16.191000 us
  Sample 9...
Starting computation...
    Writing took     334.036000 us
    Computation took 2.878701 s
    Reading took     14.052000 us
  Sample 10...
Starting computation...
    Writing took     284.193000 us
    Computation took 2.879643 s
    Reading took     16.417000 us
  Sample 11...
Starting computation...
    Writing took     327.851000 us
    Computation took 2.878642 s
    Reading took     14.883000 us
  Sample 12...
Starting computation...
    Writing took     319.929000 us
    Computation took 2.879635 s
    Reading took     14.787000 us
  Sample 13...
Starting computation...
    Writing took     301.338000 us
    Computation took 2.879506 s
    Reading took     13.306000 us
  Sample 14...
Starting computation...
    Writing took     267.161000 us
    Computation took 2.878430 s
    Reading took     12.524000 us
  Sample 15...
Starting computation...
    Writing took     239.561000 us
    Computation took 2.878372 s
    Reading took     14.364000 us
  Sample 16...
Starting computation...
    Writing took     293.370000 us
    Computation took 2.878637 s
    Reading took     14.581000 us
  Sample 17...
Starting computation...
    Writing took     329.393000 us
    Computation took 2.878653 s
    Reading took     16.062000 us
  Sample 18...
Starting computation...
    Writing took     339.167000 us
    Computation took 2.881157 s
    Reading took     13.186000 us
  Sample 19...
Starting computation...
    Writing took     243.166000 us
    Computation took 2.879948 s
    Reading took     12.770000 us
  Sample 20...
Starting computation...
    Writing took     240.118000 us
    Computation took 2.878509 s
    Reading took     15.205000 us
  Sample 21...
Starting computation...
    Writing took     327.100000 us
    Computation took 2.876685 s
    Reading took     15.529000 us
  Sample 22...
Starting computation...
    Writing took     305.770000 us
    Computation took 2.879358 s
    Reading took     26.264000 us
  Sample 23...
Starting computation...
    Writing took     305.153000 us
    Computation took 2.879303 s
    Reading took     15.772000 us
  Sample 24...
Starting computation...
    Writing took     312.821000 us
    Computation took 2.879547 s
    Reading took     15.063000 us
  Sample 25...
Starting computation...
    Writing took     307.187000 us
    Computation took 2.878944 s
    Reading took     13.963000 us
  Sample 26...
Starting computation...
    Writing took     252.745000 us
    Computation took 2.879386 s
    Reading took     12.676000 us
  Sample 27...
Starting computation...
    Writing took     238.588000 us
    Computation took 2.879059 s
    Reading took     14.089000 us
  Sample 28...
Starting computation...
    Writing took     281.991000 us
    Computation took 2.879421 s
    Reading took     14.931000 us
  Sample 29...
Starting computation...
    Writing took     309.189000 us
    Computation took 2.879842 s
    Reading took     15.290000 us
  Sample 30...
Starting computation...
    Writing took     306.128000 us
    Computation took 2.879851 s
    Reading took     13.662000 us
  Sample 31...
Starting computation...
    Writing took     284.396000 us
    Computation took 2.880523 s
    Reading took     15.304000 us
  Sample 32...
Starting computation...
    Writing took     443.195000 us
    Computation took 2.877261 s
    Reading took     15.929000 us
  Sample 33...
Starting computation...
    Writing took     305.491000 us
    Computation took 2.878137 s
    Reading took     15.321000 us
  Sample 34...
Starting computation...
    Writing took     313.548000 us
    Computation took 2.879040 s
    Reading took     16.260000 us
  Sample 35...
Starting computation...
    Writing took     425.359000 us
    Computation took 2.877680 s
    Reading took     14.893000 us
  Sample 36...
Starting computation...
    Writing took     302.610000 us
    Computation took 2.878950 s
    Reading took     25.837000 us
  Sample 37...
Starting computation...
    Writing took     607.760000 us
    Computation took 2.879510 s
    Reading took     13.329000 us
  Sample 38...
Starting computation...
    Writing took     240.875000 us
    Computation took 2.879559 s
    Reading took     15.138000 us
  Sample 39...
Starting computation...
    Writing took     307.530000 us
    Computation took 2.879041 s
    Reading took     12.678000 us
  Sample 40...
Starting computation...
    Writing took     236.694000 us
    Computation took 2.878456 s
    Reading took     14.001000 us
  Sample 41...
Starting computation...
    Writing took     281.468000 us
    Computation took 2.878664 s
    Reading took     12.451000 us
  Sample 42...
Starting computation...
    Writing took     234.576000 us
    Computation took 2.877510 s
    Reading took     22.962000 us
  Sample 43...
Starting computation...
    Writing took     501.431000 us
    Computation took 2.880165 s
    Reading took     15.430000 us
  Sample 44...
Starting computation...
    Writing took     306.068000 us
    Computation took 2.879103 s
    Reading took     15.303000 us
  Sample 45...
Starting computation...
    Writing took     307.370000 us
    Computation took 2.879303 s
    Reading took     14.740000 us
  Sample 46...
Starting computation...
    Writing took     320.437000 us
    Computation took 2.878927 s
    Reading took     14.964000 us
  Sample 47...
Starting computation...
    Writing took     295.012000 us
    Computation took 2.879244 s
    Reading took     15.121000 us
  Sample 48...
Starting computation...
    Writing took     308.485000 us
    Computation took 2.878524 s
    Reading took     15.191000 us
  Sample 49...
Starting computation...
    Writing took     305.712000 us
    Computation took 2.879661 s
    Reading took     15.234000 us
  Sample 50...
Starting computation...
    Writing took     305.884000 us
    Computation took 2.878533 s
    Reading took     15.614000 us
  Sample 51...
Starting computation...
    Writing took     330.207000 us
    Computation took 2.879183 s
    Reading took     13.751000 us
  Sample 52...
Starting computation...
    Writing took     269.329000 us
    Computation took 2.879908 s
    Reading took     16.064000 us
  Sample 53...
Starting computation...
    Writing took     476.258000 us
    Computation took 2.879146 s
    Reading took     13.414000 us
  Sample 54...
Starting computation...
    Writing took     279.415000 us
    Computation took 2.878598 s
    Reading took     22.687000 us
  Sample 55...
Starting computation...
    Writing took     503.265000 us
    Computation took 2.877474 s
    Reading took     21.467000 us
  Sample 56...
Starting computation...
    Writing took     475.503000 us
    Computation took 2.879148 s
    Reading took     44.254000 us
  Sample 57...
Starting computation...
    Writing took     297.073000 us
    Computation took 2.879093 s
    Reading took     14.969000 us
  Sample 58...
Starting computation...
    Writing took     309.267000 us
    Computation took 2.879743 s
    Reading took     14.767000 us
  Sample 59...
Starting computation...
    Writing took     295.552000 us
    Computation took 2.879355 s
    Reading took     24.437000 us
  Sample 60...
Starting computation...
    Writing took     496.426000 us
    Computation took 2.879384 s
    Reading took     19.378000 us
  Sample 61...
Starting computation...
    Writing took     434.455000 us
    Computation took 2.878969 s
    Reading took     16.238000 us
  Sample 62...
Starting computation...
    Writing took     333.384000 us
    Computation took 2.878770 s
    Reading took     15.495000 us
  Sample 63...
Starting computation...
    Writing took     309.903000 us
    Computation took 2.879067 s
    Reading took     15.038000 us
  Sample 64...
Starting computation...
    Writing took     305.533000 us
    Computation took 2.877903 s
    Reading took     15.749000 us
  Sample 65...
Starting computation...
    Writing took     307.366000 us
    Computation took 2.877575 s
    Reading took     22.659000 us
  Sample 66...
Starting computation...
    Writing took     431.066000 us
    Computation took 2.878633 s
    Reading took     14.744000 us
  Sample 67...
Starting computation...
    Writing took     305.718000 us
    Computation took 2.879607 s
    Reading took     15.600000 us
  Sample 68...
Starting computation...
    Writing took     307.959000 us
    Computation took 2.879407 s
    Reading took     15.669000 us
  Sample 69...
Starting computation...
    Writing took     306.207000 us
    Computation took 2.878277 s
    Reading took     14.754000 us
  Sample 70...
Starting computation...
    Writing took     316.735000 us
    Computation took 2.878924 s
    Reading took     14.763000 us
  Sample 71...
Starting computation...
    Writing took     306.917000 us
    Computation took 2.880838 s
    Reading took     14.865000 us
  Sample 72...
Starting computation...
    Writing took     306.326000 us
    Computation took 2.879135 s
    Reading took     15.032000 us
  Sample 73...
Starting computation...
    Writing took     316.440000 us
    Computation took 2.879108 s
    Reading took     24.740000 us
  Sample 74...
Starting computation...
    Writing took     560.144000 us
    Computation took 2.879411 s
    Reading took     14.529000 us
  Sample 75...
Starting computation...
    Writing took     307.485000 us
    Computation took 2.878094 s
    Reading took     15.254000 us
  Sample 76...
Starting computation...
    Writing took     305.976000 us
    Computation took 2.878958 s
    Reading took     14.691000 us
  Sample 77...
Starting computation...
    Writing took     300.720000 us
    Computation took 2.879307 s
    Reading took     23.447000 us
  Sample 78...
Starting computation...
    Writing took     539.915000 us
    Computation took 2.878636 s
    Reading took     13.810000 us
  Sample 79...
Starting computation...
    Writing took     310.830000 us
    Computation took 2.880029 s
    Reading took     15.603000 us
  Sample 80...
Starting computation...
    Writing took     304.602000 us
    Computation took 2.879801 s
    Reading took     14.676000 us
  Sample 81...
Starting computation...
    Writing took     301.820000 us
    Computation took 2.879315 s
    Reading took     16.243000 us
  Sample 82...
Starting computation...
    Writing took     304.178000 us
    Computation took 2.880081 s
    Reading took     14.736000 us
  Sample 83...
Starting computation...
    Writing took     309.445000 us
    Computation took 2.878566 s
    Reading took     14.857000 us
  Sample 84...
Starting computation...
    Writing took     302.024000 us
    Computation took 2.879216 s
    Reading took     15.199000 us
  Sample 85...
Starting computation...
    Writing took     303.980000 us
    Computation took 2.878855 s
    Reading took     16.024000 us
  Sample 86...
Starting computation...
    Writing took     328.309000 us
    Computation took 2.879964 s
    Reading took     21.143000 us
  Sample 87...
Starting computation...
    Writing took     465.853000 us
    Computation took 2.879976 s
    Reading took     13.701000 us
  Sample 88...
Starting computation...
    Writing took     269.640000 us
    Computation took 2.879555 s
    Reading took     16.260000 us
  Sample 89...
Starting computation...
    Writing took     396.798000 us
    Computation took 2.879337 s
    Reading took     14.284000 us
  Sample 90...
Starting computation...
    Writing took     281.258000 us
    Computation took 2.878788 s
    Reading took     14.736000 us
  Sample 91...
Starting computation...
    Writing took     310.695000 us
    Computation took 2.880206 s
    Reading took     18.742000 us
  Sample 92...
Starting computation...
    Writing took     351.089000 us
    Computation took 2.879381 s
    Reading took     16.620000 us
  Sample 93...
Starting computation...
    Writing took     332.416000 us
    Computation took 2.878810 s
    Reading took     14.500000 us
  Sample 94...
Starting computation...
    Writing took     305.022000 us
    Computation took 2.877514 s
    Reading took     17.532000 us
  Sample 95...
Starting computation...
    Writing took     308.654000 us
    Computation took 2.878727 s
    Reading took     21.807000 us
  Sample 96...
Starting computation...
    Writing took     429.314000 us
    Computation took 2.879335 s
    Reading took     15.315000 us
  Sample 97...
Starting computation...
    Writing took     312.586000 us
    Computation took 2.880614 s
    Reading took     15.072000 us
  Sample 98...
Starting computation...
    Writing took     305.790000 us
    Computation took 2.880380 s
    Reading took     16.047000 us
  Sample 99...
Starting computation...
    Writing took     308.764000 us
    Computation took 2.877771 s
    Reading took     15.620000 us
Mean computation time: 2.879046 s
Mean deviation: 592.955000 us (0.0205955%)
Mean computation time (per hash): 719.761442 ms
Mean deviation (per hash): 148.238000 us
