Using device #0: CUDA Device 'GeForce GTX 1080 Ti'
  Sample 0...
Starting computation...
    Writing took     409.174000 us
    Computation took 3.047165 s
    Reading took     22.486000 us
  Sample 1...
Starting computation...
    Writing took     423.480000 us
    Computation took 3.047140 s
    Reading took     17.500000 us
  Sample 2...
Starting computation...
    Writing took     384.367000 us
    Computation took 3.051935 s
    Reading took     17.790000 us
  Sample 3...
Starting computation...
    Writing took     378.925000 us
    Computation took 3.055642 s
    Reading took     18.173000 us
  Sample 4...
Starting computation...
    Writing took     415.471000 us
    Computation took 3.055753 s
    Reading took     16.370000 us
  Sample 5...
Starting computation...
    Writing took     408.349000 us
    Computation took 3.055470 s
    Reading took     16.322000 us
  Sample 6...
Starting computation...
    Writing took     347.445000 us
    Computation took 3.055732 s
    Reading took     18.188000 us
  Sample 7...
Starting computation...
    Writing took     411.129000 us
    Computation took 3.055922 s
    Reading took     17.709000 us
  Sample 8...
Starting computation...
    Writing took     375.443000 us
    Computation took 3.055625 s
    Reading took     16.248000 us
  Sample 9...
Starting computation...
    Writing took     350.035000 us
    Computation took 3.055551 s
    Reading took     17.431000 us
  Sample 10...
Starting computation...
    Writing took     376.163000 us
    Computation took 3.055893 s
    Reading took     31.918000 us
  Sample 11...
Starting computation...
    Writing took     350.464000 us
    Computation took 3.055997 s
    Reading took     14.489000 us
  Sample 12...
Starting computation...
    Writing took     297.302000 us
    Computation took 3.056371 s
    Reading took     23.811000 us
  Sample 13...
Starting computation...
    Writing took     552.591000 us
    Computation took 3.056441 s
    Reading took     18.065000 us
  Sample 14...
Starting computation...
    Writing took     376.367000 us
    Computation took 3.056315 s
    Reading took     16.895000 us
  Sample 15...
Starting computation...
    Writing took     378.876000 us
    Computation took 3.056601 s
    Reading took     16.581000 us
  Sample 16...
Starting computation...
    Writing took     388.118000 us
    Computation took 3.063156 s
    Reading took     17.716000 us
  Sample 17...
Starting computation...
    Writing took     378.599000 us
    Computation took 3.064847 s
    Reading took     17.932000 us
  Sample 18...
Starting computation...
    Writing took     377.217000 us
    Computation took 3.064825 s
    Reading took     18.931000 us
  Sample 19...
Starting computation...
    Writing took     411.347000 us
    Computation took 3.064778 s
    Reading took     17.077000 us
  Sample 20...
Starting computation...
    Writing took     376.581000 us
    Computation took 3.064937 s
    Reading took     17.173000 us
  Sample 21...
Starting computation...
    Writing took     377.481000 us
    Computation took 3.064923 s
    Reading took     20.052000 us
  Sample 22...
Starting computation...
    Writing took     385.442000 us
    Computation took 3.064924 s
    Reading took     18.371000 us
  Sample 23...
Starting computation...
    Writing took     383.169000 us
    Computation took 3.064967 s
    Reading took     19.129000 us
  Sample 24...
Starting computation...
    Writing took     367.051000 us
    Computation took 3.064881 s
    Reading took     19.071000 us
  Sample 25...
Starting computation...
    Writing took     360.512000 us
    Computation took 3.064992 s
    Reading took     18.093000 us
  Sample 26...
Starting computation...
    Writing took     402.330000 us
    Computation took 3.064824 s
    Reading took     17.088000 us
  Sample 27...
Starting computation...
    Writing took     377.101000 us
    Computation took 3.064855 s
    Reading took     15.408000 us
  Sample 28...
Starting computation...
    Writing took     324.951000 us
    Computation took 3.064902 s
    Reading took     16.217000 us
  Sample 29...
Starting computation...
    Writing took     337.472000 us
    Computation took 3.064896 s
    Reading took     16.074000 us
  Sample 30...
Starting computation...
    Writing took     394.534000 us
    Computation took 3.064820 s
    Reading took     28.595000 us
  Sample 31...
Starting computation...
    Writing took     672.027000 us
    Computation took 3.064980 s
    Reading took     16.982000 us
  Sample 32...
Starting computation...
    Writing took     375.329000 us
    Computation took 3.064974 s
    Reading took     18.254000 us
  Sample 33...
Starting computation...
    Writing took     427.789000 us
    Computation took 3.064954 s
    Reading took     15.293000 us
  Sample 34...
Starting computation...
    Writing took     312.842000 us
    Computation took 3.064973 s
    Reading took     22.523000 us
  Sample 35...
Starting computation...
    Writing took     476.791000 us
    Computation took 3.065020 s
    Reading took     16.774000 us
  Sample 36...
Starting computation...
    Writing took     325.636000 us
    Computation took 3.065077 s
    Reading took     13.806000 us
  Sample 37...
Starting computation...
    Writing took     296.219000 us
    Computation took 3.065000 s
    Reading took     17.147000 us
  Sample 38...
Starting computation...
    Writing took     336.343000 us
    Computation took 3.064899 s
    Reading took     17.594000 us
  Sample 39...
Starting computation...
    Writing took     381.713000 us
    Computation took 3.065135 s
    Reading took     19.343000 us
  Sample 40...
Starting computation...
    Writing took     379.852000 us
    Computation took 3.065033 s
    Reading took     17.719000 us
  Sample 41...
Starting computation...
    Writing took     376.573000 us
    Computation took 3.064982 s
    Reading took     16.920000 us
  Sample 42...
Starting computation...
    Writing took     380.054000 us
    Computation took 3.064990 s
    Reading took     17.509000 us
  Sample 43...
Starting computation...
    Writing took     378.093000 us
    Computation took 3.064846 s
    Reading took     27.188000 us
  Sample 44...
Starting computation...
    Writing took     667.412000 us
    Computation took 3.065094 s
    Reading took     17.490000 us
  Sample 45...
Starting computation...
    Writing took     376.290000 us
    Computation took 3.064974 s
    Reading took     17.213000 us
  Sample 46...
Starting computation...
    Writing took     377.187000 us
    Computation took 3.064896 s
    Reading took     17.098000 us
  Sample 47...
Starting computation...
    Writing took     406.262000 us
    Computation took 3.065045 s
    Reading took     17.214000 us
  Sample 48...
Starting computation...
    Writing took     377.933000 us
    Computation took 3.065068 s
    Reading took     17.866000 us
  Sample 49...
Starting computation...
    Writing took     375.193000 us
    Computation took 3.064891 s
    Reading took     16.793000 us
  Sample 50...
Starting computation...
    Writing took     355.712000 us
    Computation took 3.064960 s
    Reading took     17.084000 us
  Sample 51...
Starting computation...
    Writing took     376.363000 us
    Computation took 3.065010 s
    Reading took     15.716000 us
  Sample 52...
Starting computation...
    Writing took     375.741000 us
    Computation took 3.064866 s
    Reading took     17.690000 us
  Sample 53...
Starting computation...
    Writing took     393.256000 us
    Computation took 3.064958 s
    Reading took     17.881000 us
  Sample 54...
Starting computation...
    Writing took     387.627000 us
    Computation took 3.065075 s
    Reading took     26.919000 us
  Sample 55...
Starting computation...
    Writing took     382.446000 us
    Computation took 3.065021 s
    Reading took     19.455000 us
  Sample 56...
Starting computation...
    Writing took     412.133000 us
    Computation took 3.064995 s
    Reading took     16.685000 us
  Sample 57...
Starting computation...
    Writing took     399.896000 us
    Computation took 3.065070 s
    Reading took     16.902000 us
  Sample 58...
Starting computation...
    Writing took     350.270000 us
    Computation took 3.065032 s
    Reading took     17.087000 us
  Sample 59...
Starting computation...
    Writing took     362.921000 us
    Computation took 3.065125 s
    Reading took     17.455000 us
  Sample 60...
Starting computation...
    Writing took     377.550000 us
    Computation took 3.065042 s
    Reading took     18.173000 us
  Sample 61...
Starting computation...
    Writing took     418.295000 us
    Computation took 3.065078 s
    Reading took     29.656000 us
  Sample 62...
Starting computation...
    Writing took     799.406000 us
    Computation took 3.065061 s
    Reading took     18.674000 us
  Sample 63...
Starting computation...
    Writing took     462.277000 us
    Computation took 3.065098 s
    Reading took     17.570000 us
  Sample 64...
Starting computation...
    Writing took     379.623000 us
    Computation took 3.064987 s
    Reading took     25.921000 us
  Sample 65...
Starting computation...
    Writing took     601.269000 us
    Computation took 3.064945 s
    Reading took     17.295000 us
  Sample 66...
Starting computation...
    Writing took     437.321000 us
    Computation took 3.064957 s
    Reading took     17.292000 us
  Sample 67...
Starting computation...
    Writing took     376.302000 us
    Computation took 3.064827 s
    Reading took     16.971000 us
  Sample 68...
Starting computation...
    Writing took     379.351000 us
    Computation took 3.064913 s
    Reading took     15.941000 us
  Sample 69...
Starting computation...
    Writing took     348.447000 us
    Computation took 3.064906 s
    Reading took     16.883000 us
  Sample 70...
Starting computation...
    Writing took     377.375000 us
    Computation took 3.065126 s
    Reading took     27.654000 us
  Sample 71...
Starting computation...
    Writing took     685.072000 us
    Computation took 3.065038 s
    Reading took     16.953000 us
  Sample 72...
Starting computation...
    Writing took     377.307000 us
    Computation took 3.064962 s
    Reading took     20.658000 us
  Sample 73...
Starting computation...
    Writing took     471.370000 us
    Computation took 3.065003 s
    Reading took     18.733000 us
  Sample 74...
Starting computation...
    Writing took     425.206000 us
    Computation took 3.065018 s
    Reading took     16.901000 us
  Sample 75...
Starting computation...
    Writing took     375.263000 us
    Computation took 3.065005 s
    Reading took     18.544000 us
  Sample 76...
Starting computation...
    Writing took     337.259000 us
    Computation took 3.065027 s
    Reading took     17.051000 us
  Sample 77...
Starting computation...
    Writing took     466.619000 us
    Computation took 3.065101 s
    Reading took     26.360000 us
  Sample 78...
Starting computation...
    Writing took     649.791000 us
    Computation took 3.065077 s
    Reading took     17.489000 us
  Sample 79...
Starting computation...
    Writing took     377.858000 us
    Computation took 3.064952 s
    Reading took     17.477000 us
  Sample 80...
Starting computation...
    Writing took     382.800000 us
    Computation took 3.065039 s
    Reading took     17.221000 us
  Sample 81...
Starting computation...
    Writing took     378.078000 us
    Computation took 3.064979 s
    Reading took     17.611000 us
  Sample 82...
Starting computation...
    Writing took     383.776000 us
    Computation took 3.065113 s
    Reading took     16.463000 us
  Sample 83...
Starting computation...
    Writing took     337.590000 us
    Computation took 3.065133 s
    Reading took     18.747000 us
  Sample 84...
Starting computation...
    Writing took     410.462000 us
    Computation took 3.065107 s
    Reading took     16.257000 us
  Sample 85...
Starting computation...
    Writing took     338.020000 us
    Computation took 3.065014 s
    Reading took     17.370000 us
  Sample 86...
Starting computation...
    Writing took     375.817000 us
    Computation took 3.065105 s
    Reading took     17.314000 us
  Sample 87...
Starting computation...
    Writing took     378.451000 us
    Computation took 3.068362 s
    Reading took     21.700000 us
  Sample 88...
Starting computation...
    Writing took     519.238000 us
    Computation took 3.064958 s
    Reading took     16.427000 us
  Sample 89...
Starting computation...
    Writing took     325.382000 us
    Computation took 3.064959 s
    Reading took     16.778000 us
  Sample 90...
Starting computation...
    Writing took     357.389000 us
    Computation took 3.065124 s
    Reading took     17.287000 us
  Sample 91...
Starting computation...
    Writing took     365.035000 us
    Computation took 3.065058 s
    Reading took     17.234000 us
  Sample 92...
Starting computation...
    Writing took     377.402000 us
    Computation took 3.065059 s
    Reading took     16.115000 us
  Sample 93...
Starting computation...
    Writing took     341.597000 us
    Computation took 3.065084 s
    Reading took     18.690000 us
  Sample 94...
Starting computation...
    Writing took     388.083000 us
    Computation took 3.065073 s
    Reading took     18.590000 us
  Sample 95...
Starting computation...
    Writing took     393.663000 us
    Computation took 3.065051 s
    Reading took     30.250000 us
  Sample 96...
Starting computation...
    Writing took     461.345000 us
    Computation took 3.065068 s
    Reading took     19.422000 us
  Sample 97...
Starting computation...
    Writing took     381.594000 us
    Computation took 3.064982 s
    Reading took     18.829000 us
  Sample 98...
Starting computation...
    Writing took     394.131000 us
    Computation took 3.065095 s
    Reading took     18.309000 us
  Sample 99...
Starting computation...
    Writing took     354.317000 us
    Computation took 3.065110 s
    Reading took     18.595000 us
Mean computation time: 3.063346 s
Mean deviation: 2.803526 ms (0.0915184%)
Mean computation time (per hash): 612.669237 ms
Mean deviation (per hash): 560.705000 us
