Using device #0: CUDA Device 'GeForce GTX 1080 Ti'
  Sample 0...
Starting computation...
    Writing took     170.675000 us
    Computation took 3.022218 s
    Reading took     14.575000 us
  Sample 1...
Starting computation...
    Writing took     162.407000 us
    Computation took 3.022116 s
    Reading took     9.403000 us
  Sample 2...
Starting computation...
    Writing took     140.361000 us
    Computation took 3.022057 s
    Reading took     10.593000 us
  Sample 3...
Starting computation...
    Writing took     153.861000 us
    Computation took 3.021974 s
    Reading took     8.611000 us
  Sample 4...
Starting computation...
    Writing took     121.037000 us
    Computation took 3.022016 s
    Reading took     8.671000 us
  Sample 5...
Starting computation...
    Writing took     142.310000 us
    Computation took 3.022102 s
    Reading took     8.231000 us
  Sample 6...
Starting computation...
    Writing took     119.000000 us
    Computation took 3.022142 s
    Reading took     12.191000 us
  Sample 7...
Starting computation...
    Writing took     241.124000 us
    Computation took 3.022041 s
    Reading took     8.591000 us
  Sample 8...
Starting computation...
    Writing took     164.601000 us
    Computation took 3.022071 s
    Reading took     8.560000 us
  Sample 9...
Starting computation...
    Writing took     142.489000 us
    Computation took 3.022022 s
    Reading took     10.608000 us
  Sample 10...
Starting computation...
    Writing took     153.722000 us
    Computation took 3.022220 s
    Reading took     9.399000 us
  Sample 11...
Starting computation...
    Writing took     152.334000 us
    Computation took 3.022110 s
    Reading took     9.037000 us
  Sample 12...
Starting computation...
    Writing took     153.715000 us
    Computation took 3.022150 s
    Reading took     8.178000 us
  Sample 13...
Starting computation...
    Writing took     137.332000 us
    Computation took 3.022150 s
    Reading took     7.826000 us
  Sample 14...
Starting computation...
    Writing took     142.803000 us
    Computation took 3.022186 s
    Reading took     8.728000 us
  Sample 15...
Starting computation...
    Writing took     135.812000 us
    Computation took 3.021981 s
    Reading took     9.406000 us
  Sample 16...
Starting computation...
    Writing took     152.561000 us
    Computation took 3.022189 s
    Reading took     9.439000 us
  Sample 17...
Starting computation...
    Writing took     135.899000 us
    Computation took 3.021996 s
    Reading took     8.924000 us
  Sample 18...
Starting computation...
    Writing took     152.459000 us
    Computation took 3.022051 s
    Reading took     8.499000 us
  Sample 19...
Starting computation...
    Writing took     153.676000 us
    Computation took 3.022005 s
    Reading took     8.914000 us
  Sample 20...
Starting computation...
    Writing took     151.370000 us
    Computation took 3.022031 s
    Reading took     8.295000 us
  Sample 21...
Starting computation...
    Writing took     136.928000 us
    Computation took 3.021973 s
    Reading took     8.624000 us
  Sample 22...
Starting computation...
    Writing took     147.229000 us
    Computation took 3.022113 s
    Reading took     10.317000 us
  Sample 23...
Starting computation...
    Writing took     153.832000 us
    Computation took 3.021940 s
    Reading took     10.868000 us
  Sample 24...
Starting computation...
    Writing took     154.726000 us
    Computation took 3.022310 s
    Reading took     9.990000 us
  Sample 25...
Starting computation...
    Writing took     156.135000 us
    Computation took 3.021997 s
    Reading took     10.650000 us
  Sample 26...
Starting computation...
    Writing took     142.806000 us
    Computation took 3.022095 s
    Reading took     9.203000 us
  Sample 27...
Starting computation...
    Writing took     133.967000 us
    Computation took 3.022060 s
    Reading took     9.834000 us
  Sample 28...
Starting computation...
    Writing took     156.466000 us
    Computation took 3.022089 s
    Reading took     8.757000 us
  Sample 29...
Starting computation...
    Writing took     134.878000 us
    Computation took 3.021937 s
    Reading took     8.316000 us
  Sample 30...
Starting computation...
    Writing took     131.679000 us
    Computation took 3.022029 s
    Reading took     8.902000 us
  Sample 31...
Starting computation...
    Writing took     135.992000 us
    Computation took 3.021889 s
    Reading took     9.750000 us
  Sample 32...
Starting computation...
    Writing took     133.598000 us
    Computation took 3.022279 s
    Reading took     8.129000 us
  Sample 33...
Starting computation...
    Writing took     135.951000 us
    Computation took 3.022031 s
    Reading took     9.183000 us
  Sample 34...
Starting computation...
    Writing took     138.137000 us
    Computation took 3.022202 s
    Reading took     8.876000 us
  Sample 35...
Starting computation...
    Writing took     136.701000 us
    Computation took 3.022020 s
    Reading took     9.644000 us
  Sample 36...
Starting computation...
    Writing took     137.762000 us
    Computation took 3.022140 s
    Reading took     11.600000 us
  Sample 37...
Starting computation...
    Writing took     148.886000 us
    Computation took 3.021985 s
    Reading took     9.358000 us
  Sample 38...
Starting computation...
    Writing took     143.664000 us
    Computation took 3.022270 s
    Reading took     9.185000 us
  Sample 39...
Starting computation...
    Writing took     139.598000 us
    Computation took 3.021943 s
    Reading took     10.463000 us
  Sample 40...
Starting computation...
    Writing took     148.067000 us
    Computation took 3.021978 s
    Reading took     10.712000 us
  Sample 41...
Starting computation...
    Writing took     148.755000 us
    Computation took 3.022013 s
    Reading took     10.496000 us
  Sample 42...
Starting computation...
    Writing took     155.131000 us
    Computation took 3.022001 s
    Reading took     8.935000 us
  Sample 43...
Starting computation...
    Writing took     121.469000 us
    Computation took 3.022017 s
    Reading took     10.303000 us
  Sample 44...
Starting computation...
    Writing took     154.467000 us
    Computation took 3.022047 s
    Reading took     8.934000 us
  Sample 45...
Starting computation...
    Writing took     129.524000 us
    Computation took 3.022010 s
    Reading took     10.074000 us
  Sample 46...
Starting computation...
    Writing took     140.877000 us
    Computation took 3.022263 s
    Reading took     9.476000 us
  Sample 47...
Starting computation...
    Writing took     131.198000 us
    Computation took 3.022072 s
    Reading took     16.063000 us
  Sample 48...
Starting computation...
    Writing took     250.704000 us
    Computation took 3.021992 s
    Reading took     10.204000 us
  Sample 49...
Starting computation...
    Writing took     155.551000 us
    Computation took 3.022054 s
    Reading took     9.661000 us
  Sample 50...
Starting computation...
    Writing took     153.872000 us
    Computation took 3.022183 s
    Reading took     10.044000 us
  Sample 51...
Starting computation...
    Writing took     154.061000 us
    Computation took 3.021982 s
    Reading took     16.314000 us
  Sample 52...
Starting computation...
    Writing took     264.810000 us
    Computation took 3.022057 s
    Reading took     10.350000 us
  Sample 53...
Starting computation...
    Writing took     155.718000 us
    Computation took 3.022035 s
    Reading took     9.815000 us
  Sample 54...
Starting computation...
    Writing took     131.343000 us
    Computation took 3.022039 s
    Reading took     9.774000 us
  Sample 55...
Starting computation...
    Writing took     152.367000 us
    Computation took 3.022009 s
    Reading took     9.570000 us
  Sample 56...
Starting computation...
    Writing took     154.839000 us
    Computation took 3.022032 s
    Reading took     10.238000 us
  Sample 57...
Starting computation...
    Writing took     154.844000 us
    Computation took 3.022016 s
    Reading took     11.056000 us
  Sample 58...
Starting computation...
    Writing took     156.119000 us
    Computation took 3.022084 s
    Reading took     10.223000 us
  Sample 59...
Starting computation...
    Writing took     154.403000 us
    Computation took 3.022073 s
    Reading took     10.419000 us
  Sample 60...
Starting computation...
    Writing took     153.545000 us
    Computation took 3.022216 s
    Reading took     10.083000 us
  Sample 61...
Starting computation...
    Writing took     154.456000 us
    Computation took 3.022000 s
    Reading took     10.508000 us
  Sample 62...
Starting computation...
    Writing took     153.673000 us
    Computation took 3.022090 s
    Reading took     8.128000 us
  Sample 63...
Starting computation...
    Writing took     137.296000 us
    Computation took 3.021938 s
    Reading took     8.378000 us
  Sample 64...
Starting computation...
    Writing took     135.771000 us
    Computation took 3.022181 s
    Reading took     9.101000 us
  Sample 65...
Starting computation...
    Writing took     141.117000 us
    Computation took 3.022004 s
    Reading took     8.321000 us
  Sample 66...
Starting computation...
    Writing took     137.134000 us
    Computation took 3.021997 s
    Reading took     8.890000 us
  Sample 67...
Starting computation...
    Writing took     127.647000 us
    Computation took 3.021861 s
    Reading took     8.611000 us
  Sample 68...
Starting computation...
    Writing took     154.541000 us
    Computation took 3.022030 s
    Reading took     14.046000 us
  Sample 69...
Starting computation...
    Writing took     154.657000 us
    Computation took 3.022010 s
    Reading took     15.531000 us
  Sample 70...
Starting computation...
    Writing took     153.951000 us
    Computation took 3.022137 s
    Reading took     10.963000 us
  Sample 71...
Starting computation...
    Writing took     148.162000 us
    Computation took 3.022190 s
    Reading took     11.546000 us
  Sample 72...
Starting computation...
    Writing took     142.610000 us
    Computation took 3.022041 s
    Reading took     10.021000 us
  Sample 73...
Starting computation...
    Writing took     155.816000 us
    Computation took 3.021995 s
    Reading took     10.122000 us
  Sample 74...
Starting computation...
    Writing took     154.380000 us
    Computation took 3.021967 s
    Reading took     12.934000 us
  Sample 75...
Starting computation...
    Writing took     225.074000 us
    Computation took 3.021982 s
    Reading took     9.950000 us
  Sample 76...
Starting computation...
    Writing took     154.427000 us
    Computation took 3.022237 s
    Reading took     9.379000 us
  Sample 77...
Starting computation...
    Writing took     152.248000 us
    Computation took 3.022185 s
    Reading took     15.599000 us
  Sample 78...
Starting computation...
    Writing took     228.175000 us
    Computation took 3.022068 s
    Reading took     8.024000 us
  Sample 79...
Starting computation...
    Writing took     119.658000 us
    Computation took 3.022017 s
    Reading took     9.050000 us
  Sample 80...
Starting computation...
    Writing took     152.528000 us
    Computation took 3.022101 s
    Reading took     11.351000 us
  Sample 81...
Starting computation...
    Writing took     155.992000 us
    Computation took 3.022206 s
    Reading took     11.645000 us
  Sample 82...
Starting computation...
    Writing took     156.493000 us
    Computation took 3.022178 s
    Reading took     17.171000 us
  Sample 83...
Starting computation...
    Writing took     261.418000 us
    Computation took 3.022152 s
    Reading took     11.254000 us
  Sample 84...
Starting computation...
    Writing took     154.598000 us
    Computation took 3.022138 s
    Reading took     10.098000 us
  Sample 85...
Starting computation...
    Writing took     154.690000 us
    Computation took 3.022048 s
    Reading took     13.592000 us
  Sample 86...
Starting computation...
    Writing took     154.937000 us
    Computation took 3.022093 s
    Reading took     10.744000 us
  Sample 87...
Starting computation...
    Writing took     156.100000 us
    Computation took 3.022053 s
    Reading took     10.344000 us
  Sample 88...
Starting computation...
    Writing took     154.218000 us
    Computation took 3.022178 s
    Reading took     9.940000 us
  Sample 89...
Starting computation...
    Writing took     157.187000 us
    Computation took 3.022102 s
    Reading took     10.456000 us
  Sample 90...
Starting computation...
    Writing took     153.903000 us
    Computation took 3.022207 s
    Reading took     10.523000 us
  Sample 91...
Starting computation...
    Writing took     155.189000 us
    Computation took 3.022174 s
    Reading took     10.605000 us
  Sample 92...
Starting computation...
    Writing took     155.633000 us
    Computation took 3.022379 s
    Reading took     10.235000 us
  Sample 93...
Starting computation...
    Writing took     168.258000 us
    Computation took 3.022106 s
    Reading took     48.963000 us
  Sample 94...
Starting computation...
    Writing took     155.512000 us
    Computation took 3.022097 s
    Reading took     10.005000 us
  Sample 95...
Starting computation...
    Writing took     154.168000 us
    Computation took 3.022079 s
    Reading took     14.067000 us
  Sample 96...
Starting computation...
    Writing took     233.145000 us
    Computation took 3.022168 s
    Reading took     11.071000 us
  Sample 97...
Starting computation...
    Writing took     155.813000 us
    Computation took 3.022196 s
    Reading took     10.486000 us
  Sample 98...
Starting computation...
    Writing took     154.282000 us
    Computation took 3.022046 s
    Reading took     10.042000 us
  Sample 99...
Starting computation...
    Writing took     154.634000 us
    Computation took 3.021994 s
    Reading took     15.656000 us
Mean computation time: 3.022079 s
Mean deviation: 78.270000 us (0.00258994%)
Mean computation time (per hash): 1.511040 s
Mean deviation (per hash): 39.135000 us
