Using device #0: CUDA Device 'GeForce GTX 1080 Ti'
  Sample 0...
Starting computation...
    Writing took     688.472000 us
    Computation took 3.013171 s
    Reading took     30.510000 us
  Sample 1...
Starting computation...
    Writing took     627.723000 us
    Computation took 3.013189 s
    Reading took     46.070000 us
  Sample 2...
Starting computation...
    Writing took     1.171224 ms
    Computation took 3.013770 s
    Reading took     38.657000 us
  Sample 3...
Starting computation...
    Writing took     948.360000 us
    Computation took 3.012769 s
    Reading took     28.770000 us
  Sample 4...
Starting computation...
    Writing took     675.887000 us
    Computation took 3.012652 s
    Reading took     28.700000 us
  Sample 5...
Starting computation...
    Writing took     677.232000 us
    Computation took 3.013700 s
    Reading took     26.467000 us
  Sample 6...
Starting computation...
    Writing took     629.759000 us
    Computation took 3.036973 s
    Reading took     28.420000 us
  Sample 7...
Starting computation...
    Writing took     676.616000 us
    Computation took 3.041463 s
    Reading took     28.304000 us
  Sample 8...
Starting computation...
    Writing took     671.582000 us
    Computation took 3.040290 s
    Reading took     28.411000 us
  Sample 9...
Starting computation...
    Writing took     676.746000 us
    Computation took 3.040419 s
    Reading took     28.477000 us
  Sample 10...
Starting computation...
    Writing took     702.317000 us
    Computation took 3.040182 s
    Reading took     31.450000 us
  Sample 11...
Starting computation...
    Writing took     903.297000 us
    Computation took 3.039350 s
    Reading took     41.965000 us
  Sample 12...
Starting computation...
    Writing took     1.134184 ms
    Computation took 3.040597 s
    Reading took     30.082000 us
  Sample 13...
Starting computation...
    Writing took     737.573000 us
    Computation took 3.040063 s
    Reading took     41.134000 us
  Sample 14...
Starting computation...
    Writing took     987.467000 us
    Computation took 3.041156 s
    Reading took     44.201000 us
  Sample 15...
Starting computation...
    Writing took     906.700000 us
    Computation took 3.041107 s
    Reading took     28.811000 us
  Sample 16...
Starting computation...
    Writing took     681.340000 us
    Computation took 3.040752 s
    Reading took     27.403000 us
  Sample 17...
Starting computation...
    Writing took     651.785000 us
    Computation took 3.040613 s
    Reading took     28.553000 us
  Sample 18...
Starting computation...
    Writing took     676.397000 us
    Computation took 3.055824 s
    Reading took     28.079000 us
  Sample 19...
Starting computation...
    Writing took     677.426000 us
    Computation took 3.062905 s
    Reading took     28.841000 us
  Sample 20...
Starting computation...
    Writing took     675.749000 us
    Computation took 3.062510 s
    Reading took     28.510000 us
  Sample 21...
Starting computation...
    Writing took     676.921000 us
    Computation took 3.064009 s
    Reading took     28.231000 us
  Sample 22...
Starting computation...
    Writing took     676.036000 us
    Computation took 3.062889 s
    Reading took     28.320000 us
  Sample 23...
Starting computation...
    Writing took     676.845000 us
    Computation took 3.063052 s
    Reading took     33.134000 us
  Sample 24...
Starting computation...
    Writing took     978.032000 us
    Computation took 3.063062 s
    Reading took     25.937000 us
  Sample 25...
Starting computation...
    Writing took     602.861000 us
    Computation took 3.062884 s
    Reading took     27.954000 us
  Sample 26...
Starting computation...
    Writing took     650.200000 us
    Computation took 3.062705 s
    Reading took     37.462000 us
  Sample 27...
Starting computation...
    Writing took     1.044796 ms
    Computation took 3.063521 s
    Reading took     29.074000 us
  Sample 28...
Starting computation...
    Writing took     687.751000 us
    Computation took 3.062935 s
    Reading took     29.960000 us
  Sample 29...
Starting computation...
    Writing took     724.544000 us
    Computation took 3.062779 s
    Reading took     29.787000 us
  Sample 30...
Starting computation...
    Writing took     685.182000 us
    Computation took 3.062747 s
    Reading took     28.384000 us
  Sample 31...
Starting computation...
    Writing took     660.224000 us
    Computation took 3.063845 s
    Reading took     49.768000 us
  Sample 32...
Starting computation...
    Writing took     1.278853 ms
    Computation took 3.064922 s
    Reading took     30.994000 us
  Sample 33...
Starting computation...
    Writing took     751.346000 us
    Computation took 3.062702 s
    Reading took     28.107000 us
  Sample 34...
Starting computation...
    Writing took     738.075000 us
    Computation took 3.063183 s
    Reading took     28.353000 us
  Sample 35...
Starting computation...
    Writing took     676.469000 us
    Computation took 3.063043 s
    Reading took     42.013000 us
  Sample 36...
Starting computation...
    Writing took     963.772000 us
    Computation took 3.063107 s
    Reading took     28.825000 us
  Sample 37...
Starting computation...
    Writing took     676.574000 us
    Computation took 3.065116 s
    Reading took     43.515000 us
  Sample 38...
Starting computation...
    Writing took     839.087000 us
    Computation took 3.063071 s
    Reading took     28.078000 us
  Sample 39...
Starting computation...
    Writing took     634.937000 us
    Computation took 3.063364 s
    Reading took     29.556000 us
  Sample 40...
Starting computation...
    Writing took     685.959000 us
    Computation took 3.064022 s
    Reading took     30.229000 us
  Sample 41...
Starting computation...
    Writing took     824.141000 us
    Computation took 3.062588 s
    Reading took     40.449000 us
  Sample 42...
Starting computation...
    Writing took     1.108201 ms
    Computation took 3.064276 s
    Reading took     29.093000 us
  Sample 43...
Starting computation...
    Writing took     911.958000 us
    Computation took 3.064734 s
    Reading took     29.263000 us
  Sample 44...
Starting computation...
    Writing took     686.384000 us
    Computation took 3.062507 s
    Reading took     46.748000 us
  Sample 45...
Starting computation...
    Writing took     924.907000 us
    Computation took 3.065049 s
    Reading took     46.521000 us
  Sample 46...
Starting computation...
    Writing took     1.161670 ms
    Computation took 3.063522 s
    Reading took     29.150000 us
  Sample 47...
Starting computation...
    Writing took     685.339000 us
    Computation took 3.063733 s
    Reading took     30.182000 us
  Sample 48...
Starting computation...
    Writing took     686.317000 us
    Computation took 3.062390 s
    Reading took     29.461000 us
  Sample 49...
Starting computation...
    Writing took     686.663000 us
    Computation took 3.062995 s
    Reading took     28.364000 us
  Sample 50...
Starting computation...
    Writing took     676.633000 us
    Computation took 3.064047 s
    Reading took     45.145000 us
  Sample 51...
Starting computation...
    Writing took     1.172638 ms
    Computation took 3.063846 s
    Reading took     26.816000 us
  Sample 52...
Starting computation...
    Writing took     632.705000 us
    Computation took 3.063533 s
    Reading took     30.187000 us
  Sample 53...
Starting computation...
    Writing took     744.524000 us
    Computation took 3.063292 s
    Reading took     36.053000 us
  Sample 54...
Starting computation...
    Writing took     676.353000 us
    Computation took 3.064005 s
    Reading took     28.212000 us
  Sample 55...
Starting computation...
    Writing took     677.016000 us
    Computation took 3.063272 s
    Reading took     28.978000 us
  Sample 56...
Starting computation...
    Writing took     676.271000 us
    Computation took 3.063294 s
    Reading took     36.010000 us
  Sample 57...
Starting computation...
    Writing took     676.429000 us
    Computation took 3.063845 s
    Reading took     28.647000 us
  Sample 58...
Starting computation...
    Writing took     676.851000 us
    Computation took 3.062905 s
    Reading took     48.043000 us
  Sample 59...
Starting computation...
    Writing took     1.239770 ms
    Computation took 3.064127 s
    Reading took     43.458000 us
  Sample 60...
Starting computation...
    Writing took     880.313000 us
    Computation took 3.062929 s
    Reading took     26.198000 us
  Sample 61...
Starting computation...
    Writing took     626.479000 us
    Computation took 3.063960 s
    Reading took     33.493000 us
  Sample 62...
Starting computation...
    Writing took     676.889000 us
    Computation took 3.062914 s
    Reading took     28.496000 us
  Sample 63...
Starting computation...
    Writing took     675.975000 us
    Computation took 3.062460 s
    Reading took     44.141000 us
  Sample 64...
Starting computation...
    Writing took     721.433000 us
    Computation took 3.063545 s
    Reading took     27.551000 us
  Sample 65...
Starting computation...
    Writing took     652.034000 us
    Computation took 3.063111 s
    Reading took     43.667000 us
  Sample 66...
Starting computation...
    Writing took     676.972000 us
    Computation took 3.063219 s
    Reading took     46.117000 us
  Sample 67...
Starting computation...
    Writing took     1.161363 ms
    Computation took 3.063148 s
    Reading took     27.995000 us
  Sample 68...
Starting computation...
    Writing took     677.010000 us
    Computation took 3.062998 s
    Reading took     31.480000 us
  Sample 69...
Starting computation...
    Writing took     745.800000 us
    Computation took 3.063475 s
    Reading took     28.995000 us
  Sample 70...
Starting computation...
    Writing took     676.512000 us
    Computation took 3.064129 s
    Reading took     29.251000 us
  Sample 71...
Starting computation...
    Writing took     732.942000 us
    Computation took 3.062355 s
    Reading took     29.882000 us
  Sample 72...
Starting computation...
    Writing took     692.990000 us
    Computation took 3.064109 s
    Reading took     30.770000 us
  Sample 73...
Starting computation...
    Writing took     698.116000 us
    Computation took 3.062980 s
    Reading took     28.823000 us
  Sample 74...
Starting computation...
    Writing took     690.586000 us
    Computation took 3.063303 s
    Reading took     25.980000 us
  Sample 75...
Starting computation...
    Writing took     604.656000 us
    Computation took 3.062996 s
    Reading took     30.084000 us
  Sample 76...
Starting computation...
    Writing took     737.142000 us
    Computation took 3.063898 s
    Reading took     30.786000 us
  Sample 77...
Starting computation...
    Writing took     740.982000 us
    Computation took 3.064882 s
    Reading took     28.201000 us
  Sample 78...
Starting computation...
    Writing took     676.924000 us
    Computation took 3.062702 s
    Reading took     48.838000 us
  Sample 79...
Starting computation...
    Writing took     1.255734 ms
    Computation took 3.062509 s
    Reading took     27.996000 us
  Sample 80...
Starting computation...
    Writing took     677.069000 us
    Computation took 3.063925 s
    Reading took     28.684000 us
  Sample 81...
Starting computation...
    Writing took     684.388000 us
    Computation took 3.063480 s
    Reading took     27.094000 us
  Sample 82...
Starting computation...
    Writing took     652.686000 us
    Computation took 3.063606 s
    Reading took     30.547000 us
  Sample 83...
Starting computation...
    Writing took     736.014000 us
    Computation took 3.064224 s
    Reading took     28.547000 us
  Sample 84...
Starting computation...
    Writing took     676.144000 us
    Computation took 3.063681 s
    Reading took     28.683000 us
  Sample 85...
Starting computation...
    Writing took     689.353000 us
    Computation took 3.063294 s
    Reading took     28.448000 us
  Sample 86...
Starting computation...
    Writing took     714.240000 us
    Computation took 3.062568 s
    Reading took     27.107000 us
  Sample 87...
Starting computation...
    Writing took     651.246000 us
    Computation took 3.063543 s
    Reading took     46.177000 us
  Sample 88...
Starting computation...
    Writing took     1.174822 ms
    Computation took 3.063668 s
    Reading took     57.262000 us
  Sample 89...
Starting computation...
    Writing took     1.340307 ms
    Computation took 3.064330 s
    Reading took     38.118000 us
  Sample 90...
Starting computation...
    Writing took     704.113000 us
    Computation took 3.062713 s
    Reading took     27.016000 us
  Sample 91...
Starting computation...
    Writing took     651.274000 us
    Computation took 3.062657 s
    Reading took     30.504000 us
  Sample 92...
Starting computation...
    Writing took     736.682000 us
    Computation took 3.062523 s
    Reading took     28.739000 us
  Sample 93...
Starting computation...
    Writing took     683.812000 us
    Computation took 3.063225 s
    Reading took     27.047000 us
  Sample 94...
Starting computation...
    Writing took     636.136000 us
    Computation took 3.065078 s
    Reading took     30.798000 us
  Sample 95...
Starting computation...
    Writing took     738.644000 us
    Computation took 3.064352 s
    Reading took     28.619000 us
  Sample 96...
Starting computation...
    Writing took     676.243000 us
    Computation took 3.062670 s
    Reading took     27.942000 us
  Sample 97...
Starting computation...
    Writing took     677.494000 us
    Computation took 3.062976 s
    Reading took     29.590000 us
  Sample 98...
Starting computation...
    Writing took     698.796000 us
    Computation took 3.063000 s
    Reading took     28.564000 us
  Sample 99...
Starting computation...
    Writing took     790.829000 us
    Computation took 3.063797 s
    Reading took     28.123000 us
Mean computation time: 3.057533 s
Mean deviation: 9.501737 ms (0.310765%)
Mean computation time (per hash): 339.725893 ms
Mean deviation (per hash): 1.055749 ms
