Using device #0: CUDA Device 'GeForce GTX 1080 Ti'
  Sample 0...
Starting computation...
    Writing took     545.977000 us
    Computation took 2.936854 s
    Reading took     26.766000 us
  Sample 1...
Starting computation...
    Writing took     526.632000 us
    Computation took 2.937431 s
    Reading took     22.738000 us
  Sample 2...
Starting computation...
    Writing took     526.651000 us
    Computation took 2.936354 s
    Reading took     31.827000 us
  Sample 3...
Starting computation...
    Writing took     770.871000 us
    Computation took 2.936500 s
    Reading took     24.832000 us
  Sample 4...
Starting computation...
    Writing took     577.346000 us
    Computation took 2.936727 s
    Reading took     23.675000 us
  Sample 5...
Starting computation...
    Writing took     693.421000 us
    Computation took 2.936868 s
    Reading took     20.605000 us
  Sample 6...
Starting computation...
    Writing took     455.615000 us
    Computation took 2.936277 s
    Reading took     21.815000 us
  Sample 7...
Starting computation...
    Writing took     504.207000 us
    Computation took 2.936570 s
    Reading took     22.865000 us
  Sample 8...
Starting computation...
    Writing took     683.612000 us
    Computation took 2.936616 s
    Reading took     35.600000 us
  Sample 9...
Starting computation...
    Writing took     654.437000 us
    Computation took 2.936167 s
    Reading took     21.848000 us
  Sample 10...
Starting computation...
    Writing took     506.040000 us
    Computation took 2.936371 s
    Reading took     21.996000 us
  Sample 11...
Starting computation...
    Writing took     497.434000 us
    Computation took 2.936443 s
    Reading took     22.992000 us
  Sample 12...
Starting computation...
    Writing took     525.840000 us
    Computation took 2.936172 s
    Reading took     23.985000 us
  Sample 13...
Starting computation...
    Writing took     538.844000 us
    Computation took 2.936765 s
    Reading took     21.510000 us
  Sample 14...
Starting computation...
    Writing took     460.531000 us
    Computation took 2.936963 s
    Reading took     22.931000 us
  Sample 15...
Starting computation...
    Writing took     497.845000 us
    Computation took 2.936078 s
    Reading took     31.651000 us
  Sample 16...
Starting computation...
    Writing took     716.504000 us
    Computation took 2.937113 s
    Reading took     23.261000 us
  Sample 17...
Starting computation...
    Writing took     532.345000 us
    Computation took 2.935970 s
    Reading took     22.818000 us
  Sample 18...
Starting computation...
    Writing took     494.761000 us
    Computation took 2.936354 s
    Reading took     23.803000 us
  Sample 19...
Starting computation...
    Writing took     534.213000 us
    Computation took 2.935933 s
    Reading took     24.160000 us
  Sample 20...
Starting computation...
    Writing took     533.803000 us
    Computation took 2.937202 s
    Reading took     23.280000 us
  Sample 21...
Starting computation...
    Writing took     495.781000 us
    Computation took 2.936455 s
    Reading took     25.483000 us
  Sample 22...
Starting computation...
    Writing took     588.467000 us
    Computation took 2.936759 s
    Reading took     25.462000 us
  Sample 23...
Starting computation...
    Writing took     580.863000 us
    Computation took 2.936204 s
    Reading took     33.721000 us
  Sample 24...
Starting computation...
    Writing took     665.104000 us
    Computation took 2.936645 s
    Reading took     24.137000 us
  Sample 25...
Starting computation...
    Writing took     536.056000 us
    Computation took 2.936532 s
    Reading took     23.963000 us
  Sample 26...
Starting computation...
    Writing took     562.486000 us
    Computation took 2.936466 s
    Reading took     21.459000 us
  Sample 27...
Starting computation...
    Writing took     488.616000 us
    Computation took 2.935918 s
    Reading took     32.130000 us
  Sample 28...
Starting computation...
    Writing took     781.321000 us
    Computation took 2.935926 s
    Reading took     32.745000 us
  Sample 29...
Starting computation...
    Writing took     611.031000 us
    Computation took 2.935907 s
    Reading took     24.085000 us
  Sample 30...
Starting computation...
    Writing took     580.932000 us
    Computation took 2.936178 s
    Reading took     24.959000 us
  Sample 31...
Starting computation...
    Writing took     572.403000 us
    Computation took 2.936727 s
    Reading took     24.107000 us
  Sample 32...
Starting computation...
    Writing took     536.933000 us
    Computation took 2.936331 s
    Reading took     24.471000 us
  Sample 33...
Starting computation...
    Writing took     535.499000 us
    Computation took 2.936308 s
    Reading took     20.932000 us
  Sample 34...
Starting computation...
    Writing took     447.641000 us
    Computation took 2.936204 s
    Reading took     21.292000 us
  Sample 35...
Starting computation...
    Writing took     474.626000 us
    Computation took 2.936281 s
    Reading took     22.899000 us
  Sample 36...
Starting computation...
    Writing took     526.034000 us
    Computation took 2.936111 s
    Reading took     24.058000 us
  Sample 37...
Starting computation...
    Writing took     528.186000 us
    Computation took 2.936059 s
    Reading took     23.425000 us
  Sample 38...
Starting computation...
    Writing took     532.990000 us
    Computation took 2.937172 s
    Reading took     23.572000 us
  Sample 39...
Starting computation...
    Writing took     530.293000 us
    Computation took 2.936196 s
    Reading took     23.074000 us
  Sample 40...
Starting computation...
    Writing took     496.560000 us
    Computation took 2.936723 s
    Reading took     21.834000 us
  Sample 41...
Starting computation...
    Writing took     450.111000 us
    Computation took 2.936465 s
    Reading took     22.975000 us
  Sample 42...
Starting computation...
    Writing took     593.206000 us
    Computation took 2.936825 s
    Reading took     22.591000 us
  Sample 43...
Starting computation...
    Writing took     551.389000 us
    Computation took 2.936204 s
    Reading took     22.293000 us
  Sample 44...
Starting computation...
    Writing took     505.356000 us
    Computation took 2.937716 s
    Reading took     26.181000 us
  Sample 45...
Starting computation...
    Writing took     544.293000 us
    Computation took 2.936242 s
    Reading took     24.066000 us
  Sample 46...
Starting computation...
    Writing took     533.270000 us
    Computation took 2.937206 s
    Reading took     21.952000 us
  Sample 47...
Starting computation...
    Writing took     568.683000 us
    Computation took 2.937285 s
    Reading took     25.845000 us
  Sample 48...
Starting computation...
    Writing took     586.096000 us
    Computation took 2.936113 s
    Reading took     21.803000 us
  Sample 49...
Starting computation...
    Writing took     503.346000 us
    Computation took 2.936870 s
    Reading took     21.850000 us
  Sample 50...
Starting computation...
    Writing took     580.901000 us
    Computation took 2.936587 s
    Reading took     20.131000 us
  Sample 51...
Starting computation...
    Writing took     424.325000 us
    Computation took 2.936635 s
    Reading took     23.043000 us
  Sample 52...
Starting computation...
    Writing took     517.244000 us
    Computation took 2.937037 s
    Reading took     39.131000 us
  Sample 53...
Starting computation...
    Writing took     993.495000 us
    Computation took 2.936875 s
    Reading took     19.773000 us
  Sample 54...
Starting computation...
    Writing took     418.356000 us
    Computation took 2.936487 s
    Reading took     22.351000 us
  Sample 55...
Starting computation...
    Writing took     494.689000 us
    Computation took 2.936905 s
    Reading took     23.964000 us
  Sample 56...
Starting computation...
    Writing took     512.636000 us
    Computation took 2.936183 s
    Reading took     20.634000 us
  Sample 57...
Starting computation...
    Writing took     441.605000 us
    Computation took 2.936393 s
    Reading took     21.635000 us
  Sample 58...
Starting computation...
    Writing took     461.628000 us
    Computation took 2.936306 s
    Reading took     22.189000 us
  Sample 59...
Starting computation...
    Writing took     495.741000 us
    Computation took 2.936750 s
    Reading took     23.856000 us
  Sample 60...
Starting computation...
    Writing took     532.301000 us
    Computation took 2.937016 s
    Reading took     24.849000 us
  Sample 61...
Starting computation...
    Writing took     579.865000 us
    Computation took 2.935442 s
    Reading took     20.158000 us
  Sample 62...
Starting computation...
    Writing took     417.976000 us
    Computation took 2.935911 s
    Reading took     19.287000 us
  Sample 63...
Starting computation...
    Writing took     411.151000 us
    Computation took 2.936815 s
    Reading took     35.954000 us
  Sample 64...
Starting computation...
    Writing took     574.413000 us
    Computation took 2.936872 s
    Reading took     28.823000 us
  Sample 65...
Starting computation...
    Writing took     821.412000 us
    Computation took 2.936588 s
    Reading took     25.209000 us
  Sample 66...
Starting computation...
    Writing took     576.148000 us
    Computation took 2.936082 s
    Reading took     20.438000 us
  Sample 67...
Starting computation...
    Writing took     453.509000 us
    Computation took 2.936339 s
    Reading took     22.679000 us
  Sample 68...
Starting computation...
    Writing took     505.324000 us
    Computation took 2.936288 s
    Reading took     22.374000 us
  Sample 69...
Starting computation...
    Writing took     537.757000 us
    Computation took 2.936993 s
    Reading took     20.638000 us
  Sample 70...
Starting computation...
    Writing took     471.198000 us
    Computation took 2.936375 s
    Reading took     34.678000 us
  Sample 71...
Starting computation...
    Writing took     895.845000 us
    Computation took 2.936434 s
    Reading took     19.405000 us
  Sample 72...
Starting computation...
    Writing took     411.923000 us
    Computation took 2.935882 s
    Reading took     24.106000 us
  Sample 73...
Starting computation...
    Writing took     576.407000 us
    Computation took 2.936594 s
    Reading took     22.609000 us
  Sample 74...
Starting computation...
    Writing took     504.927000 us
    Computation took 2.936730 s
    Reading took     21.540000 us
  Sample 75...
Starting computation...
    Writing took     486.097000 us
    Computation took 2.936842 s
    Reading took     19.608000 us
  Sample 76...
Starting computation...
    Writing took     421.097000 us
    Computation took 2.937488 s
    Reading took     22.628000 us
  Sample 77...
Starting computation...
    Writing took     524.280000 us
    Computation took 2.936528 s
    Reading took     20.633000 us
  Sample 78...
Starting computation...
    Writing took     650.034000 us
    Computation took 2.934708 s
    Reading took     22.846000 us
  Sample 79...
Starting computation...
    Writing took     530.270000 us
    Computation took 2.936630 s
    Reading took     23.358000 us
  Sample 80...
Starting computation...
    Writing took     526.490000 us
    Computation took 2.936400 s
    Reading took     22.426000 us
  Sample 81...
Starting computation...
    Writing took     532.131000 us
    Computation took 2.936804 s
    Reading took     20.166000 us
  Sample 82...
Starting computation...
    Writing took     411.921000 us
    Computation took 2.937256 s
    Reading took     24.375000 us
  Sample 83...
Starting computation...
    Writing took     576.183000 us
    Computation took 2.935939 s
    Reading took     21.204000 us
  Sample 84...
Starting computation...
    Writing took     491.406000 us
    Computation took 2.935936 s
    Reading took     21.380000 us
  Sample 85...
Starting computation...
    Writing took     489.384000 us
    Computation took 2.936716 s
    Reading took     21.560000 us
  Sample 86...
Starting computation...
    Writing took     490.573000 us
    Computation took 2.936337 s
    Reading took     22.660000 us
  Sample 87...
Starting computation...
    Writing took     526.104000 us
    Computation took 2.937444 s
    Reading took     23.000000 us
  Sample 88...
Starting computation...
    Writing took     524.335000 us
    Computation took 2.937319 s
    Reading took     19.405000 us
  Sample 89...
Starting computation...
    Writing took     411.484000 us
    Computation took 2.935790 s
    Reading took     32.628000 us
  Sample 90...
Starting computation...
    Writing took     746.379000 us
    Computation took 2.936659 s
    Reading took     22.679000 us
  Sample 91...
Starting computation...
    Writing took     525.119000 us
    Computation took 2.935996 s
    Reading took     22.855000 us
  Sample 92...
Starting computation...
    Writing took     641.839000 us
    Computation took 2.936530 s
    Reading took     24.336000 us
  Sample 93...
Starting computation...
    Writing took     571.956000 us
    Computation took 2.935947 s
    Reading took     24.316000 us
  Sample 94...
Starting computation...
    Writing took     570.146000 us
    Computation took 2.937191 s
    Reading took     26.002000 us
  Sample 95...
Starting computation...
    Writing took     574.372000 us
    Computation took 2.935963 s
    Reading took     23.821000 us
  Sample 96...
Starting computation...
    Writing took     524.332000 us
    Computation took 2.936656 s
    Reading took     19.792000 us
  Sample 97...
Starting computation...
    Writing took     486.458000 us
    Computation took 2.937098 s
    Reading took     32.393000 us
  Sample 98...
Starting computation...
    Writing took     616.829000 us
    Computation took 2.936770 s
    Reading took     20.974000 us
  Sample 99...
Starting computation...
    Writing took     468.022000 us
    Computation took 2.936876 s
    Reading took     20.899000 us
Mean computation time: 2.936521 s
Mean deviation: 374.493000 us (0.0127529%)
Mean computation time (per hash): 419.502996 ms
Mean deviation (per hash): 53.499000 us
