Using device #0: CUDA Device 'GeForce GTX 1080 Ti'
  Sample 0...
Starting computation...
    Writing took     95.408000 us
    Computation took 2.831774 s
    Reading took     12.069000 us
  Sample 1...
Starting computation...
    Writing took     80.018000 us
    Computation took 2.831522 s
    Reading took     7.750000 us
  Sample 2...
Starting computation...
    Writing took     80.901000 us
    Computation took 2.831473 s
    Reading took     7.681000 us
  Sample 3...
Starting computation...
    Writing took     80.428000 us
    Computation took 2.831480 s
    Reading took     10.774000 us
  Sample 4...
Starting computation...
    Writing took     118.404000 us
    Computation took 2.831332 s
    Reading took     7.560000 us
  Sample 5...
Starting computation...
    Writing took     83.994000 us
    Computation took 2.831638 s
    Reading took     7.350000 us
  Sample 6...
Starting computation...
    Writing took     80.326000 us
    Computation took 2.831556 s
    Reading took     7.854000 us
  Sample 7...
Starting computation...
    Writing took     102.663000 us
    Computation took 2.831573 s
    Reading took     7.720000 us
  Sample 8...
Starting computation...
    Writing took     81.446000 us
    Computation took 2.831670 s
    Reading took     7.305000 us
  Sample 9...
Starting computation...
    Writing took     81.833000 us
    Computation took 2.831460 s
    Reading took     7.267000 us
  Sample 10...
Starting computation...
    Writing took     80.644000 us
    Computation took 2.831437 s
    Reading took     7.673000 us
  Sample 11...
Starting computation...
    Writing took     80.883000 us
    Computation took 2.831519 s
    Reading took     7.516000 us
  Sample 12...
Starting computation...
    Writing took     80.205000 us
    Computation took 2.831524 s
    Reading took     6.934000 us
  Sample 13...
Starting computation...
    Writing took     80.941000 us
    Computation took 2.831654 s
    Reading took     8.179000 us
  Sample 14...
Starting computation...
    Writing took     80.567000 us
    Computation took 2.831520 s
    Reading took     10.240000 us
  Sample 15...
Starting computation...
    Writing took     82.382000 us
    Computation took 2.831559 s
    Reading took     7.415000 us
  Sample 16...
Starting computation...
    Writing took     80.560000 us
    Computation took 2.831446 s
    Reading took     7.460000 us
  Sample 17...
Starting computation...
    Writing took     80.682000 us
    Computation took 2.831626 s
    Reading took     7.770000 us
  Sample 18...
Starting computation...
    Writing took     80.390000 us
    Computation took 2.831490 s
    Reading took     8.106000 us
  Sample 19...
Starting computation...
    Writing took     82.226000 us
    Computation took 2.831560 s
    Reading took     7.014000 us
  Sample 20...
Starting computation...
    Writing took     67.375000 us
    Computation took 2.831439 s
    Reading took     7.374000 us
  Sample 21...
Starting computation...
    Writing took     80.679000 us
    Computation took 2.831604 s
    Reading took     7.090000 us
  Sample 22...
Starting computation...
    Writing took     90.439000 us
    Computation took 2.831380 s
    Reading took     5.834000 us
  Sample 23...
Starting computation...
    Writing took     80.718000 us
    Computation took 2.831340 s
    Reading took     5.684000 us
  Sample 24...
Starting computation...
    Writing took     80.193000 us
    Computation took 2.831580 s
    Reading took     6.208000 us
  Sample 25...
Starting computation...
    Writing took     80.336000 us
    Computation took 2.831348 s
    Reading took     6.078000 us
  Sample 26...
Starting computation...
    Writing took     80.225000 us
    Computation took 2.831521 s
    Reading took     5.702000 us
  Sample 27...
Starting computation...
    Writing took     71.723000 us
    Computation took 2.831398 s
    Reading took     5.686000 us
  Sample 28...
Starting computation...
    Writing took     80.868000 us
    Computation took 2.831527 s
    Reading took     5.590000 us
  Sample 29...
Starting computation...
    Writing took     81.994000 us
    Computation took 2.831590 s
    Reading took     5.409000 us
  Sample 30...
Starting computation...
    Writing took     83.296000 us
    Computation took 2.831338 s
    Reading took     5.906000 us
  Sample 31...
Starting computation...
    Writing took     80.754000 us
    Computation took 2.831322 s
    Reading took     6.050000 us
  Sample 32...
Starting computation...
    Writing took     80.905000 us
    Computation took 2.831455 s
    Reading took     10.658000 us
  Sample 33...
Starting computation...
    Writing took     69.074000 us
    Computation took 2.831588 s
    Reading took     5.868000 us
  Sample 34...
Starting computation...
    Writing took     80.520000 us
    Computation took 2.831419 s
    Reading took     7.636000 us
  Sample 35...
Starting computation...
    Writing took     80.564000 us
    Computation took 2.831608 s
    Reading took     8.575000 us
  Sample 36...
Starting computation...
    Writing took     81.332000 us
    Computation took 2.831458 s
    Reading took     7.427000 us
  Sample 37...
Starting computation...
    Writing took     80.655000 us
    Computation took 2.831500 s
    Reading took     8.249000 us
  Sample 38...
Starting computation...
    Writing took     77.449000 us
    Computation took 2.831425 s
    Reading took     7.216000 us
  Sample 39...
Starting computation...
    Writing took     82.431000 us
    Computation took 2.831480 s
    Reading took     5.904000 us
  Sample 40...
Starting computation...
    Writing took     69.271000 us
    Computation took 2.831508 s
    Reading took     5.249000 us
  Sample 41...
Starting computation...
    Writing took     67.088000 us
    Computation took 2.831474 s
    Reading took     6.241000 us
  Sample 42...
Starting computation...
    Writing took     80.414000 us
    Computation took 2.831498 s
    Reading took     6.906000 us
  Sample 43...
Starting computation...
    Writing took     71.533000 us
    Computation took 2.831443 s
    Reading took     5.800000 us
  Sample 44...
Starting computation...
    Writing took     81.423000 us
    Computation took 2.831633 s
    Reading took     5.220000 us
  Sample 45...
Starting computation...
    Writing took     68.987000 us
    Computation took 2.831457 s
    Reading took     8.580000 us
  Sample 46...
Starting computation...
    Writing took     80.175000 us
    Computation took 2.831629 s
    Reading took     6.496000 us
  Sample 47...
Starting computation...
    Writing took     79.972000 us
    Computation took 2.831485 s
    Reading took     7.806000 us
  Sample 48...
Starting computation...
    Writing took     73.130000 us
    Computation took 2.831498 s
    Reading took     5.408000 us
  Sample 49...
Starting computation...
    Writing took     73.923000 us
    Computation took 2.831266 s
    Reading took     6.193000 us
  Sample 50...
Starting computation...
    Writing took     69.519000 us
    Computation took 2.831549 s
    Reading took     5.245000 us
  Sample 51...
Starting computation...
    Writing took     71.608000 us
    Computation took 2.831522 s
    Reading took     6.262000 us
  Sample 52...
Starting computation...
    Writing took     71.525000 us
    Computation took 2.831581 s
    Reading took     6.463000 us
  Sample 53...
Starting computation...
    Writing took     72.214000 us
    Computation took 2.831496 s
    Reading took     6.748000 us
  Sample 54...
Starting computation...
    Writing took     87.581000 us
    Computation took 2.831528 s
    Reading took     5.991000 us
  Sample 55...
Starting computation...
    Writing took     80.093000 us
    Computation took 2.831695 s
    Reading took     5.703000 us
  Sample 56...
Starting computation...
    Writing took     80.109000 us
    Computation took 2.831487 s
    Reading took     9.169000 us
  Sample 57...
Starting computation...
    Writing took     137.059000 us
    Computation took 2.831547 s
    Reading took     5.750000 us
  Sample 58...
Starting computation...
    Writing took     68.569000 us
    Computation took 2.831357 s
    Reading took     5.833000 us
  Sample 59...
Starting computation...
    Writing took     80.973000 us
    Computation took 2.831419 s
    Reading took     5.465000 us
  Sample 60...
Starting computation...
    Writing took     71.900000 us
    Computation took 2.831388 s
    Reading took     6.670000 us
  Sample 61...
Starting computation...
    Writing took     80.332000 us
    Computation took 2.831405 s
    Reading took     5.819000 us
  Sample 62...
Starting computation...
    Writing took     80.457000 us
    Computation took 2.831595 s
    Reading took     6.056000 us
  Sample 63...
Starting computation...
    Writing took     80.156000 us
    Computation took 2.831536 s
    Reading took     6.189000 us
  Sample 64...
Starting computation...
    Writing took     80.152000 us
    Computation took 2.831597 s
    Reading took     5.406000 us
  Sample 65...
Starting computation...
    Writing took     72.360000 us
    Computation took 2.831501 s
    Reading took     7.998000 us
  Sample 66...
Starting computation...
    Writing took     81.217000 us
    Computation took 2.831469 s
    Reading took     7.295000 us
  Sample 67...
Starting computation...
    Writing took     80.761000 us
    Computation took 2.831621 s
    Reading took     7.810000 us
  Sample 68...
Starting computation...
    Writing took     81.831000 us
    Computation took 2.831686 s
    Reading took     8.535000 us
  Sample 69...
Starting computation...
    Writing took     80.565000 us
    Computation took 2.831623 s
    Reading took     7.743000 us
  Sample 70...
Starting computation...
    Writing took     80.296000 us
    Computation took 2.831452 s
    Reading took     6.522000 us
  Sample 71...
Starting computation...
    Writing took     69.705000 us
    Computation took 2.831582 s
    Reading took     7.272000 us
  Sample 72...
Starting computation...
    Writing took     69.472000 us
    Computation took 2.831633 s
    Reading took     5.558000 us
  Sample 73...
Starting computation...
    Writing took     71.646000 us
    Computation took 2.831599 s
    Reading took     4.942000 us
  Sample 74...
Starting computation...
    Writing took     64.120000 us
    Computation took 2.831417 s
    Reading took     6.190000 us
  Sample 75...
Starting computation...
    Writing took     80.009000 us
    Computation took 2.831462 s
    Reading took     5.647000 us
  Sample 76...
Starting computation...
    Writing took     74.299000 us
    Computation took 2.831493 s
    Reading took     6.392000 us
  Sample 77...
Starting computation...
    Writing took     74.823000 us
    Computation took 2.831614 s
    Reading took     7.800000 us
  Sample 78...
Starting computation...
    Writing took     70.886000 us
    Computation took 2.831514 s
    Reading took     5.800000 us
  Sample 79...
Starting computation...
    Writing took     72.212000 us
    Computation took 2.831495 s
    Reading took     8.211000 us
  Sample 80...
Starting computation...
    Writing took     72.057000 us
    Computation took 2.831502 s
    Reading took     7.525000 us
  Sample 81...
Starting computation...
    Writing took     74.748000 us
    Computation took 2.831587 s
    Reading took     6.756000 us
  Sample 82...
Starting computation...
    Writing took     86.744000 us
    Computation took 2.831657 s
    Reading took     5.654000 us
  Sample 83...
Starting computation...
    Writing took     80.076000 us
    Computation took 2.831443 s
    Reading took     5.714000 us
  Sample 84...
Starting computation...
    Writing took     80.337000 us
    Computation took 2.831422 s
    Reading took     7.018000 us
  Sample 85...
Starting computation...
    Writing took     69.781000 us
    Computation took 2.831523 s
    Reading took     6.940000 us
  Sample 86...
Starting computation...
    Writing took     80.419000 us
    Computation took 2.831577 s
    Reading took     7.560000 us
  Sample 87...
Starting computation...
    Writing took     74.145000 us
    Computation took 2.831434 s
    Reading took     7.620000 us
  Sample 88...
Starting computation...
    Writing took     80.511000 us
    Computation took 2.831596 s
    Reading took     6.157000 us
  Sample 89...
Starting computation...
    Writing took     72.058000 us
    Computation took 2.831441 s
    Reading took     7.111000 us
  Sample 90...
Starting computation...
    Writing took     70.269000 us
    Computation took 2.831621 s
    Reading took     7.142000 us
  Sample 91...
Starting computation...
    Writing took     72.253000 us
    Computation took 2.831480 s
    Reading took     7.912000 us
  Sample 92...
Starting computation...
    Writing took     81.107000 us
    Computation took 2.831618 s
    Reading took     7.391000 us
  Sample 93...
Starting computation...
    Writing took     80.837000 us
    Computation took 2.831449 s
    Reading took     7.127000 us
  Sample 94...
Starting computation...
    Writing took     80.859000 us
    Computation took 2.831573 s
    Reading took     7.980000 us
  Sample 95...
Starting computation...
    Writing took     81.275000 us
    Computation took 2.831461 s
    Reading took     7.306000 us
  Sample 96...
Starting computation...
    Writing took     81.830000 us
    Computation took 2.831518 s
    Reading took     7.081000 us
  Sample 97...
Starting computation...
    Writing took     78.984000 us
    Computation took 2.831614 s
    Reading took     7.373000 us
  Sample 98...
Starting computation...
    Writing took     80.823000 us
    Computation took 2.831503 s
    Reading took     9.317000 us
  Sample 99...
Starting computation...
    Writing took     70.380000 us
    Computation took 2.831507 s
    Reading took     7.559000 us
Mean computation time: 2.831514 s
Mean deviation: 73.753000 us (0.00260472%)
Mean computation time (per hash): 2.831514 s
Mean deviation (per hash): 73.753000 us
