Using device #0: CUDA Device 'GeForce GTX 1080 Ti'
  Sample 0...
Starting computation...
    Writing took     1.301724 ms
    Computation took 3.017751 s
    Reading took     34.763000 us
  Sample 1...
Starting computation...
    Writing took     786.232000 us
    Computation took 3.018245 s
    Reading took     30.884000 us
  Sample 2...
Starting computation...
    Writing took     751.471000 us
    Computation took 3.018735 s
    Reading took     29.350000 us
  Sample 3...
Starting computation...
    Writing took     696.252000 us
    Computation took 3.018321 s
    Reading took     29.712000 us
  Sample 4...
Starting computation...
    Writing took     832.596000 us
    Computation took 3.016613 s
    Reading took     33.292000 us
  Sample 5...
Starting computation...
    Writing took     817.989000 us
    Computation took 3.027201 s
    Reading took     33.471000 us
  Sample 6...
Starting computation...
    Writing took     818.621000 us
    Computation took 3.043359 s
    Reading took     27.824000 us
  Sample 7...
Starting computation...
    Writing took     671.610000 us
    Computation took 3.045087 s
    Reading took     40.842000 us
  Sample 8...
Starting computation...
    Writing took     935.944000 us
    Computation took 3.044996 s
    Reading took     31.377000 us
  Sample 9...
Starting computation...
    Writing took     917.345000 us
    Computation took 3.044304 s
    Reading took     28.660000 us
  Sample 10...
Starting computation...
    Writing took     672.001000 us
    Computation took 3.045129 s
    Reading took     33.591000 us
  Sample 11...
Starting computation...
    Writing took     818.527000 us
    Computation took 3.043857 s
    Reading took     30.294000 us
  Sample 12...
Starting computation...
    Writing took     682.350000 us
    Computation took 3.045235 s
    Reading took     32.444000 us
  Sample 13...
Starting computation...
    Writing took     790.027000 us
    Computation took 3.046714 s
    Reading took     32.157000 us
  Sample 14...
Starting computation...
    Writing took     788.902000 us
    Computation took 3.043359 s
    Reading took     31.372000 us
  Sample 15...
Starting computation...
    Writing took     705.314000 us
    Computation took 3.046372 s
    Reading took     32.387000 us
  Sample 16...
Starting computation...
    Writing took     763.994000 us
    Computation took 3.055225 s
    Reading took     32.105000 us
  Sample 17...
Starting computation...
    Writing took     765.411000 us
    Computation took 3.065177 s
    Reading took     41.677000 us
  Sample 18...
Starting computation...
    Writing took     1.086981 ms
    Computation took 3.066215 s
    Reading took     48.220000 us
  Sample 19...
Starting computation...
    Writing took     1.208575 ms
    Computation took 3.065842 s
    Reading took     31.587000 us
  Sample 20...
Starting computation...
    Writing took     888.804000 us
    Computation took 3.066225 s
    Reading took     31.143000 us
  Sample 21...
Starting computation...
    Writing took     771.255000 us
    Computation took 3.064938 s
    Reading took     30.111000 us
  Sample 22...
Starting computation...
    Writing took     883.171000 us
    Computation took 3.065761 s
    Reading took     46.474000 us
  Sample 23...
Starting computation...
    Writing took     1.245359 ms
    Computation took 3.066345 s
    Reading took     47.378000 us
  Sample 24...
Starting computation...
    Writing took     952.699000 us
    Computation took 3.065342 s
    Reading took     42.204000 us
  Sample 25...
Starting computation...
    Writing took     1.217632 ms
    Computation took 3.065578 s
    Reading took     30.165000 us
  Sample 26...
Starting computation...
    Writing took     733.567000 us
    Computation took 3.064721 s
    Reading took     35.404000 us
  Sample 27...
Starting computation...
    Writing took     783.395000 us
    Computation took 3.066967 s
    Reading took     32.677000 us
  Sample 28...
Starting computation...
    Writing took     760.510000 us
    Computation took 3.067067 s
    Reading took     32.046000 us
  Sample 29...
Starting computation...
    Writing took     941.618000 us
    Computation took 3.065396 s
    Reading took     32.669000 us
  Sample 30...
Starting computation...
    Writing took     771.312000 us
    Computation took 3.066265 s
    Reading took     31.893000 us
  Sample 31...
Starting computation...
    Writing took     764.265000 us
    Computation took 3.065209 s
    Reading took     40.431000 us
  Sample 32...
Starting computation...
    Writing took     986.006000 us
    Computation took 3.064829 s
    Reading took     32.200000 us
  Sample 33...
Starting computation...
    Writing took     767.165000 us
    Computation took 3.065031 s
    Reading took     32.333000 us
  Sample 34...
Starting computation...
    Writing took     763.562000 us
    Computation took 3.065420 s
    Reading took     31.997000 us
  Sample 35...
Starting computation...
    Writing took     762.893000 us
    Computation took 3.065578 s
    Reading took     43.760000 us
  Sample 36...
Starting computation...
    Writing took     828.400000 us
    Computation took 3.065654 s
    Reading took     36.684000 us
  Sample 37...
Starting computation...
    Writing took     1.076947 ms
    Computation took 3.066122 s
    Reading took     29.983000 us
  Sample 38...
Starting computation...
    Writing took     682.026000 us
    Computation took 3.066199 s
    Reading took     32.060000 us
  Sample 39...
Starting computation...
    Writing took     763.728000 us
    Computation took 3.066389 s
    Reading took     51.107000 us
  Sample 40...
Starting computation...
    Writing took     1.212230 ms
    Computation took 3.065362 s
    Reading took     54.133000 us
  Sample 41...
Starting computation...
    Writing took     1.352489 ms
    Computation took 3.066605 s
    Reading took     33.352000 us
  Sample 42...
Starting computation...
    Writing took     992.979000 us
    Computation took 3.065629 s
    Reading took     31.670000 us
  Sample 43...
Starting computation...
    Writing took     760.149000 us
    Computation took 3.066470 s
    Reading took     32.229000 us
  Sample 44...
Starting computation...
    Writing took     762.213000 us
    Computation took 3.065822 s
    Reading took     31.382000 us
  Sample 45...
Starting computation...
    Writing took     891.578000 us
    Computation took 3.065716 s
    Reading took     30.967000 us
  Sample 46...
Starting computation...
    Writing took     777.811000 us
    Computation took 3.066065 s
    Reading took     31.937000 us
  Sample 47...
Starting computation...
    Writing took     777.413000 us
    Computation took 3.065125 s
    Reading took     31.072000 us
  Sample 48...
Starting computation...
    Writing took     758.881000 us
    Computation took 3.065793 s
    Reading took     32.140000 us
  Sample 49...
Starting computation...
    Writing took     763.104000 us
    Computation took 3.066036 s
    Reading took     54.521000 us
  Sample 50...
Starting computation...
    Writing took     1.391476 ms
    Computation took 3.065841 s
    Reading took     32.259000 us
  Sample 51...
Starting computation...
    Writing took     761.353000 us
    Computation took 3.066798 s
    Reading took     32.349000 us
  Sample 52...
Starting computation...
    Writing took     801.939000 us
    Computation took 3.066420 s
    Reading took     32.742000 us
  Sample 53...
Starting computation...
    Writing took     811.134000 us
    Computation took 3.065706 s
    Reading took     33.595000 us
  Sample 54...
Starting computation...
    Writing took     817.624000 us
    Computation took 3.066099 s
    Reading took     53.863000 us
  Sample 55...
Starting computation...
    Writing took     1.390568 ms
    Computation took 3.065487 s
    Reading took     46.581000 us
  Sample 56...
Starting computation...
    Writing took     1.259660 ms
    Computation took 3.066873 s
    Reading took     30.894000 us
  Sample 57...
Starting computation...
    Writing took     752.255000 us
    Computation took 3.067648 s
    Reading took     32.677000 us
  Sample 58...
Starting computation...
    Writing took     762.349000 us
    Computation took 3.065667 s
    Reading took     29.631000 us
  Sample 59...
Starting computation...
    Writing took     707.178000 us
    Computation took 3.065500 s
    Reading took     32.676000 us
  Sample 60...
Starting computation...
    Writing took     773.244000 us
    Computation took 3.066384 s
    Reading took     32.579000 us
  Sample 61...
Starting computation...
    Writing took     937.996000 us
    Computation took 3.066869 s
    Reading took     34.275000 us
  Sample 62...
Starting computation...
    Writing took     828.183000 us
    Computation took 3.065049 s
    Reading took     34.616000 us
  Sample 63...
Starting computation...
    Writing took     829.200000 us
    Computation took 3.066702 s
    Reading took     32.385000 us
  Sample 64...
Starting computation...
    Writing took     763.104000 us
    Computation took 3.067475 s
    Reading took     31.947000 us
  Sample 65...
Starting computation...
    Writing took     763.828000 us
    Computation took 3.066352 s
    Reading took     30.821000 us
  Sample 66...
Starting computation...
    Writing took     706.301000 us
    Computation took 3.065873 s
    Reading took     32.421000 us
  Sample 67...
Starting computation...
    Writing took     763.956000 us
    Computation took 3.066301 s
    Reading took     35.171000 us
  Sample 68...
Starting computation...
    Writing took     837.656000 us
    Computation took 3.067307 s
    Reading took     32.887000 us
  Sample 69...
Starting computation...
    Writing took     772.334000 us
    Computation took 3.065714 s
    Reading took     54.623000 us
  Sample 70...
Starting computation...
    Writing took     1.403183 ms
    Computation took 3.066076 s
    Reading took     31.921000 us
  Sample 71...
Starting computation...
    Writing took     762.491000 us
    Computation took 3.066079 s
    Reading took     58.869000 us
  Sample 72...
Starting computation...
    Writing took     1.522288 ms
    Computation took 3.066673 s
    Reading took     34.351000 us
  Sample 73...
Starting computation...
    Writing took     828.593000 us
    Computation took 3.066474 s
    Reading took     33.026000 us
  Sample 74...
Starting computation...
    Writing took     995.576000 us
    Computation took 3.066128 s
    Reading took     32.079000 us
  Sample 75...
Starting computation...
    Writing took     766.271000 us
    Computation took 3.066539 s
    Reading took     32.196000 us
  Sample 76...
Starting computation...
    Writing took     733.054000 us
    Computation took 3.066094 s
    Reading took     48.168000 us
  Sample 77...
Starting computation...
    Writing took     1.098410 ms
    Computation took 3.065298 s
    Reading took     31.889000 us
  Sample 78...
Starting computation...
    Writing took     765.149000 us
    Computation took 3.065836 s
    Reading took     43.456000 us
  Sample 79...
Starting computation...
    Writing took     1.276432 ms
    Computation took 3.066376 s
    Reading took     34.877000 us
  Sample 80...
Starting computation...
    Writing took     827.367000 us
    Computation took 3.066512 s
    Reading took     34.731000 us
  Sample 81...
Starting computation...
    Writing took     827.691000 us
    Computation took 3.065680 s
    Reading took     34.731000 us
  Sample 82...
Starting computation...
    Writing took     827.600000 us
    Computation took 3.066070 s
    Reading took     32.796000 us
  Sample 83...
Starting computation...
    Writing took     825.498000 us
    Computation took 3.066146 s
    Reading took     31.548000 us
  Sample 84...
Starting computation...
    Writing took     772.971000 us
    Computation took 3.066061 s
    Reading took     40.954000 us
  Sample 85...
Starting computation...
    Writing took     834.192000 us
    Computation took 3.066392 s
    Reading took     31.834000 us
  Sample 86...
Starting computation...
    Writing took     762.737000 us
    Computation took 3.066436 s
    Reading took     32.886000 us
  Sample 87...
Starting computation...
    Writing took     761.998000 us
    Computation took 3.065614 s
    Reading took     47.245000 us
  Sample 88...
Starting computation...
    Writing took     1.144785 ms
    Computation took 3.067447 s
    Reading took     31.443000 us
  Sample 89...
Starting computation...
    Writing took     744.940000 us
    Computation took 3.067000 s
    Reading took     32.299000 us
  Sample 90...
Starting computation...
    Writing took     774.807000 us
    Computation took 3.065670 s
    Reading took     33.476000 us
  Sample 91...
Starting computation...
    Writing took     762.591000 us
    Computation took 3.065197 s
    Reading took     30.133000 us
  Sample 92...
Starting computation...
    Writing took     713.188000 us
    Computation took 3.065706 s
    Reading took     39.940000 us
  Sample 93...
Starting computation...
    Writing took     877.751000 us
    Computation took 3.065385 s
    Reading took     31.783000 us
  Sample 94...
Starting computation...
    Writing took     733.432000 us
    Computation took 3.065713 s
    Reading took     32.209000 us
  Sample 95...
Starting computation...
    Writing took     736.776000 us
    Computation took 3.066342 s
    Reading took     31.025000 us
  Sample 96...
Starting computation...
    Writing took     706.936000 us
    Computation took 3.065910 s
    Reading took     29.558000 us
  Sample 97...
Starting computation...
    Writing took     682.571000 us
    Computation took 3.067060 s
    Reading took     46.969000 us
  Sample 98...
Starting computation...
    Writing took     940.647000 us
    Computation took 3.067725 s
    Reading took     29.589000 us
  Sample 99...
Starting computation...
    Writing took     658.331000 us
    Computation took 3.066072 s
    Reading took     32.584000 us
Mean computation time: 3.061032 s
Mean deviation: 8.340742 ms (0.272481%)
Mean computation time (per hash): 306.103173 ms
Mean deviation (per hash): 834.074000 us
