Using device #0: CUDA Device 'GeForce GTX 1080 Ti'
  Sample 0...
Starting computation...
    Writing took     82.753000 us
    Computation took 3.025140 s
    Reading took     10.339000 us
  Sample 1...
Starting computation...
    Writing took     77.666000 us
    Computation took 3.025137 s
    Reading took     6.814000 us
  Sample 2...
Starting computation...
    Writing took     78.169000 us
    Computation took 3.025175 s
    Reading took     7.011000 us
  Sample 3...
Starting computation...
    Writing took     78.185000 us
    Computation took 3.025191 s
    Reading took     6.927000 us
  Sample 4...
Starting computation...
    Writing took     78.171000 us
    Computation took 3.025103 s
    Reading took     6.583000 us
  Sample 5...
Starting computation...
    Writing took     68.001000 us
    Computation took 3.025073 s
    Reading took     7.650000 us
  Sample 6...
Starting computation...
    Writing took     79.196000 us
    Computation took 3.025174 s
    Reading took     7.247000 us
  Sample 7...
Starting computation...
    Writing took     78.144000 us
    Computation took 3.025087 s
    Reading took     6.518000 us
  Sample 8...
Starting computation...
    Writing took     79.050000 us
    Computation took 3.025258 s
    Reading took     6.703000 us
  Sample 9...
Starting computation...
    Writing took     80.098000 us
    Computation took 3.025031 s
    Reading took     6.086000 us
  Sample 10...
Starting computation...
    Writing took     77.680000 us
    Computation took 3.025163 s
    Reading took     6.990000 us
  Sample 11...
Starting computation...
    Writing took     78.628000 us
    Computation took 3.025085 s
    Reading took     6.405000 us
  Sample 12...
Starting computation...
    Writing took     78.605000 us
    Computation took 3.025161 s
    Reading took     6.756000 us
  Sample 13...
Starting computation...
    Writing took     79.023000 us
    Computation took 3.025126 s
    Reading took     6.796000 us
  Sample 14...
Starting computation...
    Writing took     78.462000 us
    Computation took 3.025138 s
    Reading took     6.690000 us
  Sample 15...
Starting computation...
    Writing took     78.201000 us
    Computation took 3.025134 s
    Reading took     6.753000 us
  Sample 16...
Starting computation...
    Writing took     67.436000 us
    Computation took 3.025226 s
    Reading took     6.361000 us
  Sample 17...
Starting computation...
    Writing took     78.095000 us
    Computation took 3.025075 s
    Reading took     6.402000 us
  Sample 18...
Starting computation...
    Writing took     72.950000 us
    Computation took 3.025135 s
    Reading took     6.085000 us
  Sample 19...
Starting computation...
    Writing took     66.374000 us
    Computation took 3.025021 s
    Reading took     6.493000 us
  Sample 20...
Starting computation...
    Writing took     70.119000 us
    Computation took 3.025207 s
    Reading took     9.112000 us
  Sample 21...
Starting computation...
    Writing took     104.114000 us
    Computation took 3.025251 s
    Reading took     5.766000 us
  Sample 22...
Starting computation...
    Writing took     61.009000 us
    Computation took 3.025119 s
    Reading took     6.110000 us
  Sample 23...
Starting computation...
    Writing took     69.616000 us
    Computation took 3.025073 s
    Reading took     6.304000 us
  Sample 24...
Starting computation...
    Writing took     70.104000 us
    Computation took 3.025159 s
    Reading took     6.543000 us
  Sample 25...
Starting computation...
    Writing took     79.839000 us
    Computation took 3.025084 s
    Reading took     6.645000 us
  Sample 26...
Starting computation...
    Writing took     80.067000 us
    Computation took 3.025165 s
    Reading took     6.124000 us
  Sample 27...
Starting computation...
    Writing took     79.368000 us
    Computation took 3.025201 s
    Reading took     6.018000 us
  Sample 28...
Starting computation...
    Writing took     71.270000 us
    Computation took 3.025236 s
    Reading took     6.026000 us
  Sample 29...
Starting computation...
    Writing took     68.390000 us
    Computation took 3.025181 s
    Reading took     9.667000 us
  Sample 30...
Starting computation...
    Writing took     141.736000 us
    Computation took 3.025197 s
    Reading took     6.725000 us
  Sample 31...
Starting computation...
    Writing took     76.748000 us
    Computation took 3.025133 s
    Reading took     7.997000 us
  Sample 32...
Starting computation...
    Writing took     115.185000 us
    Computation took 3.025120 s
    Reading took     6.971000 us
  Sample 33...
Starting computation...
    Writing took     86.186000 us
    Computation took 3.025183 s
    Reading took     6.239000 us
  Sample 34...
Starting computation...
    Writing took     69.235000 us
    Computation took 3.025149 s
    Reading took     6.683000 us
  Sample 35...
Starting computation...
    Writing took     78.321000 us
    Computation took 3.025043 s
    Reading took     6.491000 us
  Sample 36...
Starting computation...
    Writing took     78.644000 us
    Computation took 3.025176 s
    Reading took     6.570000 us
  Sample 37...
Starting computation...
    Writing took     78.498000 us
    Computation took 3.025025 s
    Reading took     6.260000 us
  Sample 38...
Starting computation...
    Writing took     67.511000 us
    Computation took 3.025123 s
    Reading took     6.713000 us
  Sample 39...
Starting computation...
    Writing took     76.015000 us
    Computation took 3.025020 s
    Reading took     6.740000 us
  Sample 40...
Starting computation...
    Writing took     79.030000 us
    Computation took 3.025152 s
    Reading took     7.650000 us
  Sample 41...
Starting computation...
    Writing took     78.267000 us
    Computation took 3.025057 s
    Reading took     6.541000 us
  Sample 42...
Starting computation...
    Writing took     78.025000 us
    Computation took 3.025147 s
    Reading took     10.556000 us
  Sample 43...
Starting computation...
    Writing took     134.301000 us
    Computation took 3.025146 s
    Reading took     7.017000 us
  Sample 44...
Starting computation...
    Writing took     78.101000 us
    Computation took 3.025178 s
    Reading took     6.291000 us
  Sample 45...
Starting computation...
    Writing took     70.648000 us
    Computation took 3.025045 s
    Reading took     6.700000 us
  Sample 46...
Starting computation...
    Writing took     78.439000 us
    Computation took 3.025156 s
    Reading took     6.231000 us
  Sample 47...
Starting computation...
    Writing took     67.675000 us
    Computation took 3.025150 s
    Reading took     6.739000 us
  Sample 48...
Starting computation...
    Writing took     80.317000 us
    Computation took 3.025072 s
    Reading took     6.328000 us
  Sample 49...
Starting computation...
    Writing took     66.118000 us
    Computation took 3.025039 s
    Reading took     6.215000 us
  Sample 50...
Starting computation...
    Writing took     75.339000 us
    Computation took 3.025097 s
    Reading took     6.240000 us
  Sample 51...
Starting computation...
    Writing took     78.000000 us
    Computation took 3.025082 s
    Reading took     6.829000 us
  Sample 52...
Starting computation...
    Writing took     70.679000 us
    Computation took 3.025144 s
    Reading took     17.422000 us
  Sample 53...
Starting computation...
    Writing took     73.175000 us
    Computation took 3.025172 s
    Reading took     6.244000 us
  Sample 54...
Starting computation...
    Writing took     78.503000 us
    Computation took 3.025118 s
    Reading took     6.649000 us
  Sample 55...
Starting computation...
    Writing took     78.092000 us
    Computation took 3.025052 s
    Reading took     6.759000 us
  Sample 56...
Starting computation...
    Writing took     78.146000 us
    Computation took 3.025170 s
    Reading took     5.851000 us
  Sample 57...
Starting computation...
    Writing took     72.053000 us
    Computation took 3.025149 s
    Reading took     5.754000 us
  Sample 58...
Starting computation...
    Writing took     73.116000 us
    Computation took 3.025160 s
    Reading took     6.841000 us
  Sample 59...
Starting computation...
    Writing took     79.155000 us
    Computation took 3.025112 s
    Reading took     6.691000 us
  Sample 60...
Starting computation...
    Writing took     78.419000 us
    Computation took 3.025132 s
    Reading took     6.528000 us
  Sample 61...
Starting computation...
    Writing took     78.090000 us
    Computation took 3.025111 s
    Reading took     9.258000 us
  Sample 62...
Starting computation...
    Writing took     141.345000 us
    Computation took 3.025256 s
    Reading took     6.722000 us
  Sample 63...
Starting computation...
    Writing took     78.464000 us
    Computation took 3.025035 s
    Reading took     6.613000 us
  Sample 64...
Starting computation...
    Writing took     78.702000 us
    Computation took 3.025263 s
    Reading took     10.698000 us
  Sample 65...
Starting computation...
    Writing took     127.003000 us
    Computation took 3.025108 s
    Reading took     6.547000 us
  Sample 66...
Starting computation...
    Writing took     78.000000 us
    Computation took 3.025270 s
    Reading took     6.462000 us
  Sample 67...
Starting computation...
    Writing took     65.797000 us
    Computation took 3.025101 s
    Reading took     6.553000 us
  Sample 68...
Starting computation...
    Writing took     80.065000 us
    Computation took 3.025204 s
    Reading took     8.758000 us
  Sample 69...
Starting computation...
    Writing took     123.658000 us
    Computation took 3.025098 s
    Reading took     6.977000 us
  Sample 70...
Starting computation...
    Writing took     78.097000 us
    Computation took 3.025159 s
    Reading took     6.885000 us
  Sample 71...
Starting computation...
    Writing took     71.030000 us
    Computation took 3.025088 s
    Reading took     6.491000 us
  Sample 72...
Starting computation...
    Writing took     69.831000 us
    Computation took 3.025204 s
    Reading took     6.595000 us
  Sample 73...
Starting computation...
    Writing took     79.909000 us
    Computation took 3.025149 s
    Reading took     6.308000 us
  Sample 74...
Starting computation...
    Writing took     79.242000 us
    Computation took 3.025140 s
    Reading took     6.935000 us
  Sample 75...
Starting computation...
    Writing took     79.961000 us
    Computation took 3.025097 s
    Reading took     6.715000 us
  Sample 76...
Starting computation...
    Writing took     79.798000 us
    Computation took 3.025211 s
    Reading took     6.679000 us
  Sample 77...
Starting computation...
    Writing took     76.264000 us
    Computation took 3.025241 s
    Reading took     6.290000 us
  Sample 78...
Starting computation...
    Writing took     81.331000 us
    Computation took 3.025219 s
    Reading took     6.484000 us
  Sample 79...
Starting computation...
    Writing took     80.495000 us
    Computation took 3.025168 s
    Reading took     7.020000 us
  Sample 80...
Starting computation...
    Writing took     79.166000 us
    Computation took 3.025193 s
    Reading took     6.127000 us
  Sample 81...
Starting computation...
    Writing took     79.664000 us
    Computation took 3.025059 s
    Reading took     6.944000 us
  Sample 82...
Starting computation...
    Writing took     79.187000 us
    Computation took 3.025136 s
    Reading took     6.601000 us
  Sample 83...
Starting computation...
    Writing took     79.152000 us
    Computation took 3.025041 s
    Reading took     6.590000 us
  Sample 84...
Starting computation...
    Writing took     79.458000 us
    Computation took 3.025147 s
    Reading took     7.234000 us
  Sample 85...
Starting computation...
    Writing took     85.799000 us
    Computation took 3.025047 s
    Reading took     6.270000 us
  Sample 86...
Starting computation...
    Writing took     61.572000 us
    Computation took 3.025222 s
    Reading took     6.862000 us
  Sample 87...
Starting computation...
    Writing took     80.371000 us
    Computation took 3.025077 s
    Reading took     7.663000 us
  Sample 88...
Starting computation...
    Writing took     68.430000 us
    Computation took 3.025106 s
    Reading took     6.493000 us
  Sample 89...
Starting computation...
    Writing took     67.776000 us
    Computation took 3.025154 s
    Reading took     6.656000 us
  Sample 90...
Starting computation...
    Writing took     78.645000 us
    Computation took 3.025253 s
    Reading took     6.841000 us
  Sample 91...
Starting computation...
    Writing took     78.212000 us
    Computation took 3.025145 s
    Reading took     7.327000 us
  Sample 92...
Starting computation...
    Writing took     78.535000 us
    Computation took 3.025231 s
    Reading took     6.404000 us
  Sample 93...
Starting computation...
    Writing took     76.952000 us
    Computation took 3.025162 s
    Reading took     6.271000 us
  Sample 94...
Starting computation...
    Writing took     74.307000 us
    Computation took 3.025174 s
    Reading took     5.620000 us
  Sample 95...
Starting computation...
    Writing took     71.327000 us
    Computation took 3.025160 s
    Reading took     6.484000 us
  Sample 96...
Starting computation...
    Writing took     74.059000 us
    Computation took 3.025104 s
    Reading took     6.693000 us
  Sample 97...
Starting computation...
    Writing took     80.961000 us
    Computation took 3.025197 s
    Reading took     6.446000 us
  Sample 98...
Starting computation...
    Writing took     73.921000 us
    Computation took 3.025186 s
    Reading took     6.646000 us
  Sample 99...
Starting computation...
    Writing took     79.163000 us
    Computation took 3.025118 s
    Reading took     6.630000 us
Mean computation time: 3.025140 s
Mean deviation: 48.877000 us (0.00161569%)
Mean computation time (per hash): 3.025140 s
Mean deviation (per hash): 48.877000 us
