Using device #0: CUDA Device 'GeForce GTX 1080 Ti'
  Sample 0...
Starting computation...
    Writing took     327.396000 us
    Computation took 3.026909 s
    Reading took     16.899000 us
  Sample 1...
Starting computation...
    Writing took     258.417000 us
    Computation took 3.026601 s
    Reading took     15.340000 us
  Sample 2...
Starting computation...
    Writing took     329.533000 us
    Computation took 3.026726 s
    Reading took     15.191000 us
  Sample 3...
Starting computation...
    Writing took     327.460000 us
    Computation took 3.026816 s
    Reading took     19.499000 us
  Sample 4...
Starting computation...
    Writing took     420.726000 us
    Computation took 3.026845 s
    Reading took     14.012000 us
  Sample 5...
Starting computation...
    Writing took     304.790000 us
    Computation took 3.026848 s
    Reading took     21.431000 us
  Sample 6...
Starting computation...
    Writing took     414.706000 us
    Computation took 3.026774 s
    Reading took     13.914000 us
  Sample 7...
Starting computation...
    Writing took     292.293000 us
    Computation took 3.026792 s
    Reading took     14.458000 us
  Sample 8...
Starting computation...
    Writing took     288.660000 us
    Computation took 3.026719 s
    Reading took     12.549000 us
  Sample 9...
Starting computation...
    Writing took     253.477000 us
    Computation took 3.026757 s
    Reading took     16.123000 us
  Sample 10...
Starting computation...
    Writing took     334.141000 us
    Computation took 3.026424 s
    Reading took     13.189000 us
  Sample 11...
Starting computation...
    Writing took     259.551000 us
    Computation took 3.026717 s
    Reading took     11.992000 us
  Sample 12...
Starting computation...
    Writing took     240.053000 us
    Computation took 3.026641 s
    Reading took     12.846000 us
  Sample 13...
Starting computation...
    Writing took     259.694000 us
    Computation took 3.026631 s
    Reading took     14.235000 us
  Sample 14...
Starting computation...
    Writing took     302.881000 us
    Computation took 3.026814 s
    Reading took     16.647000 us
  Sample 15...
Starting computation...
    Writing took     301.168000 us
    Computation took 3.026704 s
    Reading took     15.492000 us
  Sample 16...
Starting computation...
    Writing took     327.123000 us
    Computation took 3.026594 s
    Reading took     13.889000 us
  Sample 17...
Starting computation...
    Writing took     291.857000 us
    Computation took 3.026457 s
    Reading took     14.009000 us
  Sample 18...
Starting computation...
    Writing took     236.658000 us
    Computation took 3.026831 s
    Reading took     14.099000 us
  Sample 19...
Starting computation...
    Writing took     302.620000 us
    Computation took 3.026882 s
    Reading took     14.313000 us
  Sample 20...
Starting computation...
    Writing took     301.294000 us
    Computation took 3.026792 s
    Reading took     15.433000 us
  Sample 21...
Starting computation...
    Writing took     305.260000 us
    Computation took 3.026784 s
    Reading took     14.844000 us
  Sample 22...
Starting computation...
    Writing took     305.025000 us
    Computation took 3.026755 s
    Reading took     14.971000 us
  Sample 23...
Starting computation...
    Writing took     300.979000 us
    Computation took 3.027213 s
    Reading took     13.699000 us
  Sample 24...
Starting computation...
    Writing took     303.765000 us
    Computation took 3.026927 s
    Reading took     14.261000 us
  Sample 25...
Starting computation...
    Writing took     301.084000 us
    Computation took 3.026843 s
    Reading took     14.639000 us
  Sample 26...
Starting computation...
    Writing took     303.735000 us
    Computation took 3.026672 s
    Reading took     14.790000 us
  Sample 27...
Starting computation...
    Writing took     301.502000 us
    Computation took 3.026838 s
    Reading took     13.927000 us
  Sample 28...
Starting computation...
    Writing took     304.307000 us
    Computation took 3.026615 s
    Reading took     14.965000 us
  Sample 29...
Starting computation...
    Writing took     303.787000 us
    Computation took 3.027163 s
    Reading took     16.380000 us
  Sample 30...
Starting computation...
    Writing took     304.968000 us
    Computation took 3.026814 s
    Reading took     14.563000 us
  Sample 31...
Starting computation...
    Writing took     258.802000 us
    Computation took 3.026808 s
    Reading took     15.188000 us
  Sample 32...
Starting computation...
    Writing took     301.517000 us
    Computation took 3.026685 s
    Reading took     18.652000 us
  Sample 33...
Starting computation...
    Writing took     301.444000 us
    Computation took 3.026720 s
    Reading took     19.988000 us
  Sample 34...
Starting computation...
    Writing took     440.777000 us
    Computation took 3.026628 s
    Reading took     23.756000 us
  Sample 35...
Starting computation...
    Writing took     513.408000 us
    Computation took 3.026930 s
    Reading took     16.218000 us
  Sample 36...
Starting computation...
    Writing took     307.541000 us
    Computation took 3.026834 s
    Reading took     17.206000 us
  Sample 37...
Starting computation...
    Writing took     346.687000 us
    Computation took 3.026763 s
    Reading took     14.008000 us
  Sample 38...
Starting computation...
    Writing took     278.261000 us
    Computation took 3.026881 s
    Reading took     12.217000 us
  Sample 39...
Starting computation...
    Writing took     285.537000 us
    Computation took 3.026727 s
    Reading took     18.250000 us
  Sample 40...
Starting computation...
    Writing took     306.439000 us
    Computation took 3.026891 s
    Reading took     26.835000 us
  Sample 41...
Starting computation...
    Writing took     577.564000 us
    Computation took 3.026813 s
    Reading took     16.430000 us
  Sample 42...
Starting computation...
    Writing took     309.800000 us
    Computation took 3.026951 s
    Reading took     15.808000 us
  Sample 43...
Starting computation...
    Writing took     307.355000 us
    Computation took 3.027007 s
    Reading took     15.752000 us
  Sample 44...
Starting computation...
    Writing took     305.314000 us
    Computation took 3.026617 s
    Reading took     16.227000 us
  Sample 45...
Starting computation...
    Writing took     307.090000 us
    Computation took 3.026693 s
    Reading took     16.517000 us
  Sample 46...
Starting computation...
    Writing took     317.971000 us
    Computation took 3.026724 s
    Reading took     15.613000 us
  Sample 47...
Starting computation...
    Writing took     306.713000 us
    Computation took 3.026705 s
    Reading took     23.756000 us
  Sample 48...
Starting computation...
    Writing took     462.067000 us
    Computation took 3.026796 s
    Reading took     15.311000 us
  Sample 49...
Starting computation...
    Writing took     305.392000 us
    Computation took 3.026973 s
    Reading took     25.294000 us
  Sample 50...
Starting computation...
    Writing took     328.487000 us
    Computation took 3.026906 s
    Reading took     15.636000 us
  Sample 51...
Starting computation...
    Writing took     284.392000 us
    Computation took 3.026999 s
    Reading took     16.083000 us
  Sample 52...
Starting computation...
    Writing took     305.051000 us
    Computation took 3.027047 s
    Reading took     14.849000 us
  Sample 53...
Starting computation...
    Writing took     322.319000 us
    Computation took 3.026907 s
    Reading took     16.913000 us
  Sample 54...
Starting computation...
    Writing took     331.835000 us
    Computation took 3.026749 s
    Reading took     15.792000 us
  Sample 55...
Starting computation...
    Writing took     306.834000 us
    Computation took 3.026872 s
    Reading took     16.247000 us
  Sample 56...
Starting computation...
    Writing took     307.301000 us
    Computation took 3.027098 s
    Reading took     23.884000 us
  Sample 57...
Starting computation...
    Writing took     499.439000 us
    Computation took 3.027019 s
    Reading took     16.645000 us
  Sample 58...
Starting computation...
    Writing took     295.551000 us
    Computation took 3.026992 s
    Reading took     25.012000 us
  Sample 59...
Starting computation...
    Writing took     546.310000 us
    Computation took 3.027095 s
    Reading took     14.529000 us
  Sample 60...
Starting computation...
    Writing took     297.191000 us
    Computation took 3.026831 s
    Reading took     22.947000 us
  Sample 61...
Starting computation...
    Writing took     407.295000 us
    Computation took 3.027089 s
    Reading took     16.617000 us
  Sample 62...
Starting computation...
    Writing took     305.776000 us
    Computation took 3.027009 s
    Reading took     15.978000 us
  Sample 63...
Starting computation...
    Writing took     314.434000 us
    Computation took 3.026637 s
    Reading took     15.940000 us
  Sample 64...
Starting computation...
    Writing took     308.926000 us
    Computation took 3.026972 s
    Reading took     15.529000 us
  Sample 65...
Starting computation...
    Writing took     310.477000 us
    Computation took 3.027008 s
    Reading took     15.869000 us
  Sample 66...
Starting computation...
    Writing took     305.584000 us
    Computation took 3.026866 s
    Reading took     15.663000 us
  Sample 67...
Starting computation...
    Writing took     327.603000 us
    Computation took 3.026893 s
    Reading took     14.376000 us
  Sample 68...
Starting computation...
    Writing took     266.614000 us
    Computation took 3.026873 s
    Reading took     15.676000 us
  Sample 69...
Starting computation...
    Writing took     293.789000 us
    Computation took 3.026878 s
    Reading took     15.999000 us
  Sample 70...
Starting computation...
    Writing took     308.581000 us
    Computation took 3.026411 s
    Reading took     16.315000 us
  Sample 71...
Starting computation...
    Writing took     307.150000 us
    Computation took 3.026863 s
    Reading took     16.106000 us
  Sample 72...
Starting computation...
    Writing took     307.642000 us
    Computation took 3.026792 s
    Reading took     15.152000 us
  Sample 73...
Starting computation...
    Writing took     296.546000 us
    Computation took 3.026867 s
    Reading took     15.769000 us
  Sample 74...
Starting computation...
    Writing took     304.828000 us
    Computation took 3.027005 s
    Reading took     17.053000 us
  Sample 75...
Starting computation...
    Writing took     306.976000 us
    Computation took 3.026649 s
    Reading took     23.571000 us
  Sample 76...
Starting computation...
    Writing took     378.747000 us
    Computation took 3.026749 s
    Reading took     18.567000 us
  Sample 77...
Starting computation...
    Writing took     488.037000 us
    Computation took 3.026830 s
    Reading took     16.833000 us
  Sample 78...
Starting computation...
    Writing took     333.327000 us
    Computation took 3.026524 s
    Reading took     28.796000 us
  Sample 79...
Starting computation...
    Writing took     611.749000 us
    Computation took 3.026902 s
    Reading took     15.520000 us
  Sample 80...
Starting computation...
    Writing took     295.912000 us
    Computation took 3.026809 s
    Reading took     19.219000 us
  Sample 81...
Starting computation...
    Writing took     448.787000 us
    Computation took 3.026999 s
    Reading took     14.413000 us
  Sample 82...
Starting computation...
    Writing took     264.825000 us
    Computation took 3.026747 s
    Reading took     16.698000 us
  Sample 83...
Starting computation...
    Writing took     331.780000 us
    Computation took 3.026584 s
    Reading took     15.758000 us
  Sample 84...
Starting computation...
    Writing took     306.082000 us
    Computation took 3.026753 s
    Reading took     16.298000 us
  Sample 85...
Starting computation...
    Writing took     311.792000 us
    Computation took 3.026930 s
    Reading took     16.182000 us
  Sample 86...
Starting computation...
    Writing took     310.780000 us
    Computation took 3.026766 s
    Reading took     15.554000 us
  Sample 87...
Starting computation...
    Writing took     309.330000 us
    Computation took 3.026844 s
    Reading took     16.663000 us
  Sample 88...
Starting computation...
    Writing took     306.181000 us
    Computation took 3.026654 s
    Reading took     16.962000 us
  Sample 89...
Starting computation...
    Writing took     332.947000 us
    Computation took 3.026773 s
    Reading took     17.138000 us
  Sample 90...
Starting computation...
    Writing took     336.147000 us
    Computation took 3.026876 s
    Reading took     14.452000 us
  Sample 91...
Starting computation...
    Writing took     301.044000 us
    Computation took 3.026806 s
    Reading took     13.391000 us
  Sample 92...
Starting computation...
    Writing took     270.485000 us
    Computation took 3.026644 s
    Reading took     29.933000 us
  Sample 93...
Starting computation...
    Writing took     272.935000 us
    Computation took 3.026461 s
    Reading took     15.616000 us
  Sample 94...
Starting computation...
    Writing took     304.741000 us
    Computation took 3.026777 s
    Reading took     22.112000 us
  Sample 95...
Starting computation...
    Writing took     508.331000 us
    Computation took 3.026835 s
    Reading took     13.381000 us
  Sample 96...
Starting computation...
    Writing took     240.557000 us
    Computation took 3.026668 s
    Reading took     21.119000 us
  Sample 97...
Starting computation...
    Writing took     578.804000 us
    Computation took 3.026570 s
    Reading took     21.950000 us
  Sample 98...
Starting computation...
    Writing took     498.113000 us
    Computation took 3.026638 s
    Reading took     15.076000 us
  Sample 99...
Starting computation...
    Writing took     292.958000 us
    Computation took 3.026671 s
    Reading took     16.920000 us
Mean computation time: 3.026802 s
Mean deviation: 121.168000 us (0.00400317%)
Mean computation time (per hash): 756.700462 ms
Mean deviation (per hash): 30.292000 us
