Using device #0: CUDA Device 'GeForce GTX 1080 Ti'
  Sample 0...
Starting computation...
    Writing took     494.392000 us
    Computation took 3.029373 s
    Reading took     22.237000 us
  Sample 1...
Starting computation...
    Writing took     377.699000 us
    Computation took 3.029461 s
    Reading took     17.164000 us
  Sample 2...
Starting computation...
    Writing took     376.007000 us
    Computation took 3.029524 s
    Reading took     16.661000 us
  Sample 3...
Starting computation...
    Writing took     366.755000 us
    Computation took 3.029215 s
    Reading took     30.474000 us
  Sample 4...
Starting computation...
    Writing took     701.424000 us
    Computation took 3.029400 s
    Reading took     24.746000 us
  Sample 5...
Starting computation...
    Writing took     605.421000 us
    Computation took 3.029523 s
    Reading took     17.985000 us
  Sample 6...
Starting computation...
    Writing took     375.628000 us
    Computation took 3.029419 s
    Reading took     17.610000 us
  Sample 7...
Starting computation...
    Writing took     383.319000 us
    Computation took 3.029579 s
    Reading took     17.869000 us
  Sample 8...
Starting computation...
    Writing took     374.854000 us
    Computation took 3.029546 s
    Reading took     18.166000 us
  Sample 9...
Starting computation...
    Writing took     386.707000 us
    Computation took 3.029554 s
    Reading took     16.872000 us
  Sample 10...
Starting computation...
    Writing took     362.556000 us
    Computation took 3.029814 s
    Reading took     25.603000 us
  Sample 11...
Starting computation...
    Writing took     571.353000 us
    Computation took 3.029536 s
    Reading took     18.906000 us
  Sample 12...
Starting computation...
    Writing took     413.038000 us
    Computation took 3.029608 s
    Reading took     19.265000 us
  Sample 13...
Starting computation...
    Writing took     383.073000 us
    Computation took 3.029338 s
    Reading took     17.973000 us
  Sample 14...
Starting computation...
    Writing took     381.555000 us
    Computation took 3.029651 s
    Reading took     23.782000 us
  Sample 15...
Starting computation...
    Writing took     394.471000 us
    Computation took 3.029275 s
    Reading took     17.306000 us
  Sample 16...
Starting computation...
    Writing took     361.524000 us
    Computation took 3.029636 s
    Reading took     24.052000 us
  Sample 17...
Starting computation...
    Writing took     560.143000 us
    Computation took 3.029520 s
    Reading took     18.317000 us
  Sample 18...
Starting computation...
    Writing took     381.542000 us
    Computation took 3.029468 s
    Reading took     17.670000 us
  Sample 19...
Starting computation...
    Writing took     389.115000 us
    Computation took 3.029563 s
    Reading took     17.362000 us
  Sample 20...
Starting computation...
    Writing took     376.321000 us
    Computation took 3.029450 s
    Reading took     18.207000 us
  Sample 21...
Starting computation...
    Writing took     381.782000 us
    Computation took 3.029549 s
    Reading took     28.337000 us
  Sample 22...
Starting computation...
    Writing took     645.754000 us
    Computation took 3.029392 s
    Reading took     17.346000 us
  Sample 23...
Starting computation...
    Writing took     377.019000 us
    Computation took 3.029556 s
    Reading took     17.322000 us
  Sample 24...
Starting computation...
    Writing took     375.801000 us
    Computation took 3.029026 s
    Reading took     18.241000 us
  Sample 25...
Starting computation...
    Writing took     355.734000 us
    Computation took 3.029235 s
    Reading took     18.704000 us
  Sample 26...
Starting computation...
    Writing took     389.365000 us
    Computation took 3.029347 s
    Reading took     17.020000 us
  Sample 27...
Starting computation...
    Writing took     355.156000 us
    Computation took 3.029238 s
    Reading took     18.609000 us
  Sample 28...
Starting computation...
    Writing took     382.162000 us
    Computation took 3.029289 s
    Reading took     18.682000 us
  Sample 29...
Starting computation...
    Writing took     383.448000 us
    Computation took 3.029209 s
    Reading took     17.042000 us
  Sample 30...
Starting computation...
    Writing took     428.179000 us
    Computation took 3.029466 s
    Reading took     18.603000 us
  Sample 31...
Starting computation...
    Writing took     368.710000 us
    Computation took 3.029316 s
    Reading took     18.751000 us
  Sample 32...
Starting computation...
    Writing took     418.613000 us
    Computation took 3.029465 s
    Reading took     18.667000 us
  Sample 33...
Starting computation...
    Writing took     387.146000 us
    Computation took 3.029696 s
    Reading took     19.224000 us
  Sample 34...
Starting computation...
    Writing took     421.193000 us
    Computation took 3.029832 s
    Reading took     16.704000 us
  Sample 35...
Starting computation...
    Writing took     343.337000 us
    Computation took 3.029617 s
    Reading took     16.525000 us
  Sample 36...
Starting computation...
    Writing took     335.877000 us
    Computation took 3.029532 s
    Reading took     18.050000 us
  Sample 37...
Starting computation...
    Writing took     378.439000 us
    Computation took 3.029517 s
    Reading took     18.774000 us
  Sample 38...
Starting computation...
    Writing took     386.185000 us
    Computation took 3.029543 s
    Reading took     17.179000 us
  Sample 39...
Starting computation...
    Writing took     349.776000 us
    Computation took 3.029382 s
    Reading took     29.592000 us
  Sample 40...
Starting computation...
    Writing took     708.331000 us
    Computation took 3.029516 s
    Reading took     16.964000 us
  Sample 41...
Starting computation...
    Writing took     375.532000 us
    Computation took 3.029373 s
    Reading took     17.980000 us
  Sample 42...
Starting computation...
    Writing took     380.883000 us
    Computation took 3.029506 s
    Reading took     18.177000 us
  Sample 43...
Starting computation...
    Writing took     375.680000 us
    Computation took 3.029631 s
    Reading took     19.596000 us
  Sample 44...
Starting computation...
    Writing took     383.484000 us
    Computation took 3.029553 s
    Reading took     15.938000 us
  Sample 45...
Starting computation...
    Writing took     334.111000 us
    Computation took 3.029354 s
    Reading took     15.983000 us
  Sample 46...
Starting computation...
    Writing took     337.363000 us
    Computation took 3.029479 s
    Reading took     17.243000 us
  Sample 47...
Starting computation...
    Writing took     379.472000 us
    Computation took 3.029378 s
    Reading took     16.706000 us
  Sample 48...
Starting computation...
    Writing took     362.265000 us
    Computation took 3.029438 s
    Reading took     15.531000 us
  Sample 49...
Starting computation...
    Writing took     307.641000 us
    Computation took 3.029440 s
    Reading took     20.880000 us
  Sample 50...
Starting computation...
    Writing took     385.153000 us
    Computation took 3.029593 s
    Reading took     18.746000 us
  Sample 51...
Starting computation...
    Writing took     383.511000 us
    Computation took 3.029280 s
    Reading took     18.096000 us
  Sample 52...
Starting computation...
    Writing took     384.097000 us
    Computation took 3.029257 s
    Reading took     18.126000 us
  Sample 53...
Starting computation...
    Writing took     383.112000 us
    Computation took 3.029484 s
    Reading took     17.242000 us
  Sample 54...
Starting computation...
    Writing took     368.662000 us
    Computation took 3.029433 s
    Reading took     26.965000 us
  Sample 55...
Starting computation...
    Writing took     644.241000 us
    Computation took 3.029087 s
    Reading took     18.859000 us
  Sample 56...
Starting computation...
    Writing took     482.353000 us
    Computation took 3.029370 s
    Reading took     16.764000 us
  Sample 57...
Starting computation...
    Writing took     364.478000 us
    Computation took 3.029213 s
    Reading took     18.343000 us
  Sample 58...
Starting computation...
    Writing took     520.451000 us
    Computation took 3.029218 s
    Reading took     16.261000 us
  Sample 59...
Starting computation...
    Writing took     377.044000 us
    Computation took 3.029293 s
    Reading took     24.445000 us
  Sample 60...
Starting computation...
    Writing took     576.530000 us
    Computation took 3.029269 s
    Reading took     17.062000 us
  Sample 61...
Starting computation...
    Writing took     474.375000 us
    Computation took 3.029434 s
    Reading took     17.876000 us
  Sample 62...
Starting computation...
    Writing took     377.373000 us
    Computation took 3.029419 s
    Reading took     17.326000 us
  Sample 63...
Starting computation...
    Writing took     383.392000 us
    Computation took 3.028937 s
    Reading took     18.674000 us
  Sample 64...
Starting computation...
    Writing took     382.773000 us
    Computation took 3.029225 s
    Reading took     17.632000 us
  Sample 65...
Starting computation...
    Writing took     380.705000 us
    Computation took 3.029375 s
    Reading took     17.615000 us
  Sample 66...
Starting computation...
    Writing took     394.375000 us
    Computation took 3.029551 s
    Reading took     18.308000 us
  Sample 67...
Starting computation...
    Writing took     382.583000 us
    Computation took 3.029448 s
    Reading took     17.964000 us
  Sample 68...
Starting computation...
    Writing took     486.486000 us
    Computation took 3.029415 s
    Reading took     17.657000 us
  Sample 69...
Starting computation...
    Writing took     382.672000 us
    Computation took 3.029427 s
    Reading took     18.158000 us
  Sample 70...
Starting computation...
    Writing took     385.973000 us
    Computation took 3.029511 s
    Reading took     19.211000 us
  Sample 71...
Starting computation...
    Writing took     416.687000 us
    Computation took 3.029314 s
    Reading took     20.741000 us
  Sample 72...
Starting computation...
    Writing took     384.602000 us
    Computation took 3.029335 s
    Reading took     16.235000 us
  Sample 73...
Starting computation...
    Writing took     341.115000 us
    Computation took 3.029280 s
    Reading took     17.346000 us
  Sample 74...
Starting computation...
    Writing took     457.203000 us
    Computation took 3.029465 s
    Reading took     17.382000 us
  Sample 75...
Starting computation...
    Writing took     365.822000 us
    Computation took 3.029172 s
    Reading took     18.202000 us
  Sample 76...
Starting computation...
    Writing took     356.574000 us
    Computation took 3.029335 s
    Reading took     18.513000 us
  Sample 77...
Starting computation...
    Writing took     366.702000 us
    Computation took 3.029262 s
    Reading took     17.702000 us
  Sample 78...
Starting computation...
    Writing took     369.762000 us
    Computation took 3.029222 s
    Reading took     17.592000 us
  Sample 79...
Starting computation...
    Writing took     370.921000 us
    Computation took 3.029202 s
    Reading took     18.637000 us
  Sample 80...
Starting computation...
    Writing took     383.252000 us
    Computation took 3.029435 s
    Reading took     18.710000 us
  Sample 81...
Starting computation...
    Writing took     403.512000 us
    Computation took 3.029393 s
    Reading took     31.871000 us
  Sample 82...
Starting computation...
    Writing took     432.589000 us
    Computation took 3.029359 s
    Reading took     27.643000 us
  Sample 83...
Starting computation...
    Writing took     650.953000 us
    Computation took 3.029410 s
    Reading took     31.940000 us
  Sample 84...
Starting computation...
    Writing took     702.149000 us
    Computation took 3.029500 s
    Reading took     18.374000 us
  Sample 85...
Starting computation...
    Writing took     381.632000 us
    Computation took 3.029320 s
    Reading took     18.846000 us
  Sample 86...
Starting computation...
    Writing took     381.445000 us
    Computation took 3.029457 s
    Reading took     17.515000 us
  Sample 87...
Starting computation...
    Writing took     345.228000 us
    Computation took 3.029424 s
    Reading took     18.110000 us
  Sample 88...
Starting computation...
    Writing took     380.458000 us
    Computation took 3.029383 s
    Reading took     19.858000 us
  Sample 89...
Starting computation...
    Writing took     416.607000 us
    Computation took 3.029521 s
    Reading took     28.034000 us
  Sample 90...
Starting computation...
    Writing took     625.044000 us
    Computation took 3.029553 s
    Reading took     17.939000 us
  Sample 91...
Starting computation...
    Writing took     389.433000 us
    Computation took 3.029369 s
    Reading took     18.077000 us
  Sample 92...
Starting computation...
    Writing took     469.755000 us
    Computation took 3.029131 s
    Reading took     18.448000 us
  Sample 93...
Starting computation...
    Writing took     479.096000 us
    Computation took 3.029230 s
    Reading took     27.284000 us
  Sample 94...
Starting computation...
    Writing took     683.470000 us
    Computation took 3.029464 s
    Reading took     16.840000 us
  Sample 95...
Starting computation...
    Writing took     342.117000 us
    Computation took 3.029178 s
    Reading took     18.178000 us
  Sample 96...
Starting computation...
    Writing took     381.529000 us
    Computation took 3.029470 s
    Reading took     16.726000 us
  Sample 97...
Starting computation...
    Writing took     332.111000 us
    Computation took 3.029257 s
    Reading took     22.895000 us
  Sample 98...
Starting computation...
    Writing took     504.044000 us
    Computation took 3.029345 s
    Reading took     18.918000 us
  Sample 99...
Starting computation...
    Writing took     417.542000 us
    Computation took 3.029389 s
    Reading took     25.051000 us
Mean computation time: 3.029407 s
Mean deviation: 120.153000 us (0.00396622%)
Mean computation time (per hash): 605.881476 ms
Mean deviation (per hash): 24.030000 us
