Using device #0: CUDA Device 'GeForce GTX 1080 Ti'
  Sample 0...
Starting computation...
    Writing took     303.276000 us
    Computation took 3.044855 s
    Reading took     18.269000 us
  Sample 1...
Starting computation...
    Writing took     283.469000 us
    Computation took 3.044891 s
    Reading took     15.376000 us
  Sample 2...
Starting computation...
    Writing took     315.848000 us
    Computation took 3.044827 s
    Reading took     14.830000 us
  Sample 3...
Starting computation...
    Writing took     305.347000 us
    Computation took 3.044860 s
    Reading took     16.459000 us
  Sample 4...
Starting computation...
    Writing took     333.723000 us
    Computation took 3.051929 s
    Reading took     14.008000 us
  Sample 5...
Starting computation...
    Writing took     273.596000 us
    Computation took 3.053263 s
    Reading took     22.375000 us
  Sample 6...
Starting computation...
    Writing took     438.317000 us
    Computation took 3.053261 s
    Reading took     24.194000 us
  Sample 7...
Starting computation...
    Writing took     482.631000 us
    Computation took 3.053203 s
    Reading took     15.511000 us
  Sample 8...
Starting computation...
    Writing took     305.443000 us
    Computation took 3.052890 s
    Reading took     12.753000 us
  Sample 9...
Starting computation...
    Writing took     241.005000 us
    Computation took 3.052996 s
    Reading took     15.245000 us
  Sample 10...
Starting computation...
    Writing took     298.193000 us
    Computation took 3.053464 s
    Reading took     30.540000 us
  Sample 11...
Starting computation...
    Writing took     273.697000 us
    Computation took 3.053436 s
    Reading took     15.145000 us
  Sample 12...
Starting computation...
    Writing took     344.310000 us
    Computation took 3.053642 s
    Reading took     16.341000 us
  Sample 13...
Starting computation...
    Writing took     309.634000 us
    Computation took 3.053522 s
    Reading took     15.703000 us
  Sample 14...
Starting computation...
    Writing took     308.483000 us
    Computation took 3.053545 s
    Reading took     15.291000 us
  Sample 15...
Starting computation...
    Writing took     339.766000 us
    Computation took 3.053679 s
    Reading took     15.216000 us
  Sample 16...
Starting computation...
    Writing took     306.412000 us
    Computation took 3.053787 s
    Reading took     15.955000 us
  Sample 17...
Starting computation...
    Writing took     306.777000 us
    Computation took 3.053602 s
    Reading took     15.261000 us
  Sample 18...
Starting computation...
    Writing took     307.260000 us
    Computation took 3.053753 s
    Reading took     21.987000 us
  Sample 19...
Starting computation...
    Writing took     484.949000 us
    Computation took 3.053872 s
    Reading took     15.330000 us
  Sample 20...
Starting computation...
    Writing took     305.746000 us
    Computation took 3.054315 s
    Reading took     17.500000 us
  Sample 21...
Starting computation...
    Writing took     407.722000 us
    Computation took 3.055474 s
    Reading took     14.672000 us
  Sample 22...
Starting computation...
    Writing took     304.493000 us
    Computation took 3.062274 s
    Reading took     24.691000 us
  Sample 23...
Starting computation...
    Writing took     531.101000 us
    Computation took 3.062373 s
    Reading took     16.244000 us
  Sample 24...
Starting computation...
    Writing took     347.658000 us
    Computation took 3.062325 s
    Reading took     16.582000 us
  Sample 25...
Starting computation...
    Writing took     413.993000 us
    Computation took 3.062306 s
    Reading took     14.537000 us
  Sample 26...
Starting computation...
    Writing took     280.983000 us
    Computation took 3.062248 s
    Reading took     14.702000 us
  Sample 27...
Starting computation...
    Writing took     289.302000 us
    Computation took 3.062232 s
    Reading took     14.832000 us
  Sample 28...
Starting computation...
    Writing took     306.163000 us
    Computation took 3.062412 s
    Reading took     13.300000 us
  Sample 29...
Starting computation...
    Writing took     255.866000 us
    Computation took 3.062348 s
    Reading took     14.814000 us
  Sample 30...
Starting computation...
    Writing took     301.252000 us
    Computation took 3.062364 s
    Reading took     14.783000 us
  Sample 31...
Starting computation...
    Writing took     301.998000 us
    Computation took 3.062459 s
    Reading took     14.360000 us
  Sample 32...
Starting computation...
    Writing took     293.636000 us
    Computation took 3.062453 s
    Reading took     15.219000 us
  Sample 33...
Starting computation...
    Writing took     294.368000 us
    Computation took 3.062646 s
    Reading took     16.673000 us
  Sample 34...
Starting computation...
    Writing took     337.893000 us
    Computation took 3.062439 s
    Reading took     15.199000 us
  Sample 35...
Starting computation...
    Writing took     306.832000 us
    Computation took 3.062413 s
    Reading took     14.476000 us
  Sample 36...
Starting computation...
    Writing took     316.396000 us
    Computation took 3.062412 s
    Reading took     24.612000 us
  Sample 37...
Starting computation...
    Writing took     560.734000 us
    Computation took 3.062342 s
    Reading took     14.742000 us
  Sample 38...
Starting computation...
    Writing took     300.409000 us
    Computation took 3.062468 s
    Reading took     16.269000 us
  Sample 39...
Starting computation...
    Writing took     351.800000 us
    Computation took 3.062425 s
    Reading took     13.247000 us
  Sample 40...
Starting computation...
    Writing took     255.919000 us
    Computation took 3.062456 s
    Reading took     16.262000 us
  Sample 41...
Starting computation...
    Writing took     330.087000 us
    Computation took 3.062410 s
    Reading took     16.475000 us
  Sample 42...
Starting computation...
    Writing took     331.567000 us
    Computation took 3.062440 s
    Reading took     15.559000 us
  Sample 43...
Starting computation...
    Writing took     307.750000 us
    Computation took 3.062463 s
    Reading took     15.303000 us
  Sample 44...
Starting computation...
    Writing took     305.294000 us
    Computation took 3.062439 s
    Reading took     16.002000 us
  Sample 45...
Starting computation...
    Writing took     311.390000 us
    Computation took 3.062498 s
    Reading took     14.909000 us
  Sample 46...
Starting computation...
    Writing took     306.408000 us
    Computation took 3.062465 s
    Reading took     15.389000 us
  Sample 47...
Starting computation...
    Writing took     308.468000 us
    Computation took 3.062442 s
    Reading took     17.324000 us
  Sample 48...
Starting computation...
    Writing took     307.722000 us
    Computation took 3.062507 s
    Reading took     15.077000 us
  Sample 49...
Starting computation...
    Writing took     304.768000 us
    Computation took 3.062535 s
    Reading took     19.562000 us
  Sample 50...
Starting computation...
    Writing took     449.295000 us
    Computation took 3.062446 s
    Reading took     15.911000 us
  Sample 51...
Starting computation...
    Writing took     308.667000 us
    Computation took 3.062494 s
    Reading took     13.445000 us
  Sample 52...
Starting computation...
    Writing took     264.349000 us
    Computation took 3.062409 s
    Reading took     13.816000 us
  Sample 53...
Starting computation...
    Writing took     274.920000 us
    Computation took 3.062425 s
    Reading took     15.411000 us
  Sample 54...
Starting computation...
    Writing took     304.981000 us
    Computation took 3.062446 s
    Reading took     14.556000 us
  Sample 55...
Starting computation...
    Writing took     320.532000 us
    Computation took 3.062486 s
    Reading took     14.226000 us
  Sample 56...
Starting computation...
    Writing took     283.179000 us
    Computation took 3.062349 s
    Reading took     15.936000 us
  Sample 57...
Starting computation...
    Writing took     342.129000 us
    Computation took 3.062320 s
    Reading took     13.750000 us
  Sample 58...
Starting computation...
    Writing took     266.006000 us
    Computation took 3.062429 s
    Reading took     15.766000 us
  Sample 59...
Starting computation...
    Writing took     306.416000 us
    Computation took 3.062379 s
    Reading took     15.334000 us
  Sample 60...
Starting computation...
    Writing took     313.247000 us
    Computation took 3.062449 s
    Reading took     14.029000 us
  Sample 61...
Starting computation...
    Writing took     268.904000 us
    Computation took 3.062347 s
    Reading took     17.473000 us
  Sample 62...
Starting computation...
    Writing took     327.004000 us
    Computation took 3.062543 s
    Reading took     15.327000 us
  Sample 63...
Starting computation...
    Writing took     280.459000 us
    Computation took 3.062563 s
    Reading took     14.062000 us
  Sample 64...
Starting computation...
    Writing took     273.004000 us
    Computation took 3.062484 s
    Reading took     15.732000 us
  Sample 65...
Starting computation...
    Writing took     305.753000 us
    Computation took 3.062487 s
    Reading took     16.066000 us
  Sample 66...
Starting computation...
    Writing took     304.884000 us
    Computation took 3.062456 s
    Reading took     14.856000 us
  Sample 67...
Starting computation...
    Writing took     312.526000 us
    Computation took 3.062378 s
    Reading took     13.937000 us
  Sample 68...
Starting computation...
    Writing took     270.035000 us
    Computation took 3.062428 s
    Reading took     15.509000 us
  Sample 69...
Starting computation...
    Writing took     301.943000 us
    Computation took 3.062511 s
    Reading took     15.830000 us
  Sample 70...
Starting computation...
    Writing took     301.703000 us
    Computation took 3.062500 s
    Reading took     13.608000 us
  Sample 71...
Starting computation...
    Writing took     251.109000 us
    Computation took 3.062426 s
    Reading took     14.492000 us
  Sample 72...
Starting computation...
    Writing took     289.457000 us
    Computation took 3.062472 s
    Reading took     14.921000 us
  Sample 73...
Starting computation...
    Writing took     302.089000 us
    Computation took 3.062295 s
    Reading took     50.268000 us
  Sample 74...
Starting computation...
    Writing took     316.798000 us
    Computation took 3.062478 s
    Reading took     15.057000 us
  Sample 75...
Starting computation...
    Writing took     301.547000 us
    Computation took 3.062457 s
    Reading took     14.364000 us
  Sample 76...
Starting computation...
    Writing took     287.180000 us
    Computation took 3.062472 s
    Reading took     15.444000 us
  Sample 77...
Starting computation...
    Writing took     305.883000 us
    Computation took 3.062505 s
    Reading took     15.161000 us
  Sample 78...
Starting computation...
    Writing took     307.835000 us
    Computation took 3.062409 s
    Reading took     15.571000 us
  Sample 79...
Starting computation...
    Writing took     303.691000 us
    Computation took 3.062515 s
    Reading took     15.084000 us
  Sample 80...
Starting computation...
    Writing took     303.093000 us
    Computation took 3.062451 s
    Reading took     15.209000 us
  Sample 81...
Starting computation...
    Writing took     289.506000 us
    Computation took 3.062418 s
    Reading took     14.021000 us
  Sample 82...
Starting computation...
    Writing took     270.754000 us
    Computation took 3.062482 s
    Reading took     14.569000 us
  Sample 83...
Starting computation...
    Writing took     311.131000 us
    Computation took 3.062513 s
    Reading took     16.698000 us
  Sample 84...
Starting computation...
    Writing took     306.949000 us
    Computation took 3.062417 s
    Reading took     15.361000 us
  Sample 85...
Starting computation...
    Writing took     319.657000 us
    Computation took 3.062465 s
    Reading took     14.610000 us
  Sample 86...
Starting computation...
    Writing took     306.840000 us
    Computation took 3.062525 s
    Reading took     15.806000 us
  Sample 87...
Starting computation...
    Writing took     323.046000 us
    Computation took 3.062430 s
    Reading took     15.103000 us
  Sample 88...
Starting computation...
    Writing took     304.836000 us
    Computation took 3.062367 s
    Reading took     12.765000 us
  Sample 89...
Starting computation...
    Writing took     240.042000 us
    Computation took 3.062474 s
    Reading took     19.196000 us
  Sample 90...
Starting computation...
    Writing took     342.036000 us
    Computation took 3.062409 s
    Reading took     13.607000 us
  Sample 91...
Starting computation...
    Writing took     239.038000 us
    Computation took 3.062474 s
    Reading took     12.956000 us
  Sample 92...
Starting computation...
    Writing took     241.881000 us
    Computation took 3.062574 s
    Reading took     14.386000 us
  Sample 93...
Starting computation...
    Writing took     282.952000 us
    Computation took 3.062503 s
    Reading took     16.624000 us
  Sample 94...
Starting computation...
    Writing took     333.825000 us
    Computation took 3.062583 s
    Reading took     14.988000 us
  Sample 95...
Starting computation...
    Writing took     295.903000 us
    Computation took 3.062560 s
    Reading took     14.574000 us
  Sample 96...
Starting computation...
    Writing took     293.687000 us
    Computation took 3.062501 s
    Reading took     15.216000 us
  Sample 97...
Starting computation...
    Writing took     306.589000 us
    Computation took 3.062592 s
    Reading took     14.783000 us
  Sample 98...
Starting computation...
    Writing took     365.536000 us
    Computation took 3.062472 s
    Reading took     14.524000 us
  Sample 99...
Starting computation...
    Writing took     295.718000 us
    Computation took 3.062386 s
    Reading took     25.089000 us
Mean computation time: 3.060136 s
Mean deviation: 3.598570 ms (0.117595%)
Mean computation time (per hash): 765.034032 ms
Mean deviation (per hash): 899.642000 us
