Using device #0: CUDA Device 'GeForce GTX 1080 Ti'
  Sample 0...
Starting computation...
    Writing took     192.627000 us
    Computation took 3.043550 s
    Reading took     15.951000 us
  Sample 1...
Starting computation...
    Writing took     227.444000 us
    Computation took 3.043567 s
    Reading took     12.109000 us
  Sample 2...
Starting computation...
    Writing took     227.094000 us
    Computation took 3.043530 s
    Reading took     12.676000 us
  Sample 3...
Starting computation...
    Writing took     222.014000 us
    Computation took 3.043447 s
    Reading took     11.140000 us
  Sample 4...
Starting computation...
    Writing took     181.989000 us
    Computation took 3.043953 s
    Reading took     11.115000 us
  Sample 5...
Starting computation...
    Writing took     180.041000 us
    Computation took 3.051782 s
    Reading took     11.385000 us
  Sample 6...
Starting computation...
    Writing took     181.689000 us
    Computation took 3.051542 s
    Reading took     19.234000 us
  Sample 7...
Starting computation...
    Writing took     416.211000 us
    Computation took 3.051753 s
    Reading took     16.633000 us
  Sample 8...
Starting computation...
    Writing took     320.524000 us
    Computation took 3.051870 s
    Reading took     10.944000 us
  Sample 9...
Starting computation...
    Writing took     181.035000 us
    Computation took 3.052205 s
    Reading took     11.051000 us
  Sample 10...
Starting computation...
    Writing took     191.937000 us
    Computation took 3.052004 s
    Reading took     11.092000 us
  Sample 11...
Starting computation...
    Writing took     179.952000 us
    Computation took 3.051933 s
    Reading took     13.814000 us
  Sample 12...
Starting computation...
    Writing took     250.425000 us
    Computation took 3.051932 s
    Reading took     13.653000 us
  Sample 13...
Starting computation...
    Writing took     251.629000 us
    Computation took 3.051942 s
    Reading took     12.119000 us
  Sample 14...
Starting computation...
    Writing took     193.429000 us
    Computation took 3.051975 s
    Reading took     13.443000 us
  Sample 15...
Starting computation...
    Writing took     232.324000 us
    Computation took 3.052043 s
    Reading took     12.468000 us
  Sample 16...
Starting computation...
    Writing took     223.002000 us
    Computation took 3.051792 s
    Reading took     9.986000 us
  Sample 17...
Starting computation...
    Writing took     177.800000 us
    Computation took 3.051822 s
    Reading took     12.372000 us
  Sample 18...
Starting computation...
    Writing took     240.270000 us
    Computation took 3.051928 s
    Reading took     10.661000 us
  Sample 19...
Starting computation...
    Writing took     180.170000 us
    Computation took 3.051629 s
    Reading took     10.724000 us
  Sample 20...
Starting computation...
    Writing took     184.478000 us
    Computation took 3.052027 s
    Reading took     10.512000 us
  Sample 21...
Starting computation...
    Writing took     179.263000 us
    Computation took 3.051804 s
    Reading took     10.166000 us
  Sample 22...
Starting computation...
    Writing took     179.712000 us
    Computation took 3.052419 s
    Reading took     10.442000 us
  Sample 23...
Starting computation...
    Writing took     178.650000 us
    Computation took 3.052602 s
    Reading took     9.781000 us
  Sample 24...
Starting computation...
    Writing took     177.444000 us
    Computation took 3.052324 s
    Reading took     10.462000 us
  Sample 25...
Starting computation...
    Writing took     179.389000 us
    Computation took 3.052549 s
    Reading took     13.337000 us
  Sample 26...
Starting computation...
    Writing took     234.288000 us
    Computation took 3.052513 s
    Reading took     10.441000 us
  Sample 27...
Starting computation...
    Writing took     177.921000 us
    Computation took 3.052394 s
    Reading took     9.887000 us
  Sample 28...
Starting computation...
    Writing took     177.576000 us
    Computation took 3.052104 s
    Reading took     10.359000 us
  Sample 29...
Starting computation...
    Writing took     179.523000 us
    Computation took 3.052253 s
    Reading took     11.604000 us
  Sample 30...
Starting computation...
    Writing took     199.512000 us
    Computation took 3.053850 s
    Reading took     13.451000 us
  Sample 31...
Starting computation...
    Writing took     251.034000 us
    Computation took 3.060957 s
    Reading took     11.562000 us
  Sample 32...
Starting computation...
    Writing took     183.569000 us
    Computation took 3.060937 s
    Reading took     26.115000 us
  Sample 33...
Starting computation...
    Writing took     191.546000 us
    Computation took 3.060926 s
    Reading took     12.176000 us
  Sample 34...
Starting computation...
    Writing took     248.060000 us
    Computation took 3.060888 s
    Reading took     11.724000 us
  Sample 35...
Starting computation...
    Writing took     199.150000 us
    Computation took 3.060949 s
    Reading took     12.399000 us
  Sample 36...
Starting computation...
    Writing took     226.490000 us
    Computation took 3.062608 s
    Reading took     17.295000 us
  Sample 37...
Starting computation...
    Writing took     369.257000 us
    Computation took 3.060935 s
    Reading took     10.300000 us
  Sample 38...
Starting computation...
    Writing took     224.350000 us
    Computation took 3.060846 s
    Reading took     10.799000 us
  Sample 39...
Starting computation...
    Writing took     204.540000 us
    Computation took 3.060864 s
    Reading took     11.489000 us
  Sample 40...
Starting computation...
    Writing took     234.750000 us
    Computation took 3.060974 s
    Reading took     9.958000 us
  Sample 41...
Starting computation...
    Writing took     177.384000 us
    Computation took 3.060900 s
    Reading took     10.243000 us
  Sample 42...
Starting computation...
    Writing took     212.434000 us
    Computation took 3.060891 s
    Reading took     9.757000 us
  Sample 43...
Starting computation...
    Writing took     177.528000 us
    Computation took 3.060931 s
    Reading took     10.541000 us
  Sample 44...
Starting computation...
    Writing took     198.885000 us
    Computation took 3.060938 s
    Reading took     11.325000 us
  Sample 45...
Starting computation...
    Writing took     226.613000 us
    Computation took 3.060936 s
    Reading took     12.172000 us
  Sample 46...
Starting computation...
    Writing took     229.037000 us
    Computation took 3.060963 s
    Reading took     10.590000 us
  Sample 47...
Starting computation...
    Writing took     208.850000 us
    Computation took 3.061049 s
    Reading took     10.113000 us
  Sample 48...
Starting computation...
    Writing took     178.522000 us
    Computation took 3.060966 s
    Reading took     13.741000 us
  Sample 49...
Starting computation...
    Writing took     189.925000 us
    Computation took 3.060942 s
    Reading took     20.047000 us
  Sample 50...
Starting computation...
    Writing took     431.961000 us
    Computation took 3.060952 s
    Reading took     13.016000 us
  Sample 51...
Starting computation...
    Writing took     232.154000 us
    Computation took 3.061005 s
    Reading took     12.544000 us
  Sample 52...
Starting computation...
    Writing took     231.194000 us
    Computation took 3.060981 s
    Reading took     13.160000 us
  Sample 53...
Starting computation...
    Writing took     239.653000 us
    Computation took 3.060930 s
    Reading took     12.908000 us
  Sample 54...
Starting computation...
    Writing took     230.467000 us
    Computation took 3.060920 s
    Reading took     10.913000 us
  Sample 55...
Starting computation...
    Writing took     196.801000 us
    Computation took 3.060941 s
    Reading took     11.610000 us
  Sample 56...
Starting computation...
    Writing took     227.150000 us
    Computation took 3.060943 s
    Reading took     12.231000 us
  Sample 57...
Starting computation...
    Writing took     229.006000 us
    Computation took 3.060922 s
    Reading took     11.814000 us
  Sample 58...
Starting computation...
    Writing took     253.595000 us
    Computation took 3.060955 s
    Reading took     12.238000 us
  Sample 59...
Starting computation...
    Writing took     246.754000 us
    Computation took 3.061045 s
    Reading took     11.821000 us
  Sample 60...
Starting computation...
    Writing took     234.113000 us
    Computation took 3.061003 s
    Reading took     13.009000 us
  Sample 61...
Starting computation...
    Writing took     230.346000 us
    Computation took 3.060895 s
    Reading took     13.502000 us
  Sample 62...
Starting computation...
    Writing took     230.291000 us
    Computation took 3.060885 s
    Reading took     12.711000 us
  Sample 63...
Starting computation...
    Writing took     241.802000 us
    Computation took 3.060982 s
    Reading took     12.673000 us
  Sample 64...
Starting computation...
    Writing took     242.711000 us
    Computation took 3.060940 s
    Reading took     11.419000 us
  Sample 65...
Starting computation...
    Writing took     198.934000 us
    Computation took 3.060815 s
    Reading took     11.313000 us
  Sample 66...
Starting computation...
    Writing took     192.344000 us
    Computation took 3.060814 s
    Reading took     12.701000 us
  Sample 67...
Starting computation...
    Writing took     224.942000 us
    Computation took 3.060894 s
    Reading took     11.172000 us
  Sample 68...
Starting computation...
    Writing took     210.908000 us
    Computation took 3.061031 s
    Reading took     10.513000 us
  Sample 69...
Starting computation...
    Writing took     264.334000 us
    Computation took 3.060946 s
    Reading took     12.019000 us
  Sample 70...
Starting computation...
    Writing took     336.654000 us
    Computation took 3.061026 s
    Reading took     12.194000 us
  Sample 71...
Starting computation...
    Writing took     219.841000 us
    Computation took 3.060979 s
    Reading took     11.618000 us
  Sample 72...
Starting computation...
    Writing took     205.271000 us
    Computation took 3.061028 s
    Reading took     13.170000 us
  Sample 73...
Starting computation...
    Writing took     371.808000 us
    Computation took 3.060948 s
    Reading took     17.158000 us
  Sample 74...
Starting computation...
    Writing took     348.935000 us
    Computation took 3.061009 s
    Reading took     11.616000 us
  Sample 75...
Starting computation...
    Writing took     229.767000 us
    Computation took 3.061011 s
    Reading took     11.081000 us
  Sample 76...
Starting computation...
    Writing took     211.300000 us
    Computation took 3.061008 s
    Reading took     10.713000 us
  Sample 77...
Starting computation...
    Writing took     189.216000 us
    Computation took 3.061034 s
    Reading took     14.882000 us
  Sample 78...
Starting computation...
    Writing took     301.721000 us
    Computation took 3.061004 s
    Reading took     11.503000 us
  Sample 79...
Starting computation...
    Writing took     227.736000 us
    Computation took 3.060942 s
    Reading took     10.702000 us
  Sample 80...
Starting computation...
    Writing took     196.107000 us
    Computation took 3.061034 s
    Reading took     11.346000 us
  Sample 81...
Starting computation...
    Writing took     228.694000 us
    Computation took 3.060918 s
    Reading took     12.927000 us
  Sample 82...
Starting computation...
    Writing took     247.165000 us
    Computation took 3.060981 s
    Reading took     12.483000 us
  Sample 83...
Starting computation...
    Writing took     247.730000 us
    Computation took 3.060939 s
    Reading took     10.970000 us
  Sample 84...
Starting computation...
    Writing took     219.229000 us
    Computation took 3.060999 s
    Reading took     11.890000 us
  Sample 85...
Starting computation...
    Writing took     250.013000 us
    Computation took 3.060947 s
    Reading took     11.659000 us
  Sample 86...
Starting computation...
    Writing took     235.073000 us
    Computation took 3.061022 s
    Reading took     11.950000 us
  Sample 87...
Starting computation...
    Writing took     227.732000 us
    Computation took 3.061019 s
    Reading took     15.190000 us
  Sample 88...
Starting computation...
    Writing took     312.287000 us
    Computation took 3.060970 s
    Reading took     18.571000 us
  Sample 89...
Starting computation...
    Writing took     413.101000 us
    Computation took 3.060964 s
    Reading took     12.205000 us
  Sample 90...
Starting computation...
    Writing took     326.158000 us
    Computation took 3.061038 s
    Reading took     12.053000 us
  Sample 91...
Starting computation...
    Writing took     228.788000 us
    Computation took 3.060979 s
    Reading took     11.503000 us
  Sample 92...
Starting computation...
    Writing took     226.953000 us
    Computation took 3.060894 s
    Reading took     11.869000 us
  Sample 93...
Starting computation...
    Writing took     227.753000 us
    Computation took 3.060976 s
    Reading took     12.045000 us
  Sample 94...
Starting computation...
    Writing took     235.058000 us
    Computation took 3.060978 s
    Reading took     11.504000 us
  Sample 95...
Starting computation...
    Writing took     227.094000 us
    Computation took 3.060923 s
    Reading took     10.310000 us
  Sample 96...
Starting computation...
    Writing took     195.147000 us
    Computation took 3.060889 s
    Reading took     11.272000 us
  Sample 97...
Starting computation...
    Writing took     249.531000 us
    Computation took 3.060925 s
    Reading took     12.229000 us
  Sample 98...
Starting computation...
    Writing took     226.423000 us
    Computation took 3.060968 s
    Reading took     10.331000 us
  Sample 99...
Starting computation...
    Writing took     217.091000 us
    Computation took 3.060922 s
    Reading took     11.960000 us
Mean computation time: 3.057805 s
Mean deviation: 4.378335 ms (0.143186%)
Mean computation time (per hash): 1.019268 s
Mean deviation (per hash): 1.459445 ms
