[libargon2] Selecting best fill_segment implementation...
[libargon2] x86_64: Checking availability... OK!
[libargon2] x86_64: Benchmarking...
[libargon2] x86_64: Benchmark result: 64549
[libargon2] SSE2: Checking availability... OK!
[libargon2] SSE2: Benchmarking...
[libargon2] SSE2: Benchmark result: 61360
[libargon2] SSSE3: Checking availability... OK!
[libargon2] SSSE3: Benchmarking...
[libargon2] SSSE3: Benchmark result: 55371
[libargon2] XOP: Checking availability... FAILED!
[libargon2] AVX2: Checking availability... OK!
[libargon2] AVX2: Benchmarking...
[libargon2] AVX2: Benchmark result: 27510
[libargon2] AVX-512F: Checking availability... OK!
[libargon2] AVX-512F: Benchmarking...
[libargon2] AVX-512F: Benchmark result: 11390
[libargon2] Best implementation: 'AVX-512F' (bench 11390)
  Sample 0...
Starting computation...
    Computation took 2.430210 s
  Sample 1...
Starting computation...
    Computation took 2.513391 s
  Sample 2...
Starting computation...
    Computation took 2.355550 s
  Sample 3...
Starting computation...
    Computation took 2.337617 s
  Sample 4...
Starting computation...
    Computation took 2.297301 s
  Sample 5...
Starting computation...
    Computation took 2.202124 s
  Sample 6...
Starting computation...
    Computation took 2.160458 s
  Sample 7...
Starting computation...
    Computation took 2.355019 s
  Sample 8...
Starting computation...
    Computation took 2.461048 s
  Sample 9...
Starting computation...
    Computation took 2.303309 s
  Sample 10...
Starting computation...
    Computation took 2.464252 s
  Sample 11...
Starting computation...
    Computation took 2.436179 s
  Sample 12...
Starting computation...
    Computation took 2.356339 s
  Sample 13...
Starting computation...
    Computation took 2.308021 s
  Sample 14...
Starting computation...
    Computation took 2.362923 s
  Sample 15...
Starting computation...
    Computation took 2.352214 s
  Sample 16...
Starting computation...
    Computation took 2.461316 s
  Sample 17...
Starting computation...
    Computation took 2.369342 s
  Sample 18...
Starting computation...
    Computation took 2.362614 s
  Sample 19...
Starting computation...
    Computation took 2.288150 s
  Sample 20...
Starting computation...
    Computation took 2.225415 s
  Sample 21...
Starting computation...
    Computation took 2.411201 s
  Sample 22...
Starting computation...
    Computation took 2.246900 s
  Sample 23...
Starting computation...
    Computation took 2.315535 s
  Sample 24...
Starting computation...
    Computation took 2.457854 s
  Sample 25...
Starting computation...
    Computation took 2.398943 s
  Sample 26...
Starting computation...
    Computation took 2.397567 s
  Sample 27...
Starting computation...
    Computation took 2.354592 s
  Sample 28...
Starting computation...
    Computation took 2.379121 s
  Sample 29...
Starting computation...
    Computation took 2.326316 s
  Sample 30...
Starting computation...
    Computation took 2.403936 s
  Sample 31...
Starting computation...
    Computation took 2.336562 s
  Sample 32...
Starting computation...
    Computation took 2.330260 s
  Sample 33...
Starting computation...
    Computation took 2.432359 s
  Sample 34...
Starting computation...
    Computation took 2.369914 s
  Sample 35...
Starting computation...
    Computation took 2.347441 s
  Sample 36...
Starting computation...
    Computation took 2.419160 s
  Sample 37...
Starting computation...
    Computation took 2.243416 s
  Sample 38...
Starting computation...
    Computation took 2.403050 s
  Sample 39...
Starting computation...
    Computation took 2.413241 s
  Sample 40...
Starting computation...
    Computation took 2.302110 s
  Sample 41...
Starting computation...
    Computation took 2.318808 s
  Sample 42...
Starting computation...
    Computation took 2.411165 s
  Sample 43...
Starting computation...
    Computation took 2.331410 s
  Sample 44...
Starting computation...
    Computation took 2.371314 s
  Sample 45...
Starting computation...
    Computation took 2.405967 s
  Sample 46...
Starting computation...
    Computation took 2.440552 s
  Sample 47...
Starting computation...
    Computation took 2.401577 s
  Sample 48...
Starting computation...
    Computation took 2.443328 s
  Sample 49...
Starting computation...
    Computation took 2.363195 s
  Sample 50...
Starting computation...
    Computation took 2.434402 s
  Sample 51...
Starting computation...
    Computation took 2.405151 s
  Sample 52...
Starting computation...
    Computation took 2.342998 s
  Sample 53...
Starting computation...
    Computation took 2.288034 s
  Sample 54...
Starting computation...
    Computation took 2.269022 s
  Sample 55...
Starting computation...
    Computation took 2.409568 s
  Sample 56...
Starting computation...
    Computation took 2.410398 s
  Sample 57...
Starting computation...
    Computation took 2.413483 s
  Sample 58...
Starting computation...
    Computation took 2.506761 s
  Sample 59...
Starting computation...
    Computation took 2.357566 s
  Sample 60...
Starting computation...
    Computation took 2.394588 s
  Sample 61...
Starting computation...
    Computation took 2.450590 s
  Sample 62...
Starting computation...
    Computation took 2.369773 s
  Sample 63...
Starting computation...
    Computation took 2.448317 s
  Sample 64...
Starting computation...
    Computation took 2.346843 s
  Sample 65...
Starting computation...
    Computation took 2.358938 s
  Sample 66...
Starting computation...
    Computation took 2.364659 s
  Sample 67...
Starting computation...
    Computation took 2.487013 s
  Sample 68...
Starting computation...
    Computation took 2.422768 s
  Sample 69...
Starting computation...
    Computation took 2.371039 s
  Sample 70...
Starting computation...
    Computation took 2.354612 s
  Sample 71...
Starting computation...
    Computation took 2.367167 s
  Sample 72...
Starting computation...
    Computation took 2.265881 s
  Sample 73...
Starting computation...
    Computation took 2.534907 s
  Sample 74...
Starting computation...
    Computation took 2.410127 s
  Sample 75...
Starting computation...
    Computation took 2.444451 s
  Sample 76...
Starting computation...
    Computation took 2.553128 s
  Sample 77...
Starting computation...
    Computation took 2.412603 s
  Sample 78...
Starting computation...
    Computation took 2.441883 s
  Sample 79...
Starting computation...
    Computation took 2.398072 s
  Sample 80...
Starting computation...
    Computation took 2.478328 s
  Sample 81...
Starting computation...
    Computation took 2.368765 s
  Sample 82...
Starting computation...
    Computation took 2.475841 s
  Sample 83...
Starting computation...
    Computation took 2.259541 s
  Sample 84...
Starting computation...
    Computation took 2.472005 s
  Sample 85...
Starting computation...
    Computation took 2.425095 s
  Sample 86...
Starting computation...
    Computation took 2.390713 s
  Sample 87...
Starting computation...
    Computation took 2.431982 s
  Sample 88...
Starting computation...
    Computation took 2.435005 s
  Sample 89...
Starting computation...
    Computation took 2.335398 s
  Sample 90...
Starting computation...
    Computation took 2.331372 s
  Sample 91...
Starting computation...
    Computation took 2.310043 s
  Sample 92...
Starting computation...
    Computation took 2.412701 s
  Sample 93...
Starting computation...
    Computation took 2.407868 s
  Sample 94...
Starting computation...
    Computation took 2.388735 s
  Sample 95...
Starting computation...
    Computation took 2.436482 s
  Sample 96...
Starting computation...
    Computation took 2.454645 s
  Sample 97...
Starting computation...
    Computation took 2.437278 s
  Sample 98...
Starting computation...
    Computation took 2.425975 s
  Sample 99...
Starting computation...
    Computation took 2.390607 s
Mean computation time: 2.382827 s
Mean deviation: 55.158681 ms (2.31484%)
Mean computation time (per hash): 1.191414 s
Mean deviation (per hash): 27.579340 ms
