[libargon2] Selecting best fill_segment implementation...
[libargon2] x86_64: Checking availability... OK!
[libargon2] x86_64: Benchmarking...
[libargon2] x86_64: Benchmark result: 39111
[libargon2] SSE2: Checking availability... OK!
[libargon2] SSE2: Benchmarking...
[libargon2] SSE2: Benchmark result: 34510
[libargon2] SSSE3: Checking availability... OK!
[libargon2] SSSE3: Benchmarking...
[libargon2] SSSE3: Benchmark result: 30568
[libargon2] XOP: Checking availability... FAILED!
[libargon2] AVX2: Checking availability... OK!
[libargon2] AVX2: Benchmarking...
[libargon2] AVX2: Benchmark result: 17979
[libargon2] AVX-512F: Checking availability... OK!
[libargon2] AVX-512F: Benchmarking...
[libargon2] AVX-512F: Benchmark result: 11141
[libargon2] Best implementation: 'AVX-512F' (bench 11141)
  Sample 0...
Starting computation...
    Computation took 1.036703 s
  Sample 1...
Starting computation...
    Computation took 1.299117 s
  Sample 2...
Starting computation...
    Computation took 1.359249 s
  Sample 3...
Starting computation...
    Computation took 1.023311 s
  Sample 4...
Starting computation...
    Computation took 1.096299 s
  Sample 5...
Starting computation...
    Computation took 1.225608 s
  Sample 6...
Starting computation...
    Computation took 1.475576 s
  Sample 7...
Starting computation...
    Computation took 1.363174 s
  Sample 8...
Starting computation...
    Computation took 1.040375 s
  Sample 9...
Starting computation...
    Computation took 1.139449 s
  Sample 10...
Starting computation...
    Computation took 1.487646 s
  Sample 11...
Starting computation...
    Computation took 1.731593 s
  Sample 12...
Starting computation...
    Computation took 1.525465 s
  Sample 13...
Starting computation...
    Computation took 1.401222 s
  Sample 14...
Starting computation...
    Computation took 1.534266 s
  Sample 15...
Starting computation...
    Computation took 1.543902 s
  Sample 16...
Starting computation...
    Computation took 1.216167 s
  Sample 17...
Starting computation...
    Computation took 1.494231 s
  Sample 18...
Starting computation...
    Computation took 1.491302 s
  Sample 19...
Starting computation...
    Computation took 1.304916 s
  Sample 20...
Starting computation...
    Computation took 1.458695 s
  Sample 21...
Starting computation...
    Computation took 1.514805 s
  Sample 22...
Starting computation...
    Computation took 1.375565 s
  Sample 23...
Starting computation...
    Computation took 1.629541 s
  Sample 24...
Starting computation...
    Computation took 1.437741 s
  Sample 25...
Starting computation...
    Computation took 1.509743 s
  Sample 26...
Starting computation...
    Computation took 1.298674 s
  Sample 27...
Starting computation...
    Computation took 1.444054 s
  Sample 28...
Starting computation...
    Computation took 1.115483 s
  Sample 29...
Starting computation...
    Computation took 1.501893 s
  Sample 30...
Starting computation...
    Computation took 1.418596 s
  Sample 31...
Starting computation...
    Computation took 1.150686 s
  Sample 32...
Starting computation...
    Computation took 1.254310 s
  Sample 33...
Starting computation...
    Computation took 1.598525 s
  Sample 34...
Starting computation...
    Computation took 1.617737 s
  Sample 35...
Starting computation...
    Computation took 1.389968 s
  Sample 36...
Starting computation...
    Computation took 1.466512 s
  Sample 37...
Starting computation...
    Computation took 1.516597 s
  Sample 38...
Starting computation...
    Computation took 1.301394 s
  Sample 39...
Starting computation...
    Computation took 1.582951 s
  Sample 40...
Starting computation...
    Computation took 1.601686 s
  Sample 41...
Starting computation...
    Computation took 1.248591 s
  Sample 42...
Starting computation...
    Computation took 1.579246 s
  Sample 43...
Starting computation...
    Computation took 1.639641 s
  Sample 44...
Starting computation...
    Computation took 1.562213 s
  Sample 45...
Starting computation...
    Computation took 1.372126 s
  Sample 46...
Starting computation...
    Computation took 1.705017 s
  Sample 47...
Starting computation...
    Computation took 1.694271 s
  Sample 48...
Starting computation...
    Computation took 1.674305 s
  Sample 49...
Starting computation...
    Computation took 965.546025 ms
  Sample 50...
Starting computation...
    Computation took 1.479401 s
  Sample 51...
Starting computation...
    Computation took 1.695968 s
  Sample 52...
Starting computation...
    Computation took 1.303217 s
  Sample 53...
Starting computation...
    Computation took 1.456344 s
  Sample 54...
Starting computation...
    Computation took 1.654866 s
  Sample 55...
Starting computation...
    Computation took 1.538994 s
  Sample 56...
Starting computation...
    Computation took 1.635409 s
  Sample 57...
Starting computation...
    Computation took 1.568772 s
  Sample 58...
Starting computation...
    Computation took 1.494413 s
  Sample 59...
Starting computation...
    Computation took 1.667561 s
  Sample 60...
Starting computation...
    Computation took 1.392824 s
  Sample 61...
Starting computation...
    Computation took 1.406796 s
  Sample 62...
Starting computation...
    Computation took 1.384644 s
  Sample 63...
Starting computation...
    Computation took 1.567773 s
  Sample 64...
Starting computation...
    Computation took 1.669775 s
  Sample 65...
Starting computation...
    Computation took 1.305068 s
  Sample 66...
Starting computation...
    Computation took 909.072103 ms
  Sample 67...
Starting computation...
    Computation took 1.544517 s
  Sample 68...
Starting computation...
    Computation took 1.455800 s
  Sample 69...
Starting computation...
    Computation took 1.529480 s
  Sample 70...
Starting computation...
    Computation took 1.436010 s
  Sample 71...
Starting computation...
    Computation took 1.540375 s
  Sample 72...
Starting computation...
    Computation took 1.465065 s
  Sample 73...
Starting computation...
    Computation took 1.396772 s
  Sample 74...
Starting computation...
    Computation took 1.427749 s
  Sample 75...
Starting computation...
    Computation took 1.496118 s
  Sample 76...
Starting computation...
    Computation took 1.310105 s
  Sample 77...
Starting computation...
    Computation took 1.555070 s
  Sample 78...
Starting computation...
    Computation took 1.491527 s
  Sample 79...
Starting computation...
    Computation took 1.110935 s
  Sample 80...
Starting computation...
    Computation took 1.586891 s
  Sample 81...
Starting computation...
    Computation took 1.373276 s
  Sample 82...
Starting computation...
    Computation took 1.647125 s
  Sample 83...
Starting computation...
    Computation took 1.121356 s
  Sample 84...
Starting computation...
    Computation took 1.482120 s
  Sample 85...
Starting computation...
    Computation took 1.639419 s
  Sample 86...
Starting computation...
    Computation took 1.435211 s
  Sample 87...
Starting computation...
    Computation took 1.349137 s
  Sample 88...
Starting computation...
    Computation took 1.482012 s
  Sample 89...
Starting computation...
    Computation took 1.659541 s
  Sample 90...
Starting computation...
    Computation took 1.601788 s
  Sample 91...
Starting computation...
    Computation took 1.500236 s
  Sample 92...
Starting computation...
    Computation took 1.432254 s
  Sample 93...
Starting computation...
    Computation took 1.540334 s
  Sample 94...
Starting computation...
    Computation took 864.601821 ms
  Sample 95...
Starting computation...
    Computation took 827.480207 ms
  Sample 96...
Starting computation...
    Computation took 862.544922 ms
  Sample 97...
Starting computation...
    Computation took 1.410093 s
  Sample 98...
Starting computation...
    Computation took 1.733110 s
  Sample 99...
Starting computation...
    Computation took 1.153437 s
Mean computation time: 1.420081 s
Mean deviation: 158.506821 ms (11.1618%)
Mean computation time (per hash): 1.420081 s
Mean deviation (per hash): 158.506821 ms
