[libargon2] Selecting best fill_segment implementation...
[libargon2] x86_64: Checking availability... OK!
[libargon2] x86_64: Benchmarking...
[libargon2] x86_64: Benchmark result: 37979
[libargon2] SSE2: Checking availability... OK!
[libargon2] SSE2: Benchmarking...
[libargon2] SSE2: Benchmark result: 34582
[libargon2] SSSE3: Checking availability... OK!
[libargon2] SSSE3: Benchmarking...
[libargon2] SSSE3: Benchmark result: 30414
[libargon2] XOP: Checking availability... FAILED!
[libargon2] AVX2: Checking availability... OK!
[libargon2] AVX2: Benchmarking...
[libargon2] AVX2: Benchmark result: 17681
[libargon2] AVX-512F: Checking availability... OK!
[libargon2] AVX-512F: Benchmarking...
[libargon2] AVX-512F: Benchmark result: 11149
[libargon2] Best implementation: 'AVX-512F' (bench 11149)
  Sample 0...
Starting computation...
    Computation took 1.547912 s
  Sample 1...
Starting computation...
    Computation took 1.655200 s
  Sample 2...
Starting computation...
    Computation took 1.558675 s
  Sample 3...
Starting computation...
    Computation took 1.127738 s
  Sample 4...
Starting computation...
    Computation took 1.711327 s
  Sample 5...
Starting computation...
    Computation took 1.735027 s
  Sample 6...
Starting computation...
    Computation took 1.957588 s
  Sample 7...
Starting computation...
    Computation took 1.406507 s
  Sample 8...
Starting computation...
    Computation took 991.714733 ms
  Sample 9...
Starting computation...
    Computation took 942.901003 ms
  Sample 10...
Starting computation...
    Computation took 941.463872 ms
  Sample 11...
Starting computation...
    Computation took 902.758656 ms
  Sample 12...
Starting computation...
    Computation took 1.065261 s
  Sample 13...
Starting computation...
    Computation took 955.772705 ms
  Sample 14...
Starting computation...
    Computation took 915.980094 ms
  Sample 15...
Starting computation...
    Computation took 913.624503 ms
  Sample 16...
Starting computation...
    Computation took 909.612104 ms
  Sample 17...
Starting computation...
    Computation took 957.874864 ms
  Sample 18...
Starting computation...
    Computation took 964.795184 ms
  Sample 19...
Starting computation...
    Computation took 943.119072 ms
  Sample 20...
Starting computation...
    Computation took 932.432642 ms
  Sample 21...
Starting computation...
    Computation took 1.318720 s
  Sample 22...
Starting computation...
    Computation took 1.093626 s
  Sample 23...
Starting computation...
    Computation took 940.247285 ms
  Sample 24...
Starting computation...
    Computation took 956.078275 ms
  Sample 25...
Starting computation...
    Computation took 907.359351 ms
  Sample 26...
Starting computation...
    Computation took 894.370087 ms
  Sample 27...
Starting computation...
    Computation took 945.368629 ms
  Sample 28...
Starting computation...
    Computation took 917.329548 ms
  Sample 29...
Starting computation...
    Computation took 964.485735 ms
  Sample 30...
Starting computation...
    Computation took 957.189429 ms
  Sample 31...
Starting computation...
    Computation took 942.583441 ms
  Sample 32...
Starting computation...
    Computation took 1.019057 s
  Sample 33...
Starting computation...
    Computation took 939.205046 ms
  Sample 34...
Starting computation...
    Computation took 942.005668 ms
  Sample 35...
Starting computation...
    Computation took 964.493433 ms
  Sample 36...
Starting computation...
    Computation took 924.298073 ms
  Sample 37...
Starting computation...
    Computation took 973.469588 ms
  Sample 38...
Starting computation...
    Computation took 938.417013 ms
  Sample 39...
Starting computation...
    Computation took 940.181318 ms
  Sample 40...
Starting computation...
    Computation took 962.036114 ms
  Sample 41...
Starting computation...
    Computation took 932.131310 ms
  Sample 42...
Starting computation...
    Computation took 969.799491 ms
  Sample 43...
Starting computation...
    Computation took 2.086623 s
  Sample 44...
Starting computation...
    Computation took 1.069560 s
  Sample 45...
Starting computation...
    Computation took 942.205479 ms
  Sample 46...
Starting computation...
    Computation took 957.934446 ms
  Sample 47...
Starting computation...
    Computation took 1.419236 s
  Sample 48...
Starting computation...
    Computation took 995.935746 ms
  Sample 49...
Starting computation...
    Computation took 929.194447 ms
  Sample 50...
Starting computation...
    Computation took 889.683867 ms
  Sample 51...
Starting computation...
    Computation took 926.242470 ms
  Sample 52...
Starting computation...
    Computation took 1.275334 s
  Sample 53...
Starting computation...
    Computation took 898.249929 ms
  Sample 54...
Starting computation...
    Computation took 890.271495 ms
  Sample 55...
Starting computation...
    Computation took 941.704671 ms
  Sample 56...
Starting computation...
    Computation took 949.890350 ms
  Sample 57...
Starting computation...
    Computation took 939.309120 ms
  Sample 58...
Starting computation...
    Computation took 1.952307 s
  Sample 59...
Starting computation...
    Computation took 987.544796 ms
  Sample 60...
Starting computation...
    Computation took 986.518435 ms
  Sample 61...
Starting computation...
    Computation took 950.160240 ms
  Sample 62...
Starting computation...
    Computation took 921.352772 ms
  Sample 63...
Starting computation...
    Computation took 911.347122 ms
  Sample 64...
Starting computation...
    Computation took 924.799799 ms
  Sample 65...
Starting computation...
    Computation took 954.058865 ms
  Sample 66...
Starting computation...
    Computation took 923.633365 ms
  Sample 67...
Starting computation...
    Computation took 944.680056 ms
  Sample 68...
Starting computation...
    Computation took 925.989266 ms
  Sample 69...
Starting computation...
    Computation took 889.211303 ms
  Sample 70...
Starting computation...
    Computation took 954.577569 ms
  Sample 71...
Starting computation...
    Computation took 952.267394 ms
  Sample 72...
Starting computation...
    Computation took 970.755774 ms
  Sample 73...
Starting computation...
    Computation took 936.886450 ms
  Sample 74...
Starting computation...
    Computation took 954.878413 ms
  Sample 75...
Starting computation...
    Computation took 922.510485 ms
  Sample 76...
Starting computation...
    Computation took 927.219478 ms
  Sample 77...
Starting computation...
    Computation took 913.234892 ms
  Sample 78...
Starting computation...
    Computation took 960.180097 ms
  Sample 79...
Starting computation...
    Computation took 927.034105 ms
  Sample 80...
Starting computation...
    Computation took 889.109465 ms
  Sample 81...
Starting computation...
    Computation took 909.253619 ms
  Sample 82...
Starting computation...
    Computation took 1.082927 s
  Sample 83...
Starting computation...
    Computation took 941.957786 ms
  Sample 84...
Starting computation...
    Computation took 958.618924 ms
  Sample 85...
Starting computation...
    Computation took 952.491769 ms
  Sample 86...
Starting computation...
    Computation took 945.143481 ms
  Sample 87...
Starting computation...
    Computation took 916.646634 ms
  Sample 88...
Starting computation...
    Computation took 912.138125 ms
  Sample 89...
Starting computation...
    Computation took 946.694791 ms
  Sample 90...
Starting computation...
    Computation took 939.367300 ms
  Sample 91...
Starting computation...
    Computation took 1.501534 s
  Sample 92...
Starting computation...
    Computation took 1.122827 s
  Sample 93...
Starting computation...
    Computation took 947.637355 ms
  Sample 94...
Starting computation...
    Computation took 958.316668 ms
  Sample 95...
Starting computation...
    Computation took 952.097500 ms
  Sample 96...
Starting computation...
    Computation took 1.510720 s
  Sample 97...
Starting computation...
    Computation took 999.528200 ms
  Sample 98...
Starting computation...
    Computation took 945.929822 ms
  Sample 99...
Starting computation...
    Computation took 905.640450 ms
Mean computation time: 1.044208 s
Mean deviation: 166.289585 ms (15.9249%)
Mean computation time (per hash): 522.104180 ms
Mean deviation (per hash): 83.144792 ms
