[libargon2] Selecting best fill_segment implementation...
[libargon2] x86_64: Checking availability... OK!
[libargon2] x86_64: Benchmarking...
[libargon2] x86_64: Benchmark result: 37360
[libargon2] SSE2: Checking availability... OK!
[libargon2] SSE2: Benchmarking...
[libargon2] SSE2: Benchmark result: 34545
[libargon2] SSSE3: Checking availability... OK!
[libargon2] SSSE3: Benchmarking...
[libargon2] SSSE3: Benchmark result: 30364
[libargon2] XOP: Checking availability... FAILED!
[libargon2] AVX2: Checking availability... OK!
[libargon2] AVX2: Benchmarking...
[libargon2] AVX2: Benchmark result: 17739
[libargon2] AVX-512F: Checking availability... OK!
[libargon2] AVX-512F: Benchmarking...
[libargon2] AVX-512F: Benchmark result: 11046
[libargon2] Best implementation: 'AVX-512F' (bench 11046)
  Sample 0...
Starting computation...
    Computation took 10.883858 s
  Sample 1...
Starting computation...
    Computation took 8.073483 s
  Sample 2...
Starting computation...
    Computation took 8.674776 s
  Sample 3...
Starting computation...
    Computation took 8.189630 s
  Sample 4...
Starting computation...
    Computation took 9.271915 s
  Sample 5...
Starting computation...
    Computation took 7.989473 s
  Sample 6...
Starting computation...
    Computation took 8.417041 s
  Sample 7...
Starting computation...
    Computation took 7.595165 s
  Sample 8...
Starting computation...
    Computation took 9.462898 s
  Sample 9...
Starting computation...
    Computation took 8.305038 s
  Sample 10...
Starting computation...
    Computation took 8.238889 s
  Sample 11...
Starting computation...
    Computation took 7.495199 s
  Sample 12...
Starting computation...
    Computation took 8.581233 s
  Sample 13...
Starting computation...
    Computation took 7.765865 s
  Sample 14...
Starting computation...
    Computation took 7.975448 s
  Sample 15...
Starting computation...
    Computation took 7.689012 s
  Sample 16...
Starting computation...
    Computation took 8.321471 s
  Sample 17...
Starting computation...
    Computation took 8.786842 s
  Sample 18...
Starting computation...
    Computation took 7.769788 s
  Sample 19...
Starting computation...
    Computation took 7.774720 s
  Sample 20...
Starting computation...
    Computation took 8.141063 s
  Sample 21...
Starting computation...
    Computation took 7.495945 s
  Sample 22...
Starting computation...
    Computation took 7.305132 s
  Sample 23...
Starting computation...
    Computation took 8.363324 s
  Sample 24...
Starting computation...
    Computation took 8.289741 s
  Sample 25...
Starting computation...
    Computation took 7.657252 s
  Sample 26...
Starting computation...
    Computation took 7.375542 s
  Sample 27...
Starting computation...
    Computation took 9.062189 s
  Sample 28...
Starting computation...
    Computation took 8.357447 s
  Sample 29...
Starting computation...
    Computation took 9.391191 s
  Sample 30...
Starting computation...
    Computation took 10.290760 s
  Sample 31...
Starting computation...
    Computation took 7.716902 s
  Sample 32...
Starting computation...
    Computation took 9.283739 s
  Sample 33...
Starting computation...
    Computation took 8.832784 s
  Sample 34...
Starting computation...
    Computation took 8.641636 s
  Sample 35...
Starting computation...
    Computation took 6.704662 s
  Sample 36...
Starting computation...
    Computation took 9.036589 s
  Sample 37...
Starting computation...
    Computation took 8.478450 s
  Sample 38...
Starting computation...
    Computation took 9.543837 s
  Sample 39...
Starting computation...
    Computation took 6.668708 s
  Sample 40...
Starting computation...
    Computation took 8.555985 s
  Sample 41...
Starting computation...
    Computation took 7.682933 s
  Sample 42...
Starting computation...
    Computation took 9.839741 s
  Sample 43...
Starting computation...
    Computation took 8.730354 s
  Sample 44...
Starting computation...
    Computation took 7.887127 s
  Sample 45...
Starting computation...
    Computation took 8.889644 s
  Sample 46...
Starting computation...
    Computation took 7.792366 s
  Sample 47...
Starting computation...
    Computation took 9.017078 s
  Sample 48...
Starting computation...
    Computation took 8.247078 s
  Sample 49...
Starting computation...
    Computation took 6.805404 s
  Sample 50...
Starting computation...
    Computation took 8.330455 s
  Sample 51...
Starting computation...
    Computation took 8.396773 s
  Sample 52...
Starting computation...
    Computation took 8.828046 s
  Sample 53...
Starting computation...
    Computation took 7.849570 s
  Sample 54...
Starting computation...
    Computation took 8.231150 s
  Sample 55...
Starting computation...
    Computation took 8.358472 s
  Sample 56...
Starting computation...
    Computation took 6.574839 s
  Sample 57...
Starting computation...
    Computation took 8.498271 s
  Sample 58...
Starting computation...
    Computation took 8.329988 s
  Sample 59...
Starting computation...
    Computation took 8.654650 s
  Sample 60...
Starting computation...
    Computation took 7.208331 s
  Sample 61...
Starting computation...
    Computation took 8.321078 s
  Sample 62...
Starting computation...
    Computation took 7.680623 s
  Sample 63...
Starting computation...
    Computation took 7.917339 s
  Sample 64...
Starting computation...
    Computation took 8.117889 s
  Sample 65...
Starting computation...
    Computation took 8.053855 s
  Sample 66...
Starting computation...
    Computation took 8.837384 s
  Sample 67...
Starting computation...
    Computation took 11.459738 s
  Sample 68...
Starting computation...
    Computation took 8.927645 s
  Sample 69...
Starting computation...
    Computation took 8.491495 s
  Sample 70...
Starting computation...
    Computation took 7.774098 s
  Sample 71...
Starting computation...
    Computation took 7.763044 s
  Sample 72...
Starting computation...
    Computation took 10.112211 s
  Sample 73...
Starting computation...
    Computation took 10.742252 s
  Sample 74...
Starting computation...
    Computation took 7.416571 s
  Sample 75...
Starting computation...
    Computation took 7.989132 s
  Sample 76...
Starting computation...
    Computation took 8.213001 s
  Sample 77...
Starting computation...
    Computation took 7.553759 s
  Sample 78...
Starting computation...
    Computation took 8.807800 s
  Sample 79...
Starting computation...
    Computation took 9.334750 s
  Sample 80...
Starting computation...
    Computation took 8.397365 s
  Sample 81...
Starting computation...
    Computation took 7.280760 s
  Sample 82...
Starting computation...
    Computation took 8.153895 s
  Sample 83...
Starting computation...
    Computation took 8.646243 s
  Sample 84...
Starting computation...
    Computation took 9.046083 s
  Sample 85...
Starting computation...
    Computation took 7.279136 s
  Sample 86...
Starting computation...
    Computation took 7.744522 s
  Sample 87...
Starting computation...
    Computation took 9.030491 s
  Sample 88...
Starting computation...
    Computation took 8.120572 s
  Sample 89...
Starting computation...
    Computation took 10.374110 s
  Sample 90...
Starting computation...
    Computation took 8.709336 s
  Sample 91...
Starting computation...
    Computation took 8.963760 s
  Sample 92...
Starting computation...
    Computation took 8.405136 s
  Sample 93...
Starting computation...
    Computation took 7.035548 s
  Sample 94...
Starting computation...
    Computation took 7.836081 s
  Sample 95...
Starting computation...
    Computation took 8.293171 s
  Sample 96...
Starting computation...
    Computation took 9.096918 s
  Sample 97...
Starting computation...
    Computation took 10.470024 s
  Sample 98...
Starting computation...
    Computation took 8.195826 s
  Sample 99...
Starting computation...
    Computation took 8.412970 s
Mean computation time: 8.396125 s
Mean deviation: 657.729801 ms (7.83373%)
Mean computation time (per hash): 262.378906 ms
Mean deviation (per hash): 20.554056 ms
