[libargon2] Selecting best fill_segment implementation...
[libargon2] x86_64: Checking availability... OK!
[libargon2] x86_64: Benchmarking...
[libargon2] x86_64: Benchmark result: 65584
[libargon2] SSE2: Checking availability... OK!
[libargon2] SSE2: Benchmarking...
[libargon2] SSE2: Benchmark result: 61848
[libargon2] SSSE3: Checking availability... OK!
[libargon2] SSSE3: Benchmarking...
[libargon2] SSSE3: Benchmark result: 56119
[libargon2] XOP: Checking availability... FAILED!
[libargon2] AVX2: Checking availability... OK!
[libargon2] AVX2: Benchmarking...
[libargon2] AVX2: Benchmark result: 31845
[libargon2] AVX-512F: Checking availability... OK!
[libargon2] AVX-512F: Benchmarking...
[libargon2] AVX-512F: Benchmark result: 19381
[libargon2] Best implementation: 'AVX-512F' (bench 19381)
  Sample 0...
Starting computation...
    Computation took 3.331480 s
  Sample 1...
Starting computation...
    Computation took 3.416223 s
  Sample 2...
Starting computation...
    Computation took 3.277504 s
  Sample 3...
Starting computation...
    Computation took 3.275963 s
  Sample 4...
Starting computation...
    Computation took 3.372990 s
  Sample 5...
Starting computation...
    Computation took 3.269353 s
  Sample 6...
Starting computation...
    Computation took 3.471382 s
  Sample 7...
Starting computation...
    Computation took 3.319825 s
  Sample 8...
Starting computation...
    Computation took 3.376965 s
  Sample 9...
Starting computation...
    Computation took 3.279314 s
  Sample 10...
Starting computation...
    Computation took 3.228798 s
  Sample 11...
Starting computation...
    Computation took 3.311136 s
  Sample 12...
Starting computation...
    Computation took 3.329218 s
  Sample 13...
Starting computation...
    Computation took 3.297494 s
  Sample 14...
Starting computation...
    Computation took 3.287817 s
  Sample 15...
Starting computation...
    Computation took 3.320762 s
  Sample 16...
Starting computation...
    Computation took 3.292679 s
  Sample 17...
Starting computation...
    Computation took 3.310516 s
  Sample 18...
Starting computation...
    Computation took 3.393294 s
  Sample 19...
Starting computation...
    Computation took 3.314563 s
  Sample 20...
Starting computation...
    Computation took 3.233482 s
  Sample 21...
Starting computation...
    Computation took 3.242513 s
  Sample 22...
Starting computation...
    Computation took 3.404807 s
  Sample 23...
Starting computation...
    Computation took 3.448477 s
  Sample 24...
Starting computation...
    Computation took 3.387577 s
  Sample 25...
Starting computation...
    Computation took 3.305509 s
  Sample 26...
Starting computation...
    Computation took 3.262605 s
  Sample 27...
Starting computation...
    Computation took 3.259354 s
  Sample 28...
Starting computation...
    Computation took 3.408226 s
  Sample 29...
Starting computation...
    Computation took 3.360745 s
  Sample 30...
Starting computation...
    Computation took 3.412716 s
  Sample 31...
Starting computation...
    Computation took 3.227602 s
  Sample 32...
Starting computation...
    Computation took 3.290461 s
  Sample 33...
Starting computation...
    Computation took 3.332778 s
  Sample 34...
Starting computation...
    Computation took 3.249989 s
  Sample 35...
Starting computation...
    Computation took 3.284565 s
  Sample 36...
Starting computation...
    Computation took 3.388833 s
  Sample 37...
Starting computation...
    Computation took 3.434389 s
  Sample 38...
Starting computation...
    Computation took 3.332815 s
  Sample 39...
Starting computation...
    Computation took 3.295404 s
  Sample 40...
Starting computation...
    Computation took 3.280950 s
  Sample 41...
Starting computation...
    Computation took 3.400360 s
  Sample 42...
Starting computation...
    Computation took 3.281414 s
  Sample 43...
Starting computation...
    Computation took 3.358350 s
  Sample 44...
Starting computation...
    Computation took 3.297469 s
  Sample 45...
Starting computation...
    Computation took 3.354369 s
  Sample 46...
Starting computation...
    Computation took 3.340165 s
  Sample 47...
Starting computation...
    Computation took 3.398098 s
  Sample 48...
Starting computation...
    Computation took 3.314154 s
  Sample 49...
Starting computation...
    Computation took 3.326971 s
  Sample 50...
Starting computation...
    Computation took 3.543156 s
  Sample 51...
Starting computation...
    Computation took 3.365283 s
  Sample 52...
Starting computation...
    Computation took 3.375606 s
  Sample 53...
Starting computation...
    Computation took 3.272568 s
  Sample 54...
Starting computation...
    Computation took 3.424614 s
  Sample 55...
Starting computation...
    Computation took 3.470413 s
  Sample 56...
Starting computation...
    Computation took 3.428523 s
  Sample 57...
Starting computation...
    Computation took 3.394480 s
  Sample 58...
Starting computation...
    Computation took 3.415052 s
  Sample 59...
Starting computation...
    Computation took 3.298555 s
  Sample 60...
Starting computation...
    Computation took 3.258043 s
  Sample 61...
Starting computation...
    Computation took 3.422014 s
  Sample 62...
Starting computation...
    Computation took 3.308340 s
  Sample 63...
Starting computation...
    Computation took 3.338215 s
  Sample 64...
Starting computation...
    Computation took 3.294075 s
  Sample 65...
Starting computation...
    Computation took 3.339238 s
  Sample 66...
Starting computation...
    Computation took 3.504869 s
  Sample 67...
Starting computation...
    Computation took 3.418840 s
  Sample 68...
Starting computation...
    Computation took 3.284400 s
  Sample 69...
Starting computation...
    Computation took 3.301495 s
  Sample 70...
Starting computation...
    Computation took 3.269738 s
  Sample 71...
Starting computation...
    Computation took 3.387317 s
  Sample 72...
Starting computation...
    Computation took 3.346533 s
  Sample 73...
Starting computation...
    Computation took 3.264902 s
  Sample 74...
Starting computation...
    Computation took 3.270324 s
  Sample 75...
Starting computation...
    Computation took 3.331179 s
  Sample 76...
Starting computation...
    Computation took 3.325514 s
  Sample 77...
Starting computation...
    Computation took 3.320910 s
  Sample 78...
Starting computation...
    Computation took 3.302202 s
  Sample 79...
Starting computation...
    Computation took 3.325183 s
  Sample 80...
Starting computation...
    Computation took 3.334849 s
  Sample 81...
Starting computation...
    Computation took 3.250112 s
  Sample 82...
Starting computation...
    Computation took 3.362032 s
  Sample 83...
Starting computation...
    Computation took 3.331807 s
  Sample 84...
Starting computation...
    Computation took 3.315024 s
  Sample 85...
Starting computation...
    Computation took 3.293790 s
  Sample 86...
Starting computation...
    Computation took 3.292470 s
  Sample 87...
Starting computation...
    Computation took 3.264937 s
  Sample 88...
Starting computation...
    Computation took 3.263989 s
  Sample 89...
Starting computation...
    Computation took 3.195433 s
  Sample 90...
Starting computation...
    Computation took 3.380988 s
  Sample 91...
Starting computation...
    Computation took 3.306315 s
  Sample 92...
Starting computation...
    Computation took 3.325137 s
  Sample 93...
Starting computation...
    Computation took 3.398835 s
  Sample 94...
Starting computation...
    Computation took 3.280555 s
  Sample 95...
Starting computation...
    Computation took 3.322095 s
  Sample 96...
Starting computation...
    Computation took 3.283872 s
  Sample 97...
Starting computation...
    Computation took 3.303319 s
  Sample 98...
Starting computation...
    Computation took 3.279252 s
  Sample 99...
Starting computation...
    Computation took 3.271155 s
Mean computation time: 3.330500 s
Mean deviation: 51.157871 ms (1.53604%)
Mean computation time (per hash): 13.009763 ms
Mean deviation (per hash): 199.835000 us
