Using device #0: CUDA Device 'Tesla P100-SXM2-16GB'
  Sample 0...
Starting computation...
    Writing took     1.073290 ms
    Computation took 4.983419 s
    Reading took     44.682000 us
  Sample 1...
Starting computation...
    Writing took     1.073884 ms
    Computation took 4.991424 s
    Reading took     42.518000 us
  Sample 2...
Starting computation...
    Writing took     1.057468 ms
    Computation took 4.994159 s
    Reading took     41.776000 us
  Sample 3...
Starting computation...
    Writing took     1.055611 ms
    Computation took 4.992842 s
    Reading took     42.729000 us
  Sample 4...
Starting computation...
    Writing took     1.079073 ms
    Computation took 4.982372 s
    Reading took     43.064000 us
  Sample 5...
Starting computation...
    Writing took     1.143278 ms
    Computation took 4.988438 s
    Reading took     41.895000 us
  Sample 6...
Starting computation...
    Writing took     1.078231 ms
    Computation took 4.990724 s
    Reading took     42.950000 us
  Sample 7...
Starting computation...
    Writing took     1.082586 ms
    Computation took 4.991773 s
    Reading took     40.643000 us
  Sample 8...
Starting computation...
    Writing took     1.070756 ms
    Computation took 4.996045 s
    Reading took     40.032000 us
  Sample 9...
Starting computation...
    Writing took     1.028114 ms
    Computation took 4.992187 s
    Reading took     41.896000 us
  Sample 10...
Starting computation...
    Writing took     1.081213 ms
    Computation took 4.980335 s
    Reading took     40.021000 us
  Sample 11...
Starting computation...
    Writing took     1.012622 ms
    Computation took 4.996119 s
    Reading took     42.840000 us
  Sample 12...
Starting computation...
    Writing took     1.052796 ms
    Computation took 4.986324 s
    Reading took     42.545000 us
  Sample 13...
Starting computation...
    Writing took     1.100115 ms
    Computation took 4.987252 s
    Reading took     41.432000 us
  Sample 14...
Starting computation...
    Writing took     1.090551 ms
    Computation took 4.996975 s
    Reading took     41.224000 us
  Sample 15...
Starting computation...
    Writing took     1.037398 ms
    Computation took 4.998417 s
    Reading took     43.276000 us
  Sample 16...
Starting computation...
    Writing took     1.063811 ms
    Computation took 4.990532 s
    Reading took     54.582000 us
  Sample 17...
Starting computation...
    Writing took     1.008877 ms
    Computation took 4.996861 s
    Reading took     60.007000 us
  Sample 18...
Starting computation...
    Writing took     1.000390 ms
    Computation took 4.988978 s
    Reading took     41.363000 us
  Sample 19...
Starting computation...
    Writing took     1.090888 ms
    Computation took 4.983975 s
    Reading took     41.295000 us
  Sample 20...
Starting computation...
    Writing took     1.022814 ms
    Computation took 4.983055 s
    Reading took     42.058000 us
  Sample 21...
Starting computation...
    Writing took     1.055838 ms
    Computation took 4.982632 s
    Reading took     42.279000 us
  Sample 22...
Starting computation...
    Writing took     1.095544 ms
    Computation took 4.982882 s
    Reading took     42.200000 us
  Sample 23...
Starting computation...
    Writing took     1.048965 ms
    Computation took 4.988947 s
    Reading took     53.224000 us
  Sample 24...
Starting computation...
    Writing took     1.072455 ms
    Computation took 4.986909 s
    Reading took     42.637000 us
  Sample 25...
Starting computation...
    Writing took     1.116152 ms
    Computation took 4.991530 s
    Reading took     57.423000 us
  Sample 26...
Starting computation...
    Writing took     1.046757 ms
    Computation took 4.988142 s
    Reading took     41.608000 us
  Sample 27...
Starting computation...
    Writing took     1.108257 ms
    Computation took 4.994935 s
    Reading took     43.049000 us
  Sample 28...
Starting computation...
    Writing took     1.056617 ms
    Computation took 4.984419 s
    Reading took     39.666000 us
  Sample 29...
Starting computation...
    Writing took     1.076173 ms
    Computation took 4.981404 s
    Reading took     43.491000 us
  Sample 30...
Starting computation...
    Writing took     1.138389 ms
    Computation took 4.990904 s
    Reading took     40.487000 us
  Sample 31...
Starting computation...
    Writing took     1.148824 ms
    Computation took 4.987963 s
    Reading took     40.101000 us
  Sample 32...
Starting computation...
    Writing took     1.087057 ms
    Computation took 4.998994 s
    Reading took     40.189000 us
  Sample 33...
Starting computation...
    Writing took     1.081054 ms
    Computation took 4.995899 s
    Reading took     50.719000 us
  Sample 34...
Starting computation...
    Writing took     1.319045 ms
    Computation took 4.994461 s
    Reading took     39.807000 us
  Sample 35...
Starting computation...
    Writing took     1.051834 ms
    Computation took 4.995984 s
    Reading took     64.722000 us
  Sample 36...
Starting computation...
    Writing took     1.064410 ms
    Computation took 4.995474 s
    Reading took     42.142000 us
  Sample 37...
Starting computation...
    Writing took     1.077266 ms
    Computation took 4.995306 s
    Reading took     41.583000 us
  Sample 38...
Starting computation...
    Writing took     1.034345 ms
    Computation took 4.990114 s
    Reading took     40.824000 us
  Sample 39...
Starting computation...
    Writing took     1.064105 ms
    Computation took 4.993509 s
    Reading took     41.811000 us
  Sample 40...
Starting computation...
    Writing took     1.098657 ms
    Computation took 4.990917 s
    Reading took     42.155000 us
  Sample 41...
Starting computation...
    Writing took     1.071392 ms
    Computation took 4.990441 s
    Reading took     39.342000 us
  Sample 42...
Starting computation...
    Writing took     1.083678 ms
    Computation took 5.004450 s
    Reading took     39.320000 us
  Sample 43...
Starting computation...
    Writing took     1.172759 ms
    Computation took 5.002759 s
    Reading took     41.158000 us
  Sample 44...
Starting computation...
    Writing took     1.072565 ms
    Computation took 4.989165 s
    Reading took     41.923000 us
  Sample 45...
Starting computation...
    Writing took     1.092438 ms
    Computation took 4.989285 s
    Reading took     39.516000 us
  Sample 46...
Starting computation...
    Writing took     1.052449 ms
    Computation took 4.997948 s
    Reading took     42.910000 us
  Sample 47...
Starting computation...
    Writing took     1.099843 ms
    Computation took 5.000813 s
    Reading took     39.625000 us
  Sample 48...
Starting computation...
    Writing took     1.084860 ms
    Computation took 4.998101 s
    Reading took     41.890000 us
  Sample 49...
Starting computation...
    Writing took     1.085955 ms
    Computation took 4.984036 s
    Reading took     40.764000 us
  Sample 50...
Starting computation...
    Writing took     1.088467 ms
    Computation took 4.984610 s
    Reading took     42.373000 us
  Sample 51...
Starting computation...
    Writing took     1.109601 ms
    Computation took 4.991456 s
    Reading took     41.249000 us
  Sample 52...
Starting computation...
    Writing took     1.094728 ms
    Computation took 4.992926 s
    Reading took     39.637000 us
  Sample 53...
Starting computation...
    Writing took     1.109526 ms
    Computation took 4.987267 s
    Reading took     40.001000 us
  Sample 54...
Starting computation...
    Writing took     1.066812 ms
    Computation took 4.999158 s
    Reading took     39.996000 us
  Sample 55...
Starting computation...
    Writing took     1.084493 ms
    Computation took 4.991989 s
    Reading took     41.895000 us
  Sample 56...
Starting computation...
    Writing took     1.087995 ms
    Computation took 4.997117 s
    Reading took     39.650000 us
  Sample 57...
Starting computation...
    Writing took     1.078972 ms
    Computation took 4.991139 s
    Reading took     41.583000 us
  Sample 58...
Starting computation...
    Writing took     2.027531 ms
    Computation took 4.985329 s
    Reading took     39.664000 us
  Sample 59...
Starting computation...
    Writing took     1.103882 ms
    Computation took 4.987004 s
    Reading took     42.971000 us
  Sample 60...
Starting computation...
    Writing took     1.061883 ms
    Computation took 4.982933 s
    Reading took     41.445000 us
  Sample 61...
Starting computation...
    Writing took     1.088706 ms
    Computation took 4.984254 s
    Reading took     41.998000 us
  Sample 62...
Starting computation...
    Writing took     1.054678 ms
    Computation took 4.982876 s
    Reading took     43.860000 us
  Sample 63...
Starting computation...
    Writing took     1.105260 ms
    Computation took 4.990875 s
    Reading took     42.278000 us
  Sample 64...
Starting computation...
    Writing took     1.067220 ms
    Computation took 4.977147 s
    Reading took     49.090000 us
  Sample 65...
Starting computation...
    Writing took     1.235712 ms
    Computation took 4.982536 s
    Reading took     40.289000 us
  Sample 66...
Starting computation...
    Writing took     1.038933 ms
    Computation took 4.987368 s
    Reading took     39.184000 us
  Sample 67...
Starting computation...
    Writing took     983.546000 us
    Computation took 4.984573 s
    Reading took     39.768000 us
  Sample 68...
Starting computation...
    Writing took     1.050483 ms
    Computation took 4.978988 s
    Reading took     39.792000 us
  Sample 69...
Starting computation...
    Writing took     1.068452 ms
    Computation took 4.985013 s
    Reading took     39.577000 us
  Sample 70...
Starting computation...
    Writing took     981.498000 us
    Computation took 4.980449 s
    Reading took     55.321000 us
  Sample 71...
Starting computation...
    Writing took     1.080652 ms
    Computation took 4.979638 s
    Reading took     41.105000 us
  Sample 72...
Starting computation...
    Writing took     1.018191 ms
    Computation took 4.987461 s
    Reading took     39.752000 us
  Sample 73...
Starting computation...
    Writing took     977.162000 us
    Computation took 4.981907 s
    Reading took     41.941000 us
  Sample 74...
Starting computation...
    Writing took     1.067187 ms
    Computation took 4.980988 s
    Reading took     41.454000 us
  Sample 75...
Starting computation...
    Writing took     1.054631 ms
    Computation took 4.981659 s
    Reading took     42.895000 us
  Sample 76...
Starting computation...
    Writing took     1.061053 ms
    Computation took 4.979908 s
    Reading took     40.489000 us
  Sample 77...
Starting computation...
    Writing took     1.062624 ms
    Computation took 4.981713 s
    Reading took     42.396000 us
  Sample 78...
Starting computation...
    Writing took     1.063462 ms
    Computation took 4.983945 s
    Reading took     42.237000 us
  Sample 79...
Starting computation...
    Writing took     1.066916 ms
    Computation took 4.985165 s
    Reading took     41.822000 us
  Sample 80...
Starting computation...
    Writing took     1.018061 ms
    Computation took 4.983303 s
    Reading took     56.106000 us
  Sample 81...
Starting computation...
    Writing took     1.043798 ms
    Computation took 4.984487 s
    Reading took     41.580000 us
  Sample 82...
Starting computation...
    Writing took     1.051552 ms
    Computation took 4.979526 s
    Reading took     39.121000 us
  Sample 83...
Starting computation...
    Writing took     1.028087 ms
    Computation took 4.980364 s
    Reading took     42.065000 us
  Sample 84...
Starting computation...
    Writing took     1.097634 ms
    Computation took 4.979455 s
    Reading took     41.883000 us
  Sample 85...
Starting computation...
    Writing took     1.064043 ms
    Computation took 4.981683 s
    Reading took     42.117000 us
  Sample 86...
Starting computation...
    Writing took     1.072972 ms
    Computation took 4.980849 s
    Reading took     41.728000 us
  Sample 87...
Starting computation...
    Writing took     1.106687 ms
    Computation took 4.980391 s
    Reading took     41.635000 us
  Sample 88...
Starting computation...
    Writing took     1.055476 ms
    Computation took 4.978370 s
    Reading took     41.841000 us
  Sample 89...
Starting computation...
    Writing took     1.068019 ms
    Computation took 4.984149 s
    Reading took     39.504000 us
  Sample 90...
Starting computation...
    Writing took     1.011250 ms
    Computation took 4.984789 s
    Reading took     39.525000 us
  Sample 91...
Starting computation...
    Writing took     1.082757 ms
    Computation took 4.986990 s
    Reading took     39.637000 us
  Sample 92...
Starting computation...
    Writing took     1.050741 ms
    Computation took 4.989499 s
    Reading took     42.147000 us
  Sample 93...
Starting computation...
    Writing took     1.063375 ms
    Computation took 4.991711 s
    Reading took     38.946000 us
  Sample 94...
Starting computation...
    Writing took     988.571000 us
    Computation took 4.985306 s
    Reading took     41.947000 us
  Sample 95...
Starting computation...
    Writing took     1.051195 ms
    Computation took 4.984695 s
    Reading took     39.798000 us
  Sample 96...
Starting computation...
    Writing took     997.730000 us
    Computation took 4.991494 s
    Reading took     41.517000 us
  Sample 97...
Starting computation...
    Writing took     1.013625 ms
    Computation took 4.993233 s
    Reading took     40.951000 us
  Sample 98...
Starting computation...
    Writing took     1.017929 ms
    Computation took 4.993985 s
    Reading took     39.445000 us
  Sample 99...
Starting computation...
    Writing took     1.027912 ms
    Computation took 4.998069 s
    Reading took     42.074000 us
Mean computation time: 4.988403 s
Mean deviation: 5.294657 ms (0.106139%)
Mean computation time (per hash): 332.560177 ms
Mean deviation (per hash): 352.977000 us
