Using device #0: CUDA Device 'Tesla P100-SXM2-16GB'
  Sample 0...
Starting computation...
    Writing took     1.064190 ms
    Computation took 5.501224 s
    Reading took     45.461000 us
  Sample 1...
Starting computation...
    Writing took     1.088070 ms
    Computation took 5.501020 s
    Reading took     42.200000 us
  Sample 2...
Starting computation...
    Writing took     1.073326 ms
    Computation took 5.500803 s
    Reading took     42.625000 us
  Sample 3...
Starting computation...
    Writing took     1.053253 ms
    Computation took 5.501326 s
    Reading took     39.730000 us
  Sample 4...
Starting computation...
    Writing took     1.017755 ms
    Computation took 5.500582 s
    Reading took     41.299000 us
  Sample 5...
Starting computation...
    Writing took     1.005752 ms
    Computation took 5.500973 s
    Reading took     42.022000 us
  Sample 6...
Starting computation...
    Writing took     1.057200 ms
    Computation took 5.499113 s
    Reading took     40.176000 us
  Sample 7...
Starting computation...
    Writing took     1.030660 ms
    Computation took 5.499132 s
    Reading took     52.469000 us
  Sample 8...
Starting computation...
    Writing took     1.056661 ms
    Computation took 5.497942 s
    Reading took     40.123000 us
  Sample 9...
Starting computation...
    Writing took     1.009008 ms
    Computation took 5.498775 s
    Reading took     41.627000 us
  Sample 10...
Starting computation...
    Writing took     1.063858 ms
    Computation took 5.498303 s
    Reading took     41.091000 us
  Sample 11...
Starting computation...
    Writing took     1.061013 ms
    Computation took 5.498755 s
    Reading took     41.943000 us
  Sample 12...
Starting computation...
    Writing took     1.105350 ms
    Computation took 5.497850 s
    Reading took     41.906000 us
  Sample 13...
Starting computation...
    Writing took     1.086443 ms
    Computation took 5.499702 s
    Reading took     67.147000 us
  Sample 14...
Starting computation...
    Writing took     1.073197 ms
    Computation took 5.499652 s
    Reading took     39.668000 us
  Sample 15...
Starting computation...
    Writing took     1.035449 ms
    Computation took 5.500548 s
    Reading took     39.174000 us
  Sample 16...
Starting computation...
    Writing took     996.417000 us
    Computation took 5.499408 s
    Reading took     51.614000 us
  Sample 17...
Starting computation...
    Writing took     1.077448 ms
    Computation took 5.499999 s
    Reading took     40.492000 us
  Sample 18...
Starting computation...
    Writing took     1.014800 ms
    Computation took 5.499014 s
    Reading took     43.473000 us
  Sample 19...
Starting computation...
    Writing took     1.042825 ms
    Computation took 5.499439 s
    Reading took     40.175000 us
  Sample 20...
Starting computation...
    Writing took     1.018254 ms
    Computation took 5.500530 s
    Reading took     39.134000 us
  Sample 21...
Starting computation...
    Writing took     991.199000 us
    Computation took 5.500945 s
    Reading took     39.097000 us
  Sample 22...
Starting computation...
    Writing took     1.104321 ms
    Computation took 5.499067 s
    Reading took     39.276000 us
  Sample 23...
Starting computation...
    Writing took     1.024064 ms
    Computation took 5.500832 s
    Reading took     40.232000 us
  Sample 24...
Starting computation...
    Writing took     1.022253 ms
    Computation took 5.501121 s
    Reading took     41.403000 us
  Sample 25...
Starting computation...
    Writing took     1.059116 ms
    Computation took 5.500909 s
    Reading took     40.211000 us
  Sample 26...
Starting computation...
    Writing took     1.050612 ms
    Computation took 5.501035 s
    Reading took     42.853000 us
  Sample 27...
Starting computation...
    Writing took     1.112877 ms
    Computation took 5.501278 s
    Reading took     39.603000 us
  Sample 28...
Starting computation...
    Writing took     1.069730 ms
    Computation took 5.502248 s
    Reading took     40.309000 us
  Sample 29...
Starting computation...
    Writing took     1.087795 ms
    Computation took 5.500989 s
    Reading took     42.027000 us
  Sample 30...
Starting computation...
    Writing took     1.033015 ms
    Computation took 5.499796 s
    Reading took     42.761000 us
  Sample 31...
Starting computation...
    Writing took     1.060056 ms
    Computation took 5.499420 s
    Reading took     39.648000 us
  Sample 32...
Starting computation...
    Writing took     1.074317 ms
    Computation took 5.500530 s
    Reading took     39.692000 us
  Sample 33...
Starting computation...
    Writing took     1.026958 ms
    Computation took 5.500487 s
    Reading took     39.043000 us
  Sample 34...
Starting computation...
    Writing took     983.070000 us
    Computation took 5.499690 s
    Reading took     40.255000 us
  Sample 35...
Starting computation...
    Writing took     1.049871 ms
    Computation took 5.499056 s
    Reading took     42.467000 us
  Sample 36...
Starting computation...
    Writing took     1.075222 ms
    Computation took 5.497614 s
    Reading took     42.703000 us
  Sample 37...
Starting computation...
    Writing took     1.078939 ms
    Computation took 5.497659 s
    Reading took     42.645000 us
  Sample 38...
Starting computation...
    Writing took     1.055629 ms
    Computation took 5.499508 s
    Reading took     40.969000 us
  Sample 39...
Starting computation...
    Writing took     1.047116 ms
    Computation took 5.499377 s
    Reading took     40.375000 us
  Sample 40...
Starting computation...
    Writing took     973.286000 us
    Computation took 5.498309 s
    Reading took     42.059000 us
  Sample 41...
Starting computation...
    Writing took     1.071189 ms
    Computation took 5.499212 s
    Reading took     42.807000 us
  Sample 42...
Starting computation...
    Writing took     1.067316 ms
    Computation took 5.499480 s
    Reading took     50.839000 us
  Sample 43...
Starting computation...
    Writing took     1.070716 ms
    Computation took 5.499429 s
    Reading took     39.684000 us
  Sample 44...
Starting computation...
    Writing took     991.918000 us
    Computation took 5.499827 s
    Reading took     40.348000 us
  Sample 45...
Starting computation...
    Writing took     1.001163 ms
    Computation took 5.499461 s
    Reading took     73.323000 us
  Sample 46...
Starting computation...
    Writing took     1.093338 ms
    Computation took 5.498100 s
    Reading took     70.327000 us
  Sample 47...
Starting computation...
    Writing took     1.050373 ms
    Computation took 5.499441 s
    Reading took     50.258000 us
  Sample 48...
Starting computation...
    Writing took     1.081511 ms
    Computation took 5.500478 s
    Reading took     42.742000 us
  Sample 49...
Starting computation...
    Writing took     1.059459 ms
    Computation took 5.499988 s
    Reading took     41.972000 us
  Sample 50...
Starting computation...
    Writing took     1.050523 ms
    Computation took 5.500675 s
    Reading took     40.056000 us
  Sample 51...
Starting computation...
    Writing took     1.023927 ms
    Computation took 5.500097 s
    Reading took     40.661000 us
  Sample 52...
Starting computation...
    Writing took     1.073907 ms
    Computation took 5.499246 s
    Reading took     49.734000 us
  Sample 53...
Starting computation...
    Writing took     1.042144 ms
    Computation took 5.499968 s
    Reading took     42.634000 us
  Sample 54...
Starting computation...
    Writing took     1.083544 ms
    Computation took 5.501498 s
    Reading took     42.585000 us
  Sample 55...
Starting computation...
    Writing took     1.052763 ms
    Computation took 5.501821 s
    Reading took     41.850000 us
  Sample 56...
Starting computation...
    Writing took     1.048225 ms
    Computation took 5.500117 s
    Reading took     43.058000 us
  Sample 57...
Starting computation...
    Writing took     1.081948 ms
    Computation took 5.500389 s
    Reading took     41.869000 us
  Sample 58...
Starting computation...
    Writing took     1.073451 ms
    Computation took 5.501055 s
    Reading took     42.664000 us
  Sample 59...
Starting computation...
    Writing took     1.043690 ms
    Computation took 5.500944 s
    Reading took     50.927000 us
  Sample 60...
Starting computation...
    Writing took     1.055572 ms
    Computation took 5.499259 s
    Reading took     42.339000 us
  Sample 61...
Starting computation...
    Writing took     1.062446 ms
    Computation took 5.498206 s
    Reading took     41.625000 us
  Sample 62...
Starting computation...
    Writing took     1.068204 ms
    Computation took 5.498844 s
    Reading took     40.478000 us
  Sample 63...
Starting computation...
    Writing took     1.030238 ms
    Computation took 5.499851 s
    Reading took     39.597000 us
  Sample 64...
Starting computation...
    Writing took     1.017051 ms
    Computation took 5.498027 s
    Reading took     41.781000 us
  Sample 65...
Starting computation...
    Writing took     1.042854 ms
    Computation took 5.497286 s
    Reading took     39.779000 us
  Sample 66...
Starting computation...
    Writing took     1.013580 ms
    Computation took 5.497943 s
    Reading took     44.032000 us
  Sample 67...
Starting computation...
    Writing took     1.097782 ms
    Computation took 5.497044 s
    Reading took     40.169000 us
  Sample 68...
Starting computation...
    Writing took     1.046093 ms
    Computation took 5.497592 s
    Reading took     42.879000 us
  Sample 69...
Starting computation...
    Writing took     1.073284 ms
    Computation took 5.498382 s
    Reading took     43.079000 us
  Sample 70...
Starting computation...
    Writing took     1.057027 ms
    Computation took 5.498993 s
    Reading took     40.515000 us
  Sample 71...
Starting computation...
    Writing took     1.016332 ms
    Computation took 5.499600 s
    Reading took     40.281000 us
  Sample 72...
Starting computation...
    Writing took     987.832000 us
    Computation took 5.498546 s
    Reading took     42.929000 us
  Sample 73...
Starting computation...
    Writing took     1.084272 ms
    Computation took 5.498126 s
    Reading took     41.668000 us
  Sample 74...
Starting computation...
    Writing took     1.070083 ms
    Computation took 5.499149 s
    Reading took     40.712000 us
  Sample 75...
Starting computation...
    Writing took     1.153550 ms
    Computation took 5.497304 s
    Reading took     43.426000 us
  Sample 76...
Starting computation...
    Writing took     1.098015 ms
    Computation took 5.497578 s
    Reading took     51.426000 us
  Sample 77...
Starting computation...
    Writing took     1.082313 ms
    Computation took 5.499123 s
    Reading took     42.765000 us
  Sample 78...
Starting computation...
    Writing took     1.086159 ms
    Computation took 5.499595 s
    Reading took     41.899000 us
  Sample 79...
Starting computation...
    Writing took     1.121331 ms
    Computation took 5.498304 s
    Reading took     41.928000 us
  Sample 80...
Starting computation...
    Writing took     1.090565 ms
    Computation took 5.496471 s
    Reading took     43.461000 us
  Sample 81...
Starting computation...
    Writing took     1.097517 ms
    Computation took 5.496281 s
    Reading took     42.613000 us
  Sample 82...
Starting computation...
    Writing took     1.058313 ms
    Computation took 5.496837 s
    Reading took     42.407000 us
  Sample 83...
Starting computation...
    Writing took     1.062985 ms
    Computation took 5.496349 s
    Reading took     43.234000 us
  Sample 84...
Starting computation...
    Writing took     1.088351 ms
    Computation took 5.497927 s
    Reading took     42.599000 us
  Sample 85...
Starting computation...
    Writing took     1.090021 ms
    Computation took 5.496939 s
    Reading took     41.733000 us
  Sample 86...
Starting computation...
    Writing took     1.075965 ms
    Computation took 5.500186 s
    Reading took     42.375000 us
  Sample 87...
Starting computation...
    Writing took     1.052364 ms
    Computation took 5.499630 s
    Reading took     42.136000 us
  Sample 88...
Starting computation...
    Writing took     1.057781 ms
    Computation took 5.498699 s
    Reading took     42.727000 us
  Sample 89...
Starting computation...
    Writing took     1.089072 ms
    Computation took 5.499000 s
    Reading took     42.051000 us
  Sample 90...
Starting computation...
    Writing took     1.059650 ms
    Computation took 5.499146 s
    Reading took     42.686000 us
  Sample 91...
Starting computation...
    Writing took     1.073095 ms
    Computation took 5.500353 s
    Reading took     42.541000 us
  Sample 92...
Starting computation...
    Writing took     1.112287 ms
    Computation took 5.500153 s
    Reading took     42.755000 us
  Sample 93...
Starting computation...
    Writing took     1.079073 ms
    Computation took 5.497268 s
    Reading took     52.079000 us
  Sample 94...
Starting computation...
    Writing took     1.166758 ms
    Computation took 5.496872 s
    Reading took     42.795000 us
  Sample 95...
Starting computation...
    Writing took     1.068296 ms
    Computation took 5.497358 s
    Reading took     42.601000 us
  Sample 96...
Starting computation...
    Writing took     1.069738 ms
    Computation took 5.498124 s
    Reading took     41.807000 us
  Sample 97...
Starting computation...
    Writing took     1.073505 ms
    Computation took 5.498025 s
    Reading took     42.521000 us
  Sample 98...
Starting computation...
    Writing took     1.102253 ms
    Computation took 5.497379 s
    Reading took     42.826000 us
  Sample 99...
Starting computation...
    Writing took     1.058117 ms
    Computation took 5.497560 s
    Reading took     43.194000 us
Mean computation time: 5.499245 s
Mean deviation: 1.118582 ms (0.0203406%)
Mean computation time (per hash): 366.616326 ms
Mean deviation (per hash): 74.572000 us
