Using device #0: CUDA Device 'Tesla K20Xm'
  Sample 0...
Starting computation...
    Writing took     365.703000 us
    Computation took 11.172345 s
    Reading took     18.580000 us
  Sample 1...
Starting computation...
    Writing took     315.937000 us
    Computation took 11.172180 s
    Reading took     15.190000 us
  Sample 2...
Starting computation...
    Writing took     313.321000 us
    Computation took 11.172466 s
    Reading took     18.586000 us
  Sample 3...
Starting computation...
    Writing took     351.699000 us
    Computation took 11.172156 s
    Reading took     15.138000 us
  Sample 4...
Starting computation...
    Writing took     319.780000 us
    Computation took 11.172572 s
    Reading took     18.052000 us
  Sample 5...
Starting computation...
    Writing took     396.349000 us
    Computation took 11.172058 s
    Reading took     15.846000 us
  Sample 6...
Starting computation...
    Writing took     308.977000 us
    Computation took 11.172203 s
    Reading took     15.283000 us
  Sample 7...
Starting computation...
    Writing took     312.138000 us
    Computation took 11.172268 s
    Reading took     22.284000 us
  Sample 8...
Starting computation...
    Writing took     348.378000 us
    Computation took 11.172055 s
    Reading took     16.164000 us
  Sample 9...
Starting computation...
    Writing took     347.824000 us
    Computation took 11.172331 s
    Reading took     20.336000 us
  Sample 10...
Starting computation...
    Writing took     357.000000 us
    Computation took 11.172409 s
    Reading took     18.175000 us
  Sample 11...
Starting computation...
    Writing took     393.436000 us
    Computation took 11.172556 s
    Reading took     15.712000 us
  Sample 12...
Starting computation...
    Writing took     307.641000 us
    Computation took 11.172518 s
    Reading took     16.004000 us
  Sample 13...
Starting computation...
    Writing took     325.883000 us
    Computation took 11.172546 s
    Reading took     15.701000 us
  Sample 14...
Starting computation...
    Writing took     318.845000 us
    Computation took 11.172287 s
    Reading took     16.988000 us
  Sample 15...
Starting computation...
    Writing took     360.062000 us
    Computation took 11.172309 s
    Reading took     21.234000 us
  Sample 16...
Starting computation...
    Writing took     475.669000 us
    Computation took 11.172541 s
    Reading took     14.829000 us
  Sample 17...
Starting computation...
    Writing took     310.224000 us
    Computation took 11.172295 s
    Reading took     14.297000 us
  Sample 18...
Starting computation...
    Writing took     290.546000 us
    Computation took 11.172454 s
    Reading took     14.216000 us
  Sample 19...
Starting computation...
    Writing took     291.603000 us
    Computation took 11.172194 s
    Reading took     15.351000 us
  Sample 20...
Starting computation...
    Writing took     308.266000 us
    Computation took 11.173485 s
    Reading took     30.060000 us
  Sample 21...
Starting computation...
    Writing took     690.228000 us
    Computation took 11.172132 s
    Reading took     14.582000 us
  Sample 22...
Starting computation...
    Writing took     290.815000 us
    Computation took 11.172167 s
    Reading took     15.873000 us
  Sample 23...
Starting computation...
    Writing took     304.045000 us
    Computation took 11.172272 s
    Reading took     14.662000 us
  Sample 24...
Starting computation...
    Writing took     331.338000 us
    Computation took 11.172646 s
    Reading took     14.738000 us
  Sample 25...
Starting computation...
    Writing took     286.353000 us
    Computation took 11.172290 s
    Reading took     14.820000 us
  Sample 26...
Starting computation...
    Writing took     285.607000 us
    Computation took 11.172175 s
    Reading took     14.450000 us
  Sample 27...
Starting computation...
    Writing took     292.701000 us
    Computation took 11.172279 s
    Reading took     15.550000 us
  Sample 28...
Starting computation...
    Writing took     303.217000 us
    Computation took 11.172405 s
    Reading took     14.692000 us
  Sample 29...
Starting computation...
    Writing took     286.977000 us
    Computation took 11.172173 s
    Reading took     18.047000 us
  Sample 30...
Starting computation...
    Writing took     402.383000 us
    Computation took 11.172762 s
    Reading took     18.460000 us
  Sample 31...
Starting computation...
    Writing took     416.295000 us
    Computation took 11.172242 s
    Reading took     15.021000 us
  Sample 32...
Starting computation...
    Writing took     303.907000 us
    Computation took 11.172149 s
    Reading took     15.806000 us
  Sample 33...
Starting computation...
    Writing took     305.624000 us
    Computation took 11.172137 s
    Reading took     16.775000 us
  Sample 34...
Starting computation...
    Writing took     336.678000 us
    Computation took 11.172085 s
    Reading took     20.750000 us
  Sample 35...
Starting computation...
    Writing took     337.930000 us
    Computation took 11.172057 s
    Reading took     17.582000 us
  Sample 36...
Starting computation...
    Writing took     381.593000 us
    Computation took 11.172121 s
    Reading took     15.984000 us
  Sample 37...
Starting computation...
    Writing took     343.707000 us
    Computation took 11.172660 s
    Reading took     15.048000 us
  Sample 38...
Starting computation...
    Writing took     302.762000 us
    Computation took 11.172184 s
    Reading took     15.939000 us
  Sample 39...
Starting computation...
    Writing took     325.442000 us
    Computation took 11.172368 s
    Reading took     16.179000 us
  Sample 40...
Starting computation...
    Writing took     342.919000 us
    Computation took 11.172218 s
    Reading took     14.859000 us
  Sample 41...
Starting computation...
    Writing took     309.061000 us
    Computation took 11.172131 s
    Reading took     16.446000 us
  Sample 42...
Starting computation...
    Writing took     351.168000 us
    Computation took 11.172095 s
    Reading took     15.935000 us
  Sample 43...
Starting computation...
    Writing took     314.796000 us
    Computation took 11.172303 s
    Reading took     17.755000 us
  Sample 44...
Starting computation...
    Writing took     378.756000 us
    Computation took 11.172251 s
    Reading took     15.039000 us
  Sample 45...
Starting computation...
    Writing took     303.648000 us
    Computation took 11.172237 s
    Reading took     15.855000 us
  Sample 46...
Starting computation...
    Writing took     304.530000 us
    Computation took 11.172206 s
    Reading took     15.755000 us
  Sample 47...
Starting computation...
    Writing took     305.091000 us
    Computation took 11.172297 s
    Reading took     15.584000 us
  Sample 48...
Starting computation...
    Writing took     304.628000 us
    Computation took 11.172198 s
    Reading took     16.029000 us
  Sample 49...
Starting computation...
    Writing took     324.209000 us
    Computation took 11.172342 s
    Reading took     15.075000 us
  Sample 50...
Starting computation...
    Writing took     304.483000 us
    Computation took 11.172247 s
    Reading took     22.135000 us
  Sample 51...
Starting computation...
    Writing took     337.126000 us
    Computation took 11.172731 s
    Reading took     15.193000 us
  Sample 52...
Starting computation...
    Writing took     305.302000 us
    Computation took 11.171987 s
    Reading took     15.294000 us
  Sample 53...
Starting computation...
    Writing took     303.000000 us
    Computation took 11.172489 s
    Reading took     14.999000 us
  Sample 54...
Starting computation...
    Writing took     315.567000 us
    Computation took 11.172329 s
    Reading took     14.947000 us
  Sample 55...
Starting computation...
    Writing took     303.341000 us
    Computation took 11.172423 s
    Reading took     16.624000 us
  Sample 56...
Starting computation...
    Writing took     314.967000 us
    Computation took 11.172275 s
    Reading took     16.280000 us
  Sample 57...
Starting computation...
    Writing took     341.347000 us
    Computation took 11.172381 s
    Reading took     15.136000 us
  Sample 58...
Starting computation...
    Writing took     320.078000 us
    Computation took 11.172678 s
    Reading took     19.340000 us
  Sample 59...
Starting computation...
    Writing took     390.081000 us
    Computation took 11.172006 s
    Reading took     15.676000 us
  Sample 60...
Starting computation...
    Writing took     324.804000 us
    Computation took 11.172243 s
    Reading took     16.074000 us
  Sample 61...
Starting computation...
    Writing took     302.853000 us
    Computation took 11.172366 s
    Reading took     15.020000 us
  Sample 62...
Starting computation...
    Writing took     310.252000 us
    Computation took 11.172639 s
    Reading took     16.159000 us
  Sample 63...
Starting computation...
    Writing took     303.092000 us
    Computation took 11.172335 s
    Reading took     14.968000 us
  Sample 64...
Starting computation...
    Writing took     304.413000 us
    Computation took 11.172349 s
    Reading took     14.642000 us
  Sample 65...
Starting computation...
    Writing took     314.057000 us
    Computation took 11.172397 s
    Reading took     19.308000 us
  Sample 66...
Starting computation...
    Writing took     325.345000 us
    Computation took 11.172383 s
    Reading took     17.720000 us
  Sample 67...
Starting computation...
    Writing took     337.239000 us
    Computation took 11.172273 s
    Reading took     15.685000 us
  Sample 68...
Starting computation...
    Writing took     304.729000 us
    Computation took 11.172378 s
    Reading took     15.728000 us
  Sample 69...
Starting computation...
    Writing took     329.472000 us
    Computation took 11.172316 s
    Reading took     16.561000 us
  Sample 70...
Starting computation...
    Writing took     354.222000 us
    Computation took 11.172414 s
    Reading took     17.980000 us
  Sample 71...
Starting computation...
    Writing took     381.178000 us
    Computation took 11.172500 s
    Reading took     15.002000 us
  Sample 72...
Starting computation...
    Writing took     304.262000 us
    Computation took 11.172461 s
    Reading took     19.400000 us
  Sample 73...
Starting computation...
    Writing took     388.031000 us
    Computation took 11.172232 s
    Reading took     15.820000 us
  Sample 74...
Starting computation...
    Writing took     344.327000 us
    Computation took 11.172644 s
    Reading took     15.097000 us
  Sample 75...
Starting computation...
    Writing took     308.915000 us
    Computation took 11.172135 s
    Reading took     16.520000 us
  Sample 76...
Starting computation...
    Writing took     341.906000 us
    Computation took 11.172529 s
    Reading took     15.061000 us
  Sample 77...
Starting computation...
    Writing took     309.490000 us
    Computation took 11.172429 s
    Reading took     15.562000 us
  Sample 78...
Starting computation...
    Writing took     315.415000 us
    Computation took 11.172067 s
    Reading took     16.775000 us
  Sample 79...
Starting computation...
    Writing took     342.500000 us
    Computation took 11.171924 s
    Reading took     15.930000 us
  Sample 80...
Starting computation...
    Writing took     341.411000 us
    Computation took 11.172432 s
    Reading took     15.913000 us
  Sample 81...
Starting computation...
    Writing took     315.015000 us
    Computation took 11.172267 s
    Reading took     15.434000 us
  Sample 82...
Starting computation...
    Writing took     303.484000 us
    Computation took 11.172644 s
    Reading took     14.960000 us
  Sample 83...
Starting computation...
    Writing took     304.604000 us
    Computation took 11.172391 s
    Reading took     16.963000 us
  Sample 84...
Starting computation...
    Writing took     309.960000 us
    Computation took 11.172118 s
    Reading took     16.803000 us
  Sample 85...
Starting computation...
    Writing took     342.397000 us
    Computation took 11.172353 s
    Reading took     14.650000 us
  Sample 86...
Starting computation...
    Writing took     309.861000 us
    Computation took 11.172039 s
    Reading took     15.808000 us
  Sample 87...
Starting computation...
    Writing took     345.022000 us
    Computation took 11.172443 s
    Reading took     15.931000 us
  Sample 88...
Starting computation...
    Writing took     341.630000 us
    Computation took 11.172279 s
    Reading took     15.754000 us
  Sample 89...
Starting computation...
    Writing took     343.234000 us
    Computation took 11.172066 s
    Reading took     18.053000 us
  Sample 90...
Starting computation...
    Writing took     357.162000 us
    Computation took 11.172280 s
    Reading took     18.541000 us
  Sample 91...
Starting computation...
    Writing took     353.477000 us
    Computation took 11.172315 s
    Reading took     17.697000 us
  Sample 92...
Starting computation...
    Writing took     383.575000 us
    Computation took 11.172516 s
    Reading took     24.925000 us
  Sample 93...
Starting computation...
    Writing took     340.755000 us
    Computation took 11.172574 s
    Reading took     28.507000 us
  Sample 94...
Starting computation...
    Writing took     335.829000 us
    Computation took 11.172339 s
    Reading took     16.920000 us
  Sample 95...
Starting computation...
    Writing took     338.562000 us
    Computation took 11.172326 s
    Reading took     15.612000 us
  Sample 96...
Starting computation...
    Writing took     312.232000 us
    Computation took 11.172074 s
    Reading took     15.474000 us
  Sample 97...
Starting computation...
    Writing took     304.884000 us
    Computation took 11.172432 s
    Reading took     15.380000 us
  Sample 98...
Starting computation...
    Writing took     313.082000 us
    Computation took 11.172626 s
    Reading took     23.308000 us
  Sample 99...
Starting computation...
    Writing took     349.531000 us
    Computation took 11.172322 s
    Reading took     15.825000 us
Mean computation time: 11.172332 s
Mean deviation: 154.827000 us (0.00138581%)
Mean computation time (per hash): 2.234466 s
Mean deviation (per hash): 30.965000 us
