[libargon2] Selecting best fill_segment implementation...
[libargon2] x86_64: Checking availability... OK!
[libargon2] x86_64: Benchmarking...
[libargon2] x86_64: Benchmark result: 49134
[libargon2] SSE2: Checking availability... OK!
[libargon2] SSE2: Benchmarking...
[libargon2] SSE2: Benchmark result: 42080
[libargon2] SSSE3: Checking availability... OK!
[libargon2] SSSE3: Benchmarking...
[libargon2] SSSE3: Benchmark result: 37765
[libargon2] XOP: Checking availability... FAILED!
[libargon2] AVX2: Checking availability... OK!
[libargon2] AVX2: Benchmarking...
[libargon2] AVX2: Benchmark result: 21430
[libargon2] AVX-512F: Checking availability... OK!
[libargon2] AVX-512F: Benchmarking...
[libargon2] AVX-512F: Benchmark result: 12968
[libargon2] Best implementation: 'AVX-512F' (bench 12968)
  Sample 0...
Starting computation...
    Computation took 9.790279 s
  Sample 1...
Starting computation...
    Computation took 11.797072 s
  Sample 2...
Starting computation...
    Computation took 18.658180 s
  Sample 3...
Starting computation...
    Computation took 9.293270 s
  Sample 4...
Starting computation...
    Computation took 7.918601 s
  Sample 5...
Starting computation...
    Computation took 17.622568 s
  Sample 6...
Starting computation...
    Computation took 13.454066 s
  Sample 7...
Starting computation...
    Computation took 11.144003 s
  Sample 8...
Starting computation...
    Computation took 10.973357 s
  Sample 9...
Starting computation...
    Computation took 9.653702 s
  Sample 10...
Starting computation...
    Computation took 8.308558 s
  Sample 11...
Starting computation...
    Computation took 10.795349 s
  Sample 12...
Starting computation...
    Computation took 11.428934 s
  Sample 13...
Starting computation...
    Computation took 13.758255 s
  Sample 14...
Starting computation...
    Computation took 15.152146 s
  Sample 15...
Starting computation...
    Computation took 13.742649 s
  Sample 16...
Starting computation...
    Computation took 17.497773 s
  Sample 17...
Starting computation...
    Computation took 23.928851 s
  Sample 18...
Starting computation...
    Computation took 15.295486 s
  Sample 19...
Starting computation...
    Computation took 12.561411 s
  Sample 20...
Starting computation...
    Computation took 10.735504 s
  Sample 21...
Starting computation...
    Computation took 17.655454 s
  Sample 22...
Starting computation...
    Computation took 16.253168 s
  Sample 23...
Starting computation...
    Computation took 9.395444 s
  Sample 24...
Starting computation...
    Computation took 10.515033 s
  Sample 25...
Starting computation...
    Computation took 10.968153 s
  Sample 26...
Starting computation...
    Computation took 14.161086 s
  Sample 27...
Starting computation...
    Computation took 16.790978 s
  Sample 28...
Starting computation...
    Computation took 15.805645 s
  Sample 29...
Starting computation...
    Computation took 15.892754 s
  Sample 30...
Starting computation...
    Computation took 10.924910 s
  Sample 31...
Starting computation...
    Computation took 13.731227 s
  Sample 32...
Starting computation...
    Computation took 13.235278 s
  Sample 33...
Starting computation...
    Computation took 14.629748 s
  Sample 34...
Starting computation...
    Computation took 9.695083 s
  Sample 35...
Starting computation...
    Computation took 11.994617 s
  Sample 36...
Starting computation...
    Computation took 10.908166 s
  Sample 37...
Starting computation...
    Computation took 11.643491 s
  Sample 38...
Starting computation...
    Computation took 9.883687 s
  Sample 39...
Starting computation...
    Computation took 9.358397 s
  Sample 40...
Starting computation...
    Computation took 12.451630 s
  Sample 41...
Starting computation...
    Computation took 11.295500 s
  Sample 42...
Starting computation...
    Computation took 12.056018 s
  Sample 43...
Starting computation...
    Computation took 14.083747 s
  Sample 44...
Starting computation...
    Computation took 9.032773 s
  Sample 45...
Starting computation...
    Computation took 19.091925 s
  Sample 46...
Starting computation...
    Computation took 15.772786 s
  Sample 47...
Starting computation...
    Computation took 12.951307 s
  Sample 48...
Starting computation...
    Computation took 9.492233 s
  Sample 49...
Starting computation...
    Computation took 12.050710 s
  Sample 50...
Starting computation...
    Computation took 11.636945 s
  Sample 51...
Starting computation...
    Computation took 18.320890 s
  Sample 52...
Starting computation...
    Computation took 12.584262 s
  Sample 53...
Starting computation...
    Computation took 11.736083 s
  Sample 54...
Starting computation...
    Computation took 14.578976 s
  Sample 55...
Starting computation...
    Computation took 11.378156 s
  Sample 56...
Starting computation...
    Computation took 13.593713 s
  Sample 57...
Starting computation...
    Computation took 8.997156 s
  Sample 58...
Starting computation...
    Computation took 10.632754 s
  Sample 59...
Starting computation...
    Computation took 10.078262 s
  Sample 60...
Starting computation...
    Computation took 16.656433 s
  Sample 61...
Starting computation...
    Computation took 9.296557 s
  Sample 62...
Starting computation...
    Computation took 20.228639 s
  Sample 63...
Starting computation...
    Computation took 12.644668 s
  Sample 64...
Starting computation...
    Computation took 20.106978 s
  Sample 65...
Starting computation...
    Computation took 12.483135 s
  Sample 66...
Starting computation...
    Computation took 9.563419 s
  Sample 67...
Starting computation...
    Computation took 13.565217 s
  Sample 68...
Starting computation...
    Computation took 13.968191 s
  Sample 69...
Starting computation...
    Computation took 10.435980 s
  Sample 70...
Starting computation...
    Computation took 16.531804 s
  Sample 71...
Starting computation...
    Computation took 12.792527 s
  Sample 72...
Starting computation...
    Computation took 12.188349 s
  Sample 73...
Starting computation...
    Computation took 20.909900 s
  Sample 74...
Starting computation...
    Computation took 9.272812 s
  Sample 75...
Starting computation...
    Computation took 13.644849 s
  Sample 76...
Starting computation...
    Computation took 9.045064 s
  Sample 77...
Starting computation...
    Computation took 12.483648 s
  Sample 78...
Starting computation...
    Computation took 10.389377 s
  Sample 79...
Starting computation...
    Computation took 11.927075 s
  Sample 80...
Starting computation...
    Computation took 14.434270 s
  Sample 81...
Starting computation...
    Computation took 10.694542 s
  Sample 82...
Starting computation...
    Computation took 11.465293 s
  Sample 83...
Starting computation...
    Computation took 14.031495 s
  Sample 84...
Starting computation...
    Computation took 11.117754 s
  Sample 85...
Starting computation...
    Computation took 9.835910 s
  Sample 86...
Starting computation...
    Computation took 11.563715 s
  Sample 87...
Starting computation...
    Computation took 16.197854 s
  Sample 88...
Starting computation...
    Computation took 20.017532 s
  Sample 89...
Starting computation...
    Computation took 11.491299 s
  Sample 90...
Starting computation...
    Computation took 10.996821 s
  Sample 91...
Starting computation...
    Computation took 14.521757 s
  Sample 92...
Starting computation...
    Computation took 13.253997 s
  Sample 93...
Starting computation...
    Computation took 8.190113 s
  Sample 94...
Starting computation...
    Computation took 12.590711 s
  Sample 95...
Starting computation...
    Computation took 8.315214 s
  Sample 96...
Starting computation...
    Computation took 15.661242 s
  Sample 97...
Starting computation...
    Computation took 13.214867 s
  Sample 98...
Starting computation...
    Computation took 10.626035 s
  Sample 99...
Starting computation...
    Computation took 11.821277 s
Mean computation time: 12.869445 s
Mean deviation: 2.499129 s (19.4191%)
Mean computation time (per hash): 804.340297 ms
Mean deviation (per hash): 156.195558 ms
